<securityConfig xmlns="http://www.globus.org">
  <authz value="none"/>
</securityConfig>
