<?xml version="1.0" encoding="UTF-8" ?>
<testsuite errors="0" failures="0" hostname="David-Ervins-MacBook-Pro-2.local" name="org.cagrid.tests.data.styles.cacore44.upgrade.from14.SDK44DataServiceUpgradeTest" tests="1" time="151.669" timestamp="2011-09-23T15:49:31">
  <properties>
    <property name="file.encoding.pkg" value="sun.io" />
    <property name="java.home" value="/System/Library/Java/JavaVirtualMachines/1.6.0.jdk/Contents/Home" />
    <property name="env.DISPLAY" value="/tmp/launch-p86Jm1/org.x:0" />
    <property name="sdk44.tests.base.dir" value="/Users/ervin/Projects/caGrid/caGrid-1_5_release/Software/core/integration-tests/projects/sdk44StyleTests" />
    <property name="java.endorsed.dirs" value="/System/Library/Java/JavaVirtualMachines/1.6.0.jdk/Contents/Home/lib/endorsed" />
    <property name="env.LOGNAME" value="ervin" />
    <property name="src.dir" value="/Users/ervin/Projects/caGrid/caGrid-1_5_release/Software/core/integration-tests/projects/sdk44StyleTests/src/java" />
    <property name="sdk.conf.dir" value="/Users/ervin/Projects/caGrid/caGrid-1_5_release/Software/core/integration-tests/projects/sdk44StyleTests/sdk/local-client/conf" />
    <property name="sun.os.patch.level" value="unknown" />
    <property name="java.vendor.url" value="http://www.apple.com/" />
    <property name="java.version" value="1.6.0_24" />
    <property name="env.XTERM_VERSION" value="XTerm(251)" />
    <property name="jikes.class.path" value=":/System/Library/Frameworks/JavaVM.framework/Versions/CurrentJDK/Home/../Classes/alt-rt.jar:/System/Library/Frameworks/JavaVM.framework/Versions/CurrentJDK/Home/../Classes/alt-string.jar:/System/Library/Frameworks/JavaVM.framework/Versions/CurrentJDK/Home/../Classes/charsets.jar:/System/Library/Frameworks/JavaVM.framework/Versions/CurrentJDK/Home/../Classes/classes.jar:/System/Library/Frameworks/JavaVM.framework/Versions/CurrentJDK/Home/../Classes/dt.jar:/System/Library/Frameworks/JavaVM.framework/Versions/CurrentJDK/Home/../Classes/jce.jar:/System/Library/Frameworks/JavaVM.framework/Versions/CurrentJDK/Home/../Classes/jconsole.jar:/System/Library/Frameworks/JavaVM.framework/Versions/CurrentJDK/Home/../Classes/jsse.jar:/System/Library/Frameworks/JavaVM.framework/Versions/CurrentJDK/Home/../Classes/management-agent.jar:/System/Library/Frameworks/JavaVM.framework/Versions/CurrentJDK/Home/../Classes/ui.jar" />
    <property name="test.logs.dir" value="/Users/ervin/Projects/caGrid/caGrid-1_5_release/Software/core/integration-tests/projects/sdk44StyleTests/logs" />
    <property name="env.HOSTTYPE" value="intel-mac" />
    <property name="java.vendor.url.bug" value="http://bugreport.apple.com/" />
    <property name="javadoc.dir" value="/Users/ervin/Projects/caGrid/caGrid-1_5_release/Software/core/integration-tests/projects/sdk44StyleTests/build/javadoc" />
    <property name="sdk.client.dir" value="/Users/ervin/Projects/caGrid/caGrid-1_5_release/Software/core/integration-tests/projects/sdk44StyleTests/sdk/local-client" />
    <property name="user.name" value="ervin" />
    <property name="env.CVS_RSH" value="ssh" />
    <property name="ext.dir" value="/Users/ervin/Projects/caGrid/caGrid-1_5_release/Software/core/integration-tests/projects/sdk44StyleTests/ext" />
    <property name="sun.io.unicode.encoding" value="UnicodeLittle" />
    <property name="sun.jnu.encoding" value="MacRoman" />
    <property name="java.runtime.name" value="Java(TM) SE Runtime Environment" />
    <property name="project.version" value="1.5" />
    <property name="java.specification.name" value="Java Platform API Specification" />
    <property name="ftp.nonProxyHosts" value="local|*.local|169.254/16|*.169.254/16|localhost|*.localhost|127.0.0.1|triadcommunity.org|*.triadcommunity.org|cagrid.org|*.cagrid.org" />
    <property name="user.timezone" value="" />
    <property name="env.MACHTYPE" value="x86_64" />
    <property name="path.separator" value=":" />
    <property name="env.XTERM_SHELL" value="/bin/tcsh" />
    <property name="env.com.apple.java.jvmTask" value="CommandLine_Manual.java" />
    <property name="project.name" value="caGrid-sdkQuery44StyleTests" />
    <property name="file.encoding" value="MacRoman" />
    <property name="junit.results.dir" value="/Users/ervin/Projects/caGrid/caGrid-1_5_release/Software/core/integration-tests/projects/sdk44StyleTests/logs" />
    <property name="env.HOME" value="/Users/ervin" />
    <property name="db.port" value="3306" />
    <property name="temp.test.service.dir" value="/Users/ervin/Projects/caGrid/caGrid-1_5_release/Software/core/integration-tests/projects/sdk44StyleTests/temp" />
    <property name="socksNonProxyHosts" value="local|*.local|169.254/16|*.169.254/16|localhost|*.localhost|127.0.0.1|triadcommunity.org|*.triadcommunity.org|cagrid.org|*.cagrid.org" />
    <property name="ant.file" value="/Users/ervin/Projects/caGrid/caGrid-1_5_release/Software/core/integration-tests/projects/sdk44StyleTests/build.xml" />
    <property name="db.username" value="root" />
    <property name="resources.jar" value="/Users/ervin/Projects/caGrid/caGrid-1_5_release/Software/core/integration-tests/projects/sdk44StyleTests/build/jars/caGrid-sdkQuery44StyleTests-resources-1.5.jar" />
    <property name="java.io.tmpdir" value="/var/folders/M2/M2eLa4tFElelS2p09b6x7U+++TI/-Tmp-/" />
    <property name="TODAY" value="September 23 2011" />
    <property name="user.language" value="en" />
    <property name="upgrade.services.zip.dir" value="/Users/ervin/Projects/caGrid/caGrid-1_5_release/Software/core/integration-tests/projects/sdk44StyleTests/resources/services" />
    <property name="line.separator" value="
" />
    <property name="sdk.temp.dir" value="/Users/ervin/Projects/caGrid/caGrid-1_5_release/Software/core/integration-tests/projects/sdk44StyleTests/temp" />
    <property name="env.ANT_OPTS" value="-Xmx1024m -Xms512m" />
    <property name="introduce.base.dir" value="/Users/ervin/Projects/caGrid/caGrid-1_5_release/Software/core/caGrid/projects/introduce" />
    <property name="db.server" value="localhost" />
    <property name="java.vm.info" value="mixed mode" />
    <property name="java.vm.specification.name" value="Java Virtual Machine Specification" />
    <property name="env.__CF_USER_TEXT_ENCODING" value="0x1F5:0:0" />
    <property name="env.XTERM_LOCALE" value="C" />
    <property name="project.jar" value="/Users/ervin/Projects/caGrid/caGrid-1_5_release/Software/core/integration-tests/projects/sdk44StyleTests/build/jars/caGrid-sdkQuery44StyleTests-1.5.jar" />
    <property name="env.EDITOR" value="nano" />
    <property name="http.nonProxyHosts" value="local|*.local|169.254/16|*.169.254/16|localhost|*.localhost|127.0.0.1|triadcommunity.org|*.triadcommunity.org|cagrid.org|*.cagrid.org" />
    <property name="java.awt.printerjob" value="apple.awt.CPrinterJob" />
    <property name="ant.version" value="Apache Ant version 1.7.1 compiled on June 27 2008" />
    <property name="env.WINDOWID" value="12582925" />
    <property name="env.OSTYPE" value="darwin" />
    <property name="https.proxyPort" value="8888" />
    <property name="gopherProxySet" value="false" />
    <property name="build.dirs" value="/Users/ervin/Projects/caGrid/caGrid-1_5_release/Software/core/integration-tests/projects/sdk44StyleTests/build/classes" />
    <property name="os.name" value="Mac OS X" />
    <property name="java.specification.vendor" value="Sun Microsystems Inc." />
    <property name="mrj.build" value="10M3425" />
    <property name="env.TERM" value="xterm" />
    <property name="java.vm.name" value="Java HotSpot(TM) 64-Bit Server VM" />
    <property name="mrj.version" value="1060.1.6.0_24-334" />
    <property name="testing.port.assignment.mode" value="true" />
    <property name="java.library.path" value=".:/Library/Java/Extensions:/System/Library/Java/Extensions:/usr/lib/java" />
    <property name="env.PATH" value="/Users/ervin/Installs/ant/apache-ant-1.7.1//bin:/opt/local/bin:/opt/local/sbin:/System/Library/Frameworks/JavaVM.framework/Versions/CurrentJDK/Home/bin:/Users/ervin/Installs/ant/apache-ant-1.7.1/bin:/Users/ervin/Installs/ant/apache-ant-1.8.2//bin:/opt/local/bin:/opt/local/sbin:/System/Library/Frameworks/JavaVM.framework/Versions/CurrentJDK/Home/bin:/Users/ervin/Installs/ant/apache-ant-1.7.1/bin:/opt/local/bin:/opt/local/sbin:/System/Library/Frameworks/JavaVM.framework/Versions/CurrentJDK/Home/bin:/Users/ervin/Installs/ant/apache-ant-1.7.1/bin:/usr/bin:/bin:/usr/sbin:/sbin:/usr/local/bin:/usr/X11/bin:/usr/X11/bin" />
    <property name="ant.java.version" value="1.6" />
    <property name="basedir" value="/Users/ervin/Projects/caGrid/caGrid-1_5_release/Software/core/integration-tests/projects/sdk44StyleTests" />
    <property name="java.class.version" value="50.0" />
    <property name="env.SHLVL" value="4" />
    <property name="ant.file.caGrid-sdkQuery44StyleTests" value="/Users/ervin/Projects/caGrid/caGrid-1_5_release/Software/core/integration-tests/projects/sdk44StyleTests/build.xml" />
    <property name="ant.home" value="/Users/ervin/Installs/ant/apache-ant-1.7.1/" />
    <property name="globus.dir" value="/Users/ervin/Installs/globus/ws-core-4.0.3-sha2" />
    <property name="ext.test.lib.dir" value="/Users/ervin/Projects/caGrid/caGrid-1_5_release/Software/core/integration-tests/projects/sdk44StyleTests/ext/dependencies/test/jars" />
    <property name="env.X11_PREFS_DOMAIN" value="org.x.X11" />
    <property name="sun.boot.library.path" value="/System/Library/Java/JavaVirtualMachines/1.6.0.jdk/Contents/Libraries" />
    <property name="build.dir" value="/Users/ervin/Projects/caGrid/caGrid-1_5_release/Software/core/integration-tests/projects/sdk44StyleTests/build" />
    <property name="sun.management.compiler" value="HotSpot 64-Bit Server Compiler" />
    <property name="java.awt.graphicsenv" value="apple.awt.CGraphicsEnvironment" />
    <property name="env.USER" value="ervin" />
    <property name="env.GROUP" value="staff" />
    <property name="http.proxyPort" value="8888" />
    <property name="env.VENDOR" value="apple" />
    <property name="https.proxyHost" value="localhost" />
    <property name="env.COMMAND_MODE" value="unix2003" />
    <property name="jar.dir" value="/Users/ervin/Projects/caGrid/caGrid-1_5_release/Software/core/integration-tests/projects/sdk44StyleTests/build/jars" />
    <property name="ant.file.caGrid-sdk44_data_tests_harness" value="/Users/ervin/Projects/caGrid/caGrid-1_5_release/Software/core/integration-tests/projects/sdk44StyleTests/test.xml" />
    <property name="ant.project.name" value="caGrid-sdkQuery44StyleTests" />
    <property name="ftp.proxyPort" value="8888" />
    <property name="java.vm.specification.version" value="1.0" />
    <property name="env.GLOBUS_LOCATION" value="/Users/ervin/Installs/globus/ws-core-4.0.3-sha2/" />
    <property name="awt.toolkit" value="apple.awt.CToolkit" />
    <property name="sdk.base.dir" value="/Users/ervin/Projects/caGrid/caGrid-1_5_release/Software/core/integration-tests/projects/sdk44StyleTests/ext/dependencies/cacore/unpacked" />
    <property name="sun.cpu.isalist" value="" />
    <property name="testing.containers.dir" value="/Users/ervin/Projects/caGrid/caGrid-1_5_release/Software/core/integration-tests/projects/sdk44StyleTests/ext/dependencies/containers" />
    <property name="java.ext.dirs" value="/Library/Java/Extensions:/System/Library/Java/Extensions:/System/Library/Java/JavaVirtualMachines/1.6.0.jdk/Contents/Home/lib/ext" />
    <property name="os.version" value="10.6.8" />
    <property name="env.HOST" value="David-Ervins-MacBook-Pro-2.local" />
    <property name="user.home" value="/Users/ervin" />
    <property name="java.vm.vendor" value="Apple Inc." />
    <property name="introduce.dir" value="/Users/ervin/Projects/caGrid/caGrid-1_5_release/Software/core/caGrid/projects/introduce" />
    <property name="env.JAVA_HOME" value="/System/Library/Frameworks/JavaVM.framework/Versions/CurrentJDK/Home" />
    <property name="java.source" value="1.6" />
    <property name="user.dir" value="/Users/ervin/Projects/caGrid/caGrid-1_5_release/Software/core/caGrid/projects/introduce" />
    <property name="env.PWD" value="/Users/ervin/Projects/caGrid/caGrid-1_5_release/Software/core/integration-tests/projects/sdk44StyleTests" />
    <property name="sdk.lib.dir" value="/Users/ervin/Projects/caGrid/caGrid-1_5_release/Software/core/integration-tests/projects/sdk44StyleTests/sdk/local-client/lib" />
    <property name="sun.cpu.endian" value="little" />
    <property name="env.TMPDIR" value="/var/folders/M2/M2eLa4tFElelS2p09b6x7U+++TI/-Tmp-/" />
    <property name="env.com.apple.java.jvmMode" value="client" />
    <property name="java.vm.version" value="19.1-b02-334" />
    <property name="java.class.path" value="/Users/ervin/Projects/caGrid/caGrid-1_5_release/Software/core/integration-tests/projects/sdk44StyleTests/build/jars/caGrid-sdkQuery44StyleTests-1.5.jar:/Users/ervin/Projects/caGrid/caGrid-1_5_release/Software/core/integration-tests/projects/sdk44StyleTests/build/jars/caGrid-sdkQuery44StyleTests-resources-1.5.jar:/Users/ervin/Projects/caGrid/caGrid-1_5_release/Software/core/integration-tests/projects/sdk44StyleTests/ext/dependencies/test/jars/antlr-2.7.6.jar:/Users/ervin/Projects/caGrid/caGrid-1_5_release/Software/core/integration-tests/projects/sdk44StyleTests/ext/dependencies/test/jars/caGrid-CQL-cql.1.0-1.5.jar:/Users/ervin/Projects/caGrid/caGrid-1_5_release/Software/core/integration-tests/projects/sdk44StyleTests/ext/dependencies/test/jars/caGrid-CQL-cql.2.0-1.5.jar:/Users/ervin/Projects/caGrid/caGrid-1_5_release/Software/core/integration-tests/projects/sdk44StyleTests/ext/dependencies/test/jars/caGrid-CQL-dcql.2.0-1.5.jar:/Users/ervin/Projects/caGrid/caGrid-1_5_release/Software/core/integration-tests/projects/sdk44StyleTests/ext/dependencies/test/jars/caGrid-CQL-mappings-1.5.jar:/Users/ervin/Projects/caGrid/caGrid-1_5_release/Software/core/integration-tests/projects/sdk44StyleTests/ext/dependencies/test/jars/caGrid-CQL-utils-1.5.jar:/Users/ervin/Projects/caGrid/caGrid-1_5_release/Software/core/integration-tests/projects/sdk44StyleTests/ext/dependencies/test/jars/caGrid-Introduce-core-1.5.jar:/Users/ervin/Projects/caGrid/caGrid-1_5_release/Software/core/integration-tests/projects/sdk44StyleTests/ext/dependencies/test/jars/caGrid-Introduce-core-tests-1.5.jar:/Users/ervin/Projects/caGrid/caGrid-1_5_release/Software/core/integration-tests/projects/sdk44StyleTests/ext/dependencies/test/jars/caGrid-Introduce-portal-1.5.jar:/Users/ervin/Projects/caGrid/caGrid-1_5_release/Software/core/integration-tests/projects/sdk44StyleTests/ext/dependencies/test/jars/caGrid-Introduce-portal-tests-1.5.jar:/Users/ervin/Projects/caGrid/caGrid-1_5_release/Software/core/integration-tests/projects/sdk44StyleTests/ext/dependencies/test/jars/caGrid-Introduce-serviceTools-1.5.jar:/Users/ervin/Projects/caGrid/caGrid-1_5_release/Software/core/integration-tests/projects/sdk44StyleTests/ext/dependencies/test/jars/caGrid-ServiceSecurityProvider-client-1.5.jar:/Users/ervin/Projects/caGrid/caGrid-1_5_release/Software/core/integration-tests/projects/sdk44StyleTests/ext/dependencies/test/jars/caGrid-ServiceSecurityProvider-common-1.5.jar:/Users/ervin/Projects/caGrid/caGrid-1_5_release/Software/core/integration-tests/projects/sdk44StyleTests/ext/dependencies/test/jars/caGrid-ServiceSecurityProvider-service-1.5.jar:/Users/ervin/Projects/caGrid/caGrid-1_5_release/Software/core/integration-tests/projects/sdk44StyleTests/ext/dependencies/test/jars/caGrid-ServiceSecurityProvider-stubs-1.5.jar:/Users/ervin/Projects/caGrid/caGrid-1_5_release/Software/core/integration-tests/projects/sdk44StyleTests/ext/dependencies/test/jars/caGrid-Transfer-client-1.5.jar:/Users/ervin/Projects/caGrid/caGrid-1_5_release/Software/core/integration-tests/projects/sdk44StyleTests/ext/dependencies/test/jars/caGrid-Transfer-common-1.5.jar:/Users/ervin/Projects/caGrid/caGrid-1_5_release/Software/core/integration-tests/projects/sdk44StyleTests/ext/dependencies/test/jars/caGrid-Transfer-service-1.5.jar:/Users/ervin/Projects/caGrid/caGrid-1_5_release/Software/core/integration-tests/projects/sdk44StyleTests/ext/dependencies/test/jars/caGrid-Transfer-stubs-1.5.jar:/Users/ervin/Projects/caGrid/caGrid-1_5_release/Software/core/integration-tests/projects/sdk44StyleTests/ext/dependencies/test/jars/caGrid-advertisement-1.5.jar:/Users/ervin/Projects/caGrid/caGrid-1_5_release/Software/core/integration-tests/projects/sdk44StyleTests/ext/dependencies/test/jars/caGrid-core-1.5.jar:/Users/ervin/Projects/caGrid/caGrid-1_5_release/Software/core/integration-tests/projects/sdk44StyleTests/ext/dependencies/test/jars/caGrid-core-tests-1.5.jar:/Users/ervin/Projects/caGrid/caGrid-1_5_release/Software/core/integration-tests/projects/sdk44StyleTests/ext/dependencies/test/jars/caGrid-data-common-1.5.jar:/Users/ervin/Projects/caGrid/caGrid-1_5_release/Software/core/integration-tests/projects/sdk44StyleTests/ext/dependencies/test/jars/caGrid-data-cql-1.5.jar:/Users/ervin/Projects/caGrid/caGrid-1_5_release/Software/core/integration-tests/projects/sdk44StyleTests/ext/dependencies/test/jars/caGrid-data-service-1.5.jar:/Users/ervin/Projects/caGrid/caGrid-1_5_release/Software/core/integration-tests/projects/sdk44StyleTests/ext/dependencies/test/jars/caGrid-data-stubs-1.5.jar:/Users/ervin/Projects/caGrid/caGrid-1_5_release/Software/core/integration-tests/projects/sdk44StyleTests/ext/dependencies/test/jars/caGrid-data-tools-1.5.jar:/Users/ervin/Projects/caGrid/caGrid-1_5_release/Software/core/integration-tests/projects/sdk44StyleTests/ext/dependencies/test/jars/caGrid-data-utils-1.5.jar:/Users/ervin/Projects/caGrid/caGrid-1_5_release/Software/core/integration-tests/projects/sdk44StyleTests/ext/dependencies/test/jars/caGrid-data-validation-1.5.jar:/Users/ervin/Projects/caGrid/caGrid-1_5_release/Software/core/integration-tests/projects/sdk44StyleTests/ext/dependencies/test/jars/caGrid-dataExtensions-core-1.5.jar:/Users/ervin/Projects/caGrid/caGrid-1_5_release/Software/core/integration-tests/projects/sdk44StyleTests/ext/dependencies/test/jars/caGrid-dataExtensions-sdkstyle-1.5.jar:/Users/ervin/Projects/caGrid/caGrid-1_5_release/Software/core/integration-tests/projects/sdk44StyleTests/ext/dependencies/test/jars/caGrid-dataExtensions-ui-1.5.jar:/Users/ervin/Projects/caGrid/caGrid-1_5_release/Software/core/integration-tests/projects/sdk44StyleTests/ext/dependencies/test/jars/caGrid-dataTests-1.5.jar:/Users/ervin/Projects/caGrid/caGrid-1_5_release/Software/core/integration-tests/projects/sdk44StyleTests/ext/dependencies/test/jars/caGrid-grape-1.5.jar:/Users/ervin/Projects/caGrid/caGrid-1_5_release/Software/core/integration-tests/projects/sdk44StyleTests/ext/dependencies/test/jars/caGrid-grape-resources-1.5.jar:/Users/ervin/Projects/caGrid/caGrid-1_5_release/Software/core/integration-tests/projects/sdk44StyleTests/ext/dependencies/test/jars/caGrid-graph-1.5.jar:/Users/ervin/Projects/caGrid/caGrid-1_5_release/Software/core/integration-tests/projects/sdk44StyleTests/ext/dependencies/test/jars/caGrid-iso21090-domain-model-tools-1.5.jar:/Users/ervin/Projects/caGrid/caGrid-1_5_release/Software/core/integration-tests/projects/sdk44StyleTests/ext/dependencies/test/jars/caGrid-metadata-common-1.5.jar:/Users/ervin/Projects/caGrid/caGrid-1_5_release/Software/core/integration-tests/projects/sdk44StyleTests/ext/dependencies/test/jars/caGrid-metadata-data-1.5.jar:/Users/ervin/Projects/caGrid/caGrid-1_5_release/Software/core/integration-tests/projects/sdk44StyleTests/ext/dependencies/test/jars/caGrid-metadata-security-1.5.jar:/Users/ervin/Projects/caGrid/caGrid-1_5_release/Software/core/integration-tests/projects/sdk44StyleTests/ext/dependencies/test/jars/caGrid-metadatautils-1.5.jar:/Users/ervin/Projects/caGrid/caGrid-1_5_release/Software/core/integration-tests/projects/sdk44StyleTests/ext/dependencies/test/jars/caGrid-mms-stubs-1.5.jar:/Users/ervin/Projects/caGrid/caGrid-1_5_release/Software/core/integration-tests/projects/sdk44StyleTests/ext/dependencies/test/jars/caGrid-sdkQuery44-processor-1.5.jar:/Users/ervin/Projects/caGrid/caGrid-1_5_release/Software/core/integration-tests/projects/sdk44StyleTests/ext/dependencies/test/jars/caGrid-sdkQuery44-style-1.5.jar:/Users/ervin/Projects/caGrid/caGrid-1_5_release/Software/core/integration-tests/projects/sdk44StyleTests/ext/dependencies/test/jars/caGrid-sdkQuery44-test-1.5.jar:/Users/ervin/Projects/caGrid/caGrid-1_5_release/Software/core/integration-tests/projects/sdk44StyleTests/ext/dependencies/test/jars/caGrid-sdkQuery44-translator-1.5.jar:/Users/ervin/Projects/caGrid/caGrid-1_5_release/Software/core/integration-tests/projects/sdk44StyleTests/ext/dependencies/test/jars/caGrid-service-tools-db-1.5.jar:/Users/ervin/Projects/caGrid/caGrid-1_5_release/Software/core/integration-tests/projects/sdk44StyleTests/ext/dependencies/test/jars/caGrid-testUtils-1.5.jar:/Users/ervin/Projects/caGrid/caGrid-1_5_release/Software/core/integration-tests/projects/sdk44StyleTests/ext/dependencies/test/jars/caGrid-testing-core-1.5.jar:/Users/ervin/Projects/caGrid/caGrid-1_5_release/Software/core/integration-tests/projects/sdk44StyleTests/ext/dependencies/test/jars/caGrid-testing-system-1.5.jar:/Users/ervin/Projects/caGrid/caGrid-1_5_release/Software/core/integration-tests/projects/sdk44StyleTests/ext/dependencies/test/jars/caGrid-wsEnum-1.5.jar:/Users/ervin/Projects/caGrid/caGrid-1_5_release/Software/core/integration-tests/projects/sdk44StyleTests/ext/dependencies/test/jars/caGrid-wsEnum-stubs-1.5.jar:/Users/ervin/Projects/caGrid/caGrid-1_5_release/Software/core/integration-tests/projects/sdk44StyleTests/ext/dependencies/test/jars/castor-1.0.2.jar:/Users/ervin/Projects/caGrid/caGrid-1_5_release/Software/core/integration-tests/projects/sdk44StyleTests/ext/dependencies/test/jars/commons-codec-1.3.jar:/Users/ervin/Projects/caGrid/caGrid-1_5_release/Software/core/integration-tests/projects/sdk44StyleTests/ext/dependencies/test/jars/commons-collections-3.2.jar:/Users/ervin/Projects/caGrid/caGrid-1_5_release/Software/core/integration-tests/projects/sdk44StyleTests/ext/dependencies/test/jars/commons-dbcp-1.2.2.jar:/Users/ervin/Projects/caGrid/caGrid-1_5_release/Software/core/integration-tests/projects/sdk44StyleTests/ext/dependencies/test/jars/commons-httpclient-3.0.1.jar:/Users/ervin/Projects/caGrid/caGrid-1_5_release/Software/core/integration-tests/projects/sdk44StyleTests/ext/dependencies/test/jars/commons-logging-1.1.jar:/Users/ervin/Projects/caGrid/caGrid-1_5_release/Software/core/integration-tests/projects/sdk44StyleTests/ext/dependencies/test/jars/commons-pool-1.3.jar:/Users/ervin/Projects/caGrid/caGrid-1_5_release/Software/core/integration-tests/projects/sdk44StyleTests/ext/dependencies/test/jars/gef_modified.jar:/Users/ervin/Projects/caGrid/caGrid-1_5_release/Software/core/integration-tests/projects/sdk44StyleTests/ext/dependencies/test/jars/globus_wsrf_mds_aggregator.jar:/Users/ervin/Projects/caGrid/caGrid-1_5_release/Software/core/integration-tests/projects/sdk44StyleTests/ext/dependencies/test/jars/globus_wsrf_mds_aggregator_stubs.jar:/Users/ervin/Projects/caGrid/caGrid-1_5_release/Software/core/integration-tests/projects/sdk44StyleTests/ext/dependencies/test/jars/globus_wsrf_servicegroup.jar:/Users/ervin/Projects/caGrid/caGrid-1_5_release/Software/core/integration-tests/projects/sdk44StyleTests/ext/dependencies/test/jars/globus_wsrf_servicegroup_stubs.jar:/Users/ervin/Projects/caGrid/caGrid-1_5_release/Software/core/integration-tests/projects/sdk44StyleTests/ext/dependencies/test/jars/jasciidammit-1.1.jar:/Users/ervin/Projects/caGrid/caGrid-1_5_release/Software/core/integration-tests/projects/sdk44StyleTests/ext/dependencies/test/jars/jaxb-api-2.1.jar:/Users/ervin/Projects/caGrid/caGrid-1_5_release/Software/core/integration-tests/projects/sdk44StyleTests/ext/dependencies/test/jars/jaxb-impl-2.1.4.jar:/Users/ervin/Projects/caGrid/caGrid-1_5_release/Software/core/integration-tests/projects/sdk44StyleTests/ext/dependencies/test/jars/jaxb-xjc-2.1.4.jar:/Users/ervin/Projects/caGrid/caGrid-1_5_release/Software/core/integration-tests/projects/sdk44StyleTests/ext/dependencies/test/jars/jaxen-1.1.jar:/Users/ervin/Projects/caGrid/caGrid-1_5_release/Software/core/integration-tests/projects/sdk44StyleTests/ext/dependencies/test/jars/jaxen-core-1.0.jar:/Users/ervin/Projects/caGrid/caGrid-1_5_release/Software/core/integration-tests/projects/sdk44StyleTests/ext/dependencies/test/jars/jaxen-jdom-1.0.jar:/Users/ervin/Projects/caGrid/caGrid-1_5_release/Software/core/integration-tests/projects/sdk44StyleTests/ext/dependencies/test/jars/jaxmejs-0.5.2.jar:/Users/ervin/Projects/caGrid/caGrid-1_5_release/Software/core/integration-tests/projects/sdk44StyleTests/ext/dependencies/test/jars/jdepend-2.7.jar:/Users/ervin/Projects/caGrid/caGrid-1_5_release/Software/core/integration-tests/projects/sdk44StyleTests/ext/dependencies/test/jars/jdom-1.1.jar:/Users/ervin/Projects/caGrid/caGrid-1_5_release/Software/core/integration-tests/projects/sdk44StyleTests/ext/dependencies/test/jars/junit-4.8.2.jar:/Users/ervin/Projects/caGrid/caGrid-1_5_release/Software/core/integration-tests/projects/sdk44StyleTests/ext/dependencies/test/jars/log4j-1.2.14.jar:/Users/ervin/Projects/caGrid/caGrid-1_5_release/Software/core/integration-tests/projects/sdk44StyleTests/ext/dependencies/test/jars/mysql-connector-java-3.0.16-ga-bin.jar:/Users/ervin/Projects/caGrid/caGrid-1_5_release/Software/core/integration-tests/projects/sdk44StyleTests/ext/dependencies/test/jars/relaxngDatatype.jar:/Users/ervin/Projects/caGrid/caGrid-1_5_release/Software/core/integration-tests/projects/sdk44StyleTests/ext/dependencies/test/jars/saxpath-1.0.jar:/Users/ervin/Projects/caGrid/caGrid-1_5_release/Software/core/integration-tests/projects/sdk44StyleTests/ext/dependencies/test/jars/validation-2.0.0.jar:/Users/ervin/Projects/caGrid/caGrid-1_5_release/Software/core/integration-tests/projects/sdk44StyleTests/ext/dependencies/test/jars/xmi.in.out-1.0.jar:/Users/ervin/Projects/caGrid/caGrid-1_5_release/Software/core/integration-tests/projects/sdk44StyleTests/ext/dependencies/test/jars/xsom14.jar:/Users/ervin/Installs/globus/ws-core-4.0.3-sha2/lib/JGlobus-Core-2.0.3.jar:/Users/ervin/Installs/globus/ws-core-4.0.3-sha2/lib/addressing-1.0.jar:/Users/ervin/Installs/globus/ws-core-4.0.3-sha2/lib/axis-url.jar:/Users/ervin/Installs/globus/ws-core-4.0.3-sha2/lib/axis.jar:/Users/ervin/Installs/globus/ws-core-4.0.3-sha2/lib/bcprov-jdk15-145.jar:/Users/ervin/Installs/globus/ws-core-4.0.3-sha2/lib/bootstrap.jar:/Users/ervin/Installs/globus/ws-core-4.0.3-sha2/lib/castor-1.0.2.jar:/Users/ervin/Installs/globus/ws-core-4.0.3-sha2/lib/cog-axis-compat-0.0.1-SNAPSHOT.jar:/Users/ervin/Installs/globus/ws-core-4.0.3-sha2/lib/cog-jglobus-compat-0.0.1-SNAPSHOT.jar:/Users/ervin/Installs/globus/ws-core-4.0.3-sha2/lib/cog-tomcat-compat-0.0.1-SNAPSHOT.jar:/Users/ervin/Installs/globus/ws-core-4.0.3-sha2/lib/commonj.jar:/Users/ervin/Installs/globus/ws-core-4.0.3-sha2/lib/commons-beanutils.jar:/Users/ervin/Installs/globus/ws-core-4.0.3-sha2/lib/commons-cli-2.0.jar:/Users/ervin/Installs/globus/ws-core-4.0.3-sha2/lib/commons-codec-1.3.jar:/Users/ervin/Installs/globus/ws-core-4.0.3-sha2/lib/commons-collections-3.0.jar:/Users/ervin/Installs/globus/ws-core-4.0.3-sha2/lib/commons-digester.jar:/Users/ervin/Installs/globus/ws-core-4.0.3-sha2/lib/commons-discovery.jar:/Users/ervin/Installs/globus/ws-core-4.0.3-sha2/lib/commons-el.jar:/Users/ervin/Installs/globus/ws-core-4.0.3-sha2/lib/commons-io-1.3.2.jar:/Users/ervin/Installs/globus/ws-core-4.0.3-sha2/lib/commons-logging-1.1.jar:/Users/ervin/Installs/globus/ws-core-4.0.3-sha2/lib/concurrent.jar:/Users/ervin/Installs/globus/ws-core-4.0.3-sha2/lib/globus_resolution_service.jar:/Users/ervin/Installs/globus/ws-core-4.0.3-sha2/lib/globus_resolution_stubs_java.jar:/Users/ervin/Installs/globus/ws-core-4.0.3-sha2/lib/globus_resolution_test.jar:/Users/ervin/Installs/globus/ws-core-4.0.3-sha2/lib/globus_transfer_service.jar:/Users/ervin/Installs/globus/ws-core-4.0.3-sha2/lib/globus_transfer_stubs_java.jar:/Users/ervin/Installs/globus/ws-core-4.0.3-sha2/lib/globus_transfer_test.jar:/Users/ervin/Installs/globus/ws-core-4.0.3-sha2/lib/globus_usage_core.jar:/Users/ervin/Installs/globus/ws-core-4.0.3-sha2/lib/globus_usage_packets_common.jar:/Users/ervin/Installs/globus/ws-core-4.0.3-sha2/lib/globus_wsrf_mds_aggregator.jar:/Users/ervin/Installs/globus/ws-core-4.0.3-sha2/lib/globus_wsrf_mds_aggregator_stubs.jar:/Users/ervin/Installs/globus/ws-core-4.0.3-sha2/lib/globus_wsrf_servicegroup.jar:/Users/ervin/Installs/globus/ws-core-4.0.3-sha2/lib/globus_wsrf_servicegroup_stubs.jar:/Users/ervin/Installs/globus/ws-core-4.0.3-sha2/lib/globus_wsrf_tools_test.jar:/Users/ervin/Installs/globus/ws-core-4.0.3-sha2/lib/jasper-compiler-jdt.jar:/Users/ervin/Installs/globus/ws-core-4.0.3-sha2/lib/jasper-compiler.jar:/Users/ervin/Installs/globus/ws-core-4.0.3-sha2/lib/jasper-runtime.jar:/Users/ervin/Installs/globus/ws-core-4.0.3-sha2/lib/jaxrpc.jar:/Users/ervin/Installs/globus/ws-core-4.0.3-sha2/lib/jdom-1.0.jar:/Users/ervin/Installs/globus/ws-core-4.0.3-sha2/lib/jgss.jar:/Users/ervin/Installs/globus/ws-core-4.0.3-sha2/lib/jprov.jar:/Users/ervin/Installs/globus/ws-core-4.0.3-sha2/lib/jsp-api.jar:/Users/ervin/Installs/globus/ws-core-4.0.3-sha2/lib/log4j-1.2.14.jar:/Users/ervin/Installs/globus/ws-core-4.0.3-sha2/lib/mobius_common_client-1.1.jar:/Users/ervin/Installs/globus/ws-core-4.0.3-sha2/lib/mobius_tools-1.1.jar:/Users/ervin/Installs/globus/ws-core-4.0.3-sha2/lib/mysql-connector-java-3.0.16-ga-bin.jar:/Users/ervin/Installs/globus/ws-core-4.0.3-sha2/lib/naming-common.jar:/Users/ervin/Installs/globus/ws-core-4.0.3-sha2/lib/naming-factory-dbcp.jar:/Users/ervin/Installs/globus/ws-core-4.0.3-sha2/lib/naming-factory.jar:/Users/ervin/Installs/globus/ws-core-4.0.3-sha2/lib/naming-java.jar:/Users/ervin/Installs/globus/ws-core-4.0.3-sha2/lib/naming-resources.jar:/Users/ervin/Installs/globus/ws-core-4.0.3-sha2/lib/opensaml.jar:/Users/ervin/Installs/globus/ws-core-4.0.3-sha2/lib/org.springframework.core-3.0.1.RELEASE-A.jar:/Users/ervin/Installs/globus/ws-core-4.0.3-sha2/lib/resolver.jar:/Users/ervin/Installs/globus/ws-core-4.0.3-sha2/lib/saaj.jar:/Users/ervin/Installs/globus/ws-core-4.0.3-sha2/lib/servlet-api.jar:/Users/ervin/Installs/globus/ws-core-4.0.3-sha2/lib/servlet.jar:/Users/ervin/Installs/globus/ws-core-4.0.3-sha2/lib/wsdl4j.jar:/Users/ervin/Installs/globus/ws-core-4.0.3-sha2/lib/wsrf_common.jar:/Users/ervin/Installs/globus/ws-core-4.0.3-sha2/lib/wsrf_core.jar:/Users/ervin/Installs/globus/ws-core-4.0.3-sha2/lib/wsrf_core_registry.jar:/Users/ervin/Installs/globus/ws-core-4.0.3-sha2/lib/wsrf_core_registry_stubs.jar:/Users/ervin/Installs/globus/ws-core-4.0.3-sha2/lib/wsrf_core_samples_authzService.jar:/Users/ervin/Installs/globus/ws-core-4.0.3-sha2/lib/wsrf_core_samples_authzService_stubs.jar:/Users/ervin/Installs/globus/ws-core-4.0.3-sha2/lib/wsrf_core_samples_counter.jar:/Users/ervin/Installs/globus/ws-core-4.0.3-sha2/lib/wsrf_core_samples_counter_stubs.jar:/Users/ervin/Installs/globus/ws-core-4.0.3-sha2/lib/wsrf_core_samples_mgmt.jar:/Users/ervin/Installs/globus/ws-core-4.0.3-sha2/lib/wsrf_core_samples_mgmt_stubs.jar:/Users/ervin/Installs/globus/ws-core-4.0.3-sha2/lib/wsrf_core_stubs.jar:/Users/ervin/Installs/globus/ws-core-4.0.3-sha2/lib/wsrf_provider_jce.jar:/Users/ervin/Installs/globus/ws-core-4.0.3-sha2/lib/wsrf_test.jar:/Users/ervin/Installs/globus/ws-core-4.0.3-sha2/lib/wsrf_test_interop.jar:/Users/ervin/Installs/globus/ws-core-4.0.3-sha2/lib/wsrf_test_interop_stubs.jar:/Users/ervin/Installs/globus/ws-core-4.0.3-sha2/lib/wsrf_test_unit.jar:/Users/ervin/Installs/globus/ws-core-4.0.3-sha2/lib/wsrf_test_unit_stubs.jar:/Users/ervin/Installs/globus/ws-core-4.0.3-sha2/lib/wsrf_tools.jar:/Users/ervin/Installs/globus/ws-core-4.0.3-sha2/lib/wss4j.jar:/Users/ervin/Installs/globus/ws-core-4.0.3-sha2/lib/xalan.jar:/Users/ervin/Installs/globus/ws-core-4.0.3-sha2/lib/xercesImpl.jar:/Users/ervin/Installs/globus/ws-core-4.0.3-sha2/lib/xml-apis.jar:/Users/ervin/Installs/globus/ws-core-4.0.3-sha2/lib/xmlsec.jar:/Users/ervin/Projects/caGrid/caGrid-1_5_release/Software/core/caGrid/projects/introduce/extensions/lib/caGrid-iso21090-analytical-extension-1.5.jar:/Users/ervin/Projects/caGrid/caGrid-1_5_release/Software/core/caGrid/projects/introduce/extensions/lib/caGrid-iso21090-analytical-extension-tests-1.5.jar:/Users/ervin/Projects/caGrid/caGrid-1_5_release/Software/core/caGrid/projects/introduce/extensions/lib/iso-datatypes-2.1.jar:/Users/ervin/Projects/caGrid/caGrid-1_5_release/Software/core/caGrid/projects/introduce/extensions/lib/iso-datatypes-extensions-2.1.jar:/Users/ervin/Projects/caGrid/caGrid-1_5_release/Software/core/caGrid/projects/introduce/extensions/lib/JGlobus-Core-2.0.3.jar:/Users/ervin/Projects/caGrid/caGrid-1_5_release/Software/core/caGrid/projects/introduce/extensions/lib/acegi-security-1.0.7.jar:/Users/ervin/Projects/caGrid/caGrid-1_5_release/Software/core/caGrid/projects/introduce/extensions/lib/activation-1.1.jar:/Users/ervin/Projects/caGrid/caGrid-1_5_release/Software/core/caGrid/projects/introduce/extensions/lib/addressing-1.0.jar:/Users/ervin/Projects/caGrid/caGrid-1_5_release/Software/core/caGrid/projects/introduce/extensions/lib/ant-contrib-1.0b3.jar:/Users/ervin/Projects/caGrid/caGrid-1_5_release/Software/core/caGrid/projects/introduce/extensions/lib/antlr-2.7.6.jar:/Users/ervin/Projects/caGrid/caGrid-1_5_release/Software/core/caGrid/projects/introduce/extensions/lib/aopalliance-1.0.jar:/Users/ervin/Projects/caGrid/caGrid-1_5_release/Software/core/caGrid/projects/introduce/extensions/lib/asm.jar:/Users/ervin/Projects/caGrid/caGrid-1_5_release/Software/core/caGrid/projects/introduce/extensions/lib/axis.jar:/Users/ervin/Projects/caGrid/caGrid-1_5_release/Software/core/caGrid/projects/introduce/extensions/lib/bcprov-jdk15-145.jar:/Users/ervin/Projects/caGrid/caGrid-1_5_release/Software/core/caGrid/projects/introduce/extensions/lib/c3p0-0.9.1.jar:/Users/ervin/Projects/caGrid/caGrid-1_5_release/Software/core/caGrid/projects/introduce/extensions/lib/caGrid-BDT-Remover-extension-1.5.jar:/Users/ervin/Projects/caGrid/caGrid-1_5_release/Software/core/caGrid/projects/introduce/extensions/lib/caGrid-CQL-cql.1.0-1.5.jar:/Users/ervin/Projects/caGrid/caGrid-1_5_release/Software/core/caGrid/projects/introduce/extensions/lib/caGrid-CQL-cql.2.0-1.5.jar:/Users/ervin/Projects/caGrid/caGrid-1_5_release/Software/core/caGrid/projects/introduce/extensions/lib/caGrid-CQL-dcql.2.0-1.5.jar:/Users/ervin/Projects/caGrid/caGrid-1_5_release/Software/core/caGrid/projects/introduce/extensions/lib/caGrid-CQL-mappings-1.5.jar:/Users/ervin/Projects/caGrid/caGrid-1_5_release/Software/core/caGrid/projects/introduce/extensions/lib/caGrid-CQL-utils-1.5.jar:/Users/ervin/Projects/caGrid/caGrid-1_5_release/Software/core/caGrid/projects/introduce/extensions/lib/caGrid-Introduce-buildTools-1.5.jar:/Users/ervin/Projects/caGrid/caGrid-1_5_release/Software/core/caGrid/projects/introduce/extensions/lib/caGrid-Introduce-core-1.5.jar:/Users/ervin/Projects/caGrid/caGrid-1_5_release/Software/core/caGrid/projects/introduce/extensions/lib/caGrid-Introduce-portal-1.5.jar:/Users/ervin/Projects/caGrid/caGrid-1_5_release/Software/core/caGrid/projects/introduce/extensions/lib/caGrid-Introduce-serviceTools-1.5.jar:/Users/ervin/Projects/caGrid/caGrid-1_5_release/Software/core/caGrid/projects/introduce/extensions/lib/caGrid-Introduce-updater-1.5.jar:/Users/ervin/Projects/caGrid/caGrid-1_5_release/Software/core/caGrid/projects/introduce/extensions/lib/caGrid-ServiceSecurityProvider-client-1.5.jar:/Users/ervin/Projects/caGrid/caGrid-1_5_release/Software/core/caGrid/projects/introduce/extensions/lib/caGrid-ServiceSecurityProvider-common-1.5.jar:/Users/ervin/Projects/caGrid/caGrid-1_5_release/Software/core/caGrid/projects/introduce/extensions/lib/caGrid-ServiceSecurityProvider-service-1.5.jar:/Users/ervin/Projects/caGrid/caGrid-1_5_release/Software/core/caGrid/projects/introduce/extensions/lib/caGrid-ServiceSecurityProvider-stubs-1.5.jar:/Users/ervin/Projects/caGrid/caGrid-1_5_release/Software/core/caGrid/projects/introduce/extensions/lib/caGrid-Transfer-client-1.5.jar:/Users/ervin/Projects/caGrid/caGrid-1_5_release/Software/core/caGrid/projects/introduce/extensions/lib/caGrid-Transfer-common-1.5.jar:/Users/ervin/Projects/caGrid/caGrid-1_5_release/Software/core/caGrid/projects/introduce/extensions/lib/caGrid-Transfer-service-1.5.jar:/Users/ervin/Projects/caGrid/caGrid-1_5_release/Software/core/caGrid/projects/introduce/extensions/lib/caGrid-Transfer-stubs-1.5.jar:/Users/ervin/Projects/caGrid/caGrid-1_5_release/Software/core/caGrid/projects/introduce/extensions/lib/caGrid-TransferExtension-1.5.jar:/Users/ervin/Projects/caGrid/caGrid-1_5_release/Software/core/caGrid/projects/introduce/extensions/lib/caGrid-advertisement-1.5.jar:/Users/ervin/Projects/caGrid/caGrid-1_5_release/Software/core/caGrid/projects/introduce/extensions/lib/caGrid-authentication-service-client-1.5.jar:/Users/ervin/Projects/caGrid/caGrid-1_5_release/Software/core/caGrid/projects/introduce/extensions/lib/caGrid-authentication-service-common-1.5.jar:/Users/ervin/Projects/caGrid/caGrid-1_5_release/Software/core/caGrid/projects/introduce/extensions/lib/caGrid-authentication-service-stubs-1.5.jar:/Users/ervin/Projects/caGrid/caGrid-1_5_release/Software/core/caGrid/projects/introduce/extensions/lib/caGrid-caDSR-1.5.jar:/Users/ervin/Projects/caGrid/caGrid-1_5_release/Software/core/caGrid/projects/introduce/extensions/lib/caGrid-caDSR-tests-1.5.jar:/Users/ervin/Projects/caGrid/caGrid-1_5_release/Software/core/caGrid/projects/introduce/extensions/lib/caGrid-cabigextensions-core-1.5.jar:/Users/ervin/Projects/caGrid/caGrid-1_5_release/Software/core/caGrid/projects/introduce/extensions/lib/caGrid-cabigextensions-stubs-1.5.jar:/Users/ervin/Projects/caGrid/caGrid-1_5_release/Software/core/caGrid/projects/introduce/extensions/lib/caGrid-cabigextensions-validator-1.5.jar:/Users/ervin/Projects/caGrid/caGrid-1_5_release/Software/core/caGrid/projects/introduce/extensions/lib/caGrid-cds-client-1.5.jar:/Users/ervin/Projects/caGrid/caGrid-1_5_release/Software/core/caGrid/projects/introduce/extensions/lib/caGrid-cds-common-1.5.jar:/Users/ervin/Projects/caGrid/caGrid-1_5_release/Software/core/caGrid/projects/introduce/extensions/lib/caGrid-cds-stubs-1.5.jar:/Users/ervin/Projects/caGrid/caGrid-1_5_release/Software/core/caGrid/projects/introduce/extensions/lib/caGrid-core-1.5.jar:/Users/ervin/Projects/caGrid/caGrid-1_5_release/Software/core/caGrid/projects/introduce/extensions/lib/caGrid-core-resources-1.5.jar:/Users/ervin/Projects/caGrid/caGrid-1_5_release/Software/core/caGrid/projects/introduce/extensions/lib/caGrid-csm-auth-extension-1.5.jar:/Users/ervin/Projects/caGrid/caGrid-1_5_release/Software/core/caGrid/projects/introduce/extensions/lib/caGrid-csm-auth-extension-Service-1.5.jar:/Users/ervin/Projects/caGrid/caGrid-1_5_release/Software/core/caGrid/projects/introduce/extensions/lib/caGrid-data-common-1.5.jar:/Users/ervin/Projects/caGrid/caGrid-1_5_release/Software/core/caGrid/projects/introduce/extensions/lib/caGrid-data-cql-1.5.jar:/Users/ervin/Projects/caGrid/caGrid-1_5_release/Software/core/caGrid/projects/introduce/extensions/lib/caGrid-data-service-1.5.jar:/Users/ervin/Projects/caGrid/caGrid-1_5_release/Software/core/caGrid/projects/introduce/extensions/lib/caGrid-data-stubs-1.5.jar:/Users/ervin/Projects/caGrid/caGrid-1_5_release/Software/core/caGrid/projects/introduce/extensions/lib/caGrid-data-tools-1.5.jar:/Users/ervin/Projects/caGrid/caGrid-1_5_release/Software/core/caGrid/projects/introduce/extensions/lib/caGrid-data-utils-1.5.jar:/Users/ervin/Projects/caGrid/caGrid-1_5_release/Software/core/caGrid/projects/introduce/extensions/lib/caGrid-data-validation-1.5.jar:/Users/ervin/Projects/caGrid/caGrid-1_5_release/Software/core/caGrid/projects/introduce/extensions/lib/caGrid-dataExtensions-core-1.5.jar:/Users/ervin/Projects/caGrid/caGrid-1_5_release/Software/core/caGrid/projects/introduce/extensions/lib/caGrid-dataExtensions-sdkstyle-1.5.jar:/Users/ervin/Projects/caGrid/caGrid-1_5_release/Software/core/caGrid/projects/introduce/extensions/lib/caGrid-dataExtensions-tests-1.5.jar:/Users/ervin/Projects/caGrid/caGrid-1_5_release/Software/core/caGrid/projects/introduce/extensions/lib/caGrid-dataExtensions-ui-1.5.jar:/Users/ervin/Projects/caGrid/caGrid-1_5_release/Software/core/caGrid/projects/introduce/extensions/lib/caGrid-dataExtensions-upgrades-1.5.jar:/Users/ervin/Projects/caGrid/caGrid-1_5_release/Software/core/caGrid/projects/introduce/extensions/lib/caGrid-dorian-client-1.5.jar:/Users/ervin/Projects/caGrid/caGrid-1_5_release/Software/core/caGrid/projects/introduce/extensions/lib/caGrid-dorian-common-1.5.jar:/Users/ervin/Projects/caGrid/caGrid-1_5_release/Software/core/caGrid/projects/introduce/extensions/lib/caGrid-dorian-stubs-1.2.jar:/Users/ervin/Projects/caGrid/caGrid-1_5_release/Software/core/caGrid/projects/introduce/extensions/lib/caGrid-dorian-stubs-1.5.jar:/Users/ervin/Projects/caGrid/caGrid-1_5_release/Software/core/caGrid/projects/introduce/extensions/lib/caGrid-enforce-auth-extension-1.5.jar:/Users/ervin/Projects/caGrid/caGrid-1_5_release/Software/core/caGrid/projects/introduce/extensions/lib/caGrid-enforce-auth-extension-Service-1.5.jar:/Users/ervin/Projects/caGrid/caGrid-1_5_release/Software/core/caGrid/projects/introduce/extensions/lib/caGrid-gaards-core-1.5.jar:/Users/ervin/Projects/caGrid/caGrid-1_5_release/Software/core/caGrid/projects/introduce/extensions/lib/caGrid-gaards-ui-1.5.jar:/Users/ervin/Projects/caGrid/caGrid-1_5_release/Software/core/caGrid/projects/introduce/extensions/lib/caGrid-gaards-ui-config-1.5.jar:/Users/ervin/Projects/caGrid/caGrid-1_5_release/Software/core/caGrid/projects/introduce/extensions/lib/caGrid-globalModelExchange-client-1.5.jar:/Users/ervin/Projects/caGrid/caGrid-1_5_release/Software/core/caGrid/projects/introduce/extensions/lib/caGrid-globalModelExchange-common-1.5.jar:/Users/ervin/Projects/caGrid/caGrid-1_5_release/Software/core/caGrid/projects/introduce/extensions/lib/caGrid-globalModelExchange-stubs-1.5.jar:/Users/ervin/Projects/caGrid/caGrid-1_5_release/Software/core/caGrid/projects/introduce/extensions/lib/caGrid-globalModelExchange-ui-1.5.jar:/Users/ervin/Projects/caGrid/caGrid-1_5_release/Software/core/caGrid/projects/introduce/extensions/lib/caGrid-globalModelExchange-ui-tests-1.5.jar:/Users/ervin/Projects/caGrid/caGrid-1_5_release/Software/core/caGrid/projects/introduce/extensions/lib/caGrid-grape-1.5.jar:/Users/ervin/Projects/caGrid/caGrid-1_5_release/Software/core/caGrid/projects/introduce/extensions/lib/caGrid-grape-resources-1.5.jar:/Users/ervin/Projects/caGrid/caGrid-1_5_release/Software/core/caGrid/projects/introduce/extensions/lib/caGrid-graph-1.5.jar:/Users/ervin/Projects/caGrid/caGrid-1_5_release/Software/core/caGrid/projects/introduce/extensions/lib/caGrid-gridgrouper-auth-extension-1.5.jar:/Users/ervin/Projects/caGrid/caGrid-1_5_release/Software/core/caGrid/projects/introduce/extensions/lib/caGrid-gridgrouper-auth-extension-Service-1.5.jar:/Users/ervin/Projects/caGrid/caGrid-1_5_release/Software/core/caGrid/projects/introduce/extensions/lib/caGrid-gridgrouper-client-1.5.jar:/Users/ervin/Projects/caGrid/caGrid-1_5_release/Software/core/caGrid/projects/introduce/extensions/lib/caGrid-gridgrouper-common-1.5.jar:/Users/ervin/Projects/caGrid/caGrid-1_5_release/Software/core/caGrid/projects/introduce/extensions/lib/caGrid-gridgrouper-stubs-1.5.jar:/Users/ervin/Projects/caGrid/caGrid-1_5_release/Software/core/caGrid/projects/introduce/extensions/lib/caGrid-gts-client-1.5.jar:/Users/ervin/Projects/caGrid/caGrid-1_5_release/Software/core/caGrid/projects/introduce/extensions/lib/caGrid-gts-common-1.5.jar:/Users/ervin/Projects/caGrid/caGrid-1_5_release/Software/core/caGrid/projects/introduce/extensions/lib/caGrid-gts-stubs-1.5.jar:/Users/ervin/Projects/caGrid/caGrid-1_5_release/Software/core/caGrid/projects/introduce/extensions/lib/caGrid-metadata-common-1.5.jar:/Users/ervin/Projects/caGrid/caGrid-1_5_release/Software/core/caGrid/projects/introduce/extensions/lib/caGrid-metadata-data-1.5.jar:/Users/ervin/Projects/caGrid/caGrid-1_5_release/Software/core/caGrid/projects/introduce/extensions/lib/caGrid-metadata-security-1.5.jar:/Users/ervin/Projects/caGrid/caGrid-1_5_release/Software/core/caGrid/projects/introduce/extensions/lib/caGrid-metadata-validator-1.5.jar:/Users/ervin/Projects/caGrid/caGrid-1_5_release/Software/core/caGrid/projects/introduce/extensions/lib/caGrid-metadatautils-1.5.jar:/Users/ervin/Projects/caGrid/caGrid-1_5_release/Software/core/caGrid/projects/introduce/extensions/lib/caGrid-mms-client-1.5.jar:/Users/ervin/Projects/caGrid/caGrid-1_5_release/Software/core/caGrid/projects/introduce/extensions/lib/caGrid-mms-common-1.5.jar:/Users/ervin/Projects/caGrid/caGrid-1_5_release/Software/core/caGrid/projects/introduce/extensions/lib/caGrid-mms-stubs-1.5.jar:/Users/ervin/Projects/caGrid/caGrid-1_5_release/Software/core/caGrid/projects/introduce/extensions/lib/caGrid-opensaml-1.5.jar:/Users/ervin/Projects/caGrid/caGrid-1_5_release/Software/core/caGrid/projects/introduce/extensions/lib/caGrid-service-webapp-extension-1.5.jar:/Users/ervin/Projects/caGrid/caGrid-1_5_release/Software/core/caGrid/projects/introduce/extensions/lib/caGrid-syncgts-client-1.5.jar:/Users/ervin/Projects/caGrid/caGrid-1_5_release/Software/core/caGrid/projects/introduce/extensions/lib/caGrid-syncgts-common-1.5.jar:/Users/ervin/Projects/caGrid/caGrid-1_5_release/Software/core/caGrid/projects/introduce/extensions/lib/caGrid-syncgts-stubs-1.5.jar:/Users/ervin/Projects/caGrid/caGrid-1_5_release/Software/core/caGrid/projects/introduce/extensions/lib/caGrid-wsEnum-1.5.jar:/Users/ervin/Projects/caGrid/caGrid-1_5_release/Software/core/caGrid/projects/introduce/extensions/lib/caGrid-wsEnum-stubs-1.5.jar:/Users/ervin/Projects/caGrid/caGrid-1_5_release/Software/core/caGrid/projects/introduce/extensions/lib/cadsrapi40-beans.jar:/Users/ervin/Projects/caGrid/caGrid-1_5_release/Software/core/caGrid/projects/introduce/extensions/lib/castor-1.0.2.jar:/Users/ervin/Projects/caGrid/caGrid-1_5_release/Software/core/caGrid/projects/introduce/extensions/lib/cglib-2.1_3.jar:/Users/ervin/Projects/caGrid/caGrid-1_5_release/Software/core/caGrid/projects/introduce/extensions/lib/clm-4.1.jar:/Users/ervin/Projects/caGrid/caGrid-1_5_release/Software/core/caGrid/projects/introduce/extensions/lib/codegen.jar:/Users/ervin/Projects/caGrid/caGrid-1_5_release/Software/core/caGrid/projects/introduce/extensions/lib/cog-axis-compat-0.0.1-SNAPSHOT.jar:/Users/ervin/Projects/caGrid/caGrid-1_5_release/Software/core/caGrid/projects/introduce/extensions/lib/cog-jglobus-compat-0.0.1-SNAPSHOT.jar:/Users/ervin/Projects/caGrid/caGrid-1_5_release/Software/core/caGrid/projects/introduce/extensions/lib/commonj.jar:/Users/ervin/Projects/caGrid/caGrid-1_5_release/Software/core/caGrid/projects/introduce/extensions/lib/commons-beanutils-1.7.0.jar:/Users/ervin/Projects/caGrid/caGrid-1_5_release/Software/core/caGrid/projects/introduce/extensions/lib/commons-beanutils-bean-collections-1.7.0.jar:/Users/ervin/Projects/caGrid/caGrid-1_5_release/Software/core/caGrid/projects/introduce/extensions/lib/commons-beanutils-core-1.7.0.jar:/Users/ervin/Projects/caGrid/caGrid-1_5_release/Software/core/caGrid/projects/introduce/extensions/lib/commons-cli-2.0.jar:/Users/ervin/Projects/caGrid/caGrid-1_5_release/Software/core/caGrid/projects/introduce/extensions/lib/commons-codec-1.3.jar:/Users/ervin/Projects/caGrid/caGrid-1_5_release/Software/core/caGrid/projects/introduce/extensions/lib/commons-collections-3.2.jar:/Users/ervin/Projects/caGrid/caGrid-1_5_release/Software/core/caGrid/projects/introduce/extensions/lib/commons-dbcp-1.2.2.jar:/Users/ervin/Projects/caGrid/caGrid-1_5_release/Software/core/caGrid/projects/introduce/extensions/lib/commons-digester.jar:/Users/ervin/Projects/caGrid/caGrid-1_5_release/Software/core/caGrid/projects/introduce/extensions/lib/commons-discovery-0.4.jar:/Users/ervin/Projects/caGrid/caGrid-1_5_release/Software/core/caGrid/projects/introduce/extensions/lib/commons-httpclient-3.0.1.jar:/Users/ervin/Projects/caGrid/caGrid-1_5_release/Software/core/caGrid/projects/introduce/extensions/lib/commons-io-1.3.2.jar:/Users/ervin/Projects/caGrid/caGrid-1_5_release/Software/core/caGrid/projects/introduce/extensions/lib/commons-lang-2.2.jar:/Users/ervin/Projects/caGrid/caGrid-1_5_release/Software/core/caGrid/projects/introduce/extensions/lib/commons-logging-1.1.jar:/Users/ervin/Projects/caGrid/caGrid-1_5_release/Software/core/caGrid/projects/introduce/extensions/lib/commons-pool-1.3.jar:/Users/ervin/Projects/caGrid/caGrid-1_5_release/Software/core/caGrid/projects/introduce/extensions/lib/concurrent-1.3.4.jar:/Users/ervin/Projects/caGrid/caGrid-1_5_release/Software/core/caGrid/projects/introduce/extensions/lib/concurrent.jar:/Users/ervin/Projects/caGrid/caGrid-1_5_release/Software/core/caGrid/projects/introduce/extensions/lib/csmapi-4.2.jar:/Users/ervin/Projects/caGrid/caGrid-1_5_release/Software/core/caGrid/projects/introduce/extensions/lib/dom4j-1.6.1.jar:/Users/ervin/Projects/caGrid/caGrid-1_5_release/Software/core/caGrid/projects/introduce/extensions/lib/ehcache-1.6.2.jar:/Users/ervin/Projects/caGrid/caGrid-1_5_release/Software/core/caGrid/projects/introduce/extensions/lib/ejb3-persistence.jar:/Users/ervin/Projects/caGrid/caGrid-1_5_release/Software/core/caGrid/projects/introduce/extensions/lib/gef_modified.jar:/Users/ervin/Projects/caGrid/caGrid-1_5_release/Software/core/caGrid/projects/introduce/extensions/lib/globus_resolution_service.jar:/Users/ervin/Projects/caGrid/caGrid-1_5_release/Software/core/caGrid/projects/introduce/extensions/lib/globus_resolution_stubs_java.jar:/Users/ervin/Projects/caGrid/caGrid-1_5_release/Software/core/caGrid/projects/introduce/extensions/lib/globus_resolution_test.jar:/Users/ervin/Projects/caGrid/caGrid-1_5_release/Software/core/caGrid/projects/introduce/extensions/lib/globus_transfer_service.jar:/Users/ervin/Projects/caGrid/caGrid-1_5_release/Software/core/caGrid/projects/introduce/extensions/lib/globus_transfer_stubs_java.jar:/Users/ervin/Projects/caGrid/caGrid-1_5_release/Software/core/caGrid/projects/introduce/extensions/lib/globus_transfer_test.jar:/Users/ervin/Projects/caGrid/caGrid-1_5_release/Software/core/caGrid/projects/introduce/extensions/lib/globus_usage_core.jar:/Users/ervin/Projects/caGrid/caGrid-1_5_release/Software/core/caGrid/projects/introduce/extensions/lib/globus_usage_packets_common.jar:/Users/ervin/Projects/caGrid/caGrid-1_5_release/Software/core/caGrid/projects/introduce/extensions/lib/globus_wsrf_mds_aggregator.jar:/Users/ervin/Projects/caGrid/caGrid-1_5_release/Software/core/caGrid/projects/introduce/extensions/lib/globus_wsrf_mds_aggregator_stubs.jar:/Users/ervin/Projects/caGrid/caGrid-1_5_release/Software/core/caGrid/projects/introduce/extensions/lib/globus_wsrf_servicegroup.jar:/Users/ervin/Projects/caGrid/caGrid-1_5_release/Software/core/caGrid/projects/introduce/extensions/lib/globus_wsrf_servicegroup_stubs.jar:/Users/ervin/Projects/caGrid/caGrid-1_5_release/Software/core/caGrid/projects/introduce/extensions/lib/globus_wsrf_tools_test.jar:/Users/ervin/Projects/caGrid/caGrid-1_5_release/Software/core/caGrid/projects/introduce/extensions/lib/grouper.jar:/Users/ervin/Projects/caGrid/caGrid-1_5_release/Software/core/caGrid/projects/introduce/extensions/lib/hibernate-annotations.jar:/Users/ervin/Projects/caGrid/caGrid-1_5_release/Software/core/caGrid/projects/introduce/extensions/lib/hibernate-commons-annotations.jar:/Users/ervin/Projects/caGrid/caGrid-1_5_release/Software/core/caGrid/projects/introduce/extensions/lib/hibernate3.jar:/Users/ervin/Projects/caGrid/caGrid-1_5_release/Software/core/caGrid/projects/introduce/extensions/lib/ivy-2.1.0.jar:/Users/ervin/Projects/caGrid/caGrid-1_5_release/Software/core/caGrid/projects/introduce/extensions/lib/jakarta-oro-2.0.8.jar:/Users/ervin/Projects/caGrid/caGrid-1_5_release/Software/core/caGrid/projects/introduce/extensions/lib/jasciidammit-1.1.jar:/Users/ervin/Projects/caGrid/caGrid-1_5_release/Software/core/caGrid/projects/introduce/extensions/lib/jaxb-api-2.1.jar:/Users/ervin/Projects/caGrid/caGrid-1_5_release/Software/core/caGrid/projects/introduce/extensions/lib/jaxb-impl-2.1.4.jar:/Users/ervin/Projects/caGrid/caGrid-1_5_release/Software/core/caGrid/projects/introduce/extensions/lib/jaxen-1.1.jar:/Users/ervin/Projects/caGrid/caGrid-1_5_release/Software/core/caGrid/projects/introduce/extensions/lib/jaxmejs-0.5.2.jar:/Users/ervin/Projects/caGrid/caGrid-1_5_release/Software/core/caGrid/projects/introduce/extensions/lib/jaxrpc.jar:/Users/ervin/Projects/caGrid/caGrid-1_5_release/Software/core/caGrid/projects/introduce/extensions/lib/jcalendar.jar:/Users/ervin/Projects/caGrid/caGrid-1_5_release/Software/core/caGrid/projects/introduce/extensions/lib/jdom-1.1.jar:/Users/ervin/Projects/caGrid/caGrid-1_5_release/Software/core/caGrid/projects/introduce/extensions/lib/jdtcore.jar:/Users/ervin/Projects/caGrid/caGrid-1_5_release/Software/core/caGrid/projects/introduce/extensions/lib/jetc-task.jar:/Users/ervin/Projects/caGrid/caGrid-1_5_release/Software/core/caGrid/projects/introduce/extensions/lib/jhall.jar:/Users/ervin/Projects/caGrid/caGrid-1_5_release/Software/core/caGrid/projects/introduce/extensions/lib/jprov.jar:/Users/ervin/Projects/caGrid/caGrid-1_5_release/Software/core/caGrid/projects/introduce/extensions/lib/jsr173_1.0_api.jar:/Users/ervin/Projects/caGrid/caGrid-1_5_release/Software/core/caGrid/projects/introduce/extensions/lib/jta-1.0.1B.jar:/Users/ervin/Projects/caGrid/caGrid-1_5_release/Software/core/caGrid/projects/introduce/extensions/lib/jtds-1.2.jar:/Users/ervin/Projects/caGrid/caGrid-1_5_release/Software/core/caGrid/projects/introduce/extensions/lib/log4j-1.2.14.jar:/Users/ervin/Projects/caGrid/caGrid-1_5_release/Software/core/caGrid/projects/introduce/extensions/lib/mobius_common_client-1.1.jar:/Users/ervin/Projects/caGrid/caGrid-1_5_release/Software/core/caGrid/projects/introduce/extensions/lib/mysql-connector-java-3.0.16-ga-bin.jar:/Users/ervin/Projects/caGrid/caGrid-1_5_release/Software/core/caGrid/projects/introduce/extensions/lib/naming-common.jar:/Users/ervin/Projects/caGrid/caGrid-1_5_release/Software/core/caGrid/projects/introduce/extensions/lib/naming-factory.jar:/Users/ervin/Projects/caGrid/caGrid-1_5_release/Software/core/caGrid/projects/introduce/extensions/lib/naming-java.jar:/Users/ervin/Projects/caGrid/caGrid-1_5_release/Software/core/caGrid/projects/introduce/extensions/lib/naming-resources.jar:/Users/ervin/Projects/caGrid/caGrid-1_5_release/Software/core/caGrid/projects/introduce/extensions/lib/opensaml.jar:/Users/ervin/Projects/caGrid/caGrid-1_5_release/Software/core/caGrid/projects/introduce/extensions/lib/org.springframework.aop-3.0.1.RELEASE-A.jar:/Users/ervin/Projects/caGrid/caGrid-1_5_release/Software/core/caGrid/projects/introduce/extensions/lib/org.springframework.asm-3.0.1.RELEASE-A.jar:/Users/ervin/Projects/caGrid/caGrid-1_5_release/Software/core/caGrid/projects/introduce/extensions/lib/org.springframework.aspects-3.0.1.RELEASE-A.jar:/Users/ervin/Projects/caGrid/caGrid-1_5_release/Software/core/caGrid/projects/introduce/extensions/lib/org.springframework.beans-3.0.1.RELEASE-A.jar:/Users/ervin/Projects/caGrid/caGrid-1_5_release/Software/core/caGrid/projects/introduce/extensions/lib/org.springframework.context-3.0.1.RELEASE-A.jar:/Users/ervin/Projects/caGrid/caGrid-1_5_release/Software/core/caGrid/projects/introduce/extensions/lib/org.springframework.context.support-3.0.1.RELEASE-A.jar:/Users/ervin/Projects/caGrid/caGrid-1_5_release/Software/core/caGrid/projects/introduce/extensions/lib/org.springframework.core-3.0.1.RELEASE-A.jar:/Users/ervin/Projects/caGrid/caGrid-1_5_release/Software/core/caGrid/projects/introduce/extensions/lib/org.springframework.expression-3.0.1.RELEASE-A.jar:/Users/ervin/Projects/caGrid/caGrid-1_5_release/Software/core/caGrid/projects/introduce/extensions/lib/org.springframework.instrument-3.0.1.RELEASE-A.jar:/Users/ervin/Projects/caGrid/caGrid-1_5_release/Software/core/caGrid/projects/introduce/extensions/lib/org.springframework.instrument.tomcat-3.0.1.RELEASE-A.jar:/Users/ervin/Projects/caGrid/caGrid-1_5_release/Software/core/caGrid/projects/introduce/extensions/lib/org.springframework.jdbc-3.0.1.RELEASE-A.jar:/Users/ervin/Projects/caGrid/caGrid-1_5_release/Software/core/caGrid/projects/introduce/extensions/lib/org.springframework.jms-3.0.1.RELEASE-A.jar:/Users/ervin/Projects/caGrid/caGrid-1_5_release/Software/core/caGrid/projects/introduce/extensions/lib/org.springframework.orm-3.0.1.RELEASE-A.jar:/Users/ervin/Projects/caGrid/caGrid-1_5_release/Software/core/caGrid/projects/introduce/extensions/lib/org.springframework.oxm-3.0.1.RELEASE-A.jar:/Users/ervin/Projects/caGrid/caGrid-1_5_release/Software/core/caGrid/projects/introduce/extensions/lib/org.springframework.test-3.0.1.RELEASE-A.jar:/Users/ervin/Projects/caGrid/caGrid-1_5_release/Software/core/caGrid/projects/introduce/extensions/lib/org.springframework.transaction-3.0.1.RELEASE-A.jar:/Users/ervin/Projects/caGrid/caGrid-1_5_release/Software/core/caGrid/projects/introduce/extensions/lib/org.springframework.web-3.0.1.RELEASE-A.jar:/Users/ervin/Projects/caGrid/caGrid-1_5_release/Software/core/caGrid/projects/introduce/extensions/lib/org.springframework.web.portlet-3.0.1.RELEASE-A.jar:/Users/ervin/Projects/caGrid/caGrid-1_5_release/Software/core/caGrid/projects/introduce/extensions/lib/org.springframework.web.servlet-3.0.1.RELEASE-A.jar:/Users/ervin/Projects/caGrid/caGrid-1_5_release/Software/core/caGrid/projects/introduce/extensions/lib/org.springframework.web.struts-3.0.1.RELEASE-A.jar:/Users/ervin/Projects/caGrid/caGrid-1_5_release/Software/core/caGrid/projects/introduce/extensions/lib/osgi.jar:/Users/ervin/Projects/caGrid/caGrid-1_5_release/Software/core/caGrid/projects/introduce/extensions/lib/relaxngDatatype.jar:/Users/ervin/Projects/caGrid/caGrid-1_5_release/Software/core/caGrid/projects/introduce/extensions/lib/resolver.jar:/Users/ervin/Projects/caGrid/caGrid-1_5_release/Software/core/caGrid/projects/introduce/extensions/lib/resources.jar:/Users/ervin/Projects/caGrid/caGrid-1_5_release/Software/core/caGrid/projects/introduce/extensions/lib/runtime.jar:/Users/ervin/Projects/caGrid/caGrid-1_5_release/Software/core/caGrid/projects/introduce/extensions/lib/saaj.jar:/Users/ervin/Projects/caGrid/caGrid-1_5_release/Software/core/caGrid/projects/introduce/extensions/lib/sdk-client-framework.jar:/Users/ervin/Projects/caGrid/caGrid-1_5_release/Software/core/caGrid/projects/introduce/extensions/lib/subject-0.2.1.jar:/Users/ervin/Projects/caGrid/caGrid-1_5_release/Software/core/caGrid/projects/introduce/extensions/lib/validation-2.0.0.jar:/Users/ervin/Projects/caGrid/caGrid-1_5_release/Software/core/caGrid/projects/introduce/extensions/lib/wizard-0.1.12.jar:/Users/ervin/Projects/caGrid/caGrid-1_5_release/Software/core/caGrid/projects/introduce/extensions/lib/wsdl4j.jar:/Users/ervin/Projects/caGrid/caGrid-1_5_release/Software/core/caGrid/projects/introduce/extensions/lib/wsrf_common.jar:/Users/ervin/Projects/caGrid/caGrid-1_5_release/Software/core/caGrid/projects/introduce/extensions/lib/wsrf_core.jar:/Users/ervin/Projects/caGrid/caGrid-1_5_release/Software/core/caGrid/projects/introduce/extensions/lib/wsrf_core_registry.jar:/Users/ervin/Projects/caGrid/caGrid-1_5_release/Software/core/caGrid/projects/introduce/extensions/lib/wsrf_core_registry_stubs.jar:/Users/ervin/Projects/caGrid/caGrid-1_5_release/Software/core/caGrid/projects/introduce/extensions/lib/wsrf_core_samples_authzService.jar:/Users/ervin/Projects/caGrid/caGrid-1_5_release/Software/core/caGrid/projects/introduce/extensions/lib/wsrf_core_samples_authzService_stubs.jar:/Users/ervin/Projects/caGrid/caGrid-1_5_release/Software/core/caGrid/projects/introduce/extensions/lib/wsrf_core_samples_counter.jar:/Users/ervin/Projects/caGrid/caGrid-1_5_release/Software/core/caGrid/projects/introduce/extensions/lib/wsrf_core_samples_counter_stubs.jar:/Users/ervin/Projects/caGrid/caGrid-1_5_release/Software/core/caGrid/projects/introduce/extensions/lib/wsrf_core_samples_mgmt.jar:/Users/ervin/Projects/caGrid/caGrid-1_5_release/Software/core/caGrid/projects/introduce/extensions/lib/wsrf_core_samples_mgmt_stubs.jar:/Users/ervin/Projects/caGrid/caGrid-1_5_release/Software/core/caGrid/projects/introduce/extensions/lib/wsrf_core_stubs.jar:/Users/ervin/Projects/caGrid/caGrid-1_5_release/Software/core/caGrid/projects/introduce/extensions/lib/wsrf_provider_jce.jar:/Users/ervin/Projects/caGrid/caGrid-1_5_release/Software/core/caGrid/projects/introduce/extensions/lib/wsrf_test.jar:/Users/ervin/Projects/caGrid/caGrid-1_5_release/Software/core/caGrid/projects/introduce/extensions/lib/wsrf_test_interop.jar:/Users/ervin/Projects/caGrid/caGrid-1_5_release/Software/core/caGrid/projects/introduce/extensions/lib/wsrf_test_interop_stubs.jar:/Users/ervin/Projects/caGrid/caGrid-1_5_release/Software/core/caGrid/projects/introduce/extensions/lib/wsrf_test_unit.jar:/Users/ervin/Projects/caGrid/caGrid-1_5_release/Software/core/caGrid/projects/introduce/extensions/lib/wsrf_test_unit_stubs.jar:/Users/ervin/Projects/caGrid/caGrid-1_5_release/Software/core/caGrid/projects/introduce/extensions/lib/wsrf_tools.jar:/Users/ervin/Projects/caGrid/caGrid-1_5_release/Software/core/caGrid/projects/introduce/extensions/lib/wss4j.jar:/Users/ervin/Projects/caGrid/caGrid-1_5_release/Software/core/caGrid/projects/introduce/extensions/lib/xalan.jar:/Users/ervin/Projects/caGrid/caGrid-1_5_release/Software/core/caGrid/projects/introduce/extensions/lib/xercesImpl.jar:/Users/ervin/Projects/caGrid/caGrid-1_5_release/Software/core/caGrid/projects/introduce/extensions/lib/xml-apis.jar:/Users/ervin/Projects/caGrid/caGrid-1_5_release/Software/core/caGrid/projects/introduce/extensions/lib/xmlsec-1.4.0.jar:/Users/ervin/Projects/caGrid/caGrid-1_5_release/Software/core/caGrid/projects/introduce/extensions/lib/xsom14.jar:/Users/ervin/Installs/ant/apache-ant-1.7.1/lib/ant-launcher.jar:/Users/ervin/Installs/ant/apache-ant-1.7.1/lib/ant.jar:/Users/ervin/Installs/ant/apache-ant-1.7.1/lib/ant-junit.jar" />
    <property name="DSTAMP" value="20110923" />
    <property name="ant.library.dir" value="/Users/ervin/Installs/ant/apache-ant-1.7.1//lib" />
    <property name="os.arch" value="x86_64" />
    <property name="http.proxyHost" value="localhost" />
    <property name="env.Apple_PubSub_Socket_Render" value="/tmp/launch-goK2fm/Render" />
    <property name="sdk.zip.file" value="/Users/ervin/Projects/caGrid/caGrid-1_5_release/Software/core/integration-tests/projects/sdk44StyleTests/ext/dependencies/cacore/SDK-bin-4.4.zip" />
    <property name="sun.java.launcher" value="SUN_STANDARD" />
    <property name="classes.dir" value="/Users/ervin/Projects/caGrid/caGrid-1_5_release/Software/core/integration-tests/projects/sdk44StyleTests/build/classes" />
    <property name="db.driver" value="com.mysql.jdbc.Driver" />
    <property name="ant.core.lib" value="/Users/ervin/Installs/ant/apache-ant-1.7.1/lib/ant.jar" />
    <property name="ftp.proxyHost" value="localhost" />
    <property name="java.vm.specification.vendor" value="Sun Microsystems Inc." />
    <property name="TSTAMP" value="1149" />
    <property name="file.separator" value="/" />
    <property name="java.runtime.version" value="1.6.0_24-b07-334-10M3425" />
    <property name="env.SSH_AUTH_SOCK" value="/tmp/launch-vWyEtK/Listeners" />
    <property name="sun.boot.class.path" value="/System/Library/Java/JavaVirtualMachines/1.6.0.jdk/Contents/Classes/jsfd.jar:/System/Library/Java/JavaVirtualMachines/1.6.0.jdk/Contents/Classes/classes.jar:/System/Library/Frameworks/JavaVM.framework/Frameworks/JavaRuntimeSupport.framework/Resources/Java/JavaRuntimeSupport.jar:/System/Library/Java/JavaVirtualMachines/1.6.0.jdk/Contents/Classes/ui.jar:/System/Library/Java/JavaVirtualMachines/1.6.0.jdk/Contents/Classes/laf.jar:/System/Library/Java/JavaVirtualMachines/1.6.0.jdk/Contents/Classes/sunrsasign.jar:/System/Library/Java/JavaVirtualMachines/1.6.0.jdk/Contents/Classes/jsse.jar:/System/Library/Java/JavaVirtualMachines/1.6.0.jdk/Contents/Classes/jce.jar:/System/Library/Java/JavaVirtualMachines/1.6.0.jdk/Contents/Classes/charsets.jar" />
    <property name="env.JAVA_MAIN_CLASS_16073" value="org.apache.tools.ant.launch.Launcher" />
    <property name="db.password" value="" />
    <property name="env.ANT_HOME" value="/Users/ervin/Installs/ant/apache-ant-1.7.1/" />
    <property name="user.country" value="US" />
    <property name="env.SHELL" value="/bin/tcsh" />
    <property name="env.REMOTEHOST" value="" />
    <property name="java.vendor" value="Apple Inc." />
    <property name="awt.nativeDoubleBuffering" value="true" />
    <property name="java.specification.version" value="1.6" />
    <property name="env.CATALINA_HOME" value="/Users/ervin/Installs/tomcat/apache-tomcat-5.5.27/" />
    <property name="db.schema.name" value="sdk44_with_iso" />
    <property name="sun.arch.data.model" value="64" />
  </properties>
  <testcase classname="org.cagrid.tests.data.styles.cacore44.upgrade.from14.SDK44DataServiceUpgradeTest" name="runBare" time="151.545" />
  <system-out><![CDATA[
===============================================
STORY: org.cagrid.tests.data.styles.cacore44.upgrade.from14.SDK44DataServiceUpgradeTest
STORY: org.cagrid.tests.data.styles.cacore44.upgrade.from14.SDK44DataServiceUpgradeTest setting up

> DeleteOldServiceStep (org.cagrid.tests.data.styles.cacore44.upgrade.from14.SDK44DataServiceUpgradeTest)

Service dir /Users/ervin/Projects/caGrid/caGrid-1_5_release/Software/core/integration-tests/projects/sdk44StyleTests/temp/DataServiceWithSdk44 did not exist...

> UnpackOldServiceStep (org.cagrid.tests.data.styles.cacore44.upgrade.from14.SDK44DataServiceUpgradeTest)


> UpgradeIntroduceServiceStep (org.cagrid.tests.data.styles.cacore44.upgrade.from14.SDK44DataServiceUpgradeTest)

[main] INFO  upgrade.UpgradeManager  - Creating backup of service prior to upgrading.
[main] INFO  common.ModelUpgraderBase  - Upgrading introduce model from Version 1.4 to Version 1.5
[main] WARN  utils.JavaUtils  - Unable to find required classes (javax.activation.DataHandler and javax.mail.internet.MimeMultipart). Attachment support is disabled.
[main] INFO  x.IntroduceUpgraderBase  - Upgrading Introduce Service From Version 1.4 to Version 1.5
[main] INFO  grape.ConfigurationManager  - Loading configuration for Portal Configuration from /Users/ervin/.cagrid/grape/introducePortal-conf.xml
[main] INFO  grape.ConfigurationManager  - Loading configuration for Service Creation Defaults from /Users/ervin/.cagrid/grape/introduceServiceDefaults-conf.xml
[main] INFO  grape.ConfigurationManager  - Loading configuration for Global Extension Properties from /Users/ervin/.cagrid/grape/introduceGlobalExtensionProperties-conf.xml
[main] INFO  extension.ExtensionsLoader  - Loading extension: /Users/ervin/Projects/caGrid/caGrid-1_5_release/Software/core/caGrid/projects/introduce/./extensions/bdt/extension.xml
[main] INFO  extension.ExtensionsLoader  - Loading extension: /Users/ervin/Projects/caGrid/caGrid-1_5_release/Software/core/caGrid/projects/introduce/./extensions/caDSR-discovery/extension.xml
[main] INFO  extension.ExtensionsLoader  - Loading extension: /Users/ervin/Projects/caGrid/caGrid-1_5_release/Software/core/caGrid/projects/introduce/./extensions/cagrid_creation_viewer/extension.xml
[main] INFO  extension.ExtensionsLoader  - Loading extension: /Users/ervin/Projects/caGrid/caGrid-1_5_release/Software/core/caGrid/projects/introduce/./extensions/cagrid_gaards_ui/extension.xml
[main] INFO  extension.ExtensionsLoader  - Loading extension: /Users/ervin/Projects/caGrid/caGrid-1_5_release/Software/core/caGrid/projects/introduce/./extensions/cagrid_metadata/extension.xml
[main] INFO  extension.ExtensionsLoader  - Loading extension: /Users/ervin/Projects/caGrid/caGrid-1_5_release/Software/core/caGrid/projects/introduce/./extensions/caGrid_Transfer/extension.xml
[main] INFO  extension.ExtensionsLoader  - Loading extension: /Users/ervin/Projects/caGrid/caGrid-1_5_release/Software/core/caGrid/projects/introduce/./extensions/cagrid_wsEnum/extension.xml
[main] INFO  extension.ExtensionsLoader  - Loading extension: /Users/ervin/Projects/caGrid/caGrid-1_5_release/Software/core/caGrid/projects/introduce/./extensions/csm_auth/extension.xml
[main] INFO  extension.ExtensionsLoader  - Loading extension: /Users/ervin/Projects/caGrid/caGrid-1_5_release/Software/core/caGrid/projects/introduce/./extensions/data/extension.xml
[main] INFO  extension.ExtensionsLoader  - Loading extension: /Users/ervin/Projects/caGrid/caGrid-1_5_release/Software/core/caGrid/projects/introduce/./extensions/domainmodel_viewer/extension.xml
[main] INFO  extension.ExtensionsLoader  - Loading extension: /Users/ervin/Projects/caGrid/caGrid-1_5_release/Software/core/caGrid/projects/introduce/./extensions/enforce_auth/extension.xml
[main] INFO  extension.ExtensionsLoader  - Loading extension: /Users/ervin/Projects/caGrid/caGrid-1_5_release/Software/core/caGrid/projects/introduce/./extensions/file_discovery/extension.xml
[main] INFO  extension.ExtensionsLoader  - Loading extension: /Users/ervin/Projects/caGrid/caGrid-1_5_release/Software/core/caGrid/projects/introduce/./extensions/globus_discovery/extension.xml
[main] INFO  extension.ExtensionsLoader  - Loading extension: /Users/ervin/Projects/caGrid/caGrid-1_5_release/Software/core/caGrid/projects/introduce/./extensions/gme-discovery/extension.xml
[main] INFO  extension.ExtensionsLoader  - Loading extension: /Users/ervin/Projects/caGrid/caGrid-1_5_release/Software/core/caGrid/projects/introduce/./extensions/gridgrouper_auth/extension.xml
[main] INFO  extension.ExtensionsLoader  - Loading extension: /Users/ervin/Projects/caGrid/caGrid-1_5_release/Software/core/caGrid/projects/introduce/./extensions/ISO21090-discovery/extension.xml
[main] INFO  extension.ExtensionsLoader  - Loading extension: /Users/ervin/Projects/caGrid/caGrid-1_5_release/Software/core/caGrid/projects/introduce/./extensions/sdk_discovery/extension.xml
[main] INFO  extension.ExtensionsLoader  - Loading extension: /Users/ervin/Projects/caGrid/caGrid-1_5_release/Software/core/caGrid/projects/introduce/./extensions/service_webapp/extension.xml
[main] INFO  extension.ExtensionsLoader  - Loading extension: /Users/ervin/Projects/caGrid/caGrid-1_5_release/Software/core/caGrid/projects/introduce/./extensions/servicemetadata_editor/extension.xml
[main] INFO  x.ExtensionUpgraderBase  - Upgrading services cagrid_metadata extension  from Version 1.4 to Version 1.5
[main] INFO  x.ExtensionUpgraderBase  - Upgrading services data extension  from Version 1.4 to Version 1.5
Current extensions list: cagrid_metadata,data
Old extensions list: cagrid_metadata,data
Getting namespaces from schema /Users/ervin/Projects/caGrid/caGrid-1_5_release/Software/core/integration-tests/projects/sdk44StyleTests/temp/DataServiceWithSdk44/schema/DataServiceWithSdk44/gov.nih.nci.cacoresdk.domain.inheritance.abstrakt.xsd
adding namepace uri:iso.org:21090
Getting namespaces from schema /Users/ervin/Projects/caGrid/caGrid-1_5_release/Software/core/integration-tests/projects/sdk44StyleTests/temp/DataServiceWithSdk44/schema/DataServiceWithSdk44/ISO_datatypes_Narrative.xsd
Getting namespaces from schema /Users/ervin/Projects/caGrid/caGrid-1_5_release/Software/core/integration-tests/projects/sdk44StyleTests/temp/DataServiceWithSdk44/schema/DataServiceWithSdk44/gov.nih.nci.cacoresdk.domain.inheritance.childwithassociation.sametable.xsd
Getting namespaces from schema /Users/ervin/Projects/caGrid/caGrid-1_5_release/Software/core/integration-tests/projects/sdk44StyleTests/temp/DataServiceWithSdk44/schema/DataServiceWithSdk44/ISO_datatypes_Narrative.xsd
Getting namespaces from schema /Users/ervin/Projects/caGrid/caGrid-1_5_release/Software/core/integration-tests/projects/sdk44StyleTests/temp/DataServiceWithSdk44/schema/DataServiceWithSdk44/gov.nih.nci.cacoresdk.domain.inheritance.childwithassociation.xsd
Getting namespaces from schema /Users/ervin/Projects/caGrid/caGrid-1_5_release/Software/core/integration-tests/projects/sdk44StyleTests/temp/DataServiceWithSdk44/schema/DataServiceWithSdk44/ISO_datatypes_Narrative.xsd
Getting namespaces from schema /Users/ervin/Projects/caGrid/caGrid-1_5_release/Software/core/integration-tests/projects/sdk44StyleTests/temp/DataServiceWithSdk44/schema/DataServiceWithSdk44/gov.nih.nci.cacoresdk.domain.inheritance.implicit.xsd
Getting namespaces from schema /Users/ervin/Projects/caGrid/caGrid-1_5_release/Software/core/integration-tests/projects/sdk44StyleTests/temp/DataServiceWithSdk44/schema/DataServiceWithSdk44/ISO_datatypes_Narrative.xsd
Getting namespaces from schema /Users/ervin/Projects/caGrid/caGrid-1_5_release/Software/core/integration-tests/projects/sdk44StyleTests/temp/DataServiceWithSdk44/schema/DataServiceWithSdk44/gov.nih.nci.cacoresdk.domain.inheritance.multiplechild.sametable.xsd
Getting namespaces from schema /Users/ervin/Projects/caGrid/caGrid-1_5_release/Software/core/integration-tests/projects/sdk44StyleTests/temp/DataServiceWithSdk44/schema/DataServiceWithSdk44/ISO_datatypes_Narrative.xsd
Getting namespaces from schema /Users/ervin/Projects/caGrid/caGrid-1_5_release/Software/core/integration-tests/projects/sdk44StyleTests/temp/DataServiceWithSdk44/schema/DataServiceWithSdk44/gov.nih.nci.cacoresdk.domain.inheritance.multiplechild.xsd
Getting namespaces from schema /Users/ervin/Projects/caGrid/caGrid-1_5_release/Software/core/integration-tests/projects/sdk44StyleTests/temp/DataServiceWithSdk44/schema/DataServiceWithSdk44/ISO_datatypes_Narrative.xsd
Getting namespaces from schema /Users/ervin/Projects/caGrid/caGrid-1_5_release/Software/core/integration-tests/projects/sdk44StyleTests/temp/DataServiceWithSdk44/schema/DataServiceWithSdk44/gov.nih.nci.cacoresdk.domain.inheritance.onechild.sametable.xsd
Getting namespaces from schema /Users/ervin/Projects/caGrid/caGrid-1_5_release/Software/core/integration-tests/projects/sdk44StyleTests/temp/DataServiceWithSdk44/schema/DataServiceWithSdk44/ISO_datatypes_Narrative.xsd
Getting namespaces from schema /Users/ervin/Projects/caGrid/caGrid-1_5_release/Software/core/integration-tests/projects/sdk44StyleTests/temp/DataServiceWithSdk44/schema/DataServiceWithSdk44/gov.nih.nci.cacoresdk.domain.inheritance.onechild.xsd
Getting namespaces from schema /Users/ervin/Projects/caGrid/caGrid-1_5_release/Software/core/integration-tests/projects/sdk44StyleTests/temp/DataServiceWithSdk44/schema/DataServiceWithSdk44/ISO_datatypes_Narrative.xsd
Getting namespaces from schema /Users/ervin/Projects/caGrid/caGrid-1_5_release/Software/core/integration-tests/projects/sdk44StyleTests/temp/DataServiceWithSdk44/schema/DataServiceWithSdk44/gov.nih.nci.cacoresdk.domain.inheritance.parentwithassociation.sametable.xsd
Getting namespaces from schema /Users/ervin/Projects/caGrid/caGrid-1_5_release/Software/core/integration-tests/projects/sdk44StyleTests/temp/DataServiceWithSdk44/schema/DataServiceWithSdk44/ISO_datatypes_Narrative.xsd
Getting namespaces from schema /Users/ervin/Projects/caGrid/caGrid-1_5_release/Software/core/integration-tests/projects/sdk44StyleTests/temp/DataServiceWithSdk44/schema/DataServiceWithSdk44/gov.nih.nci.cacoresdk.domain.inheritance.parentwithassociation.xsd
Getting namespaces from schema /Users/ervin/Projects/caGrid/caGrid-1_5_release/Software/core/integration-tests/projects/sdk44StyleTests/temp/DataServiceWithSdk44/schema/DataServiceWithSdk44/ISO_datatypes_Narrative.xsd
Getting namespaces from schema /Users/ervin/Projects/caGrid/caGrid-1_5_release/Software/core/integration-tests/projects/sdk44StyleTests/temp/DataServiceWithSdk44/schema/DataServiceWithSdk44/gov.nih.nci.cacoresdk.domain.inheritance.twolevelinheritance.sametable.xsd
Getting namespaces from schema /Users/ervin/Projects/caGrid/caGrid-1_5_release/Software/core/integration-tests/projects/sdk44StyleTests/temp/DataServiceWithSdk44/schema/DataServiceWithSdk44/ISO_datatypes_Narrative.xsd
Getting namespaces from schema /Users/ervin/Projects/caGrid/caGrid-1_5_release/Software/core/integration-tests/projects/sdk44StyleTests/temp/DataServiceWithSdk44/schema/DataServiceWithSdk44/gov.nih.nci.cacoresdk.domain.inheritance.twolevelinheritance.sametablerootlevel.xsd
Getting namespaces from schema /Users/ervin/Projects/caGrid/caGrid-1_5_release/Software/core/integration-tests/projects/sdk44StyleTests/temp/DataServiceWithSdk44/schema/DataServiceWithSdk44/ISO_datatypes_Narrative.xsd
Getting namespaces from schema /Users/ervin/Projects/caGrid/caGrid-1_5_release/Software/core/integration-tests/projects/sdk44StyleTests/temp/DataServiceWithSdk44/schema/DataServiceWithSdk44/gov.nih.nci.cacoresdk.domain.inheritance.twolevelinheritance.xsd
Getting namespaces from schema /Users/ervin/Projects/caGrid/caGrid-1_5_release/Software/core/integration-tests/projects/sdk44StyleTests/temp/DataServiceWithSdk44/schema/DataServiceWithSdk44/ISO_datatypes_Narrative.xsd
Getting namespaces from schema /Users/ervin/Projects/caGrid/caGrid-1_5_release/Software/core/integration-tests/projects/sdk44StyleTests/temp/DataServiceWithSdk44/schema/DataServiceWithSdk44/gov.nih.nci.cacoresdk.domain.interfaze.xsd
Getting namespaces from schema /Users/ervin/Projects/caGrid/caGrid-1_5_release/Software/core/integration-tests/projects/sdk44StyleTests/temp/DataServiceWithSdk44/schema/DataServiceWithSdk44/ISO_datatypes_Narrative.xsd
Getting namespaces from schema /Users/ervin/Projects/caGrid/caGrid-1_5_release/Software/core/integration-tests/projects/sdk44StyleTests/temp/DataServiceWithSdk44/schema/DataServiceWithSdk44/gov.nih.nci.cacoresdk.domain.manytomany.bidirectional.xsd
Getting namespaces from schema /Users/ervin/Projects/caGrid/caGrid-1_5_release/Software/core/integration-tests/projects/sdk44StyleTests/temp/DataServiceWithSdk44/schema/DataServiceWithSdk44/ISO_datatypes_Narrative.xsd
Getting namespaces from schema /Users/ervin/Projects/caGrid/caGrid-1_5_release/Software/core/integration-tests/projects/sdk44StyleTests/temp/DataServiceWithSdk44/schema/DataServiceWithSdk44/gov.nih.nci.cacoresdk.domain.manytomany.unidirectional.xsd
Getting namespaces from schema /Users/ervin/Projects/caGrid/caGrid-1_5_release/Software/core/integration-tests/projects/sdk44StyleTests/temp/DataServiceWithSdk44/schema/DataServiceWithSdk44/ISO_datatypes_Narrative.xsd
Getting namespaces from schema /Users/ervin/Projects/caGrid/caGrid-1_5_release/Software/core/integration-tests/projects/sdk44StyleTests/temp/DataServiceWithSdk44/schema/DataServiceWithSdk44/gov.nih.nci.cacoresdk.domain.manytoone.unidirectional.withjoin.xsd
Getting namespaces from schema /Users/ervin/Projects/caGrid/caGrid-1_5_release/Software/core/integration-tests/projects/sdk44StyleTests/temp/DataServiceWithSdk44/schema/DataServiceWithSdk44/ISO_datatypes_Narrative.xsd
Getting namespaces from schema /Users/ervin/Projects/caGrid/caGrid-1_5_release/Software/core/integration-tests/projects/sdk44StyleTests/temp/DataServiceWithSdk44/schema/DataServiceWithSdk44/gov.nih.nci.cacoresdk.domain.manytoone.unidirectional.xsd
Getting namespaces from schema /Users/ervin/Projects/caGrid/caGrid-1_5_release/Software/core/integration-tests/projects/sdk44StyleTests/temp/DataServiceWithSdk44/schema/DataServiceWithSdk44/ISO_datatypes_Narrative.xsd
Getting namespaces from schema /Users/ervin/Projects/caGrid/caGrid-1_5_release/Software/core/integration-tests/projects/sdk44StyleTests/temp/DataServiceWithSdk44/schema/DataServiceWithSdk44/gov.nih.nci.cacoresdk.domain.onetomany.bidirectional.withjoin.xsd
Getting namespaces from schema /Users/ervin/Projects/caGrid/caGrid-1_5_release/Software/core/integration-tests/projects/sdk44StyleTests/temp/DataServiceWithSdk44/schema/DataServiceWithSdk44/ISO_datatypes_Narrative.xsd
Getting namespaces from schema /Users/ervin/Projects/caGrid/caGrid-1_5_release/Software/core/integration-tests/projects/sdk44StyleTests/temp/DataServiceWithSdk44/schema/DataServiceWithSdk44/gov.nih.nci.cacoresdk.domain.onetomany.bidirectional.xsd
Getting namespaces from schema /Users/ervin/Projects/caGrid/caGrid-1_5_release/Software/core/integration-tests/projects/sdk44StyleTests/temp/DataServiceWithSdk44/schema/DataServiceWithSdk44/ISO_datatypes_Narrative.xsd
Getting namespaces from schema /Users/ervin/Projects/caGrid/caGrid-1_5_release/Software/core/integration-tests/projects/sdk44StyleTests/temp/DataServiceWithSdk44/schema/DataServiceWithSdk44/gov.nih.nci.cacoresdk.domain.onetomany.selfassociation.xsd
Getting namespaces from schema /Users/ervin/Projects/caGrid/caGrid-1_5_release/Software/core/integration-tests/projects/sdk44StyleTests/temp/DataServiceWithSdk44/schema/DataServiceWithSdk44/ISO_datatypes_Narrative.xsd
Getting namespaces from schema /Users/ervin/Projects/caGrid/caGrid-1_5_release/Software/core/integration-tests/projects/sdk44StyleTests/temp/DataServiceWithSdk44/schema/DataServiceWithSdk44/gov.nih.nci.cacoresdk.domain.onetomany.unidirectional.withjoin.xsd
Getting namespaces from schema /Users/ervin/Projects/caGrid/caGrid-1_5_release/Software/core/integration-tests/projects/sdk44StyleTests/temp/DataServiceWithSdk44/schema/DataServiceWithSdk44/ISO_datatypes_Narrative.xsd
Getting namespaces from schema /Users/ervin/Projects/caGrid/caGrid-1_5_release/Software/core/integration-tests/projects/sdk44StyleTests/temp/DataServiceWithSdk44/schema/DataServiceWithSdk44/gov.nih.nci.cacoresdk.domain.onetomany.unidirectional.xsd
Getting namespaces from schema /Users/ervin/Projects/caGrid/caGrid-1_5_release/Software/core/integration-tests/projects/sdk44StyleTests/temp/DataServiceWithSdk44/schema/DataServiceWithSdk44/ISO_datatypes_Narrative.xsd
Getting namespaces from schema /Users/ervin/Projects/caGrid/caGrid-1_5_release/Software/core/integration-tests/projects/sdk44StyleTests/temp/DataServiceWithSdk44/schema/DataServiceWithSdk44/gov.nih.nci.cacoresdk.domain.onetoone.bidirectional.withjoin.xsd
Getting namespaces from schema /Users/ervin/Projects/caGrid/caGrid-1_5_release/Software/core/integration-tests/projects/sdk44StyleTests/temp/DataServiceWithSdk44/schema/DataServiceWithSdk44/ISO_datatypes_Narrative.xsd
Getting namespaces from schema /Users/ervin/Projects/caGrid/caGrid-1_5_release/Software/core/integration-tests/projects/sdk44StyleTests/temp/DataServiceWithSdk44/schema/DataServiceWithSdk44/gov.nih.nci.cacoresdk.domain.onetoone.bidirectional.xsd
Getting namespaces from schema /Users/ervin/Projects/caGrid/caGrid-1_5_release/Software/core/integration-tests/projects/sdk44StyleTests/temp/DataServiceWithSdk44/schema/DataServiceWithSdk44/ISO_datatypes_Narrative.xsd
Getting namespaces from schema /Users/ervin/Projects/caGrid/caGrid-1_5_release/Software/core/integration-tests/projects/sdk44StyleTests/temp/DataServiceWithSdk44/schema/DataServiceWithSdk44/gov.nih.nci.cacoresdk.domain.onetoone.multipleassociation.withjoin.xsd
Getting namespaces from schema /Users/ervin/Projects/caGrid/caGrid-1_5_release/Software/core/integration-tests/projects/sdk44StyleTests/temp/DataServiceWithSdk44/schema/DataServiceWithSdk44/ISO_datatypes_Narrative.xsd
Getting namespaces from schema /Users/ervin/Projects/caGrid/caGrid-1_5_release/Software/core/integration-tests/projects/sdk44StyleTests/temp/DataServiceWithSdk44/schema/DataServiceWithSdk44/gov.nih.nci.cacoresdk.domain.onetoone.multipleassociation.xsd
Getting namespaces from schema /Users/ervin/Projects/caGrid/caGrid-1_5_release/Software/core/integration-tests/projects/sdk44StyleTests/temp/DataServiceWithSdk44/schema/DataServiceWithSdk44/ISO_datatypes_Narrative.xsd
Getting namespaces from schema /Users/ervin/Projects/caGrid/caGrid-1_5_release/Software/core/integration-tests/projects/sdk44StyleTests/temp/DataServiceWithSdk44/schema/DataServiceWithSdk44/gov.nih.nci.cacoresdk.domain.onetoone.unidirectional.withjoin.xsd
Getting namespaces from schema /Users/ervin/Projects/caGrid/caGrid-1_5_release/Software/core/integration-tests/projects/sdk44StyleTests/temp/DataServiceWithSdk44/schema/DataServiceWithSdk44/ISO_datatypes_Narrative.xsd
Getting namespaces from schema /Users/ervin/Projects/caGrid/caGrid-1_5_release/Software/core/integration-tests/projects/sdk44StyleTests/temp/DataServiceWithSdk44/schema/DataServiceWithSdk44/gov.nih.nci.cacoresdk.domain.onetoone.unidirectional.xsd
Getting namespaces from schema /Users/ervin/Projects/caGrid/caGrid-1_5_release/Software/core/integration-tests/projects/sdk44StyleTests/temp/DataServiceWithSdk44/schema/DataServiceWithSdk44/ISO_datatypes_Narrative.xsd
Getting namespaces from schema /Users/ervin/Projects/caGrid/caGrid-1_5_release/Software/core/integration-tests/projects/sdk44StyleTests/temp/DataServiceWithSdk44/schema/DataServiceWithSdk44/gov.nih.nci.cacoresdk.domain.other.datatype.xsd
Getting namespaces from schema /Users/ervin/Projects/caGrid/caGrid-1_5_release/Software/core/integration-tests/projects/sdk44StyleTests/temp/DataServiceWithSdk44/schema/DataServiceWithSdk44/ISO_datatypes_Narrative.xsd
Getting namespaces from schema /Users/ervin/Projects/caGrid/caGrid-1_5_release/Software/core/integration-tests/projects/sdk44StyleTests/temp/DataServiceWithSdk44/schema/DataServiceWithSdk44/gov.nih.nci.cacoresdk.domain.other.differentpackage.associations.xsd
adding namepace gme://caCORE.caCORE/3.2/gov.nih.nci.cacoresdk.domain.other.differentpackage
Getting namespaces from schema /Users/ervin/Projects/caGrid/caGrid-1_5_release/Software/core/integration-tests/projects/sdk44StyleTests/temp/DataServiceWithSdk44/schema/DataServiceWithSdk44/gov.nih.nci.cacoresdk.domain.other.differentpackage.xsd
WARNING: Schema imports contain circular references. /Users/ervin/Projects/caGrid/caGrid-1_5_release/Software/core/integration-tests/projects/sdk44StyleTests/temp/DataServiceWithSdk44/schema/DataServiceWithSdk44/gov.nih.nci.cacoresdk.domain.other.differentpackage.xsd
Getting namespaces from schema /Users/ervin/Projects/caGrid/caGrid-1_5_release/Software/core/integration-tests/projects/sdk44StyleTests/temp/DataServiceWithSdk44/schema/DataServiceWithSdk44/ISO_datatypes_Narrative.xsd
WARNING: Schema imports contain circular references. /Users/ervin/Projects/caGrid/caGrid-1_5_release/Software/core/integration-tests/projects/sdk44StyleTests/temp/DataServiceWithSdk44/schema/DataServiceWithSdk44/gov.nih.nci.cacoresdk.domain.other.differentpackage.associations.xsd
Getting namespaces from schema /Users/ervin/Projects/caGrid/caGrid-1_5_release/Software/core/integration-tests/projects/sdk44StyleTests/temp/DataServiceWithSdk44/schema/DataServiceWithSdk44/gov.nih.nci.cacoresdk.domain.other.differentpackage.xsd
Getting namespaces from schema /Users/ervin/Projects/caGrid/caGrid-1_5_release/Software/core/integration-tests/projects/sdk44StyleTests/temp/DataServiceWithSdk44/schema/DataServiceWithSdk44/gov.nih.nci.cacoresdk.domain.other.differentpackage.associations.xsd
WARNING: Schema imports contain circular references. /Users/ervin/Projects/caGrid/caGrid-1_5_release/Software/core/integration-tests/projects/sdk44StyleTests/temp/DataServiceWithSdk44/schema/DataServiceWithSdk44/gov.nih.nci.cacoresdk.domain.other.differentpackage.associations.xsd
Getting namespaces from schema /Users/ervin/Projects/caGrid/caGrid-1_5_release/Software/core/integration-tests/projects/sdk44StyleTests/temp/DataServiceWithSdk44/schema/DataServiceWithSdk44/ISO_datatypes_Narrative.xsd
WARNING: Schema imports contain circular references. /Users/ervin/Projects/caGrid/caGrid-1_5_release/Software/core/integration-tests/projects/sdk44StyleTests/temp/DataServiceWithSdk44/schema/DataServiceWithSdk44/gov.nih.nci.cacoresdk.domain.other.differentpackage.xsd
Getting namespaces from schema /Users/ervin/Projects/caGrid/caGrid-1_5_release/Software/core/integration-tests/projects/sdk44StyleTests/temp/DataServiceWithSdk44/schema/DataServiceWithSdk44/gov.nih.nci.cacoresdk.domain.other.levelassociation.xsd
Getting namespaces from schema /Users/ervin/Projects/caGrid/caGrid-1_5_release/Software/core/integration-tests/projects/sdk44StyleTests/temp/DataServiceWithSdk44/schema/DataServiceWithSdk44/ISO_datatypes_Narrative.xsd
Getting namespaces from schema /Users/ervin/Projects/caGrid/caGrid-1_5_release/Software/core/integration-tests/projects/sdk44StyleTests/temp/DataServiceWithSdk44/schema/DataServiceWithSdk44/gov.nih.nci.cacoresdk.domain.other.primarykey.xsd
Getting namespaces from schema /Users/ervin/Projects/caGrid/caGrid-1_5_release/Software/core/integration-tests/projects/sdk44StyleTests/temp/DataServiceWithSdk44/schema/DataServiceWithSdk44/ISO_datatypes_Narrative.xsd
Getting namespaces from schema /Users/ervin/Projects/caGrid/caGrid-1_5_release/Software/core/integration-tests/projects/sdk44StyleTests/temp/DataServiceWithSdk44/schema/DataServiceWithSdk44/gov.nih.nci.cacoresdk.domain.other.validationtype.xsd
Getting namespaces from schema /Users/ervin/Projects/caGrid/caGrid-1_5_release/Software/core/integration-tests/projects/sdk44StyleTests/temp/DataServiceWithSdk44/schema/DataServiceWithSdk44/ISO_datatypes_Narrative.xsd
Getting namespaces from schema /Users/ervin/Projects/caGrid/caGrid-1_5_release/Software/core/integration-tests/projects/sdk44StyleTests/temp/DataServiceWithSdk44/schema/DataServiceWithSdk44/./ISO_extensions.xsd
Getting namespaces from schema /Users/ervin/Projects/caGrid/caGrid-1_5_release/Software/core/integration-tests/projects/sdk44StyleTests/temp/DataServiceWithSdk44/schema/DataServiceWithSdk44/./CQLQueryComponents.xsd
Getting namespaces from schema /Users/ervin/Projects/caGrid/caGrid-1_5_release/Software/core/integration-tests/projects/sdk44StyleTests/temp/DataServiceWithSdk44/schema/DataServiceWithSdk44/./CQLQueryResults.xsd
Getting namespaces from schema /Users/ervin/Projects/caGrid/caGrid-1_5_release/Software/core/integration-tests/projects/sdk44StyleTests/temp/DataServiceWithSdk44/schema/DataServiceWithSdk44/Aggregations.xsd
Synchronizing with pre processing extensions
Set service metadata file location to:serviceMetadata.xml
Found existing domain model resource property
Found existing domain model resource property
Domain model source determined to be preBuilt
Imported operation's WSDL not found in service directory, using WSDL from globus...
Looking for namespace prefix for message wsrpw:GetMultipleResourcePropertiesRequest
Setting message GetMultipleResourcePropertiesRequest nsPrefix: wsrpw
Looking for namespace prefix for message wsrpw:GetMultipleResourcePropertiesResponse
Setting message GetMultipleResourcePropertiesResponse nsPrefix: wsrpw
Looking for namespace prefix for message wsrpw:ResourceUnknownFault
Setting message ResourceUnknownFault nsPrefix: wsrpw
Looking for namespace prefix for message wsrpw:InvalidResourcePropertyQNameFault
Setting message InvalidResourcePropertyQNameFault nsPrefix: wsrpw
Imported operation's WSDL not found in service directory, using WSDL from globus...
Looking for namespace prefix for message wsrpw:GetResourcePropertyRequest
Setting message GetResourcePropertyRequest nsPrefix: wsrpw
Looking for namespace prefix for message wsrpw:GetResourcePropertyResponse
Setting message GetResourcePropertyResponse nsPrefix: wsrpw
Looking for namespace prefix for message wsrpw:ResourceUnknownFault
Setting message ResourceUnknownFault nsPrefix: wsrpw
Looking for namespace prefix for message wsrpw:InvalidResourcePropertyQNameFault
Setting message InvalidResourcePropertyQNameFault nsPrefix: wsrpw
Imported operation's WSDL not found in service directory, using WSDL from globus...
Looking for namespace prefix for message wsrpw:QueryResourcePropertiesRequest
Setting message QueryResourcePropertiesRequest nsPrefix: wsrpw
Looking for namespace prefix for message wsrpw:QueryResourcePropertiesResponse
Setting message QueryResourcePropertiesResponse nsPrefix: wsrpw
Looking for namespace prefix for message wsrpw:ResourceUnknownFault
Setting message ResourceUnknownFault nsPrefix: wsrpw
Looking for namespace prefix for message wsrpw:InvalidResourcePropertyQNameFault
Setting message InvalidResourcePropertyQNameFault nsPrefix: wsrpw
Looking for namespace prefix for message wsrpw:UnknownQueryExpressionDialectFault
Setting message UnknownQueryExpressionDialectFault nsPrefix: wsrpw
Looking for namespace prefix for message wsrpw:InvalidQueryExpressionFault
Setting message InvalidQueryExpressionFault nsPrefix: wsrpw
Looking for namespace prefix for message wsrpw:QueryEvaluationErrorFault
Setting message QueryEvaluationErrorFault nsPrefix: wsrpw
Looking for namespace prefix for message tns:GetServiceSecurityMetadataRequest
Setting message GetServiceSecurityMetadataRequest nsPrefix: wns1
Looking for namespace prefix for message tns:GetServiceSecurityMetadataResponse
Setting message GetServiceSecurityMetadataResponse nsPrefix: wns1
Looking for namespace prefix for message tns:QueryRequest
Setting message QueryRequest nsPrefix: wns2
Looking for namespace prefix for message tns:QueryResponse
Setting message QueryResponse nsPrefix: wns2
Looking for namespace prefix for message tns:QueryProcessingExceptionFaultMessage
Setting message QueryProcessingExceptionFaultMessage nsPrefix: wns2
Looking for namespace prefix for message tns:MalformedQueryExceptionFaultMessage
Setting message MalformedQueryExceptionFaultMessage nsPrefix: wns2
Looking for namespace prefix for message tns:ExecuteQueryRequest
Setting message ExecuteQueryRequest nsPrefix: wns3
Looking for namespace prefix for message tns:ExecuteQueryResponse
Setting message ExecuteQueryResponse nsPrefix: wns3
Looking for namespace prefix for message tns:MalformedQueryExceptionFaultMessage
Setting message MalformedQueryExceptionFaultMessage nsPrefix: wns3
Looking for namespace prefix for message tns:QueryProcessingExceptionFaultMessage
Setting message QueryProcessingExceptionFaultMessage nsPrefix: wns3
Getting namespaces from schema /Users/ervin/Projects/caGrid/caGrid-1_5_release/Software/core/integration-tests/projects/sdk44StyleTests/temp/DataServiceWithSdk44/schema/DataServiceWithSdk44/gov.nih.nci.cacoresdk.domain.inheritance.implicit.xsd
adding namepace uri:iso.org:21090
Getting namespaces from schema /Users/ervin/Projects/caGrid/caGrid-1_5_release/Software/core/integration-tests/projects/sdk44StyleTests/temp/DataServiceWithSdk44/schema/DataServiceWithSdk44/ISO_datatypes_Narrative.xsd
Getting namespaces from schema /Users/ervin/Projects/caGrid/caGrid-1_5_release/Software/core/integration-tests/projects/sdk44StyleTests/temp/DataServiceWithSdk44/schema/DataServiceWithSdk44/./DataServiceWithSdk44Types.xsd
Getting namespaces from schema /Users/ervin/Projects/caGrid/caGrid-1_5_release/Software/core/integration-tests/projects/sdk44StyleTests/temp/DataServiceWithSdk44/schema/DataServiceWithSdk44/gov.nih.nci.cacoresdk.domain.inheritance.childwithassociation.sametable.xsd
Getting namespaces from schema /Users/ervin/Projects/caGrid/caGrid-1_5_release/Software/core/integration-tests/projects/sdk44StyleTests/temp/DataServiceWithSdk44/schema/DataServiceWithSdk44/ISO_datatypes_Narrative.xsd
Getting namespaces from schema /Users/ervin/Projects/caGrid/caGrid-1_5_release/Software/core/integration-tests/projects/sdk44StyleTests/temp/DataServiceWithSdk44/schema/DataServiceWithSdk44/gov.nih.nci.cacoresdk.domain.inheritance.parentwithassociation.xsd
Getting namespaces from schema /Users/ervin/Projects/caGrid/caGrid-1_5_release/Software/core/integration-tests/projects/sdk44StyleTests/temp/DataServiceWithSdk44/schema/DataServiceWithSdk44/ISO_datatypes_Narrative.xsd
Getting namespaces from schema /Users/ervin/Projects/caGrid/caGrid-1_5_release/Software/core/integration-tests/projects/sdk44StyleTests/temp/DataServiceWithSdk44/schema/DataServiceWithSdk44/./xsd/cagrid/types/service/servicemodel.xsd
adding namepace gme://caGrid.caBIG/1.0/gov.nih.nci.cagrid.metadata.common
Getting namespaces from schema /Users/ervin/Projects/caGrid/caGrid-1_5_release/Software/core/integration-tests/projects/sdk44StyleTests/temp/DataServiceWithSdk44/schema/DataServiceWithSdk44/xsd/cagrid/types/common/common.xsd
Getting namespaces from schema /Users/ervin/Projects/caGrid/caGrid-1_5_release/Software/core/integration-tests/projects/sdk44StyleTests/temp/DataServiceWithSdk44/schema/DataServiceWithSdk44/./xsd/cagrid/types/data/data.xsd
Getting namespaces from schema /Users/ervin/Projects/caGrid/caGrid-1_5_release/Software/core/integration-tests/projects/sdk44StyleTests/temp/DataServiceWithSdk44/schema/DataServiceWithSdk44/xsd/cagrid/types/common/common.xsd
Getting namespaces from schema /Users/ervin/Projects/caGrid/caGrid-1_5_release/Software/core/integration-tests/projects/sdk44StyleTests/temp/DataServiceWithSdk44/schema/DataServiceWithSdk44/gov.nih.nci.cacoresdk.domain.onetomany.bidirectional.withjoin.xsd
Getting namespaces from schema /Users/ervin/Projects/caGrid/caGrid-1_5_release/Software/core/integration-tests/projects/sdk44StyleTests/temp/DataServiceWithSdk44/schema/DataServiceWithSdk44/ISO_datatypes_Narrative.xsd
Getting namespaces from schema /Users/ervin/Projects/caGrid/caGrid-1_5_release/Software/core/integration-tests/projects/sdk44StyleTests/temp/DataServiceWithSdk44/schema/DataServiceWithSdk44/./DataServiceWithSdk44_CQLResultTypes.xsd
adding namepace gme://caCORE.caCORE/3.2/gov.nih.nci.cacoresdk.domain.inheritance.abstrakt
Getting namespaces from schema /Users/ervin/Projects/caGrid/caGrid-1_5_release/Software/core/integration-tests/projects/sdk44StyleTests/temp/DataServiceWithSdk44/schema/DataServiceWithSdk44/gov.nih.nci.cacoresdk.domain.inheritance.abstrakt.xsd
Getting namespaces from schema /Users/ervin/Projects/caGrid/caGrid-1_5_release/Software/core/integration-tests/projects/sdk44StyleTests/temp/DataServiceWithSdk44/schema/DataServiceWithSdk44/ISO_datatypes_Narrative.xsd
adding namepace gme://caCORE.caCORE/3.2/gov.nih.nci.cacoresdk.domain.inheritance.childwithassociation.sametable
Getting namespaces from schema /Users/ervin/Projects/caGrid/caGrid-1_5_release/Software/core/integration-tests/projects/sdk44StyleTests/temp/DataServiceWithSdk44/schema/DataServiceWithSdk44/gov.nih.nci.cacoresdk.domain.inheritance.childwithassociation.sametable.xsd
WARNING: Schema imports contain circular references. /Users/ervin/Projects/caGrid/caGrid-1_5_release/Software/core/integration-tests/projects/sdk44StyleTests/temp/DataServiceWithSdk44/schema/DataServiceWithSdk44/gov.nih.nci.cacoresdk.domain.inheritance.childwithassociation.sametable.xsd
adding namepace gme://caCORE.caCORE/3.2/gov.nih.nci.cacoresdk.domain.inheritance.childwithassociation
Getting namespaces from schema /Users/ervin/Projects/caGrid/caGrid-1_5_release/Software/core/integration-tests/projects/sdk44StyleTests/temp/DataServiceWithSdk44/schema/DataServiceWithSdk44/gov.nih.nci.cacoresdk.domain.inheritance.childwithassociation.xsd
WARNING: Schema imports contain circular references. /Users/ervin/Projects/caGrid/caGrid-1_5_release/Software/core/integration-tests/projects/sdk44StyleTests/temp/DataServiceWithSdk44/schema/DataServiceWithSdk44/gov.nih.nci.cacoresdk.domain.inheritance.childwithassociation.xsd
adding namepace gme://caCORE.caCORE/3.2/gov.nih.nci.cacoresdk.domain.inheritance.implicit
Getting namespaces from schema /Users/ervin/Projects/caGrid/caGrid-1_5_release/Software/core/integration-tests/projects/sdk44StyleTests/temp/DataServiceWithSdk44/schema/DataServiceWithSdk44/gov.nih.nci.cacoresdk.domain.inheritance.implicit.xsd
WARNING: Schema imports contain circular references. /Users/ervin/Projects/caGrid/caGrid-1_5_release/Software/core/integration-tests/projects/sdk44StyleTests/temp/DataServiceWithSdk44/schema/DataServiceWithSdk44/gov.nih.nci.cacoresdk.domain.inheritance.implicit.xsd
adding namepace gme://caCORE.caCORE/3.2/gov.nih.nci.cacoresdk.domain.inheritance.multiplechild.sametable
Getting namespaces from schema /Users/ervin/Projects/caGrid/caGrid-1_5_release/Software/core/integration-tests/projects/sdk44StyleTests/temp/DataServiceWithSdk44/schema/DataServiceWithSdk44/gov.nih.nci.cacoresdk.domain.inheritance.multiplechild.sametable.xsd
WARNING: Schema imports contain circular references. /Users/ervin/Projects/caGrid/caGrid-1_5_release/Software/core/integration-tests/projects/sdk44StyleTests/temp/DataServiceWithSdk44/schema/DataServiceWithSdk44/gov.nih.nci.cacoresdk.domain.inheritance.multiplechild.sametable.xsd
adding namepace gme://caCORE.caCORE/3.2/gov.nih.nci.cacoresdk.domain.inheritance.multiplechild
Getting namespaces from schema /Users/ervin/Projects/caGrid/caGrid-1_5_release/Software/core/integration-tests/projects/sdk44StyleTests/temp/DataServiceWithSdk44/schema/DataServiceWithSdk44/gov.nih.nci.cacoresdk.domain.inheritance.multiplechild.xsd
WARNING: Schema imports contain circular references. /Users/ervin/Projects/caGrid/caGrid-1_5_release/Software/core/integration-tests/projects/sdk44StyleTests/temp/DataServiceWithSdk44/schema/DataServiceWithSdk44/gov.nih.nci.cacoresdk.domain.inheritance.multiplechild.xsd
adding namepace gme://caCORE.caCORE/3.2/gov.nih.nci.cacoresdk.domain.inheritance.onechild.sametable
Getting namespaces from schema /Users/ervin/Projects/caGrid/caGrid-1_5_release/Software/core/integration-tests/projects/sdk44StyleTests/temp/DataServiceWithSdk44/schema/DataServiceWithSdk44/gov.nih.nci.cacoresdk.domain.inheritance.onechild.sametable.xsd
WARNING: Schema imports contain circular references. /Users/ervin/Projects/caGrid/caGrid-1_5_release/Software/core/integration-tests/projects/sdk44StyleTests/temp/DataServiceWithSdk44/schema/DataServiceWithSdk44/gov.nih.nci.cacoresdk.domain.inheritance.onechild.sametable.xsd
adding namepace gme://caCORE.caCORE/3.2/gov.nih.nci.cacoresdk.domain.inheritance.onechild
Getting namespaces from schema /Users/ervin/Projects/caGrid/caGrid-1_5_release/Software/core/integration-tests/projects/sdk44StyleTests/temp/DataServiceWithSdk44/schema/DataServiceWithSdk44/gov.nih.nci.cacoresdk.domain.inheritance.onechild.xsd
WARNING: Schema imports contain circular references. /Users/ervin/Projects/caGrid/caGrid-1_5_release/Software/core/integration-tests/projects/sdk44StyleTests/temp/DataServiceWithSdk44/schema/DataServiceWithSdk44/gov.nih.nci.cacoresdk.domain.inheritance.onechild.xsd
adding namepace gme://caCORE.caCORE/3.2/gov.nih.nci.cacoresdk.domain.inheritance.parentwithassociation.sametable
Getting namespaces from schema /Users/ervin/Projects/caGrid/caGrid-1_5_release/Software/core/integration-tests/projects/sdk44StyleTests/temp/DataServiceWithSdk44/schema/DataServiceWithSdk44/gov.nih.nci.cacoresdk.domain.inheritance.parentwithassociation.sametable.xsd
WARNING: Schema imports contain circular references. /Users/ervin/Projects/caGrid/caGrid-1_5_release/Software/core/integration-tests/projects/sdk44StyleTests/temp/DataServiceWithSdk44/schema/DataServiceWithSdk44/gov.nih.nci.cacoresdk.domain.inheritance.parentwithassociation.sametable.xsd
adding namepace gme://caCORE.caCORE/3.2/gov.nih.nci.cacoresdk.domain.inheritance.parentwithassociation
Getting namespaces from schema /Users/ervin/Projects/caGrid/caGrid-1_5_release/Software/core/integration-tests/projects/sdk44StyleTests/temp/DataServiceWithSdk44/schema/DataServiceWithSdk44/gov.nih.nci.cacoresdk.domain.inheritance.parentwithassociation.xsd
WARNING: Schema imports contain circular references. /Users/ervin/Projects/caGrid/caGrid-1_5_release/Software/core/integration-tests/projects/sdk44StyleTests/temp/DataServiceWithSdk44/schema/DataServiceWithSdk44/gov.nih.nci.cacoresdk.domain.inheritance.parentwithassociation.xsd
adding namepace gme://caCORE.caCORE/3.2/gov.nih.nci.cacoresdk.domain.inheritance.twolevelinheritance.sametable
Getting namespaces from schema /Users/ervin/Projects/caGrid/caGrid-1_5_release/Software/core/integration-tests/projects/sdk44StyleTests/temp/DataServiceWithSdk44/schema/DataServiceWithSdk44/gov.nih.nci.cacoresdk.domain.inheritance.twolevelinheritance.sametable.xsd
WARNING: Schema imports contain circular references. /Users/ervin/Projects/caGrid/caGrid-1_5_release/Software/core/integration-tests/projects/sdk44StyleTests/temp/DataServiceWithSdk44/schema/DataServiceWithSdk44/gov.nih.nci.cacoresdk.domain.inheritance.twolevelinheritance.sametable.xsd
adding namepace gme://caCORE.caCORE/3.2/gov.nih.nci.cacoresdk.domain.inheritance.twolevelinheritance.sametablerootlevel
Getting namespaces from schema /Users/ervin/Projects/caGrid/caGrid-1_5_release/Software/core/integration-tests/projects/sdk44StyleTests/temp/DataServiceWithSdk44/schema/DataServiceWithSdk44/gov.nih.nci.cacoresdk.domain.inheritance.twolevelinheritance.sametablerootlevel.xsd
WARNING: Schema imports contain circular references. /Users/ervin/Projects/caGrid/caGrid-1_5_release/Software/core/integration-tests/projects/sdk44StyleTests/temp/DataServiceWithSdk44/schema/DataServiceWithSdk44/gov.nih.nci.cacoresdk.domain.inheritance.twolevelinheritance.sametablerootlevel.xsd
adding namepace gme://caCORE.caCORE/3.2/gov.nih.nci.cacoresdk.domain.inheritance.twolevelinheritance
Getting namespaces from schema /Users/ervin/Projects/caGrid/caGrid-1_5_release/Software/core/integration-tests/projects/sdk44StyleTests/temp/DataServiceWithSdk44/schema/DataServiceWithSdk44/gov.nih.nci.cacoresdk.domain.inheritance.twolevelinheritance.xsd
WARNING: Schema imports contain circular references. /Users/ervin/Projects/caGrid/caGrid-1_5_release/Software/core/integration-tests/projects/sdk44StyleTests/temp/DataServiceWithSdk44/schema/DataServiceWithSdk44/gov.nih.nci.cacoresdk.domain.inheritance.twolevelinheritance.xsd
adding namepace gme://caCORE.caCORE/3.2/gov.nih.nci.cacoresdk.domain.interfaze
Getting namespaces from schema /Users/ervin/Projects/caGrid/caGrid-1_5_release/Software/core/integration-tests/projects/sdk44StyleTests/temp/DataServiceWithSdk44/schema/DataServiceWithSdk44/gov.nih.nci.cacoresdk.domain.interfaze.xsd
WARNING: Schema imports contain circular references. /Users/ervin/Projects/caGrid/caGrid-1_5_release/Software/core/integration-tests/projects/sdk44StyleTests/temp/DataServiceWithSdk44/schema/DataServiceWithSdk44/gov.nih.nci.cacoresdk.domain.interfaze.xsd
adding namepace gme://caCORE.caCORE/3.2/gov.nih.nci.cacoresdk.domain.manytomany.bidirectional
Getting namespaces from schema /Users/ervin/Projects/caGrid/caGrid-1_5_release/Software/core/integration-tests/projects/sdk44StyleTests/temp/DataServiceWithSdk44/schema/DataServiceWithSdk44/gov.nih.nci.cacoresdk.domain.manytomany.bidirectional.xsd
WARNING: Schema imports contain circular references. /Users/ervin/Projects/caGrid/caGrid-1_5_release/Software/core/integration-tests/projects/sdk44StyleTests/temp/DataServiceWithSdk44/schema/DataServiceWithSdk44/gov.nih.nci.cacoresdk.domain.manytomany.bidirectional.xsd
adding namepace gme://caCORE.caCORE/3.2/gov.nih.nci.cacoresdk.domain.manytomany.unidirectional
Getting namespaces from schema /Users/ervin/Projects/caGrid/caGrid-1_5_release/Software/core/integration-tests/projects/sdk44StyleTests/temp/DataServiceWithSdk44/schema/DataServiceWithSdk44/gov.nih.nci.cacoresdk.domain.manytomany.unidirectional.xsd
WARNING: Schema imports contain circular references. /Users/ervin/Projects/caGrid/caGrid-1_5_release/Software/core/integration-tests/projects/sdk44StyleTests/temp/DataServiceWithSdk44/schema/DataServiceWithSdk44/gov.nih.nci.cacoresdk.domain.manytomany.unidirectional.xsd
adding namepace gme://caCORE.caCORE/3.2/gov.nih.nci.cacoresdk.domain.manytoone.unidirectional.withjoin
Getting namespaces from schema /Users/ervin/Projects/caGrid/caGrid-1_5_release/Software/core/integration-tests/projects/sdk44StyleTests/temp/DataServiceWithSdk44/schema/DataServiceWithSdk44/gov.nih.nci.cacoresdk.domain.manytoone.unidirectional.withjoin.xsd
WARNING: Schema imports contain circular references. /Users/ervin/Projects/caGrid/caGrid-1_5_release/Software/core/integration-tests/projects/sdk44StyleTests/temp/DataServiceWithSdk44/schema/DataServiceWithSdk44/gov.nih.nci.cacoresdk.domain.manytoone.unidirectional.withjoin.xsd
adding namepace gme://caCORE.caCORE/3.2/gov.nih.nci.cacoresdk.domain.manytoone.unidirectional
Getting namespaces from schema /Users/ervin/Projects/caGrid/caGrid-1_5_release/Software/core/integration-tests/projects/sdk44StyleTests/temp/DataServiceWithSdk44/schema/DataServiceWithSdk44/gov.nih.nci.cacoresdk.domain.manytoone.unidirectional.xsd
WARNING: Schema imports contain circular references. /Users/ervin/Projects/caGrid/caGrid-1_5_release/Software/core/integration-tests/projects/sdk44StyleTests/temp/DataServiceWithSdk44/schema/DataServiceWithSdk44/gov.nih.nci.cacoresdk.domain.manytoone.unidirectional.xsd
adding namepace gme://caCORE.caCORE/3.2/gov.nih.nci.cacoresdk.domain.onetomany.bidirectional.withjoin
Getting namespaces from schema /Users/ervin/Projects/caGrid/caGrid-1_5_release/Software/core/integration-tests/projects/sdk44StyleTests/temp/DataServiceWithSdk44/schema/DataServiceWithSdk44/gov.nih.nci.cacoresdk.domain.onetomany.bidirectional.withjoin.xsd
WARNING: Schema imports contain circular references. /Users/ervin/Projects/caGrid/caGrid-1_5_release/Software/core/integration-tests/projects/sdk44StyleTests/temp/DataServiceWithSdk44/schema/DataServiceWithSdk44/gov.nih.nci.cacoresdk.domain.onetomany.bidirectional.withjoin.xsd
adding namepace gme://caCORE.caCORE/3.2/gov.nih.nci.cacoresdk.domain.onetomany.bidirectional
Getting namespaces from schema /Users/ervin/Projects/caGrid/caGrid-1_5_release/Software/core/integration-tests/projects/sdk44StyleTests/temp/DataServiceWithSdk44/schema/DataServiceWithSdk44/gov.nih.nci.cacoresdk.domain.onetomany.bidirectional.xsd
WARNING: Schema imports contain circular references. /Users/ervin/Projects/caGrid/caGrid-1_5_release/Software/core/integration-tests/projects/sdk44StyleTests/temp/DataServiceWithSdk44/schema/DataServiceWithSdk44/gov.nih.nci.cacoresdk.domain.onetomany.bidirectional.xsd
adding namepace gme://caCORE.caCORE/3.2/gov.nih.nci.cacoresdk.domain.onetomany.selfassociation
Getting namespaces from schema /Users/ervin/Projects/caGrid/caGrid-1_5_release/Software/core/integration-tests/projects/sdk44StyleTests/temp/DataServiceWithSdk44/schema/DataServiceWithSdk44/gov.nih.nci.cacoresdk.domain.onetomany.selfassociation.xsd
WARNING: Schema imports contain circular references. /Users/ervin/Projects/caGrid/caGrid-1_5_release/Software/core/integration-tests/projects/sdk44StyleTests/temp/DataServiceWithSdk44/schema/DataServiceWithSdk44/gov.nih.nci.cacoresdk.domain.onetomany.selfassociation.xsd
adding namepace gme://caCORE.caCORE/3.2/gov.nih.nci.cacoresdk.domain.onetomany.unidirectional.withjoin
Getting namespaces from schema /Users/ervin/Projects/caGrid/caGrid-1_5_release/Software/core/integration-tests/projects/sdk44StyleTests/temp/DataServiceWithSdk44/schema/DataServiceWithSdk44/gov.nih.nci.cacoresdk.domain.onetomany.unidirectional.withjoin.xsd
WARNING: Schema imports contain circular references. /Users/ervin/Projects/caGrid/caGrid-1_5_release/Software/core/integration-tests/projects/sdk44StyleTests/temp/DataServiceWithSdk44/schema/DataServiceWithSdk44/gov.nih.nci.cacoresdk.domain.onetomany.unidirectional.withjoin.xsd
adding namepace gme://caCORE.caCORE/3.2/gov.nih.nci.cacoresdk.domain.onetomany.unidirectional
Getting namespaces from schema /Users/ervin/Projects/caGrid/caGrid-1_5_release/Software/core/integration-tests/projects/sdk44StyleTests/temp/DataServiceWithSdk44/schema/DataServiceWithSdk44/gov.nih.nci.cacoresdk.domain.onetomany.unidirectional.xsd
WARNING: Schema imports contain circular references. /Users/ervin/Projects/caGrid/caGrid-1_5_release/Software/core/integration-tests/projects/sdk44StyleTests/temp/DataServiceWithSdk44/schema/DataServiceWithSdk44/gov.nih.nci.cacoresdk.domain.onetomany.unidirectional.xsd
adding namepace gme://caCORE.caCORE/3.2/gov.nih.nci.cacoresdk.domain.onetoone.bidirectional.withjoin
Getting namespaces from schema /Users/ervin/Projects/caGrid/caGrid-1_5_release/Software/core/integration-tests/projects/sdk44StyleTests/temp/DataServiceWithSdk44/schema/DataServiceWithSdk44/gov.nih.nci.cacoresdk.domain.onetoone.bidirectional.withjoin.xsd
WARNING: Schema imports contain circular references. /Users/ervin/Projects/caGrid/caGrid-1_5_release/Software/core/integration-tests/projects/sdk44StyleTests/temp/DataServiceWithSdk44/schema/DataServiceWithSdk44/gov.nih.nci.cacoresdk.domain.onetoone.bidirectional.withjoin.xsd
adding namepace gme://caCORE.caCORE/3.2/gov.nih.nci.cacoresdk.domain.onetoone.bidirectional
Getting namespaces from schema /Users/ervin/Projects/caGrid/caGrid-1_5_release/Software/core/integration-tests/projects/sdk44StyleTests/temp/DataServiceWithSdk44/schema/DataServiceWithSdk44/gov.nih.nci.cacoresdk.domain.onetoone.bidirectional.xsd
WARNING: Schema imports contain circular references. /Users/ervin/Projects/caGrid/caGrid-1_5_release/Software/core/integration-tests/projects/sdk44StyleTests/temp/DataServiceWithSdk44/schema/DataServiceWithSdk44/gov.nih.nci.cacoresdk.domain.onetoone.bidirectional.xsd
adding namepace gme://caCORE.caCORE/3.2/gov.nih.nci.cacoresdk.domain.onetoone.multipleassociation.withjoin
Getting namespaces from schema /Users/ervin/Projects/caGrid/caGrid-1_5_release/Software/core/integration-tests/projects/sdk44StyleTests/temp/DataServiceWithSdk44/schema/DataServiceWithSdk44/gov.nih.nci.cacoresdk.domain.onetoone.multipleassociation.withjoin.xsd
WARNING: Schema imports contain circular references. /Users/ervin/Projects/caGrid/caGrid-1_5_release/Software/core/integration-tests/projects/sdk44StyleTests/temp/DataServiceWithSdk44/schema/DataServiceWithSdk44/gov.nih.nci.cacoresdk.domain.onetoone.multipleassociation.withjoin.xsd
adding namepace gme://caCORE.caCORE/3.2/gov.nih.nci.cacoresdk.domain.onetoone.multipleassociation
Getting namespaces from schema /Users/ervin/Projects/caGrid/caGrid-1_5_release/Software/core/integration-tests/projects/sdk44StyleTests/temp/DataServiceWithSdk44/schema/DataServiceWithSdk44/gov.nih.nci.cacoresdk.domain.onetoone.multipleassociation.xsd
WARNING: Schema imports contain circular references. /Users/ervin/Projects/caGrid/caGrid-1_5_release/Software/core/integration-tests/projects/sdk44StyleTests/temp/DataServiceWithSdk44/schema/DataServiceWithSdk44/gov.nih.nci.cacoresdk.domain.onetoone.multipleassociation.xsd
adding namepace gme://caCORE.caCORE/3.2/gov.nih.nci.cacoresdk.domain.onetoone.unidirectional.withjoin
Getting namespaces from schema /Users/ervin/Projects/caGrid/caGrid-1_5_release/Software/core/integration-tests/projects/sdk44StyleTests/temp/DataServiceWithSdk44/schema/DataServiceWithSdk44/gov.nih.nci.cacoresdk.domain.onetoone.unidirectional.withjoin.xsd
WARNING: Schema imports contain circular references. /Users/ervin/Projects/caGrid/caGrid-1_5_release/Software/core/integration-tests/projects/sdk44StyleTests/temp/DataServiceWithSdk44/schema/DataServiceWithSdk44/gov.nih.nci.cacoresdk.domain.onetoone.unidirectional.withjoin.xsd
adding namepace gme://caCORE.caCORE/3.2/gov.nih.nci.cacoresdk.domain.onetoone.unidirectional
Getting namespaces from schema /Users/ervin/Projects/caGrid/caGrid-1_5_release/Software/core/integration-tests/projects/sdk44StyleTests/temp/DataServiceWithSdk44/schema/DataServiceWithSdk44/gov.nih.nci.cacoresdk.domain.onetoone.unidirectional.xsd
WARNING: Schema imports contain circular references. /Users/ervin/Projects/caGrid/caGrid-1_5_release/Software/core/integration-tests/projects/sdk44StyleTests/temp/DataServiceWithSdk44/schema/DataServiceWithSdk44/gov.nih.nci.cacoresdk.domain.onetoone.unidirectional.xsd
adding namepace gme://caCORE.caCORE/3.2/gov.nih.nci.cacoresdk.domain.other.datatype
Getting namespaces from schema /Users/ervin/Projects/caGrid/caGrid-1_5_release/Software/core/integration-tests/projects/sdk44StyleTests/temp/DataServiceWithSdk44/schema/DataServiceWithSdk44/gov.nih.nci.cacoresdk.domain.other.datatype.xsd
WARNING: Schema imports contain circular references. /Users/ervin/Projects/caGrid/caGrid-1_5_release/Software/core/integration-tests/projects/sdk44StyleTests/temp/DataServiceWithSdk44/schema/DataServiceWithSdk44/gov.nih.nci.cacoresdk.domain.other.datatype.xsd
adding namepace gme://caCORE.caCORE/3.2/gov.nih.nci.cacoresdk.domain.other.differentpackage.associations
Getting namespaces from schema /Users/ervin/Projects/caGrid/caGrid-1_5_release/Software/core/integration-tests/projects/sdk44StyleTests/temp/DataServiceWithSdk44/schema/DataServiceWithSdk44/gov.nih.nci.cacoresdk.domain.other.differentpackage.associations.xsd
adding namepace gme://caCORE.caCORE/3.2/gov.nih.nci.cacoresdk.domain.other.differentpackage
Getting namespaces from schema /Users/ervin/Projects/caGrid/caGrid-1_5_release/Software/core/integration-tests/projects/sdk44StyleTests/temp/DataServiceWithSdk44/schema/DataServiceWithSdk44/gov.nih.nci.cacoresdk.domain.other.differentpackage.xsd
WARNING: Schema imports contain circular references. /Users/ervin/Projects/caGrid/caGrid-1_5_release/Software/core/integration-tests/projects/sdk44StyleTests/temp/DataServiceWithSdk44/schema/DataServiceWithSdk44/gov.nih.nci.cacoresdk.domain.other.differentpackage.xsd
WARNING: Schema imports contain circular references. /Users/ervin/Projects/caGrid/caGrid-1_5_release/Software/core/integration-tests/projects/sdk44StyleTests/temp/DataServiceWithSdk44/schema/DataServiceWithSdk44/gov.nih.nci.cacoresdk.domain.other.differentpackage.associations.xsd
WARNING: Schema imports contain circular references. /Users/ervin/Projects/caGrid/caGrid-1_5_release/Software/core/integration-tests/projects/sdk44StyleTests/temp/DataServiceWithSdk44/schema/DataServiceWithSdk44/./DataServiceWithSdk44_CQLResultTypes.xsd
adding namepace gme://caCORE.caCORE/3.2/gov.nih.nci.cacoresdk.domain.other.levelassociation
Getting namespaces from schema /Users/ervin/Projects/caGrid/caGrid-1_5_release/Software/core/integration-tests/projects/sdk44StyleTests/temp/DataServiceWithSdk44/schema/DataServiceWithSdk44/gov.nih.nci.cacoresdk.domain.other.levelassociation.xsd
WARNING: Schema imports contain circular references. /Users/ervin/Projects/caGrid/caGrid-1_5_release/Software/core/integration-tests/projects/sdk44StyleTests/temp/DataServiceWithSdk44/schema/DataServiceWithSdk44/gov.nih.nci.cacoresdk.domain.other.levelassociation.xsd
adding namepace gme://caCORE.caCORE/3.2/gov.nih.nci.cacoresdk.domain.other.primarykey
Getting namespaces from schema /Users/ervin/Projects/caGrid/caGrid-1_5_release/Software/core/integration-tests/projects/sdk44StyleTests/temp/DataServiceWithSdk44/schema/DataServiceWithSdk44/gov.nih.nci.cacoresdk.domain.other.primarykey.xsd
WARNING: Schema imports contain circular references. /Users/ervin/Projects/caGrid/caGrid-1_5_release/Software/core/integration-tests/projects/sdk44StyleTests/temp/DataServiceWithSdk44/schema/DataServiceWithSdk44/gov.nih.nci.cacoresdk.domain.other.primarykey.xsd
adding namepace gme://caCORE.caCORE/3.2/gov.nih.nci.cacoresdk.domain.other.validationtype
Getting namespaces from schema /Users/ervin/Projects/caGrid/caGrid-1_5_release/Software/core/integration-tests/projects/sdk44StyleTests/temp/DataServiceWithSdk44/schema/DataServiceWithSdk44/gov.nih.nci.cacoresdk.domain.other.validationtype.xsd
WARNING: Schema imports contain circular references. /Users/ervin/Projects/caGrid/caGrid-1_5_release/Software/core/integration-tests/projects/sdk44StyleTests/temp/DataServiceWithSdk44/schema/DataServiceWithSdk44/gov.nih.nci.cacoresdk.domain.other.validationtype.xsd
Getting namespaces from schema /Users/ervin/Projects/caGrid/caGrid-1_5_release/Software/core/integration-tests/projects/sdk44StyleTests/temp/DataServiceWithSdk44/schema/DataServiceWithSdk44/ISO_extensions.xsd
Getting namespaces from schema /Users/ervin/Projects/caGrid/caGrid-1_5_release/Software/core/integration-tests/projects/sdk44StyleTests/temp/DataServiceWithSdk44/schema/DataServiceWithSdk44/gov.nih.nci.cacoresdk.domain.onetoone.multipleassociation.xsd
Getting namespaces from schema /Users/ervin/Projects/caGrid/caGrid-1_5_release/Software/core/integration-tests/projects/sdk44StyleTests/temp/DataServiceWithSdk44/schema/DataServiceWithSdk44/ISO_datatypes_Narrative.xsd
Getting namespaces from schema /Users/ervin/Projects/caGrid/caGrid-1_5_release/Software/core/integration-tests/projects/sdk44StyleTests/temp/DataServiceWithSdk44/schema/DataServiceWithSdk44/./QueryLanguageSupportMetadata.xsd
adding namepace http://CQL.caBIG/2/org.cagrid.cql2.extensionsupport
Getting namespaces from schema /Users/ervin/Projects/caGrid/caGrid-1_5_release/Software/core/integration-tests/projects/sdk44StyleTests/temp/DataServiceWithSdk44/schema/DataServiceWithSdk44/CQLSupportedExtensions.xsd
Getting namespaces from schema /Users/ervin/Projects/caGrid/caGrid-1_5_release/Software/core/integration-tests/projects/sdk44StyleTests/temp/DataServiceWithSdk44/schema/DataServiceWithSdk44/gov.nih.nci.cacoresdk.domain.onetomany.bidirectional.xsd
Getting namespaces from schema /Users/ervin/Projects/caGrid/caGrid-1_5_release/Software/core/integration-tests/projects/sdk44StyleTests/temp/DataServiceWithSdk44/schema/DataServiceWithSdk44/ISO_datatypes_Narrative.xsd
Getting namespaces from schema /Users/ervin/Projects/caGrid/caGrid-1_5_release/Software/core/integration-tests/projects/sdk44StyleTests/temp/DataServiceWithSdk44/schema/DataServiceWithSdk44/gov.nih.nci.cacoresdk.domain.inheritance.multiplechild.xsd
Getting namespaces from schema /Users/ervin/Projects/caGrid/caGrid-1_5_release/Software/core/integration-tests/projects/sdk44StyleTests/temp/DataServiceWithSdk44/schema/DataServiceWithSdk44/ISO_datatypes_Narrative.xsd
Getting namespaces from schema /Users/ervin/Projects/caGrid/caGrid-1_5_release/Software/core/integration-tests/projects/sdk44StyleTests/temp/DataServiceWithSdk44/schema/DataServiceWithSdk44/./CQLQueryComponents.xsd
Getting namespaces from schema /Users/ervin/Projects/caGrid/caGrid-1_5_release/Software/core/integration-tests/projects/sdk44StyleTests/temp/DataServiceWithSdk44/schema/DataServiceWithSdk44/gov.nih.nci.cacoresdk.domain.inheritance.multiplechild.sametable.xsd
Getting namespaces from schema /Users/ervin/Projects/caGrid/caGrid-1_5_release/Software/core/integration-tests/projects/sdk44StyleTests/temp/DataServiceWithSdk44/schema/DataServiceWithSdk44/ISO_datatypes_Narrative.xsd
Getting namespaces from schema /Users/ervin/Projects/caGrid/caGrid-1_5_release/Software/core/integration-tests/projects/sdk44StyleTests/temp/DataServiceWithSdk44/schema/DataServiceWithSdk44/gov.nih.nci.cacoresdk.domain.inheritance.parentwithassociation.sametable.xsd
Getting namespaces from schema /Users/ervin/Projects/caGrid/caGrid-1_5_release/Software/core/integration-tests/projects/sdk44StyleTests/temp/DataServiceWithSdk44/schema/DataServiceWithSdk44/ISO_datatypes_Narrative.xsd
Getting namespaces from schema /Users/ervin/Projects/caGrid/caGrid-1_5_release/Software/core/integration-tests/projects/sdk44StyleTests/temp/DataServiceWithSdk44/schema/DataServiceWithSdk44/gov.nih.nci.cacoresdk.domain.inheritance.abstrakt.xsd
Getting namespaces from schema /Users/ervin/Projects/caGrid/caGrid-1_5_release/Software/core/integration-tests/projects/sdk44StyleTests/temp/DataServiceWithSdk44/schema/DataServiceWithSdk44/ISO_datatypes_Narrative.xsd
Getting namespaces from schema /Users/ervin/Projects/caGrid/caGrid-1_5_release/Software/core/integration-tests/projects/sdk44StyleTests/temp/DataServiceWithSdk44/schema/DataServiceWithSdk44/gov.nih.nci.cacoresdk.domain.manytomany.bidirectional.xsd
Getting namespaces from schema /Users/ervin/Projects/caGrid/caGrid-1_5_release/Software/core/integration-tests/projects/sdk44StyleTests/temp/DataServiceWithSdk44/schema/DataServiceWithSdk44/ISO_datatypes_Narrative.xsd
Getting namespaces from schema /Users/ervin/Projects/caGrid/caGrid-1_5_release/Software/core/integration-tests/projects/sdk44StyleTests/temp/DataServiceWithSdk44/schema/DataServiceWithSdk44/gov.nih.nci.cacoresdk.domain.onetomany.selfassociation.xsd
Getting namespaces from schema /Users/ervin/Projects/caGrid/caGrid-1_5_release/Software/core/integration-tests/projects/sdk44StyleTests/temp/DataServiceWithSdk44/schema/DataServiceWithSdk44/ISO_datatypes_Narrative.xsd
Getting namespaces from schema /Users/ervin/Projects/caGrid/caGrid-1_5_release/Software/core/integration-tests/projects/sdk44StyleTests/temp/DataServiceWithSdk44/schema/DataServiceWithSdk44/./xsd/cagrid/types/security/security.xsd
Getting namespaces from schema /Users/ervin/Projects/caGrid/caGrid-1_5_release/Software/core/integration-tests/projects/sdk44StyleTests/temp/DataServiceWithSdk44/schema/DataServiceWithSdk44/gov.nih.nci.cacoresdk.domain.other.primarykey.xsd
Getting namespaces from schema /Users/ervin/Projects/caGrid/caGrid-1_5_release/Software/core/integration-tests/projects/sdk44StyleTests/temp/DataServiceWithSdk44/schema/DataServiceWithSdk44/ISO_datatypes_Narrative.xsd
Getting namespaces from schema /Users/ervin/Projects/caGrid/caGrid-1_5_release/Software/core/integration-tests/projects/sdk44StyleTests/temp/DataServiceWithSdk44/schema/DataServiceWithSdk44/gov.nih.nci.cacoresdk.domain.other.differentpackage.xsd
Getting namespaces from schema /Users/ervin/Projects/caGrid/caGrid-1_5_release/Software/core/integration-tests/projects/sdk44StyleTests/temp/DataServiceWithSdk44/schema/DataServiceWithSdk44/gov.nih.nci.cacoresdk.domain.other.differentpackage.associations.xsd
WARNING: Schema imports contain circular references. /Users/ervin/Projects/caGrid/caGrid-1_5_release/Software/core/integration-tests/projects/sdk44StyleTests/temp/DataServiceWithSdk44/schema/DataServiceWithSdk44/gov.nih.nci.cacoresdk.domain.other.differentpackage.associations.xsd
Getting namespaces from schema /Users/ervin/Projects/caGrid/caGrid-1_5_release/Software/core/integration-tests/projects/sdk44StyleTests/temp/DataServiceWithSdk44/schema/DataServiceWithSdk44/ISO_datatypes_Narrative.xsd
WARNING: Schema imports contain circular references. /Users/ervin/Projects/caGrid/caGrid-1_5_release/Software/core/integration-tests/projects/sdk44StyleTests/temp/DataServiceWithSdk44/schema/DataServiceWithSdk44/gov.nih.nci.cacoresdk.domain.other.differentpackage.xsd
Getting namespaces from schema /Users/ervin/Projects/caGrid/caGrid-1_5_release/Software/core/integration-tests/projects/sdk44StyleTests/temp/DataServiceWithSdk44/schema/DataServiceWithSdk44/./xsd/cagrid/types/caGridMetadata.xsd
Getting namespaces from schema /Users/ervin/Projects/caGrid/caGrid-1_5_release/Software/core/integration-tests/projects/sdk44StyleTests/temp/DataServiceWithSdk44/schema/DataServiceWithSdk44/xsd/cagrid/types/common/common.xsd
adding namepace gme://caGrid.caBIG/1.0/gov.nih.nci.cagrid.metadata.service
Getting namespaces from schema /Users/ervin/Projects/caGrid/caGrid-1_5_release/Software/core/integration-tests/projects/sdk44StyleTests/temp/DataServiceWithSdk44/schema/DataServiceWithSdk44/xsd/cagrid/types/service/servicemodel.xsd
WARNING: Schema imports contain circular references. /Users/ervin/Projects/caGrid/caGrid-1_5_release/Software/core/integration-tests/projects/sdk44StyleTests/temp/DataServiceWithSdk44/schema/DataServiceWithSdk44/xsd/cagrid/types/service/servicemodel.xsd
Getting namespaces from schema /Users/ervin/Projects/caGrid/caGrid-1_5_release/Software/core/integration-tests/projects/sdk44StyleTests/temp/DataServiceWithSdk44/schema/DataServiceWithSdk44/gov.nih.nci.cacoresdk.domain.inheritance.childwithassociation.xsd
Getting namespaces from schema /Users/ervin/Projects/caGrid/caGrid-1_5_release/Software/core/integration-tests/projects/sdk44StyleTests/temp/DataServiceWithSdk44/schema/DataServiceWithSdk44/ISO_datatypes_Narrative.xsd
Getting namespaces from schema /Users/ervin/Projects/caGrid/caGrid-1_5_release/Software/core/integration-tests/projects/sdk44StyleTests/temp/DataServiceWithSdk44/schema/DataServiceWithSdk44/gov.nih.nci.cacoresdk.domain.onetoone.bidirectional.xsd
Getting namespaces from schema /Users/ervin/Projects/caGrid/caGrid-1_5_release/Software/core/integration-tests/projects/sdk44StyleTests/temp/DataServiceWithSdk44/schema/DataServiceWithSdk44/ISO_datatypes_Narrative.xsd
Getting namespaces from schema /Users/ervin/Projects/caGrid/caGrid-1_5_release/Software/core/integration-tests/projects/sdk44StyleTests/temp/DataServiceWithSdk44/schema/DataServiceWithSdk44/./CQLQueryResults.xsd
adding namepace http://CQL.caBIG/2/org.cagrid.cql2
Getting namespaces from schema /Users/ervin/Projects/caGrid/caGrid-1_5_release/Software/core/integration-tests/projects/sdk44StyleTests/temp/DataServiceWithSdk44/schema/DataServiceWithSdk44/Aggregations.xsd
Getting namespaces from schema /Users/ervin/Projects/caGrid/caGrid-1_5_release/Software/core/integration-tests/projects/sdk44StyleTests/temp/DataServiceWithSdk44/schema/DataServiceWithSdk44/gov.nih.nci.cacoresdk.domain.onetoone.unidirectional.withjoin.xsd
Getting namespaces from schema /Users/ervin/Projects/caGrid/caGrid-1_5_release/Software/core/integration-tests/projects/sdk44StyleTests/temp/DataServiceWithSdk44/schema/DataServiceWithSdk44/ISO_datatypes_Narrative.xsd
Getting namespaces from schema /Users/ervin/Projects/caGrid/caGrid-1_5_release/Software/core/integration-tests/projects/sdk44StyleTests/temp/DataServiceWithSdk44/schema/DataServiceWithSdk44/gov.nih.nci.cacoresdk.domain.inheritance.onechild.xsd
Getting namespaces from schema /Users/ervin/Projects/caGrid/caGrid-1_5_release/Software/core/integration-tests/projects/sdk44StyleTests/temp/DataServiceWithSdk44/schema/DataServiceWithSdk44/ISO_datatypes_Narrative.xsd
Getting namespaces from schema /Users/ervin/Projects/caGrid/caGrid-1_5_release/Software/core/integration-tests/projects/sdk44StyleTests/temp/DataServiceWithSdk44/schema/DataServiceWithSdk44/gov.nih.nci.cacoresdk.domain.onetoone.unidirectional.xsd
Getting namespaces from schema /Users/ervin/Projects/caGrid/caGrid-1_5_release/Software/core/integration-tests/projects/sdk44StyleTests/temp/DataServiceWithSdk44/schema/DataServiceWithSdk44/ISO_datatypes_Narrative.xsd
Getting namespaces from schema /Users/ervin/Projects/caGrid/caGrid-1_5_release/Software/core/integration-tests/projects/sdk44StyleTests/temp/DataServiceWithSdk44/schema/DataServiceWithSdk44/gov.nih.nci.cacoresdk.domain.inheritance.onechild.sametable.xsd
Getting namespaces from schema /Users/ervin/Projects/caGrid/caGrid-1_5_release/Software/core/integration-tests/projects/sdk44StyleTests/temp/DataServiceWithSdk44/schema/DataServiceWithSdk44/ISO_datatypes_Narrative.xsd
Getting namespaces from schema /Users/ervin/Projects/caGrid/caGrid-1_5_release/Software/core/integration-tests/projects/sdk44StyleTests/temp/DataServiceWithSdk44/schema/DataServiceWithSdk44/gov.nih.nci.cacoresdk.domain.onetoone.multipleassociation.withjoin.xsd
Getting namespaces from schema /Users/ervin/Projects/caGrid/caGrid-1_5_release/Software/core/integration-tests/projects/sdk44StyleTests/temp/DataServiceWithSdk44/schema/DataServiceWithSdk44/ISO_datatypes_Narrative.xsd
Getting namespaces from schema /Users/ervin/Projects/caGrid/caGrid-1_5_release/Software/core/integration-tests/projects/sdk44StyleTests/temp/DataServiceWithSdk44/schema/DataServiceWithSdk44/./ISO_extensions.xsd
Getting namespaces from schema /Users/ervin/Projects/caGrid/caGrid-1_5_release/Software/core/integration-tests/projects/sdk44StyleTests/temp/DataServiceWithSdk44/schema/DataServiceWithSdk44/gov.nih.nci.cacoresdk.domain.onetomany.unidirectional.xsd
Getting namespaces from schema /Users/ervin/Projects/caGrid/caGrid-1_5_release/Software/core/integration-tests/projects/sdk44StyleTests/temp/DataServiceWithSdk44/schema/DataServiceWithSdk44/ISO_datatypes_Narrative.xsd
Getting namespaces from schema /Users/ervin/Projects/caGrid/caGrid-1_5_release/Software/core/integration-tests/projects/sdk44StyleTests/temp/DataServiceWithSdk44/schema/DataServiceWithSdk44/gov.nih.nci.cacoresdk.domain.manytoone.unidirectional.xsd
Getting namespaces from schema /Users/ervin/Projects/caGrid/caGrid-1_5_release/Software/core/integration-tests/projects/sdk44StyleTests/temp/DataServiceWithSdk44/schema/DataServiceWithSdk44/ISO_datatypes_Narrative.xsd
Getting namespaces from schema /Users/ervin/Projects/caGrid/caGrid-1_5_release/Software/core/integration-tests/projects/sdk44StyleTests/temp/DataServiceWithSdk44/schema/DataServiceWithSdk44/gov.nih.nci.cacoresdk.domain.inheritance.twolevelinheritance.sametable.xsd
Getting namespaces from schema /Users/ervin/Projects/caGrid/caGrid-1_5_release/Software/core/integration-tests/projects/sdk44StyleTests/temp/DataServiceWithSdk44/schema/DataServiceWithSdk44/ISO_datatypes_Narrative.xsd
Getting namespaces from schema /Users/ervin/Projects/caGrid/caGrid-1_5_release/Software/core/integration-tests/projects/sdk44StyleTests/temp/DataServiceWithSdk44/schema/DataServiceWithSdk44/gov.nih.nci.cacoresdk.domain.other.validationtype.xsd
Getting namespaces from schema /Users/ervin/Projects/caGrid/caGrid-1_5_release/Software/core/integration-tests/projects/sdk44StyleTests/temp/DataServiceWithSdk44/schema/DataServiceWithSdk44/ISO_datatypes_Narrative.xsd
Getting namespaces from schema /Users/ervin/Projects/caGrid/caGrid-1_5_release/Software/core/integration-tests/projects/sdk44StyleTests/temp/DataServiceWithSdk44/schema/DataServiceWithSdk44/gov.nih.nci.cacoresdk.domain.onetoone.bidirectional.withjoin.xsd
Getting namespaces from schema /Users/ervin/Projects/caGrid/caGrid-1_5_release/Software/core/integration-tests/projects/sdk44StyleTests/temp/DataServiceWithSdk44/schema/DataServiceWithSdk44/ISO_datatypes_Narrative.xsd
Getting namespaces from schema /Users/ervin/Projects/caGrid/caGrid-1_5_release/Software/core/integration-tests/projects/sdk44StyleTests/temp/DataServiceWithSdk44/schema/DataServiceWithSdk44/gov.nih.nci.cacoresdk.domain.other.differentpackage.associations.xsd
Getting namespaces from schema /Users/ervin/Projects/caGrid/caGrid-1_5_release/Software/core/integration-tests/projects/sdk44StyleTests/temp/DataServiceWithSdk44/schema/DataServiceWithSdk44/gov.nih.nci.cacoresdk.domain.other.differentpackage.xsd
WARNING: Schema imports contain circular references. /Users/ervin/Projects/caGrid/caGrid-1_5_release/Software/core/integration-tests/projects/sdk44StyleTests/temp/DataServiceWithSdk44/schema/DataServiceWithSdk44/gov.nih.nci.cacoresdk.domain.other.differentpackage.xsd
Getting namespaces from schema /Users/ervin/Projects/caGrid/caGrid-1_5_release/Software/core/integration-tests/projects/sdk44StyleTests/temp/DataServiceWithSdk44/schema/DataServiceWithSdk44/ISO_datatypes_Narrative.xsd
WARNING: Schema imports contain circular references. /Users/ervin/Projects/caGrid/caGrid-1_5_release/Software/core/integration-tests/projects/sdk44StyleTests/temp/DataServiceWithSdk44/schema/DataServiceWithSdk44/gov.nih.nci.cacoresdk.domain.other.differentpackage.associations.xsd
Getting namespaces from schema /Users/ervin/Projects/caGrid/caGrid-1_5_release/Software/core/integration-tests/projects/sdk44StyleTests/temp/DataServiceWithSdk44/schema/DataServiceWithSdk44/gov.nih.nci.cacoresdk.domain.interfaze.xsd
Getting namespaces from schema /Users/ervin/Projects/caGrid/caGrid-1_5_release/Software/core/integration-tests/projects/sdk44StyleTests/temp/DataServiceWithSdk44/schema/DataServiceWithSdk44/ISO_datatypes_Narrative.xsd
Getting namespaces from schema /Users/ervin/Projects/caGrid/caGrid-1_5_release/Software/core/integration-tests/projects/sdk44StyleTests/temp/DataServiceWithSdk44/schema/DataServiceWithSdk44/gov.nih.nci.cacoresdk.domain.onetomany.unidirectional.withjoin.xsd
Getting namespaces from schema /Users/ervin/Projects/caGrid/caGrid-1_5_release/Software/core/integration-tests/projects/sdk44StyleTests/temp/DataServiceWithSdk44/schema/DataServiceWithSdk44/ISO_datatypes_Narrative.xsd
Getting namespaces from schema /Users/ervin/Projects/caGrid/caGrid-1_5_release/Software/core/integration-tests/projects/sdk44StyleTests/temp/DataServiceWithSdk44/schema/DataServiceWithSdk44/gov.nih.nci.cacoresdk.domain.inheritance.twolevelinheritance.sametablerootlevel.xsd
Getting namespaces from schema /Users/ervin/Projects/caGrid/caGrid-1_5_release/Software/core/integration-tests/projects/sdk44StyleTests/temp/DataServiceWithSdk44/schema/DataServiceWithSdk44/ISO_datatypes_Narrative.xsd
Getting namespaces from schema /Users/ervin/Projects/caGrid/caGrid-1_5_release/Software/core/integration-tests/projects/sdk44StyleTests/temp/DataServiceWithSdk44/schema/DataServiceWithSdk44/gov.nih.nci.cacoresdk.domain.inheritance.twolevelinheritance.xsd
Getting namespaces from schema /Users/ervin/Projects/caGrid/caGrid-1_5_release/Software/core/integration-tests/projects/sdk44StyleTests/temp/DataServiceWithSdk44/schema/DataServiceWithSdk44/ISO_datatypes_Narrative.xsd
Getting namespaces from schema /Users/ervin/Projects/caGrid/caGrid-1_5_release/Software/core/integration-tests/projects/sdk44StyleTests/temp/DataServiceWithSdk44/schema/DataServiceWithSdk44/./DataServiceExceptions.xsd
Getting namespaces from schema /Users/ervin/Projects/caGrid/caGrid-1_5_release/Software/core/integration-tests/projects/sdk44StyleTests/temp/DataServiceWithSdk44/schema/DataServiceWithSdk44/gov.nih.nci.cacoresdk.domain.other.datatype.xsd
Getting namespaces from schema /Users/ervin/Projects/caGrid/caGrid-1_5_release/Software/core/integration-tests/projects/sdk44StyleTests/temp/DataServiceWithSdk44/schema/DataServiceWithSdk44/ISO_datatypes_Narrative.xsd
Getting namespaces from schema /Users/ervin/Projects/caGrid/caGrid-1_5_release/Software/core/integration-tests/projects/sdk44StyleTests/temp/DataServiceWithSdk44/schema/DataServiceWithSdk44/./xsd/cagrid/types/common/common.xsd
Getting namespaces from schema /Users/ervin/Projects/caGrid/caGrid-1_5_release/Software/core/integration-tests/projects/sdk44StyleTests/temp/DataServiceWithSdk44/schema/DataServiceWithSdk44/./1_gov.nih.nci.cagrid.CQLResultSet.xsd
Getting namespaces from schema /Users/ervin/Projects/caGrid/caGrid-1_5_release/Software/core/integration-tests/projects/sdk44StyleTests/temp/DataServiceWithSdk44/schema/DataServiceWithSdk44/gov.nih.nci.cacoresdk.domain.manytomany.unidirectional.xsd
Getting namespaces from schema /Users/ervin/Projects/caGrid/caGrid-1_5_release/Software/core/integration-tests/projects/sdk44StyleTests/temp/DataServiceWithSdk44/schema/DataServiceWithSdk44/ISO_datatypes_Narrative.xsd
Getting namespaces from schema /Users/ervin/Projects/caGrid/caGrid-1_5_release/Software/core/integration-tests/projects/sdk44StyleTests/temp/DataServiceWithSdk44/schema/DataServiceWithSdk44/gov.nih.nci.cacoresdk.domain.other.levelassociation.xsd
Getting namespaces from schema /Users/ervin/Projects/caGrid/caGrid-1_5_release/Software/core/integration-tests/projects/sdk44StyleTests/temp/DataServiceWithSdk44/schema/DataServiceWithSdk44/ISO_datatypes_Narrative.xsd
Getting namespaces from schema /Users/ervin/Projects/caGrid/caGrid-1_5_release/Software/core/integration-tests/projects/sdk44StyleTests/temp/DataServiceWithSdk44/schema/DataServiceWithSdk44/gov.nih.nci.cacoresdk.domain.manytoone.unidirectional.withjoin.xsd
Getting namespaces from schema /Users/ervin/Projects/caGrid/caGrid-1_5_release/Software/core/integration-tests/projects/sdk44StyleTests/temp/DataServiceWithSdk44/schema/DataServiceWithSdk44/ISO_datatypes_Narrative.xsd
Getting namespaces from schema /Users/ervin/Projects/caGrid/caGrid-1_5_release/Software/core/integration-tests/projects/sdk44StyleTests/temp/DataServiceWithSdk44/schema/DataServiceWithSdk44/./1_gov.nih.nci.cagrid.CQLQuery.xsd
OUT> Buildfile: /Users/ervin/Projects/caGrid/caGrid-1_5_release/Software/core/integration-tests/projects/sdk44StyleTests/temp/DataServiceWithSdk44/build.xml
OUT> 
OUT> checkContribTasksDefined:
OUT> 
OUT> defineContribTasks:
OUT> 
OUT> clean:
OUT> 
OUT> preClean:
OUT> 
OUT> postClean:
OUT> 
OUT> checkContribTasksDefined:
OUT> 
OUT> defineContribTasks:
OUT> 
OUT> setGlobus:
OUT> 
OUT> checkGlobus:
OUT>      [echo] Globus: /Users/ervin/Installs/globus/ws-core-4.0.3-sha2/
OUT> 
OUT> defineClasspaths:
OUT> 
OUT> defineExtendedClasspaths:
OUT> 
OUT> init:
OUT> 
OUT> preInit:
OUT>     [mkdir] Created dir: /Users/ervin/Projects/caGrid/caGrid-1_5_release/Software/core/integration-tests/projects/sdk44StyleTests/temp/DataServiceWithSdk44/build
OUT>     [mkdir] Created dir: /Users/ervin/Projects/caGrid/caGrid-1_5_release/Software/core/integration-tests/projects/sdk44StyleTests/temp/DataServiceWithSdk44/build/classes
OUT>     [mkdir] Created dir: /Users/ervin/Projects/caGrid/caGrid-1_5_release/Software/core/integration-tests/projects/sdk44StyleTests/temp/DataServiceWithSdk44/build/test/classes
OUT>     [mkdir] Created dir: /Users/ervin/Projects/caGrid/caGrid-1_5_release/Software/core/integration-tests/projects/sdk44StyleTests/temp/DataServiceWithSdk44/build/lib
OUT>     [mkdir] Created dir: /Users/ervin/Projects/caGrid/caGrid-1_5_release/Software/core/integration-tests/projects/sdk44StyleTests/temp/DataServiceWithSdk44/build/stubs-DataServiceWithSdk44
OUT>     [mkdir] Created dir: /Users/ervin/Projects/caGrid/caGrid-1_5_release/Software/core/integration-tests/projects/sdk44StyleTests/temp/DataServiceWithSdk44/build/stubs-DataServiceWithSdk44/src
OUT>     [mkdir] Created dir: /Users/ervin/Projects/caGrid/caGrid-1_5_release/Software/core/integration-tests/projects/sdk44StyleTests/temp/DataServiceWithSdk44/build/stubs-DataServiceWithSdk44/classes
OUT>     [mkdir] Created dir: /Users/ervin/Projects/caGrid/caGrid-1_5_release/Software/core/integration-tests/projects/sdk44StyleTests/temp/DataServiceWithSdk44/build/schema
OUT>      [copy] Copying 101 files to /Users/ervin/Projects/caGrid/caGrid-1_5_release/Software/core/integration-tests/projects/sdk44StyleTests/temp/DataServiceWithSdk44/build/schema
OUT> 
OUT> postInit:
OUT> 
OUT> merge:
OUT> 
OUT> mergePackageMapping:
OUT>      [echo] Merging /Users/ervin/Projects/caGrid/caGrid-1_5_release/Software/core/integration-tests/projects/sdk44StyleTests/temp/DataServiceWithSdk44/namespace2package.mappings
OUT> 
OUT> BUILD SUCCESSFUL
OUT> Total time: 0 seconds
Set WSDL 2 Java parser timeout to 90000 ms
excluding code generation for non-included QName:{gme://caCORE.caCORE/3.2/gov.nih.nci.cacoresdk.domain.onetomany.unidirectional}LatchKey[0,unbounded]
excluding code generation for non-included QName:{gme://caCORE.caCORE/3.2/gov.nih.nci.cacoresdk.domain.other.differentpackage}Dessert[0,unbounded]
excluding code generation for non-included QName:{gme://caCORE.caCORE/3.2/gov.nih.nci.cacoresdk.domain.inheritance.parentwithassociation}Assistant[0,unbounded]
excluding code generation for non-included QName:{uri:iso.org:21090}tbody[,unbounded]
excluding code generation for non-included QName:{uri:iso.org:21090}colgroup[0,unbounded]
excluding code generation for non-included QName:{gme://caGrid.caBIG/1.0/gov.nih.nci.cagrid.metadata.common}UMLAttribute[0,unbounded]
excluding code generation for non-included QName:{uri:iso.org:21090}col[0,unbounded]
excluding code generation for non-included QName:{gme://caCORE.caCORE/3.2/gov.nih.nci.cacoresdk.domain.inheritance.abstrakt}Pupil[0,unbounded]
excluding code generation for non-included QName:{gme://caCORE.caCORE/3.2/gov.nih.nci.cacoresdk.domain.manytomany.bidirectional}Employee[0,unbounded]
excluding code generation for non-included QName:{gme://caCORE.caCORE/3.2/gov.nih.nci.cacoresdk.domain.manytomany.bidirectional}Project[0,unbounded]
excluding code generation for non-included QName:{gme://caCORE.caCORE/3.2/gov.nih.nci.cacoresdk.domain.inheritance.implicit}Tank[0,unbounded]
excluding code generation for non-included QName:{gme://caCORE.caCORE/3.2/gov.nih.nci.cacoresdk.domain.onetomany.unidirectional.withjoin}Button[0,unbounded]
excluding code generation for non-included QName:{gme://caGrid.caBIG/1.0/gov.nih.nci.cagrid.metadata.common}SemanticMetadata[0,unbounded]
excluding code generation for non-included QName:{gme://caCORE.caCORE/3.2/gov.nih.nci.cacoresdk.domain.other.differentpackage.associations}Utensil[0,unbounded]
excluding code generation for non-included QName:{gme://caCORE.caCORE/3.2/gov.nih.nci.cacoresdk.domain.onetomany.selfassociation}Element[0,unbounded]
excluding code generation for non-included QName:{gme://caCORE.caCORE/3.2/gov.nih.nci.cacoresdk.domain.other.levelassociation}Card[0,unbounded]
excluding code generation for non-included QName:{gme://caGrid.caBIG/1.0/gov.nih.nci.cagrid.metadata.service}ServiceContext[,unbounded]
excluding code generation for non-included QName:{gme://caGrid.caBIG/1.0/gov.nih.nci.cagrid.metadata.service}ContextProperty[0,unbounded]
excluding code generation for non-included QName:{gme://caCORE.caCORE/3.2/gov.nih.nci.cacoresdk.domain.inheritance.parentwithassociation.sametable}Luggage[0,unbounded]
excluding code generation for non-included QName:{gme://caGrid.caBIG/1.0/gov.nih.nci.cagrid.metadata.service}Operation[0,unbounded]
excluding code generation for non-included QName:{gme://caGrid.caBIG/1.0/gov.nih.nci.cagrid.metadata.common}PointOfContact[0,unbounded]
excluding code generation for non-included QName:{gme://caCORE.caCORE/3.2/gov.nih.nci.cacoresdk.domain.inheritance.implicit}Substrate[0,unbounded]
excluding code generation for non-included QName:{gme://caGrid.caBIG/1.0/gov.nih.nci.cagrid.metadata.service}InputParameter[0,unbounded]
excluding code generation for non-included QName:{gme://caCORE.caCORE/3.2/gov.nih.nci.cacoresdk.domain.onetomany.bidirectional}HardDrive[0,unbounded]
excluding code generation for non-included QName:{gme://caGrid.caBIG/1.0/gov.nih.nci.cagrid.metadata.service}Fault[0,unbounded]
excluding code generation for non-included QName:{gme://caCORE.caCORE/3.2/gov.nih.nci.cacoresdk.domain.other.levelassociation}Suit[0,unbounded]
excluding code generation for non-included QName:{uri:iso.org:21090}item[,unbounded]
excluding code generation for non-included QName:{gme://caCORE.caCORE/3.2/gov.nih.nci.cacoresdk.domain.manytomany.unidirectional}Author[0,unbounded]
excluding code generation for non-included QName:{gme://caGrid.caBIG/1.0/gov.nih.nci.cagrid.metadata.common}Enumeration[0,unbounded]
excluding code generation for non-included QName:{gme://caGrid.caBIG/1.0/gov.nih.nci.cagrid.metadata.security}Operation[0,unbounded]
excluding code generation for non-included QName:{gme://caCORE.caCORE/3.2/gov.nih.nci.cacoresdk.domain.onetomany.bidirectional.withjoin}Passanger[0,unbounded]
excluding code generation for non-included QName:{gme://caCORE.caCORE/3.2/gov.nih.nci.cacoresdk.domain.inheritance.twolevelinheritance.sametablerootlevel}ScientificCalculator
excluding code generation for non-included QName:{gme://caCORE.caCORE/3.2/gov.nih.nci.cacoresdk.domain.inheritance.implicit}DiscusFish
excluding code generation for non-included QName:{uri:iso.org:21090}LIST_CD.CE.None
excluding code generation for non-included QName:{uri:iso.org:21090}UVP_CS
excluding code generation for non-included QName:{uri:iso.org:21090}DSET_EN.TN
excluding code generation for non-included QName:{uri:iso.org:21090}CO[0,0]
excluding code generation for non-included QName:{uri:iso.org:21090}BAG_PQ
excluding code generation for non-included QName:{http://CQL.caBIG/2/org.cagrid.cql2}BinaryPredicate
excluding code generation for non-included QName:{uri:iso.org:21090}UVP_EN.TN
excluding code generation for non-included QName:{uri:iso.org:21090}GLIST_MO
excluding code generation for non-included QName:{uri:iso.org:21090}IVL.Low_TS.DateTime.Full
excluding code generation for non-included QName:{uri:iso.org:21090}HIST_ED.Signature
excluding code generation for non-included QName:{gme://caCORE.caCORE/3.2/gov.nih.nci.cacoresdk.domain.manytoone.unidirectional.withjoin}Album
excluding code generation for non-included QName:{uri:iso.org:21090}QSS_TS.Date.Full
excluding code generation for non-included QName:{gme://caCORE.caCORE/3.2/gov.nih.nci.cacoresdk.domain.other.datatype}CdDataType
excluding code generation for non-included QName:{uri:iso.org:21090}UVP_CO
excluding code generation for non-included QName:{http://CQL.caBIG/2/org.cagrid.cql2}UnaryPredicate
excluding code generation for non-included QName:{gme://caCORE.caCORE/3.2/gov.nih.nci.cacoresdk.domain.manytomany.unidirectional}Book
excluding code generation for non-included QName:{uri:iso.org:21090}PIVL_TS.Date.Full
excluding code generation for non-included QName:{uri:iso.org:21090}DSET_SC
excluding code generation for non-included QName:{uri:iso.org:21090}UVP_CD
excluding code generation for non-included QName:{uri:iso.org:21090}DSET_RTO
excluding code generation for non-included QName:{gme://caCORE.caCORE/3.2/gov.nih.nci.cacoresdk.domain.inheritance.twolevelinheritance}Monitor
excluding code generation for non-included QName:{uri:iso.org:21090}>>td>scope
excluding code generation for non-included QName:{gme://caGrid.caBIG/1.0/gov.nih.nci.cagrid.metadata.security}GSITransport
excluding code generation for non-included QName:{uri:iso.org:21090}HIST_II
excluding code generation for non-included QName:{uri:iso.org:21090}BAG_INT.Positive
excluding code generation for non-included QName:{uri:iso.org:21090}QSI_REAL
excluding code generation for non-included QName:{uri:iso.org:21090}DSET_ST
excluding code generation for non-included QName:{uri:iso.org:21090}UVP_BL
excluding code generation for non-included QName:{uri:iso.org:21090}QSU_TS.DateTime
excluding code generation for non-included QName:{gme://caCORE.caCORE/3.2/gov.nih.nci.cacoresdk.domain.inheritance.twolevelinheritance.sametable}PresidentialGovt
excluding code generation for non-included QName:{uri:iso.org:21090}UVP_TS.Date
excluding code generation for non-included QName:{gme://caCORE.caCORE/3.2/gov.nih.nci.cacoresdk.domain.other.datatype}>AllDataType>stringCollection
excluding code generation for non-included QName:{gme://caCORE.caCORE/3.2/gov.nih.nci.cacoresdk.domain.other.datatype}IvlPqDataType
excluding code generation for non-included QName:{uri:iso.org:21090}QSET_MO[0,unbounded]
excluding code generation for non-included QName:{uri:iso.org:21090}IVL.Width_INT
excluding code generation for non-included QName:{gme://caCORE.caCORE/3.2/gov.nih.nci.cacoresdk.domain.onetomany.unidirectional}LatchKey
excluding code generation for non-included QName:{uri:iso.org:21090}PIVL_TS
excluding code generation for non-included QName:{gme://caCORE.caCORE/3.2/gov.nih.nci.cacoresdk.domain.inheritance.multiplechild}UndergraduateStudent
excluding code generation for non-included QName:{uri:iso.org:21090}NPPD_SC.NT
excluding code generation for non-included QName:{uri:iso.org:21090}QSU_CO
excluding code generation for non-included QName:{uri:iso.org:21090}HIST_EN.ON
excluding code generation for non-included QName:{uri:iso.org:21090}COLL_INT.Positive
excluding code generation for non-included QName:{uri:iso.org:21090}UpdateMode
excluding code generation for non-included QName:{uri:iso.org:21090}DSET_TS
excluding code generation for non-included QName:{uri:iso.org:21090}BAG_TS.Date
excluding code generation for non-included QName:{uri:iso.org:21090}CO[0,unbounded]
excluding code generation for non-included QName:{uri:iso.org:21090}UVP_ED.Signature[0,unbounded]
excluding code generation for non-included QName:{uri:iso.org:21090}CDGroup[0,unbounded]
excluding code generation for non-included QName:{uri:iso.org:21090}QSD_TS.DateTime.Full
excluding code generation for non-included QName:{uri:iso.org:21090}UVP_AD
excluding code generation for non-included QName:{uri:iso.org:21090}DSET_MO
excluding code generation for non-included QName:{uri:iso.org:21090}DSET_EN.ON
excluding code generation for non-included QName:{uri:iso.org:21090}UVP_INT.Positive[0,unbounded]
excluding code generation for non-included QName:{uri:iso.org:21090}DSET_SC.NT
excluding code generation for non-included QName:{uri:iso.org:21090}IVL.Width_INT.NonNeg
excluding code generation for non-included QName:{uri:iso.org:21090}UVP_RTO[0,unbounded]
excluding code generation for non-included QName:{uri:iso.org:21090}>paragraph
excluding code generation for non-included QName:{uri:iso.org:21090}UVP_TEL[0,unbounded]
excluding code generation for non-included QName:{gme://caCORE.caCORE/3.2/gov.nih.nci.cacoresdk.domain.onetomany.unidirectional.withjoin}>Shirt>buttonCollection
excluding code generation for non-included QName:{uri:iso.org:21090}BAG_ED.Doc.Inline
excluding code generation for non-included QName:{uri:iso.org:21090}COLL_TS.Birth
excluding code generation for non-included QName:{gme://caCORE.caCORE/3.2/gov.nih.nci.cacoresdk.domain.onetoone.bidirectional}Product
excluding code generation for non-included QName:{uri:iso.org:21090}IVL.High_TS.Date.Full
excluding code generation for non-included QName:{uri:iso.org:21090}INT.NonNeg[0,0]
excluding code generation for non-included QName:{uri:iso.org:21090}DSET_EN.PN
excluding code generation for non-included QName:{uri:iso.org:21090}UVP_ST.NT[0,unbounded]
excluding code generation for non-included QName:{uri:iso.org:21090}SLIST_INT.Positive
excluding code generation for non-included QName:{gme://caCORE.caCORE/3.2/gov.nih.nci.cacoresdk.domain.inheritance.childwithassociation}Cash
excluding code generation for non-included QName:{uri:iso.org:21090}UVP_SC.NT
excluding code generation for non-included QName:{uri:iso.org:21090}NPPD_TS.DateTime.Full
excluding code generation for non-included QName:{uri:iso.org:21090}ADXP[0,unbounded]
excluding code generation for non-included QName:{gme://caCORE.caCORE/3.2/gov.nih.nci.cacoresdk.domain.inheritance.parentwithassociation.sametable}HardTopType
excluding code generation for non-included QName:{uri:iso.org:21090}DSET_TEL.Email
excluding code generation for non-included QName:{uri:iso.org:21090}BAG_PQ.Time
excluding code generation for non-included QName:{uri:iso.org:21090}GLIST_REAL
excluding code generation for non-included QName:{uri:iso.org:21090}SLIST_CO
excluding code generation for non-included QName:{uri:iso.org:21090}UVP_AD[0,unbounded]
excluding code generation for non-included QName:{uri:iso.org:21090}BAG_INT.NonNeg
excluding code generation for non-included QName:{uri:iso.org:21090}HIST_MO
excluding code generation for non-included QName:{uri:iso.org:21090}>>thead>align
excluding code generation for non-included QName:{http://CQL.caBIG/2/org.cagrid.cql2}NamedAssociation[0,unbounded]
excluding code generation for non-included QName:{uri:iso.org:21090}DSET_ED.Signature
excluding code generation for non-included QName:{uri:iso.org:21090}ENXP
excluding code generation for non-included QName:{gme://caCORE.caCORE/3.2/gov.nih.nci.cacoresdk.domain.inheritance.twolevelinheritance}Display
excluding code generation for non-included QName:{uri:iso.org:21090}>>tfoot>valign
excluding code generation for non-included QName:{uri:iso.org:21090}QSET_CO[0,unbounded]
excluding code generation for non-included QName:{uri:iso.org:21090}>>col>valign
excluding code generation for non-included QName:{uri:iso.org:21090}BAG_CD.CE
excluding code generation for non-included QName:{uri:iso.org:21090}NPPD_AD
excluding code generation for non-included QName:{gme://caCORE.caCORE/3.2/gov.nih.nci.cacoresdk.domain.inheritance.twolevelinheritance.sametablerootlevel}GraphicCalculator
excluding code generation for non-included QName:{uri:iso.org:21090}>>thead>valign
excluding code generation for non-included QName:{gme://caCORE.caCORE/3.2/gov.nih.nci.cacoresdk.domain.inheritance.twolevelinheritance.sametablerootlevel}Calculator
excluding code generation for non-included QName:{uri:iso.org:21090}GLIST_TS.DateTime
excluding code generation for non-included QName:{gme://caCORE.caCORE/3.2/gov.nih.nci.cacoresdk.domain.other.datatype}EnPnDataType
excluding code generation for non-included QName:{uri:iso.org:21090}BAG_BL.NonNull
excluding code generation for non-included QName:{uri:iso.org:21090}IVL.High_REAL
excluding code generation for non-included QName:{uri:iso.org:21090}DSET_PQ
excluding code generation for non-included QName:{uri:iso.org:21090}UVP_TEL.Phone[0,unbounded]
excluding code generation for non-included QName:{gme://caGrid.caBIG/1.0/gov.nih.nci.cagrid.metadata.security}>ServiceSecurityMetadata>operations
excluding code generation for non-included QName:{uri:iso.org:21090}>>content>revised
excluding code generation for non-included QName:{uri:iso.org:21090}TS.DateTime.Full
excluding code generation for non-included QName:{uri:iso.org:21090}set_EntityNameUse
excluding code generation for non-included QName:{uri:iso.org:21090}NPPD_BL
excluding code generation for non-included QName:{gme://caCORE.caCORE/3.2/gov.nih.nci.cacoresdk.domain.inheritance.childwithassociation}Credit
excluding code generation for non-included QName:{uri:iso.org:21090}IVL.High_TS.DateTime
excluding code generation for non-included QName:{uri:iso.org:21090}BAG_MO
excluding code generation for non-included QName:{uri:iso.org:21090}DSET_INT.NonNeg
excluding code generation for non-included QName:{gme://caCORE.caCORE/3.2/gov.nih.nci.cacoresdk.domain.other.primarykey}FloatKey
excluding code generation for non-included QName:{gme://caCORE.caCORE/3.2/gov.nih.nci.cacoresdk.domain.inheritance.twolevelinheritance}LCDMonitor
excluding code generation for non-included QName:{uri:iso.org:21090}COLL_ED.Doc.Ref
excluding code generation for non-included QName:{uri:iso.org:21090}QSET_TS.DateTime
excluding code generation for non-included QName:{uri:iso.org:21090}IVL.Low_REAL
excluding code generation for non-included QName:{uri:iso.org:21090}NPPD_ED.Signature
excluding code generation for non-included QName:{uri:iso.org:21090}TEL.Phone
excluding code generation for non-included QName:{uri:iso.org:21090}UVP_TS.DateTime[0,unbounded]
excluding code generation for non-included QName:{uri:iso.org:21090}LIST_INT
excluding code generation for non-included QName:{uri:iso.org:21090}HIST_TS.Birth
excluding code generation for non-included QName:{uri:iso.org:21090}GLIST_TS
excluding code generation for non-included QName:{gme://caCORE.caCORE/3.2/gov.nih.nci.cacoresdk.domain.other.datatype}AdDataType
excluding code generation for non-included QName:{uri:iso.org:21090}URL
excluding code generation for non-included QName:{uri:iso.org:21090}CalendarCycle
excluding code generation for non-included QName:{gme://caGrid.caBIG/1.0/gov.nih.nci.cagrid.metadata.common}Address
excluding code generation for non-included QName:{uri:iso.org:21090}COLL_TS.Date
excluding code generation for non-included QName:{gme://caCORE.caCORE/3.2/gov.nih.nci.cacoresdk.domain.other.primarykey}FloatPrimitiveKey
excluding code generation for non-included QName:{uri:iso.org:21090}PQR
excluding code generation for non-included QName:{uri:iso.org:21090}DSET_TEL.Url
excluding code generation for non-included QName:{uri:iso.org:21090}QSET_TS.Birth[0,unbounded]
excluding code generation for non-included QName:{uri:iso.org:21090}UVP_INT.NonNeg
excluding code generation for non-included QName:{http://CQL.caBIG/2/org.cagrid.cql2}NamedAttribute
excluding code generation for non-included QName:{uri:iso.org:21090}REAL[0,0]
excluding code generation for non-included QName:{uri:iso.org:21090}>thead
excluding code generation for non-included QName:{uri:iso.org:21090}NPPD_BL.NonNull
excluding code generation for non-included QName:{uri:iso.org:21090}DSET_TS.Birth
excluding code generation for non-included QName:{uri:iso.org:21090}IVL_INT.Positive
excluding code generation for non-included QName:{gme://caCORE.caCORE/3.2/gov.nih.nci.cacoresdk.domain.other.datatype}EdTextDataType
excluding code generation for non-included QName:{gme://caCORE.caCORE/3.2/gov.nih.nci.cacoresdk.domain.other.datatype}StNtDataType
excluding code generation for non-included QName:{uri:iso.org:21090}DSET_TS.Date.Full
excluding code generation for non-included QName:{gme://caCORE.caCORE/3.2/gov.nih.nci.cacoresdk.domain.inheritance.parentwithassociation.sametable}SoftTop
excluding code generation for non-included QName:{gme://caCORE.caCORE/3.2/gov.nih.nci.cacoresdk.domain.inheritance.abstrakt}PrivateTeacher
excluding code generation for non-included QName:{uri:iso.org:21090}QSS_CO
excluding code generation for non-included QName:{uri:iso.org:21090}COLL_EN.TN
excluding code generation for non-included QName:{uri:iso.org:21090}EIVL_TS.Birth
excluding code generation for non-included QName:{uri:iso.org:21090}ST.NT[0,unbounded]
excluding code generation for non-included QName:{gme://caCORE.caCORE/3.2/gov.nih.nci.cacoresdk.domain.other.datatype}DsetCdDataType
excluding code generation for non-included QName:{uri:iso.org:21090}UVP_TEL
excluding code generation for non-included QName:{uri:iso.org:21090}HIST_TS.DateTime.Full
excluding code generation for non-included QName:{uri:iso.org:21090}BAG_II
excluding code generation for non-included QName:{uri:iso.org:21090}HIST_AD
excluding code generation for non-included QName:{gme://caCORE.caCORE/3.2/gov.nih.nci.cacoresdk.domain.onetoone.multipleassociation.withjoin}Bride
excluding code generation for non-included QName:{uri:iso.org:21090}UVP_MO[0,unbounded]
excluding code generation for non-included QName:{uri:iso.org:21090}UVP_II
excluding code generation for non-included QName:{uri:iso.org:21090}INT.NonNeg
excluding code generation for non-included QName:{uri:iso.org:21090}IVL.Width_PQ.Time
excluding code generation for non-included QName:{uri:iso.org:21090}BL[0,unbounded]
excluding code generation for non-included QName:{gme://caGrid.caBIG/1.0/gov.nih.nci.cagrid.metadata.common}UMLAttribute
excluding code generation for non-included QName:{uri:iso.org:21090}LIST_INT.Positive
excluding code generation for non-included QName:{uri:iso.org:21090}BAG_ED.Doc
excluding code generation for non-included QName:{http://org.cagrid.dataservice.cql/QueryLanguageSupport}Cql2SupportType
excluding code generation for non-included QName:{gme://caCORE.caCORE/3.2/gov.nih.nci.cacoresdk.domain.other.primarykey}NoIdKey
excluding code generation for non-included QName:{uri:iso.org:21090}UVP_ED.Doc[0,unbounded]
excluding code generation for non-included QName:{uri:iso.org:21090}UVP_CD[0,unbounded]
excluding code generation for non-included QName:{gme://caCORE.caCORE/3.2/gov.nih.nci.cacoresdk.domain.onetoone.unidirectional.withjoin}Bag
excluding code generation for non-included QName:{uri:iso.org:21090}COLL_ST.NT
excluding code generation for non-included QName:{uri:iso.org:21090}AddressPartType
excluding code generation for non-included QName:{uri:iso.org:21090}QSS_TS.DateTime
excluding code generation for non-included QName:{uri:iso.org:21090}QSET_REAL[0,unbounded]
excluding code generation for non-included QName:{uri:iso.org:21090}UVP_TS.DateTime.Full[0,unbounded]
excluding code generation for non-included QName:{uri:iso.org:21090}HIST_BL
excluding code generation for non-included QName:{uri:iso.org:21090}RTO
excluding code generation for non-included QName:{gme://caCORE.caCORE/3.2/gov.nih.nci.cacoresdk.domain.other.datatype}AllDataType
excluding code generation for non-included QName:{uri:iso.org:21090}HIST_CD
excluding code generation for non-included QName:{gme://caCORE.caCORE/3.2/gov.nih.nci.cacoresdk.domain.inheritance.multiplechild.sametable}Organization
excluding code generation for non-included QName:{uri:iso.org:21090}COLL_CD.CV
excluding code generation for non-included QName:{uri:iso.org:21090}UVP_EN.PN
excluding code generation for non-included QName:{uri:iso.org:21090}BAG_CO
excluding code generation for non-included QName:{uri:iso.org:21090}BAG_TEL.Url
excluding code generation for non-included QName:{gme://caCORE.caCORE/3.2/gov.nih.nci.cacoresdk.domain.inheritance.implicit}>TankAccessory>tankCollection
excluding code generation for non-included QName:{uri:iso.org:21090}IVL.Width_TS.Birth
excluding code generation for non-included QName:{uri:iso.org:21090}PQ.Time[0,unbounded]
excluding code generation for non-included QName:{uri:iso.org:21090}DSET_ED.Doc.Ref
excluding code generation for non-included QName:{uri:iso.org:21090}DSET_BL.NonNull
excluding code generation for non-included QName:{uri:iso.org:21090}GLIST_PQ
excluding code generation for non-included QName:{uri:iso.org:21090}BAG_CS
excluding code generation for non-included QName:{gme://caCORE.caCORE/3.2/gov.nih.nci.cacoresdk.domain.inheritance.parentwithassociation}Professor
excluding code generation for non-included QName:{uri:iso.org:21090}UVP_ED.Narrative
excluding code generation for non-included QName:{uri:iso.org:21090}HIST_CO
excluding code generation for non-included QName:{uri:iso.org:21090}BAG_CD
excluding code generation for non-included QName:{uri:iso.org:21090}HIST_CS
excluding code generation for non-included QName:{uri:iso.org:21090}BAG_TEL.Person
excluding code generation for non-included QName:{uri:iso.org:21090}COLL_EN.ON
excluding code generation for non-included QName:{gme://caCORE.caCORE/3.2/gov.nih.nci.cacoresdk.domain.other.differentpackage.associations}>Utensil>dessertCollection
excluding code generation for non-included QName:{uri:iso.org:21090}DSET_CD.CE
excluding code generation for non-included QName:{uri:iso.org:21090}IVL.Low_TS.Date.Full
excluding code generation for non-included QName:{uri:iso.org:21090}UVP_INT.NonNeg[0,unbounded]
excluding code generation for non-included QName:{uri:iso.org:21090}HIST_TS.Date
excluding code generation for non-included QName:{uri:iso.org:21090}PQ[0,0]
excluding code generation for non-included QName:{uri:iso.org:21090}BAG_BL
excluding code generation for non-included QName:{gme://caGrid.caBIG/1.0/gov.nih.nci.cagrid.metadata.security}GSISecureMessage
excluding code generation for non-included QName:{uri:iso.org:21090}UVP_EN.ON
excluding code generation for non-included QName:{uri:iso.org:21090}DSET_CD.CV
excluding code generation for non-included QName:{uri:iso.org:21090}BAG_SC.NT
excluding code generation for non-included QName:{uri:iso.org:21090}COLL_EN.PN
excluding code generation for non-included QName:{uri:iso.org:21090}UVP_CD.CE.None[0,unbounded]
excluding code generation for non-included QName:{gme://caCORE.caCORE/3.2/gov.nih.nci.cacoresdk.domain.manytomany.bidirectional}>Employee>projectCollection
excluding code generation for non-included QName:{uri:iso.org:21090}LIST_ED.Signature
excluding code generation for non-included QName:{uri:iso.org:21090}HIST_ED
excluding code generation for non-included QName:{uri:iso.org:21090}QTY[0,0]
excluding code generation for non-included QName:{uri:iso.org:21090}PQ[0,unbounded]
excluding code generation for non-included QName:{uri:iso.org:21090}>>tr>align
excluding code generation for non-included QName:{uri:iso.org:21090}GLIST_INT.NonNeg
excluding code generation for non-included QName:{uri:iso.org:21090}DSET_REAL
excluding code generation for non-included QName:{uri:iso.org:21090}PIVL_TS.Date
excluding code generation for non-included QName:{uri:iso.org:21090}BAG_EN
excluding code generation for non-included QName:{uri:iso.org:21090}BAG_ED.Signature
excluding code generation for non-included QName:{uri:iso.org:21090}LIST_ED.Text
excluding code generation for non-included QName:{gme://caGrid.caBIG/1.0/gov.nih.nci.cagrid.metadata.service}ServiceContext
excluding code generation for non-included QName:{uri:iso.org:21090}COLL_BL.NonNull
excluding code generation for non-included QName:{uri:iso.org:21090}HIST_INT.Positive
excluding code generation for non-included QName:{uri:iso.org:21090}UVP_EN
excluding code generation for non-included QName:{uri:iso.org:21090}HIST_EN
excluding code generation for non-included QName:{uri:iso.org:21090}BAG_ED
excluding code generation for non-included QName:{uri:iso.org:21090}COLL_INT
excluding code generation for non-included QName:{gme://caCORE.caCORE/3.2/gov.nih.nci.cacoresdk.domain.other.primarykey}DoubleKey
excluding code generation for non-included QName:{gme://caGrid.caBIG/1.0/gov.nih.nci.cagrid.metadata.security}None
excluding code generation for non-included QName:{uri:iso.org:21090}BAG_REAL
excluding code generation for non-included QName:{uri:iso.org:21090}IVL.Width_CO
excluding code generation for non-included QName:{gme://caCORE.caCORE/3.2/gov.nih.nci.cacoresdk.domain.inheritance.parentwithassociation}AssociateProfessor
excluding code generation for non-included QName:{uri:iso.org:21090}>>colgroup>align
excluding code generation for non-included QName:{gme://caCORE.caCORE/3.2/gov.nih.nci.cacoresdk.domain.inheritance.onechild}Human
excluding code generation for non-included QName:{gme://caGrid.caBIG/1.0/gov.nih.nci.cagrid.metadata.service}>ServiceContext>contextPropertyCollection
excluding code generation for non-included QName:{uri:iso.org:21090}UVP_ED
excluding code generation for non-included QName:{gme://caCORE.caCORE/3.2/gov.nih.nci.cacoresdk.domain.manytomany.unidirectional}>Book>authorCollection
excluding code generation for non-included QName:{gme://caCORE.caCORE/3.2/gov.nih.nci.cacoresdk.domain.other.primarykey}IntegerPrimitiveKey
excluding code generation for non-included QName:{uri:iso.org:21090}COLL_SC
excluding code generation for non-included QName:{uri:iso.org:21090}INT[0,0]
excluding code generation for non-included QName:{uri:iso.org:21090}>>th>align
excluding code generation for non-included QName:{uri:iso.org:21090}UVP_SC
excluding code generation for non-included QName:{gme://caGrid.caBIG/1.0/gov.nih.nci.cagrid.metadata.service}Operation
excluding code generation for non-included QName:{uri:iso.org:21090}IVL.Low_INT
excluding code generation for non-included QName:{uri:iso.org:21090}NPPD_INT
excluding code generation for non-included QName:{uri:iso.org:21090}QSU_TS.Birth
excluding code generation for non-included QName:{uri:iso.org:21090}NPPD_REAL
excluding code generation for non-included QName:{uri:iso.org:21090}COLL_ED.Doc.Inline
excluding code generation for non-included QName:{uri:iso.org:21090}COLL_ST
excluding code generation for non-included QName:{uri:iso.org:21090}QSET_INT
excluding code generation for non-included QName:{gme://caGrid.caBIG/1.0/gov.nih.nci.cagrid.metadata.service}>Service>pointOfContactCollection
excluding code generation for non-included QName:{uri:iso.org:21090}TS.Date
excluding code generation for non-included QName:{uri:iso.org:21090}ED.Narrative
excluding code generation for non-included QName:{uri:iso.org:21090}UVP_ST
excluding code generation for non-included QName:{uri:iso.org:21090}IVL_CO
excluding code generation for non-included QName:{uri:iso.org:21090}>content
excluding code generation for non-included QName:{uri:iso.org:21090}UVP_TEL.Person
excluding code generation for non-included QName:{gme://caCORE.caCORE/3.2/gov.nih.nci.cacoresdk.domain.manytoone.unidirectional}Restaurant
excluding code generation for non-included QName:{gme://caGrid.caBIG/1.0/gov.nih.nci.cagrid.metadata.service}>Operation>faultCollection
excluding code generation for non-included QName:{uri:iso.org:21090}IVL_INT.NonNeg
excluding code generation for non-included QName:{uri:iso.org:21090}UVP_TS
excluding code generation for non-included QName:{uri:iso.org:21090}COLL_SC.NT
excluding code generation for non-included QName:{uri:iso.org:21090}IVL.Low_RTO
excluding code generation for non-included QName:{uri:iso.org:21090}QSD_MO
excluding code generation for non-included QName:{http://CQL.caBIG/2/org.cagrid.cql2}NamedAssociationList
excluding code generation for non-included QName:{uri:iso.org:21090}COLL_TS
excluding code generation for non-included QName:{uri:iso.org:21090}EN.TN
excluding code generation for non-included QName:{uri:iso.org:21090}PIVL_TS.Birth
excluding code generation for non-included QName:{http://CQL.caBIG/2/org.cagrid.cql2}CQLAttribute
excluding code generation for non-included QName:{uri:iso.org:21090}Narrative
excluding code generation for non-included QName:{uri:iso.org:21090}QSU_TS
excluding code generation for non-included QName:{uri:iso.org:21090}QSU_INT.Positive
excluding code generation for non-included QName:{uri:iso.org:21090}HIST_TEL.Email
excluding code generation for non-included QName:{gme://caCORE.caCORE/3.2/gov.nih.nci.cacoresdk.domain.other.datatype}IiDataType
excluding code generation for non-included QName:{uri:iso.org:21090}QSP_PQ
excluding code generation for non-included QName:{uri:iso.org:21090}IVL.High_TS.DateTime.Full
excluding code generation for non-included QName:{uri:iso.org:21090}ED.Text
excluding code generation for non-included QName:{uri:iso.org:21090}TS.Date[0,unbounded]
excluding code generation for non-included QName:{uri:iso.org:21090}QSU_TS.Date.Full
excluding code generation for non-included QName:{uri:iso.org:21090}ST[0,0]
excluding code generation for non-included QName:{uri:iso.org:21090}NPPD_TS.Date.Full
excluding code generation for non-included QName:{gme://caCORE.caCORE/3.2/gov.nih.nci.cacoresdk.domain.other.differentpackage}Dessert
excluding code generation for non-included QName:{uri:iso.org:21090}QSD_PQ
excluding code generation for non-included QName:{uri:iso.org:21090}QSET_INT.NonNeg
excluding code generation for non-included QName:{gme://caCORE.caCORE/3.2/gov.nih.nci.cacoresdk.domain.inheritance.parentwithassociation.sametable}>Wheel>luggage
excluding code generation for non-included QName:{uri:iso.org:21090}QSP_MO
excluding code generation for non-included QName:{uri:iso.org:21090}QSET_INT.Positive[0,unbounded]
excluding code generation for non-included QName:{uri:iso.org:21090}COLL_CD.CE
excluding code generation for non-included QName:{gme://caGrid.caBIG/1.0/gov.nih.nci.cagrid.metadata.common}>ResearchCenter>pointOfContactCollection
excluding code generation for non-included QName:{uri:iso.org:21090}DSET_TS.Date
excluding code generation for non-included QName:{uri:iso.org:21090}SLIST_TS.DateTime
excluding code generation for non-included QName:{uri:iso.org:21090}NPPD_MO
excluding code generation for non-included QName:{uri:iso.org:21090}IVL_TS.DateTime
excluding code generation for non-included QName:{uri:iso.org:21090}QSS_TS.Date
excluding code generation for non-included QName:{uri:iso.org:21090}NPPD_CD.CE
excluding code generation for non-included QName:{gme://caCORE.caCORE/3.2/gov.nih.nci.cacoresdk.domain.inheritance.multiplechild.sametable}PvtOrganization
excluding code generation for non-included QName:{http://CQL.caBIG/2/org.cagrid.cql2}CQLGroup[,unbounded]
excluding code generation for non-included QName:{uri:iso.org:21090}SLIST_TS.Birth
excluding code generation for non-included QName:{uri:iso.org:21090}EIVL_TS.DateTime
excluding code generation for non-included QName:{uri:iso.org:21090}NPPD_CD.CV
excluding code generation for non-included QName:{uri:iso.org:21090}IVL.Width_REAL
excluding code generation for non-included QName:{uri:iso.org:21090}IVL.Width_TS.Date.Full
excluding code generation for non-included QName:{gme://caGrid.caBIG/1.0/gov.nih.nci.cagrid.metadata}ServiceMetadata
excluding code generation for non-included QName:{uri:iso.org:21090}EN.PN
excluding code generation for non-included QName:{uri:iso.org:21090}LIST_TS.Date
excluding code generation for non-included QName:{uri:iso.org:21090}BAG_RTO
excluding code generation for non-included QName:{uri:iso.org:21090}NPPD_PQ
excluding code generation for non-included QName:{uri:iso.org:21090}LIST_PQ.Time
excluding code generation for non-included QName:{uri:iso.org:21090}NPPD_ED.Doc.Inline
excluding code generation for non-included QName:{uri:iso.org:21090}IVL.Width_TS.Date
excluding code generation for non-included QName:{uri:iso.org:21090}QSS_TS
excluding code generation for non-included QName:{uri:iso.org:21090}UVP_EN.ON[0,unbounded]
excluding code generation for non-included QName:{uri:iso.org:21090}EN.ON
excluding code generation for non-included QName:{uri:iso.org:21090}UVP_ED.Image[0,unbounded]
excluding code generation for non-included QName:{gme://caCORE.caCORE/3.2/gov.nih.nci.cacoresdk.domain.inheritance.childwithassociation.sametable}DesignerShoes
excluding code generation for non-included QName:{uri:iso.org:21090}HIST_ED.Doc.Inline
excluding code generation for non-included QName:{uri:iso.org:21090}NPPD_TEL.Url
excluding code generation for non-included QName:{uri:iso.org:21090}QSP_TS
excluding code generation for non-included QName:{uri:iso.org:21090}UVP_PQ
excluding code generation for non-included QName:{gme://caCORE.caCORE/3.2/gov.nih.nci.cacoresdk.domain.other.levelassociation}>Suit>cardCollection
excluding code generation for non-included QName:{uri:iso.org:21090}QSS_RTO
excluding code generation for non-included QName:{uri:iso.org:21090}QSU_PQ
excluding code generation for non-included QName:{uri:iso.org:21090}EIVL_TS.DateTime.Full
excluding code generation for non-included QName:{uri:iso.org:21090}COLL_PQ
excluding code generation for non-included QName:{uri:iso.org:21090}>table
excluding code generation for non-included QName:{gme://caCORE.caCORE/3.2/gov.nih.nci.cacoresdk.domain.onetoone.unidirectional}Person
excluding code generation for non-included QName:{uri:iso.org:21090}QSI_TS.DateTime
excluding code generation for non-included QName:{uri:iso.org:21090}HIST_CD.CE.None
excluding code generation for non-included QName:{uri:iso.org:21090}QSET_TS.Birth
excluding code generation for non-included QName:{uri:iso.org:21090}IVL.Width_TS.DateTime.Full
excluding code generation for non-included QName:{uri:iso.org:21090}UVP_ED.Doc
excluding code generation for non-included QName:{gme://caCORE.caCORE/3.2/gov.nih.nci.cacoresdk.domain.inheritance.multiplechild}GraduateStudent
excluding code generation for non-included QName:{uri:iso.org:21090}QSET_INT.NonNeg[0,unbounded]
excluding code generation for non-included QName:{uri:iso.org:21090}QSI_RTO
excluding code generation for non-included QName:{uri:iso.org:21090}UVP_MO
excluding code generation for non-included QName:{uri:iso.org:21090}UVP_TEL.Phone
excluding code generation for non-included QName:{uri:iso.org:21090}NPPD_SC
excluding code generation for non-included QName:{uri:iso.org:21090}QSET.BoundedPIVL
excluding code generation for non-included QName:{uri:iso.org:21090}BL.NonNull
excluding code generation for non-included QName:{uri:iso.org:21090}QSU_REAL
excluding code generation for non-included QName:{uri:iso.org:21090}COLL_ED.Doc
excluding code generation for non-included QName:{uri:iso.org:21090}COLL_INT.NonNeg
excluding code generation for non-included QName:{uri:iso.org:21090}UVP_SC[0,unbounded]
excluding code generation for non-included QName:{gme://caCORE.caCORE/3.2/gov.nih.nci.cacoresdk.domain.onetomany.bidirectional}>Computer>hardDriveCollection
excluding code generation for non-included QName:{uri:iso.org:21090}QSS_PQ
excluding code generation for non-included QName:{uri:iso.org:21090}UVP_REAL
excluding code generation for non-included QName:{uri:iso.org:21090}QSU_MO
excluding code generation for non-included QName:{uri:iso.org:21090}UVP_TEL.Person[0,unbounded]
excluding code generation for non-included QName:{uri:iso.org:21090}NPPD_PQ.Time
excluding code generation for non-included QName:{uri:iso.org:21090}BAG_CD.CV
excluding code generation for non-included QName:{uri:iso.org:21090}IVL.Width_MO
excluding code generation for non-included QName:{uri:iso.org:21090}TimingEvent
excluding code generation for non-included QName:{uri:iso.org:21090}COLL_ED.Narrative
excluding code generation for non-included QName:{http://CQL.caBIG/2/org.cagrid.cql2}NamedAttribute[,unbounded]
excluding code generation for non-included QName:{gme://caCORE.caCORE/3.2/gov.nih.nci.cacoresdk.domain.other.primarykey}StringKey
excluding code generation for non-included QName:{uri:iso.org:21090}BAG_ED.Image
excluding code generation for non-included QName:{http://CQL.caBIG/2/org.cagrid.cql2.results}CQLAttributeResult
excluding code generation for non-included QName:{uri:iso.org:21090}UVP_TS.Birth
excluding code generation for non-included QName:{gme://caCORE.caCORE/3.2/gov.nih.nci.cacoresdk.domain.inheritance.implicit}Substrate
excluding code generation for non-included QName:{uri:iso.org:21090}TEL
excluding code generation for non-included QName:{uri:iso.org:21090}QSU_TS.DateTime.Full
excluding code generation for non-included QName:{gme://caCORE.caCORE/3.2/gov.nih.nci.cacoresdk.domain.inheritance.parentwithassociation}Assistant
excluding code generation for non-included QName:{uri:iso.org:21090}NPPD_CS
excluding code generation for non-included QName:{uri:iso.org:21090}NPPD_RTO
excluding code generation for non-included QName:{gme://caCORE.caCORE/3.2/gov.nih.nci.cacoresdk.domain.inheritance.abstrakt}Pupil
excluding code generation for non-included QName:{uri:iso.org:21090}GLIST_CO
excluding code generation for non-included QName:{gme://caCORE.caCORE/3.2/gov.nih.nci.cacoresdk.domain.other.primarykey}LongKey
excluding code generation for non-included QName:{uri:iso.org:21090}NPPD_CO
excluding code generation for non-included QName:{uri:iso.org:21090}LIST_TS.Date.Full
excluding code generation for non-included QName:{uri:iso.org:21090}NPPD_CD
excluding code generation for non-included QName:{gme://caGrid.caBIG/1.0/gov.nih.nci.cagrid.metadata.common}SemanticMetadata
excluding code generation for non-included QName:{uri:iso.org:21090}IVL.Width_TS.DateTime
excluding code generation for non-included QName:{uri:iso.org:21090}HIST_EN.TN
excluding code generation for non-included QName:{http://CQL.caBIG/2/org.cagrid.cql2}PopulationDepth
excluding code generation for non-included QName:{uri:iso.org:21090}UncertaintyType
excluding code generation for non-included QName:{uri:iso.org:21090}LIST_ED.Doc.Inline
excluding code generation for non-included QName:{uri:iso.org:21090}TEL[0,0]
excluding code generation for non-included QName:{uri:iso.org:21090}LIST_AD
excluding code generation for non-included QName:{uri:iso.org:21090}UVP_TEL.Url[0,unbounded]
excluding code generation for non-included QName:{uri:iso.org:21090}UVP_SC.NT[0,unbounded]
excluding code generation for non-included QName:{gme://caCORE.caCORE/3.2/gov.nih.nci.cacoresdk.domain.other.datatype}PqDataType
excluding code generation for non-included QName:{uri:iso.org:21090}SC.NT[0,unbounded]
excluding code generation for non-included QName:{uri:iso.org:21090}IVL.Low_INT.Positive
excluding code generation for non-included QName:{uri:iso.org:21090}EIVL_TS.Date.Full
excluding code generation for non-included QName:{gme://caCORE.caCORE/3.2/gov.nih.nci.cacoresdk.domain.other.levelassociation}Hand
excluding code generation for non-included QName:{gme://caCORE.caCORE/3.2/gov.nih.nci.cacoresdk.domain.other.primarykey}CharacterPrimitiveKey
excluding code generation for non-included QName:{uri:iso.org:21090}TS[0,unbounded]
excluding code generation for non-included QName:{uri:iso.org:21090}>list
excluding code generation for non-included QName:{uri:iso.org:21090}COLL_ED.Signature
excluding code generation for non-included QName:{uri:iso.org:21090}QSP_PQ.Time
excluding code generation for non-included QName:{uri:iso.org:21090}UVP_INT
excluding code generation for non-included QName:{uri:iso.org:21090}RTO[0,0]
excluding code generation for non-included QName:{uri:iso.org:21090}GLIST_RTO
excluding code generation for non-included QName:{gme://caCORE.caCORE/3.2/gov.nih.nci.cacoresdk.domain.inheritance.parentwithassociation}>Professor>assistantCollection
excluding code generation for non-included QName:{uri:iso.org:21090}NPPD_EN
excluding code generation for non-included QName:{uri:iso.org:21090}II[0,unbounded]
excluding code generation for non-included QName:{uri:iso.org:21090}NPPD_ED
excluding code generation for non-included QName:{uri:iso.org:21090}BAG_ED.Text
excluding code generation for non-included QName:{http://CQL.caBIG/2/org.cagrid.cql2}NamedAssociation
excluding code generation for non-included QName:{uri:iso.org:21090}COLL_TEL
excluding code generation for non-included QName:{http://CQL.caBIG/2/org.cagrid.cql2}Aggregation
excluding code generation for non-included QName:{http://CQL.caBIG/2/org.cagrid.cql2.results}TargetAttribute[,unbounded]
excluding code generation for non-included QName:{uri:iso.org:21090}>linkHtml
excluding code generation for non-included QName:{uri:iso.org:21090}UVP_ST.NT
excluding code generation for non-included QName:{uri:iso.org:21090}LIST_CO
excluding code generation for non-included QName:{uri:iso.org:21090}UVP_PQ.Time
excluding code generation for non-included QName:{uri:iso.org:21090}SLIST_TS.Date.Full
excluding code generation for non-included QName:{uri:iso.org:21090}BAG_ST
excluding code generation for non-included QName:{uri:iso.org:21090}UVP_RTO
excluding code generation for non-included QName:{uri:iso.org:21090}UVP_TEL.Email
excluding code generation for non-included QName:{gme://caCORE.caCORE/3.2/gov.nih.nci.cacoresdk.domain.other.primarykey}StringPrimitiveKey
excluding code generation for non-included QName:{uri:iso.org:21090}GLIST_INT
excluding code generation for non-included QName:{uri:iso.org:21090}LIST_CD
excluding code generation for non-included QName:{uri:iso.org:21090}QSU_INT.NonNeg
excluding code generation for non-included QName:{uri:iso.org:21090}BAG_SC
excluding code generation for non-included QName:{uri:iso.org:21090}UVP_CD.CV[0,unbounded]
excluding code generation for non-included QName:{uri:iso.org:21090}LIST_CS
excluding code generation for non-included QName:{uri:iso.org:21090}UVP_CD.CE[0,unbounded]
excluding code generation for non-included QName:{gme://caCORE.caCORE/3.2/gov.nih.nci.cacoresdk.domain.inheritance.abstrakt}Teacher
excluding code generation for non-included QName:{uri:iso.org:21090}NPPD_CD.CE.None
excluding code generation for non-included QName:{uri:iso.org:21090}LIST_BL
excluding code generation for non-included QName:{uri:iso.org:21090}>>td>valign
excluding code generation for non-included QName:{uri:iso.org:21090}BAG_TS
excluding code generation for non-included QName:{uri:iso.org:21090}DSET_ED.Image
excluding code generation for non-included QName:{uri:iso.org:21090}IVL.Width_PQ
excluding code generation for non-included QName:{uri:iso.org:21090}HIST_EN.PN
excluding code generation for non-included QName:{uri:iso.org:21090}TS.Date.Full[0,unbounded]
excluding code generation for non-included QName:{uri:iso.org:21090}QSS_MO
excluding code generation for non-included QName:{uri:iso.org:21090}CD[0,0]
excluding code generation for non-included QName:{uri:iso.org:21090}DSET_CD.CE.None
excluding code generation for non-included QName:{uri:iso.org:21090}UVP_PQ.Time[0,unbounded]
excluding code generation for non-included QName:{uri:iso.org:21090}>>colgroup>valign
excluding code generation for non-included QName:{uri:iso.org:21090}CD.CE.None
excluding code generation for non-included QName:{gme://caGrid.caBIG/1.0/gov.nih.nci.cagrid.metadata.security}ServiceSecurityMetadata
excluding code generation for non-included QName:{uri:iso.org:21090}QSD_REAL
excluding code generation for non-included QName:{gme://caGrid.caBIG/1.0/gov.nih.nci.cagrid.metadata.service}>Operation>inputParameterCollection
excluding code generation for non-included QName:{uri:iso.org:21090}LIST_EN
excluding code generation for non-included QName:{uri:iso.org:21090}DSET_TEL.Person
excluding code generation for non-included QName:{uri:iso.org:21090}QSI_TS.Date.Full
excluding code generation for non-included QName:{http://CQL.caBIG/2/org.cagrid.cql2.results}ExtendedCQLResult
excluding code generation for non-included QName:{gme://caCORE.caCORE/3.2/gov.nih.nci.cacoresdk.domain.other.datatype}BlNonNullDataType
excluding code generation for non-included QName:{gme://caCORE.caCORE/3.2/gov.nih.nci.cacoresdk.domain.onetomany.bidirectional.withjoin}Passanger
excluding code generation for non-included QName:{uri:iso.org:21090}QSD_CO
excluding code generation for non-included QName:{uri:iso.org:21090}LIST_ED
excluding code generation for non-included QName:{uri:iso.org:21090}QSD_TS
excluding code generation for non-included QName:{uri:iso.org:21090}QSP_TS.Date.Full
excluding code generation for non-included QName:{uri:iso.org:21090}COLL_TEL.Url
excluding code generation for non-included QName:{uri:iso.org:21090}QSET_RTO
excluding code generation for non-included QName:{gme://caCORE.caCORE/3.2/gov.nih.nci.cacoresdk.domain.onetoone.bidirectional}OrderLine
excluding code generation for non-included QName:{uri:iso.org:21090}NPPD_ED.Image
excluding code generation for non-included QName:{uri:iso.org:21090}BAG_TS.Birth
excluding code generation for non-included QName:{uri:iso.org:21090}IVL.Width_INT.Positive
excluding code generation for non-included QName:{uri:iso.org:21090}IVL_INT
excluding code generation for non-included QName:{uri:iso.org:21090}COLL_CD.CE.None
excluding code generation for non-included QName:{uri:iso.org:21090}ST[0,unbounded]
excluding code generation for non-included QName:{uri:iso.org:21090}>tbody
excluding code generation for non-included QName:{uri:iso.org:21090}BAG_TS.DateTime
excluding code generation for non-included QName:{uri:iso.org:21090}IVL.Low_PQ.Time
excluding code generation for non-included QName:{uri:iso.org:21090}IVL.High_RTO
excluding code generation for non-included QName:{uri:iso.org:21090}HIST_ED.Text
excluding code generation for non-included QName:{uri:iso.org:21090}NPPD_II
excluding code generation for non-included QName:{uri:iso.org:21090}NPPD_ED.Narrative
excluding code generation for non-included QName:{gme://caCORE.caCORE/3.2/gov.nih.nci.cacoresdk.domain.inheritance.implicit}FishTank
excluding code generation for non-included QName:{uri:iso.org:21090}set_EntityNamePartQualifier
excluding code generation for non-included QName:{uri:iso.org:21090}MO[0,0]
excluding code generation for non-included QName:{gme://caCORE.caCORE/3.2/gov.nih.nci.cacoresdk.domain.onetoone.multipleassociation}Child
excluding code generation for non-included QName:{uri:iso.org:21090}IVL.High_MO
excluding code generation for non-included QName:{uri:iso.org:21090}>renderMultiMedia
excluding code generation for non-included QName:{uri:iso.org:21090}CD.CV[0,unbounded]
excluding code generation for non-included QName:{gme://caCORE.caCORE/3.2/gov.nih.nci.cacoresdk.domain.onetomany.bidirectional}HardDrive
excluding code generation for non-included QName:{uri:iso.org:21090}QSET_TS.Date
excluding code generation for non-included QName:{uri:iso.org:21090}COLL_II
excluding code generation for non-included QName:{uri:iso.org:21090}UVP_TS.Date.Full[0,unbounded]
excluding code generation for non-included QName:{http://CQL.caBIG/2/org.cagrid.cql2}CQLExtension[,unbounded]
excluding code generation for non-included QName:{uri:iso.org:21090}TEL.Email[0,unbounded]
excluding code generation for non-included QName:{uri:iso.org:21090}IVL_PQ
excluding code generation for non-included QName:{uri:iso.org:21090}DSET_INT.Positive
excluding code generation for non-included QName:{uri:iso.org:21090}GLIST_PQ.Time
excluding code generation for non-included QName:{uri:iso.org:21090}QSD_TS.Date
excluding code generation for non-included QName:{uri:iso.org:21090}GLIST_TS.Birth
excluding code generation for non-included QName:{uri:iso.org:21090}UVP_TS.DateTime
excluding code generation for non-included QName:{gme://caCORE.caCORE/3.2/gov.nih.nci.cacoresdk.domain.inheritance.abstrakt}>Teacher>pupilCollection
excluding code generation for non-included QName:{uri:iso.org:21090}LIST_MO
excluding code generation for non-included QName:{uri:iso.org:21090}NPPD_TEL.Phone
excluding code generation for non-included QName:{uri:iso.org:21090}QSD_INT
excluding code generation for non-included QName:{uri:iso.org:21090}ENXP[0,unbounded]
excluding code generation for non-included QName:{uri:iso.org:21090}REAL
excluding code generation for non-included QName:{gme://caCORE.caCORE/3.2/gov.nih.nci.cacoresdk.domain.onetoone.multipleassociation}Parent
excluding code generation for non-included QName:{gme://caCORE.caCORE/3.2/gov.nih.nci.cacoresdk.domain.inheritance.onechild.sametable}Note
excluding code generation for non-included QName:{uri:iso.org:21090}QSET_PQ.Time[0,unbounded]
excluding code generation for non-included QName:{gme://caCORE.caCORE/3.2/gov.nih.nci.cacoresdk.domain.manytomany.bidirectional}Project
excluding code generation for non-included QName:{uri:iso.org:21090}GLIST_TS.Date
excluding code generation for non-included QName:{http://gov.nih.nci.cagrid.data/DataServiceExceptions}QueryProcessingExceptionType
excluding code generation for non-included QName:{uri:iso.org:21090}COLL_ED.Image
excluding code generation for non-included QName:{uri:iso.org:21090}QSET_TS.Date[0,unbounded]
excluding code generation for non-included QName:{uri:iso.org:21090}NPPD_TEL
excluding code generation for non-included QName:{uri:iso.org:21090}IdentifierReliability
excluding code generation for non-included QName:{uri:iso.org:21090}NPPD_EN.ON
excluding code generation for non-included QName:{gme://caGrid.caBIG/1.0/gov.nih.nci.cagrid.metadata}>ServiceMetadata>hostingResearchCenter
excluding code generation for non-included QName:{gme://caCORE.caCORE/3.2/gov.nih.nci.cacoresdk.domain.other.datatype}DsetAdDataType
excluding code generation for non-included QName:{uri:iso.org:21090}QSI_MO
excluding code generation for non-included QName:{uri:iso.org:21090}IVL.Width_TS
excluding code generation for non-included QName:{uri:iso.org:21090}TEL.Person
excluding code generation for non-included QName:{gme://caCORE.caCORE/3.2/gov.nih.nci.cacoresdk.domain.other.datatype}IvlRealDataType
excluding code generation for non-included QName:{uri:iso.org:21090}IVL_TS
excluding code generation for non-included QName:{uri:iso.org:21090}QSP_INT.NonNeg
excluding code generation for non-included QName:{gme://caCORE.caCORE/3.2/gov.nih.nci.cacoresdk.domain.manytoone.unidirectional}Chef
excluding code generation for non-included QName:{uri:iso.org:21090}IVL_TS.DateTime.Full
excluding code generation for non-included QName:{uri:iso.org:21090}UVP_ED.Text
excluding code generation for non-included QName:{gme://caCORE.caCORE/3.2/gov.nih.nci.cacoresdk.domain.other.primarykey}CharacterKey
excluding code generation for non-included QName:{uri:iso.org:21090}NPPD_INT.Positive
excluding code generation for non-included QName:{uri:iso.org:21090}IVL.High_PQ
excluding code generation for non-included QName:{gme://caCORE.caCORE/3.2/gov.nih.nci.cacoresdk.domain.inheritance.twolevelinheritance}CRTMonitor
excluding code generation for non-included QName:{uri:iso.org:21090}ED.Text[0,unbounded]
excluding code generation for non-included QName:{gme://caCORE.caCORE/3.2/gov.nih.nci.cacoresdk.domain.onetoone.bidirectional.withjoin}Chain
excluding code generation for non-included QName:{uri:iso.org:21090}TS.DateTime
excluding code generation for non-included QName:{uri:iso.org:21090}COLL_TEL.Phone
excluding code generation for non-included QName:{uri:iso.org:21090}IVL.High_PQ.Time
excluding code generation for non-included QName:{uri:iso.org:21090}QSS_PQ.Time
excluding code generation for non-included QName:{uri:iso.org:21090}DSET_ED.Narrative
excluding code generation for non-included QName:{uri:iso.org:21090}UVP_TS.Date.Full
excluding code generation for non-included QName:{uri:iso.org:21090}UVP_ED.Doc.Inline[0,unbounded]
excluding code generation for non-included QName:{uri:iso.org:21090}TS
excluding code generation for non-included QName:{uri:iso.org:21090}ED.Signature[0,unbounded]
excluding code generation for non-included QName:{uri:iso.org:21090}CD.CE.None[0,unbounded]
excluding code generation for non-included QName:{uri:iso.org:21090}IVL_RTO
excluding code generation for non-included QName:{uri:iso.org:21090}BL.NonNull[0,unbounded]
excluding code generation for non-included QName:{uri:iso.org:21090}BAG_TEL.Phone
excluding code generation for non-included QName:{uri:iso.org:21090}ST
excluding code generation for non-included QName:{uri:iso.org:21090}ST.NT
excluding code generation for non-included QName:{uri:iso.org:21090}COLL_MO
excluding code generation for non-included QName:{uri:iso.org:21090}UVP_INT.Positive
excluding code generation for non-included QName:{gme://caCORE.caCORE/3.2/gov.nih.nci.cacoresdk.domain.inheritance.twolevelinheritance.sametable}CommunistGovt
excluding code generation for non-included QName:{gme://caCORE.caCORE/3.2/gov.nih.nci.cacoresdk.domain.onetomany.unidirectional.withjoin}Shirt
excluding code generation for non-included QName:{uri:iso.org:21090}EN.TN[0,unbounded]
excluding code generation for non-included QName:{uri:iso.org:21090}TS.Birth[0,unbounded]
excluding code generation for non-included QName:{uri:iso.org:21090}UVP_ED[0,unbounded]
excluding code generation for non-included QName:{uri:iso.org:21090}SC
excluding code generation for non-included QName:{gme://caCORE.caCORE/3.2/gov.nih.nci.cacoresdk.domain.other.levelassociation}>Deck>suitCollection
excluding code generation for non-included QName:{uri:iso.org:21090}LIST_II
excluding code generation for non-included QName:{uri:iso.org:21090}PQ.Time
excluding code generation for non-included QName:{gme://caCORE.caCORE/3.2/gov.nih.nci.cacoresdk.domain.other.datatype}TelPhoneDataType
excluding code generation for non-included QName:{uri:iso.org:21090}IVL_MO
excluding code generation for non-included QName:{uri:iso.org:21090}BAG_TEL
excluding code generation for non-included QName:{uri:iso.org:21090}HIST_ED.Narrative
excluding code generation for non-included QName:{uri:iso.org:21090}ED.Doc.Inline[0,unbounded]
excluding code generation for non-included QName:{http://CQL.caBIG/2/org.cagrid.cql2.results}CQLResult
excluding code generation for non-included QName:{uri:iso.org:21090}set_CodingRationale
excluding code generation for non-included QName:{gme://caCORE.caCORE/3.2/gov.nih.nci.cacoresdk.domain.inheritance.childwithassociation.sametable}SportsShoes
excluding code generation for non-included QName:{uri:iso.org:21090}>>tr>valign
excluding code generation for non-included QName:{uri:iso.org:21090}IVL.Width_RTO
excluding code generation for non-included QName:{uri:iso.org:21090}SLIST_INT
excluding code generation for non-included QName:{uri:iso.org:21090}IVL.Low_TS
excluding code generation for non-included QName:{uri:iso.org:21090}NPPD_INT.NonNeg
excluding code generation for non-included QName:{uri:iso.org:21090}QSD_RTO
excluding code generation for non-included QName:{uri:iso.org:21090}COLL_REAL
excluding code generation for non-included QName:{uri:iso.org:21090}LIST_TEL.Email
excluding code generation for non-included QName:{uri:iso.org:21090}IVL_REAL
excluding code generation for non-included QName:{uri:iso.org:21090}NPPD_TS
excluding code generation for non-included QName:{uri:iso.org:21090}QSD_TS.DateTime
excluding code generation for non-included QName:{uri:iso.org:21090}IVL.Low_TS.Date
excluding code generation for non-included QName:{gme://caCORE.caCORE/3.2/gov.nih.nci.cacoresdk.domain.onetomany.selfassociation}Element
excluding code generation for non-included QName:{http://CQL.caBIG/2/org.cagrid.cql2.results}CQLObjectResult
excluding code generation for non-included QName:{uri:iso.org:21090}BAG_TEL.Email
excluding code generation for non-included QName:{uri:iso.org:21090}UVP_CD.CE
excluding code generation for non-included QName:{gme://caCORE.caCORE/3.2/gov.nih.nci.cacoresdk.domain.other.datatype}EdDataType
excluding code generation for non-included QName:{uri:iso.org:21090}>item
excluding code generation for non-included QName:{uri:iso.org:21090}ED.Doc.Ref[0,unbounded]
excluding code generation for non-included QName:{uri:iso.org:21090}QSP_INT.Positive
excluding code generation for non-included QName:{gme://caGrid.caBIG/1.0/gov.nih.nci.cagrid.metadata.security}GSISecureConversation
excluding code generation for non-included QName:{gme://caCORE.caCORE/3.2/gov.nih.nci.cacoresdk.domain.inheritance.childwithassociation.sametable}Designer
excluding code generation for non-included QName:{uri:iso.org:21090}NPPD_ST
excluding code generation for non-included QName:{uri:iso.org:21090}UVP_CD.CV
excluding code generation for non-included QName:{uri:iso.org:21090}QSP_CO
excluding code generation for non-included QName:{gme://caCORE.caCORE/3.2/gov.nih.nci.cacoresdk.domain.onetomany.unidirectional.withjoin}Button
excluding code generation for non-included QName:{gme://caCORE.caCORE/3.2/gov.nih.nci.cacoresdk.domain.other.datatype}TelEmailDataType
excluding code generation for non-included QName:{gme://caGrid.caBIG/1.0/gov.nih.nci.cagrid.metadata.service}>Service>serviceContextCollection
excluding code generation for non-included QName:{uri:iso.org:21090}EN.PN[0,unbounded]
excluding code generation for non-included QName:{uri:iso.org:21090}UVP_CO[0,unbounded]
excluding code generation for non-included QName:{gme://caCORE.caCORE/3.2/gov.nih.nci.cacoresdk.domain.inheritance.parentwithassociation}AssistantProfessor
excluding code generation for non-included QName:{uri:iso.org:21090}LIST_ED.Narrative
excluding code generation for non-included QName:{uri:iso.org:21090}IVL.High_TS
excluding code generation for non-included QName:{uri:iso.org:21090}QSET_PQ[0,unbounded]
excluding code generation for non-included QName:{uri:iso.org:21090}EntityNamePartType
excluding code generation for non-included QName:{uri:iso.org:21090}PQ
excluding code generation for non-included QName:{uri:iso.org:21090}QSI_PQ
excluding code generation for non-included QName:{uri:iso.org:21090}QSP_TS.Birth
excluding code generation for non-included QName:{uri:iso.org:21090}>>table>rules
excluding code generation for non-included QName:{gme://caCORE.caCORE/3.2/gov.nih.nci.cacoresdk.domain.onetoone.multipleassociation.withjoin}InLaw
excluding code generation for non-included QName:{gme://caCORE.caCORE/3.2/gov.nih.nci.cacoresdk.domain.inheritance.twolevelinheritance.sametable}DemocraticGovt
excluding code generation for non-included QName:{uri:iso.org:21090}>>col>align
excluding code generation for non-included QName:{uri:iso.org:21090}COLL_AD
excluding code generation for non-included QName:{uri:iso.org:21090}ED.Image
excluding code generation for non-included QName:{gme://caCORE.caCORE/3.2/gov.nih.nci.cacoresdk.domain.other.levelassociation}Card
excluding code generation for non-included QName:{gme://caCORE.caCORE/3.2/gov.nih.nci.cacoresdk.domain.inheritance.twolevelinheritance.sametablerootlevel}FinancialCalculator
excluding code generation for non-included QName:{uri:iso.org:21090}QSD_PQ.Time
excluding code generation for non-included QName:{uri:iso.org:21090}HIST_TS.Date.Full
excluding code generation for non-included QName:{uri:iso.org:21090}UVP_ED.Text[0,unbounded]
excluding code generation for non-included QName:{uri:iso.org:21090}QTY
excluding code generation for non-included QName:{http://CQL.caBIG/2/org.cagrid.cql2}DistinctAttribute
excluding code generation for non-included QName:{gme://caCORE.caCORE/3.2/gov.nih.nci.cacoresdk.domain.other.differentpackage.associations}IceCream
excluding code generation for non-included QName:{uri:iso.org:21090}UVP_TS.DateTime.Full
excluding code generation for non-included QName:{uri:iso.org:21090}REAL[0,unbounded]
excluding code generation for non-included QName:{uri:iso.org:21090}LIST_TS
excluding code generation for non-included QName:{gme://caCORE.caCORE/3.2/gov.nih.nci.cacoresdk.domain.onetomany.bidirectional.withjoin}Flight
excluding code generation for non-included QName:{uri:iso.org:21090}SLIST_INT.NonNeg
excluding code generation for non-included QName:{uri:iso.org:21090}SLIST_TS
excluding code generation for non-included QName:{uri:iso.org:21090}HIST_PQ.Time
excluding code generation for non-included QName:{uri:iso.org:21090}LIST_ST.NT
excluding code generation for non-included QName:{uri:iso.org:21090}BAG_CD.CE.None
excluding code generation for non-included QName:{uri:iso.org:21090}LIST_EN.TN
excluding code generation for non-included QName:{uri:iso.org:21090}SLIST_RTO
excluding code generation for non-included QName:{uri:iso.org:21090}BAG_ST.NT
excluding code generation for non-included QName:{gme://caCORE.caCORE/3.2/gov.nih.nci.cacoresdk.domain.other.differentpackage}>Dessert>utensilCollection
excluding code generation for non-included QName:{uri:iso.org:21090}UVP_ED.Doc.Ref
excluding code generation for non-included QName:{uri:iso.org:21090}UVP_ED.Image
excluding code generation for non-included QName:{uri:iso.org:21090}LIST_TEL.Person
excluding code generation for non-included QName:{uri:iso.org:21090}COLL_BL
excluding code generation for non-included QName:{uri:iso.org:21090}BAG_ED.Doc.Ref
excluding code generation for non-included QName:{uri:iso.org:21090}IVL_TS.Date
excluding code generation for non-included QName:{uri:iso.org:21090}UVP_CD.CE.None
excluding code generation for non-included QName:{http://CQL.caBIG/2/org.cagrid.cql2}CQLQueryModifier
excluding code generation for non-included QName:{uri:iso.org:21090}>caption
excluding code generation for non-included QName:{uri:iso.org:21090}QSS_INT
excluding code generation for non-included QName:{gme://caCORE.caCORE/3.2/gov.nih.nci.cacoresdk.domain.inheritance.multiplechild.sametable}GovtOrganization
excluding code generation for non-included QName:{uri:iso.org:21090}TS.Birth[0,0]
excluding code generation for non-included QName:{uri:iso.org:21090}ED.Doc
excluding code generation for non-included QName:{http://org.cagrid.dataservice.cql/QueryLanguageSupport}>QueryLanguageSupport>CQL2Support
excluding code generation for non-included QName:{uri:iso.org:21090}IVL.Low_MO
excluding code generation for non-included QName:{uri:iso.org:21090}NPPD_EN.TN
excluding code generation for non-included QName:{gme://caCORE.caCORE/3.2/gov.nih.nci.cacoresdk.domain.other.datatype}IvlIntDataType
excluding code generation for non-included QName:{uri:iso.org:21090}LIST_SC
excluding code generation for non-included QName:{uri:iso.org:21090}LIST_ED.Image
excluding code generation for non-included QName:{uri:iso.org:21090}INT.Positive[0,0]
excluding code generation for non-included QName:{gme://caCORE.caCORE/3.2/gov.nih.nci.cacoresdk.domain.other.datatype}EnDataType
excluding code generation for non-included QName:{http://gov.nih.nci.cagrid.data/DataServiceExceptions}MalformedQueryExceptionType
excluding code generation for non-included QName:{uri:iso.org:21090}UVP_PQ[0,unbounded]
excluding code generation for non-included QName:{uri:iso.org:21090}IVL.High_INT.Positive
excluding code generation for non-included QName:{uri:iso.org:21090}COLL_TS.DateTime.Full
excluding code generation for non-included QName:{gme://caGrid.caBIG/1.0/gov.nih.nci.cagrid.metadata.service}InputParameter
excluding code generation for non-included QName:{gme://caCORE.caCORE/3.2/gov.nih.nci.cacoresdk.domain.inheritance.onechild.sametable}Currency
excluding code generation for non-included QName:{uri:iso.org:21090}UVP_BL[0,unbounded]
excluding code generation for non-included QName:{gme://caCORE.caCORE/3.2/gov.nih.nci.cacoresdk.domain.other.datatype}TelDataType
excluding code generation for non-included QName:{uri:iso.org:21090}IVL.Low_PQ
excluding code generation for non-included QName:{gme://caCORE.caCORE/3.2/gov.nih.nci.cacoresdk.domain.inheritance.implicit}FreshwaterFishTank
excluding code generation for non-included QName:{uri:iso.org:21090}LIST_EN.PN
excluding code generation for non-included QName:{uri:iso.org:21090}NPPD_ED.Doc
excluding code generation for non-included QName:{uri:iso.org:21090}QSI_TS
excluding code generation for non-included QName:{uri:iso.org:21090}BAG_TS.Date.Full
excluding code generation for non-included QName:{gme://caCORE.caCORE/3.2/gov.nih.nci.cacoresdk.domain.other.primarykey}IntegerKey
excluding code generation for non-included QName:{gme://caGrid.caBIG/1.0/gov.nih.nci.cagrid.metadata}>ServiceMetadata>serviceDescription
excluding code generation for non-included QName:{uri:iso.org:21090}LIST_ST
excluding code generation for non-included QName:{uri:iso.org:21090}LIST_REAL
excluding code generation for non-included QName:{uri:iso.org:21090}HIST_ED.Image
excluding code generation for non-included QName:{uri:iso.org:21090}HIST_TEL
excluding code generation for non-included QName:{gme://caCORE.caCORE/3.2/gov.nih.nci.cacoresdk.domain.onetomany.selfassociation}>Element>childCollection
excluding code generation for non-included QName:{uri:iso.org:21090}TEL.Phone[0,unbounded]
excluding code generation for non-included QName:{uri:iso.org:21090}LIST_RTO
excluding code generation for non-included QName:{uri:iso.org:21090}QSET_TS[0,unbounded]
excluding code generation for non-included QName:{uri:iso.org:21090}LIST_TS.DateTime
excluding code generation for non-included QName:{uri:iso.org:21090}EntityNameUse
excluding code generation for non-included QName:{gme://caCORE.caCORE/3.2/gov.nih.nci.cacoresdk.domain.other.validationtype}AllValidationType
excluding code generation for non-included QName:{http://CQL.caBIG/2/org.cagrid.cql2.results}CQLAggregateResult
excluding code generation for non-included QName:{uri:iso.org:21090}COLL_EN
excluding code generation for non-included QName:{uri:iso.org:21090}HIST_CD.CE
excluding code generation for non-included QName:{uri:iso.org:21090}COLL_ED
excluding code generation for non-included QName:{uri:iso.org:21090}LIST_EN.ON
excluding code generation for non-included QName:{uri:iso.org:21090}QSP_RTO
excluding code generation for non-included QName:{uri:iso.org:21090}TelecommunicationAddressUse
excluding code generation for non-included QName:{gme://caCORE.caCORE/3.2/gov.nih.nci.cacoresdk.domain.inheritance.implicit}Tank
excluding code generation for non-included QName:{gme://caCORE.caCORE/3.2/gov.nih.nci.cacoresdk.domain.other.datatype}IvlTsDataType
excluding code generation for non-included QName:{http://org.cagrid.dataservice.cql/QueryLanguageSupport}QueryLanguageSupport
excluding code generation for non-included QName:{uri:iso.org:21090}HIST_ED.Doc
excluding code generation for non-included QName:{uri:iso.org:21090}LIST_INT.NonNeg
excluding code generation for non-included QName:{uri:iso.org:21090}UVP_REAL[0,unbounded]
excluding code generation for non-included QName:{uri:iso.org:21090}LIST_PQ
excluding code generation for non-included QName:{gme://caGrid.caBIG/1.0/gov.nih.nci.cagrid.metadata.common}>ValueDomain>enumerationCollection
excluding code generation for non-included QName:{uri:iso.org:21090}PostalAddressUse
excluding code generation for non-included QName:{gme://caCORE.caCORE/3.2/gov.nih.nci.cacoresdk.domain.inheritance.parentwithassociation.sametable}Luggage
excluding code generation for non-included QName:{gme://caGrid.caBIG/1.0/gov.nih.nci.cagrid.metadata.common}ResearchCenterDescription
excluding code generation for non-included QName:{uri:iso.org:21090}ANY
excluding code generation for non-included QName:{uri:iso.org:21090}ADXP
excluding code generation for non-included QName:{gme://caCORE.caCORE/3.2/gov.nih.nci.cacoresdk.domain.other.datatype}BlDataType
excluding code generation for non-included QName:{gme://caCORE.caCORE/3.2/gov.nih.nci.cacoresdk.domain.other.datatype}TsDataType
excluding code generation for non-included QName:{uri:iso.org:21090}PIVL_TS.DateTime.Full
excluding code generation for non-included QName:{uri:iso.org:21090}QSET_CO
excluding code generation for non-included QName:{uri:iso.org:21090}IVL.High_INT.NonNeg
excluding code generation for non-included QName:{uri:iso.org:21090}TEL.Email
excluding code generation for non-included QName:{uri:iso.org:21090}QSS_INT.Positive
excluding code generation for non-included QName:{uri:iso.org:21090}NPPD_EN.PN
excluding code generation for non-included QName:{gme://caCORE.caCORE/3.2/gov.nih.nci.cacoresdk.domain.inheritance.parentwithassociation.sametable}Wheel
excluding code generation for non-included QName:{uri:iso.org:21090}BAG_TS.DateTime.Full
excluding code generation for non-included QName:{uri:iso.org:21090}ED.Doc.Inline
excluding code generation for non-included QName:{uri:iso.org:21090}COLL_CO
excluding code generation for non-included QName:{http://CQL.caBIG/2/org.cagrid.cql2}CQLGroup
excluding code generation for non-included QName:{gme://caGrid.caBIG/1.0/gov.nih.nci.cagrid.metadata.security}CommunicationMechanism
excluding code generation for non-included QName:{uri:iso.org:21090}TEL[0,unbounded]
excluding code generation for non-included QName:{uri:iso.org:21090}COLL_CD
excluding code generation for non-included QName:{uri:iso.org:21090}EntityNamePartQualifier
excluding code generation for non-included QName:{uri:iso.org:21090}LIST_ED.Doc
excluding code generation for non-included QName:{gme://caCORE.caCORE/3.2/gov.nih.nci.cacoresdk.domain.inheritance.childwithassociation}Bank
excluding code generation for non-included QName:{uri:iso.org:21090}QSET_TS.DateTime.Full
excluding code generation for non-included QName:{uri:iso.org:21090}DSET_TEL
excluding code generation for non-included QName:{uri:iso.org:21090}ED[0,0]
excluding code generation for non-included QName:{uri:iso.org:21090}IVL.Low_TS.Birth
excluding code generation for non-included QName:{gme://caCORE.caCORE/3.2/gov.nih.nci.cacoresdk.domain.inheritance.twolevelinheritance.sametable}Goverment
excluding code generation for non-included QName:{gme://caCORE.caCORE/3.2/gov.nih.nci.cacoresdk.domain.other.datatype}IntDataType
excluding code generation for non-included QName:{uri:iso.org:21090}QSET_INT[0,unbounded]
excluding code generation for non-included QName:{uri:iso.org:21090}DSET_ED.Doc.Inline
excluding code generation for non-included QName:{uri:iso.org:21090}UVP_EN.PN[0,unbounded]
excluding code generation for non-included QName:{uri:iso.org:21090}IVL.High_TS.Birth
excluding code generation for non-included QName:{http://CQL.caBIG/2/org.cagrid.cql2}CQLAttribute[,unbounded]
excluding code generation for non-included QName:{uri:iso.org:21090}IVL_TS.Birth
excluding code generation for non-included QName:{uri:iso.org:21090}HIST_CD.CV
excluding code generation for non-included QName:{uri:iso.org:21090}>br
excluding code generation for non-included QName:{uri:iso.org:21090}LIST_TS.Birth
excluding code generation for non-included QName:{http://CQL.caBIG/2/org.cagrid.cql2}CQLObject
excluding code generation for non-included QName:{uri:iso.org:21090}UVP_BL.NonNull[0,unbounded]
excluding code generation for non-included QName:{uri:iso.org:21090}SLIST_TS.DateTime.Full
excluding code generation for non-included QName:{uri:iso.org:21090}>>td>align
excluding code generation for non-included QName:{uri:iso.org:21090}UVP_TEL.Email[0,unbounded]
excluding code generation for non-included QName:{uri:iso.org:21090}COLL_CS
excluding code generation for non-included QName:{uri:iso.org:21090}NPPD_ED.Text
excluding code generation for non-included QName:{uri:iso.org:21090}UVP_ED.Signature
excluding code generation for non-included QName:{gme://caCORE.caCORE/3.2/gov.nih.nci.cacoresdk.domain.inheritance.parentwithassociation.sametable}HardTop
excluding code generation for non-included QName:{uri:iso.org:21090}>footnoteRef
excluding code generation for non-included QName:{uri:iso.org:21090}QSET_TS.Date.Full
excluding code generation for non-included QName:{uri:iso.org:21090}>>tfoot>align
excluding code generation for non-included QName:{uri:iso.org:21090}NPPD_TS.Date
excluding code generation for non-included QName:{uri:iso.org:21090}MO[0,unbounded]
excluding code generation for non-included QName:{uri:iso.org:21090}QSET_TS.DateTime[0,unbounded]
excluding code generation for non-included QName:{uri:iso.org:21090}DSET_TS.DateTime.Full
excluding code generation for non-included QName:{uri:iso.org:21090}SLIST_REAL
excluding code generation for non-included QName:{uri:iso.org:21090}BAG_AD
excluding code generation for non-included QName:{uri:iso.org:21090}SLIST_MO
excluding code generation for non-included QName:{http://CQL.caBIG/2/org.cagrid.cql2}CQLExtension
excluding code generation for non-included QName:{uri:iso.org:21090}ED.Doc[0,unbounded]
excluding code generation for non-included QName:{gme://caCORE.caCORE/3.2/gov.nih.nci.cacoresdk.domain.inheritance.implicit}SaltwaterFishTank
excluding code generation for non-included QName:{uri:iso.org:21090}TS[0,0]
excluding code generation for non-included QName:{uri:iso.org:21090}INT
excluding code generation for non-included QName:{uri:iso.org:21090}EIVL_TS
excluding code generation for non-included QName:{uri:iso.org:21090}DSET_CD
excluding code generation for non-included QName:{uri:iso.org:21090}COLL_ED.Text
excluding code generation for non-included QName:{uri:iso.org:21090}LIST_TEL
excluding code generation for non-included QName:{uri:iso.org:21090}IdentifierScope
excluding code generation for non-included QName:{uri:iso.org:21090}QSU_PQ.Time
excluding code generation for non-included QName:{uri:iso.org:21090}TS.Birth
excluding code generation for non-included QName:{uri:iso.org:21090}QSI_PQ.Time
excluding code generation for non-included QName:{uri:iso.org:21090}PIVL_TS.DateTime
excluding code generation for non-included QName:{gme://caCORE.caCORE/3.2/gov.nih.nci.cacoresdk.domain.other.datatype}DsetTelDataType
excluding code generation for non-included QName:{uri:iso.org:21090}DSET_CO
excluding code generation for non-included QName:{uri:iso.org:21090}DSET_CS
excluding code generation for non-included QName:{uri:iso.org:21090}>>table>frame
excluding code generation for non-included QName:{uri:iso.org:21090}NPPD_TS.Birth
excluding code generation for non-included QName:{uri:iso.org:21090}>footnote
excluding code generation for non-included QName:{uri:iso.org:21090}INT.NonNeg[0,unbounded]
excluding code generation for non-included QName:{uri:iso.org:21090}IVL.High_TS.Date
excluding code generation for non-included QName:{uri:iso.org:21090}UVP_BL.NonNull
excluding code generation for non-included QName:{uri:iso.org:21090}CD[0,unbounded]
excluding code generation for non-included QName:{uri:iso.org:21090}QSET_PQ
excluding code generation for non-included QName:{uri:iso.org:21090}QSET_TS.Date.Full[0,unbounded]
excluding code generation for non-included QName:{uri:iso.org:21090}NullFlavor
excluding code generation for non-included QName:{uri:iso.org:21090}SC.NT
excluding code generation for non-included QName:{uri:iso.org:21090}UVP_II[0,unbounded]
excluding code generation for non-included QName:{uri:iso.org:21090}COLL_TS.DateTime
excluding code generation for non-included QName:{uri:iso.org:21090}EN[0,unbounded]
excluding code generation for non-included QName:{uri:iso.org:21090}>>th>scope
excluding code generation for non-included QName:{gme://caCORE.caCORE/3.2/gov.nih.nci.cacoresdk.domain.manytomany.bidirectional}Employee
excluding code generation for non-included QName:{uri:iso.org:21090}BAG_EN.TN
excluding code generation for non-included QName:{uri:iso.org:21090}TS.Date[0,0]
excluding code generation for non-included QName:{uri:iso.org:21090}SLIST_TS.Date
excluding code generation for non-included QName:{uri:iso.org:21090}DSET_ED.Doc
excluding code generation for non-included QName:{gme://caCORE.caCORE/3.2/gov.nih.nci.cacoresdk.domain.other.datatype}RealDataType
excluding code generation for non-included QName:{uri:iso.org:21090}DSET_BL
excluding code generation for non-included QName:{uri:iso.org:21090}ED
excluding code generation for non-included QName:{uri:iso.org:21090}QSET_INT.Positive
excluding code generation for non-included QName:{uri:iso.org:21090}QSET_TS.DateTime.Full[0,unbounded]
excluding code generation for non-included QName:{uri:iso.org:21090}QSP_INT
excluding code generation for non-included QName:{uri:iso.org:21090}DSET_AD
excluding code generation for non-included QName:{uri:iso.org:21090}COLL_TEL.Person
excluding code generation for non-included QName:{uri:iso.org:21090}>>list>listType
excluding code generation for non-included QName:{uri:iso.org:21090}UVP_ST[0,unbounded]
excluding code generation for non-included QName:{uri:iso.org:21090}UVP_ED.Narrative[0,unbounded]
excluding code generation for non-included QName:{uri:iso.org:21090}IVL.Low_TS.DateTime
excluding code generation for non-included QName:{uri:iso.org:21090}CDGroup
excluding code generation for non-included QName:{uri:iso.org:21090}HIST_REAL
excluding code generation for non-included QName:{uri:iso.org:21090}COLL_PQ.Time
excluding code generation for non-included QName:{uri:iso.org:21090}EN
excluding code generation for non-included QName:{uri:iso.org:21090}LIST_TS.DateTime.Full
excluding code generation for non-included QName:{uri:iso.org:21090}COLL_RTO
excluding code generation for non-included QName:{uri:iso.org:21090}EIVL_TS.Date
excluding code generation for non-included QName:{uri:iso.org:21090}QSU_INT
excluding code generation for non-included QName:{http://CQL.caBIG/2/org.cagrid.cql2.results}CQLAttributeResult[0,unbounded]
excluding code generation for non-included QName:{uri:iso.org:21090}UVP_INT[0,unbounded]
excluding code generation for non-included QName:{gme://caGrid.caBIG/1.0/gov.nih.nci.cagrid.metadata.common}Enumeration
excluding code generation for non-included QName:{uri:iso.org:21090}LIST_BL.NonNull
excluding code generation for non-included QName:{uri:iso.org:21090}>>tbody>valign
excluding code generation for non-included QName:{uri:iso.org:21090}HXIT
excluding code generation for non-included QName:{uri:iso.org:21090}TEL.Url
excluding code generation for non-included QName:{gme://caGrid.caBIG/1.0/gov.nih.nci.cagrid.metadata.service}Service
excluding code generation for non-included QName:{gme://caGrid.caBIG/1.0/gov.nih.nci.cagrid.metadata.common}UMLClass
excluding code generation for non-included QName:{gme://caGrid.caBIG/1.0/gov.nih.nci.cagrid.metadata.common}>UMLClass>umlAttributeCollection
excluding code generation for non-included QName:{uri:iso.org:21090}set_TelecommunicationAddressUse
excluding code generation for non-included QName:{gme://caCORE.caCORE/3.2/gov.nih.nci.cacoresdk.domain.other.levelassociation}Suit
excluding code generation for non-included QName:{uri:iso.org:21090}HIST_TS.DateTime
excluding code generation for non-included QName:{uri:iso.org:21090}UVP_TS.Birth[0,unbounded]
excluding code generation for non-included QName:{uri:iso.org:21090}set_PostalAddressUse
excluding code generation for non-included QName:{uri:iso.org:21090}QSD_INT.Positive
excluding code generation for non-included QName:{uri:iso.org:21090}QSU_RTO
excluding code generation for non-included QName:{http://CQL.caBIG/2/org.cagrid.cql2}CQLAssociatedObject
excluding code generation for non-included QName:{uri:iso.org:21090}HIST_INT.NonNeg
excluding code generation for non-included QName:{uri:iso.org:21090}>>th>valign
excluding code generation for non-included QName:{uri:iso.org:21090}BL
excluding code generation for non-included QName:{uri:iso.org:21090}QSS_TS.Birth
excluding code generation for non-included QName:{uri:iso.org:21090}SLIST_PQ
excluding code generation for non-included QName:{http://CQL.caBIG/2/org.cagrid.cql2}AssociationPopulationSpecification
excluding code generation for non-included QName:{gme://caGrid.caBIG/1.0/gov.nih.nci.cagrid.metadata.common}ResearchCenter
excluding code generation for non-included QName:{uri:iso.org:21090}GLIST_TS.Date.Full
excluding code generation for non-included QName:{uri:iso.org:21090}LIST_TEL.Phone
excluding code generation for non-included QName:{gme://caCORE.caCORE/3.2/gov.nih.nci.cacoresdk.domain.inheritance.implicit}TankAccessory
excluding code generation for non-included QName:{uri:iso.org:21090}UVP_EN.TN[0,unbounded]
excluding code generation for non-included QName:{uri:iso.org:21090}BAG_EN.ON
excluding code generation for non-included QName:{uri:iso.org:21090}NPPD_TEL.Person
excluding code generation for non-included QName:{uri:iso.org:21090}CS
excluding code generation for non-included QName:{uri:iso.org:21090}LIST_SC.NT
excluding code generation for non-included QName:{uri:iso.org:21090}CR
excluding code generation for non-included QName:{uri:iso.org:21090}CO
excluding code generation for non-included QName:{uri:iso.org:21090}TS.DateTime.Full[0,0]
excluding code generation for non-included QName:{uri:iso.org:21090}HIST_BL.NonNull
excluding code generation for non-included QName:{http://CQL.caBIG/2/org.cagrid.cql2.results}CQLQueryResults
excluding code generation for non-included QName:{uri:iso.org:21090}ED[0,unbounded]
excluding code generation for non-included QName:{uri:iso.org:21090}UVP_CS[0,unbounded]
excluding code generation for non-included QName:{uri:iso.org:21090}CD
excluding code generation for non-included QName:{uri:iso.org:21090}QSI_INT
excluding code generation for non-included QName:{gme://caCORE.caCORE/3.2/gov.nih.nci.cacoresdk.domain.onetomany.bidirectional.withjoin}>Flight>passangerCollection
excluding code generation for non-included QName:{uri:iso.org:21090}UVP_ED.Doc.Ref[0,unbounded]
excluding code generation for non-included QName:{gme://caCORE.caCORE/3.2/gov.nih.nci.cacoresdk.domain.inheritance.twolevelinheritance.sametable}ParliamantaryGovt
excluding code generation for non-included QName:{gme://caCORE.caCORE/3.2/gov.nih.nci.cacoresdk.domain.onetoone.unidirectional}Address
excluding code generation for non-included QName:{uri:iso.org:21090}LIST_CD.CE
excluding code generation for non-included QName:{uri:iso.org:21090}ED.Image[0,unbounded]
excluding code generation for non-included QName:{uri:iso.org:21090}BAG_EN.PN
excluding code generation for non-included QName:{uri:iso.org:21090}QSET_MO
excluding code generation for non-included QName:{uri:iso.org:21090}QSP_TS.DateTime
excluding code generation for non-included QName:{uri:iso.org:21090}NPPD_TS.DateTime
excluding code generation for non-included QName:{uri:iso.org:21090}TS.DateTime[0,unbounded]
excluding code generation for non-included QName:{uri:iso.org:21090}HIST_SC.NT
excluding code generation for non-included QName:{uri:iso.org:21090}LIST_CD.CV
excluding code generation for non-included QName:{uri:iso.org:21090}XReference
excluding code generation for non-included QName:{gme://caCORE.caCORE/3.2/gov.nih.nci.cacoresdk.domain.other.datatype}EnOnDataType
excluding code generation for non-included QName:{http://CQL.caBIG/2/org.cagrid.cql2}AttributeValue
excluding code generation for non-included QName:{uri:iso.org:21090}QSS_TS.DateTime.Full
excluding code generation for non-included QName:{uri:iso.org:21090}QSI_TS.DateTime.Full
excluding code generation for non-included QName:{uri:iso.org:21090}ED.Narrative[0,unbounded]
excluding code generation for non-included QName:{uri:iso.org:21090}HIST_TEL.Url
excluding code generation for non-included QName:{uri:iso.org:21090}CR[0,unbounded]
excluding code generation for non-included QName:{uri:iso.org:21090}RTO[0,unbounded]
excluding code generation for non-included QName:{uri:iso.org:21090}QSET_REAL
excluding code generation for non-included QName:{gme://caCORE.caCORE/3.2/gov.nih.nci.cacoresdk.domain.other.datatype}StDataType
excluding code generation for non-included QName:{uri:iso.org:21090}QSI_INT.Positive
excluding code generation for non-included QName:{uri:iso.org:21090}IVL.High_CO
excluding code generation for non-included QName:{gme://caCORE.caCORE/3.2/gov.nih.nci.cacoresdk.domain.onetomany.unidirectional}KeyChain
excluding code generation for non-included QName:{uri:iso.org:21090}EN.ON[0,unbounded]
excluding code generation for non-included QName:{gme://caCORE.caCORE/3.2/gov.nih.nci.cacoresdk.domain.inheritance.childwithassociation.sametable}Shoes
excluding code generation for non-included QName:{uri:iso.org:21090}DSET_TEL.Phone
excluding code generation for non-included QName:{gme://caGrid.caBIG/1.0/gov.nih.nci.cagrid.metadata.service}CaDSRRegistration
excluding code generation for non-included QName:{uri:iso.org:21090}NPPD_ST.NT
excluding code generation for non-included QName:{uri:iso.org:21090}INT.Positive[0,unbounded]
excluding code generation for non-included QName:{uri:iso.org:21090}COLL_TEL.Email
excluding code generation for non-included QName:{uri:iso.org:21090}AD
excluding code generation for non-included QName:{uri:iso.org:21090}IVL.Low_CO
excluding code generation for non-included QName:{uri:iso.org:21090}QSI_TS.Date
excluding code generation for non-included QName:{gme://caGrid.caBIG/1.0/gov.nih.nci.cagrid.metadata.security}CommunicationStyle
excluding code generation for non-included QName:{gme://caGrid.caBIG/1.0/gov.nih.nci.cagrid.metadata.service}Output
excluding code generation for non-included QName:{uri:iso.org:21090}NPPD_ED.Doc.Ref
excluding code generation for non-included QName:{uri:iso.org:21090}QSS_INT.NonNeg
excluding code generation for non-included QName:{uri:iso.org:21090}PQR[0,unbounded]
excluding code generation for non-included QName:{uri:iso.org:21090}BAG_ED.Narrative
excluding code generation for non-included QName:{uri:iso.org:21090}DSET_TS.DateTime
excluding code generation for non-included QName:{uri:iso.org:21090}HIST_ED.Doc.Ref
excluding code generation for non-included QName:{gme://caCORE.caCORE/3.2/gov.nih.nci.cacoresdk.domain.manytomany.bidirectional}>Project>employeeCollection
excluding code generation for non-included QName:{gme://caGrid.caBIG/1.0/gov.nih.nci.cagrid.metadata.service}>ServiceContext>operationCollection
excluding code generation for non-included QName:{gme://caCORE.caCORE/3.2/gov.nih.nci.cacoresdk.domain.interfaze}Dog
excluding code generation for non-included QName:{uri:iso.org:21090}TS.Date.Full[0,0]
excluding code generation for non-included QName:{uri:iso.org:21090}GLIST_TS.DateTime.Full
excluding code generation for non-included QName:{uri:iso.org:21090}QSD_INT.NonNeg
excluding code generation for non-included QName:{gme://caGrid.caBIG/1.0/gov.nih.nci.cagrid.metadata.security}Operation
excluding code generation for non-included QName:{uri:iso.org:21090}TEL.Person[0,unbounded]
excluding code generation for non-included QName:{gme://caCORE.caCORE/3.2/gov.nih.nci.cacoresdk.domain.other.datatype}TelUrlDataType
excluding code generation for non-included QName:{uri:iso.org:21090}HIST_RTO
excluding code generation for non-included QName:{uri:iso.org:21090}QSP_REAL
excluding code generation for non-included QName:{uri:iso.org:21090}COLL_TS.Date.Full
excluding code generation for non-included QName:{uri:iso.org:21090}TEL.Url[0,unbounded]
excluding code generation for non-included QName:{uri:iso.org:21090}>tfoot
excluding code generation for non-included QName:{uri:iso.org:21090}IVL_TS.Date.Full
excluding code generation for non-included QName:{gme://caCORE.caCORE/3.2/gov.nih.nci.cacoresdk.domain.inheritance.implicit}Fish
excluding code generation for non-included QName:{gme://caCORE.caCORE/3.2/gov.nih.nci.cacoresdk.domain.manytomany.unidirectional}Author
excluding code generation for non-included QName:{gme://caCORE.caCORE/3.2/gov.nih.nci.cacoresdk.domain.inheritance.childwithassociation}Payment
excluding code generation for non-included QName:{uri:iso.org:21090}DSET_INT
excluding code generation for non-included QName:{uri:iso.org:21090}QSET_PQ.Time
excluding code generation for non-included QName:{uri:iso.org:21090}UVP_TEL.Url
excluding code generation for non-included QName:{uri:iso.org:21090}CodingRationale
excluding code generation for non-included QName:{gme://caCORE.caCORE/3.2/gov.nih.nci.cacoresdk.domain.onetoone.bidirectional.withjoin}Pendant
excluding code generation for non-included QName:{gme://caGrid.caBIG/1.0/gov.nih.nci.cagrid.metadata.common}PointOfContact
excluding code generation for non-included QName:{uri:iso.org:21090}HIST_PQ
excluding code generation for non-included QName:{http://CQL.caBIG/2/org.cagrid.cql2}CQLQuery
excluding code generation for non-included QName:{gme://caCORE.caCORE/3.2/gov.nih.nci.cacoresdk.domain.manytoone.unidirectional.withjoin}Song
excluding code generation for non-included QName:{gme://caCORE.caCORE/3.2/gov.nih.nci.cacoresdk.domain.inheritance.implicit}AngelFish
excluding code generation for non-included QName:{uri:iso.org:21090}QSI_TS.Birth
excluding code generation for non-included QName:{gme://caCORE.caCORE/3.2/gov.nih.nci.cacoresdk.domain.other.levelassociation}>Hand>cardCollection
excluding code generation for non-included QName:{gme://caCORE.caCORE/3.2/gov.nih.nci.cacoresdk.domain.other.datatype}DsetIiDataType
excluding code generation for non-included QName:{uri:iso.org:21090}QSI_CO
excluding code generation for non-included QName:{uri:iso.org:21090}QSET_RTO[0,unbounded]
excluding code generation for non-included QName:{gme://caCORE.caCORE/3.2/gov.nih.nci.cacoresdk.domain.inheritance.multiplechild}Student
excluding code generation for non-included QName:{uri:iso.org:21090}AD[0,unbounded]
excluding code generation for non-included QName:{uri:iso.org:21090}MO
excluding code generation for non-included QName:{uri:iso.org:21090}>col
excluding code generation for non-included QName:{gme://caCORE.caCORE/3.2/gov.nih.nci.cacoresdk.domain.onetoone.unidirectional.withjoin}Handle
excluding code generation for non-included QName:{uri:iso.org:21090}DSET_ED.Text
excluding code generation for non-included QName:{uri:iso.org:21090}QSU_TS.Date
excluding code generation for non-included QName:{uri:iso.org:21090}TS.DateTime.Full[0,unbounded]
excluding code generation for non-included QName:{http://CQL.caBIG/2/org.cagrid.cql2}CQLTargetObject
excluding code generation for non-included QName:{uri:iso.org:21090}DSET_II
excluding code generation for non-included QName:{uri:iso.org:21090}QSD_TS.Date.Full
excluding code generation for non-included QName:{uri:iso.org:21090}UVP_EN[0,unbounded]
excluding code generation for non-included QName:{gme://caCORE.caCORE/3.2/gov.nih.nci.cacoresdk.domain.other.differentpackage.associations}Pie
excluding code generation for non-included QName:{uri:iso.org:21090}UVP_TS[0,unbounded]
excluding code generation for non-included QName:{gme://caGrid.caBIG/1.0/gov.nih.nci.cagrid.metadata.common}ValueDomain
excluding code generation for non-included QName:{uri:iso.org:21090}HIST_ST.NT
excluding code generation for non-included QName:{uri:iso.org:21090}LIST_TEL.Url
excluding code generation for non-included QName:{uri:iso.org:21090}PQR[0,0]
excluding code generation for non-included QName:{uri:iso.org:21090}SLIST_PQ.Time
excluding code generation for non-included QName:{uri:iso.org:21090}IVL_PQ.Time
excluding code generation for non-included QName:{uri:iso.org:21090}QSI_INT.NonNeg
excluding code generation for non-included QName:{uri:iso.org:21090}QSP_TS.DateTime.Full
excluding code generation for non-included QName:{uri:iso.org:21090}IVL.High_INT
excluding code generation for non-included QName:{uri:iso.org:21090}BAG_INT
excluding code generation for non-included QName:{uri:iso.org:21090}IntegrityCheckAlgorithm
excluding code generation for non-included QName:{uri:iso.org:21090}QSET_TS
excluding code generation for non-included QName:{gme://caCORE.caCORE/3.2/gov.nih.nci.cacoresdk.domain.onetomany.bidirectional}Computer
excluding code generation for non-included QName:{gme://caCORE.caCORE/3.2/gov.nih.nci.cacoresdk.domain.other.differentpackage.associations}Utensil
excluding code generation for non-included QName:{uri:iso.org:21090}Compression
excluding code generation for non-included QName:{http://CQL.caBIG/2/org.cagrid.cql2.results}CQLObjectResult[0,unbounded]
excluding code generation for non-included QName:{uri:iso.org:21090}INT[0,unbounded]
excluding code generation for non-included QName:{uri:iso.org:21090}CD.CE[0,unbounded]
excluding code generation for non-included QName:{gme://caGrid.caBIG/1.0/gov.nih.nci.cagrid.metadata.service}ContextProperty
excluding code generation for non-included QName:{http://CQL.caBIG/2/org.cagrid.cql2}CQLAssociatedObject[,unbounded]
excluding code generation for non-included QName:{uri:iso.org:21090}PQ.Time[0,0]
excluding code generation for non-included QName:{gme://caCORE.caCORE/3.2/gov.nih.nci.cacoresdk.domain.other.primarykey}DoublePrimitiveKey
excluding code generation for non-included QName:{uri:iso.org:21090}UVP_ED.Doc.Inline
excluding code generation for non-included QName:{uri:iso.org:21090}GLIST_INT.Positive
excluding code generation for non-included QName:{gme://caCORE.caCORE/3.2/gov.nih.nci.cacoresdk.domain.inheritance.implicit}>SaltwaterFishTank>substrateCollection
excluding code generation for non-included QName:{uri:iso.org:21090}HIST_INT
excluding code generation for non-included QName:{uri:iso.org:21090}IVL.Low_INT.NonNeg
excluding code generation for non-included QName:{uri:iso.org:21090}>>tbody>align
excluding code generation for non-included QName:{uri:iso.org:21090}CD.CV
excluding code generation for non-included QName:{gme://caCORE.caCORE/3.2/gov.nih.nci.cacoresdk.domain.inheritance.onechild}Mammal
excluding code generation for non-included QName:{uri:iso.org:21090}ED.Doc.Ref
excluding code generation for non-included QName:{uri:iso.org:21090}QSS_REAL
excluding code generation for non-included QName:{gme://caCORE.caCORE/3.2/gov.nih.nci.cacoresdk.domain.other.primarykey}LongPrimitiveKey
excluding code generation for non-included QName:{uri:iso.org:21090}TS.Date.Full
excluding code generation for non-included QName:{uri:iso.org:21090}ED.Signature
excluding code generation for non-included QName:{gme://caCORE.caCORE/3.2/gov.nih.nci.cacoresdk.domain.inheritance.parentwithassociation}TenuredProfessor
excluding code generation for non-included QName:{uri:iso.org:21090}CS[0,unbounded]
excluding code generation for non-included QName:{uri:iso.org:21090}HIST_TS
excluding code generation for non-included QName:{uri:iso.org:21090}UVP_TS.Date[0,unbounded]
excluding code generation for non-included QName:{uri:iso.org:21090}NPPD_TEL.Email
excluding code generation for non-included QName:{gme://caCORE.caCORE/3.2/gov.nih.nci.cacoresdk.domain.other.datatype}ScDataType
excluding code generation for non-included QName:{uri:iso.org:21090}SC[0,unbounded]
excluding code generation for non-included QName:{http://CQL.caBIG/2/org.cagrid.cql2.results}TargetAttribute
excluding code generation for non-included QName:{gme://caGrid.caBIG/1.0/gov.nih.nci.cagrid.metadata.security}protectionLevelType
excluding code generation for non-included QName:{uri:iso.org:21090}HIST_TEL.Person
excluding code generation for non-included QName:{uri:iso.org:21090}>tr
excluding code generation for non-included QName:{uri:iso.org:21090}INT.Positive
excluding code generation for non-included QName:{uri:iso.org:21090}>th
excluding code generation for non-included QName:{uri:iso.org:21090}II
excluding code generation for non-included QName:{uri:iso.org:21090}CD.CE
excluding code generation for non-included QName:{uri:iso.org:21090}QSP_TS.Date
excluding code generation for non-included QName:{uri:iso.org:21090}HIST_SC
excluding code generation for non-included QName:{uri:iso.org:21090}LIST_ED.Doc.Ref
excluding code generation for non-included QName:{uri:iso.org:21090}DSET_ST.NT
excluding code generation for non-included QName:{uri:iso.org:21090}TS.DateTime[0,0]
excluding code generation for non-included QName:{uri:iso.org:21090}HIST_TEL.Phone
excluding code generation for non-included QName:{uri:iso.org:21090}>td
excluding code generation for non-included QName:{gme://caCORE.caCORE/3.2/gov.nih.nci.cacoresdk.domain.other.datatype}TelPersonDataType
excluding code generation for non-included QName:{uri:iso.org:21090}DSET_EN
excluding code generation for non-included QName:{gme://caGrid.caBIG/1.0/gov.nih.nci.cagrid.metadata.service}Fault
excluding code generation for non-included QName:{uri:iso.org:21090}HIST_ST
excluding code generation for non-included QName:{uri:iso.org:21090}DSET_PQ.Time
excluding code generation for non-included QName:{http://CQL.caBIG/2/org.cagrid.cql2}GroupLogicalOperator
excluding code generation for non-included QName:{uri:iso.org:21090}DSET_ED
excluding code generation for non-included QName:{uri:iso.org:21090}QSD_TS.Birth
excluding code generation for non-included QName:{gme://caCORE.caCORE/3.2/gov.nih.nci.cacoresdk.domain.other.levelassociation}Deck
excluding code generation for non-included QName:{gme://caCORE.caCORE/3.2/gov.nih.nci.cacoresdk.domain.onetomany.unidirectional}>KeyChain>keyCollection
excluding code generation for non-included QName:{uri:iso.org:21090}>colgroup
LOOKING AT METHOD: GetMultipleResourceProperties
LOOKING AT METHOD: GetResourceProperty
LOOKING AT METHOD: QueryResourceProperties
LOOKING AT METHOD: getServiceSecurityMetadata
LOOKING AT METHOD: query
LOOKING AT METHOD: executeQuery
Synchronizing the base files
Synchronizing the services
Synchronizing the type mappings
Synchronizing the service properties
Synchronizing with post processing extensions
Service is a data service.
Loading configuration for Portal Configuration from /Users/ervin/.cagrid/grape/introducePortal-conf.xml
Loading configuration for Service Creation Defaults from /Users/ervin/.cagrid/grape/introduceServiceDefaults-conf.xml
Loading configuration for Global Extension Properties from /Users/ervin/.cagrid/grape/introduceGlobalExtensionProperties-conf.xml
Modifying eclipse .classpath file
Adding libraries to classpath file:
Model information / domain model found in service model.
Generating class to qname mapping from the information
stored in the service model
Modifying eclipse .classpath file
Adding libraries to classpath file:
Model information / domain model found in service model.
Generating class to qname mapping from the information
stored in the service model
Adding CQL 2 types mapping to wsdd /Users/ervin/Projects/caGrid/caGrid-1_5_release/Software/core/integration-tests/projects/sdk44StyleTests/temp/DataServiceWithSdk44/server-config.wsdd
Old types mapping found in wsdd; removing
Reading CQL 2 types mapping from packaged wsdd
Adding types mapping text:

<!-- START CQL 2 TYPE MAPPINGS -->
  <ns3:typeMapping xmlns:ns3="http://xml.apache.org/axis/wsdd/" xmlns:ns1="http://xml.apache.org/axis/wsdd/providers/java" xmlns:ns2="http://CQL.caBIG/2/org.cagrid.cql2" encodingStyle="" serializer="org.cagrid.cql.utilities.encoding.Cql2SerializerFactory" deserializer="org.cagrid.cql.utilities.encoding.Cql2DeserializerFactory" type="ns1:org.cagrid.cql2.Aggregation" qname="ns2:Aggregation" />
  <ns3:typeMapping xmlns:ns3="http://xml.apache.org/axis/wsdd/" xmlns:ns1="http://xml.apache.org/axis/wsdd/providers/java" xmlns:ns2="http://CQL.caBIG/2/org.cagrid.cql2" encodingStyle="" serializer="org.cagrid.cql.utilities.encoding.Cql2SerializerFactory" deserializer="org.cagrid.cql.utilities.encoding.Cql2DeserializerFactory" type="ns1:org.cagrid.cql2.AssociationPopulationSpecification" qname="ns2:AssociationPopulationSpecification" />
  <ns3:typeMapping xmlns:ns3="http://xml.apache.org/axis/wsdd/" xmlns:ns1="http://xml.apache.org/axis/wsdd/providers/java" xmlns:ns2="http://CQL.caBIG/2/org.cagrid.cql2" encodingStyle="" serializer="org.cagrid.cql.utilities.encoding.Cql2SerializerFactory" deserializer="org.cagrid.cql.utilities.encoding.Cql2DeserializerFactory" type="ns1:org.cagrid.cql2.AttributeValue" qname="ns2:AttributeValue" />
  <ns3:typeMapping xmlns:ns3="http://xml.apache.org/axis/wsdd/" xmlns:ns1="http://xml.apache.org/axis/wsdd/providers/java" xmlns:ns2="http://CQL.caBIG/2/org.cagrid.cql2" encodingStyle="" serializer="org.cagrid.cql.utilities.encoding.Cql2SerializerFactory" deserializer="org.cagrid.cql.utilities.encoding.Cql2DeserializerFactory" type="ns1:org.cagrid.cql2.BinaryPredicate" qname="ns2:BinaryPredicate" />
  <ns3:typeMapping xmlns:ns3="http://xml.apache.org/axis/wsdd/" xmlns:ns1="http://xml.apache.org/axis/wsdd/providers/java" xmlns:ns2="http://CQL.caBIG/2/org.cagrid.cql2" encodingStyle="" serializer="org.cagrid.cql.utilities.encoding.Cql2SerializerFactory" deserializer="org.cagrid.cql.utilities.encoding.Cql2DeserializerFactory" type="ns1:org.cagrid.cql2.CQLAssociatedObject" qname="ns2:CQLAssociatedObject" />
  <ns3:typeMapping xmlns:ns3="http://xml.apache.org/axis/wsdd/" xmlns:ns1="http://xml.apache.org/axis/wsdd/providers/java" xmlns:ns2="http://CQL.caBIG/2/org.cagrid.cql2" encodingStyle="" serializer="org.cagrid.cql.utilities.encoding.Cql2SerializerFactory" deserializer="org.cagrid.cql.utilities.encoding.Cql2DeserializerFactory" type="ns1:org.cagrid.cql2.CQLAttribute" qname="ns2:CQLAttribute" />
  <ns3:typeMapping xmlns:ns3="http://xml.apache.org/axis/wsdd/" xmlns:ns1="http://xml.apache.org/axis/wsdd/providers/java" xmlns:ns2="http://CQL.caBIG/2/org.cagrid.cql2" encodingStyle="" serializer="org.cagrid.cql.utilities.encoding.Cql2SerializerFactory" deserializer="org.cagrid.cql.utilities.encoding.Cql2DeserializerFactory" type="ns1:org.cagrid.cql2.CQLExtension" qname="ns2:CQLExtension" />
  <ns3:typeMapping xmlns:ns3="http://xml.apache.org/axis/wsdd/" xmlns:ns1="http://xml.apache.org/axis/wsdd/providers/java" xmlns:ns2="http://CQL.caBIG/2/org.cagrid.cql2" encodingStyle="" serializer="org.cagrid.cql.utilities.encoding.Cql2SerializerFactory" deserializer="org.cagrid.cql.utilities.encoding.Cql2DeserializerFactory" type="ns1:org.cagrid.cql2.CQLGroup" qname="ns2:CQLGroup" />
  <ns3:typeMapping xmlns:ns3="http://xml.apache.org/axis/wsdd/" xmlns:ns1="http://xml.apache.org/axis/wsdd/providers/java" xmlns:ns2="http://CQL.caBIG/2/org.cagrid.cql2" encodingStyle="" serializer="org.cagrid.cql.utilities.encoding.Cql2SerializerFactory" deserializer="org.cagrid.cql.utilities.encoding.Cql2DeserializerFactory" type="ns1:org.cagrid.cql2.CQLObject" qname="ns2:CQLObject" />
  <ns3:typeMapping xmlns:ns3="http://xml.apache.org/axis/wsdd/" xmlns:ns1="http://xml.apache.org/axis/wsdd/providers/java" xmlns:ns2="http://CQL.caBIG/2/org.cagrid.cql2" encodingStyle="" serializer="org.cagrid.cql.utilities.encoding.Cql2SerializerFactory" deserializer="org.cagrid.cql.utilities.encoding.Cql2DeserializerFactory" type="ns1:org.cagrid.cql2.CQLQuery" qname="ns2:CQLQuery" />
  <ns3:typeMapping xmlns:ns3="http://xml.apache.org/axis/wsdd/" xmlns:ns1="http://xml.apache.org/axis/wsdd/providers/java" xmlns:ns2="http://CQL.caBIG/2/org.cagrid.cql2" encodingStyle="" serializer="org.cagrid.cql.utilities.encoding.Cql2SerializerFactory" deserializer="org.cagrid.cql.utilities.encoding.Cql2DeserializerFactory" type="ns1:org.cagrid.cql2.CQLQueryModifier" qname="ns2:CQLQueryModifier" />
  <ns3:typeMapping xmlns:ns3="http://xml.apache.org/axis/wsdd/" xmlns:ns1="http://xml.apache.org/axis/wsdd/providers/java" xmlns:ns2="http://CQL.caBIG/2/org.cagrid.cql2" encodingStyle="" serializer="org.cagrid.cql.utilities.encoding.Cql2SerializerFactory" deserializer="org.cagrid.cql.utilities.encoding.Cql2DeserializerFactory" type="ns1:org.cagrid.cql2.CQLTargetObject" qname="ns2:CQLTargetObject" />
  <ns3:typeMapping xmlns:ns3="http://xml.apache.org/axis/wsdd/" xmlns:ns1="http://xml.apache.org/axis/wsdd/providers/java" xmlns:ns2="http://CQL.caBIG/2/org.cagrid.cql2" encodingStyle="" serializer="org.cagrid.cql.utilities.encoding.Cql2SerializerFactory" deserializer="org.cagrid.cql.utilities.encoding.Cql2DeserializerFactory" type="ns1:org.cagrid.cql2.DistinctAttribute" qname="ns2:DistinctAttribute" />
  <ns3:typeMapping xmlns:ns3="http://xml.apache.org/axis/wsdd/" xmlns:ns1="http://xml.apache.org/axis/wsdd/providers/java" xmlns:ns2="http://CQL.caBIG/2/org.cagrid.cql2" encodingStyle="" serializer="org.cagrid.cql.utilities.encoding.Cql2SerializerFactory" deserializer="org.cagrid.cql.utilities.encoding.Cql2DeserializerFactory" type="ns1:org.cagrid.cql2.GroupLogicalOperator" qname="ns2:GroupLogicalOperator" />
  <ns3:typeMapping xmlns:ns3="http://xml.apache.org/axis/wsdd/" xmlns:ns1="http://xml.apache.org/axis/wsdd/providers/java" xmlns:ns2="http://CQL.caBIG/2/org.cagrid.cql2" encodingStyle="" serializer="org.cagrid.cql.utilities.encoding.Cql2SerializerFactory" deserializer="org.cagrid.cql.utilities.encoding.Cql2DeserializerFactory" type="ns1:org.cagrid.cql2.NamedAssociation" qname="ns2:NamedAssociation" />
  <ns3:typeMapping xmlns:ns3="http://xml.apache.org/axis/wsdd/" xmlns:ns1="http://xml.apache.org/axis/wsdd/providers/java" xmlns:ns2="http://CQL.caBIG/2/org.cagrid.cql2" encodingStyle="" serializer="org.cagrid.cql.utilities.encoding.Cql2SerializerFactory" deserializer="org.cagrid.cql.utilities.encoding.Cql2DeserializerFactory" type="ns1:org.cagrid.cql2.NamedAssociationList" qname="ns2:NamedAssociationList" />
  <ns3:typeMapping xmlns:ns3="http://xml.apache.org/axis/wsdd/" xmlns:ns1="http://xml.apache.org/axis/wsdd/providers/java" xmlns:ns2="http://CQL.caBIG/2/org.cagrid.cql2" encodingStyle="" serializer="org.cagrid.cql.utilities.encoding.Cql2SerializerFactory" deserializer="org.cagrid.cql.utilities.encoding.Cql2DeserializerFactory" type="ns1:org.cagrid.cql2.NamedAttribute" qname="ns2:NamedAttribute" />
  <ns3:typeMapping xmlns:ns3="http://xml.apache.org/axis/wsdd/" xmlns:ns1="http://xml.apache.org/axis/wsdd/providers/java" xmlns:ns2="http://CQL.caBIG/2/org.cagrid.cql2" encodingStyle="" serializer="org.cagrid.cql.utilities.encoding.Cql2SerializerFactory" deserializer="org.cagrid.cql.utilities.encoding.Cql2DeserializerFactory" type="ns1:org.cagrid.cql2.PopulationDepth" qname="ns2:PopulationDepth" />
  <ns3:typeMapping xmlns:ns3="http://xml.apache.org/axis/wsdd/" xmlns:ns1="http://xml.apache.org/axis/wsdd/providers/java" xmlns:ns2="http://CQL.caBIG/2/org.cagrid.cql2" encodingStyle="" serializer="org.cagrid.cql.utilities.encoding.Cql2SerializerFactory" deserializer="org.cagrid.cql.utilities.encoding.Cql2DeserializerFactory" type="ns1:org.cagrid.cql2.UnaryPredicate" qname="ns2:UnaryPredicate" />
  <!-- CQL 2 results -->
  <ns3:typeMapping xmlns:ns3="http://xml.apache.org/axis/wsdd/" xmlns:ns1="http://xml.apache.org/axis/wsdd/providers/java" xmlns:ns2="http://CQL.caBIG/2/org.cagrid.cql2.results" encodingStyle="" serializer="org.cagrid.cql.utilities.encoding.Cql2SerializerFactory" deserializer="org.cagrid.cql.utilities.encoding.Cql2DeserializerFactory" type="ns1:org.cagrid.cql2.results.CQLAggregateResult" qname="ns2:CQLAggregateResult" />
  <ns3:typeMapping xmlns:ns3="http://xml.apache.org/axis/wsdd/" xmlns:ns1="http://xml.apache.org/axis/wsdd/providers/java" xmlns:ns2="http://CQL.caBIG/2/org.cagrid.cql2.results" encodingStyle="" serializer="org.cagrid.cql.utilities.encoding.Cql2SerializerFactory" deserializer="org.cagrid.cql.utilities.encoding.Cql2DeserializerFactory" type="ns1:org.cagrid.cql2.results.CQLAttributeResult" qname="ns2:CQLAttributeResult" />
  <ns3:typeMapping xmlns:ns3="http://xml.apache.org/axis/wsdd/" xmlns:ns1="http://xml.apache.org/axis/wsdd/providers/java" xmlns:ns2="http://CQL.caBIG/2/org.cagrid.cql2.results" encodingStyle="" serializer="org.cagrid.cql.utilities.encoding.Cql2SerializerFactory" deserializer="org.cagrid.cql.utilities.encoding.Cql2DeserializerFactory" type="ns1:org.cagrid.cql2.results.CQLObjectResult" qname="ns2:CQLObjectResult" />
  <ns3:typeMapping xmlns:ns3="http://xml.apache.org/axis/wsdd/" xmlns:ns1="http://xml.apache.org/axis/wsdd/providers/java" xmlns:ns2="http://CQL.caBIG/2/org.cagrid.cql2.results" encodingStyle="" serializer="org.cagrid.cql.utilities.encoding.Cql2SerializerFactory" deserializer="org.cagrid.cql.utilities.encoding.Cql2DeserializerFactory" type="ns1:org.cagrid.cql2.results.CQLQueryResults" qname="ns2:CQLQueryResults" />
  <ns3:typeMapping xmlns:ns3="http://xml.apache.org/axis/wsdd/" xmlns:ns1="http://xml.apache.org/axis/wsdd/providers/java" xmlns:ns2="http://CQL.caBIG/2/org.cagrid.cql2.results" encodingStyle="" serializer="org.cagrid.cql.utilities.encoding.Cql2SerializerFactory" deserializer="org.cagrid.cql.utilities.encoding.Cql2DeserializerFactory" type="ns1:org.cagrid.cql2.results.CQLResult" qname="ns2:CQLResult" />
  <ns3:typeMapping xmlns:ns3="http://xml.apache.org/axis/wsdd/" xmlns:ns1="http://xml.apache.org/axis/wsdd/providers/java" xmlns:ns2="http://CQL.caBIG/2/org.cagrid.cql2.results" encodingStyle="" serializer="org.cagrid.cql.utilities.encoding.Cql2SerializerFactory" deserializer="org.cagrid.cql.utilities.encoding.Cql2DeserializerFactory" type="ns1:org.cagrid.cql2.results.ExtendedCQLResult" qname="ns2:ExtendedCQLResult" />
  <ns3:typeMapping xmlns:ns3="http://xml.apache.org/axis/wsdd/" xmlns:ns1="http://xml.apache.org/axis/wsdd/providers/java" xmlns:ns2="http://CQL.caBIG/2/org.cagrid.cql2.results" encodingStyle="" serializer="org.cagrid.cql.utilities.encoding.Cql2SerializerFactory" deserializer="org.cagrid.cql.utilities.encoding.Cql2DeserializerFactory" type="ns1:org.cagrid.cql2.results.TargetAttribute" qname="ns2:TargetAttribute" />
  <!-- END CQL 2 TYPE MAPPINGS -->
Adding CQL 2 types mapping to wsdd /Users/ervin/Projects/caGrid/caGrid-1_5_release/Software/core/integration-tests/projects/sdk44StyleTests/temp/DataServiceWithSdk44/src/org/cagrid/test/data/with/sdk44/client/client-config.wsdd
Old types mapping found in wsdd; removing
Reading CQL 2 types mapping from packaged wsdd
Adding types mapping text:

<!-- START CQL 2 TYPE MAPPINGS -->
  <ns3:typeMapping xmlns:ns3="http://xml.apache.org/axis/wsdd/" xmlns:ns1="http://xml.apache.org/axis/wsdd/providers/java" xmlns:ns2="http://CQL.caBIG/2/org.cagrid.cql2" encodingStyle="" serializer="org.cagrid.cql.utilities.encoding.Cql2SerializerFactory" deserializer="org.cagrid.cql.utilities.encoding.Cql2DeserializerFactory" type="ns1:org.cagrid.cql2.Aggregation" qname="ns2:Aggregation" />
  <ns3:typeMapping xmlns:ns3="http://xml.apache.org/axis/wsdd/" xmlns:ns1="http://xml.apache.org/axis/wsdd/providers/java" xmlns:ns2="http://CQL.caBIG/2/org.cagrid.cql2" encodingStyle="" serializer="org.cagrid.cql.utilities.encoding.Cql2SerializerFactory" deserializer="org.cagrid.cql.utilities.encoding.Cql2DeserializerFactory" type="ns1:org.cagrid.cql2.AssociationPopulationSpecification" qname="ns2:AssociationPopulationSpecification" />
  <ns3:typeMapping xmlns:ns3="http://xml.apache.org/axis/wsdd/" xmlns:ns1="http://xml.apache.org/axis/wsdd/providers/java" xmlns:ns2="http://CQL.caBIG/2/org.cagrid.cql2" encodingStyle="" serializer="org.cagrid.cql.utilities.encoding.Cql2SerializerFactory" deserializer="org.cagrid.cql.utilities.encoding.Cql2DeserializerFactory" type="ns1:org.cagrid.cql2.AttributeValue" qname="ns2:AttributeValue" />
  <ns3:typeMapping xmlns:ns3="http://xml.apache.org/axis/wsdd/" xmlns:ns1="http://xml.apache.org/axis/wsdd/providers/java" xmlns:ns2="http://CQL.caBIG/2/org.cagrid.cql2" encodingStyle="" serializer="org.cagrid.cql.utilities.encoding.Cql2SerializerFactory" deserializer="org.cagrid.cql.utilities.encoding.Cql2DeserializerFactory" type="ns1:org.cagrid.cql2.BinaryPredicate" qname="ns2:BinaryPredicate" />
  <ns3:typeMapping xmlns:ns3="http://xml.apache.org/axis/wsdd/" xmlns:ns1="http://xml.apache.org/axis/wsdd/providers/java" xmlns:ns2="http://CQL.caBIG/2/org.cagrid.cql2" encodingStyle="" serializer="org.cagrid.cql.utilities.encoding.Cql2SerializerFactory" deserializer="org.cagrid.cql.utilities.encoding.Cql2DeserializerFactory" type="ns1:org.cagrid.cql2.CQLAssociatedObject" qname="ns2:CQLAssociatedObject" />
  <ns3:typeMapping xmlns:ns3="http://xml.apache.org/axis/wsdd/" xmlns:ns1="http://xml.apache.org/axis/wsdd/providers/java" xmlns:ns2="http://CQL.caBIG/2/org.cagrid.cql2" encodingStyle="" serializer="org.cagrid.cql.utilities.encoding.Cql2SerializerFactory" deserializer="org.cagrid.cql.utilities.encoding.Cql2DeserializerFactory" type="ns1:org.cagrid.cql2.CQLAttribute" qname="ns2:CQLAttribute" />
  <ns3:typeMapping xmlns:ns3="http://xml.apache.org/axis/wsdd/" xmlns:ns1="http://xml.apache.org/axis/wsdd/providers/java" xmlns:ns2="http://CQL.caBIG/2/org.cagrid.cql2" encodingStyle="" serializer="org.cagrid.cql.utilities.encoding.Cql2SerializerFactory" deserializer="org.cagrid.cql.utilities.encoding.Cql2DeserializerFactory" type="ns1:org.cagrid.cql2.CQLExtension" qname="ns2:CQLExtension" />
  <ns3:typeMapping xmlns:ns3="http://xml.apache.org/axis/wsdd/" xmlns:ns1="http://xml.apache.org/axis/wsdd/providers/java" xmlns:ns2="http://CQL.caBIG/2/org.cagrid.cql2" encodingStyle="" serializer="org.cagrid.cql.utilities.encoding.Cql2SerializerFactory" deserializer="org.cagrid.cql.utilities.encoding.Cql2DeserializerFactory" type="ns1:org.cagrid.cql2.CQLGroup" qname="ns2:CQLGroup" />
  <ns3:typeMapping xmlns:ns3="http://xml.apache.org/axis/wsdd/" xmlns:ns1="http://xml.apache.org/axis/wsdd/providers/java" xmlns:ns2="http://CQL.caBIG/2/org.cagrid.cql2" encodingStyle="" serializer="org.cagrid.cql.utilities.encoding.Cql2SerializerFactory" deserializer="org.cagrid.cql.utilities.encoding.Cql2DeserializerFactory" type="ns1:org.cagrid.cql2.CQLObject" qname="ns2:CQLObject" />
  <ns3:typeMapping xmlns:ns3="http://xml.apache.org/axis/wsdd/" xmlns:ns1="http://xml.apache.org/axis/wsdd/providers/java" xmlns:ns2="http://CQL.caBIG/2/org.cagrid.cql2" encodingStyle="" serializer="org.cagrid.cql.utilities.encoding.Cql2SerializerFactory" deserializer="org.cagrid.cql.utilities.encoding.Cql2DeserializerFactory" type="ns1:org.cagrid.cql2.CQLQuery" qname="ns2:CQLQuery" />
  <ns3:typeMapping xmlns:ns3="http://xml.apache.org/axis/wsdd/" xmlns:ns1="http://xml.apache.org/axis/wsdd/providers/java" xmlns:ns2="http://CQL.caBIG/2/org.cagrid.cql2" encodingStyle="" serializer="org.cagrid.cql.utilities.encoding.Cql2SerializerFactory" deserializer="org.cagrid.cql.utilities.encoding.Cql2DeserializerFactory" type="ns1:org.cagrid.cql2.CQLQueryModifier" qname="ns2:CQLQueryModifier" />
  <ns3:typeMapping xmlns:ns3="http://xml.apache.org/axis/wsdd/" xmlns:ns1="http://xml.apache.org/axis/wsdd/providers/java" xmlns:ns2="http://CQL.caBIG/2/org.cagrid.cql2" encodingStyle="" serializer="org.cagrid.cql.utilities.encoding.Cql2SerializerFactory" deserializer="org.cagrid.cql.utilities.encoding.Cql2DeserializerFactory" type="ns1:org.cagrid.cql2.CQLTargetObject" qname="ns2:CQLTargetObject" />
  <ns3:typeMapping xmlns:ns3="http://xml.apache.org/axis/wsdd/" xmlns:ns1="http://xml.apache.org/axis/wsdd/providers/java" xmlns:ns2="http://CQL.caBIG/2/org.cagrid.cql2" encodingStyle="" serializer="org.cagrid.cql.utilities.encoding.Cql2SerializerFactory" deserializer="org.cagrid.cql.utilities.encoding.Cql2DeserializerFactory" type="ns1:org.cagrid.cql2.DistinctAttribute" qname="ns2:DistinctAttribute" />
  <ns3:typeMapping xmlns:ns3="http://xml.apache.org/axis/wsdd/" xmlns:ns1="http://xml.apache.org/axis/wsdd/providers/java" xmlns:ns2="http://CQL.caBIG/2/org.cagrid.cql2" encodingStyle="" serializer="org.cagrid.cql.utilities.encoding.Cql2SerializerFactory" deserializer="org.cagrid.cql.utilities.encoding.Cql2DeserializerFactory" type="ns1:org.cagrid.cql2.GroupLogicalOperator" qname="ns2:GroupLogicalOperator" />
  <ns3:typeMapping xmlns:ns3="http://xml.apache.org/axis/wsdd/" xmlns:ns1="http://xml.apache.org/axis/wsdd/providers/java" xmlns:ns2="http://CQL.caBIG/2/org.cagrid.cql2" encodingStyle="" serializer="org.cagrid.cql.utilities.encoding.Cql2SerializerFactory" deserializer="org.cagrid.cql.utilities.encoding.Cql2DeserializerFactory" type="ns1:org.cagrid.cql2.NamedAssociation" qname="ns2:NamedAssociation" />
  <ns3:typeMapping xmlns:ns3="http://xml.apache.org/axis/wsdd/" xmlns:ns1="http://xml.apache.org/axis/wsdd/providers/java" xmlns:ns2="http://CQL.caBIG/2/org.cagrid.cql2" encodingStyle="" serializer="org.cagrid.cql.utilities.encoding.Cql2SerializerFactory" deserializer="org.cagrid.cql.utilities.encoding.Cql2DeserializerFactory" type="ns1:org.cagrid.cql2.NamedAssociationList" qname="ns2:NamedAssociationList" />
  <ns3:typeMapping xmlns:ns3="http://xml.apache.org/axis/wsdd/" xmlns:ns1="http://xml.apache.org/axis/wsdd/providers/java" xmlns:ns2="http://CQL.caBIG/2/org.cagrid.cql2" encodingStyle="" serializer="org.cagrid.cql.utilities.encoding.Cql2SerializerFactory" deserializer="org.cagrid.cql.utilities.encoding.Cql2DeserializerFactory" type="ns1:org.cagrid.cql2.NamedAttribute" qname="ns2:NamedAttribute" />
  <ns3:typeMapping xmlns:ns3="http://xml.apache.org/axis/wsdd/" xmlns:ns1="http://xml.apache.org/axis/wsdd/providers/java" xmlns:ns2="http://CQL.caBIG/2/org.cagrid.cql2" encodingStyle="" serializer="org.cagrid.cql.utilities.encoding.Cql2SerializerFactory" deserializer="org.cagrid.cql.utilities.encoding.Cql2DeserializerFactory" type="ns1:org.cagrid.cql2.PopulationDepth" qname="ns2:PopulationDepth" />
  <ns3:typeMapping xmlns:ns3="http://xml.apache.org/axis/wsdd/" xmlns:ns1="http://xml.apache.org/axis/wsdd/providers/java" xmlns:ns2="http://CQL.caBIG/2/org.cagrid.cql2" encodingStyle="" serializer="org.cagrid.cql.utilities.encoding.Cql2SerializerFactory" deserializer="org.cagrid.cql.utilities.encoding.Cql2DeserializerFactory" type="ns1:org.cagrid.cql2.UnaryPredicate" qname="ns2:UnaryPredicate" />
  <!-- CQL 2 results -->
  <ns3:typeMapping xmlns:ns3="http://xml.apache.org/axis/wsdd/" xmlns:ns1="http://xml.apache.org/axis/wsdd/providers/java" xmlns:ns2="http://CQL.caBIG/2/org.cagrid.cql2.results" encodingStyle="" serializer="org.cagrid.cql.utilities.encoding.Cql2SerializerFactory" deserializer="org.cagrid.cql.utilities.encoding.Cql2DeserializerFactory" type="ns1:org.cagrid.cql2.results.CQLAggregateResult" qname="ns2:CQLAggregateResult" />
  <ns3:typeMapping xmlns:ns3="http://xml.apache.org/axis/wsdd/" xmlns:ns1="http://xml.apache.org/axis/wsdd/providers/java" xmlns:ns2="http://CQL.caBIG/2/org.cagrid.cql2.results" encodingStyle="" serializer="org.cagrid.cql.utilities.encoding.Cql2SerializerFactory" deserializer="org.cagrid.cql.utilities.encoding.Cql2DeserializerFactory" type="ns1:org.cagrid.cql2.results.CQLAttributeResult" qname="ns2:CQLAttributeResult" />
  <ns3:typeMapping xmlns:ns3="http://xml.apache.org/axis/wsdd/" xmlns:ns1="http://xml.apache.org/axis/wsdd/providers/java" xmlns:ns2="http://CQL.caBIG/2/org.cagrid.cql2.results" encodingStyle="" serializer="org.cagrid.cql.utilities.encoding.Cql2SerializerFactory" deserializer="org.cagrid.cql.utilities.encoding.Cql2DeserializerFactory" type="ns1:org.cagrid.cql2.results.CQLObjectResult" qname="ns2:CQLObjectResult" />
  <ns3:typeMapping xmlns:ns3="http://xml.apache.org/axis/wsdd/" xmlns:ns1="http://xml.apache.org/axis/wsdd/providers/java" xmlns:ns2="http://CQL.caBIG/2/org.cagrid.cql2.results" encodingStyle="" serializer="org.cagrid.cql.utilities.encoding.Cql2SerializerFactory" deserializer="org.cagrid.cql.utilities.encoding.Cql2DeserializerFactory" type="ns1:org.cagrid.cql2.results.CQLQueryResults" qname="ns2:CQLQueryResults" />
  <ns3:typeMapping xmlns:ns3="http://xml.apache.org/axis/wsdd/" xmlns:ns1="http://xml.apache.org/axis/wsdd/providers/java" xmlns:ns2="http://CQL.caBIG/2/org.cagrid.cql2.results" encodingStyle="" serializer="org.cagrid.cql.utilities.encoding.Cql2SerializerFactory" deserializer="org.cagrid.cql.utilities.encoding.Cql2DeserializerFactory" type="ns1:org.cagrid.cql2.results.CQLResult" qname="ns2:CQLResult" />
  <ns3:typeMapping xmlns:ns3="http://xml.apache.org/axis/wsdd/" xmlns:ns1="http://xml.apache.org/axis/wsdd/providers/java" xmlns:ns2="http://CQL.caBIG/2/org.cagrid.cql2.results" encodingStyle="" serializer="org.cagrid.cql.utilities.encoding.Cql2SerializerFactory" deserializer="org.cagrid.cql.utilities.encoding.Cql2DeserializerFactory" type="ns1:org.cagrid.cql2.results.ExtendedCQLResult" qname="ns2:ExtendedCQLResult" />
  <ns3:typeMapping xmlns:ns3="http://xml.apache.org/axis/wsdd/" xmlns:ns1="http://xml.apache.org/axis/wsdd/providers/java" xmlns:ns2="http://CQL.caBIG/2/org.cagrid.cql2.results" encodingStyle="" serializer="org.cagrid.cql.utilities.encoding.Cql2SerializerFactory" deserializer="org.cagrid.cql.utilities.encoding.Cql2DeserializerFactory" type="ns1:org.cagrid.cql2.results.TargetAttribute" qname="ns2:TargetAttribute" />
  <!-- END CQL 2 TYPE MAPPINGS -->
Current extensions list: cagrid_metadata,data
Old extensions list: cagrid_metadata,data
Getting namespaces from schema /Users/ervin/Projects/caGrid/caGrid-1_5_release/Software/core/integration-tests/projects/sdk44StyleTests/temp/DataServiceWithSdk44/schema/DataServiceWithSdk44/gov.nih.nci.cacoresdk.domain.inheritance.abstrakt.xsd
adding namepace uri:iso.org:21090
Getting namespaces from schema /Users/ervin/Projects/caGrid/caGrid-1_5_release/Software/core/integration-tests/projects/sdk44StyleTests/temp/DataServiceWithSdk44/schema/DataServiceWithSdk44/ISO_datatypes_Narrative.xsd
Getting namespaces from schema /Users/ervin/Projects/caGrid/caGrid-1_5_release/Software/core/integration-tests/projects/sdk44StyleTests/temp/DataServiceWithSdk44/schema/DataServiceWithSdk44/gov.nih.nci.cacoresdk.domain.inheritance.childwithassociation.sametable.xsd
Getting namespaces from schema /Users/ervin/Projects/caGrid/caGrid-1_5_release/Software/core/integration-tests/projects/sdk44StyleTests/temp/DataServiceWithSdk44/schema/DataServiceWithSdk44/ISO_datatypes_Narrative.xsd
Getting namespaces from schema /Users/ervin/Projects/caGrid/caGrid-1_5_release/Software/core/integration-tests/projects/sdk44StyleTests/temp/DataServiceWithSdk44/schema/DataServiceWithSdk44/gov.nih.nci.cacoresdk.domain.inheritance.childwithassociation.xsd
Getting namespaces from schema /Users/ervin/Projects/caGrid/caGrid-1_5_release/Software/core/integration-tests/projects/sdk44StyleTests/temp/DataServiceWithSdk44/schema/DataServiceWithSdk44/ISO_datatypes_Narrative.xsd
Getting namespaces from schema /Users/ervin/Projects/caGrid/caGrid-1_5_release/Software/core/integration-tests/projects/sdk44StyleTests/temp/DataServiceWithSdk44/schema/DataServiceWithSdk44/gov.nih.nci.cacoresdk.domain.inheritance.implicit.xsd
Getting namespaces from schema /Users/ervin/Projects/caGrid/caGrid-1_5_release/Software/core/integration-tests/projects/sdk44StyleTests/temp/DataServiceWithSdk44/schema/DataServiceWithSdk44/ISO_datatypes_Narrative.xsd
Getting namespaces from schema /Users/ervin/Projects/caGrid/caGrid-1_5_release/Software/core/integration-tests/projects/sdk44StyleTests/temp/DataServiceWithSdk44/schema/DataServiceWithSdk44/gov.nih.nci.cacoresdk.domain.inheritance.multiplechild.sametable.xsd
Getting namespaces from schema /Users/ervin/Projects/caGrid/caGrid-1_5_release/Software/core/integration-tests/projects/sdk44StyleTests/temp/DataServiceWithSdk44/schema/DataServiceWithSdk44/ISO_datatypes_Narrative.xsd
Getting namespaces from schema /Users/ervin/Projects/caGrid/caGrid-1_5_release/Software/core/integration-tests/projects/sdk44StyleTests/temp/DataServiceWithSdk44/schema/DataServiceWithSdk44/gov.nih.nci.cacoresdk.domain.inheritance.multiplechild.xsd
Getting namespaces from schema /Users/ervin/Projects/caGrid/caGrid-1_5_release/Software/core/integration-tests/projects/sdk44StyleTests/temp/DataServiceWithSdk44/schema/DataServiceWithSdk44/ISO_datatypes_Narrative.xsd
Getting namespaces from schema /Users/ervin/Projects/caGrid/caGrid-1_5_release/Software/core/integration-tests/projects/sdk44StyleTests/temp/DataServiceWithSdk44/schema/DataServiceWithSdk44/gov.nih.nci.cacoresdk.domain.inheritance.onechild.sametable.xsd
Getting namespaces from schema /Users/ervin/Projects/caGrid/caGrid-1_5_release/Software/core/integration-tests/projects/sdk44StyleTests/temp/DataServiceWithSdk44/schema/DataServiceWithSdk44/ISO_datatypes_Narrative.xsd
Getting namespaces from schema /Users/ervin/Projects/caGrid/caGrid-1_5_release/Software/core/integration-tests/projects/sdk44StyleTests/temp/DataServiceWithSdk44/schema/DataServiceWithSdk44/gov.nih.nci.cacoresdk.domain.inheritance.onechild.xsd
Getting namespaces from schema /Users/ervin/Projects/caGrid/caGrid-1_5_release/Software/core/integration-tests/projects/sdk44StyleTests/temp/DataServiceWithSdk44/schema/DataServiceWithSdk44/ISO_datatypes_Narrative.xsd
Getting namespaces from schema /Users/ervin/Projects/caGrid/caGrid-1_5_release/Software/core/integration-tests/projects/sdk44StyleTests/temp/DataServiceWithSdk44/schema/DataServiceWithSdk44/gov.nih.nci.cacoresdk.domain.inheritance.parentwithassociation.sametable.xsd
Getting namespaces from schema /Users/ervin/Projects/caGrid/caGrid-1_5_release/Software/core/integration-tests/projects/sdk44StyleTests/temp/DataServiceWithSdk44/schema/DataServiceWithSdk44/ISO_datatypes_Narrative.xsd
Getting namespaces from schema /Users/ervin/Projects/caGrid/caGrid-1_5_release/Software/core/integration-tests/projects/sdk44StyleTests/temp/DataServiceWithSdk44/schema/DataServiceWithSdk44/gov.nih.nci.cacoresdk.domain.inheritance.parentwithassociation.xsd
Getting namespaces from schema /Users/ervin/Projects/caGrid/caGrid-1_5_release/Software/core/integration-tests/projects/sdk44StyleTests/temp/DataServiceWithSdk44/schema/DataServiceWithSdk44/ISO_datatypes_Narrative.xsd
Getting namespaces from schema /Users/ervin/Projects/caGrid/caGrid-1_5_release/Software/core/integration-tests/projects/sdk44StyleTests/temp/DataServiceWithSdk44/schema/DataServiceWithSdk44/gov.nih.nci.cacoresdk.domain.inheritance.twolevelinheritance.sametable.xsd
Getting namespaces from schema /Users/ervin/Projects/caGrid/caGrid-1_5_release/Software/core/integration-tests/projects/sdk44StyleTests/temp/DataServiceWithSdk44/schema/DataServiceWithSdk44/ISO_datatypes_Narrative.xsd
Getting namespaces from schema /Users/ervin/Projects/caGrid/caGrid-1_5_release/Software/core/integration-tests/projects/sdk44StyleTests/temp/DataServiceWithSdk44/schema/DataServiceWithSdk44/gov.nih.nci.cacoresdk.domain.inheritance.twolevelinheritance.sametablerootlevel.xsd
Getting namespaces from schema /Users/ervin/Projects/caGrid/caGrid-1_5_release/Software/core/integration-tests/projects/sdk44StyleTests/temp/DataServiceWithSdk44/schema/DataServiceWithSdk44/ISO_datatypes_Narrative.xsd
Getting namespaces from schema /Users/ervin/Projects/caGrid/caGrid-1_5_release/Software/core/integration-tests/projects/sdk44StyleTests/temp/DataServiceWithSdk44/schema/DataServiceWithSdk44/gov.nih.nci.cacoresdk.domain.inheritance.twolevelinheritance.xsd
Getting namespaces from schema /Users/ervin/Projects/caGrid/caGrid-1_5_release/Software/core/integration-tests/projects/sdk44StyleTests/temp/DataServiceWithSdk44/schema/DataServiceWithSdk44/ISO_datatypes_Narrative.xsd
Getting namespaces from schema /Users/ervin/Projects/caGrid/caGrid-1_5_release/Software/core/integration-tests/projects/sdk44StyleTests/temp/DataServiceWithSdk44/schema/DataServiceWithSdk44/gov.nih.nci.cacoresdk.domain.interfaze.xsd
Getting namespaces from schema /Users/ervin/Projects/caGrid/caGrid-1_5_release/Software/core/integration-tests/projects/sdk44StyleTests/temp/DataServiceWithSdk44/schema/DataServiceWithSdk44/ISO_datatypes_Narrative.xsd
Getting namespaces from schema /Users/ervin/Projects/caGrid/caGrid-1_5_release/Software/core/integration-tests/projects/sdk44StyleTests/temp/DataServiceWithSdk44/schema/DataServiceWithSdk44/gov.nih.nci.cacoresdk.domain.manytomany.bidirectional.xsd
Getting namespaces from schema /Users/ervin/Projects/caGrid/caGrid-1_5_release/Software/core/integration-tests/projects/sdk44StyleTests/temp/DataServiceWithSdk44/schema/DataServiceWithSdk44/ISO_datatypes_Narrative.xsd
Getting namespaces from schema /Users/ervin/Projects/caGrid/caGrid-1_5_release/Software/core/integration-tests/projects/sdk44StyleTests/temp/DataServiceWithSdk44/schema/DataServiceWithSdk44/gov.nih.nci.cacoresdk.domain.manytomany.unidirectional.xsd
Getting namespaces from schema /Users/ervin/Projects/caGrid/caGrid-1_5_release/Software/core/integration-tests/projects/sdk44StyleTests/temp/DataServiceWithSdk44/schema/DataServiceWithSdk44/ISO_datatypes_Narrative.xsd
Getting namespaces from schema /Users/ervin/Projects/caGrid/caGrid-1_5_release/Software/core/integration-tests/projects/sdk44StyleTests/temp/DataServiceWithSdk44/schema/DataServiceWithSdk44/gov.nih.nci.cacoresdk.domain.manytoone.unidirectional.withjoin.xsd
Getting namespaces from schema /Users/ervin/Projects/caGrid/caGrid-1_5_release/Software/core/integration-tests/projects/sdk44StyleTests/temp/DataServiceWithSdk44/schema/DataServiceWithSdk44/ISO_datatypes_Narrative.xsd
Getting namespaces from schema /Users/ervin/Projects/caGrid/caGrid-1_5_release/Software/core/integration-tests/projects/sdk44StyleTests/temp/DataServiceWithSdk44/schema/DataServiceWithSdk44/gov.nih.nci.cacoresdk.domain.manytoone.unidirectional.xsd
Getting namespaces from schema /Users/ervin/Projects/caGrid/caGrid-1_5_release/Software/core/integration-tests/projects/sdk44StyleTests/temp/DataServiceWithSdk44/schema/DataServiceWithSdk44/ISO_datatypes_Narrative.xsd
Getting namespaces from schema /Users/ervin/Projects/caGrid/caGrid-1_5_release/Software/core/integration-tests/projects/sdk44StyleTests/temp/DataServiceWithSdk44/schema/DataServiceWithSdk44/gov.nih.nci.cacoresdk.domain.onetomany.bidirectional.withjoin.xsd
Getting namespaces from schema /Users/ervin/Projects/caGrid/caGrid-1_5_release/Software/core/integration-tests/projects/sdk44StyleTests/temp/DataServiceWithSdk44/schema/DataServiceWithSdk44/ISO_datatypes_Narrative.xsd
Getting namespaces from schema /Users/ervin/Projects/caGrid/caGrid-1_5_release/Software/core/integration-tests/projects/sdk44StyleTests/temp/DataServiceWithSdk44/schema/DataServiceWithSdk44/gov.nih.nci.cacoresdk.domain.onetomany.bidirectional.xsd
Getting namespaces from schema /Users/ervin/Projects/caGrid/caGrid-1_5_release/Software/core/integration-tests/projects/sdk44StyleTests/temp/DataServiceWithSdk44/schema/DataServiceWithSdk44/ISO_datatypes_Narrative.xsd
Getting namespaces from schema /Users/ervin/Projects/caGrid/caGrid-1_5_release/Software/core/integration-tests/projects/sdk44StyleTests/temp/DataServiceWithSdk44/schema/DataServiceWithSdk44/gov.nih.nci.cacoresdk.domain.onetomany.selfassociation.xsd
Getting namespaces from schema /Users/ervin/Projects/caGrid/caGrid-1_5_release/Software/core/integration-tests/projects/sdk44StyleTests/temp/DataServiceWithSdk44/schema/DataServiceWithSdk44/ISO_datatypes_Narrative.xsd
Getting namespaces from schema /Users/ervin/Projects/caGrid/caGrid-1_5_release/Software/core/integration-tests/projects/sdk44StyleTests/temp/DataServiceWithSdk44/schema/DataServiceWithSdk44/gov.nih.nci.cacoresdk.domain.onetomany.unidirectional.withjoin.xsd
Getting namespaces from schema /Users/ervin/Projects/caGrid/caGrid-1_5_release/Software/core/integration-tests/projects/sdk44StyleTests/temp/DataServiceWithSdk44/schema/DataServiceWithSdk44/ISO_datatypes_Narrative.xsd
Getting namespaces from schema /Users/ervin/Projects/caGrid/caGrid-1_5_release/Software/core/integration-tests/projects/sdk44StyleTests/temp/DataServiceWithSdk44/schema/DataServiceWithSdk44/gov.nih.nci.cacoresdk.domain.onetomany.unidirectional.xsd
Getting namespaces from schema /Users/ervin/Projects/caGrid/caGrid-1_5_release/Software/core/integration-tests/projects/sdk44StyleTests/temp/DataServiceWithSdk44/schema/DataServiceWithSdk44/ISO_datatypes_Narrative.xsd
Getting namespaces from schema /Users/ervin/Projects/caGrid/caGrid-1_5_release/Software/core/integration-tests/projects/sdk44StyleTests/temp/DataServiceWithSdk44/schema/DataServiceWithSdk44/gov.nih.nci.cacoresdk.domain.onetoone.bidirectional.withjoin.xsd
Getting namespaces from schema /Users/ervin/Projects/caGrid/caGrid-1_5_release/Software/core/integration-tests/projects/sdk44StyleTests/temp/DataServiceWithSdk44/schema/DataServiceWithSdk44/ISO_datatypes_Narrative.xsd
Getting namespaces from schema /Users/ervin/Projects/caGrid/caGrid-1_5_release/Software/core/integration-tests/projects/sdk44StyleTests/temp/DataServiceWithSdk44/schema/DataServiceWithSdk44/gov.nih.nci.cacoresdk.domain.onetoone.bidirectional.xsd
Getting namespaces from schema /Users/ervin/Projects/caGrid/caGrid-1_5_release/Software/core/integration-tests/projects/sdk44StyleTests/temp/DataServiceWithSdk44/schema/DataServiceWithSdk44/ISO_datatypes_Narrative.xsd
Getting namespaces from schema /Users/ervin/Projects/caGrid/caGrid-1_5_release/Software/core/integration-tests/projects/sdk44StyleTests/temp/DataServiceWithSdk44/schema/DataServiceWithSdk44/gov.nih.nci.cacoresdk.domain.onetoone.multipleassociation.withjoin.xsd
Getting namespaces from schema /Users/ervin/Projects/caGrid/caGrid-1_5_release/Software/core/integration-tests/projects/sdk44StyleTests/temp/DataServiceWithSdk44/schema/DataServiceWithSdk44/ISO_datatypes_Narrative.xsd
Getting namespaces from schema /Users/ervin/Projects/caGrid/caGrid-1_5_release/Software/core/integration-tests/projects/sdk44StyleTests/temp/DataServiceWithSdk44/schema/DataServiceWithSdk44/gov.nih.nci.cacoresdk.domain.onetoone.multipleassociation.xsd
Getting namespaces from schema /Users/ervin/Projects/caGrid/caGrid-1_5_release/Software/core/integration-tests/projects/sdk44StyleTests/temp/DataServiceWithSdk44/schema/DataServiceWithSdk44/ISO_datatypes_Narrative.xsd
Getting namespaces from schema /Users/ervin/Projects/caGrid/caGrid-1_5_release/Software/core/integration-tests/projects/sdk44StyleTests/temp/DataServiceWithSdk44/schema/DataServiceWithSdk44/gov.nih.nci.cacoresdk.domain.onetoone.unidirectional.withjoin.xsd
Getting namespaces from schema /Users/ervin/Projects/caGrid/caGrid-1_5_release/Software/core/integration-tests/projects/sdk44StyleTests/temp/DataServiceWithSdk44/schema/DataServiceWithSdk44/ISO_datatypes_Narrative.xsd
Getting namespaces from schema /Users/ervin/Projects/caGrid/caGrid-1_5_release/Software/core/integration-tests/projects/sdk44StyleTests/temp/DataServiceWithSdk44/schema/DataServiceWithSdk44/gov.nih.nci.cacoresdk.domain.onetoone.unidirectional.xsd
Getting namespaces from schema /Users/ervin/Projects/caGrid/caGrid-1_5_release/Software/core/integration-tests/projects/sdk44StyleTests/temp/DataServiceWithSdk44/schema/DataServiceWithSdk44/ISO_datatypes_Narrative.xsd
Getting namespaces from schema /Users/ervin/Projects/caGrid/caGrid-1_5_release/Software/core/integration-tests/projects/sdk44StyleTests/temp/DataServiceWithSdk44/schema/DataServiceWithSdk44/gov.nih.nci.cacoresdk.domain.other.datatype.xsd
Getting namespaces from schema /Users/ervin/Projects/caGrid/caGrid-1_5_release/Software/core/integration-tests/projects/sdk44StyleTests/temp/DataServiceWithSdk44/schema/DataServiceWithSdk44/ISO_datatypes_Narrative.xsd
Getting namespaces from schema /Users/ervin/Projects/caGrid/caGrid-1_5_release/Software/core/integration-tests/projects/sdk44StyleTests/temp/DataServiceWithSdk44/schema/DataServiceWithSdk44/gov.nih.nci.cacoresdk.domain.other.differentpackage.associations.xsd
adding namepace gme://caCORE.caCORE/3.2/gov.nih.nci.cacoresdk.domain.other.differentpackage
Getting namespaces from schema /Users/ervin/Projects/caGrid/caGrid-1_5_release/Software/core/integration-tests/projects/sdk44StyleTests/temp/DataServiceWithSdk44/schema/DataServiceWithSdk44/gov.nih.nci.cacoresdk.domain.other.differentpackage.xsd
WARNING: Schema imports contain circular references. /Users/ervin/Projects/caGrid/caGrid-1_5_release/Software/core/integration-tests/projects/sdk44StyleTests/temp/DataServiceWithSdk44/schema/DataServiceWithSdk44/gov.nih.nci.cacoresdk.domain.other.differentpackage.xsd
Getting namespaces from schema /Users/ervin/Projects/caGrid/caGrid-1_5_release/Software/core/integration-tests/projects/sdk44StyleTests/temp/DataServiceWithSdk44/schema/DataServiceWithSdk44/ISO_datatypes_Narrative.xsd
WARNING: Schema imports contain circular references. /Users/ervin/Projects/caGrid/caGrid-1_5_release/Software/core/integration-tests/projects/sdk44StyleTests/temp/DataServiceWithSdk44/schema/DataServiceWithSdk44/gov.nih.nci.cacoresdk.domain.other.differentpackage.associations.xsd
Getting namespaces from schema /Users/ervin/Projects/caGrid/caGrid-1_5_release/Software/core/integration-tests/projects/sdk44StyleTests/temp/DataServiceWithSdk44/schema/DataServiceWithSdk44/gov.nih.nci.cacoresdk.domain.other.differentpackage.xsd
Getting namespaces from schema /Users/ervin/Projects/caGrid/caGrid-1_5_release/Software/core/integration-tests/projects/sdk44StyleTests/temp/DataServiceWithSdk44/schema/DataServiceWithSdk44/gov.nih.nci.cacoresdk.domain.other.differentpackage.associations.xsd
WARNING: Schema imports contain circular references. /Users/ervin/Projects/caGrid/caGrid-1_5_release/Software/core/integration-tests/projects/sdk44StyleTests/temp/DataServiceWithSdk44/schema/DataServiceWithSdk44/gov.nih.nci.cacoresdk.domain.other.differentpackage.associations.xsd
Getting namespaces from schema /Users/ervin/Projects/caGrid/caGrid-1_5_release/Software/core/integration-tests/projects/sdk44StyleTests/temp/DataServiceWithSdk44/schema/DataServiceWithSdk44/ISO_datatypes_Narrative.xsd
WARNING: Schema imports contain circular references. /Users/ervin/Projects/caGrid/caGrid-1_5_release/Software/core/integration-tests/projects/sdk44StyleTests/temp/DataServiceWithSdk44/schema/DataServiceWithSdk44/gov.nih.nci.cacoresdk.domain.other.differentpackage.xsd
Getting namespaces from schema /Users/ervin/Projects/caGrid/caGrid-1_5_release/Software/core/integration-tests/projects/sdk44StyleTests/temp/DataServiceWithSdk44/schema/DataServiceWithSdk44/gov.nih.nci.cacoresdk.domain.other.levelassociation.xsd
Getting namespaces from schema /Users/ervin/Projects/caGrid/caGrid-1_5_release/Software/core/integration-tests/projects/sdk44StyleTests/temp/DataServiceWithSdk44/schema/DataServiceWithSdk44/ISO_datatypes_Narrative.xsd
Getting namespaces from schema /Users/ervin/Projects/caGrid/caGrid-1_5_release/Software/core/integration-tests/projects/sdk44StyleTests/temp/DataServiceWithSdk44/schema/DataServiceWithSdk44/gov.nih.nci.cacoresdk.domain.other.primarykey.xsd
Getting namespaces from schema /Users/ervin/Projects/caGrid/caGrid-1_5_release/Software/core/integration-tests/projects/sdk44StyleTests/temp/DataServiceWithSdk44/schema/DataServiceWithSdk44/ISO_datatypes_Narrative.xsd
Getting namespaces from schema /Users/ervin/Projects/caGrid/caGrid-1_5_release/Software/core/integration-tests/projects/sdk44StyleTests/temp/DataServiceWithSdk44/schema/DataServiceWithSdk44/gov.nih.nci.cacoresdk.domain.other.validationtype.xsd
Getting namespaces from schema /Users/ervin/Projects/caGrid/caGrid-1_5_release/Software/core/integration-tests/projects/sdk44StyleTests/temp/DataServiceWithSdk44/schema/DataServiceWithSdk44/ISO_datatypes_Narrative.xsd
Getting namespaces from schema /Users/ervin/Projects/caGrid/caGrid-1_5_release/Software/core/integration-tests/projects/sdk44StyleTests/temp/DataServiceWithSdk44/schema/DataServiceWithSdk44/./ISO_extensions.xsd
Getting namespaces from schema /Users/ervin/Projects/caGrid/caGrid-1_5_release/Software/core/integration-tests/projects/sdk44StyleTests/temp/DataServiceWithSdk44/schema/DataServiceWithSdk44/./CQLQueryComponents.xsd
Getting namespaces from schema /Users/ervin/Projects/caGrid/caGrid-1_5_release/Software/core/integration-tests/projects/sdk44StyleTests/temp/DataServiceWithSdk44/schema/DataServiceWithSdk44/./CQLQueryResults.xsd
Getting namespaces from schema /Users/ervin/Projects/caGrid/caGrid-1_5_release/Software/core/integration-tests/projects/sdk44StyleTests/temp/DataServiceWithSdk44/schema/DataServiceWithSdk44/Aggregations.xsd
Synchronizing with pre processing extensions
Set service metadata file location to:serviceMetadata.xml
Found existing domain model resource property
Found existing domain model resource property
Domain model source determined to be preBuilt
Imported operation's WSDL not found in service directory, using WSDL from globus...
Looking for namespace prefix for message wsrpw:GetMultipleResourcePropertiesRequest
Setting message GetMultipleResourcePropertiesRequest nsPrefix: wsrpw
Looking for namespace prefix for message wsrpw:GetMultipleResourcePropertiesResponse
Setting message GetMultipleResourcePropertiesResponse nsPrefix: wsrpw
Looking for namespace prefix for message wsrpw:ResourceUnknownFault
Setting message ResourceUnknownFault nsPrefix: wsrpw
Looking for namespace prefix for message wsrpw:InvalidResourcePropertyQNameFault
Setting message InvalidResourcePropertyQNameFault nsPrefix: wsrpw
Imported operation's WSDL not found in service directory, using WSDL from globus...
Looking for namespace prefix for message wsrpw:GetResourcePropertyRequest
Setting message GetResourcePropertyRequest nsPrefix: wsrpw
Looking for namespace prefix for message wsrpw:GetResourcePropertyResponse
Setting message GetResourcePropertyResponse nsPrefix: wsrpw
Looking for namespace prefix for message wsrpw:ResourceUnknownFault
Setting message ResourceUnknownFault nsPrefix: wsrpw
Looking for namespace prefix for message wsrpw:InvalidResourcePropertyQNameFault
Setting message InvalidResourcePropertyQNameFault nsPrefix: wsrpw
Imported operation's WSDL not found in service directory, using WSDL from globus...
Looking for namespace prefix for message wsrpw:QueryResourcePropertiesRequest
Setting message QueryResourcePropertiesRequest nsPrefix: wsrpw
Looking for namespace prefix for message wsrpw:QueryResourcePropertiesResponse
Setting message QueryResourcePropertiesResponse nsPrefix: wsrpw
Looking for namespace prefix for message wsrpw:ResourceUnknownFault
Setting message ResourceUnknownFault nsPrefix: wsrpw
Looking for namespace prefix for message wsrpw:InvalidResourcePropertyQNameFault
Setting message InvalidResourcePropertyQNameFault nsPrefix: wsrpw
Looking for namespace prefix for message wsrpw:UnknownQueryExpressionDialectFault
Setting message UnknownQueryExpressionDialectFault nsPrefix: wsrpw
Looking for namespace prefix for message wsrpw:InvalidQueryExpressionFault
Setting message InvalidQueryExpressionFault nsPrefix: wsrpw
Looking for namespace prefix for message wsrpw:QueryEvaluationErrorFault
Setting message QueryEvaluationErrorFault nsPrefix: wsrpw
Looking for namespace prefix for message tns:GetServiceSecurityMetadataRequest
Setting message GetServiceSecurityMetadataRequest nsPrefix: wns1
Looking for namespace prefix for message tns:GetServiceSecurityMetadataResponse
Setting message GetServiceSecurityMetadataResponse nsPrefix: wns1
Looking for namespace prefix for message tns:QueryRequest
Setting message QueryRequest nsPrefix: wns2
Looking for namespace prefix for message tns:QueryResponse
Setting message QueryResponse nsPrefix: wns2
Looking for namespace prefix for message tns:QueryProcessingExceptionFaultMessage
Setting message QueryProcessingExceptionFaultMessage nsPrefix: wns2
Looking for namespace prefix for message tns:MalformedQueryExceptionFaultMessage
Setting message MalformedQueryExceptionFaultMessage nsPrefix: wns2
Looking for namespace prefix for message tns:ExecuteQueryRequest
Setting message ExecuteQueryRequest nsPrefix: wns3
Looking for namespace prefix for message tns:ExecuteQueryResponse
Setting message ExecuteQueryResponse nsPrefix: wns3
Looking for namespace prefix for message tns:MalformedQueryExceptionFaultMessage
Setting message MalformedQueryExceptionFaultMessage nsPrefix: wns3
Looking for namespace prefix for message tns:QueryProcessingExceptionFaultMessage
Setting message QueryProcessingExceptionFaultMessage nsPrefix: wns3
Getting namespaces from schema /Users/ervin/Projects/caGrid/caGrid-1_5_release/Software/core/integration-tests/projects/sdk44StyleTests/temp/DataServiceWithSdk44/schema/DataServiceWithSdk44/gov.nih.nci.cacoresdk.domain.inheritance.implicit.xsd
adding namepace uri:iso.org:21090
Getting namespaces from schema /Users/ervin/Projects/caGrid/caGrid-1_5_release/Software/core/integration-tests/projects/sdk44StyleTests/temp/DataServiceWithSdk44/schema/DataServiceWithSdk44/ISO_datatypes_Narrative.xsd
Getting namespaces from schema /Users/ervin/Projects/caGrid/caGrid-1_5_release/Software/core/integration-tests/projects/sdk44StyleTests/temp/DataServiceWithSdk44/schema/DataServiceWithSdk44/./DataServiceWithSdk44Types.xsd
Getting namespaces from schema /Users/ervin/Projects/caGrid/caGrid-1_5_release/Software/core/integration-tests/projects/sdk44StyleTests/temp/DataServiceWithSdk44/schema/DataServiceWithSdk44/gov.nih.nci.cacoresdk.domain.inheritance.childwithassociation.sametable.xsd
Getting namespaces from schema /Users/ervin/Projects/caGrid/caGrid-1_5_release/Software/core/integration-tests/projects/sdk44StyleTests/temp/DataServiceWithSdk44/schema/DataServiceWithSdk44/ISO_datatypes_Narrative.xsd
Getting namespaces from schema /Users/ervin/Projects/caGrid/caGrid-1_5_release/Software/core/integration-tests/projects/sdk44StyleTests/temp/DataServiceWithSdk44/schema/DataServiceWithSdk44/gov.nih.nci.cacoresdk.domain.inheritance.parentwithassociation.xsd
Getting namespaces from schema /Users/ervin/Projects/caGrid/caGrid-1_5_release/Software/core/integration-tests/projects/sdk44StyleTests/temp/DataServiceWithSdk44/schema/DataServiceWithSdk44/ISO_datatypes_Narrative.xsd
Getting namespaces from schema /Users/ervin/Projects/caGrid/caGrid-1_5_release/Software/core/integration-tests/projects/sdk44StyleTests/temp/DataServiceWithSdk44/schema/DataServiceWithSdk44/./xsd/cagrid/types/service/servicemodel.xsd
adding namepace gme://caGrid.caBIG/1.0/gov.nih.nci.cagrid.metadata.common
Getting namespaces from schema /Users/ervin/Projects/caGrid/caGrid-1_5_release/Software/core/integration-tests/projects/sdk44StyleTests/temp/DataServiceWithSdk44/schema/DataServiceWithSdk44/xsd/cagrid/types/common/common.xsd
Getting namespaces from schema /Users/ervin/Projects/caGrid/caGrid-1_5_release/Software/core/integration-tests/projects/sdk44StyleTests/temp/DataServiceWithSdk44/schema/DataServiceWithSdk44/./xsd/cagrid/types/data/data.xsd
Getting namespaces from schema /Users/ervin/Projects/caGrid/caGrid-1_5_release/Software/core/integration-tests/projects/sdk44StyleTests/temp/DataServiceWithSdk44/schema/DataServiceWithSdk44/xsd/cagrid/types/common/common.xsd
Getting namespaces from schema /Users/ervin/Projects/caGrid/caGrid-1_5_release/Software/core/integration-tests/projects/sdk44StyleTests/temp/DataServiceWithSdk44/schema/DataServiceWithSdk44/gov.nih.nci.cacoresdk.domain.onetomany.bidirectional.withjoin.xsd
Getting namespaces from schema /Users/ervin/Projects/caGrid/caGrid-1_5_release/Software/core/integration-tests/projects/sdk44StyleTests/temp/DataServiceWithSdk44/schema/DataServiceWithSdk44/ISO_datatypes_Narrative.xsd
Getting namespaces from schema /Users/ervin/Projects/caGrid/caGrid-1_5_release/Software/core/integration-tests/projects/sdk44StyleTests/temp/DataServiceWithSdk44/schema/DataServiceWithSdk44/./DataServiceWithSdk44_CQLResultTypes.xsd
adding namepace gme://caCORE.caCORE/3.2/gov.nih.nci.cacoresdk.domain.inheritance.abstrakt
Getting namespaces from schema /Users/ervin/Projects/caGrid/caGrid-1_5_release/Software/core/integration-tests/projects/sdk44StyleTests/temp/DataServiceWithSdk44/schema/DataServiceWithSdk44/gov.nih.nci.cacoresdk.domain.inheritance.abstrakt.xsd
Getting namespaces from schema /Users/ervin/Projects/caGrid/caGrid-1_5_release/Software/core/integration-tests/projects/sdk44StyleTests/temp/DataServiceWithSdk44/schema/DataServiceWithSdk44/ISO_datatypes_Narrative.xsd
adding namepace gme://caCORE.caCORE/3.2/gov.nih.nci.cacoresdk.domain.inheritance.childwithassociation.sametable
Getting namespaces from schema /Users/ervin/Projects/caGrid/caGrid-1_5_release/Software/core/integration-tests/projects/sdk44StyleTests/temp/DataServiceWithSdk44/schema/DataServiceWithSdk44/gov.nih.nci.cacoresdk.domain.inheritance.childwithassociation.sametable.xsd
WARNING: Schema imports contain circular references. /Users/ervin/Projects/caGrid/caGrid-1_5_release/Software/core/integration-tests/projects/sdk44StyleTests/temp/DataServiceWithSdk44/schema/DataServiceWithSdk44/gov.nih.nci.cacoresdk.domain.inheritance.childwithassociation.sametable.xsd
adding namepace gme://caCORE.caCORE/3.2/gov.nih.nci.cacoresdk.domain.inheritance.childwithassociation
Getting namespaces from schema /Users/ervin/Projects/caGrid/caGrid-1_5_release/Software/core/integration-tests/projects/sdk44StyleTests/temp/DataServiceWithSdk44/schema/DataServiceWithSdk44/gov.nih.nci.cacoresdk.domain.inheritance.childwithassociation.xsd
WARNING: Schema imports contain circular references. /Users/ervin/Projects/caGrid/caGrid-1_5_release/Software/core/integration-tests/projects/sdk44StyleTests/temp/DataServiceWithSdk44/schema/DataServiceWithSdk44/gov.nih.nci.cacoresdk.domain.inheritance.childwithassociation.xsd
adding namepace gme://caCORE.caCORE/3.2/gov.nih.nci.cacoresdk.domain.inheritance.implicit
Getting namespaces from schema /Users/ervin/Projects/caGrid/caGrid-1_5_release/Software/core/integration-tests/projects/sdk44StyleTests/temp/DataServiceWithSdk44/schema/DataServiceWithSdk44/gov.nih.nci.cacoresdk.domain.inheritance.implicit.xsd
WARNING: Schema imports contain circular references. /Users/ervin/Projects/caGrid/caGrid-1_5_release/Software/core/integration-tests/projects/sdk44StyleTests/temp/DataServiceWithSdk44/schema/DataServiceWithSdk44/gov.nih.nci.cacoresdk.domain.inheritance.implicit.xsd
adding namepace gme://caCORE.caCORE/3.2/gov.nih.nci.cacoresdk.domain.inheritance.multiplechild.sametable
Getting namespaces from schema /Users/ervin/Projects/caGrid/caGrid-1_5_release/Software/core/integration-tests/projects/sdk44StyleTests/temp/DataServiceWithSdk44/schema/DataServiceWithSdk44/gov.nih.nci.cacoresdk.domain.inheritance.multiplechild.sametable.xsd
WARNING: Schema imports contain circular references. /Users/ervin/Projects/caGrid/caGrid-1_5_release/Software/core/integration-tests/projects/sdk44StyleTests/temp/DataServiceWithSdk44/schema/DataServiceWithSdk44/gov.nih.nci.cacoresdk.domain.inheritance.multiplechild.sametable.xsd
adding namepace gme://caCORE.caCORE/3.2/gov.nih.nci.cacoresdk.domain.inheritance.multiplechild
Getting namespaces from schema /Users/ervin/Projects/caGrid/caGrid-1_5_release/Software/core/integration-tests/projects/sdk44StyleTests/temp/DataServiceWithSdk44/schema/DataServiceWithSdk44/gov.nih.nci.cacoresdk.domain.inheritance.multiplechild.xsd
WARNING: Schema imports contain circular references. /Users/ervin/Projects/caGrid/caGrid-1_5_release/Software/core/integration-tests/projects/sdk44StyleTests/temp/DataServiceWithSdk44/schema/DataServiceWithSdk44/gov.nih.nci.cacoresdk.domain.inheritance.multiplechild.xsd
adding namepace gme://caCORE.caCORE/3.2/gov.nih.nci.cacoresdk.domain.inheritance.onechild.sametable
Getting namespaces from schema /Users/ervin/Projects/caGrid/caGrid-1_5_release/Software/core/integration-tests/projects/sdk44StyleTests/temp/DataServiceWithSdk44/schema/DataServiceWithSdk44/gov.nih.nci.cacoresdk.domain.inheritance.onechild.sametable.xsd
WARNING: Schema imports contain circular references. /Users/ervin/Projects/caGrid/caGrid-1_5_release/Software/core/integration-tests/projects/sdk44StyleTests/temp/DataServiceWithSdk44/schema/DataServiceWithSdk44/gov.nih.nci.cacoresdk.domain.inheritance.onechild.sametable.xsd
adding namepace gme://caCORE.caCORE/3.2/gov.nih.nci.cacoresdk.domain.inheritance.onechild
Getting namespaces from schema /Users/ervin/Projects/caGrid/caGrid-1_5_release/Software/core/integration-tests/projects/sdk44StyleTests/temp/DataServiceWithSdk44/schema/DataServiceWithSdk44/gov.nih.nci.cacoresdk.domain.inheritance.onechild.xsd
WARNING: Schema imports contain circular references. /Users/ervin/Projects/caGrid/caGrid-1_5_release/Software/core/integration-tests/projects/sdk44StyleTests/temp/DataServiceWithSdk44/schema/DataServiceWithSdk44/gov.nih.nci.cacoresdk.domain.inheritance.onechild.xsd
adding namepace gme://caCORE.caCORE/3.2/gov.nih.nci.cacoresdk.domain.inheritance.parentwithassociation.sametable
Getting namespaces from schema /Users/ervin/Projects/caGrid/caGrid-1_5_release/Software/core/integration-tests/projects/sdk44StyleTests/temp/DataServiceWithSdk44/schema/DataServiceWithSdk44/gov.nih.nci.cacoresdk.domain.inheritance.parentwithassociation.sametable.xsd
WARNING: Schema imports contain circular references. /Users/ervin/Projects/caGrid/caGrid-1_5_release/Software/core/integration-tests/projects/sdk44StyleTests/temp/DataServiceWithSdk44/schema/DataServiceWithSdk44/gov.nih.nci.cacoresdk.domain.inheritance.parentwithassociation.sametable.xsd
adding namepace gme://caCORE.caCORE/3.2/gov.nih.nci.cacoresdk.domain.inheritance.parentwithassociation
Getting namespaces from schema /Users/ervin/Projects/caGrid/caGrid-1_5_release/Software/core/integration-tests/projects/sdk44StyleTests/temp/DataServiceWithSdk44/schema/DataServiceWithSdk44/gov.nih.nci.cacoresdk.domain.inheritance.parentwithassociation.xsd
WARNING: Schema imports contain circular references. /Users/ervin/Projects/caGrid/caGrid-1_5_release/Software/core/integration-tests/projects/sdk44StyleTests/temp/DataServiceWithSdk44/schema/DataServiceWithSdk44/gov.nih.nci.cacoresdk.domain.inheritance.parentwithassociation.xsd
adding namepace gme://caCORE.caCORE/3.2/gov.nih.nci.cacoresdk.domain.inheritance.twolevelinheritance.sametable
Getting namespaces from schema /Users/ervin/Projects/caGrid/caGrid-1_5_release/Software/core/integration-tests/projects/sdk44StyleTests/temp/DataServiceWithSdk44/schema/DataServiceWithSdk44/gov.nih.nci.cacoresdk.domain.inheritance.twolevelinheritance.sametable.xsd
WARNING: Schema imports contain circular references. /Users/ervin/Projects/caGrid/caGrid-1_5_release/Software/core/integration-tests/projects/sdk44StyleTests/temp/DataServiceWithSdk44/schema/DataServiceWithSdk44/gov.nih.nci.cacoresdk.domain.inheritance.twolevelinheritance.sametable.xsd
adding namepace gme://caCORE.caCORE/3.2/gov.nih.nci.cacoresdk.domain.inheritance.twolevelinheritance.sametablerootlevel
Getting namespaces from schema /Users/ervin/Projects/caGrid/caGrid-1_5_release/Software/core/integration-tests/projects/sdk44StyleTests/temp/DataServiceWithSdk44/schema/DataServiceWithSdk44/gov.nih.nci.cacoresdk.domain.inheritance.twolevelinheritance.sametablerootlevel.xsd
WARNING: Schema imports contain circular references. /Users/ervin/Projects/caGrid/caGrid-1_5_release/Software/core/integration-tests/projects/sdk44StyleTests/temp/DataServiceWithSdk44/schema/DataServiceWithSdk44/gov.nih.nci.cacoresdk.domain.inheritance.twolevelinheritance.sametablerootlevel.xsd
adding namepace gme://caCORE.caCORE/3.2/gov.nih.nci.cacoresdk.domain.inheritance.twolevelinheritance
Getting namespaces from schema /Users/ervin/Projects/caGrid/caGrid-1_5_release/Software/core/integration-tests/projects/sdk44StyleTests/temp/DataServiceWithSdk44/schema/DataServiceWithSdk44/gov.nih.nci.cacoresdk.domain.inheritance.twolevelinheritance.xsd
WARNING: Schema imports contain circular references. /Users/ervin/Projects/caGrid/caGrid-1_5_release/Software/core/integration-tests/projects/sdk44StyleTests/temp/DataServiceWithSdk44/schema/DataServiceWithSdk44/gov.nih.nci.cacoresdk.domain.inheritance.twolevelinheritance.xsd
adding namepace gme://caCORE.caCORE/3.2/gov.nih.nci.cacoresdk.domain.interfaze
Getting namespaces from schema /Users/ervin/Projects/caGrid/caGrid-1_5_release/Software/core/integration-tests/projects/sdk44StyleTests/temp/DataServiceWithSdk44/schema/DataServiceWithSdk44/gov.nih.nci.cacoresdk.domain.interfaze.xsd
WARNING: Schema imports contain circular references. /Users/ervin/Projects/caGrid/caGrid-1_5_release/Software/core/integration-tests/projects/sdk44StyleTests/temp/DataServiceWithSdk44/schema/DataServiceWithSdk44/gov.nih.nci.cacoresdk.domain.interfaze.xsd
adding namepace gme://caCORE.caCORE/3.2/gov.nih.nci.cacoresdk.domain.manytomany.bidirectional
Getting namespaces from schema /Users/ervin/Projects/caGrid/caGrid-1_5_release/Software/core/integration-tests/projects/sdk44StyleTests/temp/DataServiceWithSdk44/schema/DataServiceWithSdk44/gov.nih.nci.cacoresdk.domain.manytomany.bidirectional.xsd
WARNING: Schema imports contain circular references. /Users/ervin/Projects/caGrid/caGrid-1_5_release/Software/core/integration-tests/projects/sdk44StyleTests/temp/DataServiceWithSdk44/schema/DataServiceWithSdk44/gov.nih.nci.cacoresdk.domain.manytomany.bidirectional.xsd
adding namepace gme://caCORE.caCORE/3.2/gov.nih.nci.cacoresdk.domain.manytomany.unidirectional
Getting namespaces from schema /Users/ervin/Projects/caGrid/caGrid-1_5_release/Software/core/integration-tests/projects/sdk44StyleTests/temp/DataServiceWithSdk44/schema/DataServiceWithSdk44/gov.nih.nci.cacoresdk.domain.manytomany.unidirectional.xsd
WARNING: Schema imports contain circular references. /Users/ervin/Projects/caGrid/caGrid-1_5_release/Software/core/integration-tests/projects/sdk44StyleTests/temp/DataServiceWithSdk44/schema/DataServiceWithSdk44/gov.nih.nci.cacoresdk.domain.manytomany.unidirectional.xsd
adding namepace gme://caCORE.caCORE/3.2/gov.nih.nci.cacoresdk.domain.manytoone.unidirectional.withjoin
Getting namespaces from schema /Users/ervin/Projects/caGrid/caGrid-1_5_release/Software/core/integration-tests/projects/sdk44StyleTests/temp/DataServiceWithSdk44/schema/DataServiceWithSdk44/gov.nih.nci.cacoresdk.domain.manytoone.unidirectional.withjoin.xsd
WARNING: Schema imports contain circular references. /Users/ervin/Projects/caGrid/caGrid-1_5_release/Software/core/integration-tests/projects/sdk44StyleTests/temp/DataServiceWithSdk44/schema/DataServiceWithSdk44/gov.nih.nci.cacoresdk.domain.manytoone.unidirectional.withjoin.xsd
adding namepace gme://caCORE.caCORE/3.2/gov.nih.nci.cacoresdk.domain.manytoone.unidirectional
Getting namespaces from schema /Users/ervin/Projects/caGrid/caGrid-1_5_release/Software/core/integration-tests/projects/sdk44StyleTests/temp/DataServiceWithSdk44/schema/DataServiceWithSdk44/gov.nih.nci.cacoresdk.domain.manytoone.unidirectional.xsd
WARNING: Schema imports contain circular references. /Users/ervin/Projects/caGrid/caGrid-1_5_release/Software/core/integration-tests/projects/sdk44StyleTests/temp/DataServiceWithSdk44/schema/DataServiceWithSdk44/gov.nih.nci.cacoresdk.domain.manytoone.unidirectional.xsd
adding namepace gme://caCORE.caCORE/3.2/gov.nih.nci.cacoresdk.domain.onetomany.bidirectional.withjoin
Getting namespaces from schema /Users/ervin/Projects/caGrid/caGrid-1_5_release/Software/core/integration-tests/projects/sdk44StyleTests/temp/DataServiceWithSdk44/schema/DataServiceWithSdk44/gov.nih.nci.cacoresdk.domain.onetomany.bidirectional.withjoin.xsd
WARNING: Schema imports contain circular references. /Users/ervin/Projects/caGrid/caGrid-1_5_release/Software/core/integration-tests/projects/sdk44StyleTests/temp/DataServiceWithSdk44/schema/DataServiceWithSdk44/gov.nih.nci.cacoresdk.domain.onetomany.bidirectional.withjoin.xsd
adding namepace gme://caCORE.caCORE/3.2/gov.nih.nci.cacoresdk.domain.onetomany.bidirectional
Getting namespaces from schema /Users/ervin/Projects/caGrid/caGrid-1_5_release/Software/core/integration-tests/projects/sdk44StyleTests/temp/DataServiceWithSdk44/schema/DataServiceWithSdk44/gov.nih.nci.cacoresdk.domain.onetomany.bidirectional.xsd
WARNING: Schema imports contain circular references. /Users/ervin/Projects/caGrid/caGrid-1_5_release/Software/core/integration-tests/projects/sdk44StyleTests/temp/DataServiceWithSdk44/schema/DataServiceWithSdk44/gov.nih.nci.cacoresdk.domain.onetomany.bidirectional.xsd
adding namepace gme://caCORE.caCORE/3.2/gov.nih.nci.cacoresdk.domain.onetomany.selfassociation
Getting namespaces from schema /Users/ervin/Projects/caGrid/caGrid-1_5_release/Software/core/integration-tests/projects/sdk44StyleTests/temp/DataServiceWithSdk44/schema/DataServiceWithSdk44/gov.nih.nci.cacoresdk.domain.onetomany.selfassociation.xsd
WARNING: Schema imports contain circular references. /Users/ervin/Projects/caGrid/caGrid-1_5_release/Software/core/integration-tests/projects/sdk44StyleTests/temp/DataServiceWithSdk44/schema/DataServiceWithSdk44/gov.nih.nci.cacoresdk.domain.onetomany.selfassociation.xsd
adding namepace gme://caCORE.caCORE/3.2/gov.nih.nci.cacoresdk.domain.onetomany.unidirectional.withjoin
Getting namespaces from schema /Users/ervin/Projects/caGrid/caGrid-1_5_release/Software/core/integration-tests/projects/sdk44StyleTests/temp/DataServiceWithSdk44/schema/DataServiceWithSdk44/gov.nih.nci.cacoresdk.domain.onetomany.unidirectional.withjoin.xsd
WARNING: Schema imports contain circular references. /Users/ervin/Projects/caGrid/caGrid-1_5_release/Software/core/integration-tests/projects/sdk44StyleTests/temp/DataServiceWithSdk44/schema/DataServiceWithSdk44/gov.nih.nci.cacoresdk.domain.onetomany.unidirectional.withjoin.xsd
adding namepace gme://caCORE.caCORE/3.2/gov.nih.nci.cacoresdk.domain.onetomany.unidirectional
Getting namespaces from schema /Users/ervin/Projects/caGrid/caGrid-1_5_release/Software/core/integration-tests/projects/sdk44StyleTests/temp/DataServiceWithSdk44/schema/DataServiceWithSdk44/gov.nih.nci.cacoresdk.domain.onetomany.unidirectional.xsd
WARNING: Schema imports contain circular references. /Users/ervin/Projects/caGrid/caGrid-1_5_release/Software/core/integration-tests/projects/sdk44StyleTests/temp/DataServiceWithSdk44/schema/DataServiceWithSdk44/gov.nih.nci.cacoresdk.domain.onetomany.unidirectional.xsd
adding namepace gme://caCORE.caCORE/3.2/gov.nih.nci.cacoresdk.domain.onetoone.bidirectional.withjoin
Getting namespaces from schema /Users/ervin/Projects/caGrid/caGrid-1_5_release/Software/core/integration-tests/projects/sdk44StyleTests/temp/DataServiceWithSdk44/schema/DataServiceWithSdk44/gov.nih.nci.cacoresdk.domain.onetoone.bidirectional.withjoin.xsd
WARNING: Schema imports contain circular references. /Users/ervin/Projects/caGrid/caGrid-1_5_release/Software/core/integration-tests/projects/sdk44StyleTests/temp/DataServiceWithSdk44/schema/DataServiceWithSdk44/gov.nih.nci.cacoresdk.domain.onetoone.bidirectional.withjoin.xsd
adding namepace gme://caCORE.caCORE/3.2/gov.nih.nci.cacoresdk.domain.onetoone.bidirectional
Getting namespaces from schema /Users/ervin/Projects/caGrid/caGrid-1_5_release/Software/core/integration-tests/projects/sdk44StyleTests/temp/DataServiceWithSdk44/schema/DataServiceWithSdk44/gov.nih.nci.cacoresdk.domain.onetoone.bidirectional.xsd
WARNING: Schema imports contain circular references. /Users/ervin/Projects/caGrid/caGrid-1_5_release/Software/core/integration-tests/projects/sdk44StyleTests/temp/DataServiceWithSdk44/schema/DataServiceWithSdk44/gov.nih.nci.cacoresdk.domain.onetoone.bidirectional.xsd
adding namepace gme://caCORE.caCORE/3.2/gov.nih.nci.cacoresdk.domain.onetoone.multipleassociation.withjoin
Getting namespaces from schema /Users/ervin/Projects/caGrid/caGrid-1_5_release/Software/core/integration-tests/projects/sdk44StyleTests/temp/DataServiceWithSdk44/schema/DataServiceWithSdk44/gov.nih.nci.cacoresdk.domain.onetoone.multipleassociation.withjoin.xsd
WARNING: Schema imports contain circular references. /Users/ervin/Projects/caGrid/caGrid-1_5_release/Software/core/integration-tests/projects/sdk44StyleTests/temp/DataServiceWithSdk44/schema/DataServiceWithSdk44/gov.nih.nci.cacoresdk.domain.onetoone.multipleassociation.withjoin.xsd
adding namepace gme://caCORE.caCORE/3.2/gov.nih.nci.cacoresdk.domain.onetoone.multipleassociation
Getting namespaces from schema /Users/ervin/Projects/caGrid/caGrid-1_5_release/Software/core/integration-tests/projects/sdk44StyleTests/temp/DataServiceWithSdk44/schema/DataServiceWithSdk44/gov.nih.nci.cacoresdk.domain.onetoone.multipleassociation.xsd
WARNING: Schema imports contain circular references. /Users/ervin/Projects/caGrid/caGrid-1_5_release/Software/core/integration-tests/projects/sdk44StyleTests/temp/DataServiceWithSdk44/schema/DataServiceWithSdk44/gov.nih.nci.cacoresdk.domain.onetoone.multipleassociation.xsd
adding namepace gme://caCORE.caCORE/3.2/gov.nih.nci.cacoresdk.domain.onetoone.unidirectional.withjoin
Getting namespaces from schema /Users/ervin/Projects/caGrid/caGrid-1_5_release/Software/core/integration-tests/projects/sdk44StyleTests/temp/DataServiceWithSdk44/schema/DataServiceWithSdk44/gov.nih.nci.cacoresdk.domain.onetoone.unidirectional.withjoin.xsd
WARNING: Schema imports contain circular references. /Users/ervin/Projects/caGrid/caGrid-1_5_release/Software/core/integration-tests/projects/sdk44StyleTests/temp/DataServiceWithSdk44/schema/DataServiceWithSdk44/gov.nih.nci.cacoresdk.domain.onetoone.unidirectional.withjoin.xsd
adding namepace gme://caCORE.caCORE/3.2/gov.nih.nci.cacoresdk.domain.onetoone.unidirectional
Getting namespaces from schema /Users/ervin/Projects/caGrid/caGrid-1_5_release/Software/core/integration-tests/projects/sdk44StyleTests/temp/DataServiceWithSdk44/schema/DataServiceWithSdk44/gov.nih.nci.cacoresdk.domain.onetoone.unidirectional.xsd
WARNING: Schema imports contain circular references. /Users/ervin/Projects/caGrid/caGrid-1_5_release/Software/core/integration-tests/projects/sdk44StyleTests/temp/DataServiceWithSdk44/schema/DataServiceWithSdk44/gov.nih.nci.cacoresdk.domain.onetoone.unidirectional.xsd
adding namepace gme://caCORE.caCORE/3.2/gov.nih.nci.cacoresdk.domain.other.datatype
Getting namespaces from schema /Users/ervin/Projects/caGrid/caGrid-1_5_release/Software/core/integration-tests/projects/sdk44StyleTests/temp/DataServiceWithSdk44/schema/DataServiceWithSdk44/gov.nih.nci.cacoresdk.domain.other.datatype.xsd
WARNING: Schema imports contain circular references. /Users/ervin/Projects/caGrid/caGrid-1_5_release/Software/core/integration-tests/projects/sdk44StyleTests/temp/DataServiceWithSdk44/schema/DataServiceWithSdk44/gov.nih.nci.cacoresdk.domain.other.datatype.xsd
adding namepace gme://caCORE.caCORE/3.2/gov.nih.nci.cacoresdk.domain.other.differentpackage.associations
Getting namespaces from schema /Users/ervin/Projects/caGrid/caGrid-1_5_release/Software/core/integration-tests/projects/sdk44StyleTests/temp/DataServiceWithSdk44/schema/DataServiceWithSdk44/gov.nih.nci.cacoresdk.domain.other.differentpackage.associations.xsd
adding namepace gme://caCORE.caCORE/3.2/gov.nih.nci.cacoresdk.domain.other.differentpackage
Getting namespaces from schema /Users/ervin/Projects/caGrid/caGrid-1_5_release/Software/core/integration-tests/projects/sdk44StyleTests/temp/DataServiceWithSdk44/schema/DataServiceWithSdk44/gov.nih.nci.cacoresdk.domain.other.differentpackage.xsd
WARNING: Schema imports contain circular references. /Users/ervin/Projects/caGrid/caGrid-1_5_release/Software/core/integration-tests/projects/sdk44StyleTests/temp/DataServiceWithSdk44/schema/DataServiceWithSdk44/gov.nih.nci.cacoresdk.domain.other.differentpackage.xsd
WARNING: Schema imports contain circular references. /Users/ervin/Projects/caGrid/caGrid-1_5_release/Software/core/integration-tests/projects/sdk44StyleTests/temp/DataServiceWithSdk44/schema/DataServiceWithSdk44/gov.nih.nci.cacoresdk.domain.other.differentpackage.associations.xsd
WARNING: Schema imports contain circular references. /Users/ervin/Projects/caGrid/caGrid-1_5_release/Software/core/integration-tests/projects/sdk44StyleTests/temp/DataServiceWithSdk44/schema/DataServiceWithSdk44/./DataServiceWithSdk44_CQLResultTypes.xsd
adding namepace gme://caCORE.caCORE/3.2/gov.nih.nci.cacoresdk.domain.other.levelassociation
Getting namespaces from schema /Users/ervin/Projects/caGrid/caGrid-1_5_release/Software/core/integration-tests/projects/sdk44StyleTests/temp/DataServiceWithSdk44/schema/DataServiceWithSdk44/gov.nih.nci.cacoresdk.domain.other.levelassociation.xsd
WARNING: Schema imports contain circular references. /Users/ervin/Projects/caGrid/caGrid-1_5_release/Software/core/integration-tests/projects/sdk44StyleTests/temp/DataServiceWithSdk44/schema/DataServiceWithSdk44/gov.nih.nci.cacoresdk.domain.other.levelassociation.xsd
adding namepace gme://caCORE.caCORE/3.2/gov.nih.nci.cacoresdk.domain.other.primarykey
Getting namespaces from schema /Users/ervin/Projects/caGrid/caGrid-1_5_release/Software/core/integration-tests/projects/sdk44StyleTests/temp/DataServiceWithSdk44/schema/DataServiceWithSdk44/gov.nih.nci.cacoresdk.domain.other.primarykey.xsd
WARNING: Schema imports contain circular references. /Users/ervin/Projects/caGrid/caGrid-1_5_release/Software/core/integration-tests/projects/sdk44StyleTests/temp/DataServiceWithSdk44/schema/DataServiceWithSdk44/gov.nih.nci.cacoresdk.domain.other.primarykey.xsd
adding namepace gme://caCORE.caCORE/3.2/gov.nih.nci.cacoresdk.domain.other.validationtype
Getting namespaces from schema /Users/ervin/Projects/caGrid/caGrid-1_5_release/Software/core/integration-tests/projects/sdk44StyleTests/temp/DataServiceWithSdk44/schema/DataServiceWithSdk44/gov.nih.nci.cacoresdk.domain.other.validationtype.xsd
WARNING: Schema imports contain circular references. /Users/ervin/Projects/caGrid/caGrid-1_5_release/Software/core/integration-tests/projects/sdk44StyleTests/temp/DataServiceWithSdk44/schema/DataServiceWithSdk44/gov.nih.nci.cacoresdk.domain.other.validationtype.xsd
Getting namespaces from schema /Users/ervin/Projects/caGrid/caGrid-1_5_release/Software/core/integration-tests/projects/sdk44StyleTests/temp/DataServiceWithSdk44/schema/DataServiceWithSdk44/ISO_extensions.xsd
Getting namespaces from schema /Users/ervin/Projects/caGrid/caGrid-1_5_release/Software/core/integration-tests/projects/sdk44StyleTests/temp/DataServiceWithSdk44/schema/DataServiceWithSdk44/gov.nih.nci.cacoresdk.domain.onetoone.multipleassociation.xsd
Getting namespaces from schema /Users/ervin/Projects/caGrid/caGrid-1_5_release/Software/core/integration-tests/projects/sdk44StyleTests/temp/DataServiceWithSdk44/schema/DataServiceWithSdk44/ISO_datatypes_Narrative.xsd
Getting namespaces from schema /Users/ervin/Projects/caGrid/caGrid-1_5_release/Software/core/integration-tests/projects/sdk44StyleTests/temp/DataServiceWithSdk44/schema/DataServiceWithSdk44/./QueryLanguageSupportMetadata.xsd
adding namepace http://CQL.caBIG/2/org.cagrid.cql2.extensionsupport
Getting namespaces from schema /Users/ervin/Projects/caGrid/caGrid-1_5_release/Software/core/integration-tests/projects/sdk44StyleTests/temp/DataServiceWithSdk44/schema/DataServiceWithSdk44/CQLSupportedExtensions.xsd
Getting namespaces from schema /Users/ervin/Projects/caGrid/caGrid-1_5_release/Software/core/integration-tests/projects/sdk44StyleTests/temp/DataServiceWithSdk44/schema/DataServiceWithSdk44/gov.nih.nci.cacoresdk.domain.onetomany.bidirectional.xsd
Getting namespaces from schema /Users/ervin/Projects/caGrid/caGrid-1_5_release/Software/core/integration-tests/projects/sdk44StyleTests/temp/DataServiceWithSdk44/schema/DataServiceWithSdk44/ISO_datatypes_Narrative.xsd
Getting namespaces from schema /Users/ervin/Projects/caGrid/caGrid-1_5_release/Software/core/integration-tests/projects/sdk44StyleTests/temp/DataServiceWithSdk44/schema/DataServiceWithSdk44/gov.nih.nci.cacoresdk.domain.inheritance.multiplechild.xsd
Getting namespaces from schema /Users/ervin/Projects/caGrid/caGrid-1_5_release/Software/core/integration-tests/projects/sdk44StyleTests/temp/DataServiceWithSdk44/schema/DataServiceWithSdk44/ISO_datatypes_Narrative.xsd
Getting namespaces from schema /Users/ervin/Projects/caGrid/caGrid-1_5_release/Software/core/integration-tests/projects/sdk44StyleTests/temp/DataServiceWithSdk44/schema/DataServiceWithSdk44/./CQLQueryComponents.xsd
Getting namespaces from schema /Users/ervin/Projects/caGrid/caGrid-1_5_release/Software/core/integration-tests/projects/sdk44StyleTests/temp/DataServiceWithSdk44/schema/DataServiceWithSdk44/gov.nih.nci.cacoresdk.domain.inheritance.multiplechild.sametable.xsd
Getting namespaces from schema /Users/ervin/Projects/caGrid/caGrid-1_5_release/Software/core/integration-tests/projects/sdk44StyleTests/temp/DataServiceWithSdk44/schema/DataServiceWithSdk44/ISO_datatypes_Narrative.xsd
Getting namespaces from schema /Users/ervin/Projects/caGrid/caGrid-1_5_release/Software/core/integration-tests/projects/sdk44StyleTests/temp/DataServiceWithSdk44/schema/DataServiceWithSdk44/gov.nih.nci.cacoresdk.domain.inheritance.parentwithassociation.sametable.xsd
Getting namespaces from schema /Users/ervin/Projects/caGrid/caGrid-1_5_release/Software/core/integration-tests/projects/sdk44StyleTests/temp/DataServiceWithSdk44/schema/DataServiceWithSdk44/ISO_datatypes_Narrative.xsd
Getting namespaces from schema /Users/ervin/Projects/caGrid/caGrid-1_5_release/Software/core/integration-tests/projects/sdk44StyleTests/temp/DataServiceWithSdk44/schema/DataServiceWithSdk44/gov.nih.nci.cacoresdk.domain.inheritance.abstrakt.xsd
Getting namespaces from schema /Users/ervin/Projects/caGrid/caGrid-1_5_release/Software/core/integration-tests/projects/sdk44StyleTests/temp/DataServiceWithSdk44/schema/DataServiceWithSdk44/ISO_datatypes_Narrative.xsd
Getting namespaces from schema /Users/ervin/Projects/caGrid/caGrid-1_5_release/Software/core/integration-tests/projects/sdk44StyleTests/temp/DataServiceWithSdk44/schema/DataServiceWithSdk44/gov.nih.nci.cacoresdk.domain.manytomany.bidirectional.xsd
Getting namespaces from schema /Users/ervin/Projects/caGrid/caGrid-1_5_release/Software/core/integration-tests/projects/sdk44StyleTests/temp/DataServiceWithSdk44/schema/DataServiceWithSdk44/ISO_datatypes_Narrative.xsd
Getting namespaces from schema /Users/ervin/Projects/caGrid/caGrid-1_5_release/Software/core/integration-tests/projects/sdk44StyleTests/temp/DataServiceWithSdk44/schema/DataServiceWithSdk44/gov.nih.nci.cacoresdk.domain.onetomany.selfassociation.xsd
Getting namespaces from schema /Users/ervin/Projects/caGrid/caGrid-1_5_release/Software/core/integration-tests/projects/sdk44StyleTests/temp/DataServiceWithSdk44/schema/DataServiceWithSdk44/ISO_datatypes_Narrative.xsd
Getting namespaces from schema /Users/ervin/Projects/caGrid/caGrid-1_5_release/Software/core/integration-tests/projects/sdk44StyleTests/temp/DataServiceWithSdk44/schema/DataServiceWithSdk44/./xsd/cagrid/types/security/security.xsd
Getting namespaces from schema /Users/ervin/Projects/caGrid/caGrid-1_5_release/Software/core/integration-tests/projects/sdk44StyleTests/temp/DataServiceWithSdk44/schema/DataServiceWithSdk44/gov.nih.nci.cacoresdk.domain.other.primarykey.xsd
Getting namespaces from schema /Users/ervin/Projects/caGrid/caGrid-1_5_release/Software/core/integration-tests/projects/sdk44StyleTests/temp/DataServiceWithSdk44/schema/DataServiceWithSdk44/ISO_datatypes_Narrative.xsd
Getting namespaces from schema /Users/ervin/Projects/caGrid/caGrid-1_5_release/Software/core/integration-tests/projects/sdk44StyleTests/temp/DataServiceWithSdk44/schema/DataServiceWithSdk44/gov.nih.nci.cacoresdk.domain.other.differentpackage.xsd
Getting namespaces from schema /Users/ervin/Projects/caGrid/caGrid-1_5_release/Software/core/integration-tests/projects/sdk44StyleTests/temp/DataServiceWithSdk44/schema/DataServiceWithSdk44/gov.nih.nci.cacoresdk.domain.other.differentpackage.associations.xsd
WARNING: Schema imports contain circular references. /Users/ervin/Projects/caGrid/caGrid-1_5_release/Software/core/integration-tests/projects/sdk44StyleTests/temp/DataServiceWithSdk44/schema/DataServiceWithSdk44/gov.nih.nci.cacoresdk.domain.other.differentpackage.associations.xsd
Getting namespaces from schema /Users/ervin/Projects/caGrid/caGrid-1_5_release/Software/core/integration-tests/projects/sdk44StyleTests/temp/DataServiceWithSdk44/schema/DataServiceWithSdk44/ISO_datatypes_Narrative.xsd
WARNING: Schema imports contain circular references. /Users/ervin/Projects/caGrid/caGrid-1_5_release/Software/core/integration-tests/projects/sdk44StyleTests/temp/DataServiceWithSdk44/schema/DataServiceWithSdk44/gov.nih.nci.cacoresdk.domain.other.differentpackage.xsd
Getting namespaces from schema /Users/ervin/Projects/caGrid/caGrid-1_5_release/Software/core/integration-tests/projects/sdk44StyleTests/temp/DataServiceWithSdk44/schema/DataServiceWithSdk44/./xsd/cagrid/types/caGridMetadata.xsd
Getting namespaces from schema /Users/ervin/Projects/caGrid/caGrid-1_5_release/Software/core/integration-tests/projects/sdk44StyleTests/temp/DataServiceWithSdk44/schema/DataServiceWithSdk44/xsd/cagrid/types/common/common.xsd
adding namepace gme://caGrid.caBIG/1.0/gov.nih.nci.cagrid.metadata.service
Getting namespaces from schema /Users/ervin/Projects/caGrid/caGrid-1_5_release/Software/core/integration-tests/projects/sdk44StyleTests/temp/DataServiceWithSdk44/schema/DataServiceWithSdk44/xsd/cagrid/types/service/servicemodel.xsd
WARNING: Schema imports contain circular references. /Users/ervin/Projects/caGrid/caGrid-1_5_release/Software/core/integration-tests/projects/sdk44StyleTests/temp/DataServiceWithSdk44/schema/DataServiceWithSdk44/xsd/cagrid/types/service/servicemodel.xsd
Getting namespaces from schema /Users/ervin/Projects/caGrid/caGrid-1_5_release/Software/core/integration-tests/projects/sdk44StyleTests/temp/DataServiceWithSdk44/schema/DataServiceWithSdk44/gov.nih.nci.cacoresdk.domain.inheritance.childwithassociation.xsd
Getting namespaces from schema /Users/ervin/Projects/caGrid/caGrid-1_5_release/Software/core/integration-tests/projects/sdk44StyleTests/temp/DataServiceWithSdk44/schema/DataServiceWithSdk44/ISO_datatypes_Narrative.xsd
Getting namespaces from schema /Users/ervin/Projects/caGrid/caGrid-1_5_release/Software/core/integration-tests/projects/sdk44StyleTests/temp/DataServiceWithSdk44/schema/DataServiceWithSdk44/gov.nih.nci.cacoresdk.domain.onetoone.bidirectional.xsd
Getting namespaces from schema /Users/ervin/Projects/caGrid/caGrid-1_5_release/Software/core/integration-tests/projects/sdk44StyleTests/temp/DataServiceWithSdk44/schema/DataServiceWithSdk44/ISO_datatypes_Narrative.xsd
Getting namespaces from schema /Users/ervin/Projects/caGrid/caGrid-1_5_release/Software/core/integration-tests/projects/sdk44StyleTests/temp/DataServiceWithSdk44/schema/DataServiceWithSdk44/./CQLQueryResults.xsd
adding namepace http://CQL.caBIG/2/org.cagrid.cql2
Getting namespaces from schema /Users/ervin/Projects/caGrid/caGrid-1_5_release/Software/core/integration-tests/projects/sdk44StyleTests/temp/DataServiceWithSdk44/schema/DataServiceWithSdk44/Aggregations.xsd
Getting namespaces from schema /Users/ervin/Projects/caGrid/caGrid-1_5_release/Software/core/integration-tests/projects/sdk44StyleTests/temp/DataServiceWithSdk44/schema/DataServiceWithSdk44/gov.nih.nci.cacoresdk.domain.onetoone.unidirectional.withjoin.xsd
Getting namespaces from schema /Users/ervin/Projects/caGrid/caGrid-1_5_release/Software/core/integration-tests/projects/sdk44StyleTests/temp/DataServiceWithSdk44/schema/DataServiceWithSdk44/ISO_datatypes_Narrative.xsd
Getting namespaces from schema /Users/ervin/Projects/caGrid/caGrid-1_5_release/Software/core/integration-tests/projects/sdk44StyleTests/temp/DataServiceWithSdk44/schema/DataServiceWithSdk44/gov.nih.nci.cacoresdk.domain.inheritance.onechild.xsd
Getting namespaces from schema /Users/ervin/Projects/caGrid/caGrid-1_5_release/Software/core/integration-tests/projects/sdk44StyleTests/temp/DataServiceWithSdk44/schema/DataServiceWithSdk44/ISO_datatypes_Narrative.xsd
Getting namespaces from schema /Users/ervin/Projects/caGrid/caGrid-1_5_release/Software/core/integration-tests/projects/sdk44StyleTests/temp/DataServiceWithSdk44/schema/DataServiceWithSdk44/gov.nih.nci.cacoresdk.domain.onetoone.unidirectional.xsd
Getting namespaces from schema /Users/ervin/Projects/caGrid/caGrid-1_5_release/Software/core/integration-tests/projects/sdk44StyleTests/temp/DataServiceWithSdk44/schema/DataServiceWithSdk44/ISO_datatypes_Narrative.xsd
Getting namespaces from schema /Users/ervin/Projects/caGrid/caGrid-1_5_release/Software/core/integration-tests/projects/sdk44StyleTests/temp/DataServiceWithSdk44/schema/DataServiceWithSdk44/gov.nih.nci.cacoresdk.domain.inheritance.onechild.sametable.xsd
Getting namespaces from schema /Users/ervin/Projects/caGrid/caGrid-1_5_release/Software/core/integration-tests/projects/sdk44StyleTests/temp/DataServiceWithSdk44/schema/DataServiceWithSdk44/ISO_datatypes_Narrative.xsd
Getting namespaces from schema /Users/ervin/Projects/caGrid/caGrid-1_5_release/Software/core/integration-tests/projects/sdk44StyleTests/temp/DataServiceWithSdk44/schema/DataServiceWithSdk44/gov.nih.nci.cacoresdk.domain.onetoone.multipleassociation.withjoin.xsd
Getting namespaces from schema /Users/ervin/Projects/caGrid/caGrid-1_5_release/Software/core/integration-tests/projects/sdk44StyleTests/temp/DataServiceWithSdk44/schema/DataServiceWithSdk44/ISO_datatypes_Narrative.xsd
Getting namespaces from schema /Users/ervin/Projects/caGrid/caGrid-1_5_release/Software/core/integration-tests/projects/sdk44StyleTests/temp/DataServiceWithSdk44/schema/DataServiceWithSdk44/./ISO_extensions.xsd
Getting namespaces from schema /Users/ervin/Projects/caGrid/caGrid-1_5_release/Software/core/integration-tests/projects/sdk44StyleTests/temp/DataServiceWithSdk44/schema/DataServiceWithSdk44/gov.nih.nci.cacoresdk.domain.onetomany.unidirectional.xsd
Getting namespaces from schema /Users/ervin/Projects/caGrid/caGrid-1_5_release/Software/core/integration-tests/projects/sdk44StyleTests/temp/DataServiceWithSdk44/schema/DataServiceWithSdk44/ISO_datatypes_Narrative.xsd
Getting namespaces from schema /Users/ervin/Projects/caGrid/caGrid-1_5_release/Software/core/integration-tests/projects/sdk44StyleTests/temp/DataServiceWithSdk44/schema/DataServiceWithSdk44/gov.nih.nci.cacoresdk.domain.manytoone.unidirectional.xsd
Getting namespaces from schema /Users/ervin/Projects/caGrid/caGrid-1_5_release/Software/core/integration-tests/projects/sdk44StyleTests/temp/DataServiceWithSdk44/schema/DataServiceWithSdk44/ISO_datatypes_Narrative.xsd
Getting namespaces from schema /Users/ervin/Projects/caGrid/caGrid-1_5_release/Software/core/integration-tests/projects/sdk44StyleTests/temp/DataServiceWithSdk44/schema/DataServiceWithSdk44/gov.nih.nci.cacoresdk.domain.inheritance.twolevelinheritance.sametable.xsd
Getting namespaces from schema /Users/ervin/Projects/caGrid/caGrid-1_5_release/Software/core/integration-tests/projects/sdk44StyleTests/temp/DataServiceWithSdk44/schema/DataServiceWithSdk44/ISO_datatypes_Narrative.xsd
Getting namespaces from schema /Users/ervin/Projects/caGrid/caGrid-1_5_release/Software/core/integration-tests/projects/sdk44StyleTests/temp/DataServiceWithSdk44/schema/DataServiceWithSdk44/gov.nih.nci.cacoresdk.domain.other.validationtype.xsd
Getting namespaces from schema /Users/ervin/Projects/caGrid/caGrid-1_5_release/Software/core/integration-tests/projects/sdk44StyleTests/temp/DataServiceWithSdk44/schema/DataServiceWithSdk44/ISO_datatypes_Narrative.xsd
Getting namespaces from schema /Users/ervin/Projects/caGrid/caGrid-1_5_release/Software/core/integration-tests/projects/sdk44StyleTests/temp/DataServiceWithSdk44/schema/DataServiceWithSdk44/gov.nih.nci.cacoresdk.domain.onetoone.bidirectional.withjoin.xsd
Getting namespaces from schema /Users/ervin/Projects/caGrid/caGrid-1_5_release/Software/core/integration-tests/projects/sdk44StyleTests/temp/DataServiceWithSdk44/schema/DataServiceWithSdk44/ISO_datatypes_Narrative.xsd
Getting namespaces from schema /Users/ervin/Projects/caGrid/caGrid-1_5_release/Software/core/integration-tests/projects/sdk44StyleTests/temp/DataServiceWithSdk44/schema/DataServiceWithSdk44/gov.nih.nci.cacoresdk.domain.other.differentpackage.associations.xsd
Getting namespaces from schema /Users/ervin/Projects/caGrid/caGrid-1_5_release/Software/core/integration-tests/projects/sdk44StyleTests/temp/DataServiceWithSdk44/schema/DataServiceWithSdk44/gov.nih.nci.cacoresdk.domain.other.differentpackage.xsd
WARNING: Schema imports contain circular references. /Users/ervin/Projects/caGrid/caGrid-1_5_release/Software/core/integration-tests/projects/sdk44StyleTests/temp/DataServiceWithSdk44/schema/DataServiceWithSdk44/gov.nih.nci.cacoresdk.domain.other.differentpackage.xsd
Getting namespaces from schema /Users/ervin/Projects/caGrid/caGrid-1_5_release/Software/core/integration-tests/projects/sdk44StyleTests/temp/DataServiceWithSdk44/schema/DataServiceWithSdk44/ISO_datatypes_Narrative.xsd
WARNING: Schema imports contain circular references. /Users/ervin/Projects/caGrid/caGrid-1_5_release/Software/core/integration-tests/projects/sdk44StyleTests/temp/DataServiceWithSdk44/schema/DataServiceWithSdk44/gov.nih.nci.cacoresdk.domain.other.differentpackage.associations.xsd
Getting namespaces from schema /Users/ervin/Projects/caGrid/caGrid-1_5_release/Software/core/integration-tests/projects/sdk44StyleTests/temp/DataServiceWithSdk44/schema/DataServiceWithSdk44/gov.nih.nci.cacoresdk.domain.interfaze.xsd
Getting namespaces from schema /Users/ervin/Projects/caGrid/caGrid-1_5_release/Software/core/integration-tests/projects/sdk44StyleTests/temp/DataServiceWithSdk44/schema/DataServiceWithSdk44/ISO_datatypes_Narrative.xsd
Getting namespaces from schema /Users/ervin/Projects/caGrid/caGrid-1_5_release/Software/core/integration-tests/projects/sdk44StyleTests/temp/DataServiceWithSdk44/schema/DataServiceWithSdk44/gov.nih.nci.cacoresdk.domain.onetomany.unidirectional.withjoin.xsd
Getting namespaces from schema /Users/ervin/Projects/caGrid/caGrid-1_5_release/Software/core/integration-tests/projects/sdk44StyleTests/temp/DataServiceWithSdk44/schema/DataServiceWithSdk44/ISO_datatypes_Narrative.xsd
Getting namespaces from schema /Users/ervin/Projects/caGrid/caGrid-1_5_release/Software/core/integration-tests/projects/sdk44StyleTests/temp/DataServiceWithSdk44/schema/DataServiceWithSdk44/gov.nih.nci.cacoresdk.domain.inheritance.twolevelinheritance.sametablerootlevel.xsd
Getting namespaces from schema /Users/ervin/Projects/caGrid/caGrid-1_5_release/Software/core/integration-tests/projects/sdk44StyleTests/temp/DataServiceWithSdk44/schema/DataServiceWithSdk44/ISO_datatypes_Narrative.xsd
Getting namespaces from schema /Users/ervin/Projects/caGrid/caGrid-1_5_release/Software/core/integration-tests/projects/sdk44StyleTests/temp/DataServiceWithSdk44/schema/DataServiceWithSdk44/gov.nih.nci.cacoresdk.domain.inheritance.twolevelinheritance.xsd
Getting namespaces from schema /Users/ervin/Projects/caGrid/caGrid-1_5_release/Software/core/integration-tests/projects/sdk44StyleTests/temp/DataServiceWithSdk44/schema/DataServiceWithSdk44/ISO_datatypes_Narrative.xsd
Getting namespaces from schema /Users/ervin/Projects/caGrid/caGrid-1_5_release/Software/core/integration-tests/projects/sdk44StyleTests/temp/DataServiceWithSdk44/schema/DataServiceWithSdk44/./DataServiceExceptions.xsd
Getting namespaces from schema /Users/ervin/Projects/caGrid/caGrid-1_5_release/Software/core/integration-tests/projects/sdk44StyleTests/temp/DataServiceWithSdk44/schema/DataServiceWithSdk44/gov.nih.nci.cacoresdk.domain.other.datatype.xsd
Getting namespaces from schema /Users/ervin/Projects/caGrid/caGrid-1_5_release/Software/core/integration-tests/projects/sdk44StyleTests/temp/DataServiceWithSdk44/schema/DataServiceWithSdk44/ISO_datatypes_Narrative.xsd
Getting namespaces from schema /Users/ervin/Projects/caGrid/caGrid-1_5_release/Software/core/integration-tests/projects/sdk44StyleTests/temp/DataServiceWithSdk44/schema/DataServiceWithSdk44/./xsd/cagrid/types/common/common.xsd
Getting namespaces from schema /Users/ervin/Projects/caGrid/caGrid-1_5_release/Software/core/integration-tests/projects/sdk44StyleTests/temp/DataServiceWithSdk44/schema/DataServiceWithSdk44/./1_gov.nih.nci.cagrid.CQLResultSet.xsd
Getting namespaces from schema /Users/ervin/Projects/caGrid/caGrid-1_5_release/Software/core/integration-tests/projects/sdk44StyleTests/temp/DataServiceWithSdk44/schema/DataServiceWithSdk44/gov.nih.nci.cacoresdk.domain.manytomany.unidirectional.xsd
Getting namespaces from schema /Users/ervin/Projects/caGrid/caGrid-1_5_release/Software/core/integration-tests/projects/sdk44StyleTests/temp/DataServiceWithSdk44/schema/DataServiceWithSdk44/ISO_datatypes_Narrative.xsd
Getting namespaces from schema /Users/ervin/Projects/caGrid/caGrid-1_5_release/Software/core/integration-tests/projects/sdk44StyleTests/temp/DataServiceWithSdk44/schema/DataServiceWithSdk44/gov.nih.nci.cacoresdk.domain.other.levelassociation.xsd
Getting namespaces from schema /Users/ervin/Projects/caGrid/caGrid-1_5_release/Software/core/integration-tests/projects/sdk44StyleTests/temp/DataServiceWithSdk44/schema/DataServiceWithSdk44/ISO_datatypes_Narrative.xsd
Getting namespaces from schema /Users/ervin/Projects/caGrid/caGrid-1_5_release/Software/core/integration-tests/projects/sdk44StyleTests/temp/DataServiceWithSdk44/schema/DataServiceWithSdk44/gov.nih.nci.cacoresdk.domain.manytoone.unidirectional.withjoin.xsd
Getting namespaces from schema /Users/ervin/Projects/caGrid/caGrid-1_5_release/Software/core/integration-tests/projects/sdk44StyleTests/temp/DataServiceWithSdk44/schema/DataServiceWithSdk44/ISO_datatypes_Narrative.xsd
Getting namespaces from schema /Users/ervin/Projects/caGrid/caGrid-1_5_release/Software/core/integration-tests/projects/sdk44StyleTests/temp/DataServiceWithSdk44/schema/DataServiceWithSdk44/./1_gov.nih.nci.cagrid.CQLQuery.xsd
OUT> Buildfile: /Users/ervin/Projects/caGrid/caGrid-1_5_release/Software/core/integration-tests/projects/sdk44StyleTests/temp/DataServiceWithSdk44/build.xml
OUT> 
OUT> checkContribTasksDefined:
OUT> 
OUT> defineContribTasks:
OUT> 
OUT> clean:
OUT> 
OUT> preClean:
OUT>    [delete] Deleting directory /Users/ervin/Projects/caGrid/caGrid-1_5_release/Software/core/integration-tests/projects/sdk44StyleTests/temp/DataServiceWithSdk44/build
OUT> 
OUT> postClean:
OUT> 
OUT> checkContribTasksDefined:
OUT> 
OUT> defineContribTasks:
OUT> 
OUT> setGlobus:
OUT> 
OUT> checkGlobus:
OUT>      [echo] Globus: /Users/ervin/Installs/globus/ws-core-4.0.3-sha2/
OUT> 
OUT> defineClasspaths:
OUT> 
OUT> defineExtendedClasspaths:
OUT> 
OUT> init:
OUT> 
OUT> preInit:
OUT>     [mkdir] Created dir: /Users/ervin/Projects/caGrid/caGrid-1_5_release/Software/core/integration-tests/projects/sdk44StyleTests/temp/DataServiceWithSdk44/build
OUT>     [mkdir] Created dir: /Users/ervin/Projects/caGrid/caGrid-1_5_release/Software/core/integration-tests/projects/sdk44StyleTests/temp/DataServiceWithSdk44/build/classes
OUT>     [mkdir] Created dir: /Users/ervin/Projects/caGrid/caGrid-1_5_release/Software/core/integration-tests/projects/sdk44StyleTests/temp/DataServiceWithSdk44/build/test/classes
OUT>     [mkdir] Created dir: /Users/ervin/Projects/caGrid/caGrid-1_5_release/Software/core/integration-tests/projects/sdk44StyleTests/temp/DataServiceWithSdk44/build/lib
OUT>     [mkdir] Created dir: /Users/ervin/Projects/caGrid/caGrid-1_5_release/Software/core/integration-tests/projects/sdk44StyleTests/temp/DataServiceWithSdk44/build/stubs-DataServiceWithSdk44
OUT>     [mkdir] Created dir: /Users/ervin/Projects/caGrid/caGrid-1_5_release/Software/core/integration-tests/projects/sdk44StyleTests/temp/DataServiceWithSdk44/build/stubs-DataServiceWithSdk44/src
OUT>     [mkdir] Created dir: /Users/ervin/Projects/caGrid/caGrid-1_5_release/Software/core/integration-tests/projects/sdk44StyleTests/temp/DataServiceWithSdk44/build/stubs-DataServiceWithSdk44/classes
OUT>     [mkdir] Created dir: /Users/ervin/Projects/caGrid/caGrid-1_5_release/Software/core/integration-tests/projects/sdk44StyleTests/temp/DataServiceWithSdk44/build/schema
OUT>      [copy] Copying 101 files to /Users/ervin/Projects/caGrid/caGrid-1_5_release/Software/core/integration-tests/projects/sdk44StyleTests/temp/DataServiceWithSdk44/build/schema
OUT> 
OUT> postInit:
OUT> 
OUT> merge:
OUT> 
OUT> mergePackageMapping:
OUT>      [echo] Merging /Users/ervin/Projects/caGrid/caGrid-1_5_release/Software/core/integration-tests/projects/sdk44StyleTests/temp/DataServiceWithSdk44/namespace2package.mappings
OUT> 
OUT> BUILD SUCCESSFUL
OUT> Total time: 0 seconds
Set WSDL 2 Java parser timeout to 90000 ms
excluding code generation for non-included QName:{gme://caCORE.caCORE/3.2/gov.nih.nci.cacoresdk.domain.onetomany.unidirectional}LatchKey[0,unbounded]
excluding code generation for non-included QName:{gme://caCORE.caCORE/3.2/gov.nih.nci.cacoresdk.domain.other.differentpackage}Dessert[0,unbounded]
excluding code generation for non-included QName:{gme://caCORE.caCORE/3.2/gov.nih.nci.cacoresdk.domain.inheritance.parentwithassociation}Assistant[0,unbounded]
excluding code generation for non-included QName:{uri:iso.org:21090}tbody[,unbounded]
excluding code generation for non-included QName:{uri:iso.org:21090}colgroup[0,unbounded]
excluding code generation for non-included QName:{gme://caGrid.caBIG/1.0/gov.nih.nci.cagrid.metadata.common}UMLAttribute[0,unbounded]
excluding code generation for non-included QName:{uri:iso.org:21090}col[0,unbounded]
excluding code generation for non-included QName:{gme://caCORE.caCORE/3.2/gov.nih.nci.cacoresdk.domain.inheritance.abstrakt}Pupil[0,unbounded]
excluding code generation for non-included QName:{gme://caCORE.caCORE/3.2/gov.nih.nci.cacoresdk.domain.manytomany.bidirectional}Employee[0,unbounded]
excluding code generation for non-included QName:{gme://caCORE.caCORE/3.2/gov.nih.nci.cacoresdk.domain.manytomany.bidirectional}Project[0,unbounded]
excluding code generation for non-included QName:{gme://caCORE.caCORE/3.2/gov.nih.nci.cacoresdk.domain.inheritance.implicit}Tank[0,unbounded]
excluding code generation for non-included QName:{gme://caCORE.caCORE/3.2/gov.nih.nci.cacoresdk.domain.onetomany.unidirectional.withjoin}Button[0,unbounded]
excluding code generation for non-included QName:{gme://caGrid.caBIG/1.0/gov.nih.nci.cagrid.metadata.common}SemanticMetadata[0,unbounded]
excluding code generation for non-included QName:{gme://caCORE.caCORE/3.2/gov.nih.nci.cacoresdk.domain.other.differentpackage.associations}Utensil[0,unbounded]
excluding code generation for non-included QName:{gme://caCORE.caCORE/3.2/gov.nih.nci.cacoresdk.domain.onetomany.selfassociation}Element[0,unbounded]
excluding code generation for non-included QName:{gme://caCORE.caCORE/3.2/gov.nih.nci.cacoresdk.domain.other.levelassociation}Card[0,unbounded]
excluding code generation for non-included QName:{gme://caGrid.caBIG/1.0/gov.nih.nci.cagrid.metadata.service}ServiceContext[,unbounded]
excluding code generation for non-included QName:{gme://caGrid.caBIG/1.0/gov.nih.nci.cagrid.metadata.service}ContextProperty[0,unbounded]
excluding code generation for non-included QName:{gme://caCORE.caCORE/3.2/gov.nih.nci.cacoresdk.domain.inheritance.parentwithassociation.sametable}Luggage[0,unbounded]
excluding code generation for non-included QName:{gme://caGrid.caBIG/1.0/gov.nih.nci.cagrid.metadata.service}Operation[0,unbounded]
excluding code generation for non-included QName:{gme://caGrid.caBIG/1.0/gov.nih.nci.cagrid.metadata.common}PointOfContact[0,unbounded]
excluding code generation for non-included QName:{gme://caCORE.caCORE/3.2/gov.nih.nci.cacoresdk.domain.inheritance.implicit}Substrate[0,unbounded]
excluding code generation for non-included QName:{gme://caGrid.caBIG/1.0/gov.nih.nci.cagrid.metadata.service}InputParameter[0,unbounded]
excluding code generation for non-included QName:{gme://caCORE.caCORE/3.2/gov.nih.nci.cacoresdk.domain.onetomany.bidirectional}HardDrive[0,unbounded]
excluding code generation for non-included QName:{gme://caGrid.caBIG/1.0/gov.nih.nci.cagrid.metadata.service}Fault[0,unbounded]
excluding code generation for non-included QName:{gme://caCORE.caCORE/3.2/gov.nih.nci.cacoresdk.domain.other.levelassociation}Suit[0,unbounded]
excluding code generation for non-included QName:{uri:iso.org:21090}item[,unbounded]
excluding code generation for non-included QName:{gme://caCORE.caCORE/3.2/gov.nih.nci.cacoresdk.domain.manytomany.unidirectional}Author[0,unbounded]
excluding code generation for non-included QName:{gme://caGrid.caBIG/1.0/gov.nih.nci.cagrid.metadata.common}Enumeration[0,unbounded]
excluding code generation for non-included QName:{gme://caGrid.caBIG/1.0/gov.nih.nci.cagrid.metadata.security}Operation[0,unbounded]
excluding code generation for non-included QName:{gme://caCORE.caCORE/3.2/gov.nih.nci.cacoresdk.domain.onetomany.bidirectional.withjoin}Passanger[0,unbounded]
excluding code generation for non-included QName:{gme://caCORE.caCORE/3.2/gov.nih.nci.cacoresdk.domain.inheritance.twolevelinheritance.sametablerootlevel}ScientificCalculator
excluding code generation for non-included QName:{gme://caCORE.caCORE/3.2/gov.nih.nci.cacoresdk.domain.inheritance.implicit}DiscusFish
excluding code generation for non-included QName:{uri:iso.org:21090}LIST_CD.CE.None
excluding code generation for non-included QName:{uri:iso.org:21090}UVP_CS
excluding code generation for non-included QName:{uri:iso.org:21090}DSET_EN.TN
excluding code generation for non-included QName:{uri:iso.org:21090}CO[0,0]
excluding code generation for non-included QName:{uri:iso.org:21090}BAG_PQ
excluding code generation for non-included QName:{http://CQL.caBIG/2/org.cagrid.cql2}BinaryPredicate
excluding code generation for non-included QName:{uri:iso.org:21090}UVP_EN.TN
excluding code generation for non-included QName:{uri:iso.org:21090}GLIST_MO
excluding code generation for non-included QName:{uri:iso.org:21090}IVL.Low_TS.DateTime.Full
excluding code generation for non-included QName:{uri:iso.org:21090}HIST_ED.Signature
excluding code generation for non-included QName:{gme://caCORE.caCORE/3.2/gov.nih.nci.cacoresdk.domain.manytoone.unidirectional.withjoin}Album
excluding code generation for non-included QName:{uri:iso.org:21090}QSS_TS.Date.Full
excluding code generation for non-included QName:{gme://caCORE.caCORE/3.2/gov.nih.nci.cacoresdk.domain.other.datatype}CdDataType
excluding code generation for non-included QName:{uri:iso.org:21090}UVP_CO
excluding code generation for non-included QName:{http://CQL.caBIG/2/org.cagrid.cql2}UnaryPredicate
excluding code generation for non-included QName:{gme://caCORE.caCORE/3.2/gov.nih.nci.cacoresdk.domain.manytomany.unidirectional}Book
excluding code generation for non-included QName:{uri:iso.org:21090}PIVL_TS.Date.Full
excluding code generation for non-included QName:{uri:iso.org:21090}DSET_SC
excluding code generation for non-included QName:{uri:iso.org:21090}UVP_CD
excluding code generation for non-included QName:{uri:iso.org:21090}DSET_RTO
excluding code generation for non-included QName:{gme://caCORE.caCORE/3.2/gov.nih.nci.cacoresdk.domain.inheritance.twolevelinheritance}Monitor
excluding code generation for non-included QName:{uri:iso.org:21090}>>td>scope
excluding code generation for non-included QName:{gme://caGrid.caBIG/1.0/gov.nih.nci.cagrid.metadata.security}GSITransport
excluding code generation for non-included QName:{uri:iso.org:21090}HIST_II
excluding code generation for non-included QName:{uri:iso.org:21090}BAG_INT.Positive
excluding code generation for non-included QName:{uri:iso.org:21090}QSI_REAL
excluding code generation for non-included QName:{uri:iso.org:21090}DSET_ST
excluding code generation for non-included QName:{uri:iso.org:21090}UVP_BL
excluding code generation for non-included QName:{uri:iso.org:21090}QSU_TS.DateTime
excluding code generation for non-included QName:{gme://caCORE.caCORE/3.2/gov.nih.nci.cacoresdk.domain.inheritance.twolevelinheritance.sametable}PresidentialGovt
excluding code generation for non-included QName:{uri:iso.org:21090}UVP_TS.Date
excluding code generation for non-included QName:{gme://caCORE.caCORE/3.2/gov.nih.nci.cacoresdk.domain.other.datatype}>AllDataType>stringCollection
excluding code generation for non-included QName:{gme://caCORE.caCORE/3.2/gov.nih.nci.cacoresdk.domain.other.datatype}IvlPqDataType
excluding code generation for non-included QName:{uri:iso.org:21090}QSET_MO[0,unbounded]
excluding code generation for non-included QName:{uri:iso.org:21090}IVL.Width_INT
excluding code generation for non-included QName:{gme://caCORE.caCORE/3.2/gov.nih.nci.cacoresdk.domain.onetomany.unidirectional}LatchKey
excluding code generation for non-included QName:{uri:iso.org:21090}PIVL_TS
excluding code generation for non-included QName:{gme://caCORE.caCORE/3.2/gov.nih.nci.cacoresdk.domain.inheritance.multiplechild}UndergraduateStudent
excluding code generation for non-included QName:{uri:iso.org:21090}NPPD_SC.NT
excluding code generation for non-included QName:{uri:iso.org:21090}QSU_CO
excluding code generation for non-included QName:{uri:iso.org:21090}HIST_EN.ON
excluding code generation for non-included QName:{uri:iso.org:21090}COLL_INT.Positive
excluding code generation for non-included QName:{uri:iso.org:21090}UpdateMode
excluding code generation for non-included QName:{uri:iso.org:21090}DSET_TS
excluding code generation for non-included QName:{uri:iso.org:21090}BAG_TS.Date
excluding code generation for non-included QName:{uri:iso.org:21090}CO[0,unbounded]
excluding code generation for non-included QName:{uri:iso.org:21090}UVP_ED.Signature[0,unbounded]
excluding code generation for non-included QName:{uri:iso.org:21090}CDGroup[0,unbounded]
excluding code generation for non-included QName:{uri:iso.org:21090}QSD_TS.DateTime.Full
excluding code generation for non-included QName:{uri:iso.org:21090}UVP_AD
excluding code generation for non-included QName:{uri:iso.org:21090}DSET_MO
excluding code generation for non-included QName:{uri:iso.org:21090}DSET_EN.ON
excluding code generation for non-included QName:{uri:iso.org:21090}UVP_INT.Positive[0,unbounded]
excluding code generation for non-included QName:{uri:iso.org:21090}DSET_SC.NT
excluding code generation for non-included QName:{uri:iso.org:21090}IVL.Width_INT.NonNeg
excluding code generation for non-included QName:{uri:iso.org:21090}UVP_RTO[0,unbounded]
excluding code generation for non-included QName:{uri:iso.org:21090}>paragraph
excluding code generation for non-included QName:{uri:iso.org:21090}UVP_TEL[0,unbounded]
excluding code generation for non-included QName:{gme://caCORE.caCORE/3.2/gov.nih.nci.cacoresdk.domain.onetomany.unidirectional.withjoin}>Shirt>buttonCollection
excluding code generation for non-included QName:{uri:iso.org:21090}BAG_ED.Doc.Inline
excluding code generation for non-included QName:{uri:iso.org:21090}COLL_TS.Birth
excluding code generation for non-included QName:{gme://caCORE.caCORE/3.2/gov.nih.nci.cacoresdk.domain.onetoone.bidirectional}Product
excluding code generation for non-included QName:{uri:iso.org:21090}IVL.High_TS.Date.Full
excluding code generation for non-included QName:{uri:iso.org:21090}INT.NonNeg[0,0]
excluding code generation for non-included QName:{uri:iso.org:21090}DSET_EN.PN
excluding code generation for non-included QName:{uri:iso.org:21090}UVP_ST.NT[0,unbounded]
excluding code generation for non-included QName:{uri:iso.org:21090}SLIST_INT.Positive
excluding code generation for non-included QName:{gme://caCORE.caCORE/3.2/gov.nih.nci.cacoresdk.domain.inheritance.childwithassociation}Cash
excluding code generation for non-included QName:{uri:iso.org:21090}UVP_SC.NT
excluding code generation for non-included QName:{uri:iso.org:21090}NPPD_TS.DateTime.Full
excluding code generation for non-included QName:{uri:iso.org:21090}ADXP[0,unbounded]
excluding code generation for non-included QName:{gme://caCORE.caCORE/3.2/gov.nih.nci.cacoresdk.domain.inheritance.parentwithassociation.sametable}HardTopType
excluding code generation for non-included QName:{uri:iso.org:21090}DSET_TEL.Email
excluding code generation for non-included QName:{uri:iso.org:21090}BAG_PQ.Time
excluding code generation for non-included QName:{uri:iso.org:21090}GLIST_REAL
excluding code generation for non-included QName:{uri:iso.org:21090}SLIST_CO
excluding code generation for non-included QName:{uri:iso.org:21090}UVP_AD[0,unbounded]
excluding code generation for non-included QName:{uri:iso.org:21090}BAG_INT.NonNeg
excluding code generation for non-included QName:{uri:iso.org:21090}HIST_MO
excluding code generation for non-included QName:{uri:iso.org:21090}>>thead>align
excluding code generation for non-included QName:{http://CQL.caBIG/2/org.cagrid.cql2}NamedAssociation[0,unbounded]
excluding code generation for non-included QName:{uri:iso.org:21090}DSET_ED.Signature
excluding code generation for non-included QName:{uri:iso.org:21090}ENXP
excluding code generation for non-included QName:{gme://caCORE.caCORE/3.2/gov.nih.nci.cacoresdk.domain.inheritance.twolevelinheritance}Display
excluding code generation for non-included QName:{uri:iso.org:21090}>>tfoot>valign
excluding code generation for non-included QName:{uri:iso.org:21090}QSET_CO[0,unbounded]
excluding code generation for non-included QName:{uri:iso.org:21090}>>col>valign
excluding code generation for non-included QName:{uri:iso.org:21090}BAG_CD.CE
excluding code generation for non-included QName:{uri:iso.org:21090}NPPD_AD
excluding code generation for non-included QName:{gme://caCORE.caCORE/3.2/gov.nih.nci.cacoresdk.domain.inheritance.twolevelinheritance.sametablerootlevel}GraphicCalculator
excluding code generation for non-included QName:{uri:iso.org:21090}>>thead>valign
excluding code generation for non-included QName:{gme://caCORE.caCORE/3.2/gov.nih.nci.cacoresdk.domain.inheritance.twolevelinheritance.sametablerootlevel}Calculator
excluding code generation for non-included QName:{uri:iso.org:21090}GLIST_TS.DateTime
excluding code generation for non-included QName:{gme://caCORE.caCORE/3.2/gov.nih.nci.cacoresdk.domain.other.datatype}EnPnDataType
excluding code generation for non-included QName:{uri:iso.org:21090}BAG_BL.NonNull
excluding code generation for non-included QName:{uri:iso.org:21090}IVL.High_REAL
excluding code generation for non-included QName:{uri:iso.org:21090}DSET_PQ
excluding code generation for non-included QName:{uri:iso.org:21090}UVP_TEL.Phone[0,unbounded]
excluding code generation for non-included QName:{gme://caGrid.caBIG/1.0/gov.nih.nci.cagrid.metadata.security}>ServiceSecurityMetadata>operations
excluding code generation for non-included QName:{uri:iso.org:21090}>>content>revised
excluding code generation for non-included QName:{uri:iso.org:21090}TS.DateTime.Full
excluding code generation for non-included QName:{uri:iso.org:21090}set_EntityNameUse
excluding code generation for non-included QName:{uri:iso.org:21090}NPPD_BL
excluding code generation for non-included QName:{gme://caCORE.caCORE/3.2/gov.nih.nci.cacoresdk.domain.inheritance.childwithassociation}Credit
excluding code generation for non-included QName:{uri:iso.org:21090}IVL.High_TS.DateTime
excluding code generation for non-included QName:{uri:iso.org:21090}BAG_MO
excluding code generation for non-included QName:{uri:iso.org:21090}DSET_INT.NonNeg
excluding code generation for non-included QName:{gme://caCORE.caCORE/3.2/gov.nih.nci.cacoresdk.domain.other.primarykey}FloatKey
excluding code generation for non-included QName:{gme://caCORE.caCORE/3.2/gov.nih.nci.cacoresdk.domain.inheritance.twolevelinheritance}LCDMonitor
excluding code generation for non-included QName:{uri:iso.org:21090}COLL_ED.Doc.Ref
excluding code generation for non-included QName:{uri:iso.org:21090}QSET_TS.DateTime
excluding code generation for non-included QName:{uri:iso.org:21090}IVL.Low_REAL
excluding code generation for non-included QName:{uri:iso.org:21090}NPPD_ED.Signature
excluding code generation for non-included QName:{uri:iso.org:21090}TEL.Phone
excluding code generation for non-included QName:{uri:iso.org:21090}UVP_TS.DateTime[0,unbounded]
excluding code generation for non-included QName:{uri:iso.org:21090}LIST_INT
excluding code generation for non-included QName:{uri:iso.org:21090}HIST_TS.Birth
excluding code generation for non-included QName:{uri:iso.org:21090}GLIST_TS
excluding code generation for non-included QName:{gme://caCORE.caCORE/3.2/gov.nih.nci.cacoresdk.domain.other.datatype}AdDataType
excluding code generation for non-included QName:{uri:iso.org:21090}URL
excluding code generation for non-included QName:{uri:iso.org:21090}CalendarCycle
excluding code generation for non-included QName:{gme://caGrid.caBIG/1.0/gov.nih.nci.cagrid.metadata.common}Address
excluding code generation for non-included QName:{uri:iso.org:21090}COLL_TS.Date
excluding code generation for non-included QName:{gme://caCORE.caCORE/3.2/gov.nih.nci.cacoresdk.domain.other.primarykey}FloatPrimitiveKey
excluding code generation for non-included QName:{uri:iso.org:21090}PQR
excluding code generation for non-included QName:{uri:iso.org:21090}DSET_TEL.Url
excluding code generation for non-included QName:{uri:iso.org:21090}QSET_TS.Birth[0,unbounded]
excluding code generation for non-included QName:{uri:iso.org:21090}UVP_INT.NonNeg
excluding code generation for non-included QName:{http://CQL.caBIG/2/org.cagrid.cql2}NamedAttribute
excluding code generation for non-included QName:{uri:iso.org:21090}REAL[0,0]
excluding code generation for non-included QName:{uri:iso.org:21090}>thead
excluding code generation for non-included QName:{uri:iso.org:21090}NPPD_BL.NonNull
excluding code generation for non-included QName:{uri:iso.org:21090}DSET_TS.Birth
excluding code generation for non-included QName:{uri:iso.org:21090}IVL_INT.Positive
excluding code generation for non-included QName:{gme://caCORE.caCORE/3.2/gov.nih.nci.cacoresdk.domain.other.datatype}EdTextDataType
excluding code generation for non-included QName:{gme://caCORE.caCORE/3.2/gov.nih.nci.cacoresdk.domain.other.datatype}StNtDataType
excluding code generation for non-included QName:{uri:iso.org:21090}DSET_TS.Date.Full
excluding code generation for non-included QName:{gme://caCORE.caCORE/3.2/gov.nih.nci.cacoresdk.domain.inheritance.parentwithassociation.sametable}SoftTop
excluding code generation for non-included QName:{gme://caCORE.caCORE/3.2/gov.nih.nci.cacoresdk.domain.inheritance.abstrakt}PrivateTeacher
excluding code generation for non-included QName:{uri:iso.org:21090}QSS_CO
excluding code generation for non-included QName:{uri:iso.org:21090}COLL_EN.TN
excluding code generation for non-included QName:{uri:iso.org:21090}EIVL_TS.Birth
excluding code generation for non-included QName:{uri:iso.org:21090}ST.NT[0,unbounded]
excluding code generation for non-included QName:{gme://caCORE.caCORE/3.2/gov.nih.nci.cacoresdk.domain.other.datatype}DsetCdDataType
excluding code generation for non-included QName:{uri:iso.org:21090}UVP_TEL
excluding code generation for non-included QName:{uri:iso.org:21090}HIST_TS.DateTime.Full
excluding code generation for non-included QName:{uri:iso.org:21090}BAG_II
excluding code generation for non-included QName:{uri:iso.org:21090}HIST_AD
excluding code generation for non-included QName:{gme://caCORE.caCORE/3.2/gov.nih.nci.cacoresdk.domain.onetoone.multipleassociation.withjoin}Bride
excluding code generation for non-included QName:{uri:iso.org:21090}UVP_MO[0,unbounded]
excluding code generation for non-included QName:{uri:iso.org:21090}UVP_II
excluding code generation for non-included QName:{uri:iso.org:21090}INT.NonNeg
excluding code generation for non-included QName:{uri:iso.org:21090}IVL.Width_PQ.Time
excluding code generation for non-included QName:{uri:iso.org:21090}BL[0,unbounded]
excluding code generation for non-included QName:{gme://caGrid.caBIG/1.0/gov.nih.nci.cagrid.metadata.common}UMLAttribute
excluding code generation for non-included QName:{uri:iso.org:21090}LIST_INT.Positive
excluding code generation for non-included QName:{uri:iso.org:21090}BAG_ED.Doc
excluding code generation for non-included QName:{http://org.cagrid.dataservice.cql/QueryLanguageSupport}Cql2SupportType
excluding code generation for non-included QName:{gme://caCORE.caCORE/3.2/gov.nih.nci.cacoresdk.domain.other.primarykey}NoIdKey
excluding code generation for non-included QName:{uri:iso.org:21090}UVP_ED.Doc[0,unbounded]
excluding code generation for non-included QName:{uri:iso.org:21090}UVP_CD[0,unbounded]
excluding code generation for non-included QName:{gme://caCORE.caCORE/3.2/gov.nih.nci.cacoresdk.domain.onetoone.unidirectional.withjoin}Bag
excluding code generation for non-included QName:{uri:iso.org:21090}COLL_ST.NT
excluding code generation for non-included QName:{uri:iso.org:21090}AddressPartType
excluding code generation for non-included QName:{uri:iso.org:21090}QSS_TS.DateTime
excluding code generation for non-included QName:{uri:iso.org:21090}QSET_REAL[0,unbounded]
excluding code generation for non-included QName:{uri:iso.org:21090}UVP_TS.DateTime.Full[0,unbounded]
excluding code generation for non-included QName:{uri:iso.org:21090}HIST_BL
excluding code generation for non-included QName:{uri:iso.org:21090}RTO
excluding code generation for non-included QName:{gme://caCORE.caCORE/3.2/gov.nih.nci.cacoresdk.domain.other.datatype}AllDataType
excluding code generation for non-included QName:{uri:iso.org:21090}HIST_CD
excluding code generation for non-included QName:{gme://caCORE.caCORE/3.2/gov.nih.nci.cacoresdk.domain.inheritance.multiplechild.sametable}Organization
excluding code generation for non-included QName:{uri:iso.org:21090}COLL_CD.CV
excluding code generation for non-included QName:{uri:iso.org:21090}UVP_EN.PN
excluding code generation for non-included QName:{uri:iso.org:21090}BAG_CO
excluding code generation for non-included QName:{uri:iso.org:21090}BAG_TEL.Url
excluding code generation for non-included QName:{gme://caCORE.caCORE/3.2/gov.nih.nci.cacoresdk.domain.inheritance.implicit}>TankAccessory>tankCollection
excluding code generation for non-included QName:{uri:iso.org:21090}IVL.Width_TS.Birth
excluding code generation for non-included QName:{uri:iso.org:21090}PQ.Time[0,unbounded]
excluding code generation for non-included QName:{uri:iso.org:21090}DSET_ED.Doc.Ref
excluding code generation for non-included QName:{uri:iso.org:21090}DSET_BL.NonNull
excluding code generation for non-included QName:{uri:iso.org:21090}GLIST_PQ
excluding code generation for non-included QName:{uri:iso.org:21090}BAG_CS
excluding code generation for non-included QName:{gme://caCORE.caCORE/3.2/gov.nih.nci.cacoresdk.domain.inheritance.parentwithassociation}Professor
excluding code generation for non-included QName:{uri:iso.org:21090}UVP_ED.Narrative
excluding code generation for non-included QName:{uri:iso.org:21090}HIST_CO
excluding code generation for non-included QName:{uri:iso.org:21090}BAG_CD
excluding code generation for non-included QName:{uri:iso.org:21090}HIST_CS
excluding code generation for non-included QName:{uri:iso.org:21090}BAG_TEL.Person
excluding code generation for non-included QName:{uri:iso.org:21090}COLL_EN.ON
excluding code generation for non-included QName:{gme://caCORE.caCORE/3.2/gov.nih.nci.cacoresdk.domain.other.differentpackage.associations}>Utensil>dessertCollection
excluding code generation for non-included QName:{uri:iso.org:21090}DSET_CD.CE
excluding code generation for non-included QName:{uri:iso.org:21090}IVL.Low_TS.Date.Full
excluding code generation for non-included QName:{uri:iso.org:21090}UVP_INT.NonNeg[0,unbounded]
excluding code generation for non-included QName:{uri:iso.org:21090}HIST_TS.Date
excluding code generation for non-included QName:{uri:iso.org:21090}PQ[0,0]
excluding code generation for non-included QName:{uri:iso.org:21090}BAG_BL
excluding code generation for non-included QName:{gme://caGrid.caBIG/1.0/gov.nih.nci.cagrid.metadata.security}GSISecureMessage
excluding code generation for non-included QName:{uri:iso.org:21090}UVP_EN.ON
excluding code generation for non-included QName:{uri:iso.org:21090}DSET_CD.CV
excluding code generation for non-included QName:{uri:iso.org:21090}BAG_SC.NT
excluding code generation for non-included QName:{uri:iso.org:21090}COLL_EN.PN
excluding code generation for non-included QName:{uri:iso.org:21090}UVP_CD.CE.None[0,unbounded]
excluding code generation for non-included QName:{gme://caCORE.caCORE/3.2/gov.nih.nci.cacoresdk.domain.manytomany.bidirectional}>Employee>projectCollection
excluding code generation for non-included QName:{uri:iso.org:21090}LIST_ED.Signature
excluding code generation for non-included QName:{uri:iso.org:21090}HIST_ED
excluding code generation for non-included QName:{uri:iso.org:21090}QTY[0,0]
excluding code generation for non-included QName:{uri:iso.org:21090}PQ[0,unbounded]
excluding code generation for non-included QName:{uri:iso.org:21090}>>tr>align
excluding code generation for non-included QName:{uri:iso.org:21090}GLIST_INT.NonNeg
excluding code generation for non-included QName:{uri:iso.org:21090}DSET_REAL
excluding code generation for non-included QName:{uri:iso.org:21090}PIVL_TS.Date
excluding code generation for non-included QName:{uri:iso.org:21090}BAG_EN
excluding code generation for non-included QName:{uri:iso.org:21090}BAG_ED.Signature
excluding code generation for non-included QName:{uri:iso.org:21090}LIST_ED.Text
excluding code generation for non-included QName:{gme://caGrid.caBIG/1.0/gov.nih.nci.cagrid.metadata.service}ServiceContext
excluding code generation for non-included QName:{uri:iso.org:21090}COLL_BL.NonNull
excluding code generation for non-included QName:{uri:iso.org:21090}HIST_INT.Positive
excluding code generation for non-included QName:{uri:iso.org:21090}UVP_EN
excluding code generation for non-included QName:{uri:iso.org:21090}HIST_EN
excluding code generation for non-included QName:{uri:iso.org:21090}BAG_ED
excluding code generation for non-included QName:{uri:iso.org:21090}COLL_INT
excluding code generation for non-included QName:{gme://caCORE.caCORE/3.2/gov.nih.nci.cacoresdk.domain.other.primarykey}DoubleKey
excluding code generation for non-included QName:{gme://caGrid.caBIG/1.0/gov.nih.nci.cagrid.metadata.security}None
excluding code generation for non-included QName:{uri:iso.org:21090}BAG_REAL
excluding code generation for non-included QName:{uri:iso.org:21090}IVL.Width_CO
excluding code generation for non-included QName:{gme://caCORE.caCORE/3.2/gov.nih.nci.cacoresdk.domain.inheritance.parentwithassociation}AssociateProfessor
excluding code generation for non-included QName:{uri:iso.org:21090}>>colgroup>align
excluding code generation for non-included QName:{gme://caCORE.caCORE/3.2/gov.nih.nci.cacoresdk.domain.inheritance.onechild}Human
excluding code generation for non-included QName:{gme://caGrid.caBIG/1.0/gov.nih.nci.cagrid.metadata.service}>ServiceContext>contextPropertyCollection
excluding code generation for non-included QName:{uri:iso.org:21090}UVP_ED
excluding code generation for non-included QName:{gme://caCORE.caCORE/3.2/gov.nih.nci.cacoresdk.domain.manytomany.unidirectional}>Book>authorCollection
excluding code generation for non-included QName:{gme://caCORE.caCORE/3.2/gov.nih.nci.cacoresdk.domain.other.primarykey}IntegerPrimitiveKey
excluding code generation for non-included QName:{uri:iso.org:21090}COLL_SC
excluding code generation for non-included QName:{uri:iso.org:21090}INT[0,0]
excluding code generation for non-included QName:{uri:iso.org:21090}>>th>align
excluding code generation for non-included QName:{uri:iso.org:21090}UVP_SC
excluding code generation for non-included QName:{gme://caGrid.caBIG/1.0/gov.nih.nci.cagrid.metadata.service}Operation
excluding code generation for non-included QName:{uri:iso.org:21090}IVL.Low_INT
excluding code generation for non-included QName:{uri:iso.org:21090}NPPD_INT
excluding code generation for non-included QName:{uri:iso.org:21090}QSU_TS.Birth
excluding code generation for non-included QName:{uri:iso.org:21090}NPPD_REAL
excluding code generation for non-included QName:{uri:iso.org:21090}COLL_ED.Doc.Inline
excluding code generation for non-included QName:{uri:iso.org:21090}COLL_ST
excluding code generation for non-included QName:{uri:iso.org:21090}QSET_INT
excluding code generation for non-included QName:{gme://caGrid.caBIG/1.0/gov.nih.nci.cagrid.metadata.service}>Service>pointOfContactCollection
excluding code generation for non-included QName:{uri:iso.org:21090}TS.Date
excluding code generation for non-included QName:{uri:iso.org:21090}ED.Narrative
excluding code generation for non-included QName:{uri:iso.org:21090}UVP_ST
excluding code generation for non-included QName:{uri:iso.org:21090}IVL_CO
excluding code generation for non-included QName:{uri:iso.org:21090}>content
excluding code generation for non-included QName:{uri:iso.org:21090}UVP_TEL.Person
excluding code generation for non-included QName:{gme://caCORE.caCORE/3.2/gov.nih.nci.cacoresdk.domain.manytoone.unidirectional}Restaurant
excluding code generation for non-included QName:{gme://caGrid.caBIG/1.0/gov.nih.nci.cagrid.metadata.service}>Operation>faultCollection
excluding code generation for non-included QName:{uri:iso.org:21090}IVL_INT.NonNeg
excluding code generation for non-included QName:{uri:iso.org:21090}UVP_TS
excluding code generation for non-included QName:{uri:iso.org:21090}COLL_SC.NT
excluding code generation for non-included QName:{uri:iso.org:21090}IVL.Low_RTO
excluding code generation for non-included QName:{uri:iso.org:21090}QSD_MO
excluding code generation for non-included QName:{http://CQL.caBIG/2/org.cagrid.cql2}NamedAssociationList
excluding code generation for non-included QName:{uri:iso.org:21090}COLL_TS
excluding code generation for non-included QName:{uri:iso.org:21090}EN.TN
excluding code generation for non-included QName:{uri:iso.org:21090}PIVL_TS.Birth
excluding code generation for non-included QName:{http://CQL.caBIG/2/org.cagrid.cql2}CQLAttribute
excluding code generation for non-included QName:{uri:iso.org:21090}Narrative
excluding code generation for non-included QName:{uri:iso.org:21090}QSU_TS
excluding code generation for non-included QName:{uri:iso.org:21090}QSU_INT.Positive
excluding code generation for non-included QName:{uri:iso.org:21090}HIST_TEL.Email
excluding code generation for non-included QName:{gme://caCORE.caCORE/3.2/gov.nih.nci.cacoresdk.domain.other.datatype}IiDataType
excluding code generation for non-included QName:{uri:iso.org:21090}QSP_PQ
excluding code generation for non-included QName:{uri:iso.org:21090}IVL.High_TS.DateTime.Full
excluding code generation for non-included QName:{uri:iso.org:21090}ED.Text
excluding code generation for non-included QName:{uri:iso.org:21090}TS.Date[0,unbounded]
excluding code generation for non-included QName:{uri:iso.org:21090}QSU_TS.Date.Full
excluding code generation for non-included QName:{uri:iso.org:21090}ST[0,0]
excluding code generation for non-included QName:{uri:iso.org:21090}NPPD_TS.Date.Full
excluding code generation for non-included QName:{gme://caCORE.caCORE/3.2/gov.nih.nci.cacoresdk.domain.other.differentpackage}Dessert
excluding code generation for non-included QName:{uri:iso.org:21090}QSD_PQ
excluding code generation for non-included QName:{uri:iso.org:21090}QSET_INT.NonNeg
excluding code generation for non-included QName:{gme://caCORE.caCORE/3.2/gov.nih.nci.cacoresdk.domain.inheritance.parentwithassociation.sametable}>Wheel>luggage
excluding code generation for non-included QName:{uri:iso.org:21090}QSP_MO
excluding code generation for non-included QName:{uri:iso.org:21090}QSET_INT.Positive[0,unbounded]
excluding code generation for non-included QName:{uri:iso.org:21090}COLL_CD.CE
excluding code generation for non-included QName:{gme://caGrid.caBIG/1.0/gov.nih.nci.cagrid.metadata.common}>ResearchCenter>pointOfContactCollection
excluding code generation for non-included QName:{uri:iso.org:21090}DSET_TS.Date
excluding code generation for non-included QName:{uri:iso.org:21090}SLIST_TS.DateTime
excluding code generation for non-included QName:{uri:iso.org:21090}NPPD_MO
excluding code generation for non-included QName:{uri:iso.org:21090}IVL_TS.DateTime
excluding code generation for non-included QName:{uri:iso.org:21090}QSS_TS.Date
excluding code generation for non-included QName:{uri:iso.org:21090}NPPD_CD.CE
excluding code generation for non-included QName:{gme://caCORE.caCORE/3.2/gov.nih.nci.cacoresdk.domain.inheritance.multiplechild.sametable}PvtOrganization
excluding code generation for non-included QName:{http://CQL.caBIG/2/org.cagrid.cql2}CQLGroup[,unbounded]
excluding code generation for non-included QName:{uri:iso.org:21090}SLIST_TS.Birth
excluding code generation for non-included QName:{uri:iso.org:21090}EIVL_TS.DateTime
excluding code generation for non-included QName:{uri:iso.org:21090}NPPD_CD.CV
excluding code generation for non-included QName:{uri:iso.org:21090}IVL.Width_REAL
excluding code generation for non-included QName:{uri:iso.org:21090}IVL.Width_TS.Date.Full
excluding code generation for non-included QName:{gme://caGrid.caBIG/1.0/gov.nih.nci.cagrid.metadata}ServiceMetadata
excluding code generation for non-included QName:{uri:iso.org:21090}EN.PN
excluding code generation for non-included QName:{uri:iso.org:21090}LIST_TS.Date
excluding code generation for non-included QName:{uri:iso.org:21090}BAG_RTO
excluding code generation for non-included QName:{uri:iso.org:21090}NPPD_PQ
excluding code generation for non-included QName:{uri:iso.org:21090}LIST_PQ.Time
excluding code generation for non-included QName:{uri:iso.org:21090}NPPD_ED.Doc.Inline
excluding code generation for non-included QName:{uri:iso.org:21090}IVL.Width_TS.Date
excluding code generation for non-included QName:{uri:iso.org:21090}QSS_TS
excluding code generation for non-included QName:{uri:iso.org:21090}UVP_EN.ON[0,unbounded]
excluding code generation for non-included QName:{uri:iso.org:21090}EN.ON
excluding code generation for non-included QName:{uri:iso.org:21090}UVP_ED.Image[0,unbounded]
excluding code generation for non-included QName:{gme://caCORE.caCORE/3.2/gov.nih.nci.cacoresdk.domain.inheritance.childwithassociation.sametable}DesignerShoes
excluding code generation for non-included QName:{uri:iso.org:21090}HIST_ED.Doc.Inline
excluding code generation for non-included QName:{uri:iso.org:21090}NPPD_TEL.Url
excluding code generation for non-included QName:{uri:iso.org:21090}QSP_TS
excluding code generation for non-included QName:{uri:iso.org:21090}UVP_PQ
excluding code generation for non-included QName:{gme://caCORE.caCORE/3.2/gov.nih.nci.cacoresdk.domain.other.levelassociation}>Suit>cardCollection
excluding code generation for non-included QName:{uri:iso.org:21090}QSS_RTO
excluding code generation for non-included QName:{uri:iso.org:21090}QSU_PQ
excluding code generation for non-included QName:{uri:iso.org:21090}EIVL_TS.DateTime.Full
excluding code generation for non-included QName:{uri:iso.org:21090}COLL_PQ
excluding code generation for non-included QName:{uri:iso.org:21090}>table
excluding code generation for non-included QName:{gme://caCORE.caCORE/3.2/gov.nih.nci.cacoresdk.domain.onetoone.unidirectional}Person
excluding code generation for non-included QName:{uri:iso.org:21090}QSI_TS.DateTime
excluding code generation for non-included QName:{uri:iso.org:21090}HIST_CD.CE.None
excluding code generation for non-included QName:{uri:iso.org:21090}QSET_TS.Birth
excluding code generation for non-included QName:{uri:iso.org:21090}IVL.Width_TS.DateTime.Full
excluding code generation for non-included QName:{uri:iso.org:21090}UVP_ED.Doc
excluding code generation for non-included QName:{gme://caCORE.caCORE/3.2/gov.nih.nci.cacoresdk.domain.inheritance.multiplechild}GraduateStudent
excluding code generation for non-included QName:{uri:iso.org:21090}QSET_INT.NonNeg[0,unbounded]
excluding code generation for non-included QName:{uri:iso.org:21090}QSI_RTO
excluding code generation for non-included QName:{uri:iso.org:21090}UVP_MO
excluding code generation for non-included QName:{uri:iso.org:21090}UVP_TEL.Phone
excluding code generation for non-included QName:{uri:iso.org:21090}NPPD_SC
excluding code generation for non-included QName:{uri:iso.org:21090}QSET.BoundedPIVL
excluding code generation for non-included QName:{uri:iso.org:21090}BL.NonNull
excluding code generation for non-included QName:{uri:iso.org:21090}QSU_REAL
excluding code generation for non-included QName:{uri:iso.org:21090}COLL_ED.Doc
excluding code generation for non-included QName:{uri:iso.org:21090}COLL_INT.NonNeg
excluding code generation for non-included QName:{uri:iso.org:21090}UVP_SC[0,unbounded]
excluding code generation for non-included QName:{gme://caCORE.caCORE/3.2/gov.nih.nci.cacoresdk.domain.onetomany.bidirectional}>Computer>hardDriveCollection
excluding code generation for non-included QName:{uri:iso.org:21090}QSS_PQ
excluding code generation for non-included QName:{uri:iso.org:21090}UVP_REAL
excluding code generation for non-included QName:{uri:iso.org:21090}QSU_MO
excluding code generation for non-included QName:{uri:iso.org:21090}UVP_TEL.Person[0,unbounded]
excluding code generation for non-included QName:{uri:iso.org:21090}NPPD_PQ.Time
excluding code generation for non-included QName:{uri:iso.org:21090}BAG_CD.CV
excluding code generation for non-included QName:{uri:iso.org:21090}IVL.Width_MO
excluding code generation for non-included QName:{uri:iso.org:21090}TimingEvent
excluding code generation for non-included QName:{uri:iso.org:21090}COLL_ED.Narrative
excluding code generation for non-included QName:{http://CQL.caBIG/2/org.cagrid.cql2}NamedAttribute[,unbounded]
excluding code generation for non-included QName:{gme://caCORE.caCORE/3.2/gov.nih.nci.cacoresdk.domain.other.primarykey}StringKey
excluding code generation for non-included QName:{uri:iso.org:21090}BAG_ED.Image
excluding code generation for non-included QName:{http://CQL.caBIG/2/org.cagrid.cql2.results}CQLAttributeResult
excluding code generation for non-included QName:{uri:iso.org:21090}UVP_TS.Birth
excluding code generation for non-included QName:{gme://caCORE.caCORE/3.2/gov.nih.nci.cacoresdk.domain.inheritance.implicit}Substrate
excluding code generation for non-included QName:{uri:iso.org:21090}TEL
excluding code generation for non-included QName:{uri:iso.org:21090}QSU_TS.DateTime.Full
excluding code generation for non-included QName:{gme://caCORE.caCORE/3.2/gov.nih.nci.cacoresdk.domain.inheritance.parentwithassociation}Assistant
excluding code generation for non-included QName:{uri:iso.org:21090}NPPD_CS
excluding code generation for non-included QName:{uri:iso.org:21090}NPPD_RTO
excluding code generation for non-included QName:{gme://caCORE.caCORE/3.2/gov.nih.nci.cacoresdk.domain.inheritance.abstrakt}Pupil
excluding code generation for non-included QName:{uri:iso.org:21090}GLIST_CO
excluding code generation for non-included QName:{gme://caCORE.caCORE/3.2/gov.nih.nci.cacoresdk.domain.other.primarykey}LongKey
excluding code generation for non-included QName:{uri:iso.org:21090}NPPD_CO
excluding code generation for non-included QName:{uri:iso.org:21090}LIST_TS.Date.Full
excluding code generation for non-included QName:{uri:iso.org:21090}NPPD_CD
excluding code generation for non-included QName:{gme://caGrid.caBIG/1.0/gov.nih.nci.cagrid.metadata.common}SemanticMetadata
excluding code generation for non-included QName:{uri:iso.org:21090}IVL.Width_TS.DateTime
excluding code generation for non-included QName:{uri:iso.org:21090}HIST_EN.TN
excluding code generation for non-included QName:{http://CQL.caBIG/2/org.cagrid.cql2}PopulationDepth
excluding code generation for non-included QName:{uri:iso.org:21090}UncertaintyType
excluding code generation for non-included QName:{uri:iso.org:21090}LIST_ED.Doc.Inline
excluding code generation for non-included QName:{uri:iso.org:21090}TEL[0,0]
excluding code generation for non-included QName:{uri:iso.org:21090}LIST_AD
excluding code generation for non-included QName:{uri:iso.org:21090}UVP_TEL.Url[0,unbounded]
excluding code generation for non-included QName:{uri:iso.org:21090}UVP_SC.NT[0,unbounded]
excluding code generation for non-included QName:{gme://caCORE.caCORE/3.2/gov.nih.nci.cacoresdk.domain.other.datatype}PqDataType
excluding code generation for non-included QName:{uri:iso.org:21090}SC.NT[0,unbounded]
excluding code generation for non-included QName:{uri:iso.org:21090}IVL.Low_INT.Positive
excluding code generation for non-included QName:{uri:iso.org:21090}EIVL_TS.Date.Full
excluding code generation for non-included QName:{gme://caCORE.caCORE/3.2/gov.nih.nci.cacoresdk.domain.other.levelassociation}Hand
excluding code generation for non-included QName:{gme://caCORE.caCORE/3.2/gov.nih.nci.cacoresdk.domain.other.primarykey}CharacterPrimitiveKey
excluding code generation for non-included QName:{uri:iso.org:21090}TS[0,unbounded]
excluding code generation for non-included QName:{uri:iso.org:21090}>list
excluding code generation for non-included QName:{uri:iso.org:21090}COLL_ED.Signature
excluding code generation for non-included QName:{uri:iso.org:21090}QSP_PQ.Time
excluding code generation for non-included QName:{uri:iso.org:21090}UVP_INT
excluding code generation for non-included QName:{uri:iso.org:21090}RTO[0,0]
excluding code generation for non-included QName:{uri:iso.org:21090}GLIST_RTO
excluding code generation for non-included QName:{gme://caCORE.caCORE/3.2/gov.nih.nci.cacoresdk.domain.inheritance.parentwithassociation}>Professor>assistantCollection
excluding code generation for non-included QName:{uri:iso.org:21090}NPPD_EN
excluding code generation for non-included QName:{uri:iso.org:21090}II[0,unbounded]
excluding code generation for non-included QName:{uri:iso.org:21090}NPPD_ED
excluding code generation for non-included QName:{uri:iso.org:21090}BAG_ED.Text
excluding code generation for non-included QName:{http://CQL.caBIG/2/org.cagrid.cql2}NamedAssociation
excluding code generation for non-included QName:{uri:iso.org:21090}COLL_TEL
excluding code generation for non-included QName:{http://CQL.caBIG/2/org.cagrid.cql2}Aggregation
excluding code generation for non-included QName:{http://CQL.caBIG/2/org.cagrid.cql2.results}TargetAttribute[,unbounded]
excluding code generation for non-included QName:{uri:iso.org:21090}>linkHtml
excluding code generation for non-included QName:{uri:iso.org:21090}UVP_ST.NT
excluding code generation for non-included QName:{uri:iso.org:21090}LIST_CO
excluding code generation for non-included QName:{uri:iso.org:21090}UVP_PQ.Time
excluding code generation for non-included QName:{uri:iso.org:21090}SLIST_TS.Date.Full
excluding code generation for non-included QName:{uri:iso.org:21090}BAG_ST
excluding code generation for non-included QName:{uri:iso.org:21090}UVP_RTO
excluding code generation for non-included QName:{uri:iso.org:21090}UVP_TEL.Email
excluding code generation for non-included QName:{gme://caCORE.caCORE/3.2/gov.nih.nci.cacoresdk.domain.other.primarykey}StringPrimitiveKey
excluding code generation for non-included QName:{uri:iso.org:21090}GLIST_INT
excluding code generation for non-included QName:{uri:iso.org:21090}LIST_CD
excluding code generation for non-included QName:{uri:iso.org:21090}QSU_INT.NonNeg
excluding code generation for non-included QName:{uri:iso.org:21090}BAG_SC
excluding code generation for non-included QName:{uri:iso.org:21090}UVP_CD.CV[0,unbounded]
excluding code generation for non-included QName:{uri:iso.org:21090}LIST_CS
excluding code generation for non-included QName:{uri:iso.org:21090}UVP_CD.CE[0,unbounded]
excluding code generation for non-included QName:{gme://caCORE.caCORE/3.2/gov.nih.nci.cacoresdk.domain.inheritance.abstrakt}Teacher
excluding code generation for non-included QName:{uri:iso.org:21090}NPPD_CD.CE.None
excluding code generation for non-included QName:{uri:iso.org:21090}LIST_BL
excluding code generation for non-included QName:{uri:iso.org:21090}>>td>valign
excluding code generation for non-included QName:{uri:iso.org:21090}BAG_TS
excluding code generation for non-included QName:{uri:iso.org:21090}DSET_ED.Image
excluding code generation for non-included QName:{uri:iso.org:21090}IVL.Width_PQ
excluding code generation for non-included QName:{uri:iso.org:21090}HIST_EN.PN
excluding code generation for non-included QName:{uri:iso.org:21090}TS.Date.Full[0,unbounded]
excluding code generation for non-included QName:{uri:iso.org:21090}QSS_MO
excluding code generation for non-included QName:{uri:iso.org:21090}CD[0,0]
excluding code generation for non-included QName:{uri:iso.org:21090}DSET_CD.CE.None
excluding code generation for non-included QName:{uri:iso.org:21090}UVP_PQ.Time[0,unbounded]
excluding code generation for non-included QName:{uri:iso.org:21090}>>colgroup>valign
excluding code generation for non-included QName:{uri:iso.org:21090}CD.CE.None
excluding code generation for non-included QName:{gme://caGrid.caBIG/1.0/gov.nih.nci.cagrid.metadata.security}ServiceSecurityMetadata
excluding code generation for non-included QName:{uri:iso.org:21090}QSD_REAL
excluding code generation for non-included QName:{gme://caGrid.caBIG/1.0/gov.nih.nci.cagrid.metadata.service}>Operation>inputParameterCollection
excluding code generation for non-included QName:{uri:iso.org:21090}LIST_EN
excluding code generation for non-included QName:{uri:iso.org:21090}DSET_TEL.Person
excluding code generation for non-included QName:{uri:iso.org:21090}QSI_TS.Date.Full
excluding code generation for non-included QName:{http://CQL.caBIG/2/org.cagrid.cql2.results}ExtendedCQLResult
excluding code generation for non-included QName:{gme://caCORE.caCORE/3.2/gov.nih.nci.cacoresdk.domain.other.datatype}BlNonNullDataType
excluding code generation for non-included QName:{gme://caCORE.caCORE/3.2/gov.nih.nci.cacoresdk.domain.onetomany.bidirectional.withjoin}Passanger
excluding code generation for non-included QName:{uri:iso.org:21090}QSD_CO
excluding code generation for non-included QName:{uri:iso.org:21090}LIST_ED
excluding code generation for non-included QName:{uri:iso.org:21090}QSD_TS
excluding code generation for non-included QName:{uri:iso.org:21090}QSP_TS.Date.Full
excluding code generation for non-included QName:{uri:iso.org:21090}COLL_TEL.Url
excluding code generation for non-included QName:{uri:iso.org:21090}QSET_RTO
excluding code generation for non-included QName:{gme://caCORE.caCORE/3.2/gov.nih.nci.cacoresdk.domain.onetoone.bidirectional}OrderLine
excluding code generation for non-included QName:{uri:iso.org:21090}NPPD_ED.Image
excluding code generation for non-included QName:{uri:iso.org:21090}BAG_TS.Birth
excluding code generation for non-included QName:{uri:iso.org:21090}IVL.Width_INT.Positive
excluding code generation for non-included QName:{uri:iso.org:21090}IVL_INT
excluding code generation for non-included QName:{uri:iso.org:21090}COLL_CD.CE.None
excluding code generation for non-included QName:{uri:iso.org:21090}ST[0,unbounded]
excluding code generation for non-included QName:{uri:iso.org:21090}>tbody
excluding code generation for non-included QName:{uri:iso.org:21090}BAG_TS.DateTime
excluding code generation for non-included QName:{uri:iso.org:21090}IVL.Low_PQ.Time
excluding code generation for non-included QName:{uri:iso.org:21090}IVL.High_RTO
excluding code generation for non-included QName:{uri:iso.org:21090}HIST_ED.Text
excluding code generation for non-included QName:{uri:iso.org:21090}NPPD_II
excluding code generation for non-included QName:{uri:iso.org:21090}NPPD_ED.Narrative
excluding code generation for non-included QName:{gme://caCORE.caCORE/3.2/gov.nih.nci.cacoresdk.domain.inheritance.implicit}FishTank
excluding code generation for non-included QName:{uri:iso.org:21090}set_EntityNamePartQualifier
excluding code generation for non-included QName:{uri:iso.org:21090}MO[0,0]
excluding code generation for non-included QName:{gme://caCORE.caCORE/3.2/gov.nih.nci.cacoresdk.domain.onetoone.multipleassociation}Child
excluding code generation for non-included QName:{uri:iso.org:21090}IVL.High_MO
excluding code generation for non-included QName:{uri:iso.org:21090}>renderMultiMedia
excluding code generation for non-included QName:{uri:iso.org:21090}CD.CV[0,unbounded]
excluding code generation for non-included QName:{gme://caCORE.caCORE/3.2/gov.nih.nci.cacoresdk.domain.onetomany.bidirectional}HardDrive
excluding code generation for non-included QName:{uri:iso.org:21090}QSET_TS.Date
excluding code generation for non-included QName:{uri:iso.org:21090}COLL_II
excluding code generation for non-included QName:{uri:iso.org:21090}UVP_TS.Date.Full[0,unbounded]
excluding code generation for non-included QName:{http://CQL.caBIG/2/org.cagrid.cql2}CQLExtension[,unbounded]
excluding code generation for non-included QName:{uri:iso.org:21090}TEL.Email[0,unbounded]
excluding code generation for non-included QName:{uri:iso.org:21090}IVL_PQ
excluding code generation for non-included QName:{uri:iso.org:21090}DSET_INT.Positive
excluding code generation for non-included QName:{uri:iso.org:21090}GLIST_PQ.Time
excluding code generation for non-included QName:{uri:iso.org:21090}QSD_TS.Date
excluding code generation for non-included QName:{uri:iso.org:21090}GLIST_TS.Birth
excluding code generation for non-included QName:{uri:iso.org:21090}UVP_TS.DateTime
excluding code generation for non-included QName:{gme://caCORE.caCORE/3.2/gov.nih.nci.cacoresdk.domain.inheritance.abstrakt}>Teacher>pupilCollection
excluding code generation for non-included QName:{uri:iso.org:21090}LIST_MO
excluding code generation for non-included QName:{uri:iso.org:21090}NPPD_TEL.Phone
excluding code generation for non-included QName:{uri:iso.org:21090}QSD_INT
excluding code generation for non-included QName:{uri:iso.org:21090}ENXP[0,unbounded]
excluding code generation for non-included QName:{uri:iso.org:21090}REAL
excluding code generation for non-included QName:{gme://caCORE.caCORE/3.2/gov.nih.nci.cacoresdk.domain.onetoone.multipleassociation}Parent
excluding code generation for non-included QName:{gme://caCORE.caCORE/3.2/gov.nih.nci.cacoresdk.domain.inheritance.onechild.sametable}Note
excluding code generation for non-included QName:{uri:iso.org:21090}QSET_PQ.Time[0,unbounded]
excluding code generation for non-included QName:{gme://caCORE.caCORE/3.2/gov.nih.nci.cacoresdk.domain.manytomany.bidirectional}Project
excluding code generation for non-included QName:{uri:iso.org:21090}GLIST_TS.Date
excluding code generation for non-included QName:{http://gov.nih.nci.cagrid.data/DataServiceExceptions}QueryProcessingExceptionType
excluding code generation for non-included QName:{uri:iso.org:21090}COLL_ED.Image
excluding code generation for non-included QName:{uri:iso.org:21090}QSET_TS.Date[0,unbounded]
excluding code generation for non-included QName:{uri:iso.org:21090}NPPD_TEL
excluding code generation for non-included QName:{uri:iso.org:21090}IdentifierReliability
excluding code generation for non-included QName:{uri:iso.org:21090}NPPD_EN.ON
excluding code generation for non-included QName:{gme://caGrid.caBIG/1.0/gov.nih.nci.cagrid.metadata}>ServiceMetadata>hostingResearchCenter
excluding code generation for non-included QName:{gme://caCORE.caCORE/3.2/gov.nih.nci.cacoresdk.domain.other.datatype}DsetAdDataType
excluding code generation for non-included QName:{uri:iso.org:21090}QSI_MO
excluding code generation for non-included QName:{uri:iso.org:21090}IVL.Width_TS
excluding code generation for non-included QName:{uri:iso.org:21090}TEL.Person
excluding code generation for non-included QName:{gme://caCORE.caCORE/3.2/gov.nih.nci.cacoresdk.domain.other.datatype}IvlRealDataType
excluding code generation for non-included QName:{uri:iso.org:21090}IVL_TS
excluding code generation for non-included QName:{uri:iso.org:21090}QSP_INT.NonNeg
excluding code generation for non-included QName:{gme://caCORE.caCORE/3.2/gov.nih.nci.cacoresdk.domain.manytoone.unidirectional}Chef
excluding code generation for non-included QName:{uri:iso.org:21090}IVL_TS.DateTime.Full
excluding code generation for non-included QName:{uri:iso.org:21090}UVP_ED.Text
excluding code generation for non-included QName:{gme://caCORE.caCORE/3.2/gov.nih.nci.cacoresdk.domain.other.primarykey}CharacterKey
excluding code generation for non-included QName:{uri:iso.org:21090}NPPD_INT.Positive
excluding code generation for non-included QName:{uri:iso.org:21090}IVL.High_PQ
excluding code generation for non-included QName:{gme://caCORE.caCORE/3.2/gov.nih.nci.cacoresdk.domain.inheritance.twolevelinheritance}CRTMonitor
excluding code generation for non-included QName:{uri:iso.org:21090}ED.Text[0,unbounded]
excluding code generation for non-included QName:{gme://caCORE.caCORE/3.2/gov.nih.nci.cacoresdk.domain.onetoone.bidirectional.withjoin}Chain
excluding code generation for non-included QName:{uri:iso.org:21090}TS.DateTime
excluding code generation for non-included QName:{uri:iso.org:21090}COLL_TEL.Phone
excluding code generation for non-included QName:{uri:iso.org:21090}IVL.High_PQ.Time
excluding code generation for non-included QName:{uri:iso.org:21090}QSS_PQ.Time
excluding code generation for non-included QName:{uri:iso.org:21090}DSET_ED.Narrative
excluding code generation for non-included QName:{uri:iso.org:21090}UVP_TS.Date.Full
excluding code generation for non-included QName:{uri:iso.org:21090}UVP_ED.Doc.Inline[0,unbounded]
excluding code generation for non-included QName:{uri:iso.org:21090}TS
excluding code generation for non-included QName:{uri:iso.org:21090}ED.Signature[0,unbounded]
excluding code generation for non-included QName:{uri:iso.org:21090}CD.CE.None[0,unbounded]
excluding code generation for non-included QName:{uri:iso.org:21090}IVL_RTO
excluding code generation for non-included QName:{uri:iso.org:21090}BL.NonNull[0,unbounded]
excluding code generation for non-included QName:{uri:iso.org:21090}BAG_TEL.Phone
excluding code generation for non-included QName:{uri:iso.org:21090}ST
excluding code generation for non-included QName:{uri:iso.org:21090}ST.NT
excluding code generation for non-included QName:{uri:iso.org:21090}COLL_MO
excluding code generation for non-included QName:{uri:iso.org:21090}UVP_INT.Positive
excluding code generation for non-included QName:{gme://caCORE.caCORE/3.2/gov.nih.nci.cacoresdk.domain.inheritance.twolevelinheritance.sametable}CommunistGovt
excluding code generation for non-included QName:{gme://caCORE.caCORE/3.2/gov.nih.nci.cacoresdk.domain.onetomany.unidirectional.withjoin}Shirt
excluding code generation for non-included QName:{uri:iso.org:21090}EN.TN[0,unbounded]
excluding code generation for non-included QName:{uri:iso.org:21090}TS.Birth[0,unbounded]
excluding code generation for non-included QName:{uri:iso.org:21090}UVP_ED[0,unbounded]
excluding code generation for non-included QName:{uri:iso.org:21090}SC
excluding code generation for non-included QName:{gme://caCORE.caCORE/3.2/gov.nih.nci.cacoresdk.domain.other.levelassociation}>Deck>suitCollection
excluding code generation for non-included QName:{uri:iso.org:21090}LIST_II
excluding code generation for non-included QName:{uri:iso.org:21090}PQ.Time
excluding code generation for non-included QName:{gme://caCORE.caCORE/3.2/gov.nih.nci.cacoresdk.domain.other.datatype}TelPhoneDataType
excluding code generation for non-included QName:{uri:iso.org:21090}IVL_MO
excluding code generation for non-included QName:{uri:iso.org:21090}BAG_TEL
excluding code generation for non-included QName:{uri:iso.org:21090}HIST_ED.Narrative
excluding code generation for non-included QName:{uri:iso.org:21090}ED.Doc.Inline[0,unbounded]
excluding code generation for non-included QName:{http://CQL.caBIG/2/org.cagrid.cql2.results}CQLResult
excluding code generation for non-included QName:{uri:iso.org:21090}set_CodingRationale
excluding code generation for non-included QName:{gme://caCORE.caCORE/3.2/gov.nih.nci.cacoresdk.domain.inheritance.childwithassociation.sametable}SportsShoes
excluding code generation for non-included QName:{uri:iso.org:21090}>>tr>valign
excluding code generation for non-included QName:{uri:iso.org:21090}IVL.Width_RTO
excluding code generation for non-included QName:{uri:iso.org:21090}SLIST_INT
excluding code generation for non-included QName:{uri:iso.org:21090}IVL.Low_TS
excluding code generation for non-included QName:{uri:iso.org:21090}NPPD_INT.NonNeg
excluding code generation for non-included QName:{uri:iso.org:21090}QSD_RTO
excluding code generation for non-included QName:{uri:iso.org:21090}COLL_REAL
excluding code generation for non-included QName:{uri:iso.org:21090}LIST_TEL.Email
excluding code generation for non-included QName:{uri:iso.org:21090}IVL_REAL
excluding code generation for non-included QName:{uri:iso.org:21090}NPPD_TS
excluding code generation for non-included QName:{uri:iso.org:21090}QSD_TS.DateTime
excluding code generation for non-included QName:{uri:iso.org:21090}IVL.Low_TS.Date
excluding code generation for non-included QName:{gme://caCORE.caCORE/3.2/gov.nih.nci.cacoresdk.domain.onetomany.selfassociation}Element
excluding code generation for non-included QName:{http://CQL.caBIG/2/org.cagrid.cql2.results}CQLObjectResult
excluding code generation for non-included QName:{uri:iso.org:21090}BAG_TEL.Email
excluding code generation for non-included QName:{uri:iso.org:21090}UVP_CD.CE
excluding code generation for non-included QName:{gme://caCORE.caCORE/3.2/gov.nih.nci.cacoresdk.domain.other.datatype}EdDataType
excluding code generation for non-included QName:{uri:iso.org:21090}>item
excluding code generation for non-included QName:{uri:iso.org:21090}ED.Doc.Ref[0,unbounded]
excluding code generation for non-included QName:{uri:iso.org:21090}QSP_INT.Positive
excluding code generation for non-included QName:{gme://caGrid.caBIG/1.0/gov.nih.nci.cagrid.metadata.security}GSISecureConversation
excluding code generation for non-included QName:{gme://caCORE.caCORE/3.2/gov.nih.nci.cacoresdk.domain.inheritance.childwithassociation.sametable}Designer
excluding code generation for non-included QName:{uri:iso.org:21090}NPPD_ST
excluding code generation for non-included QName:{uri:iso.org:21090}UVP_CD.CV
excluding code generation for non-included QName:{uri:iso.org:21090}QSP_CO
excluding code generation for non-included QName:{gme://caCORE.caCORE/3.2/gov.nih.nci.cacoresdk.domain.onetomany.unidirectional.withjoin}Button
excluding code generation for non-included QName:{gme://caCORE.caCORE/3.2/gov.nih.nci.cacoresdk.domain.other.datatype}TelEmailDataType
excluding code generation for non-included QName:{gme://caGrid.caBIG/1.0/gov.nih.nci.cagrid.metadata.service}>Service>serviceContextCollection
excluding code generation for non-included QName:{uri:iso.org:21090}EN.PN[0,unbounded]
excluding code generation for non-included QName:{uri:iso.org:21090}UVP_CO[0,unbounded]
excluding code generation for non-included QName:{gme://caCORE.caCORE/3.2/gov.nih.nci.cacoresdk.domain.inheritance.parentwithassociation}AssistantProfessor
excluding code generation for non-included QName:{uri:iso.org:21090}LIST_ED.Narrative
excluding code generation for non-included QName:{uri:iso.org:21090}IVL.High_TS
excluding code generation for non-included QName:{uri:iso.org:21090}QSET_PQ[0,unbounded]
excluding code generation for non-included QName:{uri:iso.org:21090}EntityNamePartType
excluding code generation for non-included QName:{uri:iso.org:21090}PQ
excluding code generation for non-included QName:{uri:iso.org:21090}QSI_PQ
excluding code generation for non-included QName:{uri:iso.org:21090}QSP_TS.Birth
excluding code generation for non-included QName:{uri:iso.org:21090}>>table>rules
excluding code generation for non-included QName:{gme://caCORE.caCORE/3.2/gov.nih.nci.cacoresdk.domain.onetoone.multipleassociation.withjoin}InLaw
excluding code generation for non-included QName:{gme://caCORE.caCORE/3.2/gov.nih.nci.cacoresdk.domain.inheritance.twolevelinheritance.sametable}DemocraticGovt
excluding code generation for non-included QName:{uri:iso.org:21090}>>col>align
excluding code generation for non-included QName:{uri:iso.org:21090}COLL_AD
excluding code generation for non-included QName:{uri:iso.org:21090}ED.Image
excluding code generation for non-included QName:{gme://caCORE.caCORE/3.2/gov.nih.nci.cacoresdk.domain.other.levelassociation}Card
excluding code generation for non-included QName:{gme://caCORE.caCORE/3.2/gov.nih.nci.cacoresdk.domain.inheritance.twolevelinheritance.sametablerootlevel}FinancialCalculator
excluding code generation for non-included QName:{uri:iso.org:21090}QSD_PQ.Time
excluding code generation for non-included QName:{uri:iso.org:21090}HIST_TS.Date.Full
excluding code generation for non-included QName:{uri:iso.org:21090}UVP_ED.Text[0,unbounded]
excluding code generation for non-included QName:{uri:iso.org:21090}QTY
excluding code generation for non-included QName:{http://CQL.caBIG/2/org.cagrid.cql2}DistinctAttribute
excluding code generation for non-included QName:{gme://caCORE.caCORE/3.2/gov.nih.nci.cacoresdk.domain.other.differentpackage.associations}IceCream
excluding code generation for non-included QName:{uri:iso.org:21090}UVP_TS.DateTime.Full
excluding code generation for non-included QName:{uri:iso.org:21090}REAL[0,unbounded]
excluding code generation for non-included QName:{uri:iso.org:21090}LIST_TS
excluding code generation for non-included QName:{gme://caCORE.caCORE/3.2/gov.nih.nci.cacoresdk.domain.onetomany.bidirectional.withjoin}Flight
excluding code generation for non-included QName:{uri:iso.org:21090}SLIST_INT.NonNeg
excluding code generation for non-included QName:{uri:iso.org:21090}SLIST_TS
excluding code generation for non-included QName:{uri:iso.org:21090}HIST_PQ.Time
excluding code generation for non-included QName:{uri:iso.org:21090}LIST_ST.NT
excluding code generation for non-included QName:{uri:iso.org:21090}BAG_CD.CE.None
excluding code generation for non-included QName:{uri:iso.org:21090}LIST_EN.TN
excluding code generation for non-included QName:{uri:iso.org:21090}SLIST_RTO
excluding code generation for non-included QName:{uri:iso.org:21090}BAG_ST.NT
excluding code generation for non-included QName:{gme://caCORE.caCORE/3.2/gov.nih.nci.cacoresdk.domain.other.differentpackage}>Dessert>utensilCollection
excluding code generation for non-included QName:{uri:iso.org:21090}UVP_ED.Doc.Ref
excluding code generation for non-included QName:{uri:iso.org:21090}UVP_ED.Image
excluding code generation for non-included QName:{uri:iso.org:21090}LIST_TEL.Person
excluding code generation for non-included QName:{uri:iso.org:21090}COLL_BL
excluding code generation for non-included QName:{uri:iso.org:21090}BAG_ED.Doc.Ref
excluding code generation for non-included QName:{uri:iso.org:21090}IVL_TS.Date
excluding code generation for non-included QName:{uri:iso.org:21090}UVP_CD.CE.None
excluding code generation for non-included QName:{http://CQL.caBIG/2/org.cagrid.cql2}CQLQueryModifier
excluding code generation for non-included QName:{uri:iso.org:21090}>caption
excluding code generation for non-included QName:{uri:iso.org:21090}QSS_INT
excluding code generation for non-included QName:{gme://caCORE.caCORE/3.2/gov.nih.nci.cacoresdk.domain.inheritance.multiplechild.sametable}GovtOrganization
excluding code generation for non-included QName:{uri:iso.org:21090}TS.Birth[0,0]
excluding code generation for non-included QName:{uri:iso.org:21090}ED.Doc
excluding code generation for non-included QName:{http://org.cagrid.dataservice.cql/QueryLanguageSupport}>QueryLanguageSupport>CQL2Support
excluding code generation for non-included QName:{uri:iso.org:21090}IVL.Low_MO
excluding code generation for non-included QName:{uri:iso.org:21090}NPPD_EN.TN
excluding code generation for non-included QName:{gme://caCORE.caCORE/3.2/gov.nih.nci.cacoresdk.domain.other.datatype}IvlIntDataType
excluding code generation for non-included QName:{uri:iso.org:21090}LIST_SC
excluding code generation for non-included QName:{uri:iso.org:21090}LIST_ED.Image
excluding code generation for non-included QName:{uri:iso.org:21090}INT.Positive[0,0]
excluding code generation for non-included QName:{gme://caCORE.caCORE/3.2/gov.nih.nci.cacoresdk.domain.other.datatype}EnDataType
excluding code generation for non-included QName:{http://gov.nih.nci.cagrid.data/DataServiceExceptions}MalformedQueryExceptionType
excluding code generation for non-included QName:{uri:iso.org:21090}UVP_PQ[0,unbounded]
excluding code generation for non-included QName:{uri:iso.org:21090}IVL.High_INT.Positive
excluding code generation for non-included QName:{uri:iso.org:21090}COLL_TS.DateTime.Full
excluding code generation for non-included QName:{gme://caGrid.caBIG/1.0/gov.nih.nci.cagrid.metadata.service}InputParameter
excluding code generation for non-included QName:{gme://caCORE.caCORE/3.2/gov.nih.nci.cacoresdk.domain.inheritance.onechild.sametable}Currency
excluding code generation for non-included QName:{uri:iso.org:21090}UVP_BL[0,unbounded]
excluding code generation for non-included QName:{gme://caCORE.caCORE/3.2/gov.nih.nci.cacoresdk.domain.other.datatype}TelDataType
excluding code generation for non-included QName:{uri:iso.org:21090}IVL.Low_PQ
excluding code generation for non-included QName:{gme://caCORE.caCORE/3.2/gov.nih.nci.cacoresdk.domain.inheritance.implicit}FreshwaterFishTank
excluding code generation for non-included QName:{uri:iso.org:21090}LIST_EN.PN
excluding code generation for non-included QName:{uri:iso.org:21090}NPPD_ED.Doc
excluding code generation for non-included QName:{uri:iso.org:21090}QSI_TS
excluding code generation for non-included QName:{uri:iso.org:21090}BAG_TS.Date.Full
excluding code generation for non-included QName:{gme://caCORE.caCORE/3.2/gov.nih.nci.cacoresdk.domain.other.primarykey}IntegerKey
excluding code generation for non-included QName:{gme://caGrid.caBIG/1.0/gov.nih.nci.cagrid.metadata}>ServiceMetadata>serviceDescription
excluding code generation for non-included QName:{uri:iso.org:21090}LIST_ST
excluding code generation for non-included QName:{uri:iso.org:21090}LIST_REAL
excluding code generation for non-included QName:{uri:iso.org:21090}HIST_ED.Image
excluding code generation for non-included QName:{uri:iso.org:21090}HIST_TEL
excluding code generation for non-included QName:{gme://caCORE.caCORE/3.2/gov.nih.nci.cacoresdk.domain.onetomany.selfassociation}>Element>childCollection
excluding code generation for non-included QName:{uri:iso.org:21090}TEL.Phone[0,unbounded]
excluding code generation for non-included QName:{uri:iso.org:21090}LIST_RTO
excluding code generation for non-included QName:{uri:iso.org:21090}QSET_TS[0,unbounded]
excluding code generation for non-included QName:{uri:iso.org:21090}LIST_TS.DateTime
excluding code generation for non-included QName:{uri:iso.org:21090}EntityNameUse
excluding code generation for non-included QName:{gme://caCORE.caCORE/3.2/gov.nih.nci.cacoresdk.domain.other.validationtype}AllValidationType
excluding code generation for non-included QName:{http://CQL.caBIG/2/org.cagrid.cql2.results}CQLAggregateResult
excluding code generation for non-included QName:{uri:iso.org:21090}COLL_EN
excluding code generation for non-included QName:{uri:iso.org:21090}HIST_CD.CE
excluding code generation for non-included QName:{uri:iso.org:21090}COLL_ED
excluding code generation for non-included QName:{uri:iso.org:21090}LIST_EN.ON
excluding code generation for non-included QName:{uri:iso.org:21090}QSP_RTO
excluding code generation for non-included QName:{uri:iso.org:21090}TelecommunicationAddressUse
excluding code generation for non-included QName:{gme://caCORE.caCORE/3.2/gov.nih.nci.cacoresdk.domain.inheritance.implicit}Tank
excluding code generation for non-included QName:{gme://caCORE.caCORE/3.2/gov.nih.nci.cacoresdk.domain.other.datatype}IvlTsDataType
excluding code generation for non-included QName:{http://org.cagrid.dataservice.cql/QueryLanguageSupport}QueryLanguageSupport
excluding code generation for non-included QName:{uri:iso.org:21090}HIST_ED.Doc
excluding code generation for non-included QName:{uri:iso.org:21090}LIST_INT.NonNeg
excluding code generation for non-included QName:{uri:iso.org:21090}UVP_REAL[0,unbounded]
excluding code generation for non-included QName:{uri:iso.org:21090}LIST_PQ
excluding code generation for non-included QName:{gme://caGrid.caBIG/1.0/gov.nih.nci.cagrid.metadata.common}>ValueDomain>enumerationCollection
excluding code generation for non-included QName:{uri:iso.org:21090}PostalAddressUse
excluding code generation for non-included QName:{gme://caCORE.caCORE/3.2/gov.nih.nci.cacoresdk.domain.inheritance.parentwithassociation.sametable}Luggage
excluding code generation for non-included QName:{gme://caGrid.caBIG/1.0/gov.nih.nci.cagrid.metadata.common}ResearchCenterDescription
excluding code generation for non-included QName:{uri:iso.org:21090}ANY
excluding code generation for non-included QName:{uri:iso.org:21090}ADXP
excluding code generation for non-included QName:{gme://caCORE.caCORE/3.2/gov.nih.nci.cacoresdk.domain.other.datatype}BlDataType
excluding code generation for non-included QName:{gme://caCORE.caCORE/3.2/gov.nih.nci.cacoresdk.domain.other.datatype}TsDataType
excluding code generation for non-included QName:{uri:iso.org:21090}PIVL_TS.DateTime.Full
excluding code generation for non-included QName:{uri:iso.org:21090}QSET_CO
excluding code generation for non-included QName:{uri:iso.org:21090}IVL.High_INT.NonNeg
excluding code generation for non-included QName:{uri:iso.org:21090}TEL.Email
excluding code generation for non-included QName:{uri:iso.org:21090}QSS_INT.Positive
excluding code generation for non-included QName:{uri:iso.org:21090}NPPD_EN.PN
excluding code generation for non-included QName:{gme://caCORE.caCORE/3.2/gov.nih.nci.cacoresdk.domain.inheritance.parentwithassociation.sametable}Wheel
excluding code generation for non-included QName:{uri:iso.org:21090}BAG_TS.DateTime.Full
excluding code generation for non-included QName:{uri:iso.org:21090}ED.Doc.Inline
excluding code generation for non-included QName:{uri:iso.org:21090}COLL_CO
excluding code generation for non-included QName:{http://CQL.caBIG/2/org.cagrid.cql2}CQLGroup
excluding code generation for non-included QName:{gme://caGrid.caBIG/1.0/gov.nih.nci.cagrid.metadata.security}CommunicationMechanism
excluding code generation for non-included QName:{uri:iso.org:21090}TEL[0,unbounded]
excluding code generation for non-included QName:{uri:iso.org:21090}COLL_CD
excluding code generation for non-included QName:{uri:iso.org:21090}EntityNamePartQualifier
excluding code generation for non-included QName:{uri:iso.org:21090}LIST_ED.Doc
excluding code generation for non-included QName:{gme://caCORE.caCORE/3.2/gov.nih.nci.cacoresdk.domain.inheritance.childwithassociation}Bank
excluding code generation for non-included QName:{uri:iso.org:21090}QSET_TS.DateTime.Full
excluding code generation for non-included QName:{uri:iso.org:21090}DSET_TEL
excluding code generation for non-included QName:{uri:iso.org:21090}ED[0,0]
excluding code generation for non-included QName:{uri:iso.org:21090}IVL.Low_TS.Birth
excluding code generation for non-included QName:{gme://caCORE.caCORE/3.2/gov.nih.nci.cacoresdk.domain.inheritance.twolevelinheritance.sametable}Goverment
excluding code generation for non-included QName:{gme://caCORE.caCORE/3.2/gov.nih.nci.cacoresdk.domain.other.datatype}IntDataType
excluding code generation for non-included QName:{uri:iso.org:21090}QSET_INT[0,unbounded]
excluding code generation for non-included QName:{uri:iso.org:21090}DSET_ED.Doc.Inline
excluding code generation for non-included QName:{uri:iso.org:21090}UVP_EN.PN[0,unbounded]
excluding code generation for non-included QName:{uri:iso.org:21090}IVL.High_TS.Birth
excluding code generation for non-included QName:{http://CQL.caBIG/2/org.cagrid.cql2}CQLAttribute[,unbounded]
excluding code generation for non-included QName:{uri:iso.org:21090}IVL_TS.Birth
excluding code generation for non-included QName:{uri:iso.org:21090}HIST_CD.CV
excluding code generation for non-included QName:{uri:iso.org:21090}>br
excluding code generation for non-included QName:{uri:iso.org:21090}LIST_TS.Birth
excluding code generation for non-included QName:{http://CQL.caBIG/2/org.cagrid.cql2}CQLObject
excluding code generation for non-included QName:{uri:iso.org:21090}UVP_BL.NonNull[0,unbounded]
excluding code generation for non-included QName:{uri:iso.org:21090}SLIST_TS.DateTime.Full
excluding code generation for non-included QName:{uri:iso.org:21090}>>td>align
excluding code generation for non-included QName:{uri:iso.org:21090}UVP_TEL.Email[0,unbounded]
excluding code generation for non-included QName:{uri:iso.org:21090}COLL_CS
excluding code generation for non-included QName:{uri:iso.org:21090}NPPD_ED.Text
excluding code generation for non-included QName:{uri:iso.org:21090}UVP_ED.Signature
excluding code generation for non-included QName:{gme://caCORE.caCORE/3.2/gov.nih.nci.cacoresdk.domain.inheritance.parentwithassociation.sametable}HardTop
excluding code generation for non-included QName:{uri:iso.org:21090}>footnoteRef
excluding code generation for non-included QName:{uri:iso.org:21090}QSET_TS.Date.Full
excluding code generation for non-included QName:{uri:iso.org:21090}>>tfoot>align
excluding code generation for non-included QName:{uri:iso.org:21090}NPPD_TS.Date
excluding code generation for non-included QName:{uri:iso.org:21090}MO[0,unbounded]
excluding code generation for non-included QName:{uri:iso.org:21090}QSET_TS.DateTime[0,unbounded]
excluding code generation for non-included QName:{uri:iso.org:21090}DSET_TS.DateTime.Full
excluding code generation for non-included QName:{uri:iso.org:21090}SLIST_REAL
excluding code generation for non-included QName:{uri:iso.org:21090}BAG_AD
excluding code generation for non-included QName:{uri:iso.org:21090}SLIST_MO
excluding code generation for non-included QName:{http://CQL.caBIG/2/org.cagrid.cql2}CQLExtension
excluding code generation for non-included QName:{uri:iso.org:21090}ED.Doc[0,unbounded]
excluding code generation for non-included QName:{gme://caCORE.caCORE/3.2/gov.nih.nci.cacoresdk.domain.inheritance.implicit}SaltwaterFishTank
excluding code generation for non-included QName:{uri:iso.org:21090}TS[0,0]
excluding code generation for non-included QName:{uri:iso.org:21090}INT
excluding code generation for non-included QName:{uri:iso.org:21090}EIVL_TS
excluding code generation for non-included QName:{uri:iso.org:21090}DSET_CD
excluding code generation for non-included QName:{uri:iso.org:21090}COLL_ED.Text
excluding code generation for non-included QName:{uri:iso.org:21090}LIST_TEL
excluding code generation for non-included QName:{uri:iso.org:21090}IdentifierScope
excluding code generation for non-included QName:{uri:iso.org:21090}QSU_PQ.Time
excluding code generation for non-included QName:{uri:iso.org:21090}TS.Birth
excluding code generation for non-included QName:{uri:iso.org:21090}QSI_PQ.Time
excluding code generation for non-included QName:{uri:iso.org:21090}PIVL_TS.DateTime
excluding code generation for non-included QName:{gme://caCORE.caCORE/3.2/gov.nih.nci.cacoresdk.domain.other.datatype}DsetTelDataType
excluding code generation for non-included QName:{uri:iso.org:21090}DSET_CO
excluding code generation for non-included QName:{uri:iso.org:21090}DSET_CS
excluding code generation for non-included QName:{uri:iso.org:21090}>>table>frame
excluding code generation for non-included QName:{uri:iso.org:21090}NPPD_TS.Birth
excluding code generation for non-included QName:{uri:iso.org:21090}>footnote
excluding code generation for non-included QName:{uri:iso.org:21090}INT.NonNeg[0,unbounded]
excluding code generation for non-included QName:{uri:iso.org:21090}IVL.High_TS.Date
excluding code generation for non-included QName:{uri:iso.org:21090}UVP_BL.NonNull
excluding code generation for non-included QName:{uri:iso.org:21090}CD[0,unbounded]
excluding code generation for non-included QName:{uri:iso.org:21090}QSET_PQ
excluding code generation for non-included QName:{uri:iso.org:21090}QSET_TS.Date.Full[0,unbounded]
excluding code generation for non-included QName:{uri:iso.org:21090}NullFlavor
excluding code generation for non-included QName:{uri:iso.org:21090}SC.NT
excluding code generation for non-included QName:{uri:iso.org:21090}UVP_II[0,unbounded]
excluding code generation for non-included QName:{uri:iso.org:21090}COLL_TS.DateTime
excluding code generation for non-included QName:{uri:iso.org:21090}EN[0,unbounded]
excluding code generation for non-included QName:{uri:iso.org:21090}>>th>scope
excluding code generation for non-included QName:{gme://caCORE.caCORE/3.2/gov.nih.nci.cacoresdk.domain.manytomany.bidirectional}Employee
excluding code generation for non-included QName:{uri:iso.org:21090}BAG_EN.TN
excluding code generation for non-included QName:{uri:iso.org:21090}TS.Date[0,0]
excluding code generation for non-included QName:{uri:iso.org:21090}SLIST_TS.Date
excluding code generation for non-included QName:{uri:iso.org:21090}DSET_ED.Doc
excluding code generation for non-included QName:{gme://caCORE.caCORE/3.2/gov.nih.nci.cacoresdk.domain.other.datatype}RealDataType
excluding code generation for non-included QName:{uri:iso.org:21090}DSET_BL
excluding code generation for non-included QName:{uri:iso.org:21090}ED
excluding code generation for non-included QName:{uri:iso.org:21090}QSET_INT.Positive
excluding code generation for non-included QName:{uri:iso.org:21090}QSET_TS.DateTime.Full[0,unbounded]
excluding code generation for non-included QName:{uri:iso.org:21090}QSP_INT
excluding code generation for non-included QName:{uri:iso.org:21090}DSET_AD
excluding code generation for non-included QName:{uri:iso.org:21090}COLL_TEL.Person
excluding code generation for non-included QName:{uri:iso.org:21090}>>list>listType
excluding code generation for non-included QName:{uri:iso.org:21090}UVP_ST[0,unbounded]
excluding code generation for non-included QName:{uri:iso.org:21090}UVP_ED.Narrative[0,unbounded]
excluding code generation for non-included QName:{uri:iso.org:21090}IVL.Low_TS.DateTime
excluding code generation for non-included QName:{uri:iso.org:21090}CDGroup
excluding code generation for non-included QName:{uri:iso.org:21090}HIST_REAL
excluding code generation for non-included QName:{uri:iso.org:21090}COLL_PQ.Time
excluding code generation for non-included QName:{uri:iso.org:21090}EN
excluding code generation for non-included QName:{uri:iso.org:21090}LIST_TS.DateTime.Full
excluding code generation for non-included QName:{uri:iso.org:21090}COLL_RTO
excluding code generation for non-included QName:{uri:iso.org:21090}EIVL_TS.Date
excluding code generation for non-included QName:{uri:iso.org:21090}QSU_INT
excluding code generation for non-included QName:{http://CQL.caBIG/2/org.cagrid.cql2.results}CQLAttributeResult[0,unbounded]
excluding code generation for non-included QName:{uri:iso.org:21090}UVP_INT[0,unbounded]
excluding code generation for non-included QName:{gme://caGrid.caBIG/1.0/gov.nih.nci.cagrid.metadata.common}Enumeration
excluding code generation for non-included QName:{uri:iso.org:21090}LIST_BL.NonNull
excluding code generation for non-included QName:{uri:iso.org:21090}>>tbody>valign
excluding code generation for non-included QName:{uri:iso.org:21090}HXIT
excluding code generation for non-included QName:{uri:iso.org:21090}TEL.Url
excluding code generation for non-included QName:{gme://caGrid.caBIG/1.0/gov.nih.nci.cagrid.metadata.service}Service
excluding code generation for non-included QName:{gme://caGrid.caBIG/1.0/gov.nih.nci.cagrid.metadata.common}UMLClass
excluding code generation for non-included QName:{gme://caGrid.caBIG/1.0/gov.nih.nci.cagrid.metadata.common}>UMLClass>umlAttributeCollection
excluding code generation for non-included QName:{uri:iso.org:21090}set_TelecommunicationAddressUse
excluding code generation for non-included QName:{gme://caCORE.caCORE/3.2/gov.nih.nci.cacoresdk.domain.other.levelassociation}Suit
excluding code generation for non-included QName:{uri:iso.org:21090}HIST_TS.DateTime
excluding code generation for non-included QName:{uri:iso.org:21090}UVP_TS.Birth[0,unbounded]
excluding code generation for non-included QName:{uri:iso.org:21090}set_PostalAddressUse
excluding code generation for non-included QName:{uri:iso.org:21090}QSD_INT.Positive
excluding code generation for non-included QName:{uri:iso.org:21090}QSU_RTO
excluding code generation for non-included QName:{http://CQL.caBIG/2/org.cagrid.cql2}CQLAssociatedObject
excluding code generation for non-included QName:{uri:iso.org:21090}HIST_INT.NonNeg
excluding code generation for non-included QName:{uri:iso.org:21090}>>th>valign
excluding code generation for non-included QName:{uri:iso.org:21090}BL
excluding code generation for non-included QName:{uri:iso.org:21090}QSS_TS.Birth
excluding code generation for non-included QName:{uri:iso.org:21090}SLIST_PQ
excluding code generation for non-included QName:{http://CQL.caBIG/2/org.cagrid.cql2}AssociationPopulationSpecification
excluding code generation for non-included QName:{gme://caGrid.caBIG/1.0/gov.nih.nci.cagrid.metadata.common}ResearchCenter
excluding code generation for non-included QName:{uri:iso.org:21090}GLIST_TS.Date.Full
excluding code generation for non-included QName:{uri:iso.org:21090}LIST_TEL.Phone
excluding code generation for non-included QName:{gme://caCORE.caCORE/3.2/gov.nih.nci.cacoresdk.domain.inheritance.implicit}TankAccessory
excluding code generation for non-included QName:{uri:iso.org:21090}UVP_EN.TN[0,unbounded]
excluding code generation for non-included QName:{uri:iso.org:21090}BAG_EN.ON
excluding code generation for non-included QName:{uri:iso.org:21090}NPPD_TEL.Person
excluding code generation for non-included QName:{uri:iso.org:21090}CS
excluding code generation for non-included QName:{uri:iso.org:21090}LIST_SC.NT
excluding code generation for non-included QName:{uri:iso.org:21090}CR
excluding code generation for non-included QName:{uri:iso.org:21090}CO
excluding code generation for non-included QName:{uri:iso.org:21090}TS.DateTime.Full[0,0]
excluding code generation for non-included QName:{uri:iso.org:21090}HIST_BL.NonNull
excluding code generation for non-included QName:{http://CQL.caBIG/2/org.cagrid.cql2.results}CQLQueryResults
excluding code generation for non-included QName:{uri:iso.org:21090}ED[0,unbounded]
excluding code generation for non-included QName:{uri:iso.org:21090}UVP_CS[0,unbounded]
excluding code generation for non-included QName:{uri:iso.org:21090}CD
excluding code generation for non-included QName:{uri:iso.org:21090}QSI_INT
excluding code generation for non-included QName:{gme://caCORE.caCORE/3.2/gov.nih.nci.cacoresdk.domain.onetomany.bidirectional.withjoin}>Flight>passangerCollection
excluding code generation for non-included QName:{uri:iso.org:21090}UVP_ED.Doc.Ref[0,unbounded]
excluding code generation for non-included QName:{gme://caCORE.caCORE/3.2/gov.nih.nci.cacoresdk.domain.inheritance.twolevelinheritance.sametable}ParliamantaryGovt
excluding code generation for non-included QName:{gme://caCORE.caCORE/3.2/gov.nih.nci.cacoresdk.domain.onetoone.unidirectional}Address
excluding code generation for non-included QName:{uri:iso.org:21090}LIST_CD.CE
excluding code generation for non-included QName:{uri:iso.org:21090}ED.Image[0,unbounded]
excluding code generation for non-included QName:{uri:iso.org:21090}BAG_EN.PN
excluding code generation for non-included QName:{uri:iso.org:21090}QSET_MO
excluding code generation for non-included QName:{uri:iso.org:21090}QSP_TS.DateTime
excluding code generation for non-included QName:{uri:iso.org:21090}NPPD_TS.DateTime
excluding code generation for non-included QName:{uri:iso.org:21090}TS.DateTime[0,unbounded]
excluding code generation for non-included QName:{uri:iso.org:21090}HIST_SC.NT
excluding code generation for non-included QName:{uri:iso.org:21090}LIST_CD.CV
excluding code generation for non-included QName:{uri:iso.org:21090}XReference
excluding code generation for non-included QName:{gme://caCORE.caCORE/3.2/gov.nih.nci.cacoresdk.domain.other.datatype}EnOnDataType
excluding code generation for non-included QName:{http://CQL.caBIG/2/org.cagrid.cql2}AttributeValue
excluding code generation for non-included QName:{uri:iso.org:21090}QSS_TS.DateTime.Full
excluding code generation for non-included QName:{uri:iso.org:21090}QSI_TS.DateTime.Full
excluding code generation for non-included QName:{uri:iso.org:21090}ED.Narrative[0,unbounded]
excluding code generation for non-included QName:{uri:iso.org:21090}HIST_TEL.Url
excluding code generation for non-included QName:{uri:iso.org:21090}CR[0,unbounded]
excluding code generation for non-included QName:{uri:iso.org:21090}RTO[0,unbounded]
excluding code generation for non-included QName:{uri:iso.org:21090}QSET_REAL
excluding code generation for non-included QName:{gme://caCORE.caCORE/3.2/gov.nih.nci.cacoresdk.domain.other.datatype}StDataType
excluding code generation for non-included QName:{uri:iso.org:21090}QSI_INT.Positive
excluding code generation for non-included QName:{uri:iso.org:21090}IVL.High_CO
excluding code generation for non-included QName:{gme://caCORE.caCORE/3.2/gov.nih.nci.cacoresdk.domain.onetomany.unidirectional}KeyChain
excluding code generation for non-included QName:{uri:iso.org:21090}EN.ON[0,unbounded]
excluding code generation for non-included QName:{gme://caCORE.caCORE/3.2/gov.nih.nci.cacoresdk.domain.inheritance.childwithassociation.sametable}Shoes
excluding code generation for non-included QName:{uri:iso.org:21090}DSET_TEL.Phone
excluding code generation for non-included QName:{gme://caGrid.caBIG/1.0/gov.nih.nci.cagrid.metadata.service}CaDSRRegistration
excluding code generation for non-included QName:{uri:iso.org:21090}NPPD_ST.NT
excluding code generation for non-included QName:{uri:iso.org:21090}INT.Positive[0,unbounded]
excluding code generation for non-included QName:{uri:iso.org:21090}COLL_TEL.Email
excluding code generation for non-included QName:{uri:iso.org:21090}AD
excluding code generation for non-included QName:{uri:iso.org:21090}IVL.Low_CO
excluding code generation for non-included QName:{uri:iso.org:21090}QSI_TS.Date
excluding code generation for non-included QName:{gme://caGrid.caBIG/1.0/gov.nih.nci.cagrid.metadata.security}CommunicationStyle
excluding code generation for non-included QName:{gme://caGrid.caBIG/1.0/gov.nih.nci.cagrid.metadata.service}Output
excluding code generation for non-included QName:{uri:iso.org:21090}NPPD_ED.Doc.Ref
excluding code generation for non-included QName:{uri:iso.org:21090}QSS_INT.NonNeg
excluding code generation for non-included QName:{uri:iso.org:21090}PQR[0,unbounded]
excluding code generation for non-included QName:{uri:iso.org:21090}BAG_ED.Narrative
excluding code generation for non-included QName:{uri:iso.org:21090}DSET_TS.DateTime
excluding code generation for non-included QName:{uri:iso.org:21090}HIST_ED.Doc.Ref
excluding code generation for non-included QName:{gme://caCORE.caCORE/3.2/gov.nih.nci.cacoresdk.domain.manytomany.bidirectional}>Project>employeeCollection
excluding code generation for non-included QName:{gme://caGrid.caBIG/1.0/gov.nih.nci.cagrid.metadata.service}>ServiceContext>operationCollection
excluding code generation for non-included QName:{gme://caCORE.caCORE/3.2/gov.nih.nci.cacoresdk.domain.interfaze}Dog
excluding code generation for non-included QName:{uri:iso.org:21090}TS.Date.Full[0,0]
excluding code generation for non-included QName:{uri:iso.org:21090}GLIST_TS.DateTime.Full
excluding code generation for non-included QName:{uri:iso.org:21090}QSD_INT.NonNeg
excluding code generation for non-included QName:{gme://caGrid.caBIG/1.0/gov.nih.nci.cagrid.metadata.security}Operation
excluding code generation for non-included QName:{uri:iso.org:21090}TEL.Person[0,unbounded]
excluding code generation for non-included QName:{gme://caCORE.caCORE/3.2/gov.nih.nci.cacoresdk.domain.other.datatype}TelUrlDataType
excluding code generation for non-included QName:{uri:iso.org:21090}HIST_RTO
excluding code generation for non-included QName:{uri:iso.org:21090}QSP_REAL
excluding code generation for non-included QName:{uri:iso.org:21090}COLL_TS.Date.Full
excluding code generation for non-included QName:{uri:iso.org:21090}TEL.Url[0,unbounded]
excluding code generation for non-included QName:{uri:iso.org:21090}>tfoot
excluding code generation for non-included QName:{uri:iso.org:21090}IVL_TS.Date.Full
excluding code generation for non-included QName:{gme://caCORE.caCORE/3.2/gov.nih.nci.cacoresdk.domain.inheritance.implicit}Fish
excluding code generation for non-included QName:{gme://caCORE.caCORE/3.2/gov.nih.nci.cacoresdk.domain.manytomany.unidirectional}Author
excluding code generation for non-included QName:{gme://caCORE.caCORE/3.2/gov.nih.nci.cacoresdk.domain.inheritance.childwithassociation}Payment
excluding code generation for non-included QName:{uri:iso.org:21090}DSET_INT
excluding code generation for non-included QName:{uri:iso.org:21090}QSET_PQ.Time
excluding code generation for non-included QName:{uri:iso.org:21090}UVP_TEL.Url
excluding code generation for non-included QName:{uri:iso.org:21090}CodingRationale
excluding code generation for non-included QName:{gme://caCORE.caCORE/3.2/gov.nih.nci.cacoresdk.domain.onetoone.bidirectional.withjoin}Pendant
excluding code generation for non-included QName:{gme://caGrid.caBIG/1.0/gov.nih.nci.cagrid.metadata.common}PointOfContact
excluding code generation for non-included QName:{uri:iso.org:21090}HIST_PQ
excluding code generation for non-included QName:{http://CQL.caBIG/2/org.cagrid.cql2}CQLQuery
excluding code generation for non-included QName:{gme://caCORE.caCORE/3.2/gov.nih.nci.cacoresdk.domain.manytoone.unidirectional.withjoin}Song
excluding code generation for non-included QName:{gme://caCORE.caCORE/3.2/gov.nih.nci.cacoresdk.domain.inheritance.implicit}AngelFish
excluding code generation for non-included QName:{uri:iso.org:21090}QSI_TS.Birth
excluding code generation for non-included QName:{gme://caCORE.caCORE/3.2/gov.nih.nci.cacoresdk.domain.other.levelassociation}>Hand>cardCollection
excluding code generation for non-included QName:{gme://caCORE.caCORE/3.2/gov.nih.nci.cacoresdk.domain.other.datatype}DsetIiDataType
excluding code generation for non-included QName:{uri:iso.org:21090}QSI_CO
excluding code generation for non-included QName:{uri:iso.org:21090}QSET_RTO[0,unbounded]
excluding code generation for non-included QName:{gme://caCORE.caCORE/3.2/gov.nih.nci.cacoresdk.domain.inheritance.multiplechild}Student
excluding code generation for non-included QName:{uri:iso.org:21090}AD[0,unbounded]
excluding code generation for non-included QName:{uri:iso.org:21090}MO
excluding code generation for non-included QName:{uri:iso.org:21090}>col
excluding code generation for non-included QName:{gme://caCORE.caCORE/3.2/gov.nih.nci.cacoresdk.domain.onetoone.unidirectional.withjoin}Handle
excluding code generation for non-included QName:{uri:iso.org:21090}DSET_ED.Text
excluding code generation for non-included QName:{uri:iso.org:21090}QSU_TS.Date
excluding code generation for non-included QName:{uri:iso.org:21090}TS.DateTime.Full[0,unbounded]
excluding code generation for non-included QName:{http://CQL.caBIG/2/org.cagrid.cql2}CQLTargetObject
excluding code generation for non-included QName:{uri:iso.org:21090}DSET_II
excluding code generation for non-included QName:{uri:iso.org:21090}QSD_TS.Date.Full
excluding code generation for non-included QName:{uri:iso.org:21090}UVP_EN[0,unbounded]
excluding code generation for non-included QName:{gme://caCORE.caCORE/3.2/gov.nih.nci.cacoresdk.domain.other.differentpackage.associations}Pie
excluding code generation for non-included QName:{uri:iso.org:21090}UVP_TS[0,unbounded]
excluding code generation for non-included QName:{gme://caGrid.caBIG/1.0/gov.nih.nci.cagrid.metadata.common}ValueDomain
excluding code generation for non-included QName:{uri:iso.org:21090}HIST_ST.NT
excluding code generation for non-included QName:{uri:iso.org:21090}LIST_TEL.Url
excluding code generation for non-included QName:{uri:iso.org:21090}PQR[0,0]
excluding code generation for non-included QName:{uri:iso.org:21090}SLIST_PQ.Time
excluding code generation for non-included QName:{uri:iso.org:21090}IVL_PQ.Time
excluding code generation for non-included QName:{uri:iso.org:21090}QSI_INT.NonNeg
excluding code generation for non-included QName:{uri:iso.org:21090}QSP_TS.DateTime.Full
excluding code generation for non-included QName:{uri:iso.org:21090}IVL.High_INT
excluding code generation for non-included QName:{uri:iso.org:21090}BAG_INT
excluding code generation for non-included QName:{uri:iso.org:21090}IntegrityCheckAlgorithm
excluding code generation for non-included QName:{uri:iso.org:21090}QSET_TS
excluding code generation for non-included QName:{gme://caCORE.caCORE/3.2/gov.nih.nci.cacoresdk.domain.onetomany.bidirectional}Computer
excluding code generation for non-included QName:{gme://caCORE.caCORE/3.2/gov.nih.nci.cacoresdk.domain.other.differentpackage.associations}Utensil
excluding code generation for non-included QName:{uri:iso.org:21090}Compression
excluding code generation for non-included QName:{http://CQL.caBIG/2/org.cagrid.cql2.results}CQLObjectResult[0,unbounded]
excluding code generation for non-included QName:{uri:iso.org:21090}INT[0,unbounded]
excluding code generation for non-included QName:{uri:iso.org:21090}CD.CE[0,unbounded]
excluding code generation for non-included QName:{gme://caGrid.caBIG/1.0/gov.nih.nci.cagrid.metadata.service}ContextProperty
excluding code generation for non-included QName:{http://CQL.caBIG/2/org.cagrid.cql2}CQLAssociatedObject[,unbounded]
excluding code generation for non-included QName:{uri:iso.org:21090}PQ.Time[0,0]
excluding code generation for non-included QName:{gme://caCORE.caCORE/3.2/gov.nih.nci.cacoresdk.domain.other.primarykey}DoublePrimitiveKey
excluding code generation for non-included QName:{uri:iso.org:21090}UVP_ED.Doc.Inline
excluding code generation for non-included QName:{uri:iso.org:21090}GLIST_INT.Positive
excluding code generation for non-included QName:{gme://caCORE.caCORE/3.2/gov.nih.nci.cacoresdk.domain.inheritance.implicit}>SaltwaterFishTank>substrateCollection
excluding code generation for non-included QName:{uri:iso.org:21090}HIST_INT
excluding code generation for non-included QName:{uri:iso.org:21090}IVL.Low_INT.NonNeg
excluding code generation for non-included QName:{uri:iso.org:21090}>>tbody>align
excluding code generation for non-included QName:{uri:iso.org:21090}CD.CV
excluding code generation for non-included QName:{gme://caCORE.caCORE/3.2/gov.nih.nci.cacoresdk.domain.inheritance.onechild}Mammal
excluding code generation for non-included QName:{uri:iso.org:21090}ED.Doc.Ref
excluding code generation for non-included QName:{uri:iso.org:21090}QSS_REAL
excluding code generation for non-included QName:{gme://caCORE.caCORE/3.2/gov.nih.nci.cacoresdk.domain.other.primarykey}LongPrimitiveKey
excluding code generation for non-included QName:{uri:iso.org:21090}TS.Date.Full
excluding code generation for non-included QName:{uri:iso.org:21090}ED.Signature
excluding code generation for non-included QName:{gme://caCORE.caCORE/3.2/gov.nih.nci.cacoresdk.domain.inheritance.parentwithassociation}TenuredProfessor
excluding code generation for non-included QName:{uri:iso.org:21090}CS[0,unbounded]
excluding code generation for non-included QName:{uri:iso.org:21090}HIST_TS
excluding code generation for non-included QName:{uri:iso.org:21090}UVP_TS.Date[0,unbounded]
excluding code generation for non-included QName:{uri:iso.org:21090}NPPD_TEL.Email
excluding code generation for non-included QName:{gme://caCORE.caCORE/3.2/gov.nih.nci.cacoresdk.domain.other.datatype}ScDataType
excluding code generation for non-included QName:{uri:iso.org:21090}SC[0,unbounded]
excluding code generation for non-included QName:{http://CQL.caBIG/2/org.cagrid.cql2.results}TargetAttribute
excluding code generation for non-included QName:{gme://caGrid.caBIG/1.0/gov.nih.nci.cagrid.metadata.security}protectionLevelType
excluding code generation for non-included QName:{uri:iso.org:21090}HIST_TEL.Person
excluding code generation for non-included QName:{uri:iso.org:21090}>tr
excluding code generation for non-included QName:{uri:iso.org:21090}INT.Positive
excluding code generation for non-included QName:{uri:iso.org:21090}>th
excluding code generation for non-included QName:{uri:iso.org:21090}II
excluding code generation for non-included QName:{uri:iso.org:21090}CD.CE
excluding code generation for non-included QName:{uri:iso.org:21090}QSP_TS.Date
excluding code generation for non-included QName:{uri:iso.org:21090}HIST_SC
excluding code generation for non-included QName:{uri:iso.org:21090}LIST_ED.Doc.Ref
excluding code generation for non-included QName:{uri:iso.org:21090}DSET_ST.NT
excluding code generation for non-included QName:{uri:iso.org:21090}TS.DateTime[0,0]
excluding code generation for non-included QName:{uri:iso.org:21090}HIST_TEL.Phone
excluding code generation for non-included QName:{uri:iso.org:21090}>td
excluding code generation for non-included QName:{gme://caCORE.caCORE/3.2/gov.nih.nci.cacoresdk.domain.other.datatype}TelPersonDataType
excluding code generation for non-included QName:{uri:iso.org:21090}DSET_EN
excluding code generation for non-included QName:{gme://caGrid.caBIG/1.0/gov.nih.nci.cagrid.metadata.service}Fault
excluding code generation for non-included QName:{uri:iso.org:21090}HIST_ST
excluding code generation for non-included QName:{uri:iso.org:21090}DSET_PQ.Time
excluding code generation for non-included QName:{http://CQL.caBIG/2/org.cagrid.cql2}GroupLogicalOperator
excluding code generation for non-included QName:{uri:iso.org:21090}DSET_ED
excluding code generation for non-included QName:{uri:iso.org:21090}QSD_TS.Birth
excluding code generation for non-included QName:{gme://caCORE.caCORE/3.2/gov.nih.nci.cacoresdk.domain.other.levelassociation}Deck
excluding code generation for non-included QName:{gme://caCORE.caCORE/3.2/gov.nih.nci.cacoresdk.domain.onetomany.unidirectional}>KeyChain>keyCollection
excluding code generation for non-included QName:{uri:iso.org:21090}>colgroup
LOOKING AT METHOD: GetMultipleResourceProperties
LOOKING AT METHOD: GetResourceProperty
LOOKING AT METHOD: QueryResourceProperties
LOOKING AT METHOD: getServiceSecurityMetadata
LOOKING AT METHOD: query
LOOKING AT METHOD: executeQuery
Synchronizing the base files
Synchronizing the services
Synchronizing the type mappings
Synchronizing the service properties
Synchronizing with post processing extensions
Service is a data service.
Modifying eclipse .classpath file
Adding libraries to classpath file:
Model information / domain model found in service model.
Generating class to qname mapping from the information
stored in the service model
Modifying eclipse .classpath file
Adding libraries to classpath file:
Model information / domain model found in service model.
Generating class to qname mapping from the information
stored in the service model
Adding CQL 2 types mapping to wsdd /Users/ervin/Projects/caGrid/caGrid-1_5_release/Software/core/integration-tests/projects/sdk44StyleTests/temp/DataServiceWithSdk44/server-config.wsdd
Old types mapping found in wsdd; removing
Reading CQL 2 types mapping from packaged wsdd
Adding types mapping text:

<!-- START CQL 2 TYPE MAPPINGS -->
  <ns3:typeMapping xmlns:ns3="http://xml.apache.org/axis/wsdd/" xmlns:ns1="http://xml.apache.org/axis/wsdd/providers/java" xmlns:ns2="http://CQL.caBIG/2/org.cagrid.cql2" encodingStyle="" serializer="org.cagrid.cql.utilities.encoding.Cql2SerializerFactory" deserializer="org.cagrid.cql.utilities.encoding.Cql2DeserializerFactory" type="ns1:org.cagrid.cql2.Aggregation" qname="ns2:Aggregation" />
  <ns3:typeMapping xmlns:ns3="http://xml.apache.org/axis/wsdd/" xmlns:ns1="http://xml.apache.org/axis/wsdd/providers/java" xmlns:ns2="http://CQL.caBIG/2/org.cagrid.cql2" encodingStyle="" serializer="org.cagrid.cql.utilities.encoding.Cql2SerializerFactory" deserializer="org.cagrid.cql.utilities.encoding.Cql2DeserializerFactory" type="ns1:org.cagrid.cql2.AssociationPopulationSpecification" qname="ns2:AssociationPopulationSpecification" />
  <ns3:typeMapping xmlns:ns3="http://xml.apache.org/axis/wsdd/" xmlns:ns1="http://xml.apache.org/axis/wsdd/providers/java" xmlns:ns2="http://CQL.caBIG/2/org.cagrid.cql2" encodingStyle="" serializer="org.cagrid.cql.utilities.encoding.Cql2SerializerFactory" deserializer="org.cagrid.cql.utilities.encoding.Cql2DeserializerFactory" type="ns1:org.cagrid.cql2.AttributeValue" qname="ns2:AttributeValue" />
  <ns3:typeMapping xmlns:ns3="http://xml.apache.org/axis/wsdd/" xmlns:ns1="http://xml.apache.org/axis/wsdd/providers/java" xmlns:ns2="http://CQL.caBIG/2/org.cagrid.cql2" encodingStyle="" serializer="org.cagrid.cql.utilities.encoding.Cql2SerializerFactory" deserializer="org.cagrid.cql.utilities.encoding.Cql2DeserializerFactory" type="ns1:org.cagrid.cql2.BinaryPredicate" qname="ns2:BinaryPredicate" />
  <ns3:typeMapping xmlns:ns3="http://xml.apache.org/axis/wsdd/" xmlns:ns1="http://xml.apache.org/axis/wsdd/providers/java" xmlns:ns2="http://CQL.caBIG/2/org.cagrid.cql2" encodingStyle="" serializer="org.cagrid.cql.utilities.encoding.Cql2SerializerFactory" deserializer="org.cagrid.cql.utilities.encoding.Cql2DeserializerFactory" type="ns1:org.cagrid.cql2.CQLAssociatedObject" qname="ns2:CQLAssociatedObject" />
  <ns3:typeMapping xmlns:ns3="http://xml.apache.org/axis/wsdd/" xmlns:ns1="http://xml.apache.org/axis/wsdd/providers/java" xmlns:ns2="http://CQL.caBIG/2/org.cagrid.cql2" encodingStyle="" serializer="org.cagrid.cql.utilities.encoding.Cql2SerializerFactory" deserializer="org.cagrid.cql.utilities.encoding.Cql2DeserializerFactory" type="ns1:org.cagrid.cql2.CQLAttribute" qname="ns2:CQLAttribute" />
  <ns3:typeMapping xmlns:ns3="http://xml.apache.org/axis/wsdd/" xmlns:ns1="http://xml.apache.org/axis/wsdd/providers/java" xmlns:ns2="http://CQL.caBIG/2/org.cagrid.cql2" encodingStyle="" serializer="org.cagrid.cql.utilities.encoding.Cql2SerializerFactory" deserializer="org.cagrid.cql.utilities.encoding.Cql2DeserializerFactory" type="ns1:org.cagrid.cql2.CQLExtension" qname="ns2:CQLExtension" />
  <ns3:typeMapping xmlns:ns3="http://xml.apache.org/axis/wsdd/" xmlns:ns1="http://xml.apache.org/axis/wsdd/providers/java" xmlns:ns2="http://CQL.caBIG/2/org.cagrid.cql2" encodingStyle="" serializer="org.cagrid.cql.utilities.encoding.Cql2SerializerFactory" deserializer="org.cagrid.cql.utilities.encoding.Cql2DeserializerFactory" type="ns1:org.cagrid.cql2.CQLGroup" qname="ns2:CQLGroup" />
  <ns3:typeMapping xmlns:ns3="http://xml.apache.org/axis/wsdd/" xmlns:ns1="http://xml.apache.org/axis/wsdd/providers/java" xmlns:ns2="http://CQL.caBIG/2/org.cagrid.cql2" encodingStyle="" serializer="org.cagrid.cql.utilities.encoding.Cql2SerializerFactory" deserializer="org.cagrid.cql.utilities.encoding.Cql2DeserializerFactory" type="ns1:org.cagrid.cql2.CQLObject" qname="ns2:CQLObject" />
  <ns3:typeMapping xmlns:ns3="http://xml.apache.org/axis/wsdd/" xmlns:ns1="http://xml.apache.org/axis/wsdd/providers/java" xmlns:ns2="http://CQL.caBIG/2/org.cagrid.cql2" encodingStyle="" serializer="org.cagrid.cql.utilities.encoding.Cql2SerializerFactory" deserializer="org.cagrid.cql.utilities.encoding.Cql2DeserializerFactory" type="ns1:org.cagrid.cql2.CQLQuery" qname="ns2:CQLQuery" />
  <ns3:typeMapping xmlns:ns3="http://xml.apache.org/axis/wsdd/" xmlns:ns1="http://xml.apache.org/axis/wsdd/providers/java" xmlns:ns2="http://CQL.caBIG/2/org.cagrid.cql2" encodingStyle="" serializer="org.cagrid.cql.utilities.encoding.Cql2SerializerFactory" deserializer="org.cagrid.cql.utilities.encoding.Cql2DeserializerFactory" type="ns1:org.cagrid.cql2.CQLQueryModifier" qname="ns2:CQLQueryModifier" />
  <ns3:typeMapping xmlns:ns3="http://xml.apache.org/axis/wsdd/" xmlns:ns1="http://xml.apache.org/axis/wsdd/providers/java" xmlns:ns2="http://CQL.caBIG/2/org.cagrid.cql2" encodingStyle="" serializer="org.cagrid.cql.utilities.encoding.Cql2SerializerFactory" deserializer="org.cagrid.cql.utilities.encoding.Cql2DeserializerFactory" type="ns1:org.cagrid.cql2.CQLTargetObject" qname="ns2:CQLTargetObject" />
  <ns3:typeMapping xmlns:ns3="http://xml.apache.org/axis/wsdd/" xmlns:ns1="http://xml.apache.org/axis/wsdd/providers/java" xmlns:ns2="http://CQL.caBIG/2/org.cagrid.cql2" encodingStyle="" serializer="org.cagrid.cql.utilities.encoding.Cql2SerializerFactory" deserializer="org.cagrid.cql.utilities.encoding.Cql2DeserializerFactory" type="ns1:org.cagrid.cql2.DistinctAttribute" qname="ns2:DistinctAttribute" />
  <ns3:typeMapping xmlns:ns3="http://xml.apache.org/axis/wsdd/" xmlns:ns1="http://xml.apache.org/axis/wsdd/providers/java" xmlns:ns2="http://CQL.caBIG/2/org.cagrid.cql2" encodingStyle="" serializer="org.cagrid.cql.utilities.encoding.Cql2SerializerFactory" deserializer="org.cagrid.cql.utilities.encoding.Cql2DeserializerFactory" type="ns1:org.cagrid.cql2.GroupLogicalOperator" qname="ns2:GroupLogicalOperator" />
  <ns3:typeMapping xmlns:ns3="http://xml.apache.org/axis/wsdd/" xmlns:ns1="http://xml.apache.org/axis/wsdd/providers/java" xmlns:ns2="http://CQL.caBIG/2/org.cagrid.cql2" encodingStyle="" serializer="org.cagrid.cql.utilities.encoding.Cql2SerializerFactory" deserializer="org.cagrid.cql.utilities.encoding.Cql2DeserializerFactory" type="ns1:org.cagrid.cql2.NamedAssociation" qname="ns2:NamedAssociation" />
  <ns3:typeMapping xmlns:ns3="http://xml.apache.org/axis/wsdd/" xmlns:ns1="http://xml.apache.org/axis/wsdd/providers/java" xmlns:ns2="http://CQL.caBIG/2/org.cagrid.cql2" encodingStyle="" serializer="org.cagrid.cql.utilities.encoding.Cql2SerializerFactory" deserializer="org.cagrid.cql.utilities.encoding.Cql2DeserializerFactory" type="ns1:org.cagrid.cql2.NamedAssociationList" qname="ns2:NamedAssociationList" />
  <ns3:typeMapping xmlns:ns3="http://xml.apache.org/axis/wsdd/" xmlns:ns1="http://xml.apache.org/axis/wsdd/providers/java" xmlns:ns2="http://CQL.caBIG/2/org.cagrid.cql2" encodingStyle="" serializer="org.cagrid.cql.utilities.encoding.Cql2SerializerFactory" deserializer="org.cagrid.cql.utilities.encoding.Cql2DeserializerFactory" type="ns1:org.cagrid.cql2.NamedAttribute" qname="ns2:NamedAttribute" />
  <ns3:typeMapping xmlns:ns3="http://xml.apache.org/axis/wsdd/" xmlns:ns1="http://xml.apache.org/axis/wsdd/providers/java" xmlns:ns2="http://CQL.caBIG/2/org.cagrid.cql2" encodingStyle="" serializer="org.cagrid.cql.utilities.encoding.Cql2SerializerFactory" deserializer="org.cagrid.cql.utilities.encoding.Cql2DeserializerFactory" type="ns1:org.cagrid.cql2.PopulationDepth" qname="ns2:PopulationDepth" />
  <ns3:typeMapping xmlns:ns3="http://xml.apache.org/axis/wsdd/" xmlns:ns1="http://xml.apache.org/axis/wsdd/providers/java" xmlns:ns2="http://CQL.caBIG/2/org.cagrid.cql2" encodingStyle="" serializer="org.cagrid.cql.utilities.encoding.Cql2SerializerFactory" deserializer="org.cagrid.cql.utilities.encoding.Cql2DeserializerFactory" type="ns1:org.cagrid.cql2.UnaryPredicate" qname="ns2:UnaryPredicate" />
  <!-- CQL 2 results -->
  <ns3:typeMapping xmlns:ns3="http://xml.apache.org/axis/wsdd/" xmlns:ns1="http://xml.apache.org/axis/wsdd/providers/java" xmlns:ns2="http://CQL.caBIG/2/org.cagrid.cql2.results" encodingStyle="" serializer="org.cagrid.cql.utilities.encoding.Cql2SerializerFactory" deserializer="org.cagrid.cql.utilities.encoding.Cql2DeserializerFactory" type="ns1:org.cagrid.cql2.results.CQLAggregateResult" qname="ns2:CQLAggregateResult" />
  <ns3:typeMapping xmlns:ns3="http://xml.apache.org/axis/wsdd/" xmlns:ns1="http://xml.apache.org/axis/wsdd/providers/java" xmlns:ns2="http://CQL.caBIG/2/org.cagrid.cql2.results" encodingStyle="" serializer="org.cagrid.cql.utilities.encoding.Cql2SerializerFactory" deserializer="org.cagrid.cql.utilities.encoding.Cql2DeserializerFactory" type="ns1:org.cagrid.cql2.results.CQLAttributeResult" qname="ns2:CQLAttributeResult" />
  <ns3:typeMapping xmlns:ns3="http://xml.apache.org/axis/wsdd/" xmlns:ns1="http://xml.apache.org/axis/wsdd/providers/java" xmlns:ns2="http://CQL.caBIG/2/org.cagrid.cql2.results" encodingStyle="" serializer="org.cagrid.cql.utilities.encoding.Cql2SerializerFactory" deserializer="org.cagrid.cql.utilities.encoding.Cql2DeserializerFactory" type="ns1:org.cagrid.cql2.results.CQLObjectResult" qname="ns2:CQLObjectResult" />
  <ns3:typeMapping xmlns:ns3="http://xml.apache.org/axis/wsdd/" xmlns:ns1="http://xml.apache.org/axis/wsdd/providers/java" xmlns:ns2="http://CQL.caBIG/2/org.cagrid.cql2.results" encodingStyle="" serializer="org.cagrid.cql.utilities.encoding.Cql2SerializerFactory" deserializer="org.cagrid.cql.utilities.encoding.Cql2DeserializerFactory" type="ns1:org.cagrid.cql2.results.CQLQueryResults" qname="ns2:CQLQueryResults" />
  <ns3:typeMapping xmlns:ns3="http://xml.apache.org/axis/wsdd/" xmlns:ns1="http://xml.apache.org/axis/wsdd/providers/java" xmlns:ns2="http://CQL.caBIG/2/org.cagrid.cql2.results" encodingStyle="" serializer="org.cagrid.cql.utilities.encoding.Cql2SerializerFactory" deserializer="org.cagrid.cql.utilities.encoding.Cql2DeserializerFactory" type="ns1:org.cagrid.cql2.results.CQLResult" qname="ns2:CQLResult" />
  <ns3:typeMapping xmlns:ns3="http://xml.apache.org/axis/wsdd/" xmlns:ns1="http://xml.apache.org/axis/wsdd/providers/java" xmlns:ns2="http://CQL.caBIG/2/org.cagrid.cql2.results" encodingStyle="" serializer="org.cagrid.cql.utilities.encoding.Cql2SerializerFactory" deserializer="org.cagrid.cql.utilities.encoding.Cql2DeserializerFactory" type="ns1:org.cagrid.cql2.results.ExtendedCQLResult" qname="ns2:ExtendedCQLResult" />
  <ns3:typeMapping xmlns:ns3="http://xml.apache.org/axis/wsdd/" xmlns:ns1="http://xml.apache.org/axis/wsdd/providers/java" xmlns:ns2="http://CQL.caBIG/2/org.cagrid.cql2.results" encodingStyle="" serializer="org.cagrid.cql.utilities.encoding.Cql2SerializerFactory" deserializer="org.cagrid.cql.utilities.encoding.Cql2DeserializerFactory" type="ns1:org.cagrid.cql2.results.TargetAttribute" qname="ns2:TargetAttribute" />
  <!-- END CQL 2 TYPE MAPPINGS -->
Adding CQL 2 types mapping to wsdd /Users/ervin/Projects/caGrid/caGrid-1_5_release/Software/core/integration-tests/projects/sdk44StyleTests/temp/DataServiceWithSdk44/src/org/cagrid/test/data/with/sdk44/client/client-config.wsdd
Old types mapping found in wsdd; removing
Reading CQL 2 types mapping from packaged wsdd
Adding types mapping text:

<!-- START CQL 2 TYPE MAPPINGS -->
  <ns3:typeMapping xmlns:ns3="http://xml.apache.org/axis/wsdd/" xmlns:ns1="http://xml.apache.org/axis/wsdd/providers/java" xmlns:ns2="http://CQL.caBIG/2/org.cagrid.cql2" encodingStyle="" serializer="org.cagrid.cql.utilities.encoding.Cql2SerializerFactory" deserializer="org.cagrid.cql.utilities.encoding.Cql2DeserializerFactory" type="ns1:org.cagrid.cql2.Aggregation" qname="ns2:Aggregation" />
  <ns3:typeMapping xmlns:ns3="http://xml.apache.org/axis/wsdd/" xmlns:ns1="http://xml.apache.org/axis/wsdd/providers/java" xmlns:ns2="http://CQL.caBIG/2/org.cagrid.cql2" encodingStyle="" serializer="org.cagrid.cql.utilities.encoding.Cql2SerializerFactory" deserializer="org.cagrid.cql.utilities.encoding.Cql2DeserializerFactory" type="ns1:org.cagrid.cql2.AssociationPopulationSpecification" qname="ns2:AssociationPopulationSpecification" />
  <ns3:typeMapping xmlns:ns3="http://xml.apache.org/axis/wsdd/" xmlns:ns1="http://xml.apache.org/axis/wsdd/providers/java" xmlns:ns2="http://CQL.caBIG/2/org.cagrid.cql2" encodingStyle="" serializer="org.cagrid.cql.utilities.encoding.Cql2SerializerFactory" deserializer="org.cagrid.cql.utilities.encoding.Cql2DeserializerFactory" type="ns1:org.cagrid.cql2.AttributeValue" qname="ns2:AttributeValue" />
  <ns3:typeMapping xmlns:ns3="http://xml.apache.org/axis/wsdd/" xmlns:ns1="http://xml.apache.org/axis/wsdd/providers/java" xmlns:ns2="http://CQL.caBIG/2/org.cagrid.cql2" encodingStyle="" serializer="org.cagrid.cql.utilities.encoding.Cql2SerializerFactory" deserializer="org.cagrid.cql.utilities.encoding.Cql2DeserializerFactory" type="ns1:org.cagrid.cql2.BinaryPredicate" qname="ns2:BinaryPredicate" />
  <ns3:typeMapping xmlns:ns3="http://xml.apache.org/axis/wsdd/" xmlns:ns1="http://xml.apache.org/axis/wsdd/providers/java" xmlns:ns2="http://CQL.caBIG/2/org.cagrid.cql2" encodingStyle="" serializer="org.cagrid.cql.utilities.encoding.Cql2SerializerFactory" deserializer="org.cagrid.cql.utilities.encoding.Cql2DeserializerFactory" type="ns1:org.cagrid.cql2.CQLAssociatedObject" qname="ns2:CQLAssociatedObject" />
  <ns3:typeMapping xmlns:ns3="http://xml.apache.org/axis/wsdd/" xmlns:ns1="http://xml.apache.org/axis/wsdd/providers/java" xmlns:ns2="http://CQL.caBIG/2/org.cagrid.cql2" encodingStyle="" serializer="org.cagrid.cql.utilities.encoding.Cql2SerializerFactory" deserializer="org.cagrid.cql.utilities.encoding.Cql2DeserializerFactory" type="ns1:org.cagrid.cql2.CQLAttribute" qname="ns2:CQLAttribute" />
  <ns3:typeMapping xmlns:ns3="http://xml.apache.org/axis/wsdd/" xmlns:ns1="http://xml.apache.org/axis/wsdd/providers/java" xmlns:ns2="http://CQL.caBIG/2/org.cagrid.cql2" encodingStyle="" serializer="org.cagrid.cql.utilities.encoding.Cql2SerializerFactory" deserializer="org.cagrid.cql.utilities.encoding.Cql2DeserializerFactory" type="ns1:org.cagrid.cql2.CQLExtension" qname="ns2:CQLExtension" />
  <ns3:typeMapping xmlns:ns3="http://xml.apache.org/axis/wsdd/" xmlns:ns1="http://xml.apache.org/axis/wsdd/providers/java" xmlns:ns2="http://CQL.caBIG/2/org.cagrid.cql2" encodingStyle="" serializer="org.cagrid.cql.utilities.encoding.Cql2SerializerFactory" deserializer="org.cagrid.cql.utilities.encoding.Cql2DeserializerFactory" type="ns1:org.cagrid.cql2.CQLGroup" qname="ns2:CQLGroup" />
  <ns3:typeMapping xmlns:ns3="http://xml.apache.org/axis/wsdd/" xmlns:ns1="http://xml.apache.org/axis/wsdd/providers/java" xmlns:ns2="http://CQL.caBIG/2/org.cagrid.cql2" encodingStyle="" serializer="org.cagrid.cql.utilities.encoding.Cql2SerializerFactory" deserializer="org.cagrid.cql.utilities.encoding.Cql2DeserializerFactory" type="ns1:org.cagrid.cql2.CQLObject" qname="ns2:CQLObject" />
  <ns3:typeMapping xmlns:ns3="http://xml.apache.org/axis/wsdd/" xmlns:ns1="http://xml.apache.org/axis/wsdd/providers/java" xmlns:ns2="http://CQL.caBIG/2/org.cagrid.cql2" encodingStyle="" serializer="org.cagrid.cql.utilities.encoding.Cql2SerializerFactory" deserializer="org.cagrid.cql.utilities.encoding.Cql2DeserializerFactory" type="ns1:org.cagrid.cql2.CQLQuery" qname="ns2:CQLQuery" />
  <ns3:typeMapping xmlns:ns3="http://xml.apache.org/axis/wsdd/" xmlns:ns1="http://xml.apache.org/axis/wsdd/providers/java" xmlns:ns2="http://CQL.caBIG/2/org.cagrid.cql2" encodingStyle="" serializer="org.cagrid.cql.utilities.encoding.Cql2SerializerFactory" deserializer="org.cagrid.cql.utilities.encoding.Cql2DeserializerFactory" type="ns1:org.cagrid.cql2.CQLQueryModifier" qname="ns2:CQLQueryModifier" />
  <ns3:typeMapping xmlns:ns3="http://xml.apache.org/axis/wsdd/" xmlns:ns1="http://xml.apache.org/axis/wsdd/providers/java" xmlns:ns2="http://CQL.caBIG/2/org.cagrid.cql2" encodingStyle="" serializer="org.cagrid.cql.utilities.encoding.Cql2SerializerFactory" deserializer="org.cagrid.cql.utilities.encoding.Cql2DeserializerFactory" type="ns1:org.cagrid.cql2.CQLTargetObject" qname="ns2:CQLTargetObject" />
  <ns3:typeMapping xmlns:ns3="http://xml.apache.org/axis/wsdd/" xmlns:ns1="http://xml.apache.org/axis/wsdd/providers/java" xmlns:ns2="http://CQL.caBIG/2/org.cagrid.cql2" encodingStyle="" serializer="org.cagrid.cql.utilities.encoding.Cql2SerializerFactory" deserializer="org.cagrid.cql.utilities.encoding.Cql2DeserializerFactory" type="ns1:org.cagrid.cql2.DistinctAttribute" qname="ns2:DistinctAttribute" />
  <ns3:typeMapping xmlns:ns3="http://xml.apache.org/axis/wsdd/" xmlns:ns1="http://xml.apache.org/axis/wsdd/providers/java" xmlns:ns2="http://CQL.caBIG/2/org.cagrid.cql2" encodingStyle="" serializer="org.cagrid.cql.utilities.encoding.Cql2SerializerFactory" deserializer="org.cagrid.cql.utilities.encoding.Cql2DeserializerFactory" type="ns1:org.cagrid.cql2.GroupLogicalOperator" qname="ns2:GroupLogicalOperator" />
  <ns3:typeMapping xmlns:ns3="http://xml.apache.org/axis/wsdd/" xmlns:ns1="http://xml.apache.org/axis/wsdd/providers/java" xmlns:ns2="http://CQL.caBIG/2/org.cagrid.cql2" encodingStyle="" serializer="org.cagrid.cql.utilities.encoding.Cql2SerializerFactory" deserializer="org.cagrid.cql.utilities.encoding.Cql2DeserializerFactory" type="ns1:org.cagrid.cql2.NamedAssociation" qname="ns2:NamedAssociation" />
  <ns3:typeMapping xmlns:ns3="http://xml.apache.org/axis/wsdd/" xmlns:ns1="http://xml.apache.org/axis/wsdd/providers/java" xmlns:ns2="http://CQL.caBIG/2/org.cagrid.cql2" encodingStyle="" serializer="org.cagrid.cql.utilities.encoding.Cql2SerializerFactory" deserializer="org.cagrid.cql.utilities.encoding.Cql2DeserializerFactory" type="ns1:org.cagrid.cql2.NamedAssociationList" qname="ns2:NamedAssociationList" />
  <ns3:typeMapping xmlns:ns3="http://xml.apache.org/axis/wsdd/" xmlns:ns1="http://xml.apache.org/axis/wsdd/providers/java" xmlns:ns2="http://CQL.caBIG/2/org.cagrid.cql2" encodingStyle="" serializer="org.cagrid.cql.utilities.encoding.Cql2SerializerFactory" deserializer="org.cagrid.cql.utilities.encoding.Cql2DeserializerFactory" type="ns1:org.cagrid.cql2.NamedAttribute" qname="ns2:NamedAttribute" />
  <ns3:typeMapping xmlns:ns3="http://xml.apache.org/axis/wsdd/" xmlns:ns1="http://xml.apache.org/axis/wsdd/providers/java" xmlns:ns2="http://CQL.caBIG/2/org.cagrid.cql2" encodingStyle="" serializer="org.cagrid.cql.utilities.encoding.Cql2SerializerFactory" deserializer="org.cagrid.cql.utilities.encoding.Cql2DeserializerFactory" type="ns1:org.cagrid.cql2.PopulationDepth" qname="ns2:PopulationDepth" />
  <ns3:typeMapping xmlns:ns3="http://xml.apache.org/axis/wsdd/" xmlns:ns1="http://xml.apache.org/axis/wsdd/providers/java" xmlns:ns2="http://CQL.caBIG/2/org.cagrid.cql2" encodingStyle="" serializer="org.cagrid.cql.utilities.encoding.Cql2SerializerFactory" deserializer="org.cagrid.cql.utilities.encoding.Cql2DeserializerFactory" type="ns1:org.cagrid.cql2.UnaryPredicate" qname="ns2:UnaryPredicate" />
  <!-- CQL 2 results -->
  <ns3:typeMapping xmlns:ns3="http://xml.apache.org/axis/wsdd/" xmlns:ns1="http://xml.apache.org/axis/wsdd/providers/java" xmlns:ns2="http://CQL.caBIG/2/org.cagrid.cql2.results" encodingStyle="" serializer="org.cagrid.cql.utilities.encoding.Cql2SerializerFactory" deserializer="org.cagrid.cql.utilities.encoding.Cql2DeserializerFactory" type="ns1:org.cagrid.cql2.results.CQLAggregateResult" qname="ns2:CQLAggregateResult" />
  <ns3:typeMapping xmlns:ns3="http://xml.apache.org/axis/wsdd/" xmlns:ns1="http://xml.apache.org/axis/wsdd/providers/java" xmlns:ns2="http://CQL.caBIG/2/org.cagrid.cql2.results" encodingStyle="" serializer="org.cagrid.cql.utilities.encoding.Cql2SerializerFactory" deserializer="org.cagrid.cql.utilities.encoding.Cql2DeserializerFactory" type="ns1:org.cagrid.cql2.results.CQLAttributeResult" qname="ns2:CQLAttributeResult" />
  <ns3:typeMapping xmlns:ns3="http://xml.apache.org/axis/wsdd/" xmlns:ns1="http://xml.apache.org/axis/wsdd/providers/java" xmlns:ns2="http://CQL.caBIG/2/org.cagrid.cql2.results" encodingStyle="" serializer="org.cagrid.cql.utilities.encoding.Cql2SerializerFactory" deserializer="org.cagrid.cql.utilities.encoding.Cql2DeserializerFactory" type="ns1:org.cagrid.cql2.results.CQLObjectResult" qname="ns2:CQLObjectResult" />
  <ns3:typeMapping xmlns:ns3="http://xml.apache.org/axis/wsdd/" xmlns:ns1="http://xml.apache.org/axis/wsdd/providers/java" xmlns:ns2="http://CQL.caBIG/2/org.cagrid.cql2.results" encodingStyle="" serializer="org.cagrid.cql.utilities.encoding.Cql2SerializerFactory" deserializer="org.cagrid.cql.utilities.encoding.Cql2DeserializerFactory" type="ns1:org.cagrid.cql2.results.CQLQueryResults" qname="ns2:CQLQueryResults" />
  <ns3:typeMapping xmlns:ns3="http://xml.apache.org/axis/wsdd/" xmlns:ns1="http://xml.apache.org/axis/wsdd/providers/java" xmlns:ns2="http://CQL.caBIG/2/org.cagrid.cql2.results" encodingStyle="" serializer="org.cagrid.cql.utilities.encoding.Cql2SerializerFactory" deserializer="org.cagrid.cql.utilities.encoding.Cql2DeserializerFactory" type="ns1:org.cagrid.cql2.results.CQLResult" qname="ns2:CQLResult" />
  <ns3:typeMapping xmlns:ns3="http://xml.apache.org/axis/wsdd/" xmlns:ns1="http://xml.apache.org/axis/wsdd/providers/java" xmlns:ns2="http://CQL.caBIG/2/org.cagrid.cql2.results" encodingStyle="" serializer="org.cagrid.cql.utilities.encoding.Cql2SerializerFactory" deserializer="org.cagrid.cql.utilities.encoding.Cql2DeserializerFactory" type="ns1:org.cagrid.cql2.results.ExtendedCQLResult" qname="ns2:ExtendedCQLResult" />
  <ns3:typeMapping xmlns:ns3="http://xml.apache.org/axis/wsdd/" xmlns:ns1="http://xml.apache.org/axis/wsdd/providers/java" xmlns:ns2="http://CQL.caBIG/2/org.cagrid.cql2.results" encodingStyle="" serializer="org.cagrid.cql.utilities.encoding.Cql2SerializerFactory" deserializer="org.cagrid.cql.utilities.encoding.Cql2DeserializerFactory" type="ns1:org.cagrid.cql2.results.TargetAttribute" qname="ns2:TargetAttribute" />
  <!-- END CQL 2 TYPE MAPPINGS -->

> ResyncAndBuildStep (org.cagrid.tests.data.styles.cacore44.upgrade.from14.SDK44DataServiceUpgradeTest)

Invoking post creation processes
Current extensions list: cagrid_metadata,data
Old extensions list: cagrid_metadata,data
Getting namespaces from schema /Users/ervin/Projects/caGrid/caGrid-1_5_release/Software/core/integration-tests/projects/sdk44StyleTests/temp/DataServiceWithSdk44/schema/DataServiceWithSdk44/gov.nih.nci.cacoresdk.domain.inheritance.abstrakt.xsd
adding namepace uri:iso.org:21090
Getting namespaces from schema /Users/ervin/Projects/caGrid/caGrid-1_5_release/Software/core/integration-tests/projects/sdk44StyleTests/temp/DataServiceWithSdk44/schema/DataServiceWithSdk44/ISO_datatypes_Narrative.xsd
Getting namespaces from schema /Users/ervin/Projects/caGrid/caGrid-1_5_release/Software/core/integration-tests/projects/sdk44StyleTests/temp/DataServiceWithSdk44/schema/DataServiceWithSdk44/gov.nih.nci.cacoresdk.domain.inheritance.childwithassociation.sametable.xsd
Getting namespaces from schema /Users/ervin/Projects/caGrid/caGrid-1_5_release/Software/core/integration-tests/projects/sdk44StyleTests/temp/DataServiceWithSdk44/schema/DataServiceWithSdk44/ISO_datatypes_Narrative.xsd
Getting namespaces from schema /Users/ervin/Projects/caGrid/caGrid-1_5_release/Software/core/integration-tests/projects/sdk44StyleTests/temp/DataServiceWithSdk44/schema/DataServiceWithSdk44/gov.nih.nci.cacoresdk.domain.inheritance.childwithassociation.xsd
Getting namespaces from schema /Users/ervin/Projects/caGrid/caGrid-1_5_release/Software/core/integration-tests/projects/sdk44StyleTests/temp/DataServiceWithSdk44/schema/DataServiceWithSdk44/ISO_datatypes_Narrative.xsd
Getting namespaces from schema /Users/ervin/Projects/caGrid/caGrid-1_5_release/Software/core/integration-tests/projects/sdk44StyleTests/temp/DataServiceWithSdk44/schema/DataServiceWithSdk44/gov.nih.nci.cacoresdk.domain.inheritance.implicit.xsd
Getting namespaces from schema /Users/ervin/Projects/caGrid/caGrid-1_5_release/Software/core/integration-tests/projects/sdk44StyleTests/temp/DataServiceWithSdk44/schema/DataServiceWithSdk44/ISO_datatypes_Narrative.xsd
Getting namespaces from schema /Users/ervin/Projects/caGrid/caGrid-1_5_release/Software/core/integration-tests/projects/sdk44StyleTests/temp/DataServiceWithSdk44/schema/DataServiceWithSdk44/gov.nih.nci.cacoresdk.domain.inheritance.multiplechild.sametable.xsd
Getting namespaces from schema /Users/ervin/Projects/caGrid/caGrid-1_5_release/Software/core/integration-tests/projects/sdk44StyleTests/temp/DataServiceWithSdk44/schema/DataServiceWithSdk44/ISO_datatypes_Narrative.xsd
Getting namespaces from schema /Users/ervin/Projects/caGrid/caGrid-1_5_release/Software/core/integration-tests/projects/sdk44StyleTests/temp/DataServiceWithSdk44/schema/DataServiceWithSdk44/gov.nih.nci.cacoresdk.domain.inheritance.multiplechild.xsd
Getting namespaces from schema /Users/ervin/Projects/caGrid/caGrid-1_5_release/Software/core/integration-tests/projects/sdk44StyleTests/temp/DataServiceWithSdk44/schema/DataServiceWithSdk44/ISO_datatypes_Narrative.xsd
Getting namespaces from schema /Users/ervin/Projects/caGrid/caGrid-1_5_release/Software/core/integration-tests/projects/sdk44StyleTests/temp/DataServiceWithSdk44/schema/DataServiceWithSdk44/gov.nih.nci.cacoresdk.domain.inheritance.onechild.sametable.xsd
Getting namespaces from schema /Users/ervin/Projects/caGrid/caGrid-1_5_release/Software/core/integration-tests/projects/sdk44StyleTests/temp/DataServiceWithSdk44/schema/DataServiceWithSdk44/ISO_datatypes_Narrative.xsd
Getting namespaces from schema /Users/ervin/Projects/caGrid/caGrid-1_5_release/Software/core/integration-tests/projects/sdk44StyleTests/temp/DataServiceWithSdk44/schema/DataServiceWithSdk44/gov.nih.nci.cacoresdk.domain.inheritance.onechild.xsd
Getting namespaces from schema /Users/ervin/Projects/caGrid/caGrid-1_5_release/Software/core/integration-tests/projects/sdk44StyleTests/temp/DataServiceWithSdk44/schema/DataServiceWithSdk44/ISO_datatypes_Narrative.xsd
Getting namespaces from schema /Users/ervin/Projects/caGrid/caGrid-1_5_release/Software/core/integration-tests/projects/sdk44StyleTests/temp/DataServiceWithSdk44/schema/DataServiceWithSdk44/gov.nih.nci.cacoresdk.domain.inheritance.parentwithassociation.sametable.xsd
Getting namespaces from schema /Users/ervin/Projects/caGrid/caGrid-1_5_release/Software/core/integration-tests/projects/sdk44StyleTests/temp/DataServiceWithSdk44/schema/DataServiceWithSdk44/ISO_datatypes_Narrative.xsd
Getting namespaces from schema /Users/ervin/Projects/caGrid/caGrid-1_5_release/Software/core/integration-tests/projects/sdk44StyleTests/temp/DataServiceWithSdk44/schema/DataServiceWithSdk44/gov.nih.nci.cacoresdk.domain.inheritance.parentwithassociation.xsd
Getting namespaces from schema /Users/ervin/Projects/caGrid/caGrid-1_5_release/Software/core/integration-tests/projects/sdk44StyleTests/temp/DataServiceWithSdk44/schema/DataServiceWithSdk44/ISO_datatypes_Narrative.xsd
Getting namespaces from schema /Users/ervin/Projects/caGrid/caGrid-1_5_release/Software/core/integration-tests/projects/sdk44StyleTests/temp/DataServiceWithSdk44/schema/DataServiceWithSdk44/gov.nih.nci.cacoresdk.domain.inheritance.twolevelinheritance.sametable.xsd
Getting namespaces from schema /Users/ervin/Projects/caGrid/caGrid-1_5_release/Software/core/integration-tests/projects/sdk44StyleTests/temp/DataServiceWithSdk44/schema/DataServiceWithSdk44/ISO_datatypes_Narrative.xsd
Getting namespaces from schema /Users/ervin/Projects/caGrid/caGrid-1_5_release/Software/core/integration-tests/projects/sdk44StyleTests/temp/DataServiceWithSdk44/schema/DataServiceWithSdk44/gov.nih.nci.cacoresdk.domain.inheritance.twolevelinheritance.sametablerootlevel.xsd
Getting namespaces from schema /Users/ervin/Projects/caGrid/caGrid-1_5_release/Software/core/integration-tests/projects/sdk44StyleTests/temp/DataServiceWithSdk44/schema/DataServiceWithSdk44/ISO_datatypes_Narrative.xsd
Getting namespaces from schema /Users/ervin/Projects/caGrid/caGrid-1_5_release/Software/core/integration-tests/projects/sdk44StyleTests/temp/DataServiceWithSdk44/schema/DataServiceWithSdk44/gov.nih.nci.cacoresdk.domain.inheritance.twolevelinheritance.xsd
Getting namespaces from schema /Users/ervin/Projects/caGrid/caGrid-1_5_release/Software/core/integration-tests/projects/sdk44StyleTests/temp/DataServiceWithSdk44/schema/DataServiceWithSdk44/ISO_datatypes_Narrative.xsd
Getting namespaces from schema /Users/ervin/Projects/caGrid/caGrid-1_5_release/Software/core/integration-tests/projects/sdk44StyleTests/temp/DataServiceWithSdk44/schema/DataServiceWithSdk44/gov.nih.nci.cacoresdk.domain.interfaze.xsd
Getting namespaces from schema /Users/ervin/Projects/caGrid/caGrid-1_5_release/Software/core/integration-tests/projects/sdk44StyleTests/temp/DataServiceWithSdk44/schema/DataServiceWithSdk44/ISO_datatypes_Narrative.xsd
Getting namespaces from schema /Users/ervin/Projects/caGrid/caGrid-1_5_release/Software/core/integration-tests/projects/sdk44StyleTests/temp/DataServiceWithSdk44/schema/DataServiceWithSdk44/gov.nih.nci.cacoresdk.domain.manytomany.bidirectional.xsd
Getting namespaces from schema /Users/ervin/Projects/caGrid/caGrid-1_5_release/Software/core/integration-tests/projects/sdk44StyleTests/temp/DataServiceWithSdk44/schema/DataServiceWithSdk44/ISO_datatypes_Narrative.xsd
Getting namespaces from schema /Users/ervin/Projects/caGrid/caGrid-1_5_release/Software/core/integration-tests/projects/sdk44StyleTests/temp/DataServiceWithSdk44/schema/DataServiceWithSdk44/gov.nih.nci.cacoresdk.domain.manytomany.unidirectional.xsd
Getting namespaces from schema /Users/ervin/Projects/caGrid/caGrid-1_5_release/Software/core/integration-tests/projects/sdk44StyleTests/temp/DataServiceWithSdk44/schema/DataServiceWithSdk44/ISO_datatypes_Narrative.xsd
Getting namespaces from schema /Users/ervin/Projects/caGrid/caGrid-1_5_release/Software/core/integration-tests/projects/sdk44StyleTests/temp/DataServiceWithSdk44/schema/DataServiceWithSdk44/gov.nih.nci.cacoresdk.domain.manytoone.unidirectional.withjoin.xsd
Getting namespaces from schema /Users/ervin/Projects/caGrid/caGrid-1_5_release/Software/core/integration-tests/projects/sdk44StyleTests/temp/DataServiceWithSdk44/schema/DataServiceWithSdk44/ISO_datatypes_Narrative.xsd
Getting namespaces from schema /Users/ervin/Projects/caGrid/caGrid-1_5_release/Software/core/integration-tests/projects/sdk44StyleTests/temp/DataServiceWithSdk44/schema/DataServiceWithSdk44/gov.nih.nci.cacoresdk.domain.manytoone.unidirectional.xsd
Getting namespaces from schema /Users/ervin/Projects/caGrid/caGrid-1_5_release/Software/core/integration-tests/projects/sdk44StyleTests/temp/DataServiceWithSdk44/schema/DataServiceWithSdk44/ISO_datatypes_Narrative.xsd
Getting namespaces from schema /Users/ervin/Projects/caGrid/caGrid-1_5_release/Software/core/integration-tests/projects/sdk44StyleTests/temp/DataServiceWithSdk44/schema/DataServiceWithSdk44/gov.nih.nci.cacoresdk.domain.onetomany.bidirectional.withjoin.xsd
Getting namespaces from schema /Users/ervin/Projects/caGrid/caGrid-1_5_release/Software/core/integration-tests/projects/sdk44StyleTests/temp/DataServiceWithSdk44/schema/DataServiceWithSdk44/ISO_datatypes_Narrative.xsd
Getting namespaces from schema /Users/ervin/Projects/caGrid/caGrid-1_5_release/Software/core/integration-tests/projects/sdk44StyleTests/temp/DataServiceWithSdk44/schema/DataServiceWithSdk44/gov.nih.nci.cacoresdk.domain.onetomany.bidirectional.xsd
Getting namespaces from schema /Users/ervin/Projects/caGrid/caGrid-1_5_release/Software/core/integration-tests/projects/sdk44StyleTests/temp/DataServiceWithSdk44/schema/DataServiceWithSdk44/ISO_datatypes_Narrative.xsd
Getting namespaces from schema /Users/ervin/Projects/caGrid/caGrid-1_5_release/Software/core/integration-tests/projects/sdk44StyleTests/temp/DataServiceWithSdk44/schema/DataServiceWithSdk44/gov.nih.nci.cacoresdk.domain.onetomany.selfassociation.xsd
Getting namespaces from schema /Users/ervin/Projects/caGrid/caGrid-1_5_release/Software/core/integration-tests/projects/sdk44StyleTests/temp/DataServiceWithSdk44/schema/DataServiceWithSdk44/ISO_datatypes_Narrative.xsd
Getting namespaces from schema /Users/ervin/Projects/caGrid/caGrid-1_5_release/Software/core/integration-tests/projects/sdk44StyleTests/temp/DataServiceWithSdk44/schema/DataServiceWithSdk44/gov.nih.nci.cacoresdk.domain.onetomany.unidirectional.withjoin.xsd
Getting namespaces from schema /Users/ervin/Projects/caGrid/caGrid-1_5_release/Software/core/integration-tests/projects/sdk44StyleTests/temp/DataServiceWithSdk44/schema/DataServiceWithSdk44/ISO_datatypes_Narrative.xsd
Getting namespaces from schema /Users/ervin/Projects/caGrid/caGrid-1_5_release/Software/core/integration-tests/projects/sdk44StyleTests/temp/DataServiceWithSdk44/schema/DataServiceWithSdk44/gov.nih.nci.cacoresdk.domain.onetomany.unidirectional.xsd
Getting namespaces from schema /Users/ervin/Projects/caGrid/caGrid-1_5_release/Software/core/integration-tests/projects/sdk44StyleTests/temp/DataServiceWithSdk44/schema/DataServiceWithSdk44/ISO_datatypes_Narrative.xsd
Getting namespaces from schema /Users/ervin/Projects/caGrid/caGrid-1_5_release/Software/core/integration-tests/projects/sdk44StyleTests/temp/DataServiceWithSdk44/schema/DataServiceWithSdk44/gov.nih.nci.cacoresdk.domain.onetoone.bidirectional.withjoin.xsd
Getting namespaces from schema /Users/ervin/Projects/caGrid/caGrid-1_5_release/Software/core/integration-tests/projects/sdk44StyleTests/temp/DataServiceWithSdk44/schema/DataServiceWithSdk44/ISO_datatypes_Narrative.xsd
Getting namespaces from schema /Users/ervin/Projects/caGrid/caGrid-1_5_release/Software/core/integration-tests/projects/sdk44StyleTests/temp/DataServiceWithSdk44/schema/DataServiceWithSdk44/gov.nih.nci.cacoresdk.domain.onetoone.bidirectional.xsd
Getting namespaces from schema /Users/ervin/Projects/caGrid/caGrid-1_5_release/Software/core/integration-tests/projects/sdk44StyleTests/temp/DataServiceWithSdk44/schema/DataServiceWithSdk44/ISO_datatypes_Narrative.xsd
Getting namespaces from schema /Users/ervin/Projects/caGrid/caGrid-1_5_release/Software/core/integration-tests/projects/sdk44StyleTests/temp/DataServiceWithSdk44/schema/DataServiceWithSdk44/gov.nih.nci.cacoresdk.domain.onetoone.multipleassociation.withjoin.xsd
Getting namespaces from schema /Users/ervin/Projects/caGrid/caGrid-1_5_release/Software/core/integration-tests/projects/sdk44StyleTests/temp/DataServiceWithSdk44/schema/DataServiceWithSdk44/ISO_datatypes_Narrative.xsd
Getting namespaces from schema /Users/ervin/Projects/caGrid/caGrid-1_5_release/Software/core/integration-tests/projects/sdk44StyleTests/temp/DataServiceWithSdk44/schema/DataServiceWithSdk44/gov.nih.nci.cacoresdk.domain.onetoone.multipleassociation.xsd
Getting namespaces from schema /Users/ervin/Projects/caGrid/caGrid-1_5_release/Software/core/integration-tests/projects/sdk44StyleTests/temp/DataServiceWithSdk44/schema/DataServiceWithSdk44/ISO_datatypes_Narrative.xsd
Getting namespaces from schema /Users/ervin/Projects/caGrid/caGrid-1_5_release/Software/core/integration-tests/projects/sdk44StyleTests/temp/DataServiceWithSdk44/schema/DataServiceWithSdk44/gov.nih.nci.cacoresdk.domain.onetoone.unidirectional.withjoin.xsd
Getting namespaces from schema /Users/ervin/Projects/caGrid/caGrid-1_5_release/Software/core/integration-tests/projects/sdk44StyleTests/temp/DataServiceWithSdk44/schema/DataServiceWithSdk44/ISO_datatypes_Narrative.xsd
Getting namespaces from schema /Users/ervin/Projects/caGrid/caGrid-1_5_release/Software/core/integration-tests/projects/sdk44StyleTests/temp/DataServiceWithSdk44/schema/DataServiceWithSdk44/gov.nih.nci.cacoresdk.domain.onetoone.unidirectional.xsd
Getting namespaces from schema /Users/ervin/Projects/caGrid/caGrid-1_5_release/Software/core/integration-tests/projects/sdk44StyleTests/temp/DataServiceWithSdk44/schema/DataServiceWithSdk44/ISO_datatypes_Narrative.xsd
Getting namespaces from schema /Users/ervin/Projects/caGrid/caGrid-1_5_release/Software/core/integration-tests/projects/sdk44StyleTests/temp/DataServiceWithSdk44/schema/DataServiceWithSdk44/gov.nih.nci.cacoresdk.domain.other.datatype.xsd
Getting namespaces from schema /Users/ervin/Projects/caGrid/caGrid-1_5_release/Software/core/integration-tests/projects/sdk44StyleTests/temp/DataServiceWithSdk44/schema/DataServiceWithSdk44/ISO_datatypes_Narrative.xsd
Getting namespaces from schema /Users/ervin/Projects/caGrid/caGrid-1_5_release/Software/core/integration-tests/projects/sdk44StyleTests/temp/DataServiceWithSdk44/schema/DataServiceWithSdk44/gov.nih.nci.cacoresdk.domain.other.differentpackage.associations.xsd
adding namepace gme://caCORE.caCORE/3.2/gov.nih.nci.cacoresdk.domain.other.differentpackage
Getting namespaces from schema /Users/ervin/Projects/caGrid/caGrid-1_5_release/Software/core/integration-tests/projects/sdk44StyleTests/temp/DataServiceWithSdk44/schema/DataServiceWithSdk44/gov.nih.nci.cacoresdk.domain.other.differentpackage.xsd
WARNING: Schema imports contain circular references. /Users/ervin/Projects/caGrid/caGrid-1_5_release/Software/core/integration-tests/projects/sdk44StyleTests/temp/DataServiceWithSdk44/schema/DataServiceWithSdk44/gov.nih.nci.cacoresdk.domain.other.differentpackage.xsd
Getting namespaces from schema /Users/ervin/Projects/caGrid/caGrid-1_5_release/Software/core/integration-tests/projects/sdk44StyleTests/temp/DataServiceWithSdk44/schema/DataServiceWithSdk44/ISO_datatypes_Narrative.xsd
WARNING: Schema imports contain circular references. /Users/ervin/Projects/caGrid/caGrid-1_5_release/Software/core/integration-tests/projects/sdk44StyleTests/temp/DataServiceWithSdk44/schema/DataServiceWithSdk44/gov.nih.nci.cacoresdk.domain.other.differentpackage.associations.xsd
Getting namespaces from schema /Users/ervin/Projects/caGrid/caGrid-1_5_release/Software/core/integration-tests/projects/sdk44StyleTests/temp/DataServiceWithSdk44/schema/DataServiceWithSdk44/gov.nih.nci.cacoresdk.domain.other.differentpackage.xsd
Getting namespaces from schema /Users/ervin/Projects/caGrid/caGrid-1_5_release/Software/core/integration-tests/projects/sdk44StyleTests/temp/DataServiceWithSdk44/schema/DataServiceWithSdk44/gov.nih.nci.cacoresdk.domain.other.differentpackage.associations.xsd
WARNING: Schema imports contain circular references. /Users/ervin/Projects/caGrid/caGrid-1_5_release/Software/core/integration-tests/projects/sdk44StyleTests/temp/DataServiceWithSdk44/schema/DataServiceWithSdk44/gov.nih.nci.cacoresdk.domain.other.differentpackage.associations.xsd
Getting namespaces from schema /Users/ervin/Projects/caGrid/caGrid-1_5_release/Software/core/integration-tests/projects/sdk44StyleTests/temp/DataServiceWithSdk44/schema/DataServiceWithSdk44/ISO_datatypes_Narrative.xsd
WARNING: Schema imports contain circular references. /Users/ervin/Projects/caGrid/caGrid-1_5_release/Software/core/integration-tests/projects/sdk44StyleTests/temp/DataServiceWithSdk44/schema/DataServiceWithSdk44/gov.nih.nci.cacoresdk.domain.other.differentpackage.xsd
Getting namespaces from schema /Users/ervin/Projects/caGrid/caGrid-1_5_release/Software/core/integration-tests/projects/sdk44StyleTests/temp/DataServiceWithSdk44/schema/DataServiceWithSdk44/gov.nih.nci.cacoresdk.domain.other.levelassociation.xsd
Getting namespaces from schema /Users/ervin/Projects/caGrid/caGrid-1_5_release/Software/core/integration-tests/projects/sdk44StyleTests/temp/DataServiceWithSdk44/schema/DataServiceWithSdk44/ISO_datatypes_Narrative.xsd
Getting namespaces from schema /Users/ervin/Projects/caGrid/caGrid-1_5_release/Software/core/integration-tests/projects/sdk44StyleTests/temp/DataServiceWithSdk44/schema/DataServiceWithSdk44/gov.nih.nci.cacoresdk.domain.other.primarykey.xsd
Getting namespaces from schema /Users/ervin/Projects/caGrid/caGrid-1_5_release/Software/core/integration-tests/projects/sdk44StyleTests/temp/DataServiceWithSdk44/schema/DataServiceWithSdk44/ISO_datatypes_Narrative.xsd
Getting namespaces from schema /Users/ervin/Projects/caGrid/caGrid-1_5_release/Software/core/integration-tests/projects/sdk44StyleTests/temp/DataServiceWithSdk44/schema/DataServiceWithSdk44/gov.nih.nci.cacoresdk.domain.other.validationtype.xsd
Getting namespaces from schema /Users/ervin/Projects/caGrid/caGrid-1_5_release/Software/core/integration-tests/projects/sdk44StyleTests/temp/DataServiceWithSdk44/schema/DataServiceWithSdk44/ISO_datatypes_Narrative.xsd
Getting namespaces from schema /Users/ervin/Projects/caGrid/caGrid-1_5_release/Software/core/integration-tests/projects/sdk44StyleTests/temp/DataServiceWithSdk44/schema/DataServiceWithSdk44/./ISO_extensions.xsd
Getting namespaces from schema /Users/ervin/Projects/caGrid/caGrid-1_5_release/Software/core/integration-tests/projects/sdk44StyleTests/temp/DataServiceWithSdk44/schema/DataServiceWithSdk44/./CQLQueryComponents.xsd
Getting namespaces from schema /Users/ervin/Projects/caGrid/caGrid-1_5_release/Software/core/integration-tests/projects/sdk44StyleTests/temp/DataServiceWithSdk44/schema/DataServiceWithSdk44/./CQLQueryResults.xsd
Getting namespaces from schema /Users/ervin/Projects/caGrid/caGrid-1_5_release/Software/core/integration-tests/projects/sdk44StyleTests/temp/DataServiceWithSdk44/schema/DataServiceWithSdk44/Aggregations.xsd
Synchronizing with pre processing extensions
Set service metadata file location to:serviceMetadata.xml
Found existing domain model resource property
Found existing domain model resource property
Domain model source determined to be preBuilt
Imported operation's WSDL not found in service directory, using WSDL from globus...
Looking for namespace prefix for message wsrpw:GetMultipleResourcePropertiesRequest
Setting message GetMultipleResourcePropertiesRequest nsPrefix: wsrpw
Looking for namespace prefix for message wsrpw:GetMultipleResourcePropertiesResponse
Setting message GetMultipleResourcePropertiesResponse nsPrefix: wsrpw
Looking for namespace prefix for message wsrpw:ResourceUnknownFault
Setting message ResourceUnknownFault nsPrefix: wsrpw
Looking for namespace prefix for message wsrpw:InvalidResourcePropertyQNameFault
Setting message InvalidResourcePropertyQNameFault nsPrefix: wsrpw
Imported operation's WSDL not found in service directory, using WSDL from globus...
Looking for namespace prefix for message wsrpw:GetResourcePropertyRequest
Setting message GetResourcePropertyRequest nsPrefix: wsrpw
Looking for namespace prefix for message wsrpw:GetResourcePropertyResponse
Setting message GetResourcePropertyResponse nsPrefix: wsrpw
Looking for namespace prefix for message wsrpw:ResourceUnknownFault
Setting message ResourceUnknownFault nsPrefix: wsrpw
Looking for namespace prefix for message wsrpw:InvalidResourcePropertyQNameFault
Setting message InvalidResourcePropertyQNameFault nsPrefix: wsrpw
Imported operation's WSDL not found in service directory, using WSDL from globus...
Looking for namespace prefix for message wsrpw:QueryResourcePropertiesRequest
Setting message QueryResourcePropertiesRequest nsPrefix: wsrpw
Looking for namespace prefix for message wsrpw:QueryResourcePropertiesResponse
Setting message QueryResourcePropertiesResponse nsPrefix: wsrpw
Looking for namespace prefix for message wsrpw:ResourceUnknownFault
Setting message ResourceUnknownFault nsPrefix: wsrpw
Looking for namespace prefix for message wsrpw:InvalidResourcePropertyQNameFault
Setting message InvalidResourcePropertyQNameFault nsPrefix: wsrpw
Looking for namespace prefix for message wsrpw:UnknownQueryExpressionDialectFault
Setting message UnknownQueryExpressionDialectFault nsPrefix: wsrpw
Looking for namespace prefix for message wsrpw:InvalidQueryExpressionFault
Setting message InvalidQueryExpressionFault nsPrefix: wsrpw
Looking for namespace prefix for message wsrpw:QueryEvaluationErrorFault
Setting message QueryEvaluationErrorFault nsPrefix: wsrpw
Looking for namespace prefix for message tns:GetServiceSecurityMetadataRequest
Setting message GetServiceSecurityMetadataRequest nsPrefix: wns1
Looking for namespace prefix for message tns:GetServiceSecurityMetadataResponse
Setting message GetServiceSecurityMetadataResponse nsPrefix: wns1
Looking for namespace prefix for message tns:QueryRequest
Setting message QueryRequest nsPrefix: wns2
Looking for namespace prefix for message tns:QueryResponse
Setting message QueryResponse nsPrefix: wns2
Looking for namespace prefix for message tns:QueryProcessingExceptionFaultMessage
Setting message QueryProcessingExceptionFaultMessage nsPrefix: wns2
Looking for namespace prefix for message tns:MalformedQueryExceptionFaultMessage
Setting message MalformedQueryExceptionFaultMessage nsPrefix: wns2
Looking for namespace prefix for message tns:ExecuteQueryRequest
Setting message ExecuteQueryRequest nsPrefix: wns3
Looking for namespace prefix for message tns:ExecuteQueryResponse
Setting message ExecuteQueryResponse nsPrefix: wns3
Looking for namespace prefix for message tns:MalformedQueryExceptionFaultMessage
Setting message MalformedQueryExceptionFaultMessage nsPrefix: wns3
Looking for namespace prefix for message tns:QueryProcessingExceptionFaultMessage
Setting message QueryProcessingExceptionFaultMessage nsPrefix: wns3
Getting namespaces from schema /Users/ervin/Projects/caGrid/caGrid-1_5_release/Software/core/integration-tests/projects/sdk44StyleTests/temp/DataServiceWithSdk44/schema/DataServiceWithSdk44/gov.nih.nci.cacoresdk.domain.inheritance.implicit.xsd
adding namepace uri:iso.org:21090
Getting namespaces from schema /Users/ervin/Projects/caGrid/caGrid-1_5_release/Software/core/integration-tests/projects/sdk44StyleTests/temp/DataServiceWithSdk44/schema/DataServiceWithSdk44/ISO_datatypes_Narrative.xsd
Getting namespaces from schema /Users/ervin/Projects/caGrid/caGrid-1_5_release/Software/core/integration-tests/projects/sdk44StyleTests/temp/DataServiceWithSdk44/schema/DataServiceWithSdk44/./DataServiceWithSdk44Types.xsd
Getting namespaces from schema /Users/ervin/Projects/caGrid/caGrid-1_5_release/Software/core/integration-tests/projects/sdk44StyleTests/temp/DataServiceWithSdk44/schema/DataServiceWithSdk44/gov.nih.nci.cacoresdk.domain.inheritance.childwithassociation.sametable.xsd
Getting namespaces from schema /Users/ervin/Projects/caGrid/caGrid-1_5_release/Software/core/integration-tests/projects/sdk44StyleTests/temp/DataServiceWithSdk44/schema/DataServiceWithSdk44/ISO_datatypes_Narrative.xsd
Getting namespaces from schema /Users/ervin/Projects/caGrid/caGrid-1_5_release/Software/core/integration-tests/projects/sdk44StyleTests/temp/DataServiceWithSdk44/schema/DataServiceWithSdk44/gov.nih.nci.cacoresdk.domain.inheritance.parentwithassociation.xsd
Getting namespaces from schema /Users/ervin/Projects/caGrid/caGrid-1_5_release/Software/core/integration-tests/projects/sdk44StyleTests/temp/DataServiceWithSdk44/schema/DataServiceWithSdk44/ISO_datatypes_Narrative.xsd
Getting namespaces from schema /Users/ervin/Projects/caGrid/caGrid-1_5_release/Software/core/integration-tests/projects/sdk44StyleTests/temp/DataServiceWithSdk44/schema/DataServiceWithSdk44/./xsd/cagrid/types/service/servicemodel.xsd
adding namepace gme://caGrid.caBIG/1.0/gov.nih.nci.cagrid.metadata.common
Getting namespaces from schema /Users/ervin/Projects/caGrid/caGrid-1_5_release/Software/core/integration-tests/projects/sdk44StyleTests/temp/DataServiceWithSdk44/schema/DataServiceWithSdk44/xsd/cagrid/types/common/common.xsd
Getting namespaces from schema /Users/ervin/Projects/caGrid/caGrid-1_5_release/Software/core/integration-tests/projects/sdk44StyleTests/temp/DataServiceWithSdk44/schema/DataServiceWithSdk44/./xsd/cagrid/types/data/data.xsd
Getting namespaces from schema /Users/ervin/Projects/caGrid/caGrid-1_5_release/Software/core/integration-tests/projects/sdk44StyleTests/temp/DataServiceWithSdk44/schema/DataServiceWithSdk44/xsd/cagrid/types/common/common.xsd
Getting namespaces from schema /Users/ervin/Projects/caGrid/caGrid-1_5_release/Software/core/integration-tests/projects/sdk44StyleTests/temp/DataServiceWithSdk44/schema/DataServiceWithSdk44/gov.nih.nci.cacoresdk.domain.onetomany.bidirectional.withjoin.xsd
Getting namespaces from schema /Users/ervin/Projects/caGrid/caGrid-1_5_release/Software/core/integration-tests/projects/sdk44StyleTests/temp/DataServiceWithSdk44/schema/DataServiceWithSdk44/ISO_datatypes_Narrative.xsd
Getting namespaces from schema /Users/ervin/Projects/caGrid/caGrid-1_5_release/Software/core/integration-tests/projects/sdk44StyleTests/temp/DataServiceWithSdk44/schema/DataServiceWithSdk44/./DataServiceWithSdk44_CQLResultTypes.xsd
adding namepace gme://caCORE.caCORE/3.2/gov.nih.nci.cacoresdk.domain.inheritance.abstrakt
Getting namespaces from schema /Users/ervin/Projects/caGrid/caGrid-1_5_release/Software/core/integration-tests/projects/sdk44StyleTests/temp/DataServiceWithSdk44/schema/DataServiceWithSdk44/gov.nih.nci.cacoresdk.domain.inheritance.abstrakt.xsd
Getting namespaces from schema /Users/ervin/Projects/caGrid/caGrid-1_5_release/Software/core/integration-tests/projects/sdk44StyleTests/temp/DataServiceWithSdk44/schema/DataServiceWithSdk44/ISO_datatypes_Narrative.xsd
adding namepace gme://caCORE.caCORE/3.2/gov.nih.nci.cacoresdk.domain.inheritance.childwithassociation.sametable
Getting namespaces from schema /Users/ervin/Projects/caGrid/caGrid-1_5_release/Software/core/integration-tests/projects/sdk44StyleTests/temp/DataServiceWithSdk44/schema/DataServiceWithSdk44/gov.nih.nci.cacoresdk.domain.inheritance.childwithassociation.sametable.xsd
WARNING: Schema imports contain circular references. /Users/ervin/Projects/caGrid/caGrid-1_5_release/Software/core/integration-tests/projects/sdk44StyleTests/temp/DataServiceWithSdk44/schema/DataServiceWithSdk44/gov.nih.nci.cacoresdk.domain.inheritance.childwithassociation.sametable.xsd
adding namepace gme://caCORE.caCORE/3.2/gov.nih.nci.cacoresdk.domain.inheritance.childwithassociation
Getting namespaces from schema /Users/ervin/Projects/caGrid/caGrid-1_5_release/Software/core/integration-tests/projects/sdk44StyleTests/temp/DataServiceWithSdk44/schema/DataServiceWithSdk44/gov.nih.nci.cacoresdk.domain.inheritance.childwithassociation.xsd
WARNING: Schema imports contain circular references. /Users/ervin/Projects/caGrid/caGrid-1_5_release/Software/core/integration-tests/projects/sdk44StyleTests/temp/DataServiceWithSdk44/schema/DataServiceWithSdk44/gov.nih.nci.cacoresdk.domain.inheritance.childwithassociation.xsd
adding namepace gme://caCORE.caCORE/3.2/gov.nih.nci.cacoresdk.domain.inheritance.implicit
Getting namespaces from schema /Users/ervin/Projects/caGrid/caGrid-1_5_release/Software/core/integration-tests/projects/sdk44StyleTests/temp/DataServiceWithSdk44/schema/DataServiceWithSdk44/gov.nih.nci.cacoresdk.domain.inheritance.implicit.xsd
WARNING: Schema imports contain circular references. /Users/ervin/Projects/caGrid/caGrid-1_5_release/Software/core/integration-tests/projects/sdk44StyleTests/temp/DataServiceWithSdk44/schema/DataServiceWithSdk44/gov.nih.nci.cacoresdk.domain.inheritance.implicit.xsd
adding namepace gme://caCORE.caCORE/3.2/gov.nih.nci.cacoresdk.domain.inheritance.multiplechild.sametable
Getting namespaces from schema /Users/ervin/Projects/caGrid/caGrid-1_5_release/Software/core/integration-tests/projects/sdk44StyleTests/temp/DataServiceWithSdk44/schema/DataServiceWithSdk44/gov.nih.nci.cacoresdk.domain.inheritance.multiplechild.sametable.xsd
WARNING: Schema imports contain circular references. /Users/ervin/Projects/caGrid/caGrid-1_5_release/Software/core/integration-tests/projects/sdk44StyleTests/temp/DataServiceWithSdk44/schema/DataServiceWithSdk44/gov.nih.nci.cacoresdk.domain.inheritance.multiplechild.sametable.xsd
adding namepace gme://caCORE.caCORE/3.2/gov.nih.nci.cacoresdk.domain.inheritance.multiplechild
Getting namespaces from schema /Users/ervin/Projects/caGrid/caGrid-1_5_release/Software/core/integration-tests/projects/sdk44StyleTests/temp/DataServiceWithSdk44/schema/DataServiceWithSdk44/gov.nih.nci.cacoresdk.domain.inheritance.multiplechild.xsd
WARNING: Schema imports contain circular references. /Users/ervin/Projects/caGrid/caGrid-1_5_release/Software/core/integration-tests/projects/sdk44StyleTests/temp/DataServiceWithSdk44/schema/DataServiceWithSdk44/gov.nih.nci.cacoresdk.domain.inheritance.multiplechild.xsd
adding namepace gme://caCORE.caCORE/3.2/gov.nih.nci.cacoresdk.domain.inheritance.onechild.sametable
Getting namespaces from schema /Users/ervin/Projects/caGrid/caGrid-1_5_release/Software/core/integration-tests/projects/sdk44StyleTests/temp/DataServiceWithSdk44/schema/DataServiceWithSdk44/gov.nih.nci.cacoresdk.domain.inheritance.onechild.sametable.xsd
WARNING: Schema imports contain circular references. /Users/ervin/Projects/caGrid/caGrid-1_5_release/Software/core/integration-tests/projects/sdk44StyleTests/temp/DataServiceWithSdk44/schema/DataServiceWithSdk44/gov.nih.nci.cacoresdk.domain.inheritance.onechild.sametable.xsd
adding namepace gme://caCORE.caCORE/3.2/gov.nih.nci.cacoresdk.domain.inheritance.onechild
Getting namespaces from schema /Users/ervin/Projects/caGrid/caGrid-1_5_release/Software/core/integration-tests/projects/sdk44StyleTests/temp/DataServiceWithSdk44/schema/DataServiceWithSdk44/gov.nih.nci.cacoresdk.domain.inheritance.onechild.xsd
WARNING: Schema imports contain circular references. /Users/ervin/Projects/caGrid/caGrid-1_5_release/Software/core/integration-tests/projects/sdk44StyleTests/temp/DataServiceWithSdk44/schema/DataServiceWithSdk44/gov.nih.nci.cacoresdk.domain.inheritance.onechild.xsd
adding namepace gme://caCORE.caCORE/3.2/gov.nih.nci.cacoresdk.domain.inheritance.parentwithassociation.sametable
Getting namespaces from schema /Users/ervin/Projects/caGrid/caGrid-1_5_release/Software/core/integration-tests/projects/sdk44StyleTests/temp/DataServiceWithSdk44/schema/DataServiceWithSdk44/gov.nih.nci.cacoresdk.domain.inheritance.parentwithassociation.sametable.xsd
WARNING: Schema imports contain circular references. /Users/ervin/Projects/caGrid/caGrid-1_5_release/Software/core/integration-tests/projects/sdk44StyleTests/temp/DataServiceWithSdk44/schema/DataServiceWithSdk44/gov.nih.nci.cacoresdk.domain.inheritance.parentwithassociation.sametable.xsd
adding namepace gme://caCORE.caCORE/3.2/gov.nih.nci.cacoresdk.domain.inheritance.parentwithassociation
Getting namespaces from schema /Users/ervin/Projects/caGrid/caGrid-1_5_release/Software/core/integration-tests/projects/sdk44StyleTests/temp/DataServiceWithSdk44/schema/DataServiceWithSdk44/gov.nih.nci.cacoresdk.domain.inheritance.parentwithassociation.xsd
WARNING: Schema imports contain circular references. /Users/ervin/Projects/caGrid/caGrid-1_5_release/Software/core/integration-tests/projects/sdk44StyleTests/temp/DataServiceWithSdk44/schema/DataServiceWithSdk44/gov.nih.nci.cacoresdk.domain.inheritance.parentwithassociation.xsd
adding namepace gme://caCORE.caCORE/3.2/gov.nih.nci.cacoresdk.domain.inheritance.twolevelinheritance.sametable
Getting namespaces from schema /Users/ervin/Projects/caGrid/caGrid-1_5_release/Software/core/integration-tests/projects/sdk44StyleTests/temp/DataServiceWithSdk44/schema/DataServiceWithSdk44/gov.nih.nci.cacoresdk.domain.inheritance.twolevelinheritance.sametable.xsd
WARNING: Schema imports contain circular references. /Users/ervin/Projects/caGrid/caGrid-1_5_release/Software/core/integration-tests/projects/sdk44StyleTests/temp/DataServiceWithSdk44/schema/DataServiceWithSdk44/gov.nih.nci.cacoresdk.domain.inheritance.twolevelinheritance.sametable.xsd
adding namepace gme://caCORE.caCORE/3.2/gov.nih.nci.cacoresdk.domain.inheritance.twolevelinheritance.sametablerootlevel
Getting namespaces from schema /Users/ervin/Projects/caGrid/caGrid-1_5_release/Software/core/integration-tests/projects/sdk44StyleTests/temp/DataServiceWithSdk44/schema/DataServiceWithSdk44/gov.nih.nci.cacoresdk.domain.inheritance.twolevelinheritance.sametablerootlevel.xsd
WARNING: Schema imports contain circular references. /Users/ervin/Projects/caGrid/caGrid-1_5_release/Software/core/integration-tests/projects/sdk44StyleTests/temp/DataServiceWithSdk44/schema/DataServiceWithSdk44/gov.nih.nci.cacoresdk.domain.inheritance.twolevelinheritance.sametablerootlevel.xsd
adding namepace gme://caCORE.caCORE/3.2/gov.nih.nci.cacoresdk.domain.inheritance.twolevelinheritance
Getting namespaces from schema /Users/ervin/Projects/caGrid/caGrid-1_5_release/Software/core/integration-tests/projects/sdk44StyleTests/temp/DataServiceWithSdk44/schema/DataServiceWithSdk44/gov.nih.nci.cacoresdk.domain.inheritance.twolevelinheritance.xsd
WARNING: Schema imports contain circular references. /Users/ervin/Projects/caGrid/caGrid-1_5_release/Software/core/integration-tests/projects/sdk44StyleTests/temp/DataServiceWithSdk44/schema/DataServiceWithSdk44/gov.nih.nci.cacoresdk.domain.inheritance.twolevelinheritance.xsd
adding namepace gme://caCORE.caCORE/3.2/gov.nih.nci.cacoresdk.domain.interfaze
Getting namespaces from schema /Users/ervin/Projects/caGrid/caGrid-1_5_release/Software/core/integration-tests/projects/sdk44StyleTests/temp/DataServiceWithSdk44/schema/DataServiceWithSdk44/gov.nih.nci.cacoresdk.domain.interfaze.xsd
WARNING: Schema imports contain circular references. /Users/ervin/Projects/caGrid/caGrid-1_5_release/Software/core/integration-tests/projects/sdk44StyleTests/temp/DataServiceWithSdk44/schema/DataServiceWithSdk44/gov.nih.nci.cacoresdk.domain.interfaze.xsd
adding namepace gme://caCORE.caCORE/3.2/gov.nih.nci.cacoresdk.domain.manytomany.bidirectional
Getting namespaces from schema /Users/ervin/Projects/caGrid/caGrid-1_5_release/Software/core/integration-tests/projects/sdk44StyleTests/temp/DataServiceWithSdk44/schema/DataServiceWithSdk44/gov.nih.nci.cacoresdk.domain.manytomany.bidirectional.xsd
WARNING: Schema imports contain circular references. /Users/ervin/Projects/caGrid/caGrid-1_5_release/Software/core/integration-tests/projects/sdk44StyleTests/temp/DataServiceWithSdk44/schema/DataServiceWithSdk44/gov.nih.nci.cacoresdk.domain.manytomany.bidirectional.xsd
adding namepace gme://caCORE.caCORE/3.2/gov.nih.nci.cacoresdk.domain.manytomany.unidirectional
Getting namespaces from schema /Users/ervin/Projects/caGrid/caGrid-1_5_release/Software/core/integration-tests/projects/sdk44StyleTests/temp/DataServiceWithSdk44/schema/DataServiceWithSdk44/gov.nih.nci.cacoresdk.domain.manytomany.unidirectional.xsd
WARNING: Schema imports contain circular references. /Users/ervin/Projects/caGrid/caGrid-1_5_release/Software/core/integration-tests/projects/sdk44StyleTests/temp/DataServiceWithSdk44/schema/DataServiceWithSdk44/gov.nih.nci.cacoresdk.domain.manytomany.unidirectional.xsd
adding namepace gme://caCORE.caCORE/3.2/gov.nih.nci.cacoresdk.domain.manytoone.unidirectional.withjoin
Getting namespaces from schema /Users/ervin/Projects/caGrid/caGrid-1_5_release/Software/core/integration-tests/projects/sdk44StyleTests/temp/DataServiceWithSdk44/schema/DataServiceWithSdk44/gov.nih.nci.cacoresdk.domain.manytoone.unidirectional.withjoin.xsd
WARNING: Schema imports contain circular references. /Users/ervin/Projects/caGrid/caGrid-1_5_release/Software/core/integration-tests/projects/sdk44StyleTests/temp/DataServiceWithSdk44/schema/DataServiceWithSdk44/gov.nih.nci.cacoresdk.domain.manytoone.unidirectional.withjoin.xsd
adding namepace gme://caCORE.caCORE/3.2/gov.nih.nci.cacoresdk.domain.manytoone.unidirectional
Getting namespaces from schema /Users/ervin/Projects/caGrid/caGrid-1_5_release/Software/core/integration-tests/projects/sdk44StyleTests/temp/DataServiceWithSdk44/schema/DataServiceWithSdk44/gov.nih.nci.cacoresdk.domain.manytoone.unidirectional.xsd
WARNING: Schema imports contain circular references. /Users/ervin/Projects/caGrid/caGrid-1_5_release/Software/core/integration-tests/projects/sdk44StyleTests/temp/DataServiceWithSdk44/schema/DataServiceWithSdk44/gov.nih.nci.cacoresdk.domain.manytoone.unidirectional.xsd
adding namepace gme://caCORE.caCORE/3.2/gov.nih.nci.cacoresdk.domain.onetomany.bidirectional.withjoin
Getting namespaces from schema /Users/ervin/Projects/caGrid/caGrid-1_5_release/Software/core/integration-tests/projects/sdk44StyleTests/temp/DataServiceWithSdk44/schema/DataServiceWithSdk44/gov.nih.nci.cacoresdk.domain.onetomany.bidirectional.withjoin.xsd
WARNING: Schema imports contain circular references. /Users/ervin/Projects/caGrid/caGrid-1_5_release/Software/core/integration-tests/projects/sdk44StyleTests/temp/DataServiceWithSdk44/schema/DataServiceWithSdk44/gov.nih.nci.cacoresdk.domain.onetomany.bidirectional.withjoin.xsd
adding namepace gme://caCORE.caCORE/3.2/gov.nih.nci.cacoresdk.domain.onetomany.bidirectional
Getting namespaces from schema /Users/ervin/Projects/caGrid/caGrid-1_5_release/Software/core/integration-tests/projects/sdk44StyleTests/temp/DataServiceWithSdk44/schema/DataServiceWithSdk44/gov.nih.nci.cacoresdk.domain.onetomany.bidirectional.xsd
WARNING: Schema imports contain circular references. /Users/ervin/Projects/caGrid/caGrid-1_5_release/Software/core/integration-tests/projects/sdk44StyleTests/temp/DataServiceWithSdk44/schema/DataServiceWithSdk44/gov.nih.nci.cacoresdk.domain.onetomany.bidirectional.xsd
adding namepace gme://caCORE.caCORE/3.2/gov.nih.nci.cacoresdk.domain.onetomany.selfassociation
Getting namespaces from schema /Users/ervin/Projects/caGrid/caGrid-1_5_release/Software/core/integration-tests/projects/sdk44StyleTests/temp/DataServiceWithSdk44/schema/DataServiceWithSdk44/gov.nih.nci.cacoresdk.domain.onetomany.selfassociation.xsd
WARNING: Schema imports contain circular references. /Users/ervin/Projects/caGrid/caGrid-1_5_release/Software/core/integration-tests/projects/sdk44StyleTests/temp/DataServiceWithSdk44/schema/DataServiceWithSdk44/gov.nih.nci.cacoresdk.domain.onetomany.selfassociation.xsd
adding namepace gme://caCORE.caCORE/3.2/gov.nih.nci.cacoresdk.domain.onetomany.unidirectional.withjoin
Getting namespaces from schema /Users/ervin/Projects/caGrid/caGrid-1_5_release/Software/core/integration-tests/projects/sdk44StyleTests/temp/DataServiceWithSdk44/schema/DataServiceWithSdk44/gov.nih.nci.cacoresdk.domain.onetomany.unidirectional.withjoin.xsd
WARNING: Schema imports contain circular references. /Users/ervin/Projects/caGrid/caGrid-1_5_release/Software/core/integration-tests/projects/sdk44StyleTests/temp/DataServiceWithSdk44/schema/DataServiceWithSdk44/gov.nih.nci.cacoresdk.domain.onetomany.unidirectional.withjoin.xsd
adding namepace gme://caCORE.caCORE/3.2/gov.nih.nci.cacoresdk.domain.onetomany.unidirectional
Getting namespaces from schema /Users/ervin/Projects/caGrid/caGrid-1_5_release/Software/core/integration-tests/projects/sdk44StyleTests/temp/DataServiceWithSdk44/schema/DataServiceWithSdk44/gov.nih.nci.cacoresdk.domain.onetomany.unidirectional.xsd
WARNING: Schema imports contain circular references. /Users/ervin/Projects/caGrid/caGrid-1_5_release/Software/core/integration-tests/projects/sdk44StyleTests/temp/DataServiceWithSdk44/schema/DataServiceWithSdk44/gov.nih.nci.cacoresdk.domain.onetomany.unidirectional.xsd
adding namepace gme://caCORE.caCORE/3.2/gov.nih.nci.cacoresdk.domain.onetoone.bidirectional.withjoin
Getting namespaces from schema /Users/ervin/Projects/caGrid/caGrid-1_5_release/Software/core/integration-tests/projects/sdk44StyleTests/temp/DataServiceWithSdk44/schema/DataServiceWithSdk44/gov.nih.nci.cacoresdk.domain.onetoone.bidirectional.withjoin.xsd
WARNING: Schema imports contain circular references. /Users/ervin/Projects/caGrid/caGrid-1_5_release/Software/core/integration-tests/projects/sdk44StyleTests/temp/DataServiceWithSdk44/schema/DataServiceWithSdk44/gov.nih.nci.cacoresdk.domain.onetoone.bidirectional.withjoin.xsd
adding namepace gme://caCORE.caCORE/3.2/gov.nih.nci.cacoresdk.domain.onetoone.bidirectional
Getting namespaces from schema /Users/ervin/Projects/caGrid/caGrid-1_5_release/Software/core/integration-tests/projects/sdk44StyleTests/temp/DataServiceWithSdk44/schema/DataServiceWithSdk44/gov.nih.nci.cacoresdk.domain.onetoone.bidirectional.xsd
WARNING: Schema imports contain circular references. /Users/ervin/Projects/caGrid/caGrid-1_5_release/Software/core/integration-tests/projects/sdk44StyleTests/temp/DataServiceWithSdk44/schema/DataServiceWithSdk44/gov.nih.nci.cacoresdk.domain.onetoone.bidirectional.xsd
adding namepace gme://caCORE.caCORE/3.2/gov.nih.nci.cacoresdk.domain.onetoone.multipleassociation.withjoin
Getting namespaces from schema /Users/ervin/Projects/caGrid/caGrid-1_5_release/Software/core/integration-tests/projects/sdk44StyleTests/temp/DataServiceWithSdk44/schema/DataServiceWithSdk44/gov.nih.nci.cacoresdk.domain.onetoone.multipleassociation.withjoin.xsd
WARNING: Schema imports contain circular references. /Users/ervin/Projects/caGrid/caGrid-1_5_release/Software/core/integration-tests/projects/sdk44StyleTests/temp/DataServiceWithSdk44/schema/DataServiceWithSdk44/gov.nih.nci.cacoresdk.domain.onetoone.multipleassociation.withjoin.xsd
adding namepace gme://caCORE.caCORE/3.2/gov.nih.nci.cacoresdk.domain.onetoone.multipleassociation
Getting namespaces from schema /Users/ervin/Projects/caGrid/caGrid-1_5_release/Software/core/integration-tests/projects/sdk44StyleTests/temp/DataServiceWithSdk44/schema/DataServiceWithSdk44/gov.nih.nci.cacoresdk.domain.onetoone.multipleassociation.xsd
WARNING: Schema imports contain circular references. /Users/ervin/Projects/caGrid/caGrid-1_5_release/Software/core/integration-tests/projects/sdk44StyleTests/temp/DataServiceWithSdk44/schema/DataServiceWithSdk44/gov.nih.nci.cacoresdk.domain.onetoone.multipleassociation.xsd
adding namepace gme://caCORE.caCORE/3.2/gov.nih.nci.cacoresdk.domain.onetoone.unidirectional.withjoin
Getting namespaces from schema /Users/ervin/Projects/caGrid/caGrid-1_5_release/Software/core/integration-tests/projects/sdk44StyleTests/temp/DataServiceWithSdk44/schema/DataServiceWithSdk44/gov.nih.nci.cacoresdk.domain.onetoone.unidirectional.withjoin.xsd
WARNING: Schema imports contain circular references. /Users/ervin/Projects/caGrid/caGrid-1_5_release/Software/core/integration-tests/projects/sdk44StyleTests/temp/DataServiceWithSdk44/schema/DataServiceWithSdk44/gov.nih.nci.cacoresdk.domain.onetoone.unidirectional.withjoin.xsd
adding namepace gme://caCORE.caCORE/3.2/gov.nih.nci.cacoresdk.domain.onetoone.unidirectional
Getting namespaces from schema /Users/ervin/Projects/caGrid/caGrid-1_5_release/Software/core/integration-tests/projects/sdk44StyleTests/temp/DataServiceWithSdk44/schema/DataServiceWithSdk44/gov.nih.nci.cacoresdk.domain.onetoone.unidirectional.xsd
WARNING: Schema imports contain circular references. /Users/ervin/Projects/caGrid/caGrid-1_5_release/Software/core/integration-tests/projects/sdk44StyleTests/temp/DataServiceWithSdk44/schema/DataServiceWithSdk44/gov.nih.nci.cacoresdk.domain.onetoone.unidirectional.xsd
adding namepace gme://caCORE.caCORE/3.2/gov.nih.nci.cacoresdk.domain.other.datatype
Getting namespaces from schema /Users/ervin/Projects/caGrid/caGrid-1_5_release/Software/core/integration-tests/projects/sdk44StyleTests/temp/DataServiceWithSdk44/schema/DataServiceWithSdk44/gov.nih.nci.cacoresdk.domain.other.datatype.xsd
WARNING: Schema imports contain circular references. /Users/ervin/Projects/caGrid/caGrid-1_5_release/Software/core/integration-tests/projects/sdk44StyleTests/temp/DataServiceWithSdk44/schema/DataServiceWithSdk44/gov.nih.nci.cacoresdk.domain.other.datatype.xsd
adding namepace gme://caCORE.caCORE/3.2/gov.nih.nci.cacoresdk.domain.other.differentpackage.associations
Getting namespaces from schema /Users/ervin/Projects/caGrid/caGrid-1_5_release/Software/core/integration-tests/projects/sdk44StyleTests/temp/DataServiceWithSdk44/schema/DataServiceWithSdk44/gov.nih.nci.cacoresdk.domain.other.differentpackage.associations.xsd
adding namepace gme://caCORE.caCORE/3.2/gov.nih.nci.cacoresdk.domain.other.differentpackage
Getting namespaces from schema /Users/ervin/Projects/caGrid/caGrid-1_5_release/Software/core/integration-tests/projects/sdk44StyleTests/temp/DataServiceWithSdk44/schema/DataServiceWithSdk44/gov.nih.nci.cacoresdk.domain.other.differentpackage.xsd
WARNING: Schema imports contain circular references. /Users/ervin/Projects/caGrid/caGrid-1_5_release/Software/core/integration-tests/projects/sdk44StyleTests/temp/DataServiceWithSdk44/schema/DataServiceWithSdk44/gov.nih.nci.cacoresdk.domain.other.differentpackage.xsd
WARNING: Schema imports contain circular references. /Users/ervin/Projects/caGrid/caGrid-1_5_release/Software/core/integration-tests/projects/sdk44StyleTests/temp/DataServiceWithSdk44/schema/DataServiceWithSdk44/gov.nih.nci.cacoresdk.domain.other.differentpackage.associations.xsd
WARNING: Schema imports contain circular references. /Users/ervin/Projects/caGrid/caGrid-1_5_release/Software/core/integration-tests/projects/sdk44StyleTests/temp/DataServiceWithSdk44/schema/DataServiceWithSdk44/./DataServiceWithSdk44_CQLResultTypes.xsd
adding namepace gme://caCORE.caCORE/3.2/gov.nih.nci.cacoresdk.domain.other.levelassociation
Getting namespaces from schema /Users/ervin/Projects/caGrid/caGrid-1_5_release/Software/core/integration-tests/projects/sdk44StyleTests/temp/DataServiceWithSdk44/schema/DataServiceWithSdk44/gov.nih.nci.cacoresdk.domain.other.levelassociation.xsd
WARNING: Schema imports contain circular references. /Users/ervin/Projects/caGrid/caGrid-1_5_release/Software/core/integration-tests/projects/sdk44StyleTests/temp/DataServiceWithSdk44/schema/DataServiceWithSdk44/gov.nih.nci.cacoresdk.domain.other.levelassociation.xsd
adding namepace gme://caCORE.caCORE/3.2/gov.nih.nci.cacoresdk.domain.other.primarykey
Getting namespaces from schema /Users/ervin/Projects/caGrid/caGrid-1_5_release/Software/core/integration-tests/projects/sdk44StyleTests/temp/DataServiceWithSdk44/schema/DataServiceWithSdk44/gov.nih.nci.cacoresdk.domain.other.primarykey.xsd
WARNING: Schema imports contain circular references. /Users/ervin/Projects/caGrid/caGrid-1_5_release/Software/core/integration-tests/projects/sdk44StyleTests/temp/DataServiceWithSdk44/schema/DataServiceWithSdk44/gov.nih.nci.cacoresdk.domain.other.primarykey.xsd
adding namepace gme://caCORE.caCORE/3.2/gov.nih.nci.cacoresdk.domain.other.validationtype
Getting namespaces from schema /Users/ervin/Projects/caGrid/caGrid-1_5_release/Software/core/integration-tests/projects/sdk44StyleTests/temp/DataServiceWithSdk44/schema/DataServiceWithSdk44/gov.nih.nci.cacoresdk.domain.other.validationtype.xsd
WARNING: Schema imports contain circular references. /Users/ervin/Projects/caGrid/caGrid-1_5_release/Software/core/integration-tests/projects/sdk44StyleTests/temp/DataServiceWithSdk44/schema/DataServiceWithSdk44/gov.nih.nci.cacoresdk.domain.other.validationtype.xsd
Getting namespaces from schema /Users/ervin/Projects/caGrid/caGrid-1_5_release/Software/core/integration-tests/projects/sdk44StyleTests/temp/DataServiceWithSdk44/schema/DataServiceWithSdk44/ISO_extensions.xsd
Getting namespaces from schema /Users/ervin/Projects/caGrid/caGrid-1_5_release/Software/core/integration-tests/projects/sdk44StyleTests/temp/DataServiceWithSdk44/schema/DataServiceWithSdk44/gov.nih.nci.cacoresdk.domain.onetoone.multipleassociation.xsd
Getting namespaces from schema /Users/ervin/Projects/caGrid/caGrid-1_5_release/Software/core/integration-tests/projects/sdk44StyleTests/temp/DataServiceWithSdk44/schema/DataServiceWithSdk44/ISO_datatypes_Narrative.xsd
Getting namespaces from schema /Users/ervin/Projects/caGrid/caGrid-1_5_release/Software/core/integration-tests/projects/sdk44StyleTests/temp/DataServiceWithSdk44/schema/DataServiceWithSdk44/./QueryLanguageSupportMetadata.xsd
adding namepace http://CQL.caBIG/2/org.cagrid.cql2.extensionsupport
Getting namespaces from schema /Users/ervin/Projects/caGrid/caGrid-1_5_release/Software/core/integration-tests/projects/sdk44StyleTests/temp/DataServiceWithSdk44/schema/DataServiceWithSdk44/CQLSupportedExtensions.xsd
Getting namespaces from schema /Users/ervin/Projects/caGrid/caGrid-1_5_release/Software/core/integration-tests/projects/sdk44StyleTests/temp/DataServiceWithSdk44/schema/DataServiceWithSdk44/gov.nih.nci.cacoresdk.domain.onetomany.bidirectional.xsd
Getting namespaces from schema /Users/ervin/Projects/caGrid/caGrid-1_5_release/Software/core/integration-tests/projects/sdk44StyleTests/temp/DataServiceWithSdk44/schema/DataServiceWithSdk44/ISO_datatypes_Narrative.xsd
Getting namespaces from schema /Users/ervin/Projects/caGrid/caGrid-1_5_release/Software/core/integration-tests/projects/sdk44StyleTests/temp/DataServiceWithSdk44/schema/DataServiceWithSdk44/gov.nih.nci.cacoresdk.domain.inheritance.multiplechild.xsd
Getting namespaces from schema /Users/ervin/Projects/caGrid/caGrid-1_5_release/Software/core/integration-tests/projects/sdk44StyleTests/temp/DataServiceWithSdk44/schema/DataServiceWithSdk44/ISO_datatypes_Narrative.xsd
Getting namespaces from schema /Users/ervin/Projects/caGrid/caGrid-1_5_release/Software/core/integration-tests/projects/sdk44StyleTests/temp/DataServiceWithSdk44/schema/DataServiceWithSdk44/./CQLQueryComponents.xsd
Getting namespaces from schema /Users/ervin/Projects/caGrid/caGrid-1_5_release/Software/core/integration-tests/projects/sdk44StyleTests/temp/DataServiceWithSdk44/schema/DataServiceWithSdk44/gov.nih.nci.cacoresdk.domain.inheritance.multiplechild.sametable.xsd
Getting namespaces from schema /Users/ervin/Projects/caGrid/caGrid-1_5_release/Software/core/integration-tests/projects/sdk44StyleTests/temp/DataServiceWithSdk44/schema/DataServiceWithSdk44/ISO_datatypes_Narrative.xsd
Getting namespaces from schema /Users/ervin/Projects/caGrid/caGrid-1_5_release/Software/core/integration-tests/projects/sdk44StyleTests/temp/DataServiceWithSdk44/schema/DataServiceWithSdk44/gov.nih.nci.cacoresdk.domain.inheritance.parentwithassociation.sametable.xsd
Getting namespaces from schema /Users/ervin/Projects/caGrid/caGrid-1_5_release/Software/core/integration-tests/projects/sdk44StyleTests/temp/DataServiceWithSdk44/schema/DataServiceWithSdk44/ISO_datatypes_Narrative.xsd
Getting namespaces from schema /Users/ervin/Projects/caGrid/caGrid-1_5_release/Software/core/integration-tests/projects/sdk44StyleTests/temp/DataServiceWithSdk44/schema/DataServiceWithSdk44/gov.nih.nci.cacoresdk.domain.inheritance.abstrakt.xsd
Getting namespaces from schema /Users/ervin/Projects/caGrid/caGrid-1_5_release/Software/core/integration-tests/projects/sdk44StyleTests/temp/DataServiceWithSdk44/schema/DataServiceWithSdk44/ISO_datatypes_Narrative.xsd
Getting namespaces from schema /Users/ervin/Projects/caGrid/caGrid-1_5_release/Software/core/integration-tests/projects/sdk44StyleTests/temp/DataServiceWithSdk44/schema/DataServiceWithSdk44/gov.nih.nci.cacoresdk.domain.manytomany.bidirectional.xsd
Getting namespaces from schema /Users/ervin/Projects/caGrid/caGrid-1_5_release/Software/core/integration-tests/projects/sdk44StyleTests/temp/DataServiceWithSdk44/schema/DataServiceWithSdk44/ISO_datatypes_Narrative.xsd
Getting namespaces from schema /Users/ervin/Projects/caGrid/caGrid-1_5_release/Software/core/integration-tests/projects/sdk44StyleTests/temp/DataServiceWithSdk44/schema/DataServiceWithSdk44/gov.nih.nci.cacoresdk.domain.onetomany.selfassociation.xsd
Getting namespaces from schema /Users/ervin/Projects/caGrid/caGrid-1_5_release/Software/core/integration-tests/projects/sdk44StyleTests/temp/DataServiceWithSdk44/schema/DataServiceWithSdk44/ISO_datatypes_Narrative.xsd
Getting namespaces from schema /Users/ervin/Projects/caGrid/caGrid-1_5_release/Software/core/integration-tests/projects/sdk44StyleTests/temp/DataServiceWithSdk44/schema/DataServiceWithSdk44/./xsd/cagrid/types/security/security.xsd
Getting namespaces from schema /Users/ervin/Projects/caGrid/caGrid-1_5_release/Software/core/integration-tests/projects/sdk44StyleTests/temp/DataServiceWithSdk44/schema/DataServiceWithSdk44/gov.nih.nci.cacoresdk.domain.other.primarykey.xsd
Getting namespaces from schema /Users/ervin/Projects/caGrid/caGrid-1_5_release/Software/core/integration-tests/projects/sdk44StyleTests/temp/DataServiceWithSdk44/schema/DataServiceWithSdk44/ISO_datatypes_Narrative.xsd
Getting namespaces from schema /Users/ervin/Projects/caGrid/caGrid-1_5_release/Software/core/integration-tests/projects/sdk44StyleTests/temp/DataServiceWithSdk44/schema/DataServiceWithSdk44/gov.nih.nci.cacoresdk.domain.other.differentpackage.xsd
Getting namespaces from schema /Users/ervin/Projects/caGrid/caGrid-1_5_release/Software/core/integration-tests/projects/sdk44StyleTests/temp/DataServiceWithSdk44/schema/DataServiceWithSdk44/gov.nih.nci.cacoresdk.domain.other.differentpackage.associations.xsd
WARNING: Schema imports contain circular references. /Users/ervin/Projects/caGrid/caGrid-1_5_release/Software/core/integration-tests/projects/sdk44StyleTests/temp/DataServiceWithSdk44/schema/DataServiceWithSdk44/gov.nih.nci.cacoresdk.domain.other.differentpackage.associations.xsd
Getting namespaces from schema /Users/ervin/Projects/caGrid/caGrid-1_5_release/Software/core/integration-tests/projects/sdk44StyleTests/temp/DataServiceWithSdk44/schema/DataServiceWithSdk44/ISO_datatypes_Narrative.xsd
WARNING: Schema imports contain circular references. /Users/ervin/Projects/caGrid/caGrid-1_5_release/Software/core/integration-tests/projects/sdk44StyleTests/temp/DataServiceWithSdk44/schema/DataServiceWithSdk44/gov.nih.nci.cacoresdk.domain.other.differentpackage.xsd
Getting namespaces from schema /Users/ervin/Projects/caGrid/caGrid-1_5_release/Software/core/integration-tests/projects/sdk44StyleTests/temp/DataServiceWithSdk44/schema/DataServiceWithSdk44/./xsd/cagrid/types/caGridMetadata.xsd
Getting namespaces from schema /Users/ervin/Projects/caGrid/caGrid-1_5_release/Software/core/integration-tests/projects/sdk44StyleTests/temp/DataServiceWithSdk44/schema/DataServiceWithSdk44/xsd/cagrid/types/common/common.xsd
adding namepace gme://caGrid.caBIG/1.0/gov.nih.nci.cagrid.metadata.service
Getting namespaces from schema /Users/ervin/Projects/caGrid/caGrid-1_5_release/Software/core/integration-tests/projects/sdk44StyleTests/temp/DataServiceWithSdk44/schema/DataServiceWithSdk44/xsd/cagrid/types/service/servicemodel.xsd
WARNING: Schema imports contain circular references. /Users/ervin/Projects/caGrid/caGrid-1_5_release/Software/core/integration-tests/projects/sdk44StyleTests/temp/DataServiceWithSdk44/schema/DataServiceWithSdk44/xsd/cagrid/types/service/servicemodel.xsd
Getting namespaces from schema /Users/ervin/Projects/caGrid/caGrid-1_5_release/Software/core/integration-tests/projects/sdk44StyleTests/temp/DataServiceWithSdk44/schema/DataServiceWithSdk44/gov.nih.nci.cacoresdk.domain.inheritance.childwithassociation.xsd
Getting namespaces from schema /Users/ervin/Projects/caGrid/caGrid-1_5_release/Software/core/integration-tests/projects/sdk44StyleTests/temp/DataServiceWithSdk44/schema/DataServiceWithSdk44/ISO_datatypes_Narrative.xsd
Getting namespaces from schema /Users/ervin/Projects/caGrid/caGrid-1_5_release/Software/core/integration-tests/projects/sdk44StyleTests/temp/DataServiceWithSdk44/schema/DataServiceWithSdk44/gov.nih.nci.cacoresdk.domain.onetoone.bidirectional.xsd
Getting namespaces from schema /Users/ervin/Projects/caGrid/caGrid-1_5_release/Software/core/integration-tests/projects/sdk44StyleTests/temp/DataServiceWithSdk44/schema/DataServiceWithSdk44/ISO_datatypes_Narrative.xsd
Getting namespaces from schema /Users/ervin/Projects/caGrid/caGrid-1_5_release/Software/core/integration-tests/projects/sdk44StyleTests/temp/DataServiceWithSdk44/schema/DataServiceWithSdk44/./CQLQueryResults.xsd
adding namepace http://CQL.caBIG/2/org.cagrid.cql2
Getting namespaces from schema /Users/ervin/Projects/caGrid/caGrid-1_5_release/Software/core/integration-tests/projects/sdk44StyleTests/temp/DataServiceWithSdk44/schema/DataServiceWithSdk44/Aggregations.xsd
Getting namespaces from schema /Users/ervin/Projects/caGrid/caGrid-1_5_release/Software/core/integration-tests/projects/sdk44StyleTests/temp/DataServiceWithSdk44/schema/DataServiceWithSdk44/gov.nih.nci.cacoresdk.domain.onetoone.unidirectional.withjoin.xsd
Getting namespaces from schema /Users/ervin/Projects/caGrid/caGrid-1_5_release/Software/core/integration-tests/projects/sdk44StyleTests/temp/DataServiceWithSdk44/schema/DataServiceWithSdk44/ISO_datatypes_Narrative.xsd
Getting namespaces from schema /Users/ervin/Projects/caGrid/caGrid-1_5_release/Software/core/integration-tests/projects/sdk44StyleTests/temp/DataServiceWithSdk44/schema/DataServiceWithSdk44/gov.nih.nci.cacoresdk.domain.inheritance.onechild.xsd
Getting namespaces from schema /Users/ervin/Projects/caGrid/caGrid-1_5_release/Software/core/integration-tests/projects/sdk44StyleTests/temp/DataServiceWithSdk44/schema/DataServiceWithSdk44/ISO_datatypes_Narrative.xsd
Getting namespaces from schema /Users/ervin/Projects/caGrid/caGrid-1_5_release/Software/core/integration-tests/projects/sdk44StyleTests/temp/DataServiceWithSdk44/schema/DataServiceWithSdk44/gov.nih.nci.cacoresdk.domain.onetoone.unidirectional.xsd
Getting namespaces from schema /Users/ervin/Projects/caGrid/caGrid-1_5_release/Software/core/integration-tests/projects/sdk44StyleTests/temp/DataServiceWithSdk44/schema/DataServiceWithSdk44/ISO_datatypes_Narrative.xsd
Getting namespaces from schema /Users/ervin/Projects/caGrid/caGrid-1_5_release/Software/core/integration-tests/projects/sdk44StyleTests/temp/DataServiceWithSdk44/schema/DataServiceWithSdk44/gov.nih.nci.cacoresdk.domain.inheritance.onechild.sametable.xsd
Getting namespaces from schema /Users/ervin/Projects/caGrid/caGrid-1_5_release/Software/core/integration-tests/projects/sdk44StyleTests/temp/DataServiceWithSdk44/schema/DataServiceWithSdk44/ISO_datatypes_Narrative.xsd
Getting namespaces from schema /Users/ervin/Projects/caGrid/caGrid-1_5_release/Software/core/integration-tests/projects/sdk44StyleTests/temp/DataServiceWithSdk44/schema/DataServiceWithSdk44/gov.nih.nci.cacoresdk.domain.onetoone.multipleassociation.withjoin.xsd
Getting namespaces from schema /Users/ervin/Projects/caGrid/caGrid-1_5_release/Software/core/integration-tests/projects/sdk44StyleTests/temp/DataServiceWithSdk44/schema/DataServiceWithSdk44/ISO_datatypes_Narrative.xsd
Getting namespaces from schema /Users/ervin/Projects/caGrid/caGrid-1_5_release/Software/core/integration-tests/projects/sdk44StyleTests/temp/DataServiceWithSdk44/schema/DataServiceWithSdk44/./ISO_extensions.xsd
Getting namespaces from schema /Users/ervin/Projects/caGrid/caGrid-1_5_release/Software/core/integration-tests/projects/sdk44StyleTests/temp/DataServiceWithSdk44/schema/DataServiceWithSdk44/gov.nih.nci.cacoresdk.domain.onetomany.unidirectional.xsd
Getting namespaces from schema /Users/ervin/Projects/caGrid/caGrid-1_5_release/Software/core/integration-tests/projects/sdk44StyleTests/temp/DataServiceWithSdk44/schema/DataServiceWithSdk44/ISO_datatypes_Narrative.xsd
Getting namespaces from schema /Users/ervin/Projects/caGrid/caGrid-1_5_release/Software/core/integration-tests/projects/sdk44StyleTests/temp/DataServiceWithSdk44/schema/DataServiceWithSdk44/gov.nih.nci.cacoresdk.domain.manytoone.unidirectional.xsd
Getting namespaces from schema /Users/ervin/Projects/caGrid/caGrid-1_5_release/Software/core/integration-tests/projects/sdk44StyleTests/temp/DataServiceWithSdk44/schema/DataServiceWithSdk44/ISO_datatypes_Narrative.xsd
Getting namespaces from schema /Users/ervin/Projects/caGrid/caGrid-1_5_release/Software/core/integration-tests/projects/sdk44StyleTests/temp/DataServiceWithSdk44/schema/DataServiceWithSdk44/gov.nih.nci.cacoresdk.domain.inheritance.twolevelinheritance.sametable.xsd
Getting namespaces from schema /Users/ervin/Projects/caGrid/caGrid-1_5_release/Software/core/integration-tests/projects/sdk44StyleTests/temp/DataServiceWithSdk44/schema/DataServiceWithSdk44/ISO_datatypes_Narrative.xsd
Getting namespaces from schema /Users/ervin/Projects/caGrid/caGrid-1_5_release/Software/core/integration-tests/projects/sdk44StyleTests/temp/DataServiceWithSdk44/schema/DataServiceWithSdk44/gov.nih.nci.cacoresdk.domain.other.validationtype.xsd
Getting namespaces from schema /Users/ervin/Projects/caGrid/caGrid-1_5_release/Software/core/integration-tests/projects/sdk44StyleTests/temp/DataServiceWithSdk44/schema/DataServiceWithSdk44/ISO_datatypes_Narrative.xsd
Getting namespaces from schema /Users/ervin/Projects/caGrid/caGrid-1_5_release/Software/core/integration-tests/projects/sdk44StyleTests/temp/DataServiceWithSdk44/schema/DataServiceWithSdk44/gov.nih.nci.cacoresdk.domain.onetoone.bidirectional.withjoin.xsd
Getting namespaces from schema /Users/ervin/Projects/caGrid/caGrid-1_5_release/Software/core/integration-tests/projects/sdk44StyleTests/temp/DataServiceWithSdk44/schema/DataServiceWithSdk44/ISO_datatypes_Narrative.xsd
Getting namespaces from schema /Users/ervin/Projects/caGrid/caGrid-1_5_release/Software/core/integration-tests/projects/sdk44StyleTests/temp/DataServiceWithSdk44/schema/DataServiceWithSdk44/gov.nih.nci.cacoresdk.domain.other.differentpackage.associations.xsd
Getting namespaces from schema /Users/ervin/Projects/caGrid/caGrid-1_5_release/Software/core/integration-tests/projects/sdk44StyleTests/temp/DataServiceWithSdk44/schema/DataServiceWithSdk44/gov.nih.nci.cacoresdk.domain.other.differentpackage.xsd
WARNING: Schema imports contain circular references. /Users/ervin/Projects/caGrid/caGrid-1_5_release/Software/core/integration-tests/projects/sdk44StyleTests/temp/DataServiceWithSdk44/schema/DataServiceWithSdk44/gov.nih.nci.cacoresdk.domain.other.differentpackage.xsd
Getting namespaces from schema /Users/ervin/Projects/caGrid/caGrid-1_5_release/Software/core/integration-tests/projects/sdk44StyleTests/temp/DataServiceWithSdk44/schema/DataServiceWithSdk44/ISO_datatypes_Narrative.xsd
WARNING: Schema imports contain circular references. /Users/ervin/Projects/caGrid/caGrid-1_5_release/Software/core/integration-tests/projects/sdk44StyleTests/temp/DataServiceWithSdk44/schema/DataServiceWithSdk44/gov.nih.nci.cacoresdk.domain.other.differentpackage.associations.xsd
Getting namespaces from schema /Users/ervin/Projects/caGrid/caGrid-1_5_release/Software/core/integration-tests/projects/sdk44StyleTests/temp/DataServiceWithSdk44/schema/DataServiceWithSdk44/gov.nih.nci.cacoresdk.domain.interfaze.xsd
Getting namespaces from schema /Users/ervin/Projects/caGrid/caGrid-1_5_release/Software/core/integration-tests/projects/sdk44StyleTests/temp/DataServiceWithSdk44/schema/DataServiceWithSdk44/ISO_datatypes_Narrative.xsd
Getting namespaces from schema /Users/ervin/Projects/caGrid/caGrid-1_5_release/Software/core/integration-tests/projects/sdk44StyleTests/temp/DataServiceWithSdk44/schema/DataServiceWithSdk44/gov.nih.nci.cacoresdk.domain.onetomany.unidirectional.withjoin.xsd
Getting namespaces from schema /Users/ervin/Projects/caGrid/caGrid-1_5_release/Software/core/integration-tests/projects/sdk44StyleTests/temp/DataServiceWithSdk44/schema/DataServiceWithSdk44/ISO_datatypes_Narrative.xsd
Getting namespaces from schema /Users/ervin/Projects/caGrid/caGrid-1_5_release/Software/core/integration-tests/projects/sdk44StyleTests/temp/DataServiceWithSdk44/schema/DataServiceWithSdk44/gov.nih.nci.cacoresdk.domain.inheritance.twolevelinheritance.sametablerootlevel.xsd
Getting namespaces from schema /Users/ervin/Projects/caGrid/caGrid-1_5_release/Software/core/integration-tests/projects/sdk44StyleTests/temp/DataServiceWithSdk44/schema/DataServiceWithSdk44/ISO_datatypes_Narrative.xsd
Getting namespaces from schema /Users/ervin/Projects/caGrid/caGrid-1_5_release/Software/core/integration-tests/projects/sdk44StyleTests/temp/DataServiceWithSdk44/schema/DataServiceWithSdk44/gov.nih.nci.cacoresdk.domain.inheritance.twolevelinheritance.xsd
Getting namespaces from schema /Users/ervin/Projects/caGrid/caGrid-1_5_release/Software/core/integration-tests/projects/sdk44StyleTests/temp/DataServiceWithSdk44/schema/DataServiceWithSdk44/ISO_datatypes_Narrative.xsd
Getting namespaces from schema /Users/ervin/Projects/caGrid/caGrid-1_5_release/Software/core/integration-tests/projects/sdk44StyleTests/temp/DataServiceWithSdk44/schema/DataServiceWithSdk44/./DataServiceExceptions.xsd
Getting namespaces from schema /Users/ervin/Projects/caGrid/caGrid-1_5_release/Software/core/integration-tests/projects/sdk44StyleTests/temp/DataServiceWithSdk44/schema/DataServiceWithSdk44/gov.nih.nci.cacoresdk.domain.other.datatype.xsd
Getting namespaces from schema /Users/ervin/Projects/caGrid/caGrid-1_5_release/Software/core/integration-tests/projects/sdk44StyleTests/temp/DataServiceWithSdk44/schema/DataServiceWithSdk44/ISO_datatypes_Narrative.xsd
Getting namespaces from schema /Users/ervin/Projects/caGrid/caGrid-1_5_release/Software/core/integration-tests/projects/sdk44StyleTests/temp/DataServiceWithSdk44/schema/DataServiceWithSdk44/./xsd/cagrid/types/common/common.xsd
Getting namespaces from schema /Users/ervin/Projects/caGrid/caGrid-1_5_release/Software/core/integration-tests/projects/sdk44StyleTests/temp/DataServiceWithSdk44/schema/DataServiceWithSdk44/./1_gov.nih.nci.cagrid.CQLResultSet.xsd
Getting namespaces from schema /Users/ervin/Projects/caGrid/caGrid-1_5_release/Software/core/integration-tests/projects/sdk44StyleTests/temp/DataServiceWithSdk44/schema/DataServiceWithSdk44/gov.nih.nci.cacoresdk.domain.manytomany.unidirectional.xsd
Getting namespaces from schema /Users/ervin/Projects/caGrid/caGrid-1_5_release/Software/core/integration-tests/projects/sdk44StyleTests/temp/DataServiceWithSdk44/schema/DataServiceWithSdk44/ISO_datatypes_Narrative.xsd
Getting namespaces from schema /Users/ervin/Projects/caGrid/caGrid-1_5_release/Software/core/integration-tests/projects/sdk44StyleTests/temp/DataServiceWithSdk44/schema/DataServiceWithSdk44/gov.nih.nci.cacoresdk.domain.other.levelassociation.xsd
Getting namespaces from schema /Users/ervin/Projects/caGrid/caGrid-1_5_release/Software/core/integration-tests/projects/sdk44StyleTests/temp/DataServiceWithSdk44/schema/DataServiceWithSdk44/ISO_datatypes_Narrative.xsd
Getting namespaces from schema /Users/ervin/Projects/caGrid/caGrid-1_5_release/Software/core/integration-tests/projects/sdk44StyleTests/temp/DataServiceWithSdk44/schema/DataServiceWithSdk44/gov.nih.nci.cacoresdk.domain.manytoone.unidirectional.withjoin.xsd
Getting namespaces from schema /Users/ervin/Projects/caGrid/caGrid-1_5_release/Software/core/integration-tests/projects/sdk44StyleTests/temp/DataServiceWithSdk44/schema/DataServiceWithSdk44/ISO_datatypes_Narrative.xsd
Getting namespaces from schema /Users/ervin/Projects/caGrid/caGrid-1_5_release/Software/core/integration-tests/projects/sdk44StyleTests/temp/DataServiceWithSdk44/schema/DataServiceWithSdk44/./1_gov.nih.nci.cagrid.CQLQuery.xsd
OUT> Buildfile: /Users/ervin/Projects/caGrid/caGrid-1_5_release/Software/core/integration-tests/projects/sdk44StyleTests/temp/DataServiceWithSdk44/build.xml
OUT> 
OUT> checkContribTasksDefined:
OUT> 
OUT> defineContribTasks:
OUT> 
OUT> clean:
OUT> 
OUT> preClean:
OUT>    [delete] Deleting directory /Users/ervin/Projects/caGrid/caGrid-1_5_release/Software/core/integration-tests/projects/sdk44StyleTests/temp/DataServiceWithSdk44/build
OUT> 
OUT> postClean:
OUT> 
OUT> checkContribTasksDefined:
OUT> 
OUT> defineContribTasks:
OUT> 
OUT> setGlobus:
OUT> 
OUT> checkGlobus:
OUT>      [echo] Globus: /Users/ervin/Installs/globus/ws-core-4.0.3-sha2/
OUT> 
OUT> defineClasspaths:
OUT> 
OUT> defineExtendedClasspaths:
OUT> 
OUT> init:
OUT> 
OUT> preInit:
OUT>     [mkdir] Created dir: /Users/ervin/Projects/caGrid/caGrid-1_5_release/Software/core/integration-tests/projects/sdk44StyleTests/temp/DataServiceWithSdk44/build
OUT>     [mkdir] Created dir: /Users/ervin/Projects/caGrid/caGrid-1_5_release/Software/core/integration-tests/projects/sdk44StyleTests/temp/DataServiceWithSdk44/build/classes
OUT>     [mkdir] Created dir: /Users/ervin/Projects/caGrid/caGrid-1_5_release/Software/core/integration-tests/projects/sdk44StyleTests/temp/DataServiceWithSdk44/build/test/classes
OUT>     [mkdir] Created dir: /Users/ervin/Projects/caGrid/caGrid-1_5_release/Software/core/integration-tests/projects/sdk44StyleTests/temp/DataServiceWithSdk44/build/lib
OUT>     [mkdir] Created dir: /Users/ervin/Projects/caGrid/caGrid-1_5_release/Software/core/integration-tests/projects/sdk44StyleTests/temp/DataServiceWithSdk44/build/stubs-DataServiceWithSdk44
OUT>     [mkdir] Created dir: /Users/ervin/Projects/caGrid/caGrid-1_5_release/Software/core/integration-tests/projects/sdk44StyleTests/temp/DataServiceWithSdk44/build/stubs-DataServiceWithSdk44/src
OUT>     [mkdir] Created dir: /Users/ervin/Projects/caGrid/caGrid-1_5_release/Software/core/integration-tests/projects/sdk44StyleTests/temp/DataServiceWithSdk44/build/stubs-DataServiceWithSdk44/classes
OUT>     [mkdir] Created dir: /Users/ervin/Projects/caGrid/caGrid-1_5_release/Software/core/integration-tests/projects/sdk44StyleTests/temp/DataServiceWithSdk44/build/schema
OUT>      [copy] Copying 101 files to /Users/ervin/Projects/caGrid/caGrid-1_5_release/Software/core/integration-tests/projects/sdk44StyleTests/temp/DataServiceWithSdk44/build/schema
OUT> 
OUT> postInit:
OUT> 
OUT> merge:
OUT> 
OUT> mergePackageMapping:
OUT>      [echo] Merging /Users/ervin/Projects/caGrid/caGrid-1_5_release/Software/core/integration-tests/projects/sdk44StyleTests/temp/DataServiceWithSdk44/namespace2package.mappings
OUT> 
OUT> BUILD SUCCESSFUL
OUT> Total time: 0 seconds
Set WSDL 2 Java parser timeout to 90000 ms
excluding code generation for non-included QName:{gme://caCORE.caCORE/3.2/gov.nih.nci.cacoresdk.domain.onetomany.unidirectional}LatchKey[0,unbounded]
excluding code generation for non-included QName:{gme://caCORE.caCORE/3.2/gov.nih.nci.cacoresdk.domain.other.differentpackage}Dessert[0,unbounded]
excluding code generation for non-included QName:{gme://caCORE.caCORE/3.2/gov.nih.nci.cacoresdk.domain.inheritance.parentwithassociation}Assistant[0,unbounded]
excluding code generation for non-included QName:{uri:iso.org:21090}tbody[,unbounded]
excluding code generation for non-included QName:{uri:iso.org:21090}colgroup[0,unbounded]
excluding code generation for non-included QName:{gme://caGrid.caBIG/1.0/gov.nih.nci.cagrid.metadata.common}UMLAttribute[0,unbounded]
excluding code generation for non-included QName:{uri:iso.org:21090}col[0,unbounded]
excluding code generation for non-included QName:{gme://caCORE.caCORE/3.2/gov.nih.nci.cacoresdk.domain.inheritance.abstrakt}Pupil[0,unbounded]
excluding code generation for non-included QName:{gme://caCORE.caCORE/3.2/gov.nih.nci.cacoresdk.domain.manytomany.bidirectional}Employee[0,unbounded]
excluding code generation for non-included QName:{gme://caCORE.caCORE/3.2/gov.nih.nci.cacoresdk.domain.manytomany.bidirectional}Project[0,unbounded]
excluding code generation for non-included QName:{gme://caCORE.caCORE/3.2/gov.nih.nci.cacoresdk.domain.inheritance.implicit}Tank[0,unbounded]
excluding code generation for non-included QName:{gme://caCORE.caCORE/3.2/gov.nih.nci.cacoresdk.domain.onetomany.unidirectional.withjoin}Button[0,unbounded]
excluding code generation for non-included QName:{gme://caGrid.caBIG/1.0/gov.nih.nci.cagrid.metadata.common}SemanticMetadata[0,unbounded]
excluding code generation for non-included QName:{gme://caCORE.caCORE/3.2/gov.nih.nci.cacoresdk.domain.other.differentpackage.associations}Utensil[0,unbounded]
excluding code generation for non-included QName:{gme://caCORE.caCORE/3.2/gov.nih.nci.cacoresdk.domain.onetomany.selfassociation}Element[0,unbounded]
excluding code generation for non-included QName:{gme://caCORE.caCORE/3.2/gov.nih.nci.cacoresdk.domain.other.levelassociation}Card[0,unbounded]
excluding code generation for non-included QName:{gme://caGrid.caBIG/1.0/gov.nih.nci.cagrid.metadata.service}ServiceContext[,unbounded]
excluding code generation for non-included QName:{gme://caGrid.caBIG/1.0/gov.nih.nci.cagrid.metadata.service}ContextProperty[0,unbounded]
excluding code generation for non-included QName:{gme://caCORE.caCORE/3.2/gov.nih.nci.cacoresdk.domain.inheritance.parentwithassociation.sametable}Luggage[0,unbounded]
excluding code generation for non-included QName:{gme://caGrid.caBIG/1.0/gov.nih.nci.cagrid.metadata.service}Operation[0,unbounded]
excluding code generation for non-included QName:{gme://caGrid.caBIG/1.0/gov.nih.nci.cagrid.metadata.common}PointOfContact[0,unbounded]
excluding code generation for non-included QName:{gme://caCORE.caCORE/3.2/gov.nih.nci.cacoresdk.domain.inheritance.implicit}Substrate[0,unbounded]
excluding code generation for non-included QName:{gme://caGrid.caBIG/1.0/gov.nih.nci.cagrid.metadata.service}InputParameter[0,unbounded]
excluding code generation for non-included QName:{gme://caCORE.caCORE/3.2/gov.nih.nci.cacoresdk.domain.onetomany.bidirectional}HardDrive[0,unbounded]
excluding code generation for non-included QName:{gme://caGrid.caBIG/1.0/gov.nih.nci.cagrid.metadata.service}Fault[0,unbounded]
excluding code generation for non-included QName:{gme://caCORE.caCORE/3.2/gov.nih.nci.cacoresdk.domain.other.levelassociation}Suit[0,unbounded]
excluding code generation for non-included QName:{uri:iso.org:21090}item[,unbounded]
excluding code generation for non-included QName:{gme://caCORE.caCORE/3.2/gov.nih.nci.cacoresdk.domain.manytomany.unidirectional}Author[0,unbounded]
excluding code generation for non-included QName:{gme://caGrid.caBIG/1.0/gov.nih.nci.cagrid.metadata.common}Enumeration[0,unbounded]
excluding code generation for non-included QName:{gme://caGrid.caBIG/1.0/gov.nih.nci.cagrid.metadata.security}Operation[0,unbounded]
excluding code generation for non-included QName:{gme://caCORE.caCORE/3.2/gov.nih.nci.cacoresdk.domain.onetomany.bidirectional.withjoin}Passanger[0,unbounded]
excluding code generation for non-included QName:{gme://caCORE.caCORE/3.2/gov.nih.nci.cacoresdk.domain.inheritance.twolevelinheritance.sametablerootlevel}ScientificCalculator
excluding code generation for non-included QName:{gme://caCORE.caCORE/3.2/gov.nih.nci.cacoresdk.domain.inheritance.implicit}DiscusFish
excluding code generation for non-included QName:{uri:iso.org:21090}LIST_CD.CE.None
excluding code generation for non-included QName:{uri:iso.org:21090}UVP_CS
excluding code generation for non-included QName:{uri:iso.org:21090}DSET_EN.TN
excluding code generation for non-included QName:{uri:iso.org:21090}CO[0,0]
excluding code generation for non-included QName:{uri:iso.org:21090}BAG_PQ
excluding code generation for non-included QName:{http://CQL.caBIG/2/org.cagrid.cql2}BinaryPredicate
excluding code generation for non-included QName:{uri:iso.org:21090}UVP_EN.TN
excluding code generation for non-included QName:{uri:iso.org:21090}GLIST_MO
excluding code generation for non-included QName:{uri:iso.org:21090}IVL.Low_TS.DateTime.Full
excluding code generation for non-included QName:{uri:iso.org:21090}HIST_ED.Signature
excluding code generation for non-included QName:{gme://caCORE.caCORE/3.2/gov.nih.nci.cacoresdk.domain.manytoone.unidirectional.withjoin}Album
excluding code generation for non-included QName:{uri:iso.org:21090}QSS_TS.Date.Full
excluding code generation for non-included QName:{gme://caCORE.caCORE/3.2/gov.nih.nci.cacoresdk.domain.other.datatype}CdDataType
excluding code generation for non-included QName:{uri:iso.org:21090}UVP_CO
excluding code generation for non-included QName:{http://CQL.caBIG/2/org.cagrid.cql2}UnaryPredicate
excluding code generation for non-included QName:{gme://caCORE.caCORE/3.2/gov.nih.nci.cacoresdk.domain.manytomany.unidirectional}Book
excluding code generation for non-included QName:{uri:iso.org:21090}PIVL_TS.Date.Full
excluding code generation for non-included QName:{uri:iso.org:21090}DSET_SC
excluding code generation for non-included QName:{uri:iso.org:21090}UVP_CD
excluding code generation for non-included QName:{uri:iso.org:21090}DSET_RTO
excluding code generation for non-included QName:{gme://caCORE.caCORE/3.2/gov.nih.nci.cacoresdk.domain.inheritance.twolevelinheritance}Monitor
excluding code generation for non-included QName:{uri:iso.org:21090}>>td>scope
excluding code generation for non-included QName:{gme://caGrid.caBIG/1.0/gov.nih.nci.cagrid.metadata.security}GSITransport
excluding code generation for non-included QName:{uri:iso.org:21090}HIST_II
excluding code generation for non-included QName:{uri:iso.org:21090}BAG_INT.Positive
excluding code generation for non-included QName:{uri:iso.org:21090}QSI_REAL
excluding code generation for non-included QName:{uri:iso.org:21090}DSET_ST
excluding code generation for non-included QName:{uri:iso.org:21090}UVP_BL
excluding code generation for non-included QName:{uri:iso.org:21090}QSU_TS.DateTime
excluding code generation for non-included QName:{gme://caCORE.caCORE/3.2/gov.nih.nci.cacoresdk.domain.inheritance.twolevelinheritance.sametable}PresidentialGovt
excluding code generation for non-included QName:{uri:iso.org:21090}UVP_TS.Date
excluding code generation for non-included QName:{gme://caCORE.caCORE/3.2/gov.nih.nci.cacoresdk.domain.other.datatype}>AllDataType>stringCollection
excluding code generation for non-included QName:{gme://caCORE.caCORE/3.2/gov.nih.nci.cacoresdk.domain.other.datatype}IvlPqDataType
excluding code generation for non-included QName:{uri:iso.org:21090}QSET_MO[0,unbounded]
excluding code generation for non-included QName:{uri:iso.org:21090}IVL.Width_INT
excluding code generation for non-included QName:{gme://caCORE.caCORE/3.2/gov.nih.nci.cacoresdk.domain.onetomany.unidirectional}LatchKey
excluding code generation for non-included QName:{uri:iso.org:21090}PIVL_TS
excluding code generation for non-included QName:{gme://caCORE.caCORE/3.2/gov.nih.nci.cacoresdk.domain.inheritance.multiplechild}UndergraduateStudent
excluding code generation for non-included QName:{uri:iso.org:21090}NPPD_SC.NT
excluding code generation for non-included QName:{uri:iso.org:21090}QSU_CO
excluding code generation for non-included QName:{uri:iso.org:21090}HIST_EN.ON
excluding code generation for non-included QName:{uri:iso.org:21090}COLL_INT.Positive
excluding code generation for non-included QName:{uri:iso.org:21090}UpdateMode
excluding code generation for non-included QName:{uri:iso.org:21090}DSET_TS
excluding code generation for non-included QName:{uri:iso.org:21090}BAG_TS.Date
excluding code generation for non-included QName:{uri:iso.org:21090}CO[0,unbounded]
excluding code generation for non-included QName:{uri:iso.org:21090}UVP_ED.Signature[0,unbounded]
excluding code generation for non-included QName:{uri:iso.org:21090}CDGroup[0,unbounded]
excluding code generation for non-included QName:{uri:iso.org:21090}QSD_TS.DateTime.Full
excluding code generation for non-included QName:{uri:iso.org:21090}UVP_AD
excluding code generation for non-included QName:{uri:iso.org:21090}DSET_MO
excluding code generation for non-included QName:{uri:iso.org:21090}DSET_EN.ON
excluding code generation for non-included QName:{uri:iso.org:21090}UVP_INT.Positive[0,unbounded]
excluding code generation for non-included QName:{uri:iso.org:21090}DSET_SC.NT
excluding code generation for non-included QName:{uri:iso.org:21090}IVL.Width_INT.NonNeg
excluding code generation for non-included QName:{uri:iso.org:21090}UVP_RTO[0,unbounded]
excluding code generation for non-included QName:{uri:iso.org:21090}>paragraph
excluding code generation for non-included QName:{uri:iso.org:21090}UVP_TEL[0,unbounded]
excluding code generation for non-included QName:{gme://caCORE.caCORE/3.2/gov.nih.nci.cacoresdk.domain.onetomany.unidirectional.withjoin}>Shirt>buttonCollection
excluding code generation for non-included QName:{uri:iso.org:21090}BAG_ED.Doc.Inline
excluding code generation for non-included QName:{uri:iso.org:21090}COLL_TS.Birth
excluding code generation for non-included QName:{gme://caCORE.caCORE/3.2/gov.nih.nci.cacoresdk.domain.onetoone.bidirectional}Product
excluding code generation for non-included QName:{uri:iso.org:21090}IVL.High_TS.Date.Full
excluding code generation for non-included QName:{uri:iso.org:21090}INT.NonNeg[0,0]
excluding code generation for non-included QName:{uri:iso.org:21090}DSET_EN.PN
excluding code generation for non-included QName:{uri:iso.org:21090}UVP_ST.NT[0,unbounded]
excluding code generation for non-included QName:{uri:iso.org:21090}SLIST_INT.Positive
excluding code generation for non-included QName:{gme://caCORE.caCORE/3.2/gov.nih.nci.cacoresdk.domain.inheritance.childwithassociation}Cash
excluding code generation for non-included QName:{uri:iso.org:21090}UVP_SC.NT
excluding code generation for non-included QName:{uri:iso.org:21090}NPPD_TS.DateTime.Full
excluding code generation for non-included QName:{uri:iso.org:21090}ADXP[0,unbounded]
excluding code generation for non-included QName:{gme://caCORE.caCORE/3.2/gov.nih.nci.cacoresdk.domain.inheritance.parentwithassociation.sametable}HardTopType
excluding code generation for non-included QName:{uri:iso.org:21090}DSET_TEL.Email
excluding code generation for non-included QName:{uri:iso.org:21090}BAG_PQ.Time
excluding code generation for non-included QName:{uri:iso.org:21090}GLIST_REAL
excluding code generation for non-included QName:{uri:iso.org:21090}SLIST_CO
excluding code generation for non-included QName:{uri:iso.org:21090}UVP_AD[0,unbounded]
excluding code generation for non-included QName:{uri:iso.org:21090}BAG_INT.NonNeg
excluding code generation for non-included QName:{uri:iso.org:21090}HIST_MO
excluding code generation for non-included QName:{uri:iso.org:21090}>>thead>align
excluding code generation for non-included QName:{http://CQL.caBIG/2/org.cagrid.cql2}NamedAssociation[0,unbounded]
excluding code generation for non-included QName:{uri:iso.org:21090}DSET_ED.Signature
excluding code generation for non-included QName:{uri:iso.org:21090}ENXP
excluding code generation for non-included QName:{gme://caCORE.caCORE/3.2/gov.nih.nci.cacoresdk.domain.inheritance.twolevelinheritance}Display
excluding code generation for non-included QName:{uri:iso.org:21090}>>tfoot>valign
excluding code generation for non-included QName:{uri:iso.org:21090}QSET_CO[0,unbounded]
excluding code generation for non-included QName:{uri:iso.org:21090}>>col>valign
excluding code generation for non-included QName:{uri:iso.org:21090}BAG_CD.CE
excluding code generation for non-included QName:{uri:iso.org:21090}NPPD_AD
excluding code generation for non-included QName:{gme://caCORE.caCORE/3.2/gov.nih.nci.cacoresdk.domain.inheritance.twolevelinheritance.sametablerootlevel}GraphicCalculator
excluding code generation for non-included QName:{uri:iso.org:21090}>>thead>valign
excluding code generation for non-included QName:{gme://caCORE.caCORE/3.2/gov.nih.nci.cacoresdk.domain.inheritance.twolevelinheritance.sametablerootlevel}Calculator
excluding code generation for non-included QName:{uri:iso.org:21090}GLIST_TS.DateTime
excluding code generation for non-included QName:{gme://caCORE.caCORE/3.2/gov.nih.nci.cacoresdk.domain.other.datatype}EnPnDataType
excluding code generation for non-included QName:{uri:iso.org:21090}BAG_BL.NonNull
excluding code generation for non-included QName:{uri:iso.org:21090}IVL.High_REAL
excluding code generation for non-included QName:{uri:iso.org:21090}DSET_PQ
excluding code generation for non-included QName:{uri:iso.org:21090}UVP_TEL.Phone[0,unbounded]
excluding code generation for non-included QName:{gme://caGrid.caBIG/1.0/gov.nih.nci.cagrid.metadata.security}>ServiceSecurityMetadata>operations
excluding code generation for non-included QName:{uri:iso.org:21090}>>content>revised
excluding code generation for non-included QName:{uri:iso.org:21090}TS.DateTime.Full
excluding code generation for non-included QName:{uri:iso.org:21090}set_EntityNameUse
excluding code generation for non-included QName:{uri:iso.org:21090}NPPD_BL
excluding code generation for non-included QName:{gme://caCORE.caCORE/3.2/gov.nih.nci.cacoresdk.domain.inheritance.childwithassociation}Credit
excluding code generation for non-included QName:{uri:iso.org:21090}IVL.High_TS.DateTime
excluding code generation for non-included QName:{uri:iso.org:21090}BAG_MO
excluding code generation for non-included QName:{uri:iso.org:21090}DSET_INT.NonNeg
excluding code generation for non-included QName:{gme://caCORE.caCORE/3.2/gov.nih.nci.cacoresdk.domain.other.primarykey}FloatKey
excluding code generation for non-included QName:{gme://caCORE.caCORE/3.2/gov.nih.nci.cacoresdk.domain.inheritance.twolevelinheritance}LCDMonitor
excluding code generation for non-included QName:{uri:iso.org:21090}COLL_ED.Doc.Ref
excluding code generation for non-included QName:{uri:iso.org:21090}QSET_TS.DateTime
excluding code generation for non-included QName:{uri:iso.org:21090}IVL.Low_REAL
excluding code generation for non-included QName:{uri:iso.org:21090}NPPD_ED.Signature
excluding code generation for non-included QName:{uri:iso.org:21090}TEL.Phone
excluding code generation for non-included QName:{uri:iso.org:21090}UVP_TS.DateTime[0,unbounded]
excluding code generation for non-included QName:{uri:iso.org:21090}LIST_INT
excluding code generation for non-included QName:{uri:iso.org:21090}HIST_TS.Birth
excluding code generation for non-included QName:{uri:iso.org:21090}GLIST_TS
excluding code generation for non-included QName:{gme://caCORE.caCORE/3.2/gov.nih.nci.cacoresdk.domain.other.datatype}AdDataType
excluding code generation for non-included QName:{uri:iso.org:21090}URL
excluding code generation for non-included QName:{uri:iso.org:21090}CalendarCycle
excluding code generation for non-included QName:{gme://caGrid.caBIG/1.0/gov.nih.nci.cagrid.metadata.common}Address
excluding code generation for non-included QName:{uri:iso.org:21090}COLL_TS.Date
excluding code generation for non-included QName:{gme://caCORE.caCORE/3.2/gov.nih.nci.cacoresdk.domain.other.primarykey}FloatPrimitiveKey
excluding code generation for non-included QName:{uri:iso.org:21090}PQR
excluding code generation for non-included QName:{uri:iso.org:21090}DSET_TEL.Url
excluding code generation for non-included QName:{uri:iso.org:21090}QSET_TS.Birth[0,unbounded]
excluding code generation for non-included QName:{uri:iso.org:21090}UVP_INT.NonNeg
excluding code generation for non-included QName:{http://CQL.caBIG/2/org.cagrid.cql2}NamedAttribute
excluding code generation for non-included QName:{uri:iso.org:21090}REAL[0,0]
excluding code generation for non-included QName:{uri:iso.org:21090}>thead
excluding code generation for non-included QName:{uri:iso.org:21090}NPPD_BL.NonNull
excluding code generation for non-included QName:{uri:iso.org:21090}DSET_TS.Birth
excluding code generation for non-included QName:{uri:iso.org:21090}IVL_INT.Positive
excluding code generation for non-included QName:{gme://caCORE.caCORE/3.2/gov.nih.nci.cacoresdk.domain.other.datatype}EdTextDataType
excluding code generation for non-included QName:{gme://caCORE.caCORE/3.2/gov.nih.nci.cacoresdk.domain.other.datatype}StNtDataType
excluding code generation for non-included QName:{uri:iso.org:21090}DSET_TS.Date.Full
excluding code generation for non-included QName:{gme://caCORE.caCORE/3.2/gov.nih.nci.cacoresdk.domain.inheritance.parentwithassociation.sametable}SoftTop
excluding code generation for non-included QName:{gme://caCORE.caCORE/3.2/gov.nih.nci.cacoresdk.domain.inheritance.abstrakt}PrivateTeacher
excluding code generation for non-included QName:{uri:iso.org:21090}QSS_CO
excluding code generation for non-included QName:{uri:iso.org:21090}COLL_EN.TN
excluding code generation for non-included QName:{uri:iso.org:21090}EIVL_TS.Birth
excluding code generation for non-included QName:{uri:iso.org:21090}ST.NT[0,unbounded]
excluding code generation for non-included QName:{gme://caCORE.caCORE/3.2/gov.nih.nci.cacoresdk.domain.other.datatype}DsetCdDataType
excluding code generation for non-included QName:{uri:iso.org:21090}UVP_TEL
excluding code generation for non-included QName:{uri:iso.org:21090}HIST_TS.DateTime.Full
excluding code generation for non-included QName:{uri:iso.org:21090}BAG_II
excluding code generation for non-included QName:{uri:iso.org:21090}HIST_AD
excluding code generation for non-included QName:{gme://caCORE.caCORE/3.2/gov.nih.nci.cacoresdk.domain.onetoone.multipleassociation.withjoin}Bride
excluding code generation for non-included QName:{uri:iso.org:21090}UVP_MO[0,unbounded]
excluding code generation for non-included QName:{uri:iso.org:21090}UVP_II
excluding code generation for non-included QName:{uri:iso.org:21090}INT.NonNeg
excluding code generation for non-included QName:{uri:iso.org:21090}IVL.Width_PQ.Time
excluding code generation for non-included QName:{uri:iso.org:21090}BL[0,unbounded]
excluding code generation for non-included QName:{gme://caGrid.caBIG/1.0/gov.nih.nci.cagrid.metadata.common}UMLAttribute
excluding code generation for non-included QName:{uri:iso.org:21090}LIST_INT.Positive
excluding code generation for non-included QName:{uri:iso.org:21090}BAG_ED.Doc
excluding code generation for non-included QName:{http://org.cagrid.dataservice.cql/QueryLanguageSupport}Cql2SupportType
excluding code generation for non-included QName:{gme://caCORE.caCORE/3.2/gov.nih.nci.cacoresdk.domain.other.primarykey}NoIdKey
excluding code generation for non-included QName:{uri:iso.org:21090}UVP_ED.Doc[0,unbounded]
excluding code generation for non-included QName:{uri:iso.org:21090}UVP_CD[0,unbounded]
excluding code generation for non-included QName:{gme://caCORE.caCORE/3.2/gov.nih.nci.cacoresdk.domain.onetoone.unidirectional.withjoin}Bag
excluding code generation for non-included QName:{uri:iso.org:21090}COLL_ST.NT
excluding code generation for non-included QName:{uri:iso.org:21090}AddressPartType
excluding code generation for non-included QName:{uri:iso.org:21090}QSS_TS.DateTime
excluding code generation for non-included QName:{uri:iso.org:21090}QSET_REAL[0,unbounded]
excluding code generation for non-included QName:{uri:iso.org:21090}UVP_TS.DateTime.Full[0,unbounded]
excluding code generation for non-included QName:{uri:iso.org:21090}HIST_BL
excluding code generation for non-included QName:{uri:iso.org:21090}RTO
excluding code generation for non-included QName:{gme://caCORE.caCORE/3.2/gov.nih.nci.cacoresdk.domain.other.datatype}AllDataType
excluding code generation for non-included QName:{uri:iso.org:21090}HIST_CD
excluding code generation for non-included QName:{gme://caCORE.caCORE/3.2/gov.nih.nci.cacoresdk.domain.inheritance.multiplechild.sametable}Organization
excluding code generation for non-included QName:{uri:iso.org:21090}COLL_CD.CV
excluding code generation for non-included QName:{uri:iso.org:21090}UVP_EN.PN
excluding code generation for non-included QName:{uri:iso.org:21090}BAG_CO
excluding code generation for non-included QName:{uri:iso.org:21090}BAG_TEL.Url
excluding code generation for non-included QName:{gme://caCORE.caCORE/3.2/gov.nih.nci.cacoresdk.domain.inheritance.implicit}>TankAccessory>tankCollection
excluding code generation for non-included QName:{uri:iso.org:21090}IVL.Width_TS.Birth
excluding code generation for non-included QName:{uri:iso.org:21090}PQ.Time[0,unbounded]
excluding code generation for non-included QName:{uri:iso.org:21090}DSET_ED.Doc.Ref
excluding code generation for non-included QName:{uri:iso.org:21090}DSET_BL.NonNull
excluding code generation for non-included QName:{uri:iso.org:21090}GLIST_PQ
excluding code generation for non-included QName:{uri:iso.org:21090}BAG_CS
excluding code generation for non-included QName:{gme://caCORE.caCORE/3.2/gov.nih.nci.cacoresdk.domain.inheritance.parentwithassociation}Professor
excluding code generation for non-included QName:{uri:iso.org:21090}UVP_ED.Narrative
excluding code generation for non-included QName:{uri:iso.org:21090}HIST_CO
excluding code generation for non-included QName:{uri:iso.org:21090}BAG_CD
excluding code generation for non-included QName:{uri:iso.org:21090}HIST_CS
excluding code generation for non-included QName:{uri:iso.org:21090}BAG_TEL.Person
excluding code generation for non-included QName:{uri:iso.org:21090}COLL_EN.ON
excluding code generation for non-included QName:{gme://caCORE.caCORE/3.2/gov.nih.nci.cacoresdk.domain.other.differentpackage.associations}>Utensil>dessertCollection
excluding code generation for non-included QName:{uri:iso.org:21090}DSET_CD.CE
excluding code generation for non-included QName:{uri:iso.org:21090}IVL.Low_TS.Date.Full
excluding code generation for non-included QName:{uri:iso.org:21090}UVP_INT.NonNeg[0,unbounded]
excluding code generation for non-included QName:{uri:iso.org:21090}HIST_TS.Date
excluding code generation for non-included QName:{uri:iso.org:21090}PQ[0,0]
excluding code generation for non-included QName:{uri:iso.org:21090}BAG_BL
excluding code generation for non-included QName:{gme://caGrid.caBIG/1.0/gov.nih.nci.cagrid.metadata.security}GSISecureMessage
excluding code generation for non-included QName:{uri:iso.org:21090}UVP_EN.ON
excluding code generation for non-included QName:{uri:iso.org:21090}DSET_CD.CV
excluding code generation for non-included QName:{uri:iso.org:21090}BAG_SC.NT
excluding code generation for non-included QName:{uri:iso.org:21090}COLL_EN.PN
excluding code generation for non-included QName:{uri:iso.org:21090}UVP_CD.CE.None[0,unbounded]
excluding code generation for non-included QName:{gme://caCORE.caCORE/3.2/gov.nih.nci.cacoresdk.domain.manytomany.bidirectional}>Employee>projectCollection
excluding code generation for non-included QName:{uri:iso.org:21090}LIST_ED.Signature
excluding code generation for non-included QName:{uri:iso.org:21090}HIST_ED
excluding code generation for non-included QName:{uri:iso.org:21090}QTY[0,0]
excluding code generation for non-included QName:{uri:iso.org:21090}PQ[0,unbounded]
excluding code generation for non-included QName:{uri:iso.org:21090}>>tr>align
excluding code generation for non-included QName:{uri:iso.org:21090}GLIST_INT.NonNeg
excluding code generation for non-included QName:{uri:iso.org:21090}DSET_REAL
excluding code generation for non-included QName:{uri:iso.org:21090}PIVL_TS.Date
excluding code generation for non-included QName:{uri:iso.org:21090}BAG_EN
excluding code generation for non-included QName:{uri:iso.org:21090}BAG_ED.Signature
excluding code generation for non-included QName:{uri:iso.org:21090}LIST_ED.Text
excluding code generation for non-included QName:{gme://caGrid.caBIG/1.0/gov.nih.nci.cagrid.metadata.service}ServiceContext
excluding code generation for non-included QName:{uri:iso.org:21090}COLL_BL.NonNull
excluding code generation for non-included QName:{uri:iso.org:21090}HIST_INT.Positive
excluding code generation for non-included QName:{uri:iso.org:21090}UVP_EN
excluding code generation for non-included QName:{uri:iso.org:21090}HIST_EN
excluding code generation for non-included QName:{uri:iso.org:21090}BAG_ED
excluding code generation for non-included QName:{uri:iso.org:21090}COLL_INT
excluding code generation for non-included QName:{gme://caCORE.caCORE/3.2/gov.nih.nci.cacoresdk.domain.other.primarykey}DoubleKey
excluding code generation for non-included QName:{gme://caGrid.caBIG/1.0/gov.nih.nci.cagrid.metadata.security}None
excluding code generation for non-included QName:{uri:iso.org:21090}BAG_REAL
excluding code generation for non-included QName:{uri:iso.org:21090}IVL.Width_CO
excluding code generation for non-included QName:{gme://caCORE.caCORE/3.2/gov.nih.nci.cacoresdk.domain.inheritance.parentwithassociation}AssociateProfessor
excluding code generation for non-included QName:{uri:iso.org:21090}>>colgroup>align
excluding code generation for non-included QName:{gme://caCORE.caCORE/3.2/gov.nih.nci.cacoresdk.domain.inheritance.onechild}Human
excluding code generation for non-included QName:{gme://caGrid.caBIG/1.0/gov.nih.nci.cagrid.metadata.service}>ServiceContext>contextPropertyCollection
excluding code generation for non-included QName:{uri:iso.org:21090}UVP_ED
excluding code generation for non-included QName:{gme://caCORE.caCORE/3.2/gov.nih.nci.cacoresdk.domain.manytomany.unidirectional}>Book>authorCollection
excluding code generation for non-included QName:{gme://caCORE.caCORE/3.2/gov.nih.nci.cacoresdk.domain.other.primarykey}IntegerPrimitiveKey
excluding code generation for non-included QName:{uri:iso.org:21090}COLL_SC
excluding code generation for non-included QName:{uri:iso.org:21090}INT[0,0]
excluding code generation for non-included QName:{uri:iso.org:21090}>>th>align
excluding code generation for non-included QName:{uri:iso.org:21090}UVP_SC
excluding code generation for non-included QName:{gme://caGrid.caBIG/1.0/gov.nih.nci.cagrid.metadata.service}Operation
excluding code generation for non-included QName:{uri:iso.org:21090}IVL.Low_INT
excluding code generation for non-included QName:{uri:iso.org:21090}NPPD_INT
excluding code generation for non-included QName:{uri:iso.org:21090}QSU_TS.Birth
excluding code generation for non-included QName:{uri:iso.org:21090}NPPD_REAL
excluding code generation for non-included QName:{uri:iso.org:21090}COLL_ED.Doc.Inline
excluding code generation for non-included QName:{uri:iso.org:21090}COLL_ST
excluding code generation for non-included QName:{uri:iso.org:21090}QSET_INT
excluding code generation for non-included QName:{gme://caGrid.caBIG/1.0/gov.nih.nci.cagrid.metadata.service}>Service>pointOfContactCollection
excluding code generation for non-included QName:{uri:iso.org:21090}TS.Date
excluding code generation for non-included QName:{uri:iso.org:21090}ED.Narrative
excluding code generation for non-included QName:{uri:iso.org:21090}UVP_ST
excluding code generation for non-included QName:{uri:iso.org:21090}IVL_CO
excluding code generation for non-included QName:{uri:iso.org:21090}>content
excluding code generation for non-included QName:{uri:iso.org:21090}UVP_TEL.Person
excluding code generation for non-included QName:{gme://caCORE.caCORE/3.2/gov.nih.nci.cacoresdk.domain.manytoone.unidirectional}Restaurant
excluding code generation for non-included QName:{gme://caGrid.caBIG/1.0/gov.nih.nci.cagrid.metadata.service}>Operation>faultCollection
excluding code generation for non-included QName:{uri:iso.org:21090}IVL_INT.NonNeg
excluding code generation for non-included QName:{uri:iso.org:21090}UVP_TS
excluding code generation for non-included QName:{uri:iso.org:21090}COLL_SC.NT
excluding code generation for non-included QName:{uri:iso.org:21090}IVL.Low_RTO
excluding code generation for non-included QName:{uri:iso.org:21090}QSD_MO
excluding code generation for non-included QName:{http://CQL.caBIG/2/org.cagrid.cql2}NamedAssociationList
excluding code generation for non-included QName:{uri:iso.org:21090}COLL_TS
excluding code generation for non-included QName:{uri:iso.org:21090}EN.TN
excluding code generation for non-included QName:{uri:iso.org:21090}PIVL_TS.Birth
excluding code generation for non-included QName:{http://CQL.caBIG/2/org.cagrid.cql2}CQLAttribute
excluding code generation for non-included QName:{uri:iso.org:21090}Narrative
excluding code generation for non-included QName:{uri:iso.org:21090}QSU_TS
excluding code generation for non-included QName:{uri:iso.org:21090}QSU_INT.Positive
excluding code generation for non-included QName:{uri:iso.org:21090}HIST_TEL.Email
excluding code generation for non-included QName:{gme://caCORE.caCORE/3.2/gov.nih.nci.cacoresdk.domain.other.datatype}IiDataType
excluding code generation for non-included QName:{uri:iso.org:21090}QSP_PQ
excluding code generation for non-included QName:{uri:iso.org:21090}IVL.High_TS.DateTime.Full
excluding code generation for non-included QName:{uri:iso.org:21090}ED.Text
excluding code generation for non-included QName:{uri:iso.org:21090}TS.Date[0,unbounded]
excluding code generation for non-included QName:{uri:iso.org:21090}QSU_TS.Date.Full
excluding code generation for non-included QName:{uri:iso.org:21090}ST[0,0]
excluding code generation for non-included QName:{uri:iso.org:21090}NPPD_TS.Date.Full
excluding code generation for non-included QName:{gme://caCORE.caCORE/3.2/gov.nih.nci.cacoresdk.domain.other.differentpackage}Dessert
excluding code generation for non-included QName:{uri:iso.org:21090}QSD_PQ
excluding code generation for non-included QName:{uri:iso.org:21090}QSET_INT.NonNeg
excluding code generation for non-included QName:{gme://caCORE.caCORE/3.2/gov.nih.nci.cacoresdk.domain.inheritance.parentwithassociation.sametable}>Wheel>luggage
excluding code generation for non-included QName:{uri:iso.org:21090}QSP_MO
excluding code generation for non-included QName:{uri:iso.org:21090}QSET_INT.Positive[0,unbounded]
excluding code generation for non-included QName:{uri:iso.org:21090}COLL_CD.CE
excluding code generation for non-included QName:{gme://caGrid.caBIG/1.0/gov.nih.nci.cagrid.metadata.common}>ResearchCenter>pointOfContactCollection
excluding code generation for non-included QName:{uri:iso.org:21090}DSET_TS.Date
excluding code generation for non-included QName:{uri:iso.org:21090}SLIST_TS.DateTime
excluding code generation for non-included QName:{uri:iso.org:21090}NPPD_MO
excluding code generation for non-included QName:{uri:iso.org:21090}IVL_TS.DateTime
excluding code generation for non-included QName:{uri:iso.org:21090}QSS_TS.Date
excluding code generation for non-included QName:{uri:iso.org:21090}NPPD_CD.CE
excluding code generation for non-included QName:{gme://caCORE.caCORE/3.2/gov.nih.nci.cacoresdk.domain.inheritance.multiplechild.sametable}PvtOrganization
excluding code generation for non-included QName:{http://CQL.caBIG/2/org.cagrid.cql2}CQLGroup[,unbounded]
excluding code generation for non-included QName:{uri:iso.org:21090}SLIST_TS.Birth
excluding code generation for non-included QName:{uri:iso.org:21090}EIVL_TS.DateTime
excluding code generation for non-included QName:{uri:iso.org:21090}NPPD_CD.CV
excluding code generation for non-included QName:{uri:iso.org:21090}IVL.Width_REAL
excluding code generation for non-included QName:{uri:iso.org:21090}IVL.Width_TS.Date.Full
excluding code generation for non-included QName:{gme://caGrid.caBIG/1.0/gov.nih.nci.cagrid.metadata}ServiceMetadata
excluding code generation for non-included QName:{uri:iso.org:21090}EN.PN
excluding code generation for non-included QName:{uri:iso.org:21090}LIST_TS.Date
excluding code generation for non-included QName:{uri:iso.org:21090}BAG_RTO
excluding code generation for non-included QName:{uri:iso.org:21090}NPPD_PQ
excluding code generation for non-included QName:{uri:iso.org:21090}LIST_PQ.Time
excluding code generation for non-included QName:{uri:iso.org:21090}NPPD_ED.Doc.Inline
excluding code generation for non-included QName:{uri:iso.org:21090}IVL.Width_TS.Date
excluding code generation for non-included QName:{uri:iso.org:21090}QSS_TS
excluding code generation for non-included QName:{uri:iso.org:21090}UVP_EN.ON[0,unbounded]
excluding code generation for non-included QName:{uri:iso.org:21090}EN.ON
excluding code generation for non-included QName:{uri:iso.org:21090}UVP_ED.Image[0,unbounded]
excluding code generation for non-included QName:{gme://caCORE.caCORE/3.2/gov.nih.nci.cacoresdk.domain.inheritance.childwithassociation.sametable}DesignerShoes
excluding code generation for non-included QName:{uri:iso.org:21090}HIST_ED.Doc.Inline
excluding code generation for non-included QName:{uri:iso.org:21090}NPPD_TEL.Url
excluding code generation for non-included QName:{uri:iso.org:21090}QSP_TS
excluding code generation for non-included QName:{uri:iso.org:21090}UVP_PQ
excluding code generation for non-included QName:{gme://caCORE.caCORE/3.2/gov.nih.nci.cacoresdk.domain.other.levelassociation}>Suit>cardCollection
excluding code generation for non-included QName:{uri:iso.org:21090}QSS_RTO
excluding code generation for non-included QName:{uri:iso.org:21090}QSU_PQ
excluding code generation for non-included QName:{uri:iso.org:21090}EIVL_TS.DateTime.Full
excluding code generation for non-included QName:{uri:iso.org:21090}COLL_PQ
excluding code generation for non-included QName:{uri:iso.org:21090}>table
excluding code generation for non-included QName:{gme://caCORE.caCORE/3.2/gov.nih.nci.cacoresdk.domain.onetoone.unidirectional}Person
excluding code generation for non-included QName:{uri:iso.org:21090}QSI_TS.DateTime
excluding code generation for non-included QName:{uri:iso.org:21090}HIST_CD.CE.None
excluding code generation for non-included QName:{uri:iso.org:21090}QSET_TS.Birth
excluding code generation for non-included QName:{uri:iso.org:21090}IVL.Width_TS.DateTime.Full
excluding code generation for non-included QName:{uri:iso.org:21090}UVP_ED.Doc
excluding code generation for non-included QName:{gme://caCORE.caCORE/3.2/gov.nih.nci.cacoresdk.domain.inheritance.multiplechild}GraduateStudent
excluding code generation for non-included QName:{uri:iso.org:21090}QSET_INT.NonNeg[0,unbounded]
excluding code generation for non-included QName:{uri:iso.org:21090}QSI_RTO
excluding code generation for non-included QName:{uri:iso.org:21090}UVP_MO
excluding code generation for non-included QName:{uri:iso.org:21090}UVP_TEL.Phone
excluding code generation for non-included QName:{uri:iso.org:21090}NPPD_SC
excluding code generation for non-included QName:{uri:iso.org:21090}QSET.BoundedPIVL
excluding code generation for non-included QName:{uri:iso.org:21090}BL.NonNull
excluding code generation for non-included QName:{uri:iso.org:21090}QSU_REAL
excluding code generation for non-included QName:{uri:iso.org:21090}COLL_ED.Doc
excluding code generation for non-included QName:{uri:iso.org:21090}COLL_INT.NonNeg
excluding code generation for non-included QName:{uri:iso.org:21090}UVP_SC[0,unbounded]
excluding code generation for non-included QName:{gme://caCORE.caCORE/3.2/gov.nih.nci.cacoresdk.domain.onetomany.bidirectional}>Computer>hardDriveCollection
excluding code generation for non-included QName:{uri:iso.org:21090}QSS_PQ
excluding code generation for non-included QName:{uri:iso.org:21090}UVP_REAL
excluding code generation for non-included QName:{uri:iso.org:21090}QSU_MO
excluding code generation for non-included QName:{uri:iso.org:21090}UVP_TEL.Person[0,unbounded]
excluding code generation for non-included QName:{uri:iso.org:21090}NPPD_PQ.Time
excluding code generation for non-included QName:{uri:iso.org:21090}BAG_CD.CV
excluding code generation for non-included QName:{uri:iso.org:21090}IVL.Width_MO
excluding code generation for non-included QName:{uri:iso.org:21090}TimingEvent
excluding code generation for non-included QName:{uri:iso.org:21090}COLL_ED.Narrative
excluding code generation for non-included QName:{http://CQL.caBIG/2/org.cagrid.cql2}NamedAttribute[,unbounded]
excluding code generation for non-included QName:{gme://caCORE.caCORE/3.2/gov.nih.nci.cacoresdk.domain.other.primarykey}StringKey
excluding code generation for non-included QName:{uri:iso.org:21090}BAG_ED.Image
excluding code generation for non-included QName:{http://CQL.caBIG/2/org.cagrid.cql2.results}CQLAttributeResult
excluding code generation for non-included QName:{uri:iso.org:21090}UVP_TS.Birth
excluding code generation for non-included QName:{gme://caCORE.caCORE/3.2/gov.nih.nci.cacoresdk.domain.inheritance.implicit}Substrate
excluding code generation for non-included QName:{uri:iso.org:21090}TEL
excluding code generation for non-included QName:{uri:iso.org:21090}QSU_TS.DateTime.Full
excluding code generation for non-included QName:{gme://caCORE.caCORE/3.2/gov.nih.nci.cacoresdk.domain.inheritance.parentwithassociation}Assistant
excluding code generation for non-included QName:{uri:iso.org:21090}NPPD_CS
excluding code generation for non-included QName:{uri:iso.org:21090}NPPD_RTO
excluding code generation for non-included QName:{gme://caCORE.caCORE/3.2/gov.nih.nci.cacoresdk.domain.inheritance.abstrakt}Pupil
excluding code generation for non-included QName:{uri:iso.org:21090}GLIST_CO
excluding code generation for non-included QName:{gme://caCORE.caCORE/3.2/gov.nih.nci.cacoresdk.domain.other.primarykey}LongKey
excluding code generation for non-included QName:{uri:iso.org:21090}NPPD_CO
excluding code generation for non-included QName:{uri:iso.org:21090}LIST_TS.Date.Full
excluding code generation for non-included QName:{uri:iso.org:21090}NPPD_CD
excluding code generation for non-included QName:{gme://caGrid.caBIG/1.0/gov.nih.nci.cagrid.metadata.common}SemanticMetadata
excluding code generation for non-included QName:{uri:iso.org:21090}IVL.Width_TS.DateTime
excluding code generation for non-included QName:{uri:iso.org:21090}HIST_EN.TN
excluding code generation for non-included QName:{http://CQL.caBIG/2/org.cagrid.cql2}PopulationDepth
excluding code generation for non-included QName:{uri:iso.org:21090}UncertaintyType
excluding code generation for non-included QName:{uri:iso.org:21090}LIST_ED.Doc.Inline
excluding code generation for non-included QName:{uri:iso.org:21090}TEL[0,0]
excluding code generation for non-included QName:{uri:iso.org:21090}LIST_AD
excluding code generation for non-included QName:{uri:iso.org:21090}UVP_TEL.Url[0,unbounded]
excluding code generation for non-included QName:{uri:iso.org:21090}UVP_SC.NT[0,unbounded]
excluding code generation for non-included QName:{gme://caCORE.caCORE/3.2/gov.nih.nci.cacoresdk.domain.other.datatype}PqDataType
excluding code generation for non-included QName:{uri:iso.org:21090}SC.NT[0,unbounded]
excluding code generation for non-included QName:{uri:iso.org:21090}IVL.Low_INT.Positive
excluding code generation for non-included QName:{uri:iso.org:21090}EIVL_TS.Date.Full
excluding code generation for non-included QName:{gme://caCORE.caCORE/3.2/gov.nih.nci.cacoresdk.domain.other.levelassociation}Hand
excluding code generation for non-included QName:{gme://caCORE.caCORE/3.2/gov.nih.nci.cacoresdk.domain.other.primarykey}CharacterPrimitiveKey
excluding code generation for non-included QName:{uri:iso.org:21090}TS[0,unbounded]
excluding code generation for non-included QName:{uri:iso.org:21090}>list
excluding code generation for non-included QName:{uri:iso.org:21090}COLL_ED.Signature
excluding code generation for non-included QName:{uri:iso.org:21090}QSP_PQ.Time
excluding code generation for non-included QName:{uri:iso.org:21090}UVP_INT
excluding code generation for non-included QName:{uri:iso.org:21090}RTO[0,0]
excluding code generation for non-included QName:{uri:iso.org:21090}GLIST_RTO
excluding code generation for non-included QName:{gme://caCORE.caCORE/3.2/gov.nih.nci.cacoresdk.domain.inheritance.parentwithassociation}>Professor>assistantCollection
excluding code generation for non-included QName:{uri:iso.org:21090}NPPD_EN
excluding code generation for non-included QName:{uri:iso.org:21090}II[0,unbounded]
excluding code generation for non-included QName:{uri:iso.org:21090}NPPD_ED
excluding code generation for non-included QName:{uri:iso.org:21090}BAG_ED.Text
excluding code generation for non-included QName:{http://CQL.caBIG/2/org.cagrid.cql2}NamedAssociation
excluding code generation for non-included QName:{uri:iso.org:21090}COLL_TEL
excluding code generation for non-included QName:{http://CQL.caBIG/2/org.cagrid.cql2}Aggregation
excluding code generation for non-included QName:{http://CQL.caBIG/2/org.cagrid.cql2.results}TargetAttribute[,unbounded]
excluding code generation for non-included QName:{uri:iso.org:21090}>linkHtml
excluding code generation for non-included QName:{uri:iso.org:21090}UVP_ST.NT
excluding code generation for non-included QName:{uri:iso.org:21090}LIST_CO
excluding code generation for non-included QName:{uri:iso.org:21090}UVP_PQ.Time
excluding code generation for non-included QName:{uri:iso.org:21090}SLIST_TS.Date.Full
excluding code generation for non-included QName:{uri:iso.org:21090}BAG_ST
excluding code generation for non-included QName:{uri:iso.org:21090}UVP_RTO
excluding code generation for non-included QName:{uri:iso.org:21090}UVP_TEL.Email
excluding code generation for non-included QName:{gme://caCORE.caCORE/3.2/gov.nih.nci.cacoresdk.domain.other.primarykey}StringPrimitiveKey
excluding code generation for non-included QName:{uri:iso.org:21090}GLIST_INT
excluding code generation for non-included QName:{uri:iso.org:21090}LIST_CD
excluding code generation for non-included QName:{uri:iso.org:21090}QSU_INT.NonNeg
excluding code generation for non-included QName:{uri:iso.org:21090}BAG_SC
excluding code generation for non-included QName:{uri:iso.org:21090}UVP_CD.CV[0,unbounded]
excluding code generation for non-included QName:{uri:iso.org:21090}LIST_CS
excluding code generation for non-included QName:{uri:iso.org:21090}UVP_CD.CE[0,unbounded]
excluding code generation for non-included QName:{gme://caCORE.caCORE/3.2/gov.nih.nci.cacoresdk.domain.inheritance.abstrakt}Teacher
excluding code generation for non-included QName:{uri:iso.org:21090}NPPD_CD.CE.None
excluding code generation for non-included QName:{uri:iso.org:21090}LIST_BL
excluding code generation for non-included QName:{uri:iso.org:21090}>>td>valign
excluding code generation for non-included QName:{uri:iso.org:21090}BAG_TS
excluding code generation for non-included QName:{uri:iso.org:21090}DSET_ED.Image
excluding code generation for non-included QName:{uri:iso.org:21090}IVL.Width_PQ
excluding code generation for non-included QName:{uri:iso.org:21090}HIST_EN.PN
excluding code generation for non-included QName:{uri:iso.org:21090}TS.Date.Full[0,unbounded]
excluding code generation for non-included QName:{uri:iso.org:21090}QSS_MO
excluding code generation for non-included QName:{uri:iso.org:21090}CD[0,0]
excluding code generation for non-included QName:{uri:iso.org:21090}DSET_CD.CE.None
excluding code generation for non-included QName:{uri:iso.org:21090}UVP_PQ.Time[0,unbounded]
excluding code generation for non-included QName:{uri:iso.org:21090}>>colgroup>valign
excluding code generation for non-included QName:{uri:iso.org:21090}CD.CE.None
excluding code generation for non-included QName:{gme://caGrid.caBIG/1.0/gov.nih.nci.cagrid.metadata.security}ServiceSecurityMetadata
excluding code generation for non-included QName:{uri:iso.org:21090}QSD_REAL
excluding code generation for non-included QName:{gme://caGrid.caBIG/1.0/gov.nih.nci.cagrid.metadata.service}>Operation>inputParameterCollection
excluding code generation for non-included QName:{uri:iso.org:21090}LIST_EN
excluding code generation for non-included QName:{uri:iso.org:21090}DSET_TEL.Person
excluding code generation for non-included QName:{uri:iso.org:21090}QSI_TS.Date.Full
excluding code generation for non-included QName:{http://CQL.caBIG/2/org.cagrid.cql2.results}ExtendedCQLResult
excluding code generation for non-included QName:{gme://caCORE.caCORE/3.2/gov.nih.nci.cacoresdk.domain.other.datatype}BlNonNullDataType
excluding code generation for non-included QName:{gme://caCORE.caCORE/3.2/gov.nih.nci.cacoresdk.domain.onetomany.bidirectional.withjoin}Passanger
excluding code generation for non-included QName:{uri:iso.org:21090}QSD_CO
excluding code generation for non-included QName:{uri:iso.org:21090}LIST_ED
excluding code generation for non-included QName:{uri:iso.org:21090}QSD_TS
excluding code generation for non-included QName:{uri:iso.org:21090}QSP_TS.Date.Full
excluding code generation for non-included QName:{uri:iso.org:21090}COLL_TEL.Url
excluding code generation for non-included QName:{uri:iso.org:21090}QSET_RTO
excluding code generation for non-included QName:{gme://caCORE.caCORE/3.2/gov.nih.nci.cacoresdk.domain.onetoone.bidirectional}OrderLine
excluding code generation for non-included QName:{uri:iso.org:21090}NPPD_ED.Image
excluding code generation for non-included QName:{uri:iso.org:21090}BAG_TS.Birth
excluding code generation for non-included QName:{uri:iso.org:21090}IVL.Width_INT.Positive
excluding code generation for non-included QName:{uri:iso.org:21090}IVL_INT
excluding code generation for non-included QName:{uri:iso.org:21090}COLL_CD.CE.None
excluding code generation for non-included QName:{uri:iso.org:21090}ST[0,unbounded]
excluding code generation for non-included QName:{uri:iso.org:21090}>tbody
excluding code generation for non-included QName:{uri:iso.org:21090}BAG_TS.DateTime
excluding code generation for non-included QName:{uri:iso.org:21090}IVL.Low_PQ.Time
excluding code generation for non-included QName:{uri:iso.org:21090}IVL.High_RTO
excluding code generation for non-included QName:{uri:iso.org:21090}HIST_ED.Text
excluding code generation for non-included QName:{uri:iso.org:21090}NPPD_II
excluding code generation for non-included QName:{uri:iso.org:21090}NPPD_ED.Narrative
excluding code generation for non-included QName:{gme://caCORE.caCORE/3.2/gov.nih.nci.cacoresdk.domain.inheritance.implicit}FishTank
excluding code generation for non-included QName:{uri:iso.org:21090}set_EntityNamePartQualifier
excluding code generation for non-included QName:{uri:iso.org:21090}MO[0,0]
excluding code generation for non-included QName:{gme://caCORE.caCORE/3.2/gov.nih.nci.cacoresdk.domain.onetoone.multipleassociation}Child
excluding code generation for non-included QName:{uri:iso.org:21090}IVL.High_MO
excluding code generation for non-included QName:{uri:iso.org:21090}>renderMultiMedia
excluding code generation for non-included QName:{uri:iso.org:21090}CD.CV[0,unbounded]
excluding code generation for non-included QName:{gme://caCORE.caCORE/3.2/gov.nih.nci.cacoresdk.domain.onetomany.bidirectional}HardDrive
excluding code generation for non-included QName:{uri:iso.org:21090}QSET_TS.Date
excluding code generation for non-included QName:{uri:iso.org:21090}COLL_II
excluding code generation for non-included QName:{uri:iso.org:21090}UVP_TS.Date.Full[0,unbounded]
excluding code generation for non-included QName:{http://CQL.caBIG/2/org.cagrid.cql2}CQLExtension[,unbounded]
excluding code generation for non-included QName:{uri:iso.org:21090}TEL.Email[0,unbounded]
excluding code generation for non-included QName:{uri:iso.org:21090}IVL_PQ
excluding code generation for non-included QName:{uri:iso.org:21090}DSET_INT.Positive
excluding code generation for non-included QName:{uri:iso.org:21090}GLIST_PQ.Time
excluding code generation for non-included QName:{uri:iso.org:21090}QSD_TS.Date
excluding code generation for non-included QName:{uri:iso.org:21090}GLIST_TS.Birth
excluding code generation for non-included QName:{uri:iso.org:21090}UVP_TS.DateTime
excluding code generation for non-included QName:{gme://caCORE.caCORE/3.2/gov.nih.nci.cacoresdk.domain.inheritance.abstrakt}>Teacher>pupilCollection
excluding code generation for non-included QName:{uri:iso.org:21090}LIST_MO
excluding code generation for non-included QName:{uri:iso.org:21090}NPPD_TEL.Phone
excluding code generation for non-included QName:{uri:iso.org:21090}QSD_INT
excluding code generation for non-included QName:{uri:iso.org:21090}ENXP[0,unbounded]
excluding code generation for non-included QName:{uri:iso.org:21090}REAL
excluding code generation for non-included QName:{gme://caCORE.caCORE/3.2/gov.nih.nci.cacoresdk.domain.onetoone.multipleassociation}Parent
excluding code generation for non-included QName:{gme://caCORE.caCORE/3.2/gov.nih.nci.cacoresdk.domain.inheritance.onechild.sametable}Note
excluding code generation for non-included QName:{uri:iso.org:21090}QSET_PQ.Time[0,unbounded]
excluding code generation for non-included QName:{gme://caCORE.caCORE/3.2/gov.nih.nci.cacoresdk.domain.manytomany.bidirectional}Project
excluding code generation for non-included QName:{uri:iso.org:21090}GLIST_TS.Date
excluding code generation for non-included QName:{http://gov.nih.nci.cagrid.data/DataServiceExceptions}QueryProcessingExceptionType
excluding code generation for non-included QName:{uri:iso.org:21090}COLL_ED.Image
excluding code generation for non-included QName:{uri:iso.org:21090}QSET_TS.Date[0,unbounded]
excluding code generation for non-included QName:{uri:iso.org:21090}NPPD_TEL
excluding code generation for non-included QName:{uri:iso.org:21090}IdentifierReliability
excluding code generation for non-included QName:{uri:iso.org:21090}NPPD_EN.ON
excluding code generation for non-included QName:{gme://caGrid.caBIG/1.0/gov.nih.nci.cagrid.metadata}>ServiceMetadata>hostingResearchCenter
excluding code generation for non-included QName:{gme://caCORE.caCORE/3.2/gov.nih.nci.cacoresdk.domain.other.datatype}DsetAdDataType
excluding code generation for non-included QName:{uri:iso.org:21090}QSI_MO
excluding code generation for non-included QName:{uri:iso.org:21090}IVL.Width_TS
excluding code generation for non-included QName:{uri:iso.org:21090}TEL.Person
excluding code generation for non-included QName:{gme://caCORE.caCORE/3.2/gov.nih.nci.cacoresdk.domain.other.datatype}IvlRealDataType
excluding code generation for non-included QName:{uri:iso.org:21090}IVL_TS
excluding code generation for non-included QName:{uri:iso.org:21090}QSP_INT.NonNeg
excluding code generation for non-included QName:{gme://caCORE.caCORE/3.2/gov.nih.nci.cacoresdk.domain.manytoone.unidirectional}Chef
excluding code generation for non-included QName:{uri:iso.org:21090}IVL_TS.DateTime.Full
excluding code generation for non-included QName:{uri:iso.org:21090}UVP_ED.Text
excluding code generation for non-included QName:{gme://caCORE.caCORE/3.2/gov.nih.nci.cacoresdk.domain.other.primarykey}CharacterKey
excluding code generation for non-included QName:{uri:iso.org:21090}NPPD_INT.Positive
excluding code generation for non-included QName:{uri:iso.org:21090}IVL.High_PQ
excluding code generation for non-included QName:{gme://caCORE.caCORE/3.2/gov.nih.nci.cacoresdk.domain.inheritance.twolevelinheritance}CRTMonitor
excluding code generation for non-included QName:{uri:iso.org:21090}ED.Text[0,unbounded]
excluding code generation for non-included QName:{gme://caCORE.caCORE/3.2/gov.nih.nci.cacoresdk.domain.onetoone.bidirectional.withjoin}Chain
excluding code generation for non-included QName:{uri:iso.org:21090}TS.DateTime
excluding code generation for non-included QName:{uri:iso.org:21090}COLL_TEL.Phone
excluding code generation for non-included QName:{uri:iso.org:21090}IVL.High_PQ.Time
excluding code generation for non-included QName:{uri:iso.org:21090}QSS_PQ.Time
excluding code generation for non-included QName:{uri:iso.org:21090}DSET_ED.Narrative
excluding code generation for non-included QName:{uri:iso.org:21090}UVP_TS.Date.Full
excluding code generation for non-included QName:{uri:iso.org:21090}UVP_ED.Doc.Inline[0,unbounded]
excluding code generation for non-included QName:{uri:iso.org:21090}TS
excluding code generation for non-included QName:{uri:iso.org:21090}ED.Signature[0,unbounded]
excluding code generation for non-included QName:{uri:iso.org:21090}CD.CE.None[0,unbounded]
excluding code generation for non-included QName:{uri:iso.org:21090}IVL_RTO
excluding code generation for non-included QName:{uri:iso.org:21090}BL.NonNull[0,unbounded]
excluding code generation for non-included QName:{uri:iso.org:21090}BAG_TEL.Phone
excluding code generation for non-included QName:{uri:iso.org:21090}ST
excluding code generation for non-included QName:{uri:iso.org:21090}ST.NT
excluding code generation for non-included QName:{uri:iso.org:21090}COLL_MO
excluding code generation for non-included QName:{uri:iso.org:21090}UVP_INT.Positive
excluding code generation for non-included QName:{gme://caCORE.caCORE/3.2/gov.nih.nci.cacoresdk.domain.inheritance.twolevelinheritance.sametable}CommunistGovt
excluding code generation for non-included QName:{gme://caCORE.caCORE/3.2/gov.nih.nci.cacoresdk.domain.onetomany.unidirectional.withjoin}Shirt
excluding code generation for non-included QName:{uri:iso.org:21090}EN.TN[0,unbounded]
excluding code generation for non-included QName:{uri:iso.org:21090}TS.Birth[0,unbounded]
excluding code generation for non-included QName:{uri:iso.org:21090}UVP_ED[0,unbounded]
excluding code generation for non-included QName:{uri:iso.org:21090}SC
excluding code generation for non-included QName:{gme://caCORE.caCORE/3.2/gov.nih.nci.cacoresdk.domain.other.levelassociation}>Deck>suitCollection
excluding code generation for non-included QName:{uri:iso.org:21090}LIST_II
excluding code generation for non-included QName:{uri:iso.org:21090}PQ.Time
excluding code generation for non-included QName:{gme://caCORE.caCORE/3.2/gov.nih.nci.cacoresdk.domain.other.datatype}TelPhoneDataType
excluding code generation for non-included QName:{uri:iso.org:21090}IVL_MO
excluding code generation for non-included QName:{uri:iso.org:21090}BAG_TEL
excluding code generation for non-included QName:{uri:iso.org:21090}HIST_ED.Narrative
excluding code generation for non-included QName:{uri:iso.org:21090}ED.Doc.Inline[0,unbounded]
excluding code generation for non-included QName:{http://CQL.caBIG/2/org.cagrid.cql2.results}CQLResult
excluding code generation for non-included QName:{uri:iso.org:21090}set_CodingRationale
excluding code generation for non-included QName:{gme://caCORE.caCORE/3.2/gov.nih.nci.cacoresdk.domain.inheritance.childwithassociation.sametable}SportsShoes
excluding code generation for non-included QName:{uri:iso.org:21090}>>tr>valign
excluding code generation for non-included QName:{uri:iso.org:21090}IVL.Width_RTO
excluding code generation for non-included QName:{uri:iso.org:21090}SLIST_INT
excluding code generation for non-included QName:{uri:iso.org:21090}IVL.Low_TS
excluding code generation for non-included QName:{uri:iso.org:21090}NPPD_INT.NonNeg
excluding code generation for non-included QName:{uri:iso.org:21090}QSD_RTO
excluding code generation for non-included QName:{uri:iso.org:21090}COLL_REAL
excluding code generation for non-included QName:{uri:iso.org:21090}LIST_TEL.Email
excluding code generation for non-included QName:{uri:iso.org:21090}IVL_REAL
excluding code generation for non-included QName:{uri:iso.org:21090}NPPD_TS
excluding code generation for non-included QName:{uri:iso.org:21090}QSD_TS.DateTime
excluding code generation for non-included QName:{uri:iso.org:21090}IVL.Low_TS.Date
excluding code generation for non-included QName:{gme://caCORE.caCORE/3.2/gov.nih.nci.cacoresdk.domain.onetomany.selfassociation}Element
excluding code generation for non-included QName:{http://CQL.caBIG/2/org.cagrid.cql2.results}CQLObjectResult
excluding code generation for non-included QName:{uri:iso.org:21090}BAG_TEL.Email
excluding code generation for non-included QName:{uri:iso.org:21090}UVP_CD.CE
excluding code generation for non-included QName:{gme://caCORE.caCORE/3.2/gov.nih.nci.cacoresdk.domain.other.datatype}EdDataType
excluding code generation for non-included QName:{uri:iso.org:21090}>item
excluding code generation for non-included QName:{uri:iso.org:21090}ED.Doc.Ref[0,unbounded]
excluding code generation for non-included QName:{uri:iso.org:21090}QSP_INT.Positive
excluding code generation for non-included QName:{gme://caGrid.caBIG/1.0/gov.nih.nci.cagrid.metadata.security}GSISecureConversation
excluding code generation for non-included QName:{gme://caCORE.caCORE/3.2/gov.nih.nci.cacoresdk.domain.inheritance.childwithassociation.sametable}Designer
excluding code generation for non-included QName:{uri:iso.org:21090}NPPD_ST
excluding code generation for non-included QName:{uri:iso.org:21090}UVP_CD.CV
excluding code generation for non-included QName:{uri:iso.org:21090}QSP_CO
excluding code generation for non-included QName:{gme://caCORE.caCORE/3.2/gov.nih.nci.cacoresdk.domain.onetomany.unidirectional.withjoin}Button
excluding code generation for non-included QName:{gme://caCORE.caCORE/3.2/gov.nih.nci.cacoresdk.domain.other.datatype}TelEmailDataType
excluding code generation for non-included QName:{gme://caGrid.caBIG/1.0/gov.nih.nci.cagrid.metadata.service}>Service>serviceContextCollection
excluding code generation for non-included QName:{uri:iso.org:21090}EN.PN[0,unbounded]
excluding code generation for non-included QName:{uri:iso.org:21090}UVP_CO[0,unbounded]
excluding code generation for non-included QName:{gme://caCORE.caCORE/3.2/gov.nih.nci.cacoresdk.domain.inheritance.parentwithassociation}AssistantProfessor
excluding code generation for non-included QName:{uri:iso.org:21090}LIST_ED.Narrative
excluding code generation for non-included QName:{uri:iso.org:21090}IVL.High_TS
excluding code generation for non-included QName:{uri:iso.org:21090}QSET_PQ[0,unbounded]
excluding code generation for non-included QName:{uri:iso.org:21090}EntityNamePartType
excluding code generation for non-included QName:{uri:iso.org:21090}PQ
excluding code generation for non-included QName:{uri:iso.org:21090}QSI_PQ
excluding code generation for non-included QName:{uri:iso.org:21090}QSP_TS.Birth
excluding code generation for non-included QName:{uri:iso.org:21090}>>table>rules
excluding code generation for non-included QName:{gme://caCORE.caCORE/3.2/gov.nih.nci.cacoresdk.domain.onetoone.multipleassociation.withjoin}InLaw
excluding code generation for non-included QName:{gme://caCORE.caCORE/3.2/gov.nih.nci.cacoresdk.domain.inheritance.twolevelinheritance.sametable}DemocraticGovt
excluding code generation for non-included QName:{uri:iso.org:21090}>>col>align
excluding code generation for non-included QName:{uri:iso.org:21090}COLL_AD
excluding code generation for non-included QName:{uri:iso.org:21090}ED.Image
excluding code generation for non-included QName:{gme://caCORE.caCORE/3.2/gov.nih.nci.cacoresdk.domain.other.levelassociation}Card
excluding code generation for non-included QName:{gme://caCORE.caCORE/3.2/gov.nih.nci.cacoresdk.domain.inheritance.twolevelinheritance.sametablerootlevel}FinancialCalculator
excluding code generation for non-included QName:{uri:iso.org:21090}QSD_PQ.Time
excluding code generation for non-included QName:{uri:iso.org:21090}HIST_TS.Date.Full
excluding code generation for non-included QName:{uri:iso.org:21090}UVP_ED.Text[0,unbounded]
excluding code generation for non-included QName:{uri:iso.org:21090}QTY
excluding code generation for non-included QName:{http://CQL.caBIG/2/org.cagrid.cql2}DistinctAttribute
excluding code generation for non-included QName:{gme://caCORE.caCORE/3.2/gov.nih.nci.cacoresdk.domain.other.differentpackage.associations}IceCream
excluding code generation for non-included QName:{uri:iso.org:21090}UVP_TS.DateTime.Full
excluding code generation for non-included QName:{uri:iso.org:21090}REAL[0,unbounded]
excluding code generation for non-included QName:{uri:iso.org:21090}LIST_TS
excluding code generation for non-included QName:{gme://caCORE.caCORE/3.2/gov.nih.nci.cacoresdk.domain.onetomany.bidirectional.withjoin}Flight
excluding code generation for non-included QName:{uri:iso.org:21090}SLIST_INT.NonNeg
excluding code generation for non-included QName:{uri:iso.org:21090}SLIST_TS
excluding code generation for non-included QName:{uri:iso.org:21090}HIST_PQ.Time
excluding code generation for non-included QName:{uri:iso.org:21090}LIST_ST.NT
excluding code generation for non-included QName:{uri:iso.org:21090}BAG_CD.CE.None
excluding code generation for non-included QName:{uri:iso.org:21090}LIST_EN.TN
excluding code generation for non-included QName:{uri:iso.org:21090}SLIST_RTO
excluding code generation for non-included QName:{uri:iso.org:21090}BAG_ST.NT
excluding code generation for non-included QName:{gme://caCORE.caCORE/3.2/gov.nih.nci.cacoresdk.domain.other.differentpackage}>Dessert>utensilCollection
excluding code generation for non-included QName:{uri:iso.org:21090}UVP_ED.Doc.Ref
excluding code generation for non-included QName:{uri:iso.org:21090}UVP_ED.Image
excluding code generation for non-included QName:{uri:iso.org:21090}LIST_TEL.Person
excluding code generation for non-included QName:{uri:iso.org:21090}COLL_BL
excluding code generation for non-included QName:{uri:iso.org:21090}BAG_ED.Doc.Ref
excluding code generation for non-included QName:{uri:iso.org:21090}IVL_TS.Date
excluding code generation for non-included QName:{uri:iso.org:21090}UVP_CD.CE.None
excluding code generation for non-included QName:{http://CQL.caBIG/2/org.cagrid.cql2}CQLQueryModifier
excluding code generation for non-included QName:{uri:iso.org:21090}>caption
excluding code generation for non-included QName:{uri:iso.org:21090}QSS_INT
excluding code generation for non-included QName:{gme://caCORE.caCORE/3.2/gov.nih.nci.cacoresdk.domain.inheritance.multiplechild.sametable}GovtOrganization
excluding code generation for non-included QName:{uri:iso.org:21090}TS.Birth[0,0]
excluding code generation for non-included QName:{uri:iso.org:21090}ED.Doc
excluding code generation for non-included QName:{http://org.cagrid.dataservice.cql/QueryLanguageSupport}>QueryLanguageSupport>CQL2Support
excluding code generation for non-included QName:{uri:iso.org:21090}IVL.Low_MO
excluding code generation for non-included QName:{uri:iso.org:21090}NPPD_EN.TN
excluding code generation for non-included QName:{gme://caCORE.caCORE/3.2/gov.nih.nci.cacoresdk.domain.other.datatype}IvlIntDataType
excluding code generation for non-included QName:{uri:iso.org:21090}LIST_SC
excluding code generation for non-included QName:{uri:iso.org:21090}LIST_ED.Image
excluding code generation for non-included QName:{uri:iso.org:21090}INT.Positive[0,0]
excluding code generation for non-included QName:{gme://caCORE.caCORE/3.2/gov.nih.nci.cacoresdk.domain.other.datatype}EnDataType
excluding code generation for non-included QName:{http://gov.nih.nci.cagrid.data/DataServiceExceptions}MalformedQueryExceptionType
excluding code generation for non-included QName:{uri:iso.org:21090}UVP_PQ[0,unbounded]
excluding code generation for non-included QName:{uri:iso.org:21090}IVL.High_INT.Positive
excluding code generation for non-included QName:{uri:iso.org:21090}COLL_TS.DateTime.Full
excluding code generation for non-included QName:{gme://caGrid.caBIG/1.0/gov.nih.nci.cagrid.metadata.service}InputParameter
excluding code generation for non-included QName:{gme://caCORE.caCORE/3.2/gov.nih.nci.cacoresdk.domain.inheritance.onechild.sametable}Currency
excluding code generation for non-included QName:{uri:iso.org:21090}UVP_BL[0,unbounded]
excluding code generation for non-included QName:{gme://caCORE.caCORE/3.2/gov.nih.nci.cacoresdk.domain.other.datatype}TelDataType
excluding code generation for non-included QName:{uri:iso.org:21090}IVL.Low_PQ
excluding code generation for non-included QName:{gme://caCORE.caCORE/3.2/gov.nih.nci.cacoresdk.domain.inheritance.implicit}FreshwaterFishTank
excluding code generation for non-included QName:{uri:iso.org:21090}LIST_EN.PN
excluding code generation for non-included QName:{uri:iso.org:21090}NPPD_ED.Doc
excluding code generation for non-included QName:{uri:iso.org:21090}QSI_TS
excluding code generation for non-included QName:{uri:iso.org:21090}BAG_TS.Date.Full
excluding code generation for non-included QName:{gme://caCORE.caCORE/3.2/gov.nih.nci.cacoresdk.domain.other.primarykey}IntegerKey
excluding code generation for non-included QName:{gme://caGrid.caBIG/1.0/gov.nih.nci.cagrid.metadata}>ServiceMetadata>serviceDescription
excluding code generation for non-included QName:{uri:iso.org:21090}LIST_ST
excluding code generation for non-included QName:{uri:iso.org:21090}LIST_REAL
excluding code generation for non-included QName:{uri:iso.org:21090}HIST_ED.Image
excluding code generation for non-included QName:{uri:iso.org:21090}HIST_TEL
excluding code generation for non-included QName:{gme://caCORE.caCORE/3.2/gov.nih.nci.cacoresdk.domain.onetomany.selfassociation}>Element>childCollection
excluding code generation for non-included QName:{uri:iso.org:21090}TEL.Phone[0,unbounded]
excluding code generation for non-included QName:{uri:iso.org:21090}LIST_RTO
excluding code generation for non-included QName:{uri:iso.org:21090}QSET_TS[0,unbounded]
excluding code generation for non-included QName:{uri:iso.org:21090}LIST_TS.DateTime
excluding code generation for non-included QName:{uri:iso.org:21090}EntityNameUse
excluding code generation for non-included QName:{gme://caCORE.caCORE/3.2/gov.nih.nci.cacoresdk.domain.other.validationtype}AllValidationType
excluding code generation for non-included QName:{http://CQL.caBIG/2/org.cagrid.cql2.results}CQLAggregateResult
excluding code generation for non-included QName:{uri:iso.org:21090}COLL_EN
excluding code generation for non-included QName:{uri:iso.org:21090}HIST_CD.CE
excluding code generation for non-included QName:{uri:iso.org:21090}COLL_ED
excluding code generation for non-included QName:{uri:iso.org:21090}LIST_EN.ON
excluding code generation for non-included QName:{uri:iso.org:21090}QSP_RTO
excluding code generation for non-included QName:{uri:iso.org:21090}TelecommunicationAddressUse
excluding code generation for non-included QName:{gme://caCORE.caCORE/3.2/gov.nih.nci.cacoresdk.domain.inheritance.implicit}Tank
excluding code generation for non-included QName:{gme://caCORE.caCORE/3.2/gov.nih.nci.cacoresdk.domain.other.datatype}IvlTsDataType
excluding code generation for non-included QName:{http://org.cagrid.dataservice.cql/QueryLanguageSupport}QueryLanguageSupport
excluding code generation for non-included QName:{uri:iso.org:21090}HIST_ED.Doc
excluding code generation for non-included QName:{uri:iso.org:21090}LIST_INT.NonNeg
excluding code generation for non-included QName:{uri:iso.org:21090}UVP_REAL[0,unbounded]
excluding code generation for non-included QName:{uri:iso.org:21090}LIST_PQ
excluding code generation for non-included QName:{gme://caGrid.caBIG/1.0/gov.nih.nci.cagrid.metadata.common}>ValueDomain>enumerationCollection
excluding code generation for non-included QName:{uri:iso.org:21090}PostalAddressUse
excluding code generation for non-included QName:{gme://caCORE.caCORE/3.2/gov.nih.nci.cacoresdk.domain.inheritance.parentwithassociation.sametable}Luggage
excluding code generation for non-included QName:{gme://caGrid.caBIG/1.0/gov.nih.nci.cagrid.metadata.common}ResearchCenterDescription
excluding code generation for non-included QName:{uri:iso.org:21090}ANY
excluding code generation for non-included QName:{uri:iso.org:21090}ADXP
excluding code generation for non-included QName:{gme://caCORE.caCORE/3.2/gov.nih.nci.cacoresdk.domain.other.datatype}BlDataType
excluding code generation for non-included QName:{gme://caCORE.caCORE/3.2/gov.nih.nci.cacoresdk.domain.other.datatype}TsDataType
excluding code generation for non-included QName:{uri:iso.org:21090}PIVL_TS.DateTime.Full
excluding code generation for non-included QName:{uri:iso.org:21090}QSET_CO
excluding code generation for non-included QName:{uri:iso.org:21090}IVL.High_INT.NonNeg
excluding code generation for non-included QName:{uri:iso.org:21090}TEL.Email
excluding code generation for non-included QName:{uri:iso.org:21090}QSS_INT.Positive
excluding code generation for non-included QName:{uri:iso.org:21090}NPPD_EN.PN
excluding code generation for non-included QName:{gme://caCORE.caCORE/3.2/gov.nih.nci.cacoresdk.domain.inheritance.parentwithassociation.sametable}Wheel
excluding code generation for non-included QName:{uri:iso.org:21090}BAG_TS.DateTime.Full
excluding code generation for non-included QName:{uri:iso.org:21090}ED.Doc.Inline
excluding code generation for non-included QName:{uri:iso.org:21090}COLL_CO
excluding code generation for non-included QName:{http://CQL.caBIG/2/org.cagrid.cql2}CQLGroup
excluding code generation for non-included QName:{gme://caGrid.caBIG/1.0/gov.nih.nci.cagrid.metadata.security}CommunicationMechanism
excluding code generation for non-included QName:{uri:iso.org:21090}TEL[0,unbounded]
excluding code generation for non-included QName:{uri:iso.org:21090}COLL_CD
excluding code generation for non-included QName:{uri:iso.org:21090}EntityNamePartQualifier
excluding code generation for non-included QName:{uri:iso.org:21090}LIST_ED.Doc
excluding code generation for non-included QName:{gme://caCORE.caCORE/3.2/gov.nih.nci.cacoresdk.domain.inheritance.childwithassociation}Bank
excluding code generation for non-included QName:{uri:iso.org:21090}QSET_TS.DateTime.Full
excluding code generation for non-included QName:{uri:iso.org:21090}DSET_TEL
excluding code generation for non-included QName:{uri:iso.org:21090}ED[0,0]
excluding code generation for non-included QName:{uri:iso.org:21090}IVL.Low_TS.Birth
excluding code generation for non-included QName:{gme://caCORE.caCORE/3.2/gov.nih.nci.cacoresdk.domain.inheritance.twolevelinheritance.sametable}Goverment
excluding code generation for non-included QName:{gme://caCORE.caCORE/3.2/gov.nih.nci.cacoresdk.domain.other.datatype}IntDataType
excluding code generation for non-included QName:{uri:iso.org:21090}QSET_INT[0,unbounded]
excluding code generation for non-included QName:{uri:iso.org:21090}DSET_ED.Doc.Inline
excluding code generation for non-included QName:{uri:iso.org:21090}UVP_EN.PN[0,unbounded]
excluding code generation for non-included QName:{uri:iso.org:21090}IVL.High_TS.Birth
excluding code generation for non-included QName:{http://CQL.caBIG/2/org.cagrid.cql2}CQLAttribute[,unbounded]
excluding code generation for non-included QName:{uri:iso.org:21090}IVL_TS.Birth
excluding code generation for non-included QName:{uri:iso.org:21090}HIST_CD.CV
excluding code generation for non-included QName:{uri:iso.org:21090}>br
excluding code generation for non-included QName:{uri:iso.org:21090}LIST_TS.Birth
excluding code generation for non-included QName:{http://CQL.caBIG/2/org.cagrid.cql2}CQLObject
excluding code generation for non-included QName:{uri:iso.org:21090}UVP_BL.NonNull[0,unbounded]
excluding code generation for non-included QName:{uri:iso.org:21090}SLIST_TS.DateTime.Full
excluding code generation for non-included QName:{uri:iso.org:21090}>>td>align
excluding code generation for non-included QName:{uri:iso.org:21090}UVP_TEL.Email[0,unbounded]
excluding code generation for non-included QName:{uri:iso.org:21090}COLL_CS
excluding code generation for non-included QName:{uri:iso.org:21090}NPPD_ED.Text
excluding code generation for non-included QName:{uri:iso.org:21090}UVP_ED.Signature
excluding code generation for non-included QName:{gme://caCORE.caCORE/3.2/gov.nih.nci.cacoresdk.domain.inheritance.parentwithassociation.sametable}HardTop
excluding code generation for non-included QName:{uri:iso.org:21090}>footnoteRef
excluding code generation for non-included QName:{uri:iso.org:21090}QSET_TS.Date.Full
excluding code generation for non-included QName:{uri:iso.org:21090}>>tfoot>align
excluding code generation for non-included QName:{uri:iso.org:21090}NPPD_TS.Date
excluding code generation for non-included QName:{uri:iso.org:21090}MO[0,unbounded]
excluding code generation for non-included QName:{uri:iso.org:21090}QSET_TS.DateTime[0,unbounded]
excluding code generation for non-included QName:{uri:iso.org:21090}DSET_TS.DateTime.Full
excluding code generation for non-included QName:{uri:iso.org:21090}SLIST_REAL
excluding code generation for non-included QName:{uri:iso.org:21090}BAG_AD
excluding code generation for non-included QName:{uri:iso.org:21090}SLIST_MO
excluding code generation for non-included QName:{http://CQL.caBIG/2/org.cagrid.cql2}CQLExtension
excluding code generation for non-included QName:{uri:iso.org:21090}ED.Doc[0,unbounded]
excluding code generation for non-included QName:{gme://caCORE.caCORE/3.2/gov.nih.nci.cacoresdk.domain.inheritance.implicit}SaltwaterFishTank
excluding code generation for non-included QName:{uri:iso.org:21090}TS[0,0]
excluding code generation for non-included QName:{uri:iso.org:21090}INT
excluding code generation for non-included QName:{uri:iso.org:21090}EIVL_TS
excluding code generation for non-included QName:{uri:iso.org:21090}DSET_CD
excluding code generation for non-included QName:{uri:iso.org:21090}COLL_ED.Text
excluding code generation for non-included QName:{uri:iso.org:21090}LIST_TEL
excluding code generation for non-included QName:{uri:iso.org:21090}IdentifierScope
excluding code generation for non-included QName:{uri:iso.org:21090}QSU_PQ.Time
excluding code generation for non-included QName:{uri:iso.org:21090}TS.Birth
excluding code generation for non-included QName:{uri:iso.org:21090}QSI_PQ.Time
excluding code generation for non-included QName:{uri:iso.org:21090}PIVL_TS.DateTime
excluding code generation for non-included QName:{gme://caCORE.caCORE/3.2/gov.nih.nci.cacoresdk.domain.other.datatype}DsetTelDataType
excluding code generation for non-included QName:{uri:iso.org:21090}DSET_CO
excluding code generation for non-included QName:{uri:iso.org:21090}DSET_CS
excluding code generation for non-included QName:{uri:iso.org:21090}>>table>frame
excluding code generation for non-included QName:{uri:iso.org:21090}NPPD_TS.Birth
excluding code generation for non-included QName:{uri:iso.org:21090}>footnote
excluding code generation for non-included QName:{uri:iso.org:21090}INT.NonNeg[0,unbounded]
excluding code generation for non-included QName:{uri:iso.org:21090}IVL.High_TS.Date
excluding code generation for non-included QName:{uri:iso.org:21090}UVP_BL.NonNull
excluding code generation for non-included QName:{uri:iso.org:21090}CD[0,unbounded]
excluding code generation for non-included QName:{uri:iso.org:21090}QSET_PQ
excluding code generation for non-included QName:{uri:iso.org:21090}QSET_TS.Date.Full[0,unbounded]
excluding code generation for non-included QName:{uri:iso.org:21090}NullFlavor
excluding code generation for non-included QName:{uri:iso.org:21090}SC.NT
excluding code generation for non-included QName:{uri:iso.org:21090}UVP_II[0,unbounded]
excluding code generation for non-included QName:{uri:iso.org:21090}COLL_TS.DateTime
excluding code generation for non-included QName:{uri:iso.org:21090}EN[0,unbounded]
excluding code generation for non-included QName:{uri:iso.org:21090}>>th>scope
excluding code generation for non-included QName:{gme://caCORE.caCORE/3.2/gov.nih.nci.cacoresdk.domain.manytomany.bidirectional}Employee
excluding code generation for non-included QName:{uri:iso.org:21090}BAG_EN.TN
excluding code generation for non-included QName:{uri:iso.org:21090}TS.Date[0,0]
excluding code generation for non-included QName:{uri:iso.org:21090}SLIST_TS.Date
excluding code generation for non-included QName:{uri:iso.org:21090}DSET_ED.Doc
excluding code generation for non-included QName:{gme://caCORE.caCORE/3.2/gov.nih.nci.cacoresdk.domain.other.datatype}RealDataType
excluding code generation for non-included QName:{uri:iso.org:21090}DSET_BL
excluding code generation for non-included QName:{uri:iso.org:21090}ED
excluding code generation for non-included QName:{uri:iso.org:21090}QSET_INT.Positive
excluding code generation for non-included QName:{uri:iso.org:21090}QSET_TS.DateTime.Full[0,unbounded]
excluding code generation for non-included QName:{uri:iso.org:21090}QSP_INT
excluding code generation for non-included QName:{uri:iso.org:21090}DSET_AD
excluding code generation for non-included QName:{uri:iso.org:21090}COLL_TEL.Person
excluding code generation for non-included QName:{uri:iso.org:21090}>>list>listType
excluding code generation for non-included QName:{uri:iso.org:21090}UVP_ST[0,unbounded]
excluding code generation for non-included QName:{uri:iso.org:21090}UVP_ED.Narrative[0,unbounded]
excluding code generation for non-included QName:{uri:iso.org:21090}IVL.Low_TS.DateTime
excluding code generation for non-included QName:{uri:iso.org:21090}CDGroup
excluding code generation for non-included QName:{uri:iso.org:21090}HIST_REAL
excluding code generation for non-included QName:{uri:iso.org:21090}COLL_PQ.Time
excluding code generation for non-included QName:{uri:iso.org:21090}EN
excluding code generation for non-included QName:{uri:iso.org:21090}LIST_TS.DateTime.Full
excluding code generation for non-included QName:{uri:iso.org:21090}COLL_RTO
excluding code generation for non-included QName:{uri:iso.org:21090}EIVL_TS.Date
excluding code generation for non-included QName:{uri:iso.org:21090}QSU_INT
excluding code generation for non-included QName:{http://CQL.caBIG/2/org.cagrid.cql2.results}CQLAttributeResult[0,unbounded]
excluding code generation for non-included QName:{uri:iso.org:21090}UVP_INT[0,unbounded]
excluding code generation for non-included QName:{gme://caGrid.caBIG/1.0/gov.nih.nci.cagrid.metadata.common}Enumeration
excluding code generation for non-included QName:{uri:iso.org:21090}LIST_BL.NonNull
excluding code generation for non-included QName:{uri:iso.org:21090}>>tbody>valign
excluding code generation for non-included QName:{uri:iso.org:21090}HXIT
excluding code generation for non-included QName:{uri:iso.org:21090}TEL.Url
excluding code generation for non-included QName:{gme://caGrid.caBIG/1.0/gov.nih.nci.cagrid.metadata.service}Service
excluding code generation for non-included QName:{gme://caGrid.caBIG/1.0/gov.nih.nci.cagrid.metadata.common}UMLClass
excluding code generation for non-included QName:{gme://caGrid.caBIG/1.0/gov.nih.nci.cagrid.metadata.common}>UMLClass>umlAttributeCollection
excluding code generation for non-included QName:{uri:iso.org:21090}set_TelecommunicationAddressUse
excluding code generation for non-included QName:{gme://caCORE.caCORE/3.2/gov.nih.nci.cacoresdk.domain.other.levelassociation}Suit
excluding code generation for non-included QName:{uri:iso.org:21090}HIST_TS.DateTime
excluding code generation for non-included QName:{uri:iso.org:21090}UVP_TS.Birth[0,unbounded]
excluding code generation for non-included QName:{uri:iso.org:21090}set_PostalAddressUse
excluding code generation for non-included QName:{uri:iso.org:21090}QSD_INT.Positive
excluding code generation for non-included QName:{uri:iso.org:21090}QSU_RTO
excluding code generation for non-included QName:{http://CQL.caBIG/2/org.cagrid.cql2}CQLAssociatedObject
excluding code generation for non-included QName:{uri:iso.org:21090}HIST_INT.NonNeg
excluding code generation for non-included QName:{uri:iso.org:21090}>>th>valign
excluding code generation for non-included QName:{uri:iso.org:21090}BL
excluding code generation for non-included QName:{uri:iso.org:21090}QSS_TS.Birth
excluding code generation for non-included QName:{uri:iso.org:21090}SLIST_PQ
excluding code generation for non-included QName:{http://CQL.caBIG/2/org.cagrid.cql2}AssociationPopulationSpecification
excluding code generation for non-included QName:{gme://caGrid.caBIG/1.0/gov.nih.nci.cagrid.metadata.common}ResearchCenter
excluding code generation for non-included QName:{uri:iso.org:21090}GLIST_TS.Date.Full
excluding code generation for non-included QName:{uri:iso.org:21090}LIST_TEL.Phone
excluding code generation for non-included QName:{gme://caCORE.caCORE/3.2/gov.nih.nci.cacoresdk.domain.inheritance.implicit}TankAccessory
excluding code generation for non-included QName:{uri:iso.org:21090}UVP_EN.TN[0,unbounded]
excluding code generation for non-included QName:{uri:iso.org:21090}BAG_EN.ON
excluding code generation for non-included QName:{uri:iso.org:21090}NPPD_TEL.Person
excluding code generation for non-included QName:{uri:iso.org:21090}CS
excluding code generation for non-included QName:{uri:iso.org:21090}LIST_SC.NT
excluding code generation for non-included QName:{uri:iso.org:21090}CR
excluding code generation for non-included QName:{uri:iso.org:21090}CO
excluding code generation for non-included QName:{uri:iso.org:21090}TS.DateTime.Full[0,0]
excluding code generation for non-included QName:{uri:iso.org:21090}HIST_BL.NonNull
excluding code generation for non-included QName:{http://CQL.caBIG/2/org.cagrid.cql2.results}CQLQueryResults
excluding code generation for non-included QName:{uri:iso.org:21090}ED[0,unbounded]
excluding code generation for non-included QName:{uri:iso.org:21090}UVP_CS[0,unbounded]
excluding code generation for non-included QName:{uri:iso.org:21090}CD
excluding code generation for non-included QName:{uri:iso.org:21090}QSI_INT
excluding code generation for non-included QName:{gme://caCORE.caCORE/3.2/gov.nih.nci.cacoresdk.domain.onetomany.bidirectional.withjoin}>Flight>passangerCollection
excluding code generation for non-included QName:{uri:iso.org:21090}UVP_ED.Doc.Ref[0,unbounded]
excluding code generation for non-included QName:{gme://caCORE.caCORE/3.2/gov.nih.nci.cacoresdk.domain.inheritance.twolevelinheritance.sametable}ParliamantaryGovt
excluding code generation for non-included QName:{gme://caCORE.caCORE/3.2/gov.nih.nci.cacoresdk.domain.onetoone.unidirectional}Address
excluding code generation for non-included QName:{uri:iso.org:21090}LIST_CD.CE
excluding code generation for non-included QName:{uri:iso.org:21090}ED.Image[0,unbounded]
excluding code generation for non-included QName:{uri:iso.org:21090}BAG_EN.PN
excluding code generation for non-included QName:{uri:iso.org:21090}QSET_MO
excluding code generation for non-included QName:{uri:iso.org:21090}QSP_TS.DateTime
excluding code generation for non-included QName:{uri:iso.org:21090}NPPD_TS.DateTime
excluding code generation for non-included QName:{uri:iso.org:21090}TS.DateTime[0,unbounded]
excluding code generation for non-included QName:{uri:iso.org:21090}HIST_SC.NT
excluding code generation for non-included QName:{uri:iso.org:21090}LIST_CD.CV
excluding code generation for non-included QName:{uri:iso.org:21090}XReference
excluding code generation for non-included QName:{gme://caCORE.caCORE/3.2/gov.nih.nci.cacoresdk.domain.other.datatype}EnOnDataType
excluding code generation for non-included QName:{http://CQL.caBIG/2/org.cagrid.cql2}AttributeValue
excluding code generation for non-included QName:{uri:iso.org:21090}QSS_TS.DateTime.Full
excluding code generation for non-included QName:{uri:iso.org:21090}QSI_TS.DateTime.Full
excluding code generation for non-included QName:{uri:iso.org:21090}ED.Narrative[0,unbounded]
excluding code generation for non-included QName:{uri:iso.org:21090}HIST_TEL.Url
excluding code generation for non-included QName:{uri:iso.org:21090}CR[0,unbounded]
excluding code generation for non-included QName:{uri:iso.org:21090}RTO[0,unbounded]
excluding code generation for non-included QName:{uri:iso.org:21090}QSET_REAL
excluding code generation for non-included QName:{gme://caCORE.caCORE/3.2/gov.nih.nci.cacoresdk.domain.other.datatype}StDataType
excluding code generation for non-included QName:{uri:iso.org:21090}QSI_INT.Positive
excluding code generation for non-included QName:{uri:iso.org:21090}IVL.High_CO
excluding code generation for non-included QName:{gme://caCORE.caCORE/3.2/gov.nih.nci.cacoresdk.domain.onetomany.unidirectional}KeyChain
excluding code generation for non-included QName:{uri:iso.org:21090}EN.ON[0,unbounded]
excluding code generation for non-included QName:{gme://caCORE.caCORE/3.2/gov.nih.nci.cacoresdk.domain.inheritance.childwithassociation.sametable}Shoes
excluding code generation for non-included QName:{uri:iso.org:21090}DSET_TEL.Phone
excluding code generation for non-included QName:{gme://caGrid.caBIG/1.0/gov.nih.nci.cagrid.metadata.service}CaDSRRegistration
excluding code generation for non-included QName:{uri:iso.org:21090}NPPD_ST.NT
excluding code generation for non-included QName:{uri:iso.org:21090}INT.Positive[0,unbounded]
excluding code generation for non-included QName:{uri:iso.org:21090}COLL_TEL.Email
excluding code generation for non-included QName:{uri:iso.org:21090}AD
excluding code generation for non-included QName:{uri:iso.org:21090}IVL.Low_CO
excluding code generation for non-included QName:{uri:iso.org:21090}QSI_TS.Date
excluding code generation for non-included QName:{gme://caGrid.caBIG/1.0/gov.nih.nci.cagrid.metadata.security}CommunicationStyle
excluding code generation for non-included QName:{gme://caGrid.caBIG/1.0/gov.nih.nci.cagrid.metadata.service}Output
excluding code generation for non-included QName:{uri:iso.org:21090}NPPD_ED.Doc.Ref
excluding code generation for non-included QName:{uri:iso.org:21090}QSS_INT.NonNeg
excluding code generation for non-included QName:{uri:iso.org:21090}PQR[0,unbounded]
excluding code generation for non-included QName:{uri:iso.org:21090}BAG_ED.Narrative
excluding code generation for non-included QName:{uri:iso.org:21090}DSET_TS.DateTime
excluding code generation for non-included QName:{uri:iso.org:21090}HIST_ED.Doc.Ref
excluding code generation for non-included QName:{gme://caCORE.caCORE/3.2/gov.nih.nci.cacoresdk.domain.manytomany.bidirectional}>Project>employeeCollection
excluding code generation for non-included QName:{gme://caGrid.caBIG/1.0/gov.nih.nci.cagrid.metadata.service}>ServiceContext>operationCollection
excluding code generation for non-included QName:{gme://caCORE.caCORE/3.2/gov.nih.nci.cacoresdk.domain.interfaze}Dog
excluding code generation for non-included QName:{uri:iso.org:21090}TS.Date.Full[0,0]
excluding code generation for non-included QName:{uri:iso.org:21090}GLIST_TS.DateTime.Full
excluding code generation for non-included QName:{uri:iso.org:21090}QSD_INT.NonNeg
excluding code generation for non-included QName:{gme://caGrid.caBIG/1.0/gov.nih.nci.cagrid.metadata.security}Operation
excluding code generation for non-included QName:{uri:iso.org:21090}TEL.Person[0,unbounded]
excluding code generation for non-included QName:{gme://caCORE.caCORE/3.2/gov.nih.nci.cacoresdk.domain.other.datatype}TelUrlDataType
excluding code generation for non-included QName:{uri:iso.org:21090}HIST_RTO
excluding code generation for non-included QName:{uri:iso.org:21090}QSP_REAL
excluding code generation for non-included QName:{uri:iso.org:21090}COLL_TS.Date.Full
excluding code generation for non-included QName:{uri:iso.org:21090}TEL.Url[0,unbounded]
excluding code generation for non-included QName:{uri:iso.org:21090}>tfoot
excluding code generation for non-included QName:{uri:iso.org:21090}IVL_TS.Date.Full
excluding code generation for non-included QName:{gme://caCORE.caCORE/3.2/gov.nih.nci.cacoresdk.domain.inheritance.implicit}Fish
excluding code generation for non-included QName:{gme://caCORE.caCORE/3.2/gov.nih.nci.cacoresdk.domain.manytomany.unidirectional}Author
excluding code generation for non-included QName:{gme://caCORE.caCORE/3.2/gov.nih.nci.cacoresdk.domain.inheritance.childwithassociation}Payment
excluding code generation for non-included QName:{uri:iso.org:21090}DSET_INT
excluding code generation for non-included QName:{uri:iso.org:21090}QSET_PQ.Time
excluding code generation for non-included QName:{uri:iso.org:21090}UVP_TEL.Url
excluding code generation for non-included QName:{uri:iso.org:21090}CodingRationale
excluding code generation for non-included QName:{gme://caCORE.caCORE/3.2/gov.nih.nci.cacoresdk.domain.onetoone.bidirectional.withjoin}Pendant
excluding code generation for non-included QName:{gme://caGrid.caBIG/1.0/gov.nih.nci.cagrid.metadata.common}PointOfContact
excluding code generation for non-included QName:{uri:iso.org:21090}HIST_PQ
excluding code generation for non-included QName:{http://CQL.caBIG/2/org.cagrid.cql2}CQLQuery
excluding code generation for non-included QName:{gme://caCORE.caCORE/3.2/gov.nih.nci.cacoresdk.domain.manytoone.unidirectional.withjoin}Song
excluding code generation for non-included QName:{gme://caCORE.caCORE/3.2/gov.nih.nci.cacoresdk.domain.inheritance.implicit}AngelFish
excluding code generation for non-included QName:{uri:iso.org:21090}QSI_TS.Birth
excluding code generation for non-included QName:{gme://caCORE.caCORE/3.2/gov.nih.nci.cacoresdk.domain.other.levelassociation}>Hand>cardCollection
excluding code generation for non-included QName:{gme://caCORE.caCORE/3.2/gov.nih.nci.cacoresdk.domain.other.datatype}DsetIiDataType
excluding code generation for non-included QName:{uri:iso.org:21090}QSI_CO
excluding code generation for non-included QName:{uri:iso.org:21090}QSET_RTO[0,unbounded]
excluding code generation for non-included QName:{gme://caCORE.caCORE/3.2/gov.nih.nci.cacoresdk.domain.inheritance.multiplechild}Student
excluding code generation for non-included QName:{uri:iso.org:21090}AD[0,unbounded]
excluding code generation for non-included QName:{uri:iso.org:21090}MO
excluding code generation for non-included QName:{uri:iso.org:21090}>col
excluding code generation for non-included QName:{gme://caCORE.caCORE/3.2/gov.nih.nci.cacoresdk.domain.onetoone.unidirectional.withjoin}Handle
excluding code generation for non-included QName:{uri:iso.org:21090}DSET_ED.Text
excluding code generation for non-included QName:{uri:iso.org:21090}QSU_TS.Date
excluding code generation for non-included QName:{uri:iso.org:21090}TS.DateTime.Full[0,unbounded]
excluding code generation for non-included QName:{http://CQL.caBIG/2/org.cagrid.cql2}CQLTargetObject
excluding code generation for non-included QName:{uri:iso.org:21090}DSET_II
excluding code generation for non-included QName:{uri:iso.org:21090}QSD_TS.Date.Full
excluding code generation for non-included QName:{uri:iso.org:21090}UVP_EN[0,unbounded]
excluding code generation for non-included QName:{gme://caCORE.caCORE/3.2/gov.nih.nci.cacoresdk.domain.other.differentpackage.associations}Pie
excluding code generation for non-included QName:{uri:iso.org:21090}UVP_TS[0,unbounded]
excluding code generation for non-included QName:{gme://caGrid.caBIG/1.0/gov.nih.nci.cagrid.metadata.common}ValueDomain
excluding code generation for non-included QName:{uri:iso.org:21090}HIST_ST.NT
excluding code generation for non-included QName:{uri:iso.org:21090}LIST_TEL.Url
excluding code generation for non-included QName:{uri:iso.org:21090}PQR[0,0]
excluding code generation for non-included QName:{uri:iso.org:21090}SLIST_PQ.Time
excluding code generation for non-included QName:{uri:iso.org:21090}IVL_PQ.Time
excluding code generation for non-included QName:{uri:iso.org:21090}QSI_INT.NonNeg
excluding code generation for non-included QName:{uri:iso.org:21090}QSP_TS.DateTime.Full
excluding code generation for non-included QName:{uri:iso.org:21090}IVL.High_INT
excluding code generation for non-included QName:{uri:iso.org:21090}BAG_INT
excluding code generation for non-included QName:{uri:iso.org:21090}IntegrityCheckAlgorithm
excluding code generation for non-included QName:{uri:iso.org:21090}QSET_TS
excluding code generation for non-included QName:{gme://caCORE.caCORE/3.2/gov.nih.nci.cacoresdk.domain.onetomany.bidirectional}Computer
excluding code generation for non-included QName:{gme://caCORE.caCORE/3.2/gov.nih.nci.cacoresdk.domain.other.differentpackage.associations}Utensil
excluding code generation for non-included QName:{uri:iso.org:21090}Compression
excluding code generation for non-included QName:{http://CQL.caBIG/2/org.cagrid.cql2.results}CQLObjectResult[0,unbounded]
excluding code generation for non-included QName:{uri:iso.org:21090}INT[0,unbounded]
excluding code generation for non-included QName:{uri:iso.org:21090}CD.CE[0,unbounded]
excluding code generation for non-included QName:{gme://caGrid.caBIG/1.0/gov.nih.nci.cagrid.metadata.service}ContextProperty
excluding code generation for non-included QName:{http://CQL.caBIG/2/org.cagrid.cql2}CQLAssociatedObject[,unbounded]
excluding code generation for non-included QName:{uri:iso.org:21090}PQ.Time[0,0]
excluding code generation for non-included QName:{gme://caCORE.caCORE/3.2/gov.nih.nci.cacoresdk.domain.other.primarykey}DoublePrimitiveKey
excluding code generation for non-included QName:{uri:iso.org:21090}UVP_ED.Doc.Inline
excluding code generation for non-included QName:{uri:iso.org:21090}GLIST_INT.Positive
excluding code generation for non-included QName:{gme://caCORE.caCORE/3.2/gov.nih.nci.cacoresdk.domain.inheritance.implicit}>SaltwaterFishTank>substrateCollection
excluding code generation for non-included QName:{uri:iso.org:21090}HIST_INT
excluding code generation for non-included QName:{uri:iso.org:21090}IVL.Low_INT.NonNeg
excluding code generation for non-included QName:{uri:iso.org:21090}>>tbody>align
excluding code generation for non-included QName:{uri:iso.org:21090}CD.CV
excluding code generation for non-included QName:{gme://caCORE.caCORE/3.2/gov.nih.nci.cacoresdk.domain.inheritance.onechild}Mammal
excluding code generation for non-included QName:{uri:iso.org:21090}ED.Doc.Ref
excluding code generation for non-included QName:{uri:iso.org:21090}QSS_REAL
excluding code generation for non-included QName:{gme://caCORE.caCORE/3.2/gov.nih.nci.cacoresdk.domain.other.primarykey}LongPrimitiveKey
excluding code generation for non-included QName:{uri:iso.org:21090}TS.Date.Full
excluding code generation for non-included QName:{uri:iso.org:21090}ED.Signature
excluding code generation for non-included QName:{gme://caCORE.caCORE/3.2/gov.nih.nci.cacoresdk.domain.inheritance.parentwithassociation}TenuredProfessor
excluding code generation for non-included QName:{uri:iso.org:21090}CS[0,unbounded]
excluding code generation for non-included QName:{uri:iso.org:21090}HIST_TS
excluding code generation for non-included QName:{uri:iso.org:21090}UVP_TS.Date[0,unbounded]
excluding code generation for non-included QName:{uri:iso.org:21090}NPPD_TEL.Email
excluding code generation for non-included QName:{gme://caCORE.caCORE/3.2/gov.nih.nci.cacoresdk.domain.other.datatype}ScDataType
excluding code generation for non-included QName:{uri:iso.org:21090}SC[0,unbounded]
excluding code generation for non-included QName:{http://CQL.caBIG/2/org.cagrid.cql2.results}TargetAttribute
excluding code generation for non-included QName:{gme://caGrid.caBIG/1.0/gov.nih.nci.cagrid.metadata.security}protectionLevelType
excluding code generation for non-included QName:{uri:iso.org:21090}HIST_TEL.Person
excluding code generation for non-included QName:{uri:iso.org:21090}>tr
excluding code generation for non-included QName:{uri:iso.org:21090}INT.Positive
excluding code generation for non-included QName:{uri:iso.org:21090}>th
excluding code generation for non-included QName:{uri:iso.org:21090}II
excluding code generation for non-included QName:{uri:iso.org:21090}CD.CE
excluding code generation for non-included QName:{uri:iso.org:21090}QSP_TS.Date
excluding code generation for non-included QName:{uri:iso.org:21090}HIST_SC
excluding code generation for non-included QName:{uri:iso.org:21090}LIST_ED.Doc.Ref
excluding code generation for non-included QName:{uri:iso.org:21090}DSET_ST.NT
excluding code generation for non-included QName:{uri:iso.org:21090}TS.DateTime[0,0]
excluding code generation for non-included QName:{uri:iso.org:21090}HIST_TEL.Phone
excluding code generation for non-included QName:{uri:iso.org:21090}>td
excluding code generation for non-included QName:{gme://caCORE.caCORE/3.2/gov.nih.nci.cacoresdk.domain.other.datatype}TelPersonDataType
excluding code generation for non-included QName:{uri:iso.org:21090}DSET_EN
excluding code generation for non-included QName:{gme://caGrid.caBIG/1.0/gov.nih.nci.cagrid.metadata.service}Fault
excluding code generation for non-included QName:{uri:iso.org:21090}HIST_ST
excluding code generation for non-included QName:{uri:iso.org:21090}DSET_PQ.Time
excluding code generation for non-included QName:{http://CQL.caBIG/2/org.cagrid.cql2}GroupLogicalOperator
excluding code generation for non-included QName:{uri:iso.org:21090}DSET_ED
excluding code generation for non-included QName:{uri:iso.org:21090}QSD_TS.Birth
excluding code generation for non-included QName:{gme://caCORE.caCORE/3.2/gov.nih.nci.cacoresdk.domain.other.levelassociation}Deck
excluding code generation for non-included QName:{gme://caCORE.caCORE/3.2/gov.nih.nci.cacoresdk.domain.onetomany.unidirectional}>KeyChain>keyCollection
excluding code generation for non-included QName:{uri:iso.org:21090}>colgroup
LOOKING AT METHOD: GetMultipleResourceProperties
LOOKING AT METHOD: GetResourceProperty
LOOKING AT METHOD: QueryResourceProperties
LOOKING AT METHOD: getServiceSecurityMetadata
LOOKING AT METHOD: query
LOOKING AT METHOD: executeQuery
Synchronizing the base files
Synchronizing the services
Synchronizing the type mappings
Synchronizing the service properties
Synchronizing with post processing extensions
Service is a data service.
Modifying eclipse .classpath file
Adding libraries to classpath file:
Model information / domain model found in service model.
Generating class to qname mapping from the information
stored in the service model
Modifying eclipse .classpath file
Adding libraries to classpath file:
Model information / domain model found in service model.
Generating class to qname mapping from the information
stored in the service model
Adding CQL 2 types mapping to wsdd /Users/ervin/Projects/caGrid/caGrid-1_5_release/Software/core/integration-tests/projects/sdk44StyleTests/temp/DataServiceWithSdk44/server-config.wsdd
Old types mapping found in wsdd; removing
Reading CQL 2 types mapping from packaged wsdd
Adding types mapping text:

<!-- START CQL 2 TYPE MAPPINGS -->
  <ns3:typeMapping xmlns:ns3="http://xml.apache.org/axis/wsdd/" xmlns:ns1="http://xml.apache.org/axis/wsdd/providers/java" xmlns:ns2="http://CQL.caBIG/2/org.cagrid.cql2" encodingStyle="" serializer="org.cagrid.cql.utilities.encoding.Cql2SerializerFactory" deserializer="org.cagrid.cql.utilities.encoding.Cql2DeserializerFactory" type="ns1:org.cagrid.cql2.Aggregation" qname="ns2:Aggregation" />
  <ns3:typeMapping xmlns:ns3="http://xml.apache.org/axis/wsdd/" xmlns:ns1="http://xml.apache.org/axis/wsdd/providers/java" xmlns:ns2="http://CQL.caBIG/2/org.cagrid.cql2" encodingStyle="" serializer="org.cagrid.cql.utilities.encoding.Cql2SerializerFactory" deserializer="org.cagrid.cql.utilities.encoding.Cql2DeserializerFactory" type="ns1:org.cagrid.cql2.AssociationPopulationSpecification" qname="ns2:AssociationPopulationSpecification" />
  <ns3:typeMapping xmlns:ns3="http://xml.apache.org/axis/wsdd/" xmlns:ns1="http://xml.apache.org/axis/wsdd/providers/java" xmlns:ns2="http://CQL.caBIG/2/org.cagrid.cql2" encodingStyle="" serializer="org.cagrid.cql.utilities.encoding.Cql2SerializerFactory" deserializer="org.cagrid.cql.utilities.encoding.Cql2DeserializerFactory" type="ns1:org.cagrid.cql2.AttributeValue" qname="ns2:AttributeValue" />
  <ns3:typeMapping xmlns:ns3="http://xml.apache.org/axis/wsdd/" xmlns:ns1="http://xml.apache.org/axis/wsdd/providers/java" xmlns:ns2="http://CQL.caBIG/2/org.cagrid.cql2" encodingStyle="" serializer="org.cagrid.cql.utilities.encoding.Cql2SerializerFactory" deserializer="org.cagrid.cql.utilities.encoding.Cql2DeserializerFactory" type="ns1:org.cagrid.cql2.BinaryPredicate" qname="ns2:BinaryPredicate" />
  <ns3:typeMapping xmlns:ns3="http://xml.apache.org/axis/wsdd/" xmlns:ns1="http://xml.apache.org/axis/wsdd/providers/java" xmlns:ns2="http://CQL.caBIG/2/org.cagrid.cql2" encodingStyle="" serializer="org.cagrid.cql.utilities.encoding.Cql2SerializerFactory" deserializer="org.cagrid.cql.utilities.encoding.Cql2DeserializerFactory" type="ns1:org.cagrid.cql2.CQLAssociatedObject" qname="ns2:CQLAssociatedObject" />
  <ns3:typeMapping xmlns:ns3="http://xml.apache.org/axis/wsdd/" xmlns:ns1="http://xml.apache.org/axis/wsdd/providers/java" xmlns:ns2="http://CQL.caBIG/2/org.cagrid.cql2" encodingStyle="" serializer="org.cagrid.cql.utilities.encoding.Cql2SerializerFactory" deserializer="org.cagrid.cql.utilities.encoding.Cql2DeserializerFactory" type="ns1:org.cagrid.cql2.CQLAttribute" qname="ns2:CQLAttribute" />
  <ns3:typeMapping xmlns:ns3="http://xml.apache.org/axis/wsdd/" xmlns:ns1="http://xml.apache.org/axis/wsdd/providers/java" xmlns:ns2="http://CQL.caBIG/2/org.cagrid.cql2" encodingStyle="" serializer="org.cagrid.cql.utilities.encoding.Cql2SerializerFactory" deserializer="org.cagrid.cql.utilities.encoding.Cql2DeserializerFactory" type="ns1:org.cagrid.cql2.CQLExtension" qname="ns2:CQLExtension" />
  <ns3:typeMapping xmlns:ns3="http://xml.apache.org/axis/wsdd/" xmlns:ns1="http://xml.apache.org/axis/wsdd/providers/java" xmlns:ns2="http://CQL.caBIG/2/org.cagrid.cql2" encodingStyle="" serializer="org.cagrid.cql.utilities.encoding.Cql2SerializerFactory" deserializer="org.cagrid.cql.utilities.encoding.Cql2DeserializerFactory" type="ns1:org.cagrid.cql2.CQLGroup" qname="ns2:CQLGroup" />
  <ns3:typeMapping xmlns:ns3="http://xml.apache.org/axis/wsdd/" xmlns:ns1="http://xml.apache.org/axis/wsdd/providers/java" xmlns:ns2="http://CQL.caBIG/2/org.cagrid.cql2" encodingStyle="" serializer="org.cagrid.cql.utilities.encoding.Cql2SerializerFactory" deserializer="org.cagrid.cql.utilities.encoding.Cql2DeserializerFactory" type="ns1:org.cagrid.cql2.CQLObject" qname="ns2:CQLObject" />
  <ns3:typeMapping xmlns:ns3="http://xml.apache.org/axis/wsdd/" xmlns:ns1="http://xml.apache.org/axis/wsdd/providers/java" xmlns:ns2="http://CQL.caBIG/2/org.cagrid.cql2" encodingStyle="" serializer="org.cagrid.cql.utilities.encoding.Cql2SerializerFactory" deserializer="org.cagrid.cql.utilities.encoding.Cql2DeserializerFactory" type="ns1:org.cagrid.cql2.CQLQuery" qname="ns2:CQLQuery" />
  <ns3:typeMapping xmlns:ns3="http://xml.apache.org/axis/wsdd/" xmlns:ns1="http://xml.apache.org/axis/wsdd/providers/java" xmlns:ns2="http://CQL.caBIG/2/org.cagrid.cql2" encodingStyle="" serializer="org.cagrid.cql.utilities.encoding.Cql2SerializerFactory" deserializer="org.cagrid.cql.utilities.encoding.Cql2DeserializerFactory" type="ns1:org.cagrid.cql2.CQLQueryModifier" qname="ns2:CQLQueryModifier" />
  <ns3:typeMapping xmlns:ns3="http://xml.apache.org/axis/wsdd/" xmlns:ns1="http://xml.apache.org/axis/wsdd/providers/java" xmlns:ns2="http://CQL.caBIG/2/org.cagrid.cql2" encodingStyle="" serializer="org.cagrid.cql.utilities.encoding.Cql2SerializerFactory" deserializer="org.cagrid.cql.utilities.encoding.Cql2DeserializerFactory" type="ns1:org.cagrid.cql2.CQLTargetObject" qname="ns2:CQLTargetObject" />
  <ns3:typeMapping xmlns:ns3="http://xml.apache.org/axis/wsdd/" xmlns:ns1="http://xml.apache.org/axis/wsdd/providers/java" xmlns:ns2="http://CQL.caBIG/2/org.cagrid.cql2" encodingStyle="" serializer="org.cagrid.cql.utilities.encoding.Cql2SerializerFactory" deserializer="org.cagrid.cql.utilities.encoding.Cql2DeserializerFactory" type="ns1:org.cagrid.cql2.DistinctAttribute" qname="ns2:DistinctAttribute" />
  <ns3:typeMapping xmlns:ns3="http://xml.apache.org/axis/wsdd/" xmlns:ns1="http://xml.apache.org/axis/wsdd/providers/java" xmlns:ns2="http://CQL.caBIG/2/org.cagrid.cql2" encodingStyle="" serializer="org.cagrid.cql.utilities.encoding.Cql2SerializerFactory" deserializer="org.cagrid.cql.utilities.encoding.Cql2DeserializerFactory" type="ns1:org.cagrid.cql2.GroupLogicalOperator" qname="ns2:GroupLogicalOperator" />
  <ns3:typeMapping xmlns:ns3="http://xml.apache.org/axis/wsdd/" xmlns:ns1="http://xml.apache.org/axis/wsdd/providers/java" xmlns:ns2="http://CQL.caBIG/2/org.cagrid.cql2" encodingStyle="" serializer="org.cagrid.cql.utilities.encoding.Cql2SerializerFactory" deserializer="org.cagrid.cql.utilities.encoding.Cql2DeserializerFactory" type="ns1:org.cagrid.cql2.NamedAssociation" qname="ns2:NamedAssociation" />
  <ns3:typeMapping xmlns:ns3="http://xml.apache.org/axis/wsdd/" xmlns:ns1="http://xml.apache.org/axis/wsdd/providers/java" xmlns:ns2="http://CQL.caBIG/2/org.cagrid.cql2" encodingStyle="" serializer="org.cagrid.cql.utilities.encoding.Cql2SerializerFactory" deserializer="org.cagrid.cql.utilities.encoding.Cql2DeserializerFactory" type="ns1:org.cagrid.cql2.NamedAssociationList" qname="ns2:NamedAssociationList" />
  <ns3:typeMapping xmlns:ns3="http://xml.apache.org/axis/wsdd/" xmlns:ns1="http://xml.apache.org/axis/wsdd/providers/java" xmlns:ns2="http://CQL.caBIG/2/org.cagrid.cql2" encodingStyle="" serializer="org.cagrid.cql.utilities.encoding.Cql2SerializerFactory" deserializer="org.cagrid.cql.utilities.encoding.Cql2DeserializerFactory" type="ns1:org.cagrid.cql2.NamedAttribute" qname="ns2:NamedAttribute" />
  <ns3:typeMapping xmlns:ns3="http://xml.apache.org/axis/wsdd/" xmlns:ns1="http://xml.apache.org/axis/wsdd/providers/java" xmlns:ns2="http://CQL.caBIG/2/org.cagrid.cql2" encodingStyle="" serializer="org.cagrid.cql.utilities.encoding.Cql2SerializerFactory" deserializer="org.cagrid.cql.utilities.encoding.Cql2DeserializerFactory" type="ns1:org.cagrid.cql2.PopulationDepth" qname="ns2:PopulationDepth" />
  <ns3:typeMapping xmlns:ns3="http://xml.apache.org/axis/wsdd/" xmlns:ns1="http://xml.apache.org/axis/wsdd/providers/java" xmlns:ns2="http://CQL.caBIG/2/org.cagrid.cql2" encodingStyle="" serializer="org.cagrid.cql.utilities.encoding.Cql2SerializerFactory" deserializer="org.cagrid.cql.utilities.encoding.Cql2DeserializerFactory" type="ns1:org.cagrid.cql2.UnaryPredicate" qname="ns2:UnaryPredicate" />
  <!-- CQL 2 results -->
  <ns3:typeMapping xmlns:ns3="http://xml.apache.org/axis/wsdd/" xmlns:ns1="http://xml.apache.org/axis/wsdd/providers/java" xmlns:ns2="http://CQL.caBIG/2/org.cagrid.cql2.results" encodingStyle="" serializer="org.cagrid.cql.utilities.encoding.Cql2SerializerFactory" deserializer="org.cagrid.cql.utilities.encoding.Cql2DeserializerFactory" type="ns1:org.cagrid.cql2.results.CQLAggregateResult" qname="ns2:CQLAggregateResult" />
  <ns3:typeMapping xmlns:ns3="http://xml.apache.org/axis/wsdd/" xmlns:ns1="http://xml.apache.org/axis/wsdd/providers/java" xmlns:ns2="http://CQL.caBIG/2/org.cagrid.cql2.results" encodingStyle="" serializer="org.cagrid.cql.utilities.encoding.Cql2SerializerFactory" deserializer="org.cagrid.cql.utilities.encoding.Cql2DeserializerFactory" type="ns1:org.cagrid.cql2.results.CQLAttributeResult" qname="ns2:CQLAttributeResult" />
  <ns3:typeMapping xmlns:ns3="http://xml.apache.org/axis/wsdd/" xmlns:ns1="http://xml.apache.org/axis/wsdd/providers/java" xmlns:ns2="http://CQL.caBIG/2/org.cagrid.cql2.results" encodingStyle="" serializer="org.cagrid.cql.utilities.encoding.Cql2SerializerFactory" deserializer="org.cagrid.cql.utilities.encoding.Cql2DeserializerFactory" type="ns1:org.cagrid.cql2.results.CQLObjectResult" qname="ns2:CQLObjectResult" />
  <ns3:typeMapping xmlns:ns3="http://xml.apache.org/axis/wsdd/" xmlns:ns1="http://xml.apache.org/axis/wsdd/providers/java" xmlns:ns2="http://CQL.caBIG/2/org.cagrid.cql2.results" encodingStyle="" serializer="org.cagrid.cql.utilities.encoding.Cql2SerializerFactory" deserializer="org.cagrid.cql.utilities.encoding.Cql2DeserializerFactory" type="ns1:org.cagrid.cql2.results.CQLQueryResults" qname="ns2:CQLQueryResults" />
  <ns3:typeMapping xmlns:ns3="http://xml.apache.org/axis/wsdd/" xmlns:ns1="http://xml.apache.org/axis/wsdd/providers/java" xmlns:ns2="http://CQL.caBIG/2/org.cagrid.cql2.results" encodingStyle="" serializer="org.cagrid.cql.utilities.encoding.Cql2SerializerFactory" deserializer="org.cagrid.cql.utilities.encoding.Cql2DeserializerFactory" type="ns1:org.cagrid.cql2.results.CQLResult" qname="ns2:CQLResult" />
  <ns3:typeMapping xmlns:ns3="http://xml.apache.org/axis/wsdd/" xmlns:ns1="http://xml.apache.org/axis/wsdd/providers/java" xmlns:ns2="http://CQL.caBIG/2/org.cagrid.cql2.results" encodingStyle="" serializer="org.cagrid.cql.utilities.encoding.Cql2SerializerFactory" deserializer="org.cagrid.cql.utilities.encoding.Cql2DeserializerFactory" type="ns1:org.cagrid.cql2.results.ExtendedCQLResult" qname="ns2:ExtendedCQLResult" />
  <ns3:typeMapping xmlns:ns3="http://xml.apache.org/axis/wsdd/" xmlns:ns1="http://xml.apache.org/axis/wsdd/providers/java" xmlns:ns2="http://CQL.caBIG/2/org.cagrid.cql2.results" encodingStyle="" serializer="org.cagrid.cql.utilities.encoding.Cql2SerializerFactory" deserializer="org.cagrid.cql.utilities.encoding.Cql2DeserializerFactory" type="ns1:org.cagrid.cql2.results.TargetAttribute" qname="ns2:TargetAttribute" />
  <!-- END CQL 2 TYPE MAPPINGS -->
Adding CQL 2 types mapping to wsdd /Users/ervin/Projects/caGrid/caGrid-1_5_release/Software/core/integration-tests/projects/sdk44StyleTests/temp/DataServiceWithSdk44/src/org/cagrid/test/data/with/sdk44/client/client-config.wsdd
Old types mapping found in wsdd; removing
Reading CQL 2 types mapping from packaged wsdd
Adding types mapping text:

<!-- START CQL 2 TYPE MAPPINGS -->
  <ns3:typeMapping xmlns:ns3="http://xml.apache.org/axis/wsdd/" xmlns:ns1="http://xml.apache.org/axis/wsdd/providers/java" xmlns:ns2="http://CQL.caBIG/2/org.cagrid.cql2" encodingStyle="" serializer="org.cagrid.cql.utilities.encoding.Cql2SerializerFactory" deserializer="org.cagrid.cql.utilities.encoding.Cql2DeserializerFactory" type="ns1:org.cagrid.cql2.Aggregation" qname="ns2:Aggregation" />
  <ns3:typeMapping xmlns:ns3="http://xml.apache.org/axis/wsdd/" xmlns:ns1="http://xml.apache.org/axis/wsdd/providers/java" xmlns:ns2="http://CQL.caBIG/2/org.cagrid.cql2" encodingStyle="" serializer="org.cagrid.cql.utilities.encoding.Cql2SerializerFactory" deserializer="org.cagrid.cql.utilities.encoding.Cql2DeserializerFactory" type="ns1:org.cagrid.cql2.AssociationPopulationSpecification" qname="ns2:AssociationPopulationSpecification" />
  <ns3:typeMapping xmlns:ns3="http://xml.apache.org/axis/wsdd/" xmlns:ns1="http://xml.apache.org/axis/wsdd/providers/java" xmlns:ns2="http://CQL.caBIG/2/org.cagrid.cql2" encodingStyle="" serializer="org.cagrid.cql.utilities.encoding.Cql2SerializerFactory" deserializer="org.cagrid.cql.utilities.encoding.Cql2DeserializerFactory" type="ns1:org.cagrid.cql2.AttributeValue" qname="ns2:AttributeValue" />
  <ns3:typeMapping xmlns:ns3="http://xml.apache.org/axis/wsdd/" xmlns:ns1="http://xml.apache.org/axis/wsdd/providers/java" xmlns:ns2="http://CQL.caBIG/2/org.cagrid.cql2" encodingStyle="" serializer="org.cagrid.cql.utilities.encoding.Cql2SerializerFactory" deserializer="org.cagrid.cql.utilities.encoding.Cql2DeserializerFactory" type="ns1:org.cagrid.cql2.BinaryPredicate" qname="ns2:BinaryPredicate" />
  <ns3:typeMapping xmlns:ns3="http://xml.apache.org/axis/wsdd/" xmlns:ns1="http://xml.apache.org/axis/wsdd/providers/java" xmlns:ns2="http://CQL.caBIG/2/org.cagrid.cql2" encodingStyle="" serializer="org.cagrid.cql.utilities.encoding.Cql2SerializerFactory" deserializer="org.cagrid.cql.utilities.encoding.Cql2DeserializerFactory" type="ns1:org.cagrid.cql2.CQLAssociatedObject" qname="ns2:CQLAssociatedObject" />
  <ns3:typeMapping xmlns:ns3="http://xml.apache.org/axis/wsdd/" xmlns:ns1="http://xml.apache.org/axis/wsdd/providers/java" xmlns:ns2="http://CQL.caBIG/2/org.cagrid.cql2" encodingStyle="" serializer="org.cagrid.cql.utilities.encoding.Cql2SerializerFactory" deserializer="org.cagrid.cql.utilities.encoding.Cql2DeserializerFactory" type="ns1:org.cagrid.cql2.CQLAttribute" qname="ns2:CQLAttribute" />
  <ns3:typeMapping xmlns:ns3="http://xml.apache.org/axis/wsdd/" xmlns:ns1="http://xml.apache.org/axis/wsdd/providers/java" xmlns:ns2="http://CQL.caBIG/2/org.cagrid.cql2" encodingStyle="" serializer="org.cagrid.cql.utilities.encoding.Cql2SerializerFactory" deserializer="org.cagrid.cql.utilities.encoding.Cql2DeserializerFactory" type="ns1:org.cagrid.cql2.CQLExtension" qname="ns2:CQLExtension" />
  <ns3:typeMapping xmlns:ns3="http://xml.apache.org/axis/wsdd/" xmlns:ns1="http://xml.apache.org/axis/wsdd/providers/java" xmlns:ns2="http://CQL.caBIG/2/org.cagrid.cql2" encodingStyle="" serializer="org.cagrid.cql.utilities.encoding.Cql2SerializerFactory" deserializer="org.cagrid.cql.utilities.encoding.Cql2DeserializerFactory" type="ns1:org.cagrid.cql2.CQLGroup" qname="ns2:CQLGroup" />
  <ns3:typeMapping xmlns:ns3="http://xml.apache.org/axis/wsdd/" xmlns:ns1="http://xml.apache.org/axis/wsdd/providers/java" xmlns:ns2="http://CQL.caBIG/2/org.cagrid.cql2" encodingStyle="" serializer="org.cagrid.cql.utilities.encoding.Cql2SerializerFactory" deserializer="org.cagrid.cql.utilities.encoding.Cql2DeserializerFactory" type="ns1:org.cagrid.cql2.CQLObject" qname="ns2:CQLObject" />
  <ns3:typeMapping xmlns:ns3="http://xml.apache.org/axis/wsdd/" xmlns:ns1="http://xml.apache.org/axis/wsdd/providers/java" xmlns:ns2="http://CQL.caBIG/2/org.cagrid.cql2" encodingStyle="" serializer="org.cagrid.cql.utilities.encoding.Cql2SerializerFactory" deserializer="org.cagrid.cql.utilities.encoding.Cql2DeserializerFactory" type="ns1:org.cagrid.cql2.CQLQuery" qname="ns2:CQLQuery" />
  <ns3:typeMapping xmlns:ns3="http://xml.apache.org/axis/wsdd/" xmlns:ns1="http://xml.apache.org/axis/wsdd/providers/java" xmlns:ns2="http://CQL.caBIG/2/org.cagrid.cql2" encodingStyle="" serializer="org.cagrid.cql.utilities.encoding.Cql2SerializerFactory" deserializer="org.cagrid.cql.utilities.encoding.Cql2DeserializerFactory" type="ns1:org.cagrid.cql2.CQLQueryModifier" qname="ns2:CQLQueryModifier" />
  <ns3:typeMapping xmlns:ns3="http://xml.apache.org/axis/wsdd/" xmlns:ns1="http://xml.apache.org/axis/wsdd/providers/java" xmlns:ns2="http://CQL.caBIG/2/org.cagrid.cql2" encodingStyle="" serializer="org.cagrid.cql.utilities.encoding.Cql2SerializerFactory" deserializer="org.cagrid.cql.utilities.encoding.Cql2DeserializerFactory" type="ns1:org.cagrid.cql2.CQLTargetObject" qname="ns2:CQLTargetObject" />
  <ns3:typeMapping xmlns:ns3="http://xml.apache.org/axis/wsdd/" xmlns:ns1="http://xml.apache.org/axis/wsdd/providers/java" xmlns:ns2="http://CQL.caBIG/2/org.cagrid.cql2" encodingStyle="" serializer="org.cagrid.cql.utilities.encoding.Cql2SerializerFactory" deserializer="org.cagrid.cql.utilities.encoding.Cql2DeserializerFactory" type="ns1:org.cagrid.cql2.DistinctAttribute" qname="ns2:DistinctAttribute" />
  <ns3:typeMapping xmlns:ns3="http://xml.apache.org/axis/wsdd/" xmlns:ns1="http://xml.apache.org/axis/wsdd/providers/java" xmlns:ns2="http://CQL.caBIG/2/org.cagrid.cql2" encodingStyle="" serializer="org.cagrid.cql.utilities.encoding.Cql2SerializerFactory" deserializer="org.cagrid.cql.utilities.encoding.Cql2DeserializerFactory" type="ns1:org.cagrid.cql2.GroupLogicalOperator" qname="ns2:GroupLogicalOperator" />
  <ns3:typeMapping xmlns:ns3="http://xml.apache.org/axis/wsdd/" xmlns:ns1="http://xml.apache.org/axis/wsdd/providers/java" xmlns:ns2="http://CQL.caBIG/2/org.cagrid.cql2" encodingStyle="" serializer="org.cagrid.cql.utilities.encoding.Cql2SerializerFactory" deserializer="org.cagrid.cql.utilities.encoding.Cql2DeserializerFactory" type="ns1:org.cagrid.cql2.NamedAssociation" qname="ns2:NamedAssociation" />
  <ns3:typeMapping xmlns:ns3="http://xml.apache.org/axis/wsdd/" xmlns:ns1="http://xml.apache.org/axis/wsdd/providers/java" xmlns:ns2="http://CQL.caBIG/2/org.cagrid.cql2" encodingStyle="" serializer="org.cagrid.cql.utilities.encoding.Cql2SerializerFactory" deserializer="org.cagrid.cql.utilities.encoding.Cql2DeserializerFactory" type="ns1:org.cagrid.cql2.NamedAssociationList" qname="ns2:NamedAssociationList" />
  <ns3:typeMapping xmlns:ns3="http://xml.apache.org/axis/wsdd/" xmlns:ns1="http://xml.apache.org/axis/wsdd/providers/java" xmlns:ns2="http://CQL.caBIG/2/org.cagrid.cql2" encodingStyle="" serializer="org.cagrid.cql.utilities.encoding.Cql2SerializerFactory" deserializer="org.cagrid.cql.utilities.encoding.Cql2DeserializerFactory" type="ns1:org.cagrid.cql2.NamedAttribute" qname="ns2:NamedAttribute" />
  <ns3:typeMapping xmlns:ns3="http://xml.apache.org/axis/wsdd/" xmlns:ns1="http://xml.apache.org/axis/wsdd/providers/java" xmlns:ns2="http://CQL.caBIG/2/org.cagrid.cql2" encodingStyle="" serializer="org.cagrid.cql.utilities.encoding.Cql2SerializerFactory" deserializer="org.cagrid.cql.utilities.encoding.Cql2DeserializerFactory" type="ns1:org.cagrid.cql2.PopulationDepth" qname="ns2:PopulationDepth" />
  <ns3:typeMapping xmlns:ns3="http://xml.apache.org/axis/wsdd/" xmlns:ns1="http://xml.apache.org/axis/wsdd/providers/java" xmlns:ns2="http://CQL.caBIG/2/org.cagrid.cql2" encodingStyle="" serializer="org.cagrid.cql.utilities.encoding.Cql2SerializerFactory" deserializer="org.cagrid.cql.utilities.encoding.Cql2DeserializerFactory" type="ns1:org.cagrid.cql2.UnaryPredicate" qname="ns2:UnaryPredicate" />
  <!-- CQL 2 results -->
  <ns3:typeMapping xmlns:ns3="http://xml.apache.org/axis/wsdd/" xmlns:ns1="http://xml.apache.org/axis/wsdd/providers/java" xmlns:ns2="http://CQL.caBIG/2/org.cagrid.cql2.results" encodingStyle="" serializer="org.cagrid.cql.utilities.encoding.Cql2SerializerFactory" deserializer="org.cagrid.cql.utilities.encoding.Cql2DeserializerFactory" type="ns1:org.cagrid.cql2.results.CQLAggregateResult" qname="ns2:CQLAggregateResult" />
  <ns3:typeMapping xmlns:ns3="http://xml.apache.org/axis/wsdd/" xmlns:ns1="http://xml.apache.org/axis/wsdd/providers/java" xmlns:ns2="http://CQL.caBIG/2/org.cagrid.cql2.results" encodingStyle="" serializer="org.cagrid.cql.utilities.encoding.Cql2SerializerFactory" deserializer="org.cagrid.cql.utilities.encoding.Cql2DeserializerFactory" type="ns1:org.cagrid.cql2.results.CQLAttributeResult" qname="ns2:CQLAttributeResult" />
  <ns3:typeMapping xmlns:ns3="http://xml.apache.org/axis/wsdd/" xmlns:ns1="http://xml.apache.org/axis/wsdd/providers/java" xmlns:ns2="http://CQL.caBIG/2/org.cagrid.cql2.results" encodingStyle="" serializer="org.cagrid.cql.utilities.encoding.Cql2SerializerFactory" deserializer="org.cagrid.cql.utilities.encoding.Cql2DeserializerFactory" type="ns1:org.cagrid.cql2.results.CQLObjectResult" qname="ns2:CQLObjectResult" />
  <ns3:typeMapping xmlns:ns3="http://xml.apache.org/axis/wsdd/" xmlns:ns1="http://xml.apache.org/axis/wsdd/providers/java" xmlns:ns2="http://CQL.caBIG/2/org.cagrid.cql2.results" encodingStyle="" serializer="org.cagrid.cql.utilities.encoding.Cql2SerializerFactory" deserializer="org.cagrid.cql.utilities.encoding.Cql2DeserializerFactory" type="ns1:org.cagrid.cql2.results.CQLQueryResults" qname="ns2:CQLQueryResults" />
  <ns3:typeMapping xmlns:ns3="http://xml.apache.org/axis/wsdd/" xmlns:ns1="http://xml.apache.org/axis/wsdd/providers/java" xmlns:ns2="http://CQL.caBIG/2/org.cagrid.cql2.results" encodingStyle="" serializer="org.cagrid.cql.utilities.encoding.Cql2SerializerFactory" deserializer="org.cagrid.cql.utilities.encoding.Cql2DeserializerFactory" type="ns1:org.cagrid.cql2.results.CQLResult" qname="ns2:CQLResult" />
  <ns3:typeMapping xmlns:ns3="http://xml.apache.org/axis/wsdd/" xmlns:ns1="http://xml.apache.org/axis/wsdd/providers/java" xmlns:ns2="http://CQL.caBIG/2/org.cagrid.cql2.results" encodingStyle="" serializer="org.cagrid.cql.utilities.encoding.Cql2SerializerFactory" deserializer="org.cagrid.cql.utilities.encoding.Cql2DeserializerFactory" type="ns1:org.cagrid.cql2.results.ExtendedCQLResult" qname="ns2:ExtendedCQLResult" />
  <ns3:typeMapping xmlns:ns3="http://xml.apache.org/axis/wsdd/" xmlns:ns1="http://xml.apache.org/axis/wsdd/providers/java" xmlns:ns2="http://CQL.caBIG/2/org.cagrid.cql2.results" encodingStyle="" serializer="org.cagrid.cql.utilities.encoding.Cql2SerializerFactory" deserializer="org.cagrid.cql.utilities.encoding.Cql2DeserializerFactory" type="ns1:org.cagrid.cql2.results.TargetAttribute" qname="ns2:TargetAttribute" />
  <!-- END CQL 2 TYPE MAPPINGS -->
Building created service
Invoking ant:
[/System/Library/Frameworks/JavaVM.framework/Versions/CurrentJDK/Home/bin/java, -classpath, /Users/ervin/Installs/ant/apache-ant-1.7.1/lib/ant-launcher.jar, org.apache.tools.ant.launch.Launcher, -buildfile, /Users/ervin/Projects/caGrid/caGrid-1_5_release/Software/core/integration-tests/projects/sdk44StyleTests/temp/DataServiceWithSdk44/build.xml, clean, all]
OUT> Buildfile: /Users/ervin/Projects/caGrid/caGrid-1_5_release/Software/core/integration-tests/projects/sdk44StyleTests/temp/DataServiceWithSdk44/build.xml
OUT> 
OUT> checkContribTasksDefined:
OUT> 
OUT> defineContribTasks:
OUT> 
OUT> clean:
OUT> 
OUT> preClean:
OUT>    [delete] Deleting directory /Users/ervin/Projects/caGrid/caGrid-1_5_release/Software/core/integration-tests/projects/sdk44StyleTests/temp/DataServiceWithSdk44/build
OUT> 
OUT> postClean:
OUT> 
OUT> checkContribTasksDefined:
OUT> 
OUT> defineContribTasks:
OUT> 
OUT> setGlobus:
OUT> 
OUT> checkGlobus:
OUT>      [echo] Globus: /Users/ervin/Installs/globus/ws-core-4.0.3-sha2/
OUT> 
OUT> defineClasspaths:
OUT> 
OUT> defineExtendedClasspaths:
OUT> 
OUT> init:
OUT> 
OUT> preInit:
OUT>     [mkdir] Created dir: /Users/ervin/Projects/caGrid/caGrid-1_5_release/Software/core/integration-tests/projects/sdk44StyleTests/temp/DataServiceWithSdk44/build
OUT>     [mkdir] Created dir: /Users/ervin/Projects/caGrid/caGrid-1_5_release/Software/core/integration-tests/projects/sdk44StyleTests/temp/DataServiceWithSdk44/build/classes
OUT>     [mkdir] Created dir: /Users/ervin/Projects/caGrid/caGrid-1_5_release/Software/core/integration-tests/projects/sdk44StyleTests/temp/DataServiceWithSdk44/build/test/classes
OUT>     [mkdir] Created dir: /Users/ervin/Projects/caGrid/caGrid-1_5_release/Software/core/integration-tests/projects/sdk44StyleTests/temp/DataServiceWithSdk44/build/lib
OUT>     [mkdir] Created dir: /Users/ervin/Projects/caGrid/caGrid-1_5_release/Software/core/integration-tests/projects/sdk44StyleTests/temp/DataServiceWithSdk44/build/stubs-DataServiceWithSdk44
OUT>     [mkdir] Created dir: /Users/ervin/Projects/caGrid/caGrid-1_5_release/Software/core/integration-tests/projects/sdk44StyleTests/temp/DataServiceWithSdk44/build/stubs-DataServiceWithSdk44/src
OUT>     [mkdir] Created dir: /Users/ervin/Projects/caGrid/caGrid-1_5_release/Software/core/integration-tests/projects/sdk44StyleTests/temp/DataServiceWithSdk44/build/stubs-DataServiceWithSdk44/classes
OUT>     [mkdir] Created dir: /Users/ervin/Projects/caGrid/caGrid-1_5_release/Software/core/integration-tests/projects/sdk44StyleTests/temp/DataServiceWithSdk44/build/schema
OUT>      [copy] Copying 101 files to /Users/ervin/Projects/caGrid/caGrid-1_5_release/Software/core/integration-tests/projects/sdk44StyleTests/temp/DataServiceWithSdk44/build/schema
OUT> 
OUT> postInit:
OUT> 
OUT> stubs:
OUT> 
OUT> preStubs:
OUT>      [echo] Generating stubs for DataServiceWithSdk44.
OUT> 
OUT> checkContribTasksDefined:
OUT> 
OUT> defineContribTasks:
OUT> 
OUT> setGlobus:
OUT> 
OUT> checkGlobus:
OUT>      [echo] Globus: /Users/ervin/Installs/globus/ws-core-4.0.3-sha2/
OUT> 
OUT> defineClasspaths:
OUT> 
OUT> defineExtendedClasspaths:
OUT> 
OUT> init:
OUT> 
OUT> preInit:
OUT> 
OUT> postInit:
OUT> 
OUT> serviceGenerateBindings:
OUT> 
OUT> bindingUptodate:
OUT> 
OUT> generateBinding:
OUT>      [echo] Generating bindings for DataServiceWithSdk44.wsdl
OUT> 
OUT> merge:
OUT> 
OUT> mergePackageMapping:
OUT>      [echo] Merging /Users/ervin/Projects/caGrid/caGrid-1_5_release/Software/core/integration-tests/projects/sdk44StyleTests/temp/DataServiceWithSdk44/namespace2package.mappings
OUT> 
OUT> serviceStubs:
OUT> 
OUT> generateStubs:
OUT>      [echo]  Generating stubs from DataServiceWithSdk44_service.wsdl
OUT>      [java] [main] WARN  utils.JavaUtils  - Unable to find required classes (javax.activation.DataHandler and javax.mail.internet.MimeMultipart). Attachment support is disabled.
OUT>      [java] {http://schemas.xmlsoap.org/ws/2004/03/addressing}Action already exists
OUT>      [java] {uri:iso.org:21090}Narrative already exists
OUT>      [java] {uri:iso.org:21090}text already exists
OUT>      [java] {uri:iso.org:21090}br already exists
OUT>      [java] {uri:iso.org:21090}>br already exists
OUT>      [java] {uri:iso.org:21090}caption already exists
OUT>      [java] {uri:iso.org:21090}>caption already exists
OUT>      [java] {uri:iso.org:21090}col already exists
OUT>      [java] {uri:iso.org:21090}>col already exists
OUT>      [java] {uri:iso.org:21090}>>col>align already exists
OUT>      [java] {uri:iso.org:21090}>>col>valign already exists
OUT>      [java] {uri:iso.org:21090}colgroup already exists
OUT>      [java] {uri:iso.org:21090}>colgroup already exists
OUT>      [java] {uri:iso.org:21090}>>colgroup>align already exists
OUT>      [java] {uri:iso.org:21090}>>colgroup>valign already exists
OUT>      [java] {uri:iso.org:21090}content already exists
OUT>      [java] {uri:iso.org:21090}>content already exists
OUT>      [java] {uri:iso.org:21090}>>content>revised already exists
OUT>      [java] {uri:iso.org:21090}footnote already exists
OUT>      [java] {uri:iso.org:21090}>footnote already exists
OUT>      [java] {uri:iso.org:21090}footnoteRef already exists
OUT>      [java] {uri:iso.org:21090}>footnoteRef already exists
OUT>      [java] {uri:iso.org:21090}item already exists
OUT>      [java] {uri:iso.org:21090}>item already exists
OUT>      [java] {uri:iso.org:21090}linkHtml already exists
OUT>      [java] {uri:iso.org:21090}>linkHtml already exists
OUT>      [java] {uri:iso.org:21090}list already exists
OUT>      [java] {uri:iso.org:21090}>list already exists
OUT>      [java] {uri:iso.org:21090}>>list>listType already exists
OUT>      [java] {uri:iso.org:21090}paragraph already exists
OUT>      [java] {uri:iso.org:21090}>paragraph already exists
OUT>      [java] {uri:iso.org:21090}renderMultiMedia already exists
OUT>      [java] {uri:iso.org:21090}>renderMultiMedia already exists
OUT>      [java] {uri:iso.org:21090}sub already exists
OUT>      [java] {uri:iso.org:21090}sup already exists
OUT>      [java] {uri:iso.org:21090}table already exists
OUT>      [java] {uri:iso.org:21090}>table already exists
OUT>      [java] {uri:iso.org:21090}>>table>frame already exists
OUT>      [java] {uri:iso.org:21090}>>table>rules already exists
OUT>      [java] {uri:iso.org:21090}tbody already exists
OUT>      [java] {uri:iso.org:21090}>tbody already exists
OUT>      [java] {uri:iso.org:21090}>>tbody>align already exists
OUT>      [java] {uri:iso.org:21090}>>tbody>valign already exists
OUT>      [java] {uri:iso.org:21090}td already exists
OUT>      [java] {uri:iso.org:21090}>td already exists
OUT>      [java] {uri:iso.org:21090}>>td>scope already exists
OUT>      [java] {uri:iso.org:21090}>>td>align already exists
OUT>      [java] {uri:iso.org:21090}>>td>valign already exists
OUT>      [java] {uri:iso.org:21090}tfoot already exists
OUT>      [java] {uri:iso.org:21090}>tfoot already exists
OUT>      [java] {uri:iso.org:21090}>>tfoot>align already exists
OUT>      [java] {uri:iso.org:21090}>>tfoot>valign already exists
OUT>      [java] {uri:iso.org:21090}th already exists
OUT>      [java] {uri:iso.org:21090}>th already exists
OUT>      [java] {uri:iso.org:21090}>>th>scope already exists
OUT>      [java] {uri:iso.org:21090}>>th>align already exists
OUT>      [java] {uri:iso.org:21090}>>th>valign already exists
OUT>      [java] {uri:iso.org:21090}thead already exists
OUT>      [java] {uri:iso.org:21090}>thead already exists
OUT>      [java] {uri:iso.org:21090}>>thead>align already exists
OUT>      [java] {uri:iso.org:21090}>>thead>valign already exists
OUT>      [java] {uri:iso.org:21090}tr already exists
OUT>      [java] {uri:iso.org:21090}>tr already exists
OUT>      [java] {uri:iso.org:21090}>>tr>align already exists
OUT>      [java] {uri:iso.org:21090}>>tr>valign already exists
OUT>      [java] {uri:iso.org:21090}NullFlavor already exists
OUT>      [java] {uri:iso.org:21090}UpdateMode already exists
OUT>      [java] {uri:iso.org:21090}Compression already exists
OUT>      [java] {uri:iso.org:21090}IntegrityCheckAlgorithm already exists
OUT>      [java] {uri:iso.org:21090}TelecommunicationAddressUse already exists
OUT>      [java] {uri:iso.org:21090}set_TelecommunicationAddressUse already exists
OUT>      [java] {uri:iso.org:21090}IdentifierScope already exists
OUT>      [java] {uri:iso.org:21090}IdentifierReliability already exists
OUT>      [java] {uri:iso.org:21090}AddressPartType already exists
OUT>      [java] {uri:iso.org:21090}PostalAddressUse already exists
OUT>      [java] {uri:iso.org:21090}set_PostalAddressUse already exists
OUT>      [java] {uri:iso.org:21090}EntityNamePartType already exists
OUT>      [java] {uri:iso.org:21090}EntityNamePartQualifier already exists
OUT>      [java] {uri:iso.org:21090}set_EntityNamePartQualifier already exists
OUT>      [java] {uri:iso.org:21090}EntityNameUse already exists
OUT>      [java] {uri:iso.org:21090}set_EntityNameUse already exists
OUT>      [java] {uri:iso.org:21090}CalendarCycle already exists
OUT>      [java] {uri:iso.org:21090}TimingEvent already exists
OUT>      [java] {uri:iso.org:21090}CodingRationale already exists
OUT>      [java] {uri:iso.org:21090}set_CodingRationale already exists
OUT>      [java] {uri:iso.org:21090}UncertaintyType already exists
OUT>      [java] {uri:iso.org:21090}Uid already exists
OUT>      [java] {uri:iso.org:21090}Uri already exists
OUT>      [java] {uri:iso.org:21090}Code already exists
OUT>      [java] {uri:iso.org:21090}BL already exists
OUT>      [java] {uri:iso.org:21090}ANY already exists
OUT>      [java] {uri:iso.org:21090}HXIT already exists
OUT>      [java] {uri:iso.org:21090}BL.NonNull already exists
OUT>      [java] {uri:iso.org:21090}ED already exists
OUT>      [java] {uri:iso.org:21090}TEL already exists
OUT>      [java] {uri:iso.org:21090}URL already exists
OUT>      [java] {uri:iso.org:21090}QSET_TS already exists
OUT>      [java] {uri:iso.org:21090}ED.Text already exists
OUT>      [java] {uri:iso.org:21090}ED.Image already exists
OUT>      [java] {uri:iso.org:21090}ED.Doc already exists
OUT>      [java] {uri:iso.org:21090}ED.Doc.Ref already exists
OUT>      [java] {uri:iso.org:21090}ED.Doc.Inline already exists
OUT>      [java] {uri:iso.org:21090}ED.Signature already exists
OUT>      [java] {uri:iso.org:21090}ED.Narrative already exists
OUT>      [java] {uri:iso.org:21090}ST already exists
OUT>      [java] {uri:iso.org:21090}ST.NT already exists
OUT>      [java] {uri:iso.org:21090}SC already exists
OUT>      [java] {uri:iso.org:21090}CD already exists
OUT>      [java] {uri:iso.org:21090}CR already exists
OUT>      [java] {uri:iso.org:21090}CD.CV already exists
OUT>      [java] {uri:iso.org:21090}CD.CE already exists
OUT>      [java] {uri:iso.org:21090}CDGroup already exists
OUT>      [java] {uri:iso.org:21090}XReference already exists
OUT>      [java] {uri:iso.org:21090}SC.NT already exists
OUT>      [java] {uri:iso.org:21090}TEL.Email already exists
OUT>      [java] {uri:iso.org:21090}TEL.Person already exists
OUT>      [java] {uri:iso.org:21090}TEL.Phone already exists
OUT>      [java] {uri:iso.org:21090}TEL.Url already exists
OUT>      [java] {uri:iso.org:21090}II already exists
OUT>      [java] {uri:iso.org:21090}CD.CE.None already exists
OUT>      [java] {uri:iso.org:21090}CO already exists
OUT>      [java] {uri:iso.org:21090}QTY already exists
OUT>      [java] {uri:iso.org:21090}CS already exists
OUT>      [java] {uri:iso.org:21090}AD already exists
OUT>      [java] {uri:iso.org:21090}ADXP already exists
OUT>      [java] {uri:iso.org:21090}EN already exists
OUT>      [java] {uri:iso.org:21090}ENXP already exists
OUT>      [java] {uri:iso.org:21090}EN.TN already exists
OUT>      [java] {uri:iso.org:21090}EN.PN already exists
OUT>      [java] {uri:iso.org:21090}EN.ON already exists
OUT>      [java] {uri:iso.org:21090}TS already exists
OUT>      [java] {uri:iso.org:21090}TS.Date already exists
OUT>      [java] {uri:iso.org:21090}TS.Date.Full already exists
OUT>      [java] {uri:iso.org:21090}TS.DateTime already exists
OUT>      [java] {uri:iso.org:21090}TS.DateTime.Full already exists
OUT>      [java] {uri:iso.org:21090}TS.Birth already exists
OUT>      [java] {uri:iso.org:21090}RTO already exists
OUT>      [java] {uri:iso.org:21090}MO already exists
OUT>      [java] {uri:iso.org:21090}PQ already exists
OUT>      [java] {uri:iso.org:21090}PQR already exists
OUT>      [java] {uri:iso.org:21090}PQ.Time already exists
OUT>      [java] {uri:iso.org:21090}REAL already exists
OUT>      [java] {uri:iso.org:21090}INT already exists
OUT>      [java] {uri:iso.org:21090}INT.NonNeg already exists
OUT>      [java] {uri:iso.org:21090}INT.Positive already exists
OUT>      [java] {uri:iso.org:21090}DSET_BL already exists
OUT>      [java] {uri:iso.org:21090}COLL_BL already exists
OUT>      [java] {uri:iso.org:21090}DSET_BL.NonNull already exists
OUT>      [java] {uri:iso.org:21090}COLL_BL.NonNull already exists
OUT>      [java] {uri:iso.org:21090}DSET_ED already exists
OUT>      [java] {uri:iso.org:21090}COLL_ED already exists
OUT>      [java] {uri:iso.org:21090}DSET_ED.Image already exists
OUT>      [java] {uri:iso.org:21090}COLL_ED.Image already exists
OUT>      [java] {uri:iso.org:21090}DSET_ED.Text already exists
OUT>      [java] {uri:iso.org:21090}COLL_ED.Text already exists
OUT>      [java] {uri:iso.org:21090}DSET_ED.Doc already exists
OUT>      [java] {uri:iso.org:21090}COLL_ED.Doc already exists
OUT>      [java] {uri:iso.org:21090}DSET_ED.Doc.Ref already exists
OUT>      [java] {uri:iso.org:21090}COLL_ED.Doc.Ref already exists
OUT>      [java] {uri:iso.org:21090}DSET_ED.Doc.Inline already exists
OUT>      [java] {uri:iso.org:21090}COLL_ED.Doc.Inline already exists
OUT>      [java] {uri:iso.org:21090}DSET_ED.Signature already exists
OUT>      [java] {uri:iso.org:21090}COLL_ED.Signature already exists
OUT>      [java] {uri:iso.org:21090}DSET_ED.Narrative already exists
OUT>      [java] {uri:iso.org:21090}COLL_ED.Narrative already exists
OUT>      [java] {uri:iso.org:21090}DSET_ST already exists
OUT>      [java] {uri:iso.org:21090}COLL_ST already exists
OUT>      [java] {uri:iso.org:21090}DSET_ST.NT already exists
OUT>      [java] {uri:iso.org:21090}COLL_ST.NT already exists
OUT>      [java] {uri:iso.org:21090}DSET_SC already exists
OUT>      [java] {uri:iso.org:21090}COLL_SC already exists
OUT>      [java] {uri:iso.org:21090}DSET_SC.NT already exists
OUT>      [java] {uri:iso.org:21090}COLL_SC.NT already exists
OUT>      [java] {uri:iso.org:21090}DSET_TEL already exists
OUT>      [java] {uri:iso.org:21090}COLL_TEL already exists
OUT>      [java] {uri:iso.org:21090}DSET_TEL.Email already exists
OUT>      [java] {uri:iso.org:21090}COLL_TEL.Email already exists
OUT>      [java] {uri:iso.org:21090}DSET_TEL.Person already exists
OUT>      [java] {uri:iso.org:21090}COLL_TEL.Person already exists
OUT>      [java] {uri:iso.org:21090}DSET_TEL.Phone already exists
OUT>      [java] {uri:iso.org:21090}COLL_TEL.Phone already exists
OUT>      [java] {uri:iso.org:21090}DSET_TEL.Url already exists
OUT>      [java] {uri:iso.org:21090}COLL_TEL.Url already exists
OUT>      [java] {uri:iso.org:21090}DSET_II already exists
OUT>      [java] {uri:iso.org:21090}COLL_II already exists
OUT>      [java] {uri:iso.org:21090}DSET_CD already exists
OUT>      [java] {uri:iso.org:21090}COLL_CD already exists
OUT>      [java] {uri:iso.org:21090}DSET_CD.CE already exists
OUT>      [java] {uri:iso.org:21090}COLL_CD.CE already exists
OUT>      [java] {uri:iso.org:21090}DSET_CD.CE.None already exists
OUT>      [java] {uri:iso.org:21090}COLL_CD.CE.None already exists
OUT>      [java] {uri:iso.org:21090}DSET_CD.CV already exists
OUT>      [java] {uri:iso.org:21090}COLL_CD.CV already exists
OUT>      [java] {uri:iso.org:21090}DSET_CO already exists
OUT>      [java] {uri:iso.org:21090}COLL_CO already exists
OUT>      [java] {uri:iso.org:21090}DSET_CS already exists
OUT>      [java] {uri:iso.org:21090}COLL_CS already exists
OUT>      [java] {uri:iso.org:21090}DSET_AD already exists
OUT>      [java] {uri:iso.org:21090}COLL_AD already exists
OUT>      [java] {uri:iso.org:21090}DSET_EN already exists
OUT>      [java] {uri:iso.org:21090}COLL_EN already exists
OUT>      [java] {uri:iso.org:21090}DSET_EN.TN already exists
OUT>      [java] {uri:iso.org:21090}COLL_EN.TN already exists
OUT>      [java] {uri:iso.org:21090}DSET_EN.PN already exists
OUT>      [java] {uri:iso.org:21090}COLL_EN.PN already exists
OUT>      [java] {uri:iso.org:21090}DSET_EN.ON already exists
OUT>      [java] {uri:iso.org:21090}COLL_EN.ON already exists
OUT>      [java] {uri:iso.org:21090}DSET_TS already exists
OUT>      [java] {uri:iso.org:21090}COLL_TS already exists
OUT>      [java] {uri:iso.org:21090}DSET_TS.Date already exists
OUT>      [java] {uri:iso.org:21090}COLL_TS.Date already exists
OUT>      [java] {uri:iso.org:21090}DSET_TS.Date.Full already exists
OUT>      [java] {uri:iso.org:21090}COLL_TS.Date.Full already exists
OUT>      [java] {uri:iso.org:21090}DSET_TS.DateTime already exists
OUT>      [java] {uri:iso.org:21090}COLL_TS.DateTime already exists
OUT>      [java] {uri:iso.org:21090}DSET_TS.DateTime.Full already exists
OUT>      [java] {uri:iso.org:21090}COLL_TS.DateTime.Full already exists
OUT>      [java] {uri:iso.org:21090}DSET_TS.Birth already exists
OUT>      [java] {uri:iso.org:21090}COLL_TS.Birth already exists
OUT>      [java] {uri:iso.org:21090}DSET_RTO already exists
OUT>      [java] {uri:iso.org:21090}COLL_RTO already exists
OUT>      [java] {uri:iso.org:21090}DSET_MO already exists
OUT>      [java] {uri:iso.org:21090}COLL_MO already exists
OUT>      [java] {uri:iso.org:21090}DSET_PQ already exists
OUT>      [java] {uri:iso.org:21090}COLL_PQ already exists
OUT>      [java] {uri:iso.org:21090}DSET_PQ.Time already exists
OUT>      [java] {uri:iso.org:21090}COLL_PQ.Time already exists
OUT>      [java] {uri:iso.org:21090}DSET_REAL already exists
OUT>      [java] {uri:iso.org:21090}COLL_REAL already exists
OUT>      [java] {uri:iso.org:21090}DSET_INT already exists
OUT>      [java] {uri:iso.org:21090}COLL_INT already exists
OUT>      [java] {uri:iso.org:21090}DSET_INT.NonNeg already exists
OUT>      [java] {uri:iso.org:21090}COLL_INT.NonNeg already exists
OUT>      [java] {uri:iso.org:21090}DSET_INT.Positive already exists
OUT>      [java] {uri:iso.org:21090}COLL_INT.Positive already exists
OUT>      [java] {uri:iso.org:21090}BAG_BL already exists
OUT>      [java] {uri:iso.org:21090}BAG_BL.NonNull already exists
OUT>      [java] {uri:iso.org:21090}BAG_ED already exists
OUT>      [java] {uri:iso.org:21090}BAG_ED.Image already exists
OUT>      [java] {uri:iso.org:21090}BAG_ED.Text already exists
OUT>      [java] {uri:iso.org:21090}BAG_ED.Doc already exists
OUT>      [java] {uri:iso.org:21090}BAG_ED.Doc.Ref already exists
OUT>      [java] {uri:iso.org:21090}BAG_ED.Doc.Inline already exists
OUT>      [java] {uri:iso.org:21090}BAG_ED.Signature already exists
OUT>      [java] {uri:iso.org:21090}BAG_ED.Narrative already exists
OUT>      [java] {uri:iso.org:21090}BAG_ST already exists
OUT>      [java] {uri:iso.org:21090}BAG_ST.NT already exists
OUT>      [java] {uri:iso.org:21090}BAG_SC already exists
OUT>      [java] {uri:iso.org:21090}BAG_SC.NT already exists
OUT>      [java] {uri:iso.org:21090}BAG_TEL already exists
OUT>      [java] {uri:iso.org:21090}BAG_TEL.Email already exists
OUT>      [java] {uri:iso.org:21090}BAG_TEL.Person already exists
OUT>      [java] {uri:iso.org:21090}BAG_TEL.Phone already exists
OUT>      [java] {uri:iso.org:21090}BAG_TEL.Url already exists
OUT>      [java] {uri:iso.org:21090}BAG_II already exists
OUT>      [java] {uri:iso.org:21090}BAG_CD already exists
OUT>      [java] {uri:iso.org:21090}BAG_CD.CE already exists
OUT>      [java] {uri:iso.org:21090}BAG_CD.CE.None already exists
OUT>      [java] {uri:iso.org:21090}BAG_CD.CV already exists
OUT>      [java] {uri:iso.org:21090}BAG_CO already exists
OUT>      [java] {uri:iso.org:21090}BAG_CS already exists
OUT>      [java] {uri:iso.org:21090}BAG_AD already exists
OUT>      [java] {uri:iso.org:21090}BAG_EN already exists
OUT>      [java] {uri:iso.org:21090}BAG_EN.TN already exists
OUT>      [java] {uri:iso.org:21090}BAG_EN.PN already exists
OUT>      [java] {uri:iso.org:21090}BAG_EN.ON already exists
OUT>      [java] {uri:iso.org:21090}BAG_TS already exists
OUT>      [java] {uri:iso.org:21090}BAG_TS.Date already exists
OUT>      [java] {uri:iso.org:21090}BAG_TS.Date.Full already exists
OUT>      [java] {uri:iso.org:21090}BAG_TS.DateTime already exists
OUT>      [java] {uri:iso.org:21090}BAG_TS.DateTime.Full already exists
OUT>      [java] {uri:iso.org:21090}BAG_TS.Birth already exists
OUT>      [java] {uri:iso.org:21090}BAG_RTO already exists
OUT>      [java] {uri:iso.org:21090}BAG_MO already exists
OUT>      [java] {uri:iso.org:21090}BAG_PQ already exists
OUT>      [java] {uri:iso.org:21090}BAG_PQ.Time already exists
OUT>      [java] {uri:iso.org:21090}BAG_REAL already exists
OUT>      [java] {uri:iso.org:21090}BAG_INT already exists
OUT>      [java] {uri:iso.org:21090}BAG_INT.NonNeg already exists
OUT>      [java] {uri:iso.org:21090}BAG_INT.Positive already exists
OUT>      [java] {uri:iso.org:21090}LIST_BL already exists
OUT>      [java] {uri:iso.org:21090}LIST_BL.NonNull already exists
OUT>      [java] {uri:iso.org:21090}LIST_ED already exists
OUT>      [java] {uri:iso.org:21090}LIST_ED.Image already exists
OUT>      [java] {uri:iso.org:21090}LIST_ED.Text already exists
OUT>      [java] {uri:iso.org:21090}LIST_ED.Doc already exists
OUT>      [java] {uri:iso.org:21090}LIST_ED.Doc.Ref already exists
OUT>      [java] {uri:iso.org:21090}LIST_ED.Doc.Inline already exists
OUT>      [java] {uri:iso.org:21090}LIST_ED.Signature already exists
OUT>      [java] {uri:iso.org:21090}LIST_ED.Narrative already exists
OUT>      [java] {uri:iso.org:21090}LIST_ST already exists
OUT>      [java] {uri:iso.org:21090}LIST_ST.NT already exists
OUT>      [java] {uri:iso.org:21090}LIST_SC already exists
OUT>      [java] {uri:iso.org:21090}LIST_SC.NT already exists
OUT>      [java] {uri:iso.org:21090}LIST_TEL already exists
OUT>      [java] {uri:iso.org:21090}LIST_TEL.Email already exists
OUT>      [java] {uri:iso.org:21090}LIST_TEL.Person already exists
OUT>      [java] {uri:iso.org:21090}LIST_TEL.Phone already exists
OUT>      [java] {uri:iso.org:21090}LIST_TEL.Url already exists
OUT>      [java] {uri:iso.org:21090}LIST_II already exists
OUT>      [java] {uri:iso.org:21090}LIST_CD already exists
OUT>      [java] {uri:iso.org:21090}LIST_CD.CE already exists
OUT>      [java] {uri:iso.org:21090}LIST_CD.CE.None already exists
OUT>      [java] {uri:iso.org:21090}LIST_CD.CV already exists
OUT>      [java] {uri:iso.org:21090}LIST_CO already exists
OUT>      [java] {uri:iso.org:21090}LIST_CS already exists
OUT>      [java] {uri:iso.org:21090}LIST_AD already exists
OUT>      [java] {uri:iso.org:21090}LIST_EN already exists
OUT>      [java] {uri:iso.org:21090}LIST_EN.TN already exists
OUT>      [java] {uri:iso.org:21090}LIST_EN.PN already exists
OUT>      [java] {uri:iso.org:21090}LIST_EN.ON already exists
OUT>      [java] {uri:iso.org:21090}LIST_TS already exists
OUT>      [java] {uri:iso.org:21090}LIST_TS.Date already exists
OUT>      [java] {uri:iso.org:21090}LIST_TS.Date.Full already exists
OUT>      [java] {uri:iso.org:21090}LIST_TS.DateTime already exists
OUT>      [java] {uri:iso.org:21090}LIST_TS.DateTime.Full already exists
OUT>      [java] {uri:iso.org:21090}LIST_TS.Birth already exists
OUT>      [java] {uri:iso.org:21090}LIST_RTO already exists
OUT>      [java] {uri:iso.org:21090}LIST_MO already exists
OUT>      [java] {uri:iso.org:21090}LIST_PQ already exists
OUT>      [java] {uri:iso.org:21090}LIST_PQ.Time already exists
OUT>      [java] {uri:iso.org:21090}LIST_REAL already exists
OUT>      [java] {uri:iso.org:21090}LIST_INT already exists
OUT>      [java] {uri:iso.org:21090}LIST_INT.NonNeg already exists
OUT>      [java] {uri:iso.org:21090}LIST_INT.Positive already exists
OUT>      [java] {uri:iso.org:21090}IVL_CO already exists
OUT>      [java] {uri:iso.org:21090}QSET_CO already exists
OUT>      [java] {uri:iso.org:21090}IVL_TS already exists
OUT>      [java] {uri:iso.org:21090}IVL_TS.Date already exists
OUT>      [java] {uri:iso.org:21090}QSET_TS.Date already exists
OUT>      [java] {uri:iso.org:21090}IVL_TS.Date.Full already exists
OUT>      [java] {uri:iso.org:21090}QSET_TS.Date.Full already exists
OUT>      [java] {uri:iso.org:21090}IVL_TS.DateTime already exists
OUT>      [java] {uri:iso.org:21090}QSET_TS.DateTime already exists
OUT>      [java] {uri:iso.org:21090}IVL_TS.DateTime.Full already exists
OUT>      [java] {uri:iso.org:21090}QSET_TS.DateTime.Full already exists
OUT>      [java] {uri:iso.org:21090}IVL_TS.Birth already exists
OUT>      [java] {uri:iso.org:21090}QSET_TS.Birth already exists
OUT>      [java] {uri:iso.org:21090}IVL_RTO already exists
OUT>      [java] {uri:iso.org:21090}QSET_RTO already exists
OUT>      [java] {uri:iso.org:21090}IVL_MO already exists
OUT>      [java] {uri:iso.org:21090}QSET_MO already exists
OUT>      [java] {uri:iso.org:21090}IVL_PQ already exists
OUT>      [java] {uri:iso.org:21090}QSET_PQ already exists
OUT>      [java] {uri:iso.org:21090}IVL_PQ.Time already exists
OUT>      [java] {uri:iso.org:21090}QSET_PQ.Time already exists
OUT>      [java] {uri:iso.org:21090}IVL_REAL already exists
OUT>      [java] {uri:iso.org:21090}QSET_REAL already exists
OUT>      [java] {uri:iso.org:21090}IVL_INT already exists
OUT>      [java] {uri:iso.org:21090}QSET_INT already exists
OUT>      [java] {uri:iso.org:21090}IVL_INT.NonNeg already exists
OUT>      [java] {uri:iso.org:21090}QSET_INT.NonNeg already exists
OUT>      [java] {uri:iso.org:21090}IVL_INT.Positive already exists
OUT>      [java] {uri:iso.org:21090}QSET_INT.Positive already exists
OUT>      [java] {uri:iso.org:21090}IVL.Low_CO already exists
OUT>      [java] {uri:iso.org:21090}IVL.Low_TS already exists
OUT>      [java] {uri:iso.org:21090}IVL.Low_TS.Date already exists
OUT>      [java] {uri:iso.org:21090}IVL.Low_TS.Date.Full already exists
OUT>      [java] {uri:iso.org:21090}IVL.Low_TS.DateTime already exists
OUT>      [java] {uri:iso.org:21090}IVL.Low_TS.DateTime.Full already exists
OUT>      [java] {uri:iso.org:21090}IVL.Low_TS.Birth already exists
OUT>      [java] {uri:iso.org:21090}IVL.Low_RTO already exists
OUT>      [java] {uri:iso.org:21090}IVL.Low_MO already exists
OUT>      [java] {uri:iso.org:21090}IVL.Low_PQ already exists
OUT>      [java] {uri:iso.org:21090}IVL.Low_PQ.Time already exists
OUT>      [java] {uri:iso.org:21090}IVL.Low_REAL already exists
OUT>      [java] {uri:iso.org:21090}IVL.Low_INT already exists
OUT>      [java] {uri:iso.org:21090}IVL.Low_INT.NonNeg already exists
OUT>      [java] {uri:iso.org:21090}IVL.Low_INT.Positive already exists
OUT>      [java] {uri:iso.org:21090}IVL.Width_CO already exists
OUT>      [java] {uri:iso.org:21090}IVL.Width_TS already exists
OUT>      [java] {uri:iso.org:21090}IVL.Width_TS.Date already exists
OUT>      [java] {uri:iso.org:21090}IVL.Width_TS.Date.Full already exists
OUT>      [java] {uri:iso.org:21090}IVL.Width_TS.DateTime already exists
OUT>      [java] {uri:iso.org:21090}IVL.Width_TS.DateTime.Full already exists
OUT>      [java] {uri:iso.org:21090}IVL.Width_TS.Birth already exists
OUT>      [java] {uri:iso.org:21090}IVL.Width_RTO already exists
OUT>      [java] {uri:iso.org:21090}IVL.Width_MO already exists
OUT>      [java] {uri:iso.org:21090}IVL.Width_PQ already exists
OUT>      [java] {uri:iso.org:21090}IVL.Width_PQ.Time already exists
OUT>      [java] {uri:iso.org:21090}IVL.Width_REAL already exists
OUT>      [java] {uri:iso.org:21090}IVL.Width_INT already exists
OUT>      [java] {uri:iso.org:21090}IVL.Width_INT.NonNeg already exists
OUT>      [java] {uri:iso.org:21090}IVL.Width_INT.Positive already exists
OUT>      [java] {uri:iso.org:21090}IVL.High_CO already exists
OUT>      [java] {uri:iso.org:21090}IVL.High_TS already exists
OUT>      [java] {uri:iso.org:21090}IVL.High_TS.Date already exists
OUT>      [java] {uri:iso.org:21090}IVL.High_TS.Date.Full already exists
OUT>      [java] {uri:iso.org:21090}IVL.High_TS.DateTime already exists
OUT>      [java] {uri:iso.org:21090}IVL.High_TS.DateTime.Full already exists
OUT>      [java] {uri:iso.org:21090}IVL.High_TS.Birth already exists
OUT>      [java] {uri:iso.org:21090}IVL.High_RTO already exists
OUT>      [java] {uri:iso.org:21090}IVL.High_MO already exists
OUT>      [java] {uri:iso.org:21090}IVL.High_PQ already exists
OUT>      [java] {uri:iso.org:21090}IVL.High_PQ.Time already exists
OUT>      [java] {uri:iso.org:21090}IVL.High_REAL already exists
OUT>      [java] {uri:iso.org:21090}IVL.High_INT already exists
OUT>      [java] {uri:iso.org:21090}IVL.High_INT.NonNeg already exists
OUT>      [java] {uri:iso.org:21090}IVL.High_INT.Positive already exists
OUT>      [java] {uri:iso.org:21090}SLIST_CO already exists
OUT>      [java] {uri:iso.org:21090}SLIST_TS already exists
OUT>      [java] {uri:iso.org:21090}SLIST_TS.Date already exists
OUT>      [java] {uri:iso.org:21090}SLIST_TS.Date.Full already exists
OUT>      [java] {uri:iso.org:21090}SLIST_TS.DateTime already exists
OUT>      [java] {uri:iso.org:21090}SLIST_TS.DateTime.Full already exists
OUT>      [java] {uri:iso.org:21090}SLIST_TS.Birth already exists
OUT>      [java] {uri:iso.org:21090}SLIST_RTO already exists
OUT>      [java] {uri:iso.org:21090}SLIST_MO already exists
OUT>      [java] {uri:iso.org:21090}SLIST_PQ already exists
OUT>      [java] {uri:iso.org:21090}SLIST_PQ.Time already exists
OUT>      [java] {uri:iso.org:21090}SLIST_REAL already exists
OUT>      [java] {uri:iso.org:21090}SLIST_INT already exists
OUT>      [java] {uri:iso.org:21090}SLIST_INT.NonNeg already exists
OUT>      [java] {uri:iso.org:21090}SLIST_INT.Positive already exists
OUT>      [java] {uri:iso.org:21090}GLIST_CO already exists
OUT>      [java] {uri:iso.org:21090}GLIST_TS already exists
OUT>      [java] {uri:iso.org:21090}GLIST_TS.Date already exists
OUT>      [java] {uri:iso.org:21090}GLIST_TS.Date.Full already exists
OUT>      [java] {uri:iso.org:21090}GLIST_TS.DateTime already exists
OUT>      [java] {uri:iso.org:21090}GLIST_TS.DateTime.Full already exists
OUT>      [java] {uri:iso.org:21090}GLIST_TS.Birth already exists
OUT>      [java] {uri:iso.org:21090}GLIST_RTO already exists
OUT>      [java] {uri:iso.org:21090}GLIST_MO already exists
OUT>      [java] {uri:iso.org:21090}GLIST_PQ already exists
OUT>      [java] {uri:iso.org:21090}GLIST_PQ.Time already exists
OUT>      [java] {uri:iso.org:21090}GLIST_REAL already exists
OUT>      [java] {uri:iso.org:21090}GLIST_INT already exists
OUT>      [java] {uri:iso.org:21090}GLIST_INT.NonNeg already exists
OUT>      [java] {uri:iso.org:21090}GLIST_INT.Positive already exists
OUT>      [java] {uri:iso.org:21090}QSD_CO already exists
OUT>      [java] {uri:iso.org:21090}QSD_TS already exists
OUT>      [java] {uri:iso.org:21090}QSD_TS.Date already exists
OUT>      [java] {uri:iso.org:21090}QSD_TS.Date.Full already exists
OUT>      [java] {uri:iso.org:21090}QSD_TS.DateTime already exists
OUT>      [java] {uri:iso.org:21090}QSD_TS.DateTime.Full already exists
OUT>      [java] {uri:iso.org:21090}QSD_TS.Birth already exists
OUT>      [java] {uri:iso.org:21090}QSD_RTO already exists
OUT>      [java] {uri:iso.org:21090}QSD_MO already exists
OUT>      [java] {uri:iso.org:21090}QSD_PQ already exists
OUT>      [java] {uri:iso.org:21090}QSD_PQ.Time already exists
OUT>      [java] {uri:iso.org:21090}QSD_REAL already exists
OUT>      [java] {uri:iso.org:21090}QSD_INT already exists
OUT>      [java] {uri:iso.org:21090}QSD_INT.NonNeg already exists
OUT>      [java] {uri:iso.org:21090}QSD_INT.Positive already exists
OUT>      [java] {uri:iso.org:21090}QSI_CO already exists
OUT>      [java] {uri:iso.org:21090}QSI_TS already exists
OUT>      [java] {uri:iso.org:21090}QSI_TS.Date already exists
OUT>      [java] {uri:iso.org:21090}QSI_TS.Date.Full already exists
OUT>      [java] {uri:iso.org:21090}QSI_TS.DateTime already exists
OUT>      [java] {uri:iso.org:21090}QSI_TS.DateTime.Full already exists
OUT>      [java] {uri:iso.org:21090}QSI_TS.Birth already exists
OUT>      [java] {uri:iso.org:21090}QSI_RTO already exists
OUT>      [java] {uri:iso.org:21090}QSI_MO already exists
OUT>      [java] {uri:iso.org:21090}QSI_PQ already exists
OUT>      [java] {uri:iso.org:21090}QSI_PQ.Time already exists
OUT>      [java] {uri:iso.org:21090}QSI_REAL already exists
OUT>      [java] {uri:iso.org:21090}QSI_INT already exists
OUT>      [java] {uri:iso.org:21090}QSI_INT.NonNeg already exists
OUT>      [java] {uri:iso.org:21090}QSI_INT.Positive already exists
OUT>      [java] {uri:iso.org:21090}QSU_CO already exists
OUT>      [java] {uri:iso.org:21090}QSU_TS already exists
OUT>      [java] {uri:iso.org:21090}QSU_TS.Date already exists
OUT>      [java] {uri:iso.org:21090}QSU_TS.Date.Full already exists
OUT>      [java] {uri:iso.org:21090}QSU_TS.DateTime already exists
OUT>      [java] {uri:iso.org:21090}QSU_TS.DateTime.Full already exists
OUT>      [java] {uri:iso.org:21090}QSU_TS.Birth already exists
OUT>      [java] {uri:iso.org:21090}QSU_RTO already exists
OUT>      [java] {uri:iso.org:21090}QSU_MO already exists
OUT>      [java] {uri:iso.org:21090}QSU_PQ already exists
OUT>      [java] {uri:iso.org:21090}QSU_PQ.Time already exists
OUT>      [java] {uri:iso.org:21090}QSU_REAL already exists
OUT>      [java] {uri:iso.org:21090}QSU_INT already exists
OUT>      [java] {uri:iso.org:21090}QSU_INT.NonNeg already exists
OUT>      [java] {uri:iso.org:21090}QSU_INT.Positive already exists
OUT>      [java] {uri:iso.org:21090}QSP_CO already exists
OUT>      [java] {uri:iso.org:21090}QSP_TS already exists
OUT>      [java] {uri:iso.org:21090}QSP_TS.Date already exists
OUT>      [java] {uri:iso.org:21090}QSP_TS.Date.Full already exists
OUT>      [java] {uri:iso.org:21090}QSP_TS.DateTime already exists
OUT>      [java] {uri:iso.org:21090}QSP_TS.DateTime.Full already exists
OUT>      [java] {uri:iso.org:21090}QSP_TS.Birth already exists
OUT>      [java] {uri:iso.org:21090}QSP_RTO already exists
OUT>      [java] {uri:iso.org:21090}QSP_MO already exists
OUT>      [java] {uri:iso.org:21090}QSP_PQ already exists
OUT>      [java] {uri:iso.org:21090}QSP_PQ.Time already exists
OUT>      [java] {uri:iso.org:21090}QSP_REAL already exists
OUT>      [java] {uri:iso.org:21090}QSP_INT already exists
OUT>      [java] {uri:iso.org:21090}QSP_INT.NonNeg already exists
OUT>      [java] {uri:iso.org:21090}QSP_INT.Positive already exists
OUT>      [java] {uri:iso.org:21090}QSS_CO already exists
OUT>      [java] {uri:iso.org:21090}QSS_TS already exists
OUT>      [java] {uri:iso.org:21090}QSS_TS.Date already exists
OUT>      [java] {uri:iso.org:21090}QSS_TS.Date.Full already exists
OUT>      [java] {uri:iso.org:21090}QSS_TS.DateTime already exists
OUT>      [java] {uri:iso.org:21090}QSS_TS.DateTime.Full already exists
OUT>      [java] {uri:iso.org:21090}QSS_TS.Birth already exists
OUT>      [java] {uri:iso.org:21090}QSS_RTO already exists
OUT>      [java] {uri:iso.org:21090}QSS_MO already exists
OUT>      [java] {uri:iso.org:21090}QSS_PQ already exists
OUT>      [java] {uri:iso.org:21090}QSS_PQ.Time already exists
OUT>      [java] {uri:iso.org:21090}QSS_REAL already exists
OUT>      [java] {uri:iso.org:21090}QSS_INT already exists
OUT>      [java] {uri:iso.org:21090}QSS_INT.NonNeg already exists
OUT>      [java] {uri:iso.org:21090}QSS_INT.Positive already exists
OUT>      [java] {uri:iso.org:21090}PIVL_TS already exists
OUT>      [java] {uri:iso.org:21090}PIVL_TS.Date already exists
OUT>      [java] {uri:iso.org:21090}PIVL_TS.Date.Full already exists
OUT>      [java] {uri:iso.org:21090}PIVL_TS.DateTime already exists
OUT>      [java] {uri:iso.org:21090}PIVL_TS.DateTime.Full already exists
OUT>      [java] {uri:iso.org:21090}PIVL_TS.Birth already exists
OUT>      [java] {uri:iso.org:21090}EIVL_TS already exists
OUT>      [java] {uri:iso.org:21090}EIVL_TS.Date already exists
OUT>      [java] {uri:iso.org:21090}EIVL_TS.Date.Full already exists
OUT>      [java] {uri:iso.org:21090}EIVL_TS.DateTime already exists
OUT>      [java] {uri:iso.org:21090}EIVL_TS.DateTime.Full already exists
OUT>      [java] {uri:iso.org:21090}EIVL_TS.Birth already exists
OUT>      [java] {uri:iso.org:21090}NPPD_BL already exists
OUT>      [java] {uri:iso.org:21090}UVP_BL already exists
OUT>      [java] {uri:iso.org:21090}NPPD_BL.NonNull already exists
OUT>      [java] {uri:iso.org:21090}UVP_BL.NonNull already exists
OUT>      [java] {uri:iso.org:21090}NPPD_ED already exists
OUT>      [java] {uri:iso.org:21090}UVP_ED already exists
OUT>      [java] {uri:iso.org:21090}NPPD_ED.Image already exists
OUT>      [java] {uri:iso.org:21090}UVP_ED.Image already exists
OUT>      [java] {uri:iso.org:21090}NPPD_ED.Text already exists
OUT>      [java] {uri:iso.org:21090}UVP_ED.Text already exists
OUT>      [java] {uri:iso.org:21090}NPPD_ED.Doc already exists
OUT>      [java] {uri:iso.org:21090}UVP_ED.Doc already exists
OUT>      [java] {uri:iso.org:21090}NPPD_ED.Doc.Ref already exists
OUT>      [java] {uri:iso.org:21090}UVP_ED.Doc.Ref already exists
OUT>      [java] {uri:iso.org:21090}NPPD_ED.Doc.Inline already exists
OUT>      [java] {uri:iso.org:21090}UVP_ED.Doc.Inline already exists
OUT>      [java] {uri:iso.org:21090}NPPD_ED.Signature already exists
OUT>      [java] {uri:iso.org:21090}UVP_ED.Signature already exists
OUT>      [java] {uri:iso.org:21090}NPPD_ED.Narrative already exists
OUT>      [java] {uri:iso.org:21090}UVP_ED.Narrative already exists
OUT>      [java] {uri:iso.org:21090}NPPD_ST already exists
OUT>      [java] {uri:iso.org:21090}UVP_ST already exists
OUT>      [java] {uri:iso.org:21090}NPPD_ST.NT already exists
OUT>      [java] {uri:iso.org:21090}UVP_ST.NT already exists
OUT>      [java] {uri:iso.org:21090}NPPD_SC already exists
OUT>      [java] {uri:iso.org:21090}UVP_SC already exists
OUT>      [java] {uri:iso.org:21090}NPPD_SC.NT already exists
OUT>      [java] {uri:iso.org:21090}UVP_SC.NT already exists
OUT>      [java] {uri:iso.org:21090}NPPD_TEL already exists
OUT>      [java] {uri:iso.org:21090}UVP_TEL already exists
OUT>      [java] {uri:iso.org:21090}NPPD_TEL.Email already exists
OUT>      [java] {uri:iso.org:21090}UVP_TEL.Email already exists
OUT>      [java] {uri:iso.org:21090}NPPD_TEL.Person already exists
OUT>      [java] {uri:iso.org:21090}UVP_TEL.Person already exists
OUT>      [java] {uri:iso.org:21090}NPPD_TEL.Phone already exists
OUT>      [java] {uri:iso.org:21090}UVP_TEL.Phone already exists
OUT>      [java] {uri:iso.org:21090}NPPD_TEL.Url already exists
OUT>      [java] {uri:iso.org:21090}UVP_TEL.Url already exists
OUT>      [java] {uri:iso.org:21090}NPPD_II already exists
OUT>      [java] {uri:iso.org:21090}UVP_II already exists
OUT>      [java] {uri:iso.org:21090}NPPD_CD already exists
OUT>      [java] {uri:iso.org:21090}UVP_CD already exists
OUT>      [java] {uri:iso.org:21090}NPPD_CD.CE already exists
OUT>      [java] {uri:iso.org:21090}UVP_CD.CE already exists
OUT>      [java] {uri:iso.org:21090}NPPD_CD.CE.None already exists
OUT>      [java] {uri:iso.org:21090}UVP_CD.CE.None already exists
OUT>      [java] {uri:iso.org:21090}NPPD_CD.CV already exists
OUT>      [java] {uri:iso.org:21090}UVP_CD.CV already exists
OUT>      [java] {uri:iso.org:21090}NPPD_CO already exists
OUT>      [java] {uri:iso.org:21090}UVP_CO already exists
OUT>      [java] {uri:iso.org:21090}NPPD_CS already exists
OUT>      [java] {uri:iso.org:21090}UVP_CS already exists
OUT>      [java] {uri:iso.org:21090}NPPD_AD already exists
OUT>      [java] {uri:iso.org:21090}UVP_AD already exists
OUT>      [java] {uri:iso.org:21090}NPPD_EN already exists
OUT>      [java] {uri:iso.org:21090}UVP_EN already exists
OUT>      [java] {uri:iso.org:21090}NPPD_EN.TN already exists
OUT>      [java] {uri:iso.org:21090}UVP_EN.TN already exists
OUT>      [java] {uri:iso.org:21090}NPPD_EN.PN already exists
OUT>      [java] {uri:iso.org:21090}UVP_EN.PN already exists
OUT>      [java] {uri:iso.org:21090}NPPD_EN.ON already exists
OUT>      [java] {uri:iso.org:21090}UVP_EN.ON already exists
OUT>      [java] {uri:iso.org:21090}NPPD_TS already exists
OUT>      [java] {uri:iso.org:21090}UVP_TS already exists
OUT>      [java] {uri:iso.org:21090}NPPD_TS.Date already exists
OUT>      [java] {uri:iso.org:21090}UVP_TS.Date already exists
OUT>      [java] {uri:iso.org:21090}NPPD_TS.Date.Full already exists
OUT>      [java] {uri:iso.org:21090}UVP_TS.Date.Full already exists
OUT>      [java] {uri:iso.org:21090}NPPD_TS.DateTime already exists
OUT>      [java] {uri:iso.org:21090}UVP_TS.DateTime already exists
OUT>      [java] {uri:iso.org:21090}NPPD_TS.DateTime.Full already exists
OUT>      [java] {uri:iso.org:21090}UVP_TS.DateTime.Full already exists
OUT>      [java] {uri:iso.org:21090}NPPD_TS.Birth already exists
OUT>      [java] {uri:iso.org:21090}UVP_TS.Birth already exists
OUT>      [java] {uri:iso.org:21090}NPPD_RTO already exists
OUT>      [java] {uri:iso.org:21090}UVP_RTO already exists
OUT>      [java] {uri:iso.org:21090}NPPD_MO already exists
OUT>      [java] {uri:iso.org:21090}UVP_MO already exists
OUT>      [java] {uri:iso.org:21090}NPPD_PQ already exists
OUT>      [java] {uri:iso.org:21090}UVP_PQ already exists
OUT>      [java] {uri:iso.org:21090}NPPD_PQ.Time already exists
OUT>      [java] {uri:iso.org:21090}UVP_PQ.Time already exists
OUT>      [java] {uri:iso.org:21090}NPPD_REAL already exists
OUT>      [java] {uri:iso.org:21090}UVP_REAL already exists
OUT>      [java] {uri:iso.org:21090}NPPD_INT already exists
OUT>      [java] {uri:iso.org:21090}UVP_INT already exists
OUT>      [java] {uri:iso.org:21090}NPPD_INT.NonNeg already exists
OUT>      [java] {uri:iso.org:21090}UVP_INT.NonNeg already exists
OUT>      [java] {uri:iso.org:21090}NPPD_INT.Positive already exists
OUT>      [java] {uri:iso.org:21090}UVP_INT.Positive already exists
OUT>      [java] {uri:iso.org:21090}QSET.BoundedPIVL already exists
OUT>      [java] {uri:iso.org:21090}HIST_BL already exists
OUT>      [java] {uri:iso.org:21090}HIST_BL.NonNull already exists
OUT>      [java] {uri:iso.org:21090}HIST_ED already exists
OUT>      [java] {uri:iso.org:21090}HIST_ED.Image already exists
OUT>      [java] {uri:iso.org:21090}HIST_ED.Text already exists
OUT>      [java] {uri:iso.org:21090}HIST_ED.Doc already exists
OUT>      [java] {uri:iso.org:21090}HIST_ED.Doc.Ref already exists
OUT>      [java] {uri:iso.org:21090}HIST_ED.Doc.Inline already exists
OUT>      [java] {uri:iso.org:21090}HIST_ED.Signature already exists
OUT>      [java] {uri:iso.org:21090}HIST_ED.Narrative already exists
OUT>      [java] {uri:iso.org:21090}HIST_ST already exists
OUT>      [java] {uri:iso.org:21090}HIST_ST.NT already exists
OUT>      [java] {uri:iso.org:21090}HIST_SC already exists
OUT>      [java] {uri:iso.org:21090}HIST_SC.NT already exists
OUT>      [java] {uri:iso.org:21090}HIST_TEL already exists
OUT>      [java] {uri:iso.org:21090}HIST_TEL.Email already exists
OUT>      [java] {uri:iso.org:21090}HIST_TEL.Person already exists
OUT>      [java] {uri:iso.org:21090}HIST_TEL.Phone already exists
OUT>      [java] {uri:iso.org:21090}HIST_TEL.Url already exists
OUT>      [java] {uri:iso.org:21090}HIST_II already exists
OUT>      [java] {uri:iso.org:21090}HIST_CD already exists
OUT>      [java] {uri:iso.org:21090}HIST_CD.CE already exists
OUT>      [java] {uri:iso.org:21090}HIST_CD.CE.None already exists
OUT>      [java] {uri:iso.org:21090}HIST_CD.CV already exists
OUT>      [java] {uri:iso.org:21090}HIST_CO already exists
OUT>      [java] {uri:iso.org:21090}HIST_CS already exists
OUT>      [java] {uri:iso.org:21090}HIST_AD already exists
OUT>      [java] {uri:iso.org:21090}HIST_EN already exists
OUT>      [java] {uri:iso.org:21090}HIST_EN.TN already exists
OUT>      [java] {uri:iso.org:21090}HIST_EN.PN already exists
OUT>      [java] {uri:iso.org:21090}HIST_EN.ON already exists
OUT>      [java] {uri:iso.org:21090}HIST_TS already exists
OUT>      [java] {uri:iso.org:21090}HIST_TS.Date already exists
OUT>      [java] {uri:iso.org:21090}HIST_TS.Date.Full already exists
OUT>      [java] {uri:iso.org:21090}HIST_TS.DateTime already exists
OUT>      [java] {uri:iso.org:21090}HIST_TS.DateTime.Full already exists
OUT>      [java] {uri:iso.org:21090}HIST_TS.Birth already exists
OUT>      [java] {uri:iso.org:21090}HIST_RTO already exists
OUT>      [java] {uri:iso.org:21090}HIST_MO already exists
OUT>      [java] {uri:iso.org:21090}HIST_PQ already exists
OUT>      [java] {uri:iso.org:21090}HIST_PQ.Time already exists
OUT>      [java] {uri:iso.org:21090}HIST_REAL already exists
OUT>      [java] {uri:iso.org:21090}HIST_INT already exists
OUT>      [java] {uri:iso.org:21090}HIST_INT.NonNeg already exists
OUT>      [java] {uri:iso.org:21090}HIST_INT.Positive already exists
OUT>      [java] {http://CQL.caBIG/2/org.cagrid.cql2}CQLExtension already exists
OUT>      [java] {http://CQL.caBIG/2/org.cagrid.cql2}Aggregation already exists
OUT>      [java] {http://docs.oasis-open.org/wsrf/2004/06/wsrf-WS-ResourceLifetime-1.2-draft-01.xsd}CurrentTime already exists
OUT>      [java] {http://docs.oasis-open.org/wsrf/2004/06/wsrf-WS-ResourceLifetime-1.2-draft-01.xsd}TerminationTime already exists
OUT>      [java] {http://docs.oasis-open.org/wsrf/2004/06/wsrf-WS-ResourceLifetime-1.2-draft-01.xsd}TerminationNotification already exists
OUT>      [java] {http://docs.oasis-open.org/wsrf/2004/06/wsrf-WS-ResourceLifetime-1.2-draft-01.xsd}>TerminationNotification already exists
OUT>      [java] {http://docs.oasis-open.org/wsrf/2004/06/wsrf-WS-ResourceProperties-1.2-draft-01.xsd}ResourceProperties already exists
OUT>      [java] {http://docs.oasis-open.org/wsrf/2004/06/wsrf-WS-ResourceProperties-1.2-draft-01.xsd}ResourcePropertyValueChangeNotificationType already exists
OUT>      [java] {http://docs.oasis-open.org/wsrf/2004/06/wsrf-WS-ResourceProperties-1.2-draft-01.xsd}>ResourcePropertyValueChangeNotificationType>OldValue already exists
OUT>      [java] {http://docs.oasis-open.org/wsrf/2004/06/wsrf-WS-ResourceProperties-1.2-draft-01.xsd}>ResourcePropertyValueChangeNotificationType>NewValue already exists
OUT>      [java] {http://docs.oasis-open.org/wsrf/2004/06/wsrf-WS-ResourceProperties-1.2-draft-01.xsd}ResourcePropertyValueChangeNotification already exists
OUT>      [java] {http://docs.oasis-open.org/wsrf/2004/06/wsrf-WS-ResourceProperties-1.2-draft-01.xsd}QueryExpressionType already exists
OUT>      [java] {http://docs.oasis-open.org/wsrf/2004/06/wsrf-WS-ResourceProperties-1.2-draft-01.xsd}QueryExpression already exists
OUT>      [java] {http://docs.oasis-open.org/wsrf/2004/06/wsrf-WS-ResourceProperties-1.2-draft-01.xsd}ResourceProperties already exists
OUT>      [java] {http://docs.oasis-open.org/wsrf/2004/06/wsrf-WS-ResourceProperties-1.2-draft-01.xsd}ResourcePropertyValueChangeNotificationType already exists
OUT>      [java] {http://docs.oasis-open.org/wsrf/2004/06/wsrf-WS-ResourceProperties-1.2-draft-01.xsd}>ResourcePropertyValueChangeNotificationType>OldValue already exists
OUT>      [java] {http://docs.oasis-open.org/wsrf/2004/06/wsrf-WS-ResourceProperties-1.2-draft-01.xsd}>ResourcePropertyValueChangeNotificationType>NewValue already exists
OUT>      [java] {http://docs.oasis-open.org/wsrf/2004/06/wsrf-WS-ResourceProperties-1.2-draft-01.xsd}ResourcePropertyValueChangeNotification already exists
OUT>      [java] {http://docs.oasis-open.org/wsrf/2004/06/wsrf-WS-ResourceProperties-1.2-draft-01.xsd}QueryExpressionType already exists
OUT>      [java] {http://docs.oasis-open.org/wsrf/2004/06/wsrf-WS-ResourceProperties-1.2-draft-01.xsd}QueryExpression already exists
OUT>      [java] {http://docs.oasis-open.org/wsrf/2004/06/wsrf-WS-ResourceProperties-1.2-draft-01.xsd}GetResourceProperty already exists
OUT>      [java] {http://docs.oasis-open.org/wsrf/2004/06/wsrf-WS-ResourceProperties-1.2-draft-01.xsd}GetResourcePropertyResponse already exists
OUT>      [java] {http://docs.oasis-open.org/wsrf/2004/06/wsrf-WS-ResourceProperties-1.2-draft-01.xsd}>GetResourcePropertyResponse already exists
OUT>      [java] {http://docs.oasis-open.org/wsrf/2004/06/wsrf-WS-ResourceProperties-1.2-draft-01.xsd}ResourceUnknownFaultType already exists
OUT>      [java] {http://docs.oasis-open.org/wsrf/2004/06/wsrf-WS-ResourceProperties-1.2-draft-01.xsd}ResourceUnknownFault already exists
OUT>      [java] {http://docs.oasis-open.org/wsrf/2004/06/wsrf-WS-ResourceProperties-1.2-draft-01.xsd}InvalidResourcePropertyQNameFaultType already exists
OUT>      [java] {http://docs.oasis-open.org/wsrf/2004/06/wsrf-WS-ResourceProperties-1.2-draft-01.xsd}InvalidResourcePropertyQNameFault already exists
OUT>      [java] {http://docs.oasis-open.org/wsrf/2004/06/wsrf-WS-ResourceProperties-1.2-draft-01.xsd}GetMultipleResourceProperties already exists
OUT>      [java] {http://docs.oasis-open.org/wsrf/2004/06/wsrf-WS-ResourceProperties-1.2-draft-01.xsd}>GetMultipleResourceProperties already exists
OUT>      [java] {http://docs.oasis-open.org/wsrf/2004/06/wsrf-WS-ResourceProperties-1.2-draft-01.xsd}GetMultipleResourcePropertiesResponse already exists
OUT>      [java] {http://docs.oasis-open.org/wsrf/2004/06/wsrf-WS-ResourceProperties-1.2-draft-01.xsd}>GetMultipleResourcePropertiesResponse already exists
OUT>      [java] {http://docs.oasis-open.org/wsrf/2004/06/wsrf-WS-ResourceProperties-1.2-draft-01.xsd}InsertType already exists
OUT>      [java] {http://docs.oasis-open.org/wsrf/2004/06/wsrf-WS-ResourceProperties-1.2-draft-01.xsd}Insert already exists
OUT>      [java] {http://docs.oasis-open.org/wsrf/2004/06/wsrf-WS-ResourceProperties-1.2-draft-01.xsd}UpdateType already exists
OUT>      [java] {http://docs.oasis-open.org/wsrf/2004/06/wsrf-WS-ResourceProperties-1.2-draft-01.xsd}Update already exists
OUT>      [java] {http://docs.oasis-open.org/wsrf/2004/06/wsrf-WS-ResourceProperties-1.2-draft-01.xsd}DeleteType already exists
OUT>      [java] {http://docs.oasis-open.org/wsrf/2004/06/wsrf-WS-ResourceProperties-1.2-draft-01.xsd}Delete already exists
OUT>      [java] {http://docs.oasis-open.org/wsrf/2004/06/wsrf-WS-ResourceProperties-1.2-draft-01.xsd}SetResourceProperties already exists
OUT>      [java] {http://docs.oasis-open.org/wsrf/2004/06/wsrf-WS-ResourceProperties-1.2-draft-01.xsd}>SetResourceProperties already exists
OUT>      [java] {http://docs.oasis-open.org/wsrf/2004/06/wsrf-WS-ResourceProperties-1.2-draft-01.xsd}SetResourcePropertiesResponse already exists
OUT>      [java] {http://docs.oasis-open.org/wsrf/2004/06/wsrf-WS-ResourceProperties-1.2-draft-01.xsd}>SetResourcePropertiesResponse already exists
OUT>      [java] {http://docs.oasis-open.org/wsrf/2004/06/wsrf-WS-ResourceProperties-1.2-draft-01.xsd}InvalidSetResourcePropertiesRequestContentFaultType already exists
OUT>      [java] {http://docs.oasis-open.org/wsrf/2004/06/wsrf-WS-ResourceProperties-1.2-draft-01.xsd}InvalidSetResourcePropertiesRequestContentFault already exists
OUT>      [java] {http://docs.oasis-open.org/wsrf/2004/06/wsrf-WS-ResourceProperties-1.2-draft-01.xsd}UnableToModifyResourcePropertyFaultType already exists
OUT>      [java] {http://docs.oasis-open.org/wsrf/2004/06/wsrf-WS-ResourceProperties-1.2-draft-01.xsd}UnableToModifyResourcePropertyFault already exists
OUT>      [java] {http://docs.oasis-open.org/wsrf/2004/06/wsrf-WS-ResourceProperties-1.2-draft-01.xsd}SetResourcePropertyRequestFailedFaultType already exists
OUT>      [java] {http://docs.oasis-open.org/wsrf/2004/06/wsrf-WS-ResourceProperties-1.2-draft-01.xsd}SetResourcePropertyRequestFailedFault already exists
OUT>      [java] {http://docs.oasis-open.org/wsrf/2004/06/wsrf-WS-ResourceProperties-1.2-draft-01.xsd}QueryResourceProperties already exists
OUT>      [java] {http://docs.oasis-open.org/wsrf/2004/06/wsrf-WS-ResourceProperties-1.2-draft-01.xsd}>QueryResourceProperties already exists
OUT>      [java] {http://docs.oasis-open.org/wsrf/2004/06/wsrf-WS-ResourceProperties-1.2-draft-01.xsd}QueryResourcePropertiesResponse already exists
OUT>      [java] {http://docs.oasis-open.org/wsrf/2004/06/wsrf-WS-ResourceProperties-1.2-draft-01.xsd}>QueryResourcePropertiesResponse already exists
OUT>      [java] {http://docs.oasis-open.org/wsrf/2004/06/wsrf-WS-ResourceProperties-1.2-draft-01.xsd}UnknownQueryExpressionDialectFaultType already exists
OUT>      [java] {http://docs.oasis-open.org/wsrf/2004/06/wsrf-WS-ResourceProperties-1.2-draft-01.xsd}UnknownQueryExpressionDialectFault already exists
OUT>      [java] {http://docs.oasis-open.org/wsrf/2004/06/wsrf-WS-ResourceProperties-1.2-draft-01.xsd}InvalidQueryExpressionFaultType already exists
OUT>      [java] {http://docs.oasis-open.org/wsrf/2004/06/wsrf-WS-ResourceProperties-1.2-draft-01.xsd}InvalidQueryExpressionFault already exists
OUT>      [java] {http://docs.oasis-open.org/wsrf/2004/06/wsrf-WS-ResourceProperties-1.2-draft-01.xsd}QueryEvaluationErrorFaultType already exists
OUT>      [java] {http://docs.oasis-open.org/wsrf/2004/06/wsrf-WS-ResourceProperties-1.2-draft-01.xsd}QueryEvaluationErrorFault already exists
OUT>      [java] {http://docs.oasis-open.org/wsrf/2004/06/wsrf-WS-ResourceProperties-1.2-draft-01.wsdl}SetResourcePropertiesRequest already exists
OUT>      [java] {http://docs.oasis-open.org/wsrf/2004/06/wsrf-WS-ResourceProperties-1.2-draft-01.wsdl}ResourceUnknownFault already exists
OUT>      [java] {http://docs.oasis-open.org/wsrf/2004/06/wsrf-WS-ResourceProperties-1.2-draft-01.wsdl}SetResourcePropertyRequestFailedFault already exists
OUT>      [java] {http://docs.oasis-open.org/wsrf/2004/06/wsrf-WS-ResourceProperties-1.2-draft-01.wsdl}GetResourcePropertyResponse already exists
OUT>      [java] {http://docs.oasis-open.org/wsrf/2004/06/wsrf-WS-ResourceProperties-1.2-draft-01.wsdl}InvalidQueryExpressionFault already exists
OUT>      [java] {http://docs.oasis-open.org/wsrf/2004/06/wsrf-WS-ResourceProperties-1.2-draft-01.wsdl}UnknownQueryExpressionDialectFault already exists
OUT>      [java] {http://docs.oasis-open.org/wsrf/2004/06/wsrf-WS-ResourceProperties-1.2-draft-01.wsdl}GetMultipleResourcePropertiesRequest already exists
OUT>      [java] {http://docs.oasis-open.org/wsrf/2004/06/wsrf-WS-ResourceProperties-1.2-draft-01.wsdl}UnableToModifyResourcePropertyFault already exists
OUT>      [java] {http://docs.oasis-open.org/wsrf/2004/06/wsrf-WS-ResourceProperties-1.2-draft-01.wsdl}GetResourcePropertyRequest already exists
OUT>      [java] {http://docs.oasis-open.org/wsrf/2004/06/wsrf-WS-ResourceProperties-1.2-draft-01.wsdl}GetMultipleResourcePropertiesResponse already exists
OUT>      [java] {http://docs.oasis-open.org/wsrf/2004/06/wsrf-WS-ResourceProperties-1.2-draft-01.wsdl}QueryResourcePropertiesRequest already exists
OUT>      [java] {http://docs.oasis-open.org/wsrf/2004/06/wsrf-WS-ResourceProperties-1.2-draft-01.wsdl}QueryResourcePropertiesResponse already exists
OUT>      [java] {http://docs.oasis-open.org/wsrf/2004/06/wsrf-WS-ResourceProperties-1.2-draft-01.wsdl}QueryEvaluationErrorFault already exists
OUT>      [java] {http://docs.oasis-open.org/wsrf/2004/06/wsrf-WS-ResourceProperties-1.2-draft-01.wsdl}InvalidResourcePropertyQNameFault already exists
OUT>      [java] {http://docs.oasis-open.org/wsrf/2004/06/wsrf-WS-ResourceProperties-1.2-draft-01.wsdl}SetResourcePropertiesResponse already exists
OUT>      [java] {http://docs.oasis-open.org/wsrf/2004/06/wsrf-WS-ResourceProperties-1.2-draft-01.wsdl}InvalidSetResourcePropertiesRequestContentFault already exists
OUT>      [java] {http://docs.oasis-open.org/wsrf/2004/06/wsrf-WS-ResourceProperties-1.2-draft-01.wsdl}SetResourceProperties already exists
OUT>      [java] {http://docs.oasis-open.org/wsrf/2004/06/wsrf-WS-ResourceProperties-1.2-draft-01.wsdl}QueryResourceProperties already exists
OUT>      [java] {http://docs.oasis-open.org/wsrf/2004/06/wsrf-WS-ResourceProperties-1.2-draft-01.wsdl}GetResourceProperty already exists
OUT>      [java] {http://docs.oasis-open.org/wsrf/2004/06/wsrf-WS-ResourceProperties-1.2-draft-01.wsdl}GetMultipleResourceProperties already exists
OUT>      [java] {http://docs.oasis-open.org/wsrf/2004/06/wsrf-WS-ResourceProperties-1.2-draft-01.xsd}ResourceProperties already exists
OUT>      [java] {http://docs.oasis-open.org/wsrf/2004/06/wsrf-WS-ResourceProperties-1.2-draft-01.xsd}ResourcePropertyValueChangeNotificationType already exists
OUT>      [java] {http://docs.oasis-open.org/wsrf/2004/06/wsrf-WS-ResourceProperties-1.2-draft-01.xsd}>ResourcePropertyValueChangeNotificationType>OldValue already exists
OUT>      [java] {http://docs.oasis-open.org/wsrf/2004/06/wsrf-WS-ResourceProperties-1.2-draft-01.xsd}>ResourcePropertyValueChangeNotificationType>NewValue already exists
OUT>      [java] {http://docs.oasis-open.org/wsrf/2004/06/wsrf-WS-ResourceProperties-1.2-draft-01.xsd}ResourcePropertyValueChangeNotification already exists
OUT>      [java] {http://docs.oasis-open.org/wsrf/2004/06/wsrf-WS-ResourceProperties-1.2-draft-01.xsd}QueryExpressionType already exists
OUT>      [java] {http://docs.oasis-open.org/wsrf/2004/06/wsrf-WS-ResourceProperties-1.2-draft-01.xsd}QueryExpression already exists
OUT>      [java] {http://docs.oasis-open.org/wsrf/2004/06/wsrf-WS-ResourceProperties-1.2-draft-01.xsd}GetResourceProperty already exists
OUT>      [java] {http://docs.oasis-open.org/wsrf/2004/06/wsrf-WS-ResourceProperties-1.2-draft-01.xsd}GetResourcePropertyResponse already exists
OUT>      [java] {http://docs.oasis-open.org/wsrf/2004/06/wsrf-WS-ResourceProperties-1.2-draft-01.xsd}>GetResourcePropertyResponse already exists
OUT>      [java] {http://docs.oasis-open.org/wsrf/2004/06/wsrf-WS-ResourceProperties-1.2-draft-01.xsd}ResourceUnknownFaultType already exists
OUT>      [java] {http://docs.oasis-open.org/wsrf/2004/06/wsrf-WS-ResourceProperties-1.2-draft-01.xsd}ResourceUnknownFault already exists
OUT>      [java] {http://docs.oasis-open.org/wsrf/2004/06/wsrf-WS-ResourceProperties-1.2-draft-01.xsd}InvalidResourcePropertyQNameFaultType already exists
OUT>      [java] {http://docs.oasis-open.org/wsrf/2004/06/wsrf-WS-ResourceProperties-1.2-draft-01.xsd}InvalidResourcePropertyQNameFault already exists
OUT>      [java] {http://docs.oasis-open.org/wsrf/2004/06/wsrf-WS-ResourceProperties-1.2-draft-01.xsd}GetMultipleResourceProperties already exists
OUT>      [java] {http://docs.oasis-open.org/wsrf/2004/06/wsrf-WS-ResourceProperties-1.2-draft-01.xsd}>GetMultipleResourceProperties already exists
OUT>      [java] {http://docs.oasis-open.org/wsrf/2004/06/wsrf-WS-ResourceProperties-1.2-draft-01.xsd}GetMultipleResourcePropertiesResponse already exists
OUT>      [java] {http://docs.oasis-open.org/wsrf/2004/06/wsrf-WS-ResourceProperties-1.2-draft-01.xsd}>GetMultipleResourcePropertiesResponse already exists
OUT>      [java] {http://docs.oasis-open.org/wsrf/2004/06/wsrf-WS-ResourceProperties-1.2-draft-01.xsd}InsertType already exists
OUT>      [java] {http://docs.oasis-open.org/wsrf/2004/06/wsrf-WS-ResourceProperties-1.2-draft-01.xsd}Insert already exists
OUT>      [java] {http://docs.oasis-open.org/wsrf/2004/06/wsrf-WS-ResourceProperties-1.2-draft-01.xsd}UpdateType already exists
OUT>      [java] {http://docs.oasis-open.org/wsrf/2004/06/wsrf-WS-ResourceProperties-1.2-draft-01.xsd}Update already exists
OUT>      [java] {http://docs.oasis-open.org/wsrf/2004/06/wsrf-WS-ResourceProperties-1.2-draft-01.xsd}DeleteType already exists
OUT>      [java] {http://docs.oasis-open.org/wsrf/2004/06/wsrf-WS-ResourceProperties-1.2-draft-01.xsd}Delete already exists
OUT>      [java] {http://docs.oasis-open.org/wsrf/2004/06/wsrf-WS-ResourceProperties-1.2-draft-01.xsd}SetResourceProperties already exists
OUT>      [java] {http://docs.oasis-open.org/wsrf/2004/06/wsrf-WS-ResourceProperties-1.2-draft-01.xsd}>SetResourceProperties already exists
OUT>      [java] {http://docs.oasis-open.org/wsrf/2004/06/wsrf-WS-ResourceProperties-1.2-draft-01.xsd}SetResourcePropertiesResponse already exists
OUT>      [java] {http://docs.oasis-open.org/wsrf/2004/06/wsrf-WS-ResourceProperties-1.2-draft-01.xsd}>SetResourcePropertiesResponse already exists
OUT>      [java] {http://docs.oasis-open.org/wsrf/2004/06/wsrf-WS-ResourceProperties-1.2-draft-01.xsd}InvalidSetResourcePropertiesRequestContentFaultType already exists
OUT>      [java] {http://docs.oasis-open.org/wsrf/2004/06/wsrf-WS-ResourceProperties-1.2-draft-01.xsd}InvalidSetResourcePropertiesRequestContentFault already exists
OUT>      [java] {http://docs.oasis-open.org/wsrf/2004/06/wsrf-WS-ResourceProperties-1.2-draft-01.xsd}UnableToModifyResourcePropertyFaultType already exists
OUT>      [java] {http://docs.oasis-open.org/wsrf/2004/06/wsrf-WS-ResourceProperties-1.2-draft-01.xsd}UnableToModifyResourcePropertyFault already exists
OUT>      [java] {http://docs.oasis-open.org/wsrf/2004/06/wsrf-WS-ResourceProperties-1.2-draft-01.xsd}SetResourcePropertyRequestFailedFaultType already exists
OUT>      [java] {http://docs.oasis-open.org/wsrf/2004/06/wsrf-WS-ResourceProperties-1.2-draft-01.xsd}SetResourcePropertyRequestFailedFault already exists
OUT>      [java] {http://docs.oasis-open.org/wsrf/2004/06/wsrf-WS-ResourceProperties-1.2-draft-01.xsd}QueryResourceProperties already exists
OUT>      [java] {http://docs.oasis-open.org/wsrf/2004/06/wsrf-WS-ResourceProperties-1.2-draft-01.xsd}>QueryResourceProperties already exists
OUT>      [java] {http://docs.oasis-open.org/wsrf/2004/06/wsrf-WS-ResourceProperties-1.2-draft-01.xsd}QueryResourcePropertiesResponse already exists
OUT>      [java] {http://docs.oasis-open.org/wsrf/2004/06/wsrf-WS-ResourceProperties-1.2-draft-01.xsd}>QueryResourcePropertiesResponse already exists
OUT>      [java] {http://docs.oasis-open.org/wsrf/2004/06/wsrf-WS-ResourceProperties-1.2-draft-01.xsd}UnknownQueryExpressionDialectFaultType already exists
OUT>      [java] {http://docs.oasis-open.org/wsrf/2004/06/wsrf-WS-ResourceProperties-1.2-draft-01.xsd}UnknownQueryExpressionDialectFault already exists
OUT>      [java] {http://docs.oasis-open.org/wsrf/2004/06/wsrf-WS-ResourceProperties-1.2-draft-01.xsd}InvalidQueryExpressionFaultType already exists
OUT>      [java] {http://docs.oasis-open.org/wsrf/2004/06/wsrf-WS-ResourceProperties-1.2-draft-01.xsd}InvalidQueryExpressionFault already exists
OUT>      [java] {http://docs.oasis-open.org/wsrf/2004/06/wsrf-WS-ResourceProperties-1.2-draft-01.xsd}QueryEvaluationErrorFaultType already exists
OUT>      [java] {http://docs.oasis-open.org/wsrf/2004/06/wsrf-WS-ResourceProperties-1.2-draft-01.xsd}QueryEvaluationErrorFault already exists
OUT>      [java] {http://docs.oasis-open.org/wsrf/2004/06/wsrf-WS-ResourceProperties-1.2-draft-01.wsdl}SetResourcePropertiesRequest already exists
OUT>      [java] {http://docs.oasis-open.org/wsrf/2004/06/wsrf-WS-ResourceProperties-1.2-draft-01.wsdl}ResourceUnknownFault already exists
OUT>      [java] {http://docs.oasis-open.org/wsrf/2004/06/wsrf-WS-ResourceProperties-1.2-draft-01.wsdl}SetResourcePropertyRequestFailedFault already exists
OUT>      [java] {http://docs.oasis-open.org/wsrf/2004/06/wsrf-WS-ResourceProperties-1.2-draft-01.wsdl}GetResourcePropertyResponse already exists
OUT>      [java] {http://docs.oasis-open.org/wsrf/2004/06/wsrf-WS-ResourceProperties-1.2-draft-01.wsdl}InvalidQueryExpressionFault already exists
OUT>      [java] {http://docs.oasis-open.org/wsrf/2004/06/wsrf-WS-ResourceProperties-1.2-draft-01.wsdl}UnknownQueryExpressionDialectFault already exists
OUT>      [java] {http://docs.oasis-open.org/wsrf/2004/06/wsrf-WS-ResourceProperties-1.2-draft-01.wsdl}GetMultipleResourcePropertiesRequest already exists
OUT>      [java] {http://docs.oasis-open.org/wsrf/2004/06/wsrf-WS-ResourceProperties-1.2-draft-01.wsdl}UnableToModifyResourcePropertyFault already exists
OUT>      [java] {http://docs.oasis-open.org/wsrf/2004/06/wsrf-WS-ResourceProperties-1.2-draft-01.wsdl}GetResourcePropertyRequest already exists
OUT>      [java] {http://docs.oasis-open.org/wsrf/2004/06/wsrf-WS-ResourceProperties-1.2-draft-01.wsdl}GetMultipleResourcePropertiesResponse already exists
OUT>      [java] {http://docs.oasis-open.org/wsrf/2004/06/wsrf-WS-ResourceProperties-1.2-draft-01.wsdl}QueryResourcePropertiesRequest already exists
OUT>      [java] {http://docs.oasis-open.org/wsrf/2004/06/wsrf-WS-ResourceProperties-1.2-draft-01.wsdl}QueryResourcePropertiesResponse already exists
OUT>      [java] {http://docs.oasis-open.org/wsrf/2004/06/wsrf-WS-ResourceProperties-1.2-draft-01.wsdl}QueryEvaluationErrorFault already exists
OUT>      [java] {http://docs.oasis-open.org/wsrf/2004/06/wsrf-WS-ResourceProperties-1.2-draft-01.wsdl}InvalidResourcePropertyQNameFault already exists
OUT>      [java] {http://docs.oasis-open.org/wsrf/2004/06/wsrf-WS-ResourceProperties-1.2-draft-01.wsdl}SetResourcePropertiesResponse already exists
OUT>      [java] {http://docs.oasis-open.org/wsrf/2004/06/wsrf-WS-ResourceProperties-1.2-draft-01.wsdl}InvalidSetResourcePropertiesRequestContentFault already exists
OUT>      [java] {http://docs.oasis-open.org/wsrf/2004/06/wsrf-WS-ResourceProperties-1.2-draft-01.wsdl}SetResourceProperties already exists
OUT>      [java] {http://docs.oasis-open.org/wsrf/2004/06/wsrf-WS-ResourceProperties-1.2-draft-01.wsdl}QueryResourceProperties already exists
OUT>      [java] {http://docs.oasis-open.org/wsrf/2004/06/wsrf-WS-ResourceProperties-1.2-draft-01.wsdl}GetResourceProperty already exists
OUT>      [java] {http://docs.oasis-open.org/wsrf/2004/06/wsrf-WS-ResourceProperties-1.2-draft-01.wsdl}GetMultipleResourceProperties already exists
OUT>      [java] [Thread-2] INFO  toJava.JavaGeneratorFactory  - excluding code generation for non-included QName:{gme://caCORE.caCORE/3.2/gov.nih.nci.cacoresdk.domain.onetomany.unidirectional}LatchKey[0,unbounded]
OUT>      [java] [Thread-2] INFO  toJava.JavaGeneratorFactory  - excluding code generation for non-included QName:{gme://caCORE.caCORE/3.2/gov.nih.nci.cacoresdk.domain.other.differentpackage}Dessert[0,unbounded]
OUT>      [java] [Thread-2] INFO  toJava.JavaGeneratorFactory  - excluding code generation for non-included QName:{gme://caCORE.caCORE/3.2/gov.nih.nci.cacoresdk.domain.inheritance.parentwithassociation}Assistant[0,unbounded]
OUT>      [java] [Thread-2] INFO  toJava.JavaGeneratorFactory  - excluding code generation for non-included QName:{uri:iso.org:21090}tbody[,unbounded]
OUT>      [java] [Thread-2] INFO  toJava.JavaGeneratorFactory  - excluding code generation for non-included QName:{uri:iso.org:21090}colgroup[0,unbounded]
OUT>      [java] [Thread-2] INFO  toJava.JavaGeneratorFactory  - excluding code generation for non-included QName:{gme://caGrid.caBIG/1.0/gov.nih.nci.cagrid.metadata.common}UMLAttribute[0,unbounded]
OUT>      [java] [Thread-2] INFO  toJava.JavaGeneratorFactory  - excluding code generation for non-included QName:{uri:iso.org:21090}col[0,unbounded]
OUT>      [java] [Thread-2] INFO  toJava.JavaGeneratorFactory  - excluding code generation for non-included QName:{gme://caCORE.caCORE/3.2/gov.nih.nci.cacoresdk.domain.inheritance.abstrakt}Pupil[0,unbounded]
OUT>      [java] [Thread-2] INFO  toJava.JavaGeneratorFactory  - excluding code generation for non-included QName:{http://docs.oasis-open.org/wsn/2004/06/wsn-WS-BaseNotification-1.2-draft-01.xsd}Topic[,unbounded]
OUT>      [java] [Thread-2] INFO  toJava.JavaGeneratorFactory  - excluding code generation for non-included QName:{gme://caCORE.caCORE/3.2/gov.nih.nci.cacoresdk.domain.manytomany.bidirectional}Employee[0,unbounded]
OUT>      [java] [Thread-2] INFO  toJava.JavaGeneratorFactory  - excluding code generation for non-included QName:{gme://caCORE.caCORE/3.2/gov.nih.nci.cacoresdk.domain.manytomany.bidirectional}Project[0,unbounded]
OUT>      [java] [Thread-2] INFO  toJava.JavaGeneratorFactory  - excluding code generation for non-included QName:{gme://caCORE.caCORE/3.2/gov.nih.nci.cacoresdk.domain.inheritance.implicit}Tank[0,unbounded]
OUT>      [java] [Thread-2] INFO  toJava.JavaGeneratorFactory  - excluding code generation for non-included QName:{gme://caCORE.caCORE/3.2/gov.nih.nci.cacoresdk.domain.onetomany.unidirectional.withjoin}Button[0,unbounded]
OUT>      [java] [Thread-2] INFO  toJava.JavaGeneratorFactory  - excluding code generation for non-included QName:{gme://caGrid.caBIG/1.0/gov.nih.nci.cagrid.metadata.common}SemanticMetadata[0,unbounded]
OUT>      [java] [Thread-2] INFO  toJava.JavaGeneratorFactory  - excluding code generation for non-included QName:{gme://caCORE.caCORE/3.2/gov.nih.nci.cacoresdk.domain.other.differentpackage.associations}Utensil[0,unbounded]
OUT>      [java] [Thread-2] INFO  toJava.JavaGeneratorFactory  - excluding code generation for non-included QName:{gme://caCORE.caCORE/3.2/gov.nih.nci.cacoresdk.domain.onetomany.selfassociation}Element[0,unbounded]
OUT>      [java] [Thread-2] INFO  toJava.JavaGeneratorFactory  - excluding code generation for non-included QName:{gme://caCORE.caCORE/3.2/gov.nih.nci.cacoresdk.domain.other.levelassociation}Card[0,unbounded]
OUT>      [java] [Thread-2] INFO  toJava.JavaGeneratorFactory  - excluding code generation for non-included QName:{gme://caGrid.caBIG/1.0/gov.nih.nci.cagrid.metadata.service}ServiceContext[,unbounded]
OUT>      [java] [Thread-2] INFO  toJava.JavaGeneratorFactory  - excluding code generation for non-included QName:{gme://caGrid.caBIG/1.0/gov.nih.nci.cagrid.metadata.service}ContextProperty[0,unbounded]
OUT>      [java] [Thread-2] INFO  toJava.JavaGeneratorFactory  - excluding code generation for non-included QName:{gme://caCORE.caCORE/3.2/gov.nih.nci.cacoresdk.domain.inheritance.parentwithassociation.sametable}Luggage[0,unbounded]
OUT>      [java] [Thread-2] INFO  toJava.JavaGeneratorFactory  - excluding code generation for non-included QName:{gme://caGrid.caBIG/1.0/gov.nih.nci.cagrid.metadata.service}Operation[0,unbounded]
OUT>      [java] [Thread-2] INFO  toJava.JavaGeneratorFactory  - excluding code generation for non-included QName:{gme://caGrid.caBIG/1.0/gov.nih.nci.cagrid.metadata.common}PointOfContact[0,unbounded]
OUT>      [java] [Thread-2] INFO  toJava.JavaGeneratorFactory  - excluding code generation for non-included QName:{gme://caCORE.caCORE/3.2/gov.nih.nci.cacoresdk.domain.inheritance.implicit}Substrate[0,unbounded]
OUT>      [java] [Thread-2] INFO  toJava.JavaGeneratorFactory  - excluding code generation for non-included QName:{gme://caGrid.caBIG/1.0/gov.nih.nci.cagrid.metadata.service}InputParameter[0,unbounded]
OUT>      [java] [Thread-2] INFO  toJava.JavaGeneratorFactory  - excluding code generation for non-included QName:{gme://caCORE.caCORE/3.2/gov.nih.nci.cacoresdk.domain.onetomany.bidirectional}HardDrive[0,unbounded]
OUT>      [java] [Thread-2] INFO  toJava.JavaGeneratorFactory  - excluding code generation for non-included QName:{gme://caGrid.caBIG/1.0/gov.nih.nci.cagrid.metadata.service}Fault[0,unbounded]
OUT>      [java] [Thread-2] INFO  toJava.JavaGeneratorFactory  - excluding code generation for non-included QName:{gme://caCORE.caCORE/3.2/gov.nih.nci.cacoresdk.domain.other.levelassociation}Suit[0,unbounded]
OUT>      [java] [Thread-2] INFO  toJava.JavaGeneratorFactory  - excluding code generation for non-included QName:{uri:iso.org:21090}item[,unbounded]
OUT>      [java] [Thread-2] INFO  toJava.JavaGeneratorFactory  - excluding code generation for non-included QName:{gme://caCORE.caCORE/3.2/gov.nih.nci.cacoresdk.domain.manytomany.unidirectional}Author[0,unbounded]
OUT>      [java] [Thread-2] INFO  toJava.JavaGeneratorFactory  - excluding code generation for non-included QName:{gme://caGrid.caBIG/1.0/gov.nih.nci.cagrid.metadata.common}Enumeration[0,unbounded]
OUT>      [java] [Thread-2] INFO  toJava.JavaGeneratorFactory  - excluding code generation for non-included QName:{gme://caGrid.caBIG/1.0/gov.nih.nci.cagrid.metadata.security}Operation[0,unbounded]
OUT>      [java] [Thread-2] INFO  toJava.JavaGeneratorFactory  - excluding code generation for non-included QName:{gme://caCORE.caCORE/3.2/gov.nih.nci.cacoresdk.domain.onetomany.bidirectional.withjoin}Passanger[0,unbounded]
OUT>      [java] [Thread-2] INFO  toJava.JavaGeneratorFactory  - excluding code generation for non-included QName:{http://docs.oasis-open.org/wsn/2004/06/wsn-WS-BaseNotification-1.2-draft-01.xsd}TopicExpressionDialects[,unbounded]
OUT>      [java] [Thread-2] INFO  toJava.JavaGeneratorFactory  - excluding code generation for non-included QName:{gme://caCORE.caCORE/3.2/gov.nih.nci.cacoresdk.domain.inheritance.twolevelinheritance.sametablerootlevel}ScientificCalculator
OUT>      [java] [Thread-2] INFO  toJava.JavaGeneratorFactory  - excluding code generation for non-included QName:{http://docs.oasis-open.org/wsn/2004/06/wsn-WS-BaseNotification-1.2-draft-01.xsd}NotificationMessageHolderType
OUT>      [java] [Thread-2] INFO  toJava.JavaGeneratorFactory  - excluding code generation for non-included QName:{http://docs.oasis-open.org/wsrf/2004/06/wsrf-WS-ResourceLifetime-1.2-draft-01.xsd}>SetTerminationTimeResponse
OUT>      [java] [Thread-2] INFO  toJava.JavaGeneratorFactory  - excluding code generation for non-included QName:{gme://caCORE.caCORE/3.2/gov.nih.nci.cacoresdk.domain.inheritance.implicit}DiscusFish
OUT>      [java] [Thread-2] INFO  toJava.JavaGeneratorFactory  - excluding code generation for non-included QName:{uri:iso.org:21090}LIST_CD.CE.None
OUT>      [java] [Thread-2] INFO  toJava.JavaGeneratorFactory  - excluding code generation for non-included QName:{http://schemas.xmlsoap.org/ws/2004/03/addressing}AttributedURI
OUT>      [java] [Thread-2] INFO  toJava.JavaGeneratorFactory  - excluding code generation for non-included QName:{uri:iso.org:21090}UVP_CS
OUT>      [java] [Thread-2] INFO  toJava.JavaGeneratorFactory  - excluding code generation for non-included QName:{uri:iso.org:21090}DSET_EN.TN
OUT>      [java] [Thread-2] INFO  toJava.JavaGeneratorFactory  - excluding code generation for non-included QName:{uri:iso.org:21090}CO[0,0]
OUT>      [java] [Thread-2] INFO  toJava.JavaGeneratorFactory  - excluding code generation for non-included QName:{uri:iso.org:21090}BAG_PQ
OUT>      [java] [Thread-2] INFO  toJava.JavaGeneratorFactory  - excluding code generation for non-included QName:{http://CQL.caBIG/2/org.cagrid.cql2}BinaryPredicate
OUT>      [java] [Thread-2] INFO  toJava.JavaGeneratorFactory  - excluding code generation for non-included QName:{uri:iso.org:21090}UVP_EN.TN
OUT>      [java] [Thread-2] INFO  toJava.JavaGeneratorFactory  - excluding code generation for non-included QName:{http://docs.oasis-open.org/wsn/2004/06/wsn-WS-BaseNotification-1.2-draft-01.xsd}>NotificationProducerRP
OUT>      [java] [Thread-2] INFO  toJava.JavaGeneratorFactory  - excluding code generation for non-included QName:{uri:iso.org:21090}GLIST_MO
OUT>      [java] [Thread-2] INFO  toJava.JavaGeneratorFactory  - excluding code generation for non-included QName:{uri:iso.org:21090}IVL.Low_TS.DateTime.Full
OUT>      [java] [Thread-2] INFO  toJava.JavaGeneratorFactory  - excluding code generation for non-included QName:{uri:iso.org:21090}HIST_ED.Signature
OUT>      [java] [Thread-2] INFO  toJava.JavaGeneratorFactory  - excluding code generation for non-included QName:{gme://caCORE.caCORE/3.2/gov.nih.nci.cacoresdk.domain.manytoone.unidirectional.withjoin}Album
OUT>      [java] [Thread-2] INFO  toJava.JavaGeneratorFactory  - excluding code generation for non-included QName:{uri:iso.org:21090}QSS_TS.Date.Full
OUT>      [java] [Thread-2] INFO  toJava.JavaGeneratorFactory  - excluding code generation for non-included QName:{gme://caCORE.caCORE/3.2/gov.nih.nci.cacoresdk.domain.other.datatype}CdDataType
OUT>      [java] [Thread-2] INFO  toJava.JavaGeneratorFactory  - excluding code generation for non-included QName:{uri:iso.org:21090}UVP_CO
OUT>      [java] [Thread-2] INFO  toJava.JavaGeneratorFactory  - excluding code generation for non-included QName:{http://CQL.caBIG/2/org.cagrid.cql2}UnaryPredicate
OUT>      [java] [Thread-2] INFO  toJava.JavaGeneratorFactory  - excluding code generation for non-included QName:{gme://caCORE.caCORE/3.2/gov.nih.nci.cacoresdk.domain.manytomany.unidirectional}Book
OUT>      [java] [Thread-2] INFO  toJava.JavaGeneratorFactory  - excluding code generation for non-included QName:{uri:iso.org:21090}PIVL_TS.Date.Full
OUT>      [java] [Thread-2] INFO  toJava.JavaGeneratorFactory  - excluding code generation for non-included QName:{uri:iso.org:21090}DSET_SC
OUT>      [java] [Thread-2] INFO  toJava.JavaGeneratorFactory  - excluding code generation for non-included QName:{uri:iso.org:21090}UVP_CD
OUT>      [java] [Thread-2] INFO  toJava.JavaGeneratorFactory  - excluding code generation for non-included QName:{uri:iso.org:21090}DSET_RTO
OUT>      [java] [Thread-2] INFO  toJava.JavaGeneratorFactory  - excluding code generation for non-included QName:{gme://caCORE.caCORE/3.2/gov.nih.nci.cacoresdk.domain.inheritance.twolevelinheritance}Monitor
OUT>      [java] [Thread-2] INFO  toJava.JavaGeneratorFactory  - excluding code generation for non-included QName:{uri:iso.org:21090}>>td>scope
OUT>      [java] [Thread-2] INFO  toJava.JavaGeneratorFactory  - excluding code generation for non-included QName:{gme://caGrid.caBIG/1.0/gov.nih.nci.cagrid.metadata.security}GSITransport
OUT>      [java] [Thread-2] INFO  toJava.JavaGeneratorFactory  - excluding code generation for non-included QName:{uri:iso.org:21090}HIST_II
OUT>      [java] [Thread-2] INFO  toJava.JavaGeneratorFactory  - excluding code generation for non-included QName:{uri:iso.org:21090}BAG_INT.Positive
OUT>      [java] [Thread-2] INFO  toJava.JavaGeneratorFactory  - excluding code generation for non-included QName:{uri:iso.org:21090}QSI_REAL
OUT>      [java] [Thread-2] INFO  toJava.JavaGeneratorFactory  - excluding code generation for non-included QName:{uri:iso.org:21090}DSET_ST
OUT>      [java] [Thread-2] INFO  toJava.JavaGeneratorFactory  - excluding code generation for non-included QName:{uri:iso.org:21090}UVP_BL
OUT>      [java] [Thread-2] INFO  toJava.JavaGeneratorFactory  - excluding code generation for non-included QName:{uri:iso.org:21090}QSU_TS.DateTime
OUT>      [java] [Thread-2] INFO  toJava.JavaGeneratorFactory  - excluding code generation for non-included QName:{gme://caCORE.caCORE/3.2/gov.nih.nci.cacoresdk.domain.inheritance.twolevelinheritance.sametable}PresidentialGovt
OUT>      [java] [Thread-2] INFO  toJava.JavaGeneratorFactory  - excluding code generation for non-included QName:{uri:iso.org:21090}UVP_TS.Date
OUT>      [java] [Thread-2] INFO  toJava.JavaGeneratorFactory  - excluding code generation for non-included QName:{gme://caCORE.caCORE/3.2/gov.nih.nci.cacoresdk.domain.other.datatype}>AllDataType>stringCollection
OUT>      [java] [Thread-2] INFO  toJava.JavaGeneratorFactory  - excluding code generation for non-included QName:{gme://caCORE.caCORE/3.2/gov.nih.nci.cacoresdk.domain.other.datatype}IvlPqDataType
OUT>      [java] [Thread-2] INFO  toJava.JavaGeneratorFactory  - excluding code generation for non-included QName:{uri:iso.org:21090}QSET_MO[0,unbounded]
OUT>      [java] [Thread-2] INFO  toJava.JavaGeneratorFactory  - excluding code generation for non-included QName:{uri:iso.org:21090}IVL.Width_INT
OUT>      [java] [Thread-2] INFO  toJava.JavaGeneratorFactory  - excluding code generation for non-included QName:{gme://caCORE.caCORE/3.2/gov.nih.nci.cacoresdk.domain.onetomany.unidirectional}LatchKey
OUT>      [java] [Thread-2] INFO  toJava.JavaGeneratorFactory  - excluding code generation for non-included QName:{uri:iso.org:21090}PIVL_TS
OUT>      [java] [Thread-2] INFO  toJava.JavaGeneratorFactory  - excluding code generation for non-included QName:{gme://caCORE.caCORE/3.2/gov.nih.nci.cacoresdk.domain.inheritance.multiplechild}UndergraduateStudent
OUT>      [java] [Thread-2] INFO  toJava.JavaGeneratorFactory  - excluding code generation for non-included QName:{uri:iso.org:21090}NPPD_SC.NT
OUT>      [java] [Thread-2] INFO  toJava.JavaGeneratorFactory  - excluding code generation for non-included QName:{uri:iso.org:21090}QSU_CO
OUT>      [java] [Thread-2] INFO  toJava.JavaGeneratorFactory  - excluding code generation for non-included QName:{uri:iso.org:21090}HIST_EN.ON
OUT>      [java] [Thread-2] INFO  toJava.JavaGeneratorFactory  - excluding code generation for non-included QName:{uri:iso.org:21090}COLL_INT.Positive
OUT>      [java] [Thread-2] INFO  toJava.JavaGeneratorFactory  - excluding code generation for non-included QName:{uri:iso.org:21090}UpdateMode
OUT>      [java] [Thread-2] INFO  toJava.JavaGeneratorFactory  - excluding code generation for non-included QName:{uri:iso.org:21090}DSET_TS
OUT>      [java] [Thread-2] INFO  toJava.JavaGeneratorFactory  - excluding code generation for non-included QName:{uri:iso.org:21090}BAG_TS.Date
OUT>      [java] [Thread-2] INFO  toJava.JavaGeneratorFactory  - excluding code generation for non-included QName:{uri:iso.org:21090}CO[0,unbounded]
OUT>      [java] [Thread-2] INFO  toJava.JavaGeneratorFactory  - excluding code generation for non-included QName:{uri:iso.org:21090}UVP_ED.Signature[0,unbounded]
OUT>      [java] [Thread-2] INFO  toJava.JavaGeneratorFactory  - excluding code generation for non-included QName:{uri:iso.org:21090}CDGroup[0,unbounded]
OUT>      [java] [Thread-2] INFO  toJava.JavaGeneratorFactory  - excluding code generation for non-included QName:{uri:iso.org:21090}QSD_TS.DateTime.Full
OUT>      [java] [Thread-2] INFO  toJava.JavaGeneratorFactory  - excluding code generation for non-included QName:{uri:iso.org:21090}UVP_AD
OUT>      [java] [Thread-2] INFO  toJava.JavaGeneratorFactory  - excluding code generation for non-included QName:{http://docs.oasis-open.org/wsn/2004/06/wsn-WS-BaseNotification-1.2-draft-01.xsd}NotificationMessageHolderType[,unbounded]
OUT>      [java] [Thread-2] INFO  toJava.JavaGeneratorFactory  - excluding code generation for non-included QName:{uri:iso.org:21090}DSET_MO
OUT>      [java] [Thread-2] INFO  toJava.JavaGeneratorFactory  - excluding code generation for non-included QName:{uri:iso.org:21090}DSET_EN.ON
OUT>      [java] [Thread-2] INFO  toJava.JavaGeneratorFactory  - excluding code generation for non-included QName:{uri:iso.org:21090}UVP_INT.Positive[0,unbounded]
OUT>      [java] [Thread-2] INFO  toJava.JavaGeneratorFactory  - excluding code generation for non-included QName:{uri:iso.org:21090}DSET_SC.NT
OUT>      [java] [Thread-2] INFO  toJava.JavaGeneratorFactory  - excluding code generation for non-included QName:{uri:iso.org:21090}IVL.Width_INT.NonNeg
OUT>      [java] [Thread-2] INFO  toJava.JavaGeneratorFactory  - excluding code generation for non-included QName:{uri:iso.org:21090}UVP_RTO[0,unbounded]
OUT>      [java] [Thread-2] INFO  toJava.JavaGeneratorFactory  - excluding code generation for non-included QName:{uri:iso.org:21090}>paragraph
OUT>      [java] [Thread-2] INFO  toJava.JavaGeneratorFactory  - excluding code generation for non-included QName:{uri:iso.org:21090}UVP_TEL[0,unbounded]
OUT>      [java] [Thread-2] INFO  toJava.JavaGeneratorFactory  - excluding code generation for non-included QName:{gme://caCORE.caCORE/3.2/gov.nih.nci.cacoresdk.domain.onetomany.unidirectional.withjoin}>Shirt>buttonCollection
OUT>      [java] [Thread-2] INFO  toJava.JavaGeneratorFactory  - excluding code generation for non-included QName:{http://docs.oasis-open.org/wsrf/2004/06/wsrf-WS-ResourceProperties-1.2-draft-01.xsd}SetResourcePropertyRequestFailedFaultType
OUT>      [java] [Thread-2] INFO  toJava.JavaGeneratorFactory  - excluding code generation for non-included QName:{uri:iso.org:21090}BAG_ED.Doc.Inline
OUT>      [java] [Thread-2] INFO  toJava.JavaGeneratorFactory  - excluding code generation for non-included QName:{uri:iso.org:21090}COLL_TS.Birth
OUT>      [java] [Thread-2] INFO  toJava.JavaGeneratorFactory  - excluding code generation for non-included QName:{gme://caCORE.caCORE/3.2/gov.nih.nci.cacoresdk.domain.onetoone.bidirectional}Product
OUT>      [java] [Thread-2] INFO  toJava.JavaGeneratorFactory  - excluding code generation for non-included QName:{uri:iso.org:21090}IVL.High_TS.Date.Full
OUT>      [java] [Thread-2] INFO  toJava.JavaGeneratorFactory  - excluding code generation for non-included QName:{uri:iso.org:21090}INT.NonNeg[0,0]
OUT>      [java] [Thread-2] INFO  toJava.JavaGeneratorFactory  - excluding code generation for non-included QName:{uri:iso.org:21090}DSET_EN.PN
OUT>      [java] [Thread-2] INFO  toJava.JavaGeneratorFactory  - excluding code generation for non-included QName:{uri:iso.org:21090}UVP_ST.NT[0,unbounded]
OUT>      [java] [Thread-2] INFO  toJava.JavaGeneratorFactory  - excluding code generation for non-included QName:{uri:iso.org:21090}SLIST_INT.Positive
OUT>      [java] [Thread-2] INFO  toJava.JavaGeneratorFactory  - excluding code generation for non-included QName:{gme://caCORE.caCORE/3.2/gov.nih.nci.cacoresdk.domain.inheritance.childwithassociation}Cash
OUT>      [java] [Thread-2] INFO  toJava.JavaGeneratorFactory  - excluding code generation for non-included QName:{uri:iso.org:21090}UVP_SC.NT
OUT>      [java] [Thread-2] INFO  toJava.JavaGeneratorFactory  - excluding code generation for non-included QName:{uri:iso.org:21090}NPPD_TS.DateTime.Full
OUT>      [java] [Thread-2] INFO  toJava.JavaGeneratorFactory  - excluding code generation for non-included QName:{uri:iso.org:21090}ADXP[0,unbounded]
OUT>      [java] [Thread-2] INFO  toJava.JavaGeneratorFactory  - excluding code generation for non-included QName:{gme://caCORE.caCORE/3.2/gov.nih.nci.cacoresdk.domain.inheritance.parentwithassociation.sametable}HardTopType
OUT>      [java] [Thread-2] INFO  toJava.JavaGeneratorFactory  - excluding code generation for non-included QName:{uri:iso.org:21090}DSET_TEL.Email
OUT>      [java] [Thread-2] INFO  toJava.JavaGeneratorFactory  - excluding code generation for non-included QName:{uri:iso.org:21090}BAG_PQ.Time
OUT>      [java] [Thread-2] INFO  toJava.JavaGeneratorFactory  - excluding code generation for non-included QName:{uri:iso.org:21090}GLIST_REAL
OUT>      [java] [Thread-2] INFO  toJava.JavaGeneratorFactory  - excluding code generation for non-included QName:{uri:iso.org:21090}SLIST_CO
OUT>      [java] [Thread-2] INFO  toJava.JavaGeneratorFactory  - excluding code generation for non-included QName:{uri:iso.org:21090}UVP_AD[0,unbounded]
OUT>      [java] [Thread-2] INFO  toJava.JavaGeneratorFactory  - excluding code generation for non-included QName:{uri:iso.org:21090}BAG_INT.NonNeg
OUT>      [java] [Thread-2] INFO  toJava.JavaGeneratorFactory  - excluding code generation for non-included QName:{uri:iso.org:21090}HIST_MO
OUT>      [java] [Thread-2] INFO  toJava.JavaGeneratorFactory  - excluding code generation for non-included QName:{uri:iso.org:21090}>>thead>align
OUT>      [java] [Thread-2] INFO  toJava.JavaGeneratorFactory  - excluding code generation for non-included QName:{http://CQL.caBIG/2/org.cagrid.cql2}NamedAssociation[0,unbounded]
OUT>      [java] [Thread-2] INFO  toJava.JavaGeneratorFactory  - excluding code generation for non-included QName:{uri:iso.org:21090}DSET_ED.Signature
OUT>      [java] [Thread-2] INFO  toJava.JavaGeneratorFactory  - excluding code generation for non-included QName:{uri:iso.org:21090}ENXP
OUT>      [java] [Thread-2] INFO  toJava.JavaGeneratorFactory  - excluding code generation for non-included QName:{gme://caCORE.caCORE/3.2/gov.nih.nci.cacoresdk.domain.inheritance.twolevelinheritance}Display
OUT>      [java] [Thread-2] INFO  toJava.JavaGeneratorFactory  - excluding code generation for non-included QName:{uri:iso.org:21090}>>tfoot>valign
OUT>      [java] [Thread-2] INFO  toJava.JavaGeneratorFactory  - excluding code generation for non-included QName:{uri:iso.org:21090}QSET_CO[0,unbounded]
OUT>      [java] [Thread-2] INFO  toJava.JavaGeneratorFactory  - excluding code generation for non-included QName:{uri:iso.org:21090}>>col>valign
OUT>      [java] [Thread-2] INFO  toJava.JavaGeneratorFactory  - excluding code generation for non-included QName:{uri:iso.org:21090}BAG_CD.CE
OUT>      [java] [Thread-2] INFO  toJava.JavaGeneratorFactory  - excluding code generation for non-included QName:{uri:iso.org:21090}NPPD_AD
OUT>      [java] [Thread-2] INFO  toJava.JavaGeneratorFactory  - excluding code generation for non-included QName:{gme://caCORE.caCORE/3.2/gov.nih.nci.cacoresdk.domain.inheritance.twolevelinheritance.sametablerootlevel}GraphicCalculator
OUT>      [java] [Thread-2] INFO  toJava.JavaGeneratorFactory  - excluding code generation for non-included QName:{uri:iso.org:21090}>>thead>valign
OUT>      [java] [Thread-2] INFO  toJava.JavaGeneratorFactory  - excluding code generation for non-included QName:{gme://caCORE.caCORE/3.2/gov.nih.nci.cacoresdk.domain.inheritance.twolevelinheritance.sametablerootlevel}Calculator
OUT>      [java] [Thread-2] INFO  toJava.JavaGeneratorFactory  - excluding code generation for non-included QName:{uri:iso.org:21090}GLIST_TS.DateTime
OUT>      [java] [Thread-2] INFO  toJava.JavaGeneratorFactory  - excluding code generation for non-included QName:{gme://caCORE.caCORE/3.2/gov.nih.nci.cacoresdk.domain.other.datatype}EnPnDataType
OUT>      [java] [Thread-2] INFO  toJava.JavaGeneratorFactory  - excluding code generation for non-included QName:{uri:iso.org:21090}BAG_BL.NonNull
OUT>      [java] [Thread-2] INFO  toJava.JavaGeneratorFactory  - excluding code generation for non-included QName:{uri:iso.org:21090}IVL.High_REAL
OUT>      [java] [Thread-2] INFO  toJava.JavaGeneratorFactory  - excluding code generation for non-included QName:{uri:iso.org:21090}DSET_PQ
OUT>      [java] [Thread-2] INFO  toJava.JavaGeneratorFactory  - excluding code generation for non-included QName:{uri:iso.org:21090}UVP_TEL.Phone[0,unbounded]
OUT>      [java] [Thread-2] INFO  toJava.JavaGeneratorFactory  - excluding code generation for non-included QName:{gme://caGrid.caBIG/1.0/gov.nih.nci.cagrid.metadata.security}>ServiceSecurityMetadata>operations
OUT>      [java] [Thread-2] INFO  toJava.JavaGeneratorFactory  - excluding code generation for non-included QName:{http://docs.oasis-open.org/wsrf/2004/06/wsrf-WS-ResourceProperties-1.2-draft-01.xsd}>SetResourcePropertiesResponse
OUT>      [java] [Thread-2] INFO  toJava.JavaGeneratorFactory  - excluding code generation for non-included QName:{uri:iso.org:21090}>>content>revised
OUT>      [java] [Thread-2] INFO  toJava.JavaGeneratorFactory  - excluding code generation for non-included QName:{uri:iso.org:21090}TS.DateTime.Full
OUT>      [java] [Thread-2] INFO  toJava.JavaGeneratorFactory  - excluding code generation for non-included QName:{http://docs.oasis-open.org/wsrf/2004/06/wsrf-WS-ResourceProperties-1.2-draft-01.xsd}UnableToModifyResourcePropertyFaultType
OUT>      [java] [Thread-2] INFO  toJava.JavaGeneratorFactory  - excluding code generation for non-included QName:{uri:iso.org:21090}set_EntityNameUse
OUT>      [java] [Thread-2] INFO  toJava.JavaGeneratorFactory  - excluding code generation for non-included QName:{uri:iso.org:21090}NPPD_BL
OUT>      [java] [Thread-2] INFO  toJava.JavaGeneratorFactory  - excluding code generation for non-included QName:{gme://caCORE.caCORE/3.2/gov.nih.nci.cacoresdk.domain.inheritance.childwithassociation}Credit
OUT>      [java] [Thread-2] INFO  toJava.JavaGeneratorFactory  - excluding code generation for non-included QName:{uri:iso.org:21090}IVL.High_TS.DateTime
OUT>      [java] [Thread-2] INFO  toJava.JavaGeneratorFactory  - excluding code generation for non-included QName:{uri:iso.org:21090}BAG_MO
OUT>      [java] [Thread-2] INFO  toJava.JavaGeneratorFactory  - excluding code generation for non-included QName:{http://docs.oasis-open.org/wsn/2004/06/wsn-WS-BaseNotification-1.2-draft-01.xsd}ResourceUnknownFaultType
OUT>      [java] [Thread-2] INFO  toJava.JavaGeneratorFactory  - excluding code generation for non-included QName:{uri:iso.org:21090}DSET_INT.NonNeg
OUT>      [java] [Thread-2] INFO  toJava.JavaGeneratorFactory  - excluding code generation for non-included QName:{gme://caCORE.caCORE/3.2/gov.nih.nci.cacoresdk.domain.other.primarykey}FloatKey
OUT>      [java] [Thread-2] INFO  toJava.JavaGeneratorFactory  - excluding code generation for non-included QName:{gme://caCORE.caCORE/3.2/gov.nih.nci.cacoresdk.domain.inheritance.twolevelinheritance}LCDMonitor
OUT>      [java] [Thread-2] INFO  toJava.JavaGeneratorFactory  - excluding code generation for non-included QName:{uri:iso.org:21090}COLL_ED.Doc.Ref
OUT>      [java] [Thread-2] INFO  toJava.JavaGeneratorFactory  - excluding code generation for non-included QName:{uri:iso.org:21090}QSET_TS.DateTime
OUT>      [java] [Thread-2] INFO  toJava.JavaGeneratorFactory  - excluding code generation for non-included QName:{uri:iso.org:21090}IVL.Low_REAL
OUT>      [java] [Thread-2] INFO  toJava.JavaGeneratorFactory  - excluding code generation for non-included QName:{uri:iso.org:21090}NPPD_ED.Signature
OUT>      [java] [Thread-2] INFO  toJava.JavaGeneratorFactory  - excluding code generation for non-included QName:{uri:iso.org:21090}TEL.Phone
OUT>      [java] [Thread-2] INFO  toJava.JavaGeneratorFactory  - excluding code generation for non-included QName:{uri:iso.org:21090}UVP_TS.DateTime[0,unbounded]
OUT>      [java] [Thread-2] INFO  toJava.JavaGeneratorFactory  - excluding code generation for non-included QName:{uri:iso.org:21090}LIST_INT
OUT>      [java] [Thread-2] INFO  toJava.JavaGeneratorFactory  - excluding code generation for non-included QName:{uri:iso.org:21090}HIST_TS.Birth
OUT>      [java] [Thread-2] INFO  toJava.JavaGeneratorFactory  - excluding code generation for non-included QName:{uri:iso.org:21090}GLIST_TS
OUT>      [java] [Thread-2] INFO  toJava.JavaGeneratorFactory  - excluding code generation for non-included QName:{gme://caCORE.caCORE/3.2/gov.nih.nci.cacoresdk.domain.other.datatype}AdDataType
OUT>      [java] [Thread-2] INFO  toJava.JavaGeneratorFactory  - excluding code generation for non-included QName:{uri:iso.org:21090}URL
OUT>      [java] [Thread-2] INFO  toJava.JavaGeneratorFactory  - excluding code generation for non-included QName:{uri:iso.org:21090}CalendarCycle
OUT>      [java] [Thread-2] INFO  toJava.JavaGeneratorFactory  - excluding code generation for non-included QName:{gme://caGrid.caBIG/1.0/gov.nih.nci.cagrid.metadata.common}Address
OUT>      [java] [Thread-2] INFO  toJava.JavaGeneratorFactory  - excluding code generation for non-included QName:{uri:iso.org:21090}COLL_TS.Date
OUT>      [java] [Thread-2] INFO  toJava.JavaGeneratorFactory  - excluding code generation for non-included QName:{gme://caCORE.caCORE/3.2/gov.nih.nci.cacoresdk.domain.other.primarykey}FloatPrimitiveKey
OUT>      [java] [Thread-2] INFO  toJava.JavaGeneratorFactory  - excluding code generation for non-included QName:{uri:iso.org:21090}PQR
OUT>      [java] [Thread-2] INFO  toJava.JavaGeneratorFactory  - excluding code generation for non-included QName:{uri:iso.org:21090}DSET_TEL.Url
OUT>      [java] [Thread-2] INFO  toJava.JavaGeneratorFactory  - excluding code generation for non-included QName:{uri:iso.org:21090}QSET_TS.Birth[0,unbounded]
OUT>      [java] [Thread-2] INFO  toJava.JavaGeneratorFactory  - excluding code generation for non-included QName:{uri:iso.org:21090}UVP_INT.NonNeg
OUT>      [java] [Thread-2] INFO  toJava.JavaGeneratorFactory  - excluding code generation for non-included QName:{http://schemas.xmlsoap.org/ws/2004/03/addressing}ServiceNameType
OUT>      [java] [Thread-2] INFO  toJava.JavaGeneratorFactory  - excluding code generation for non-included QName:{http://CQL.caBIG/2/org.cagrid.cql2}NamedAttribute
OUT>      [java] [Thread-2] INFO  toJava.JavaGeneratorFactory  - excluding code generation for non-included QName:{uri:iso.org:21090}REAL[0,0]
OUT>      [java] [Thread-2] INFO  toJava.JavaGeneratorFactory  - excluding code generation for non-included QName:{uri:iso.org:21090}>thead
OUT>      [java] [Thread-2] INFO  toJava.JavaGeneratorFactory  - excluding code generation for non-included QName:{http://docs.oasis-open.org/wsrf/2004/06/wsrf-WS-ResourceProperties-1.2-draft-01.xsd}>GetResourcePropertyResponse
OUT>      [java] [Thread-2] INFO  toJava.JavaGeneratorFactory  - excluding code generation for non-included QName:{uri:iso.org:21090}NPPD_BL.NonNull
OUT>      [java] [Thread-2] INFO  toJava.JavaGeneratorFactory  - excluding code generation for non-included QName:{uri:iso.org:21090}DSET_TS.Birth
OUT>      [java] [Thread-2] INFO  toJava.JavaGeneratorFactory  - excluding code generation for non-included QName:{uri:iso.org:21090}IVL_INT.Positive
OUT>      [java] [Thread-2] INFO  toJava.JavaGeneratorFactory  - excluding code generation for non-included QName:{gme://caCORE.caCORE/3.2/gov.nih.nci.cacoresdk.domain.other.datatype}EdTextDataType
OUT>      [java] [Thread-2] INFO  toJava.JavaGeneratorFactory  - excluding code generation for non-included QName:{gme://caCORE.caCORE/3.2/gov.nih.nci.cacoresdk.domain.other.datatype}StNtDataType
OUT>      [java] [Thread-2] INFO  toJava.JavaGeneratorFactory  - excluding code generation for non-included QName:{uri:iso.org:21090}DSET_TS.Date.Full
OUT>      [java] [Thread-2] INFO  toJava.JavaGeneratorFactory  - excluding code generation for non-included QName:{http://docs.oasis-open.org/wsrf/2004/06/wsrf-WS-ResourceProperties-1.2-draft-01.xsd}UnknownQueryExpressionDialectFaultType
OUT>      [java] [Thread-2] INFO  toJava.JavaGeneratorFactory  - excluding code generation for non-included QName:{gme://caCORE.caCORE/3.2/gov.nih.nci.cacoresdk.domain.inheritance.parentwithassociation.sametable}SoftTop
OUT>      [java] [Thread-2] INFO  toJava.JavaGeneratorFactory  - excluding code generation for non-included QName:{gme://caCORE.caCORE/3.2/gov.nih.nci.cacoresdk.domain.inheritance.abstrakt}PrivateTeacher
OUT>      [java] [Thread-2] INFO  toJava.JavaGeneratorFactory  - excluding code generation for non-included QName:{uri:iso.org:21090}QSS_CO
OUT>      [java] [Thread-2] INFO  toJava.JavaGeneratorFactory  - excluding code generation for non-included QName:{uri:iso.org:21090}COLL_EN.TN
OUT>      [java] [Thread-2] INFO  toJava.JavaGeneratorFactory  - excluding code generation for non-included QName:{uri:iso.org:21090}EIVL_TS.Birth
OUT>      [java] [Thread-2] INFO  toJava.JavaGeneratorFactory  - excluding code generation for non-included QName:{uri:iso.org:21090}ST.NT[0,unbounded]
OUT>      [java] [Thread-2] INFO  toJava.JavaGeneratorFactory  - excluding code generation for non-included QName:{gme://caCORE.caCORE/3.2/gov.nih.nci.cacoresdk.domain.other.datatype}DsetCdDataType
OUT>      [java] [Thread-2] INFO  toJava.JavaGeneratorFactory  - excluding code generation for non-included QName:{uri:iso.org:21090}UVP_TEL
OUT>      [java] [Thread-2] INFO  toJava.JavaGeneratorFactory  - excluding code generation for non-included QName:{uri:iso.org:21090}HIST_TS.DateTime.Full
OUT>      [java] [Thread-2] INFO  toJava.JavaGeneratorFactory  - excluding code generation for non-included QName:{uri:iso.org:21090}BAG_II
OUT>      [java] [Thread-2] INFO  toJava.JavaGeneratorFactory  - excluding code generation for non-included QName:{uri:iso.org:21090}HIST_AD
OUT>      [java] [Thread-2] INFO  toJava.JavaGeneratorFactory  - excluding code generation for non-included QName:{gme://caCORE.caCORE/3.2/gov.nih.nci.cacoresdk.domain.onetoone.multipleassociation.withjoin}Bride
OUT>      [java] [Thread-2] INFO  toJava.JavaGeneratorFactory  - excluding code generation for non-included QName:{uri:iso.org:21090}UVP_MO[0,unbounded]
OUT>      [java] [Thread-2] INFO  toJava.JavaGeneratorFactory  - excluding code generation for non-included QName:{uri:iso.org:21090}UVP_II
OUT>      [java] [Thread-2] INFO  toJava.JavaGeneratorFactory  - excluding code generation for non-included QName:{uri:iso.org:21090}INT.NonNeg
OUT>      [java] [Thread-2] INFO  toJava.JavaGeneratorFactory  - excluding code generation for non-included QName:{uri:iso.org:21090}IVL.Width_PQ.Time
OUT>      [java] [Thread-2] INFO  toJava.JavaGeneratorFactory  - excluding code generation for non-included QName:{uri:iso.org:21090}BL[0,unbounded]
OUT>      [java] [Thread-2] INFO  toJava.JavaGeneratorFactory  - excluding code generation for non-included QName:{gme://caGrid.caBIG/1.0/gov.nih.nci.cagrid.metadata.common}UMLAttribute
OUT>      [java] [Thread-2] INFO  toJava.JavaGeneratorFactory  - excluding code generation for non-included QName:{uri:iso.org:21090}LIST_INT.Positive
OUT>      [java] [Thread-2] INFO  toJava.JavaGeneratorFactory  - excluding code generation for non-included QName:{uri:iso.org:21090}BAG_ED.Doc
OUT>      [java] [Thread-2] INFO  toJava.JavaGeneratorFactory  - excluding code generation for non-included QName:{http://org.cagrid.dataservice.cql/QueryLanguageSupport}Cql2SupportType
OUT>      [java] [Thread-2] INFO  toJava.JavaGeneratorFactory  - excluding code generation for non-included QName:{http://docs.oasis-open.org/wsrf/2004/06/wsrf-WS-BaseFaults-1.2-draft-01.xsd}>BaseFaultType>Description[0,unbounded]
OUT>      [java] [Thread-2] INFO  toJava.JavaGeneratorFactory  - excluding code generation for non-included QName:{http://docs.oasis-open.org/wsrf/2004/06/wsrf-WS-ResourceProperties-1.2-draft-01.xsd}>QueryResourceProperties
OUT>      [java] [Thread-2] INFO  toJava.JavaGeneratorFactory  - excluding code generation for non-included QName:{gme://caCORE.caCORE/3.2/gov.nih.nci.cacoresdk.domain.other.primarykey}NoIdKey
OUT>      [java] [Thread-2] INFO  toJava.JavaGeneratorFactory  - excluding code generation for non-included QName:{uri:iso.org:21090}UVP_ED.Doc[0,unbounded]
OUT>      [java] [Thread-2] INFO  toJava.JavaGeneratorFactory  - excluding code generation for non-included QName:{http://docs.oasis-open.org/wsrf/2004/06/wsrf-WS-ResourceLifetime-1.2-draft-01.xsd}>TerminationNotification
OUT>      [java] [Thread-2] INFO  toJava.JavaGeneratorFactory  - excluding code generation for non-included QName:{http://schemas.xmlsoap.org/ws/2004/03/addressing}ReferencePropertiesType
OUT>      [java] [Thread-2] INFO  toJava.JavaGeneratorFactory  - excluding code generation for non-included QName:{uri:iso.org:21090}UVP_CD[0,unbounded]
OUT>      [java] [Thread-2] INFO  toJava.JavaGeneratorFactory  - excluding code generation for non-included QName:{gme://caCORE.caCORE/3.2/gov.nih.nci.cacoresdk.domain.onetoone.unidirectional.withjoin}Bag
OUT>      [java] [Thread-2] INFO  toJava.JavaGeneratorFactory  - excluding code generation for non-included QName:{uri:iso.org:21090}COLL_ST.NT
OUT>      [java] [Thread-2] INFO  toJava.JavaGeneratorFactory  - excluding code generation for non-included QName:{http://docs.oasis-open.org/wsn/2004/06/wsn-WS-BaseNotification-1.2-draft-01.xsd}ResumeFailedFaultType
OUT>      [java] [Thread-2] INFO  toJava.JavaGeneratorFactory  - excluding code generation for non-included QName:{uri:iso.org:21090}AddressPartType
OUT>      [java] [Thread-2] INFO  toJava.JavaGeneratorFactory  - excluding code generation for non-included QName:{uri:iso.org:21090}QSS_TS.DateTime
OUT>      [java] [Thread-2] INFO  toJava.JavaGeneratorFactory  - excluding code generation for non-included QName:{uri:iso.org:21090}QSET_REAL[0,unbounded]
OUT>      [java] [Thread-2] INFO  toJava.JavaGeneratorFactory  - excluding code generation for non-included QName:{uri:iso.org:21090}UVP_TS.DateTime.Full[0,unbounded]
OUT>      [java] [Thread-2] INFO  toJava.JavaGeneratorFactory  - excluding code generation for non-included QName:{uri:iso.org:21090}HIST_BL
OUT>      [java] [Thread-2] INFO  toJava.JavaGeneratorFactory  - excluding code generation for non-included QName:{uri:iso.org:21090}RTO
OUT>      [java] [Thread-2] INFO  toJava.JavaGeneratorFactory  - excluding code generation for non-included QName:{gme://caCORE.caCORE/3.2/gov.nih.nci.cacoresdk.domain.other.datatype}AllDataType
OUT>      [java] [Thread-2] INFO  toJava.JavaGeneratorFactory  - excluding code generation for non-included QName:{uri:iso.org:21090}HIST_CD
OUT>      [java] [Thread-2] INFO  toJava.JavaGeneratorFactory  - excluding code generation for non-included QName:{gme://caCORE.caCORE/3.2/gov.nih.nci.cacoresdk.domain.inheritance.multiplechild.sametable}Organization
OUT>      [java] [Thread-2] INFO  toJava.JavaGeneratorFactory  - excluding code generation for non-included QName:{uri:iso.org:21090}COLL_CD.CV
OUT>      [java] [Thread-2] INFO  toJava.JavaGeneratorFactory  - excluding code generation for non-included QName:{uri:iso.org:21090}UVP_EN.PN
OUT>      [java] [Thread-2] INFO  toJava.JavaGeneratorFactory  - excluding code generation for non-included QName:{uri:iso.org:21090}BAG_CO
OUT>      [java] [Thread-2] INFO  toJava.JavaGeneratorFactory  - excluding code generation for non-included QName:{uri:iso.org:21090}BAG_TEL.Url
OUT>      [java] [Thread-2] INFO  toJava.JavaGeneratorFactory  - excluding code generation for non-included QName:{gme://caCORE.caCORE/3.2/gov.nih.nci.cacoresdk.domain.inheritance.implicit}>TankAccessory>tankCollection
OUT>      [java] [Thread-2] INFO  toJava.JavaGeneratorFactory  - excluding code generation for non-included QName:{uri:iso.org:21090}IVL.Width_TS.Birth
OUT>      [java] [Thread-2] INFO  toJava.JavaGeneratorFactory  - excluding code generation for non-included QName:{uri:iso.org:21090}PQ.Time[0,unbounded]
OUT>      [java] [Thread-2] INFO  toJava.JavaGeneratorFactory  - excluding code generation for non-included QName:{uri:iso.org:21090}DSET_ED.Doc.Ref
OUT>      [java] [Thread-2] INFO  toJava.JavaGeneratorFactory  - excluding code generation for non-included QName:{uri:iso.org:21090}DSET_BL.NonNull
OUT>      [java] [Thread-2] INFO  toJava.JavaGeneratorFactory  - excluding code generation for non-included QName:{uri:iso.org:21090}GLIST_PQ
OUT>      [java] [Thread-2] INFO  toJava.JavaGeneratorFactory  - excluding code generation for non-included QName:{uri:iso.org:21090}BAG_CS
OUT>      [java] [Thread-2] INFO  toJava.JavaGeneratorFactory  - excluding code generation for non-included QName:{gme://caCORE.caCORE/3.2/gov.nih.nci.cacoresdk.domain.inheritance.parentwithassociation}Professor
OUT>      [java] [Thread-2] INFO  toJava.JavaGeneratorFactory  - excluding code generation for non-included QName:{uri:iso.org:21090}UVP_ED.Narrative
OUT>      [java] [Thread-2] INFO  toJava.JavaGeneratorFactory  - excluding code generation for non-included QName:{uri:iso.org:21090}HIST_CO
OUT>      [java] [Thread-2] INFO  toJava.JavaGeneratorFactory  - excluding code generation for non-included QName:{uri:iso.org:21090}BAG_CD
OUT>      [java] [Thread-2] INFO  toJava.JavaGeneratorFactory  - excluding code generation for non-included QName:{uri:iso.org:21090}HIST_CS
OUT>      [java] [Thread-2] INFO  toJava.JavaGeneratorFactory  - excluding code generation for non-included QName:{uri:iso.org:21090}BAG_TEL.Person
OUT>      [java] [Thread-2] INFO  toJava.JavaGeneratorFactory  - excluding code generation for non-included QName:{uri:iso.org:21090}COLL_EN.ON
OUT>      [java] [Thread-2] INFO  toJava.JavaGeneratorFactory  - excluding code generation for non-included QName:{gme://caCORE.caCORE/3.2/gov.nih.nci.cacoresdk.domain.other.differentpackage.associations}>Utensil>dessertCollection
OUT>      [java] [Thread-2] INFO  toJava.JavaGeneratorFactory  - excluding code generation for non-included QName:{http://docs.oasis-open.org/wsrf/2004/06/wsrf-WS-BaseFaults-1.2-draft-01.xsd}BaseFaultType
OUT>      [java] [Thread-2] INFO  toJava.JavaGeneratorFactory  - excluding code generation for non-included QName:{uri:iso.org:21090}DSET_CD.CE
OUT>      [java] [Thread-2] INFO  toJava.JavaGeneratorFactory  - excluding code generation for non-included QName:{http://docs.oasis-open.org/wsrf/2004/06/wsrf-WS-ResourceProperties-1.2-draft-01.xsd}>QueryResourcePropertiesResponse
OUT>      [java] [Thread-2] INFO  toJava.JavaGeneratorFactory  - excluding code generation for non-included QName:{uri:iso.org:21090}IVL.Low_TS.Date.Full
OUT>      [java] [Thread-2] INFO  toJava.JavaGeneratorFactory  - excluding code generation for non-included QName:{uri:iso.org:21090}UVP_INT.NonNeg[0,unbounded]
OUT>      [java] [Thread-2] INFO  toJava.JavaGeneratorFactory  - excluding code generation for non-included QName:{uri:iso.org:21090}HIST_TS.Date
OUT>      [java] [Thread-2] INFO  toJava.JavaGeneratorFactory  - excluding code generation for non-included QName:{uri:iso.org:21090}PQ[0,0]
OUT>      [java] [Thread-2] INFO  toJava.JavaGeneratorFactory  - excluding code generation for non-included QName:{uri:iso.org:21090}BAG_BL
OUT>      [java] [Thread-2] INFO  toJava.JavaGeneratorFactory  - excluding code generation for non-included QName:{http://docs.oasis-open.org/wsn/2004/06/wsn-WS-BaseNotification-1.2-draft-01.xsd}>Subscribe
OUT>      [java] [Thread-2] INFO  toJava.JavaGeneratorFactory  - excluding code generation for non-included QName:{gme://caGrid.caBIG/1.0/gov.nih.nci.cagrid.metadata.security}GSISecureMessage
OUT>      [java] [Thread-2] INFO  toJava.JavaGeneratorFactory  - excluding code generation for non-included QName:{uri:iso.org:21090}UVP_EN.ON
OUT>      [java] [Thread-2] INFO  toJava.JavaGeneratorFactory  - excluding code generation for non-included QName:{uri:iso.org:21090}DSET_CD.CV
OUT>      [java] [Thread-2] INFO  toJava.JavaGeneratorFactory  - excluding code generation for non-included QName:{uri:iso.org:21090}BAG_SC.NT
OUT>      [java] [Thread-2] INFO  toJava.JavaGeneratorFactory  - excluding code generation for non-included QName:{uri:iso.org:21090}COLL_EN.PN
OUT>      [java] [Thread-2] INFO  toJava.JavaGeneratorFactory  - excluding code generation for non-included QName:{uri:iso.org:21090}UVP_CD.CE.None[0,unbounded]
OUT>      [java] [Thread-2] INFO  toJava.JavaGeneratorFactory  - excluding code generation for non-included QName:{gme://caCORE.caCORE/3.2/gov.nih.nci.cacoresdk.domain.manytomany.bidirectional}>Employee>projectCollection
OUT>      [java] [Thread-2] INFO  toJava.JavaGeneratorFactory  - excluding code generation for non-included QName:{uri:iso.org:21090}LIST_ED.Signature
OUT>      [java] [Thread-2] INFO  toJava.JavaGeneratorFactory  - excluding code generation for non-included QName:{uri:iso.org:21090}HIST_ED
OUT>      [java] [Thread-2] INFO  toJava.JavaGeneratorFactory  - excluding code generation for non-included QName:{uri:iso.org:21090}QTY[0,0]
OUT>      [java] [Thread-2] INFO  toJava.JavaGeneratorFactory  - excluding code generation for non-included QName:{uri:iso.org:21090}PQ[0,unbounded]
OUT>      [java] [Thread-2] INFO  toJava.JavaGeneratorFactory  - excluding code generation for non-included QName:{uri:iso.org:21090}>>tr>align
OUT>      [java] [Thread-2] INFO  toJava.JavaGeneratorFactory  - excluding code generation for non-included QName:{uri:iso.org:21090}GLIST_INT.NonNeg
OUT>      [java] [Thread-2] INFO  toJava.JavaGeneratorFactory  - excluding code generation for non-included QName:{uri:iso.org:21090}DSET_REAL
OUT>      [java] [Thread-2] INFO  toJava.JavaGeneratorFactory  - excluding code generation for non-included QName:{uri:iso.org:21090}PIVL_TS.Date
OUT>      [java] [Thread-2] INFO  toJava.JavaGeneratorFactory  - excluding code generation for non-included QName:{uri:iso.org:21090}BAG_EN
OUT>      [java] [Thread-2] INFO  toJava.JavaGeneratorFactory  - excluding code generation for non-included QName:{uri:iso.org:21090}BAG_ED.Signature
OUT>      [java] [Thread-2] INFO  toJava.JavaGeneratorFactory  - excluding code generation for non-included QName:{uri:iso.org:21090}LIST_ED.Text
OUT>      [java] [Thread-2] INFO  toJava.JavaGeneratorFactory  - excluding code generation for non-included QName:{gme://caGrid.caBIG/1.0/gov.nih.nci.cagrid.metadata.service}ServiceContext
OUT>      [java] [Thread-2] INFO  toJava.JavaGeneratorFactory  - excluding code generation for non-included QName:{uri:iso.org:21090}COLL_BL.NonNull
OUT>      [java] [Thread-2] INFO  toJava.JavaGeneratorFactory  - excluding code generation for non-included QName:{uri:iso.org:21090}HIST_INT.Positive
OUT>      [java] [Thread-2] INFO  toJava.JavaGeneratorFactory  - excluding code generation for non-included QName:{uri:iso.org:21090}UVP_EN
OUT>      [java] [Thread-2] INFO  toJava.JavaGeneratorFactory  - excluding code generation for non-included QName:{uri:iso.org:21090}HIST_EN
OUT>      [java] [Thread-2] INFO  toJava.JavaGeneratorFactory  - excluding code generation for non-included QName:{uri:iso.org:21090}BAG_ED
OUT>      [java] [Thread-2] INFO  toJava.JavaGeneratorFactory  - excluding code generation for non-included QName:{uri:iso.org:21090}COLL_INT
OUT>      [java] [Thread-2] INFO  toJava.JavaGeneratorFactory  - excluding code generation for non-included QName:{gme://caCORE.caCORE/3.2/gov.nih.nci.cacoresdk.domain.other.primarykey}DoubleKey
OUT>      [java] [Thread-2] INFO  toJava.JavaGeneratorFactory  - excluding code generation for non-included QName:{gme://caGrid.caBIG/1.0/gov.nih.nci.cagrid.metadata.security}None
OUT>      [java] [Thread-2] INFO  toJava.JavaGeneratorFactory  - excluding code generation for non-included QName:{uri:iso.org:21090}BAG_REAL
OUT>      [java] [Thread-2] INFO  toJava.JavaGeneratorFactory  - excluding code generation for non-included QName:{uri:iso.org:21090}IVL.Width_CO
OUT>      [java] [Thread-2] INFO  toJava.JavaGeneratorFactory  - excluding code generation for non-included QName:{gme://caCORE.caCORE/3.2/gov.nih.nci.cacoresdk.domain.inheritance.parentwithassociation}AssociateProfessor
OUT>      [java] [Thread-2] INFO  toJava.JavaGeneratorFactory  - excluding code generation for non-included QName:{uri:iso.org:21090}>>colgroup>align
OUT>      [java] [Thread-2] INFO  toJava.JavaGeneratorFactory  - excluding code generation for non-included QName:{gme://caCORE.caCORE/3.2/gov.nih.nci.cacoresdk.domain.inheritance.onechild}Human
OUT>      [java] [Thread-2] INFO  toJava.JavaGeneratorFactory  - excluding code generation for non-included QName:{gme://caGrid.caBIG/1.0/gov.nih.nci.cagrid.metadata.service}>ServiceContext>contextPropertyCollection
OUT>      [java] [Thread-2] INFO  toJava.JavaGeneratorFactory  - excluding code generation for non-included QName:{uri:iso.org:21090}UVP_ED
OUT>      [java] [Thread-2] INFO  toJava.JavaGeneratorFactory  - excluding code generation for non-included QName:{gme://caCORE.caCORE/3.2/gov.nih.nci.cacoresdk.domain.manytomany.unidirectional}>Book>authorCollection
OUT>      [java] [Thread-2] INFO  toJava.JavaGeneratorFactory  - excluding code generation for non-included QName:{gme://caCORE.caCORE/3.2/gov.nih.nci.cacoresdk.domain.other.primarykey}IntegerPrimitiveKey
OUT>      [java] [Thread-2] INFO  toJava.JavaGeneratorFactory  - excluding code generation for non-included QName:{uri:iso.org:21090}COLL_SC
OUT>      [java] [Thread-2] INFO  toJava.JavaGeneratorFactory  - excluding code generation for non-included QName:{http://docs.oasis-open.org/wsn/2004/06/wsn-WS-BaseNotification-1.2-draft-01.xsd}SubscribeCreationFailedFaultType
OUT>      [java] [Thread-2] INFO  toJava.JavaGeneratorFactory  - excluding code generation for non-included QName:{uri:iso.org:21090}INT[0,0]
OUT>      [java] [Thread-2] INFO  toJava.JavaGeneratorFactory  - excluding code generation for non-included QName:{uri:iso.org:21090}>>th>align
OUT>      [java] [Thread-2] INFO  toJava.JavaGeneratorFactory  - excluding code generation for non-included QName:{uri:iso.org:21090}UVP_SC
OUT>      [java] [Thread-2] INFO  toJava.JavaGeneratorFactory  - excluding code generation for non-included QName:{gme://caGrid.caBIG/1.0/gov.nih.nci.cagrid.metadata.service}Operation
OUT>      [java] [Thread-2] INFO  toJava.JavaGeneratorFactory  - excluding code generation for non-included QName:{uri:iso.org:21090}IVL.Low_INT
OUT>      [java] [Thread-2] INFO  toJava.JavaGeneratorFactory  - excluding code generation for non-included QName:{uri:iso.org:21090}NPPD_INT
OUT>      [java] [Thread-2] INFO  toJava.JavaGeneratorFactory  - excluding code generation for non-included QName:{uri:iso.org:21090}QSU_TS.Birth
OUT>      [java] [Thread-2] INFO  toJava.JavaGeneratorFactory  - excluding code generation for non-included QName:{uri:iso.org:21090}NPPD_REAL
OUT>      [java] [Thread-2] INFO  toJava.JavaGeneratorFactory  - excluding code generation for non-included QName:{uri:iso.org:21090}COLL_ED.Doc.Inline
OUT>      [java] [Thread-2] INFO  toJava.JavaGeneratorFactory  - excluding code generation for non-included QName:{uri:iso.org:21090}COLL_ST
OUT>      [java] [Thread-2] INFO  toJava.JavaGeneratorFactory  - excluding code generation for non-included QName:{uri:iso.org:21090}QSET_INT
OUT>      [java] [Thread-2] INFO  toJava.JavaGeneratorFactory  - excluding code generation for non-included QName:{gme://caGrid.caBIG/1.0/gov.nih.nci.cagrid.metadata.service}>Service>pointOfContactCollection
OUT>      [java] [Thread-2] INFO  toJava.JavaGeneratorFactory  - excluding code generation for non-included QName:{uri:iso.org:21090}TS.Date
OUT>      [java] [Thread-2] INFO  toJava.JavaGeneratorFactory  - excluding code generation for non-included QName:{uri:iso.org:21090}ED.Narrative
OUT>      [java] [Thread-2] INFO  toJava.JavaGeneratorFactory  - excluding code generation for non-included QName:{uri:iso.org:21090}UVP_ST
OUT>      [java] [Thread-2] INFO  toJava.JavaGeneratorFactory  - excluding code generation for non-included QName:{http://docs.oasis-open.org/wsn/2004/06/wsn-WS-BaseNotification-1.2-draft-01.xsd}InvalidTopicExpressionFaultType
OUT>      [java] [Thread-2] INFO  toJava.JavaGeneratorFactory  - excluding code generation for non-included QName:{uri:iso.org:21090}IVL_CO
OUT>      [java] [Thread-2] INFO  toJava.JavaGeneratorFactory  - excluding code generation for non-included QName:{uri:iso.org:21090}>content
OUT>      [java] [Thread-2] INFO  toJava.JavaGeneratorFactory  - excluding code generation for non-included QName:{uri:iso.org:21090}UVP_TEL.Person
OUT>      [java] [Thread-2] INFO  toJava.JavaGeneratorFactory  - excluding code generation for non-included QName:{http://docs.oasis-open.org/wsn/2004/06/wsn-WS-BaseNotification-1.2-draft-01.xsd}>SubscriptionManagerRP
OUT>      [java] [Thread-2] INFO  toJava.JavaGeneratorFactory  - excluding code generation for non-included QName:{gme://caCORE.caCORE/3.2/gov.nih.nci.cacoresdk.domain.manytoone.unidirectional}Restaurant
OUT>      [java] [Thread-2] INFO  toJava.JavaGeneratorFactory  - excluding code generation for non-included QName:{gme://caGrid.caBIG/1.0/gov.nih.nci.cagrid.metadata.service}>Operation>faultCollection
OUT>      [java] [Thread-2] INFO  toJava.JavaGeneratorFactory  - excluding code generation for non-included QName:{uri:iso.org:21090}IVL_INT.NonNeg
OUT>      [java] [Thread-2] INFO  toJava.JavaGeneratorFactory  - excluding code generation for non-included QName:{uri:iso.org:21090}UVP_TS
OUT>      [java] [Thread-2] INFO  toJava.JavaGeneratorFactory  - excluding code generation for non-included QName:{uri:iso.org:21090}COLL_SC.NT
OUT>      [java] [Thread-2] INFO  toJava.JavaGeneratorFactory  - excluding code generation for non-included QName:{uri:iso.org:21090}IVL.Low_RTO
OUT>      [java] [Thread-2] INFO  toJava.JavaGeneratorFactory  - excluding code generation for non-included QName:{uri:iso.org:21090}QSD_MO
OUT>      [java] [Thread-2] INFO  toJava.JavaGeneratorFactory  - excluding code generation for non-included QName:{http://CQL.caBIG/2/org.cagrid.cql2}NamedAssociationList
OUT>      [java] [Thread-2] INFO  toJava.JavaGeneratorFactory  - excluding code generation for non-included QName:{uri:iso.org:21090}COLL_TS
OUT>      [java] [Thread-2] INFO  toJava.JavaGeneratorFactory  - excluding code generation for non-included QName:{uri:iso.org:21090}EN.TN
OUT>      [java] [Thread-2] INFO  toJava.JavaGeneratorFactory  - excluding code generation for non-included QName:{uri:iso.org:21090}PIVL_TS.Birth
OUT>      [java] [Thread-2] INFO  toJava.JavaGeneratorFactory  - excluding code generation for non-included QName:{http://CQL.caBIG/2/org.cagrid.cql2}CQLAttribute
OUT>      [java] [Thread-2] INFO  toJava.JavaGeneratorFactory  - excluding code generation for non-included QName:{uri:iso.org:21090}Narrative
OUT>      [java] [Thread-2] INFO  toJava.JavaGeneratorFactory  - excluding code generation for non-included QName:{uri:iso.org:21090}QSU_TS
OUT>      [java] [Thread-2] INFO  toJava.JavaGeneratorFactory  - excluding code generation for non-included QName:{uri:iso.org:21090}QSU_INT.Positive
OUT>      [java] [Thread-2] INFO  toJava.JavaGeneratorFactory  - excluding code generation for non-included QName:{uri:iso.org:21090}HIST_TEL.Email
OUT>      [java] [Thread-2] INFO  toJava.JavaGeneratorFactory  - excluding code generation for non-included QName:{gme://caCORE.caCORE/3.2/gov.nih.nci.cacoresdk.domain.other.datatype}IiDataType
OUT>      [java] [Thread-2] INFO  toJava.JavaGeneratorFactory  - excluding code generation for non-included QName:{uri:iso.org:21090}QSP_PQ
OUT>      [java] [Thread-2] INFO  toJava.JavaGeneratorFactory  - excluding code generation for non-included QName:{uri:iso.org:21090}IVL.High_TS.DateTime.Full
OUT>      [java] [Thread-2] INFO  toJava.JavaGeneratorFactory  - excluding code generation for non-included QName:{uri:iso.org:21090}ED.Text
OUT>      [java] [Thread-2] INFO  toJava.JavaGeneratorFactory  - excluding code generation for non-included QName:{uri:iso.org:21090}TS.Date[0,unbounded]
OUT>      [java] [Thread-2] INFO  toJava.JavaGeneratorFactory  - excluding code generation for non-included QName:{uri:iso.org:21090}QSU_TS.Date.Full
OUT>      [java] [Thread-2] INFO  toJava.JavaGeneratorFactory  - excluding code generation for non-included QName:{uri:iso.org:21090}ST[0,0]
OUT>      [java] [Thread-2] INFO  toJava.JavaGeneratorFactory  - excluding code generation for non-included QName:{uri:iso.org:21090}NPPD_TS.Date.Full
OUT>      [java] [Thread-2] INFO  toJava.JavaGeneratorFactory  - excluding code generation for non-included QName:{gme://caCORE.caCORE/3.2/gov.nih.nci.cacoresdk.domain.other.differentpackage}Dessert
OUT>      [java] [Thread-2] INFO  toJava.JavaGeneratorFactory  - excluding code generation for non-included QName:{uri:iso.org:21090}QSD_PQ
OUT>      [java] [Thread-2] INFO  toJava.JavaGeneratorFactory  - excluding code generation for non-included QName:{uri:iso.org:21090}QSET_INT.NonNeg
OUT>      [java] [Thread-2] INFO  toJava.JavaGeneratorFactory  - excluding code generation for non-included QName:{gme://caCORE.caCORE/3.2/gov.nih.nci.cacoresdk.domain.inheritance.parentwithassociation.sametable}>Wheel>luggage
OUT>      [java] [Thread-2] INFO  toJava.JavaGeneratorFactory  - excluding code generation for non-included QName:{http://schemas.xmlsoap.org/ws/2004/03/addressing}EndpointReferenceType
OUT>      [java] [Thread-2] INFO  toJava.JavaGeneratorFactory  - excluding code generation for non-included QName:{uri:iso.org:21090}QSP_MO
OUT>      [java] [Thread-2] INFO  toJava.JavaGeneratorFactory  - excluding code generation for non-included QName:{uri:iso.org:21090}QSET_INT.Positive[0,unbounded]
OUT>      [java] [Thread-2] INFO  toJava.JavaGeneratorFactory  - excluding code generation for non-included QName:{uri:iso.org:21090}COLL_CD.CE
OUT>      [java] [Thread-2] INFO  toJava.JavaGeneratorFactory  - excluding code generation for non-included QName:{gme://caGrid.caBIG/1.0/gov.nih.nci.cagrid.metadata.common}>ResearchCenter>pointOfContactCollection
OUT>      [java] [Thread-2] INFO  toJava.JavaGeneratorFactory  - excluding code generation for non-included QName:{uri:iso.org:21090}DSET_TS.Date
OUT>      [java] [Thread-2] INFO  toJava.JavaGeneratorFactory  - excluding code generation for non-included QName:{uri:iso.org:21090}SLIST_TS.DateTime
OUT>      [java] [Thread-2] INFO  toJava.JavaGeneratorFactory  - excluding code generation for non-included QName:{uri:iso.org:21090}NPPD_MO
OUT>      [java] [Thread-2] INFO  toJava.JavaGeneratorFactory  - excluding code generation for non-included QName:{uri:iso.org:21090}IVL_TS.DateTime
OUT>      [java] [Thread-2] INFO  toJava.JavaGeneratorFactory  - excluding code generation for non-included QName:{uri:iso.org:21090}QSS_TS.Date
OUT>      [java] [Thread-2] INFO  toJava.JavaGeneratorFactory  - excluding code generation for non-included QName:{uri:iso.org:21090}NPPD_CD.CE
OUT>      [java] [Thread-2] INFO  toJava.JavaGeneratorFactory  - excluding code generation for non-included QName:{gme://caCORE.caCORE/3.2/gov.nih.nci.cacoresdk.domain.inheritance.multiplechild.sametable}PvtOrganization
OUT>      [java] [Thread-2] INFO  toJava.JavaGeneratorFactory  - excluding code generation for non-included QName:{http://CQL.caBIG/2/org.cagrid.cql2}CQLGroup[,unbounded]
OUT>      [java] [Thread-2] INFO  toJava.JavaGeneratorFactory  - excluding code generation for non-included QName:{uri:iso.org:21090}SLIST_TS.Birth
OUT>      [java] [Thread-2] INFO  toJava.JavaGeneratorFactory  - excluding code generation for non-included QName:{uri:iso.org:21090}EIVL_TS.DateTime
OUT>      [java] [Thread-2] INFO  toJava.JavaGeneratorFactory  - excluding code generation for non-included QName:{uri:iso.org:21090}NPPD_CD.CV
OUT>      [java] [Thread-2] INFO  toJava.JavaGeneratorFactory  - excluding code generation for non-included QName:{uri:iso.org:21090}IVL.Width_REAL
OUT>      [java] [Thread-2] INFO  toJava.JavaGeneratorFactory  - excluding code generation for non-included QName:{uri:iso.org:21090}IVL.Width_TS.Date.Full
OUT>      [java] [Thread-2] INFO  toJava.JavaGeneratorFactory  - excluding code generation for non-included QName:{gme://caGrid.caBIG/1.0/gov.nih.nci.cagrid.metadata}ServiceMetadata
OUT>      [java] [Thread-2] INFO  toJava.JavaGeneratorFactory  - excluding code generation for non-included QName:{uri:iso.org:21090}EN.PN
OUT>      [java] [Thread-2] INFO  toJava.JavaGeneratorFactory  - excluding code generation for non-included QName:{uri:iso.org:21090}LIST_TS.Date
OUT>      [java] [Thread-2] INFO  toJava.JavaGeneratorFactory  - excluding code generation for non-included QName:{uri:iso.org:21090}BAG_RTO
OUT>      [java] [Thread-2] INFO  toJava.JavaGeneratorFactory  - excluding code generation for non-included QName:{uri:iso.org:21090}NPPD_PQ
OUT>      [java] [Thread-2] INFO  toJava.JavaGeneratorFactory  - excluding code generation for non-included QName:{uri:iso.org:21090}LIST_PQ.Time
OUT>      [java] [Thread-2] INFO  toJava.JavaGeneratorFactory  - excluding code generation for non-included QName:{uri:iso.org:21090}NPPD_ED.Doc.Inline
OUT>      [java] [Thread-2] INFO  toJava.JavaGeneratorFactory  - excluding code generation for non-included QName:{uri:iso.org:21090}IVL.Width_TS.Date
OUT>      [java] [Thread-2] INFO  toJava.JavaGeneratorFactory  - excluding code generation for non-included QName:{uri:iso.org:21090}QSS_TS
OUT>      [java] [Thread-2] INFO  toJava.JavaGeneratorFactory  - excluding code generation for non-included QName:{uri:iso.org:21090}UVP_EN.ON[0,unbounded]
OUT>      [java] [Thread-2] INFO  toJava.JavaGeneratorFactory  - excluding code generation for non-included QName:{uri:iso.org:21090}EN.ON
OUT>      [java] [Thread-2] INFO  toJava.JavaGeneratorFactory  - excluding code generation for non-included QName:{uri:iso.org:21090}UVP_ED.Image[0,unbounded]
OUT>      [java] [Thread-2] INFO  toJava.JavaGeneratorFactory  - excluding code generation for non-included QName:{gme://caCORE.caCORE/3.2/gov.nih.nci.cacoresdk.domain.inheritance.childwithassociation.sametable}DesignerShoes
OUT>      [java] [Thread-2] INFO  toJava.JavaGeneratorFactory  - excluding code generation for non-included QName:{uri:iso.org:21090}HIST_ED.Doc.Inline
OUT>      [java] [Thread-2] INFO  toJava.JavaGeneratorFactory  - excluding code generation for non-included QName:{uri:iso.org:21090}NPPD_TEL.Url
OUT>      [java] [Thread-2] INFO  toJava.JavaGeneratorFactory  - excluding code generation for non-included QName:{uri:iso.org:21090}QSP_TS
OUT>      [java] [Thread-2] INFO  toJava.JavaGeneratorFactory  - excluding code generation for non-included QName:{uri:iso.org:21090}UVP_PQ
OUT>      [java] [Thread-2] INFO  toJava.JavaGeneratorFactory  - excluding code generation for non-included QName:{gme://caCORE.caCORE/3.2/gov.nih.nci.cacoresdk.domain.other.levelassociation}>Suit>cardCollection
OUT>      [java] [Thread-2] INFO  toJava.JavaGeneratorFactory  - excluding code generation for non-included QName:{uri:iso.org:21090}QSS_RTO
OUT>      [java] [Thread-2] INFO  toJava.JavaGeneratorFactory  - excluding code generation for non-included QName:{uri:iso.org:21090}QSU_PQ
OUT>      [java] [Thread-2] INFO  toJava.JavaGeneratorFactory  - excluding code generation for non-included QName:{uri:iso.org:21090}EIVL_TS.DateTime.Full
OUT>      [java] [Thread-2] INFO  toJava.JavaGeneratorFactory  - excluding code generation for non-included QName:{http://docs.oasis-open.org/wsn/2004/06/wsn-WS-BaseNotification-1.2-draft-01.xsd}>PauseSubscription
OUT>      [java] [Thread-2] INFO  toJava.JavaGeneratorFactory  - excluding code generation for non-included QName:{uri:iso.org:21090}COLL_PQ
OUT>      [java] [Thread-2] INFO  toJava.JavaGeneratorFactory  - excluding code generation for non-included QName:{uri:iso.org:21090}>table
OUT>      [java] [Thread-2] INFO  toJava.JavaGeneratorFactory  - excluding code generation for non-included QName:{gme://caCORE.caCORE/3.2/gov.nih.nci.cacoresdk.domain.onetoone.unidirectional}Person
OUT>      [java] [Thread-2] INFO  toJava.JavaGeneratorFactory  - excluding code generation for non-included QName:{http://docs.oasis-open.org/wsrf/2004/06/wsrf-WS-ResourceProperties-1.2-draft-01.xsd}UpdateType
OUT>      [java] [Thread-2] INFO  toJava.JavaGeneratorFactory  - excluding code generation for non-included QName:{uri:iso.org:21090}QSI_TS.DateTime
OUT>      [java] [Thread-2] INFO  toJava.JavaGeneratorFactory  - excluding code generation for non-included QName:{uri:iso.org:21090}HIST_CD.CE.None
OUT>      [java] [Thread-2] INFO  toJava.JavaGeneratorFactory  - excluding code generation for non-included QName:{uri:iso.org:21090}QSET_TS.Birth
OUT>      [java] [Thread-2] INFO  toJava.JavaGeneratorFactory  - excluding code generation for non-included QName:{uri:iso.org:21090}IVL.Width_TS.DateTime.Full
OUT>      [java] [Thread-2] INFO  toJava.JavaGeneratorFactory  - excluding code generation for non-included QName:{uri:iso.org:21090}UVP_ED.Doc
OUT>      [java] [Thread-2] INFO  toJava.JavaGeneratorFactory  - excluding code generation for non-included QName:{gme://caCORE.caCORE/3.2/gov.nih.nci.cacoresdk.domain.inheritance.multiplechild}GraduateStudent
OUT>      [java] [Thread-2] INFO  toJava.JavaGeneratorFactory  - excluding code generation for non-included QName:{uri:iso.org:21090}QSET_INT.NonNeg[0,unbounded]
OUT>      [java] [Thread-2] INFO  toJava.JavaGeneratorFactory  - excluding code generation for non-included QName:{uri:iso.org:21090}QSI_RTO
OUT>      [java] [Thread-2] INFO  toJava.JavaGeneratorFactory  - excluding code generation for non-included QName:{uri:iso.org:21090}UVP_MO
OUT>      [java] [Thread-2] INFO  toJava.JavaGeneratorFactory  - excluding code generation for non-included QName:{uri:iso.org:21090}UVP_TEL.Phone
OUT>      [java] [Thread-2] INFO  toJava.JavaGeneratorFactory  - excluding code generation for non-included QName:{uri:iso.org:21090}NPPD_SC
OUT>      [java] [Thread-2] INFO  toJava.JavaGeneratorFactory  - excluding code generation for non-included QName:{uri:iso.org:21090}QSET.BoundedPIVL
OUT>      [java] [Thread-2] INFO  toJava.JavaGeneratorFactory  - excluding code generation for non-included QName:{uri:iso.org:21090}BL.NonNull
OUT>      [java] [Thread-2] INFO  toJava.JavaGeneratorFactory  - excluding code generation for non-included QName:{uri:iso.org:21090}QSU_REAL
OUT>      [java] [Thread-2] INFO  toJava.JavaGeneratorFactory  - excluding code generation for non-included QName:{uri:iso.org:21090}COLL_ED.Doc
OUT>      [java] [Thread-2] INFO  toJava.JavaGeneratorFactory  - excluding code generation for non-included QName:{uri:iso.org:21090}COLL_INT.NonNeg
OUT>      [java] [Thread-2] INFO  toJava.JavaGeneratorFactory  - excluding code generation for non-included QName:{uri:iso.org:21090}UVP_SC[0,unbounded]
OUT>      [java] [Thread-2] INFO  toJava.JavaGeneratorFactory  - excluding code generation for non-included QName:{gme://caCORE.caCORE/3.2/gov.nih.nci.cacoresdk.domain.onetomany.bidirectional}>Computer>hardDriveCollection
OUT>      [java] [Thread-2] INFO  toJava.JavaGeneratorFactory  - excluding code generation for non-included QName:{uri:iso.org:21090}QSS_PQ
OUT>      [java] [Thread-2] INFO  toJava.JavaGeneratorFactory  - excluding code generation for non-included QName:{uri:iso.org:21090}UVP_REAL
OUT>      [java] [Thread-2] INFO  toJava.JavaGeneratorFactory  - excluding code generation for non-included QName:{uri:iso.org:21090}QSU_MO
OUT>      [java] [Thread-2] INFO  toJava.JavaGeneratorFactory  - excluding code generation for non-included QName:{uri:iso.org:21090}UVP_TEL.Person[0,unbounded]
OUT>      [java] [Thread-2] INFO  toJava.JavaGeneratorFactory  - excluding code generation for non-included QName:{uri:iso.org:21090}NPPD_PQ.Time
OUT>      [java] [Thread-2] INFO  toJava.JavaGeneratorFactory  - excluding code generation for non-included QName:{http://docs.oasis-open.org/wsrf/2004/06/wsrf-WS-ResourceProperties-1.2-draft-01.xsd}>SetResourceProperties
OUT>      [java] [Thread-2] INFO  toJava.JavaGeneratorFactory  - excluding code generation for non-included QName:{uri:iso.org:21090}BAG_CD.CV
OUT>      [java] [Thread-2] INFO  toJava.JavaGeneratorFactory  - excluding code generation for non-included QName:{uri:iso.org:21090}IVL.Width_MO
OUT>      [java] [Thread-2] INFO  toJava.JavaGeneratorFactory  - excluding code generation for non-included QName:{uri:iso.org:21090}TimingEvent
OUT>      [java] [Thread-2] INFO  toJava.JavaGeneratorFactory  - excluding code generation for non-included QName:{uri:iso.org:21090}COLL_ED.Narrative
OUT>      [java] [Thread-2] INFO  toJava.JavaGeneratorFactory  - excluding code generation for non-included QName:{http://CQL.caBIG/2/org.cagrid.cql2}NamedAttribute[,unbounded]
OUT>      [java] [Thread-2] INFO  toJava.JavaGeneratorFactory  - excluding code generation for non-included QName:{gme://caCORE.caCORE/3.2/gov.nih.nci.cacoresdk.domain.other.primarykey}StringKey
OUT>      [java] [Thread-2] INFO  toJava.JavaGeneratorFactory  - excluding code generation for non-included QName:{uri:iso.org:21090}BAG_ED.Image
OUT>      [java] [Thread-2] INFO  toJava.JavaGeneratorFactory  - excluding code generation for non-included QName:{http://docs.oasis-open.org/wsrf/2004/06/wsrf-WS-BaseFaults-1.2-draft-01.xsd}>BaseFaultType>ErrorCode
OUT>      [java] [Thread-2] INFO  toJava.JavaGeneratorFactory  - excluding code generation for non-included QName:{http://CQL.caBIG/2/org.cagrid.cql2.results}CQLAttributeResult
OUT>      [java] [Thread-2] INFO  toJava.JavaGeneratorFactory  - excluding code generation for non-included QName:{uri:iso.org:21090}UVP_TS.Birth
OUT>      [java] [Thread-2] INFO  toJava.JavaGeneratorFactory  - excluding code generation for non-included QName:{gme://caCORE.caCORE/3.2/gov.nih.nci.cacoresdk.domain.inheritance.implicit}Substrate
OUT>      [java] [Thread-2] INFO  toJava.JavaGeneratorFactory  - excluding code generation for non-included QName:{uri:iso.org:21090}TEL
OUT>      [java] [Thread-2] INFO  toJava.JavaGeneratorFactory  - excluding code generation for non-included QName:{uri:iso.org:21090}QSU_TS.DateTime.Full
OUT>      [java] [Thread-2] INFO  toJava.JavaGeneratorFactory  - excluding code generation for non-included QName:{gme://caCORE.caCORE/3.2/gov.nih.nci.cacoresdk.domain.inheritance.parentwithassociation}Assistant
OUT>      [java] [Thread-2] INFO  toJava.JavaGeneratorFactory  - excluding code generation for non-included QName:{uri:iso.org:21090}NPPD_CS
OUT>      [java] [Thread-2] INFO  toJava.JavaGeneratorFactory  - excluding code generation for non-included QName:{uri:iso.org:21090}NPPD_RTO
OUT>      [java] [Thread-2] INFO  toJava.JavaGeneratorFactory  - excluding code generation for non-included QName:{gme://caCORE.caCORE/3.2/gov.nih.nci.cacoresdk.domain.inheritance.abstrakt}Pupil
OUT>      [java] [Thread-2] INFO  toJava.JavaGeneratorFactory  - excluding code generation for non-included QName:{uri:iso.org:21090}GLIST_CO
OUT>      [java] [Thread-2] INFO  toJava.JavaGeneratorFactory  - excluding code generation for non-included QName:{gme://caCORE.caCORE/3.2/gov.nih.nci.cacoresdk.domain.other.primarykey}LongKey
OUT>      [java] [Thread-2] INFO  toJava.JavaGeneratorFactory  - excluding code generation for non-included QName:{uri:iso.org:21090}NPPD_CO
OUT>      [java] [Thread-2] INFO  toJava.JavaGeneratorFactory  - excluding code generation for non-included QName:{uri:iso.org:21090}LIST_TS.Date.Full
OUT>      [java] [Thread-2] INFO  toJava.JavaGeneratorFactory  - excluding code generation for non-included QName:{uri:iso.org:21090}NPPD_CD
OUT>      [java] [Thread-2] INFO  toJava.JavaGeneratorFactory  - excluding code generation for non-included QName:{gme://caGrid.caBIG/1.0/gov.nih.nci.cagrid.metadata.common}SemanticMetadata
OUT>      [java] [Thread-2] INFO  toJava.JavaGeneratorFactory  - excluding code generation for non-included QName:{uri:iso.org:21090}IVL.Width_TS.DateTime
OUT>      [java] [Thread-2] INFO  toJava.JavaGeneratorFactory  - excluding code generation for non-included QName:{uri:iso.org:21090}HIST_EN.TN
OUT>      [java] [Thread-2] INFO  toJava.JavaGeneratorFactory  - excluding code generation for non-included QName:{http://CQL.caBIG/2/org.cagrid.cql2}PopulationDepth
OUT>      [java] [Thread-2] INFO  toJava.JavaGeneratorFactory  - excluding code generation for non-included QName:{uri:iso.org:21090}UncertaintyType
OUT>      [java] [Thread-2] INFO  toJava.JavaGeneratorFactory  - excluding code generation for non-included QName:{uri:iso.org:21090}LIST_ED.Doc.Inline
OUT>      [java] [Thread-2] INFO  toJava.JavaGeneratorFactory  - excluding code generation for non-included QName:{uri:iso.org:21090}TEL[0,0]
OUT>      [java] [Thread-2] INFO  toJava.JavaGeneratorFactory  - excluding code generation for non-included QName:{uri:iso.org:21090}LIST_AD
OUT>      [java] [Thread-2] INFO  toJava.JavaGeneratorFactory  - excluding code generation for non-included QName:{uri:iso.org:21090}UVP_TEL.Url[0,unbounded]
OUT>      [java] [Thread-2] INFO  toJava.JavaGeneratorFactory  - excluding code generation for non-included QName:{uri:iso.org:21090}UVP_SC.NT[0,unbounded]
OUT>      [java] [Thread-2] INFO  toJava.JavaGeneratorFactory  - excluding code generation for non-included QName:{gme://caCORE.caCORE/3.2/gov.nih.nci.cacoresdk.domain.other.datatype}PqDataType
OUT>      [java] [Thread-2] INFO  toJava.JavaGeneratorFactory  - excluding code generation for non-included QName:{uri:iso.org:21090}SC.NT[0,unbounded]
OUT>      [java] [Thread-2] INFO  toJava.JavaGeneratorFactory  - excluding code generation for non-included QName:{uri:iso.org:21090}IVL.Low_INT.Positive
OUT>      [java] [Thread-2] INFO  toJava.JavaGeneratorFactory  - excluding code generation for non-included QName:{uri:iso.org:21090}EIVL_TS.Date.Full
OUT>      [java] [Thread-2] INFO  toJava.JavaGeneratorFactory  - excluding code generation for non-included QName:{gme://caCORE.caCORE/3.2/gov.nih.nci.cacoresdk.domain.other.levelassociation}Hand
OUT>      [java] [Thread-2] INFO  toJava.JavaGeneratorFactory  - excluding code generation for non-included QName:{gme://caCORE.caCORE/3.2/gov.nih.nci.cacoresdk.domain.other.primarykey}CharacterPrimitiveKey
OUT>      [java] [Thread-2] INFO  toJava.JavaGeneratorFactory  - excluding code generation for non-included QName:{uri:iso.org:21090}TS[0,unbounded]
OUT>      [java] [Thread-2] INFO  toJava.JavaGeneratorFactory  - excluding code generation for non-included QName:{uri:iso.org:21090}>list
OUT>      [java] [Thread-2] INFO  toJava.JavaGeneratorFactory  - excluding code generation for non-included QName:{uri:iso.org:21090}COLL_ED.Signature
OUT>      [java] [Thread-2] INFO  toJava.JavaGeneratorFactory  - excluding code generation for non-included QName:{uri:iso.org:21090}QSP_PQ.Time
OUT>      [java] [Thread-2] INFO  toJava.JavaGeneratorFactory  - excluding code generation for non-included QName:{uri:iso.org:21090}UVP_INT
OUT>      [java] [Thread-2] INFO  toJava.JavaGeneratorFactory  - excluding code generation for non-included QName:{uri:iso.org:21090}RTO[0,0]
OUT>      [java] [Thread-2] INFO  toJava.JavaGeneratorFactory  - excluding code generation for non-included QName:{uri:iso.org:21090}GLIST_RTO
OUT>      [java] [Thread-2] INFO  toJava.JavaGeneratorFactory  - excluding code generation for non-included QName:{gme://caCORE.caCORE/3.2/gov.nih.nci.cacoresdk.domain.inheritance.parentwithassociation}>Professor>assistantCollection
OUT>      [java] [Thread-2] INFO  toJava.JavaGeneratorFactory  - excluding code generation for non-included QName:{uri:iso.org:21090}NPPD_EN
OUT>      [java] [Thread-2] INFO  toJava.JavaGeneratorFactory  - excluding code generation for non-included QName:{uri:iso.org:21090}II[0,unbounded]
OUT>      [java] [Thread-2] INFO  toJava.JavaGeneratorFactory  - excluding code generation for non-included QName:{uri:iso.org:21090}NPPD_ED
OUT>      [java] [Thread-2] INFO  toJava.JavaGeneratorFactory  - excluding code generation for non-included QName:{uri:iso.org:21090}BAG_ED.Text
OUT>      [java] [Thread-2] INFO  toJava.JavaGeneratorFactory  - excluding code generation for non-included QName:{http://CQL.caBIG/2/org.cagrid.cql2}NamedAssociation
OUT>      [java] [Thread-2] INFO  toJava.JavaGeneratorFactory  - excluding code generation for non-included QName:{uri:iso.org:21090}COLL_TEL
OUT>      [java] [Thread-2] INFO  toJava.JavaGeneratorFactory  - excluding code generation for non-included QName:{http://CQL.caBIG/2/org.cagrid.cql2}Aggregation
OUT>      [java] [Thread-2] INFO  toJava.JavaGeneratorFactory  - excluding code generation for non-included QName:{http://CQL.caBIG/2/org.cagrid.cql2.results}TargetAttribute[,unbounded]
OUT>      [java] [Thread-2] INFO  toJava.JavaGeneratorFactory  - excluding code generation for non-included QName:{uri:iso.org:21090}>linkHtml
OUT>      [java] [Thread-2] INFO  toJava.JavaGeneratorFactory  - excluding code generation for non-included QName:{http://schemas.xmlsoap.org/ws/2004/03/addressing}Relationship
OUT>      [java] [Thread-2] INFO  toJava.JavaGeneratorFactory  - excluding code generation for non-included QName:{uri:iso.org:21090}UVP_ST.NT
OUT>      [java] [Thread-2] INFO  toJava.JavaGeneratorFactory  - excluding code generation for non-included QName:{uri:iso.org:21090}LIST_CO
OUT>      [java] [Thread-2] INFO  toJava.JavaGeneratorFactory  - excluding code generation for non-included QName:{http://docs.oasis-open.org/wsrf/2004/06/wsrf-WS-BaseFaults-1.2-draft-01.xsd}BaseFaultType[0,unbounded]
OUT>      [java] [Thread-2] INFO  toJava.JavaGeneratorFactory  - excluding code generation for non-included QName:{uri:iso.org:21090}UVP_PQ.Time
OUT>      [java] [Thread-2] INFO  toJava.JavaGeneratorFactory  - excluding code generation for non-included QName:{uri:iso.org:21090}SLIST_TS.Date.Full
OUT>      [java] [Thread-2] INFO  toJava.JavaGeneratorFactory  - excluding code generation for non-included QName:{uri:iso.org:21090}BAG_ST
OUT>      [java] [Thread-2] INFO  toJava.JavaGeneratorFactory  - excluding code generation for non-included QName:{uri:iso.org:21090}UVP_RTO
OUT>      [java] [Thread-2] INFO  toJava.JavaGeneratorFactory  - excluding code generation for non-included QName:{uri:iso.org:21090}UVP_TEL.Email
OUT>      [java] [Thread-2] INFO  toJava.JavaGeneratorFactory  - excluding code generation for non-included QName:{gme://caCORE.caCORE/3.2/gov.nih.nci.cacoresdk.domain.other.primarykey}StringPrimitiveKey
OUT>      [java] [Thread-2] INFO  toJava.JavaGeneratorFactory  - excluding code generation for non-included QName:{uri:iso.org:21090}GLIST_INT
OUT>      [java] [Thread-2] INFO  toJava.JavaGeneratorFactory  - excluding code generation for non-included QName:{uri:iso.org:21090}LIST_CD
OUT>      [java] [Thread-2] INFO  toJava.JavaGeneratorFactory  - excluding code generation for non-included QName:{uri:iso.org:21090}QSU_INT.NonNeg
OUT>      [java] [Thread-2] INFO  toJava.JavaGeneratorFactory  - excluding code generation for non-included QName:{uri:iso.org:21090}BAG_SC
OUT>      [java] [Thread-2] INFO  toJava.JavaGeneratorFactory  - excluding code generation for non-included QName:{uri:iso.org:21090}UVP_CD.CV[0,unbounded]
OUT>      [java] [Thread-2] INFO  toJava.JavaGeneratorFactory  - excluding code generation for non-included QName:{uri:iso.org:21090}LIST_CS
OUT>      [java] [Thread-2] INFO  toJava.JavaGeneratorFactory  - excluding code generation for non-included QName:{uri:iso.org:21090}UVP_CD.CE[0,unbounded]
OUT>      [java] [Thread-2] INFO  toJava.JavaGeneratorFactory  - excluding code generation for non-included QName:{gme://caCORE.caCORE/3.2/gov.nih.nci.cacoresdk.domain.inheritance.abstrakt}Teacher
OUT>      [java] [Thread-2] INFO  toJava.JavaGeneratorFactory  - excluding code generation for non-included QName:{uri:iso.org:21090}NPPD_CD.CE.None
OUT>      [java] [Thread-2] INFO  toJava.JavaGeneratorFactory  - excluding code generation for non-included QName:{uri:iso.org:21090}LIST_BL
OUT>      [java] [Thread-2] INFO  toJava.JavaGeneratorFactory  - excluding code generation for non-included QName:{uri:iso.org:21090}>>td>valign
OUT>      [java] [Thread-2] INFO  toJava.JavaGeneratorFactory  - excluding code generation for non-included QName:{uri:iso.org:21090}BAG_TS
OUT>      [java] [Thread-2] INFO  toJava.JavaGeneratorFactory  - excluding code generation for non-included QName:{uri:iso.org:21090}DSET_ED.Image
OUT>      [java] [Thread-2] INFO  toJava.JavaGeneratorFactory  - excluding code generation for non-included QName:{uri:iso.org:21090}IVL.Width_PQ
OUT>      [java] [Thread-2] INFO  toJava.JavaGeneratorFactory  - excluding code generation for non-included QName:{uri:iso.org:21090}HIST_EN.PN
OUT>      [java] [Thread-2] INFO  toJava.JavaGeneratorFactory  - excluding code generation for non-included QName:{uri:iso.org:21090}TS.Date.Full[0,unbounded]
OUT>      [java] [Thread-2] INFO  toJava.JavaGeneratorFactory  - excluding code generation for non-included QName:{uri:iso.org:21090}QSS_MO
OUT>      [java] [Thread-2] INFO  toJava.JavaGeneratorFactory  - excluding code generation for non-included QName:{uri:iso.org:21090}CD[0,0]
OUT>      [java] [Thread-2] INFO  toJava.JavaGeneratorFactory  - excluding code generation for non-included QName:{uri:iso.org:21090}DSET_CD.CE.None
OUT>      [java] [Thread-2] INFO  toJava.JavaGeneratorFactory  - excluding code generation for non-included QName:{uri:iso.org:21090}UVP_PQ.Time[0,unbounded]
OUT>      [java] [Thread-2] INFO  toJava.JavaGeneratorFactory  - excluding code generation for non-included QName:{uri:iso.org:21090}>>colgroup>valign
OUT>      [java] [Thread-2] INFO  toJava.JavaGeneratorFactory  - excluding code generation for non-included QName:{uri:iso.org:21090}CD.CE.None
OUT>      [java] [Thread-2] INFO  toJava.JavaGeneratorFactory  - excluding code generation for non-included QName:{http://docs.oasis-open.org/wsn/2004/06/wsn-WS-BaseNotification-1.2-draft-01.xsd}>ResumeSubscription
OUT>      [java] [Thread-2] INFO  toJava.JavaGeneratorFactory  - excluding code generation for non-included QName:{gme://caGrid.caBIG/1.0/gov.nih.nci.cagrid.metadata.security}ServiceSecurityMetadata
OUT>      [java] [Thread-2] INFO  toJava.JavaGeneratorFactory  - excluding code generation for non-included QName:{uri:iso.org:21090}QSD_REAL
OUT>      [java] [Thread-2] INFO  toJava.JavaGeneratorFactory  - excluding code generation for non-included QName:{gme://caGrid.caBIG/1.0/gov.nih.nci.cagrid.metadata.service}>Operation>inputParameterCollection
OUT>      [java] [Thread-2] INFO  toJava.JavaGeneratorFactory  - excluding code generation for non-included QName:{uri:iso.org:21090}LIST_EN
OUT>      [java] [Thread-2] INFO  toJava.JavaGeneratorFactory  - excluding code generation for non-included QName:{uri:iso.org:21090}DSET_TEL.Person
OUT>      [java] [Thread-2] INFO  toJava.JavaGeneratorFactory  - excluding code generation for non-included QName:{uri:iso.org:21090}QSI_TS.Date.Full
OUT>      [java] [Thread-2] INFO  toJava.JavaGeneratorFactory  - excluding code generation for non-included QName:{http://CQL.caBIG/2/org.cagrid.cql2.results}ExtendedCQLResult
OUT>      [java] [Thread-2] INFO  toJava.JavaGeneratorFactory  - excluding code generation for non-included QName:{gme://caCORE.caCORE/3.2/gov.nih.nci.cacoresdk.domain.other.datatype}BlNonNullDataType
OUT>      [java] [Thread-2] INFO  toJava.JavaGeneratorFactory  - excluding code generation for non-included QName:{gme://caCORE.caCORE/3.2/gov.nih.nci.cacoresdk.domain.onetomany.bidirectional.withjoin}Passanger
OUT>      [java] [Thread-2] INFO  toJava.JavaGeneratorFactory  - excluding code generation for non-included QName:{uri:iso.org:21090}QSD_CO
OUT>      [java] [Thread-2] INFO  toJava.JavaGeneratorFactory  - excluding code generation for non-included QName:{uri:iso.org:21090}LIST_ED
OUT>      [java] [Thread-2] INFO  toJava.JavaGeneratorFactory  - excluding code generation for non-included QName:{uri:iso.org:21090}QSD_TS
OUT>      [java] [Thread-2] INFO  toJava.JavaGeneratorFactory  - excluding code generation for non-included QName:{uri:iso.org:21090}QSP_TS.Date.Full
OUT>      [java] [Thread-2] INFO  toJava.JavaGeneratorFactory  - excluding code generation for non-included QName:{uri:iso.org:21090}COLL_TEL.Url
OUT>      [java] [Thread-2] INFO  toJava.JavaGeneratorFactory  - excluding code generation for non-included QName:{uri:iso.org:21090}QSET_RTO
OUT>      [java] [Thread-2] INFO  toJava.JavaGeneratorFactory  - excluding code generation for non-included QName:{gme://caCORE.caCORE/3.2/gov.nih.nci.cacoresdk.domain.onetoone.bidirectional}OrderLine
OUT>      [java] [Thread-2] INFO  toJava.JavaGeneratorFactory  - excluding code generation for non-included QName:{http://schemas.xmlsoap.org/ws/2004/03/addressing}ReplyAfterType
OUT>      [java] [Thread-2] INFO  toJava.JavaGeneratorFactory  - excluding code generation for non-included QName:{uri:iso.org:21090}NPPD_ED.Image
OUT>      [java] [Thread-2] INFO  toJava.JavaGeneratorFactory  - excluding code generation for non-included QName:{uri:iso.org:21090}BAG_TS.Birth
OUT>      [java] [Thread-2] INFO  toJava.JavaGeneratorFactory  - excluding code generation for non-included QName:{uri:iso.org:21090}IVL.Width_INT.Positive
OUT>      [java] [Thread-2] INFO  toJava.JavaGeneratorFactory  - excluding code generation for non-included QName:{uri:iso.org:21090}IVL_INT
OUT>      [java] [Thread-2] INFO  toJava.JavaGeneratorFactory  - excluding code generation for non-included QName:{uri:iso.org:21090}COLL_CD.CE.None
OUT>      [java] [Thread-2] INFO  toJava.JavaGeneratorFactory  - excluding code generation for non-included QName:{uri:iso.org:21090}ST[0,unbounded]
OUT>      [java] [Thread-2] INFO  toJava.JavaGeneratorFactory  - excluding code generation for non-included QName:{uri:iso.org:21090}>tbody
OUT>      [java] [Thread-2] INFO  toJava.JavaGeneratorFactory  - excluding code generation for non-included QName:{uri:iso.org:21090}BAG_TS.DateTime
OUT>      [java] [Thread-2] INFO  toJava.JavaGeneratorFactory  - excluding code generation for non-included QName:{http://docs.oasis-open.org/wsrf/2004/06/wsrf-WS-ResourceProperties-1.2-draft-01.xsd}InvalidQueryExpressionFaultType
OUT>      [java] [Thread-2] INFO  toJava.JavaGeneratorFactory  - excluding code generation for non-included QName:{uri:iso.org:21090}IVL.Low_PQ.Time
OUT>      [java] [Thread-2] INFO  toJava.JavaGeneratorFactory  - excluding code generation for non-included QName:{http://docs.oasis-open.org/wsrf/2004/06/wsrf-WS-BaseFaults-1.2-draft-01.xsd}>BaseFaultType>Description
OUT>      [java] [Thread-2] INFO  toJava.JavaGeneratorFactory  - excluding code generation for non-included QName:{uri:iso.org:21090}IVL.High_RTO
OUT>      [java] [Thread-2] INFO  toJava.JavaGeneratorFactory  - excluding code generation for non-included QName:{uri:iso.org:21090}HIST_ED.Text
OUT>      [java] [Thread-2] INFO  toJava.JavaGeneratorFactory  - excluding code generation for non-included QName:{uri:iso.org:21090}NPPD_II
OUT>      [java] [Thread-2] INFO  toJava.JavaGeneratorFactory  - excluding code generation for non-included QName:{uri:iso.org:21090}NPPD_ED.Narrative
OUT>      [java] [Thread-2] INFO  toJava.JavaGeneratorFactory  - excluding code generation for non-included QName:{gme://caCORE.caCORE/3.2/gov.nih.nci.cacoresdk.domain.inheritance.implicit}FishTank
OUT>      [java] [Thread-2] INFO  toJava.JavaGeneratorFactory  - excluding code generation for non-included QName:{uri:iso.org:21090}set_EntityNamePartQualifier
OUT>      [java] [Thread-2] INFO  toJava.JavaGeneratorFactory  - excluding code generation for non-included QName:{http://docs.oasis-open.org/wsn/2004/06/wsn-WS-BaseNotification-1.2-draft-01.xsd}>Notify
OUT>      [java] [Thread-2] INFO  toJava.JavaGeneratorFactory  - excluding code generation for non-included QName:{uri:iso.org:21090}MO[0,0]
OUT>      [java] [Thread-2] INFO  toJava.JavaGeneratorFactory  - excluding code generation for non-included QName:{gme://caCORE.caCORE/3.2/gov.nih.nci.cacoresdk.domain.onetoone.multipleassociation}Child
OUT>      [java] [Thread-2] INFO  toJava.JavaGeneratorFactory  - excluding code generation for non-included QName:{uri:iso.org:21090}IVL.High_MO
OUT>      [java] [Thread-2] INFO  toJava.JavaGeneratorFactory  - excluding code generation for non-included QName:{uri:iso.org:21090}>renderMultiMedia
OUT>      [java] [Thread-2] INFO  toJava.JavaGeneratorFactory  - excluding code generation for non-included QName:{uri:iso.org:21090}CD.CV[0,unbounded]
OUT>      [java] [Thread-2] INFO  toJava.JavaGeneratorFactory  - excluding code generation for non-included QName:{http://docs.oasis-open.org/wsn/2004/06/wsn-WS-BaseNotification-1.2-draft-01.xsd}>GetCurrentMessage
OUT>      [java] [Thread-2] INFO  toJava.JavaGeneratorFactory  - excluding code generation for non-included QName:{http://docs.oasis-open.org/wsrf/2004/06/wsrf-WS-ResourceProperties-1.2-draft-01.xsd}QueryExpressionType
OUT>      [java] [Thread-2] INFO  toJava.JavaGeneratorFactory  - excluding code generation for non-included QName:{gme://caCORE.caCORE/3.2/gov.nih.nci.cacoresdk.domain.onetomany.bidirectional}HardDrive
OUT>      [java] [Thread-2] INFO  toJava.JavaGeneratorFactory  - excluding code generation for non-included QName:{uri:iso.org:21090}QSET_TS.Date
OUT>      [java] [Thread-2] INFO  toJava.JavaGeneratorFactory  - excluding code generation for non-included QName:{uri:iso.org:21090}COLL_II
OUT>      [java] [Thread-2] INFO  toJava.JavaGeneratorFactory  - excluding code generation for non-included QName:{uri:iso.org:21090}UVP_TS.Date.Full[0,unbounded]
OUT>      [java] [Thread-2] INFO  toJava.JavaGeneratorFactory  - excluding code generation for non-included QName:{http://CQL.caBIG/2/org.cagrid.cql2}CQLExtension[,unbounded]
OUT>      [java] [Thread-2] INFO  toJava.JavaGeneratorFactory  - excluding code generation for non-included QName:{uri:iso.org:21090}TEL.Email[0,unbounded]
OUT>      [java] [Thread-2] INFO  toJava.JavaGeneratorFactory  - excluding code generation for non-included QName:{uri:iso.org:21090}IVL_PQ
OUT>      [java] [Thread-2] INFO  toJava.JavaGeneratorFactory  - excluding code generation for non-included QName:{uri:iso.org:21090}DSET_INT.Positive
OUT>      [java] [Thread-2] INFO  toJava.JavaGeneratorFactory  - excluding code generation for non-included QName:{uri:iso.org:21090}GLIST_PQ.Time
OUT>      [java] [Thread-2] INFO  toJava.JavaGeneratorFactory  - excluding code generation for non-included QName:{uri:iso.org:21090}QSD_TS.Date
OUT>      [java] [Thread-2] INFO  toJava.JavaGeneratorFactory  - excluding code generation for non-included QName:{uri:iso.org:21090}GLIST_TS.Birth
OUT>      [java] [Thread-2] INFO  toJava.JavaGeneratorFactory  - excluding code generation for non-included QName:{http://docs.oasis-open.org/wsrf/2004/06/wsrf-WS-ResourceProperties-1.2-draft-01.xsd}QueryEvaluationErrorFaultType
OUT>      [java] [Thread-2] INFO  toJava.JavaGeneratorFactory  - excluding code generation for non-included QName:{uri:iso.org:21090}UVP_TS.DateTime
OUT>      [java] [Thread-2] INFO  toJava.JavaGeneratorFactory  - excluding code generation for non-included QName:{gme://caCORE.caCORE/3.2/gov.nih.nci.cacoresdk.domain.inheritance.abstrakt}>Teacher>pupilCollection
OUT>      [java] [Thread-2] INFO  toJava.JavaGeneratorFactory  - excluding code generation for non-included QName:{uri:iso.org:21090}LIST_MO
OUT>      [java] [Thread-2] INFO  toJava.JavaGeneratorFactory  - excluding code generation for non-included QName:{uri:iso.org:21090}NPPD_TEL.Phone
OUT>      [java] [Thread-2] INFO  toJava.JavaGeneratorFactory  - excluding code generation for non-included QName:{uri:iso.org:21090}QSD_INT
OUT>      [java] [Thread-2] INFO  toJava.JavaGeneratorFactory  - excluding code generation for non-included QName:{uri:iso.org:21090}ENXP[0,unbounded]
OUT>      [java] [Thread-2] INFO  toJava.JavaGeneratorFactory  - excluding code generation for non-included QName:{uri:iso.org:21090}REAL
OUT>      [java] [Thread-2] INFO  toJava.JavaGeneratorFactory  - excluding code generation for non-included QName:{http://docs.oasis-open.org/wsrf/2004/06/wsrf-WS-ResourceLifetime-1.2-draft-01.xsd}ResourceNotDestroyedFaultType
OUT>      [java] [Thread-2] INFO  toJava.JavaGeneratorFactory  - excluding code generation for non-included QName:{gme://caCORE.caCORE/3.2/gov.nih.nci.cacoresdk.domain.onetoone.multipleassociation}Parent
OUT>      [java] [Thread-2] INFO  toJava.JavaGeneratorFactory  - excluding code generation for non-included QName:{gme://caCORE.caCORE/3.2/gov.nih.nci.cacoresdk.domain.inheritance.onechild.sametable}Note
OUT>      [java] [Thread-2] INFO  toJava.JavaGeneratorFactory  - excluding code generation for non-included QName:{uri:iso.org:21090}QSET_PQ.Time[0,unbounded]
OUT>      [java] [Thread-2] INFO  toJava.JavaGeneratorFactory  - excluding code generation for non-included QName:{gme://caCORE.caCORE/3.2/gov.nih.nci.cacoresdk.domain.manytomany.bidirectional}Project
OUT>      [java] [Thread-2] INFO  toJava.JavaGeneratorFactory  - excluding code generation for non-included QName:{uri:iso.org:21090}GLIST_TS.Date
OUT>      [java] [Thread-2] INFO  toJava.JavaGeneratorFactory  - excluding code generation for non-included QName:{http://gov.nih.nci.cagrid.data/DataServiceExceptions}QueryProcessingExceptionType
OUT>      [java] [Thread-2] INFO  toJava.JavaGeneratorFactory  - excluding code generation for non-included QName:{http://docs.oasis-open.org/wsn/2004/06/wsn-WS-BaseNotification-1.2-draft-01.xsd}>SubscribeResponse
OUT>      [java] [Thread-2] INFO  toJava.JavaGeneratorFactory  - excluding code generation for non-included QName:{uri:iso.org:21090}COLL_ED.Image
OUT>      [java] [Thread-2] INFO  toJava.JavaGeneratorFactory  - excluding code generation for non-included QName:{uri:iso.org:21090}QSET_TS.Date[0,unbounded]
OUT>      [java] [Thread-2] INFO  toJava.JavaGeneratorFactory  - excluding code generation for non-included QName:{uri:iso.org:21090}NPPD_TEL
OUT>      [java] [Thread-2] INFO  toJava.JavaGeneratorFactory  - excluding code generation for non-included QName:{uri:iso.org:21090}IdentifierReliability
OUT>      [java] [Thread-2] INFO  toJava.JavaGeneratorFactory  - excluding code generation for non-included QName:{uri:iso.org:21090}NPPD_EN.ON
OUT>      [java] [Thread-2] INFO  toJava.JavaGeneratorFactory  - excluding code generation for non-included QName:{gme://caGrid.caBIG/1.0/gov.nih.nci.cagrid.metadata}>ServiceMetadata>hostingResearchCenter
OUT>      [java] [Thread-2] INFO  toJava.JavaGeneratorFactory  - excluding code generation for non-included QName:{gme://caCORE.caCORE/3.2/gov.nih.nci.cacoresdk.domain.other.datatype}DsetAdDataType
OUT>      [java] [Thread-2] INFO  toJava.JavaGeneratorFactory  - excluding code generation for non-included QName:{uri:iso.org:21090}QSI_MO
OUT>      [java] [Thread-2] INFO  toJava.JavaGeneratorFactory  - excluding code generation for non-included QName:{uri:iso.org:21090}IVL.Width_TS
OUT>      [java] [Thread-2] INFO  toJava.JavaGeneratorFactory  - excluding code generation for non-included QName:{uri:iso.org:21090}TEL.Person
OUT>      [java] [Thread-2] INFO  toJava.JavaGeneratorFactory  - excluding code generation for non-included QName:{gme://caCORE.caCORE/3.2/gov.nih.nci.cacoresdk.domain.other.datatype}IvlRealDataType
OUT>      [java] [Thread-2] INFO  toJava.JavaGeneratorFactory  - excluding code generation for non-included QName:{uri:iso.org:21090}IVL_TS
OUT>      [java] [Thread-2] INFO  toJava.JavaGeneratorFactory  - excluding code generation for non-included QName:{uri:iso.org:21090}QSP_INT.NonNeg
OUT>      [java] [Thread-2] INFO  toJava.JavaGeneratorFactory  - excluding code generation for non-included QName:{gme://caCORE.caCORE/3.2/gov.nih.nci.cacoresdk.domain.manytoone.unidirectional}Chef
OUT>      [java] [Thread-2] INFO  toJava.JavaGeneratorFactory  - excluding code generation for non-included QName:{uri:iso.org:21090}IVL_TS.DateTime.Full
OUT>      [java] [Thread-2] INFO  toJava.JavaGeneratorFactory  - excluding code generation for non-included QName:{uri:iso.org:21090}UVP_ED.Text
OUT>      [java] [Thread-2] INFO  toJava.JavaGeneratorFactory  - excluding code generation for non-included QName:{gme://caCORE.caCORE/3.2/gov.nih.nci.cacoresdk.domain.other.primarykey}CharacterKey
OUT>      [java] [Thread-2] INFO  toJava.JavaGeneratorFactory  - excluding code generation for non-included QName:{uri:iso.org:21090}NPPD_INT.Positive
OUT>      [java] [Thread-2] INFO  toJava.JavaGeneratorFactory  - excluding code generation for non-included QName:{uri:iso.org:21090}IVL.High_PQ
OUT>      [java] [Thread-2] INFO  toJava.JavaGeneratorFactory  - excluding code generation for non-included QName:{gme://caCORE.caCORE/3.2/gov.nih.nci.cacoresdk.domain.inheritance.twolevelinheritance}CRTMonitor
OUT>      [java] [Thread-2] INFO  toJava.JavaGeneratorFactory  - excluding code generation for non-included QName:{uri:iso.org:21090}ED.Text[0,unbounded]
OUT>      [java] [Thread-2] INFO  toJava.JavaGeneratorFactory  - excluding code generation for non-included QName:{gme://caCORE.caCORE/3.2/gov.nih.nci.cacoresdk.domain.onetoone.bidirectional.withjoin}Chain
OUT>      [java] [Thread-2] INFO  toJava.JavaGeneratorFactory  - excluding code generation for non-included QName:{uri:iso.org:21090}TS.DateTime
OUT>      [java] [Thread-2] INFO  toJava.JavaGeneratorFactory  - excluding code generation for non-included QName:{uri:iso.org:21090}COLL_TEL.Phone
OUT>      [java] [Thread-2] INFO  toJava.JavaGeneratorFactory  - excluding code generation for non-included QName:{uri:iso.org:21090}IVL.High_PQ.Time
OUT>      [java] [Thread-2] INFO  toJava.JavaGeneratorFactory  - excluding code generation for non-included QName:{uri:iso.org:21090}QSS_PQ.Time
OUT>      [java] [Thread-2] INFO  toJava.JavaGeneratorFactory  - excluding code generation for non-included QName:{uri:iso.org:21090}DSET_ED.Narrative
OUT>      [java] [Thread-2] INFO  toJava.JavaGeneratorFactory  - excluding code generation for non-included QName:{uri:iso.org:21090}UVP_TS.Date.Full
OUT>      [java] [Thread-2] INFO  toJava.JavaGeneratorFactory  - excluding code generation for non-included QName:{uri:iso.org:21090}UVP_ED.Doc.Inline[0,unbounded]
OUT>      [java] [Thread-2] INFO  toJava.JavaGeneratorFactory  - excluding code generation for non-included QName:{uri:iso.org:21090}TS
OUT>      [java] [Thread-2] INFO  toJava.JavaGeneratorFactory  - excluding code generation for non-included QName:{uri:iso.org:21090}ED.Signature[0,unbounded]
OUT>      [java] [Thread-2] INFO  toJava.JavaGeneratorFactory  - excluding code generation for non-included QName:{uri:iso.org:21090}CD.CE.None[0,unbounded]
OUT>      [java] [Thread-2] INFO  toJava.JavaGeneratorFactory  - excluding code generation for non-included QName:{uri:iso.org:21090}IVL_RTO
OUT>      [java] [Thread-2] INFO  toJava.JavaGeneratorFactory  - excluding code generation for non-included QName:{uri:iso.org:21090}BL.NonNull[0,unbounded]
OUT>      [java] [Thread-2] INFO  toJava.JavaGeneratorFactory  - excluding code generation for non-included QName:{uri:iso.org:21090}BAG_TEL.Phone
OUT>      [java] [Thread-2] INFO  toJava.JavaGeneratorFactory  - excluding code generation for non-included QName:{uri:iso.org:21090}ST
OUT>      [java] [Thread-2] INFO  toJava.JavaGeneratorFactory  - excluding code generation for non-included QName:{uri:iso.org:21090}ST.NT
OUT>      [java] [Thread-2] INFO  toJava.JavaGeneratorFactory  - excluding code generation for non-included QName:{uri:iso.org:21090}COLL_MO
OUT>      [java] [Thread-2] INFO  toJava.JavaGeneratorFactory  - excluding code generation for non-included QName:{uri:iso.org:21090}UVP_INT.Positive
OUT>      [java] [Thread-2] INFO  toJava.JavaGeneratorFactory  - excluding code generation for non-included QName:{gme://caCORE.caCORE/3.2/gov.nih.nci.cacoresdk.domain.inheritance.twolevelinheritance.sametable}CommunistGovt
OUT>      [java] [Thread-2] INFO  toJava.JavaGeneratorFactory  - excluding code generation for non-included QName:{gme://caCORE.caCORE/3.2/gov.nih.nci.cacoresdk.domain.onetomany.unidirectional.withjoin}Shirt
OUT>      [java] [Thread-2] INFO  toJava.JavaGeneratorFactory  - excluding code generation for non-included QName:{uri:iso.org:21090}EN.TN[0,unbounded]
OUT>      [java] [Thread-2] INFO  toJava.JavaGeneratorFactory  - excluding code generation for non-included QName:{http://docs.oasis-open.org/wsrf/2004/06/wsrf-WS-ResourceProperties-1.2-draft-01.xsd}>ResourcePropertyValueChangeNotificationType>OldValue
OUT>      [java] [Thread-2] INFO  toJava.JavaGeneratorFactory  - excluding code generation for non-included QName:{uri:iso.org:21090}TS.Birth[0,unbounded]
OUT>      [java] [Thread-2] INFO  toJava.JavaGeneratorFactory  - excluding code generation for non-included QName:{uri:iso.org:21090}UVP_ED[0,unbounded]
OUT>      [java] [Thread-2] INFO  toJava.JavaGeneratorFactory  - excluding code generation for non-included QName:{uri:iso.org:21090}SC
OUT>      [java] [Thread-2] INFO  toJava.JavaGeneratorFactory  - excluding code generation for non-included QName:{gme://caCORE.caCORE/3.2/gov.nih.nci.cacoresdk.domain.other.levelassociation}>Deck>suitCollection
OUT>      [java] [Thread-2] INFO  toJava.JavaGeneratorFactory  - excluding code generation for non-included QName:{uri:iso.org:21090}LIST_II
OUT>      [java] [Thread-2] INFO  toJava.JavaGeneratorFactory  - excluding code generation for non-included QName:{uri:iso.org:21090}PQ.Time
OUT>      [java] [Thread-2] INFO  toJava.JavaGeneratorFactory  - excluding code generation for non-included QName:{gme://caCORE.caCORE/3.2/gov.nih.nci.cacoresdk.domain.other.datatype}TelPhoneDataType
OUT>      [java] [Thread-2] INFO  toJava.JavaGeneratorFactory  - excluding code generation for non-included QName:{uri:iso.org:21090}IVL_MO
OUT>      [java] [Thread-2] INFO  toJava.JavaGeneratorFactory  - excluding code generation for non-included QName:{uri:iso.org:21090}BAG_TEL
OUT>      [java] [Thread-2] INFO  toJava.JavaGeneratorFactory  - excluding code generation for non-included QName:{uri:iso.org:21090}HIST_ED.Narrative
OUT>      [java] [Thread-2] INFO  toJava.JavaGeneratorFactory  - excluding code generation for non-included QName:{uri:iso.org:21090}ED.Doc.Inline[0,unbounded]
OUT>      [java] [Thread-2] INFO  toJava.JavaGeneratorFactory  - excluding code generation for non-included QName:{http://CQL.caBIG/2/org.cagrid.cql2.results}CQLResult
OUT>      [java] [Thread-2] INFO  toJava.JavaGeneratorFactory  - excluding code generation for non-included QName:{http://docs.oasis-open.org/wsn/2004/06/wsn-WS-BaseNotification-1.2-draft-01.xsd}>ResumeSubscriptionResponse
OUT>      [java] [Thread-2] INFO  toJava.JavaGeneratorFactory  - excluding code generation for non-included QName:{uri:iso.org:21090}set_CodingRationale
OUT>      [java] [Thread-2] INFO  toJava.JavaGeneratorFactory  - excluding code generation for non-included QName:{gme://caCORE.caCORE/3.2/gov.nih.nci.cacoresdk.domain.inheritance.childwithassociation.sametable}SportsShoes
OUT>      [java] [Thread-2] INFO  toJava.JavaGeneratorFactory  - excluding code generation for non-included QName:{uri:iso.org:21090}>>tr>valign
OUT>      [java] [Thread-2] INFO  toJava.JavaGeneratorFactory  - excluding code generation for non-included QName:{uri:iso.org:21090}IVL.Width_RTO
OUT>      [java] [Thread-2] INFO  toJava.JavaGeneratorFactory  - excluding code generation for non-included QName:{uri:iso.org:21090}SLIST_INT
OUT>      [java] [Thread-2] INFO  toJava.JavaGeneratorFactory  - excluding code generation for non-included QName:{uri:iso.org:21090}IVL.Low_TS
OUT>      [java] [Thread-2] INFO  toJava.JavaGeneratorFactory  - excluding code generation for non-included QName:{uri:iso.org:21090}NPPD_INT.NonNeg
OUT>      [java] [Thread-2] INFO  toJava.JavaGeneratorFactory  - excluding code generation for non-included QName:{uri:iso.org:21090}QSD_RTO
OUT>      [java] [Thread-2] INFO  toJava.JavaGeneratorFactory  - excluding code generation for non-included QName:{uri:iso.org:21090}COLL_REAL
OUT>      [java] [Thread-2] INFO  toJava.JavaGeneratorFactory  - excluding code generation for non-included QName:{uri:iso.org:21090}LIST_TEL.Email
OUT>      [java] [Thread-2] INFO  toJava.JavaGeneratorFactory  - excluding code generation for non-included QName:{uri:iso.org:21090}IVL_REAL
OUT>      [java] [Thread-2] INFO  toJava.JavaGeneratorFactory  - excluding code generation for non-included QName:{uri:iso.org:21090}NPPD_TS
OUT>      [java] [Thread-2] INFO  toJava.JavaGeneratorFactory  - excluding code generation for non-included QName:{uri:iso.org:21090}QSD_TS.DateTime
OUT>      [java] [Thread-2] INFO  toJava.JavaGeneratorFactory  - excluding code generation for non-included QName:{uri:iso.org:21090}IVL.Low_TS.Date
OUT>      [java] [Thread-2] INFO  toJava.JavaGeneratorFactory  - excluding code generation for non-included QName:{gme://caCORE.caCORE/3.2/gov.nih.nci.cacoresdk.domain.onetomany.selfassociation}Element
OUT>      [java] [Thread-2] INFO  toJava.JavaGeneratorFactory  - excluding code generation for non-included QName:{http://CQL.caBIG/2/org.cagrid.cql2.results}CQLObjectResult
OUT>      [java] [Thread-2] INFO  toJava.JavaGeneratorFactory  - excluding code generation for non-included QName:{uri:iso.org:21090}BAG_TEL.Email
OUT>      [java] [Thread-2] INFO  toJava.JavaGeneratorFactory  - excluding code generation for non-included QName:{uri:iso.org:21090}UVP_CD.CE
OUT>      [java] [Thread-2] INFO  toJava.JavaGeneratorFactory  - excluding code generation for non-included QName:{gme://caCORE.caCORE/3.2/gov.nih.nci.cacoresdk.domain.other.datatype}EdDataType
OUT>      [java] [Thread-2] INFO  toJava.JavaGeneratorFactory  - excluding code generation for non-included QName:{uri:iso.org:21090}>item
OUT>      [java] [Thread-2] INFO  toJava.JavaGeneratorFactory  - excluding code generation for non-included QName:{http://docs.oasis-open.org/wsrf/2004/06/wsrf-WS-ResourceLifetime-1.2-draft-01.xsd}UnableToSetTerminationTimeFaultType
OUT>      [java] [Thread-2] INFO  toJava.JavaGeneratorFactory  - excluding code generation for non-included QName:{uri:iso.org:21090}ED.Doc.Ref[0,unbounded]
OUT>      [java] [Thread-2] INFO  toJava.JavaGeneratorFactory  - excluding code generation for non-included QName:{uri:iso.org:21090}QSP_INT.Positive
OUT>      [java] [Thread-2] INFO  toJava.JavaGeneratorFactory  - excluding code generation for non-included QName:{gme://caGrid.caBIG/1.0/gov.nih.nci.cagrid.metadata.security}GSISecureConversation
OUT>      [java] [Thread-2] INFO  toJava.JavaGeneratorFactory  - excluding code generation for non-included QName:{gme://caCORE.caCORE/3.2/gov.nih.nci.cacoresdk.domain.inheritance.childwithassociation.sametable}Designer
OUT>      [java] [Thread-2] INFO  toJava.JavaGeneratorFactory  - excluding code generation for non-included QName:{uri:iso.org:21090}NPPD_ST
OUT>      [java] [Thread-2] INFO  toJava.JavaGeneratorFactory  - excluding code generation for non-included QName:{uri:iso.org:21090}UVP_CD.CV
OUT>      [java] [Thread-2] INFO  toJava.JavaGeneratorFactory  - excluding code generation for non-included QName:{uri:iso.org:21090}QSP_CO
OUT>      [java] [Thread-2] INFO  toJava.JavaGeneratorFactory  - excluding code generation for non-included QName:{gme://caCORE.caCORE/3.2/gov.nih.nci.cacoresdk.domain.onetomany.unidirectional.withjoin}Button
OUT>      [java] [Thread-2] INFO  toJava.JavaGeneratorFactory  - excluding code generation for non-included QName:{gme://caCORE.caCORE/3.2/gov.nih.nci.cacoresdk.domain.other.datatype}TelEmailDataType
OUT>      [java] [Thread-2] INFO  toJava.JavaGeneratorFactory  - excluding code generation for non-included QName:{gme://caGrid.caBIG/1.0/gov.nih.nci.cagrid.metadata.service}>Service>serviceContextCollection
OUT>      [java] [Thread-2] INFO  toJava.JavaGeneratorFactory  - excluding code generation for non-included QName:{uri:iso.org:21090}EN.PN[0,unbounded]
OUT>      [java] [Thread-2] INFO  toJava.JavaGeneratorFactory  - excluding code generation for non-included QName:{uri:iso.org:21090}UVP_CO[0,unbounded]
OUT>      [java] [Thread-2] INFO  toJava.JavaGeneratorFactory  - excluding code generation for non-included QName:{gme://caCORE.caCORE/3.2/gov.nih.nci.cacoresdk.domain.inheritance.parentwithassociation}AssistantProfessor
OUT>      [java] [Thread-2] INFO  toJava.JavaGeneratorFactory  - excluding code generation for non-included QName:{uri:iso.org:21090}LIST_ED.Narrative
OUT>      [java] [Thread-2] INFO  toJava.JavaGeneratorFactory  - excluding code generation for non-included QName:{http://schemas.xmlsoap.org/ws/2004/03/addressing}FaultSubcodeValues
OUT>      [java] [Thread-2] INFO  toJava.JavaGeneratorFactory  - excluding code generation for non-included QName:{uri:iso.org:21090}IVL.High_TS
OUT>      [java] [Thread-2] INFO  toJava.JavaGeneratorFactory  - excluding code generation for non-included QName:{uri:iso.org:21090}QSET_PQ[0,unbounded]
OUT>      [java] [Thread-2] INFO  toJava.JavaGeneratorFactory  - excluding code generation for non-included QName:{uri:iso.org:21090}EntityNamePartType
OUT>      [java] [Thread-2] INFO  toJava.JavaGeneratorFactory  - excluding code generation for non-included QName:{uri:iso.org:21090}PQ
OUT>      [java] [Thread-2] INFO  toJava.JavaGeneratorFactory  - excluding code generation for non-included QName:{uri:iso.org:21090}QSI_PQ
OUT>      [java] [Thread-2] INFO  toJava.JavaGeneratorFactory  - excluding code generation for non-included QName:{uri:iso.org:21090}QSP_TS.Birth
OUT>      [java] [Thread-2] INFO  toJava.JavaGeneratorFactory  - excluding code generation for non-included QName:{uri:iso.org:21090}>>table>rules
OUT>      [java] [Thread-2] INFO  toJava.JavaGeneratorFactory  - excluding code generation for non-included QName:{gme://caCORE.caCORE/3.2/gov.nih.nci.cacoresdk.domain.onetoone.multipleassociation.withjoin}InLaw
OUT>      [java] [Thread-2] INFO  toJava.JavaGeneratorFactory  - excluding code generation for non-included QName:{gme://caCORE.caCORE/3.2/gov.nih.nci.cacoresdk.domain.inheritance.twolevelinheritance.sametable}DemocraticGovt
OUT>      [java] [Thread-2] INFO  toJava.JavaGeneratorFactory  - excluding code generation for non-included QName:{uri:iso.org:21090}>>col>align
OUT>      [java] [Thread-2] INFO  toJava.JavaGeneratorFactory  - excluding code generation for non-included QName:{uri:iso.org:21090}COLL_AD
OUT>      [java] [Thread-2] INFO  toJava.JavaGeneratorFactory  - excluding code generation for non-included QName:{uri:iso.org:21090}ED.Image
OUT>      [java] [Thread-2] INFO  toJava.JavaGeneratorFactory  - excluding code generation for non-included QName:{gme://caCORE.caCORE/3.2/gov.nih.nci.cacoresdk.domain.other.levelassociation}Card
OUT>      [java] [Thread-2] INFO  toJava.JavaGeneratorFactory  - excluding code generation for non-included QName:{gme://caCORE.caCORE/3.2/gov.nih.nci.cacoresdk.domain.inheritance.twolevelinheritance.sametablerootlevel}FinancialCalculator
OUT>      [java] [Thread-2] INFO  toJava.JavaGeneratorFactory  - excluding code generation for non-included QName:{uri:iso.org:21090}QSD_PQ.Time
OUT>      [java] [Thread-2] INFO  toJava.JavaGeneratorFactory  - excluding code generation for non-included QName:{uri:iso.org:21090}HIST_TS.Date.Full
OUT>      [java] [Thread-2] INFO  toJava.JavaGeneratorFactory  - excluding code generation for non-included QName:{uri:iso.org:21090}UVP_ED.Text[0,unbounded]
OUT>      [java] [Thread-2] INFO  toJava.JavaGeneratorFactory  - excluding code generation for non-included QName:{uri:iso.org:21090}QTY
OUT>      [java] [Thread-2] INFO  toJava.JavaGeneratorFactory  - excluding code generation for non-included QName:{http://CQL.caBIG/2/org.cagrid.cql2}DistinctAttribute
OUT>      [java] [Thread-2] INFO  toJava.JavaGeneratorFactory  - excluding code generation for non-included QName:{gme://caCORE.caCORE/3.2/gov.nih.nci.cacoresdk.domain.other.differentpackage.associations}IceCream
OUT>      [java] [Thread-2] INFO  toJava.JavaGeneratorFactory  - excluding code generation for non-included QName:{uri:iso.org:21090}UVP_TS.DateTime.Full
OUT>      [java] [Thread-2] INFO  toJava.JavaGeneratorFactory  - excluding code generation for non-included QName:{uri:iso.org:21090}REAL[0,unbounded]
OUT>      [java] [Thread-2] INFO  toJava.JavaGeneratorFactory  - excluding code generation for non-included QName:{uri:iso.org:21090}LIST_TS
OUT>      [java] [Thread-2] INFO  toJava.JavaGeneratorFactory  - excluding code generation for non-included QName:{gme://caCORE.caCORE/3.2/gov.nih.nci.cacoresdk.domain.onetomany.bidirectional.withjoin}Flight
OUT>      [java] [Thread-2] INFO  toJava.JavaGeneratorFactory  - excluding code generation for non-included QName:{uri:iso.org:21090}SLIST_INT.NonNeg
OUT>      [java] [Thread-2] INFO  toJava.JavaGeneratorFactory  - excluding code generation for non-included QName:{uri:iso.org:21090}SLIST_TS
OUT>      [java] [Thread-2] INFO  toJava.JavaGeneratorFactory  - excluding code generation for non-included QName:{uri:iso.org:21090}HIST_PQ.Time
OUT>      [java] [Thread-2] INFO  toJava.JavaGeneratorFactory  - excluding code generation for non-included QName:{uri:iso.org:21090}LIST_ST.NT
OUT>      [java] [Thread-2] INFO  toJava.JavaGeneratorFactory  - excluding code generation for non-included QName:{uri:iso.org:21090}BAG_CD.CE.None
OUT>      [java] [Thread-2] INFO  toJava.JavaGeneratorFactory  - excluding code generation for non-included QName:{uri:iso.org:21090}LIST_EN.TN
OUT>      [java] [Thread-2] INFO  toJava.JavaGeneratorFactory  - excluding code generation for non-included QName:{uri:iso.org:21090}SLIST_RTO
OUT>      [java] [Thread-2] INFO  toJava.JavaGeneratorFactory  - excluding code generation for non-included QName:{uri:iso.org:21090}BAG_ST.NT
OUT>      [java] [Thread-2] INFO  toJava.JavaGeneratorFactory  - excluding code generation for non-included QName:{gme://caCORE.caCORE/3.2/gov.nih.nci.cacoresdk.domain.other.differentpackage}>Dessert>utensilCollection
OUT>      [java] [Thread-2] INFO  toJava.JavaGeneratorFactory  - excluding code generation for non-included QName:{uri:iso.org:21090}UVP_ED.Doc.Ref
OUT>      [java] [Thread-2] INFO  toJava.JavaGeneratorFactory  - excluding code generation for non-included QName:{http://docs.oasis-open.org/wsn/2004/06/wsn-WS-BaseNotification-1.2-draft-01.xsd}NoCurrentMessageOnTopicFaultType
OUT>      [java] [Thread-2] INFO  toJava.JavaGeneratorFactory  - excluding code generation for non-included QName:{uri:iso.org:21090}UVP_ED.Image
OUT>      [java] [Thread-2] INFO  toJava.JavaGeneratorFactory  - excluding code generation for non-included QName:{uri:iso.org:21090}LIST_TEL.Person
OUT>      [java] [Thread-2] INFO  toJava.JavaGeneratorFactory  - excluding code generation for non-included QName:{uri:iso.org:21090}COLL_BL
OUT>      [java] [Thread-2] INFO  toJava.JavaGeneratorFactory  - excluding code generation for non-included QName:{uri:iso.org:21090}BAG_ED.Doc.Ref
OUT>      [java] [Thread-2] INFO  toJava.JavaGeneratorFactory  - excluding code generation for non-included QName:{uri:iso.org:21090}IVL_TS.Date
OUT>      [java] [Thread-2] INFO  toJava.JavaGeneratorFactory  - excluding code generation for non-included QName:{uri:iso.org:21090}UVP_CD.CE.None
OUT>      [java] [Thread-2] INFO  toJava.JavaGeneratorFactory  - excluding code generation for non-included QName:{http://CQL.caBIG/2/org.cagrid.cql2}CQLQueryModifier
OUT>      [java] [Thread-2] INFO  toJava.JavaGeneratorFactory  - excluding code generation for non-included QName:{uri:iso.org:21090}>caption
OUT>      [java] [Thread-2] INFO  toJava.JavaGeneratorFactory  - excluding code generation for non-included QName:{uri:iso.org:21090}QSS_INT
OUT>      [java] [Thread-2] INFO  toJava.JavaGeneratorFactory  - excluding code generation for non-included QName:{http://docs.oasis-open.org/wsrf/2004/06/wsrf-WS-ResourceLifetime-1.2-draft-01.xsd}>DestroyResponse
OUT>      [java] [Thread-2] INFO  toJava.JavaGeneratorFactory  - excluding code generation for non-included QName:{gme://caCORE.caCORE/3.2/gov.nih.nci.cacoresdk.domain.inheritance.multiplechild.sametable}GovtOrganization
OUT>      [java] [Thread-2] INFO  toJava.JavaGeneratorFactory  - excluding code generation for non-included QName:{uri:iso.org:21090}TS.Birth[0,0]
OUT>      [java] [Thread-2] INFO  toJava.JavaGeneratorFactory  - excluding code generation for non-included QName:{uri:iso.org:21090}ED.Doc
OUT>      [java] [Thread-2] INFO  toJava.JavaGeneratorFactory  - excluding code generation for non-included QName:{http://org.cagrid.dataservice.cql/QueryLanguageSupport}>QueryLanguageSupport>CQL2Support
OUT>      [java] [Thread-2] INFO  toJava.JavaGeneratorFactory  - excluding code generation for non-included QName:{uri:iso.org:21090}IVL.Low_MO
OUT>      [java] [Thread-2] INFO  toJava.JavaGeneratorFactory  - excluding code generation for non-included QName:{uri:iso.org:21090}NPPD_EN.TN
OUT>      [java] [Thread-2] INFO  toJava.JavaGeneratorFactory  - excluding code generation for non-included QName:{gme://caCORE.caCORE/3.2/gov.nih.nci.cacoresdk.domain.other.datatype}IvlIntDataType
OUT>      [java] [Thread-2] INFO  toJava.JavaGeneratorFactory  - excluding code generation for non-included QName:{http://docs.oasis-open.org/wsrf/2004/06/wsrf-WS-ResourceProperties-1.2-draft-01.xsd}InvalidResourcePropertyQNameFaultType
OUT>      [java] [Thread-2] INFO  toJava.JavaGeneratorFactory  - excluding code generation for non-included QName:{uri:iso.org:21090}LIST_SC
OUT>      [java] [Thread-2] INFO  toJava.JavaGeneratorFactory  - excluding code generation for non-included QName:{uri:iso.org:21090}LIST_ED.Image
OUT>      [java] [Thread-2] INFO  toJava.JavaGeneratorFactory  - excluding code generation for non-included QName:{uri:iso.org:21090}INT.Positive[0,0]
OUT>      [java] [Thread-2] INFO  toJava.JavaGeneratorFactory  - excluding code generation for non-included QName:{gme://caCORE.caCORE/3.2/gov.nih.nci.cacoresdk.domain.other.datatype}EnDataType
OUT>      [java] [Thread-2] INFO  toJava.JavaGeneratorFactory  - excluding code generation for non-included QName:{http://gov.nih.nci.cagrid.data/DataServiceExceptions}MalformedQueryExceptionType
OUT>      [java] [Thread-2] INFO  toJava.JavaGeneratorFactory  - excluding code generation for non-included QName:{uri:iso.org:21090}UVP_PQ[0,unbounded]
OUT>      [java] [Thread-2] INFO  toJava.JavaGeneratorFactory  - excluding code generation for non-included QName:{uri:iso.org:21090}IVL.High_INT.Positive
OUT>      [java] [Thread-2] INFO  toJava.JavaGeneratorFactory  - excluding code generation for non-included QName:{uri:iso.org:21090}COLL_TS.DateTime.Full
OUT>      [java] [Thread-2] INFO  toJava.JavaGeneratorFactory  - excluding code generation for non-included QName:{gme://caGrid.caBIG/1.0/gov.nih.nci.cagrid.metadata.service}InputParameter
OUT>      [java] [Thread-2] INFO  toJava.JavaGeneratorFactory  - excluding code generation for non-included QName:{gme://caCORE.caCORE/3.2/gov.nih.nci.cacoresdk.domain.inheritance.onechild.sametable}Currency
OUT>      [java] [Thread-2] INFO  toJava.JavaGeneratorFactory  - excluding code generation for non-included QName:{uri:iso.org:21090}UVP_BL[0,unbounded]
OUT>      [java] [Thread-2] INFO  toJava.JavaGeneratorFactory  - excluding code generation for non-included QName:{gme://caCORE.caCORE/3.2/gov.nih.nci.cacoresdk.domain.other.datatype}TelDataType
OUT>      [java] [Thread-2] INFO  toJava.JavaGeneratorFactory  - excluding code generation for non-included QName:{uri:iso.org:21090}IVL.Low_PQ
OUT>      [java] [Thread-2] INFO  toJava.JavaGeneratorFactory  - excluding code generation for non-included QName:{gme://caCORE.caCORE/3.2/gov.nih.nci.cacoresdk.domain.inheritance.implicit}FreshwaterFishTank
OUT>      [java] [Thread-2] INFO  toJava.JavaGeneratorFactory  - excluding code generation for non-included QName:{uri:iso.org:21090}LIST_EN.PN
OUT>      [java] [Thread-2] INFO  toJava.JavaGeneratorFactory  - excluding code generation for non-included QName:{uri:iso.org:21090}NPPD_ED.Doc
OUT>      [java] [Thread-2] INFO  toJava.JavaGeneratorFactory  - excluding code generation for non-included QName:{uri:iso.org:21090}QSI_TS
OUT>      [java] [Thread-2] INFO  toJava.JavaGeneratorFactory  - excluding code generation for non-included QName:{uri:iso.org:21090}BAG_TS.Date.Full
OUT>      [java] [Thread-2] INFO  toJava.JavaGeneratorFactory  - excluding code generation for non-included QName:{gme://caCORE.caCORE/3.2/gov.nih.nci.cacoresdk.domain.other.primarykey}IntegerKey
OUT>      [java] [Thread-2] INFO  toJava.JavaGeneratorFactory  - excluding code generation for non-included QName:{gme://caGrid.caBIG/1.0/gov.nih.nci.cagrid.metadata}>ServiceMetadata>serviceDescription
OUT>      [java] [Thread-2] INFO  toJava.JavaGeneratorFactory  - excluding code generation for non-included QName:{uri:iso.org:21090}LIST_ST
OUT>      [java] [Thread-2] INFO  toJava.JavaGeneratorFactory  - excluding code generation for non-included QName:{uri:iso.org:21090}LIST_REAL
OUT>      [java] [Thread-2] INFO  toJava.JavaGeneratorFactory  - excluding code generation for non-included QName:{uri:iso.org:21090}HIST_ED.Image
OUT>      [java] [Thread-2] INFO  toJava.JavaGeneratorFactory  - excluding code generation for non-included QName:{uri:iso.org:21090}HIST_TEL
OUT>      [java] [Thread-2] INFO  toJava.JavaGeneratorFactory  - excluding code generation for non-included QName:{gme://caCORE.caCORE/3.2/gov.nih.nci.cacoresdk.domain.onetomany.selfassociation}>Element>childCollection
OUT>      [java] [Thread-2] INFO  toJava.JavaGeneratorFactory  - excluding code generation for non-included QName:{uri:iso.org:21090}TEL.Phone[0,unbounded]
OUT>      [java] [Thread-2] INFO  toJava.JavaGeneratorFactory  - excluding code generation for non-included QName:{uri:iso.org:21090}LIST_RTO
OUT>      [java] [Thread-2] INFO  toJava.JavaGeneratorFactory  - excluding code generation for non-included QName:{uri:iso.org:21090}QSET_TS[0,unbounded]
OUT>      [java] [Thread-2] INFO  toJava.JavaGeneratorFactory  - excluding code generation for non-included QName:{uri:iso.org:21090}LIST_TS.DateTime
OUT>      [java] [Thread-2] INFO  toJava.JavaGeneratorFactory  - excluding code generation for non-included QName:{http://docs.oasis-open.org/wsrf/2004/06/wsrf-WS-ResourceLifetime-1.2-draft-01.xsd}ResourceUnknownFaultType
OUT>      [java] [Thread-2] INFO  toJava.JavaGeneratorFactory  - excluding code generation for non-included QName:{uri:iso.org:21090}EntityNameUse
OUT>      [java] [Thread-2] INFO  toJava.JavaGeneratorFactory  - excluding code generation for non-included QName:{gme://caCORE.caCORE/3.2/gov.nih.nci.cacoresdk.domain.other.validationtype}AllValidationType
OUT>      [java] [Thread-2] INFO  toJava.JavaGeneratorFactory  - excluding code generation for non-included QName:{http://CQL.caBIG/2/org.cagrid.cql2.results}CQLAggregateResult
OUT>      [java] [Thread-2] INFO  toJava.JavaGeneratorFactory  - excluding code generation for non-included QName:{uri:iso.org:21090}COLL_EN
OUT>      [java] [Thread-2] INFO  toJava.JavaGeneratorFactory  - excluding code generation for non-included QName:{uri:iso.org:21090}HIST_CD.CE
OUT>      [java] [Thread-2] INFO  toJava.JavaGeneratorFactory  - excluding code generation for non-included QName:{uri:iso.org:21090}COLL_ED
OUT>      [java] [Thread-2] INFO  toJava.JavaGeneratorFactory  - excluding code generation for non-included QName:{uri:iso.org:21090}LIST_EN.ON
OUT>      [java] [Thread-2] INFO  toJava.JavaGeneratorFactory  - excluding code generation for non-included QName:{uri:iso.org:21090}QSP_RTO
OUT>      [java] [Thread-2] INFO  toJava.JavaGeneratorFactory  - excluding code generation for non-included QName:{uri:iso.org:21090}TelecommunicationAddressUse
OUT>      [java] [Thread-2] INFO  toJava.JavaGeneratorFactory  - excluding code generation for non-included QName:{gme://caCORE.caCORE/3.2/gov.nih.nci.cacoresdk.domain.inheritance.implicit}Tank
OUT>      [java] [Thread-2] INFO  toJava.JavaGeneratorFactory  - excluding code generation for non-included QName:{gme://caCORE.caCORE/3.2/gov.nih.nci.cacoresdk.domain.other.datatype}IvlTsDataType
OUT>      [java] [Thread-2] INFO  toJava.JavaGeneratorFactory  - excluding code generation for non-included QName:{http://org.cagrid.dataservice.cql/QueryLanguageSupport}QueryLanguageSupport
OUT>      [java] [Thread-2] INFO  toJava.JavaGeneratorFactory  - excluding code generation for non-included QName:{uri:iso.org:21090}HIST_ED.Doc
OUT>      [java] [Thread-2] INFO  toJava.JavaGeneratorFactory  - excluding code generation for non-included QName:{uri:iso.org:21090}LIST_INT.NonNeg
OUT>      [java] [Thread-2] INFO  toJava.JavaGeneratorFactory  - excluding code generation for non-included QName:{uri:iso.org:21090}UVP_REAL[0,unbounded]
OUT>      [java] [Thread-2] INFO  toJava.JavaGeneratorFactory  - excluding code generation for non-included QName:{uri:iso.org:21090}LIST_PQ
OUT>      [java] [Thread-2] INFO  toJava.JavaGeneratorFactory  - excluding code generation for non-included QName:{gme://caGrid.caBIG/1.0/gov.nih.nci.cagrid.metadata.common}>ValueDomain>enumerationCollection
OUT>      [java] [Thread-2] INFO  toJava.JavaGeneratorFactory  - excluding code generation for non-included QName:{uri:iso.org:21090}PostalAddressUse
OUT>      [java] [Thread-2] INFO  toJava.JavaGeneratorFactory  - excluding code generation for non-included QName:{gme://caCORE.caCORE/3.2/gov.nih.nci.cacoresdk.domain.inheritance.parentwithassociation.sametable}Luggage
OUT>      [java] [Thread-2] INFO  toJava.JavaGeneratorFactory  - excluding code generation for non-included QName:{gme://caGrid.caBIG/1.0/gov.nih.nci.cagrid.metadata.common}ResearchCenterDescription
OUT>      [java] [Thread-2] INFO  toJava.JavaGeneratorFactory  - excluding code generation for non-included QName:{uri:iso.org:21090}ANY
OUT>      [java] [Thread-2] INFO  toJava.JavaGeneratorFactory  - excluding code generation for non-included QName:{http://docs.oasis-open.org/wsrf/2004/06/wsrf-WS-ResourceProperties-1.2-draft-01.xsd}ResourcePropertyValueChangeNotificationType
OUT>      [java] [Thread-2] INFO  toJava.JavaGeneratorFactory  - excluding code generation for non-included QName:{uri:iso.org:21090}ADXP
OUT>      [java] [Thread-2] INFO  toJava.JavaGeneratorFactory  - excluding code generation for non-included QName:{gme://caCORE.caCORE/3.2/gov.nih.nci.cacoresdk.domain.other.datatype}BlDataType
OUT>      [java] [Thread-2] INFO  toJava.JavaGeneratorFactory  - excluding code generation for non-included QName:{gme://caCORE.caCORE/3.2/gov.nih.nci.cacoresdk.domain.other.datatype}TsDataType
OUT>      [java] [Thread-2] INFO  toJava.JavaGeneratorFactory  - excluding code generation for non-included QName:{uri:iso.org:21090}PIVL_TS.DateTime.Full
OUT>      [java] [Thread-2] INFO  toJava.JavaGeneratorFactory  - excluding code generation for non-included QName:{uri:iso.org:21090}QSET_CO
OUT>      [java] [Thread-2] INFO  toJava.JavaGeneratorFactory  - excluding code generation for non-included QName:{uri:iso.org:21090}IVL.High_INT.NonNeg
OUT>      [java] [Thread-2] INFO  toJava.JavaGeneratorFactory  - excluding code generation for non-included QName:{uri:iso.org:21090}TEL.Email
OUT>      [java] [Thread-2] INFO  toJava.JavaGeneratorFactory  - excluding code generation for non-included QName:{uri:iso.org:21090}QSS_INT.Positive
OUT>      [java] [Thread-2] INFO  toJava.JavaGeneratorFactory  - excluding code generation for non-included QName:{uri:iso.org:21090}NPPD_EN.PN
OUT>      [java] [Thread-2] INFO  toJava.JavaGeneratorFactory  - excluding code generation for non-included QName:{gme://caCORE.caCORE/3.2/gov.nih.nci.cacoresdk.domain.inheritance.parentwithassociation.sametable}Wheel
OUT>      [java] [Thread-2] INFO  toJava.JavaGeneratorFactory  - excluding code generation for non-included QName:{http://docs.oasis-open.org/wsn/2004/06/wsn-WS-BaseNotification-1.2-draft-01.xsd}TopicExpressionType
OUT>      [java] [Thread-2] INFO  toJava.JavaGeneratorFactory  - excluding code generation for non-included QName:{uri:iso.org:21090}BAG_TS.DateTime.Full
OUT>      [java] [Thread-2] INFO  toJava.JavaGeneratorFactory  - excluding code generation for non-included QName:{uri:iso.org:21090}ED.Doc.Inline
OUT>      [java] [Thread-2] INFO  toJava.JavaGeneratorFactory  - excluding code generation for non-included QName:{uri:iso.org:21090}COLL_CO
OUT>      [java] [Thread-2] INFO  toJava.JavaGeneratorFactory  - excluding code generation for non-included QName:{http://CQL.caBIG/2/org.cagrid.cql2}CQLGroup
OUT>      [java] [Thread-2] INFO  toJava.JavaGeneratorFactory  - excluding code generation for non-included QName:{gme://caGrid.caBIG/1.0/gov.nih.nci.cagrid.metadata.security}CommunicationMechanism
OUT>      [java] [Thread-2] INFO  toJava.JavaGeneratorFactory  - excluding code generation for non-included QName:{uri:iso.org:21090}TEL[0,unbounded]
OUT>      [java] [Thread-2] INFO  toJava.JavaGeneratorFactory  - excluding code generation for non-included QName:{uri:iso.org:21090}COLL_CD
OUT>      [java] [Thread-2] INFO  toJava.JavaGeneratorFactory  - excluding code generation for non-included QName:{http://schemas.xmlsoap.org/ws/2004/03/addressing}RelationshipTypeValues
OUT>      [java] [Thread-2] INFO  toJava.JavaGeneratorFactory  - excluding code generation for non-included QName:{uri:iso.org:21090}EntityNamePartQualifier
OUT>      [java] [Thread-2] INFO  toJava.JavaGeneratorFactory  - excluding code generation for non-included QName:{uri:iso.org:21090}LIST_ED.Doc
OUT>      [java] [Thread-2] INFO  toJava.JavaGeneratorFactory  - excluding code generation for non-included QName:{gme://caCORE.caCORE/3.2/gov.nih.nci.cacoresdk.domain.inheritance.childwithassociation}Bank
OUT>      [java] [Thread-2] INFO  toJava.JavaGeneratorFactory  - excluding code generation for non-included QName:{http://docs.oasis-open.org/wsn/2004/06/wsn-WS-BaseNotification-1.2-draft-01.xsd}>GetCurrentMessageResponse
OUT>      [java] [Thread-2] INFO  toJava.JavaGeneratorFactory  - excluding code generation for non-included QName:{uri:iso.org:21090}QSET_TS.DateTime.Full
OUT>      [java] [Thread-2] INFO  toJava.JavaGeneratorFactory  - excluding code generation for non-included QName:{uri:iso.org:21090}DSET_TEL
OUT>      [java] [Thread-2] INFO  toJava.JavaGeneratorFactory  - excluding code generation for non-included QName:{uri:iso.org:21090}ED[0,0]
OUT>      [java] [Thread-2] INFO  toJava.JavaGeneratorFactory  - excluding code generation for non-included QName:{uri:iso.org:21090}IVL.Low_TS.Birth
OUT>      [java] [Thread-2] INFO  toJava.JavaGeneratorFactory  - excluding code generation for non-included QName:{gme://caCORE.caCORE/3.2/gov.nih.nci.cacoresdk.domain.inheritance.twolevelinheritance.sametable}Goverment
OUT>      [java] [Thread-2] INFO  toJava.JavaGeneratorFactory  - excluding code generation for non-included QName:{gme://caCORE.caCORE/3.2/gov.nih.nci.cacoresdk.domain.other.datatype}IntDataType
OUT>      [java] [Thread-2] INFO  toJava.JavaGeneratorFactory  - excluding code generation for non-included QName:{uri:iso.org:21090}QSET_INT[0,unbounded]
OUT>      [java] [Thread-2] INFO  toJava.JavaGeneratorFactory  - excluding code generation for non-included QName:{uri:iso.org:21090}DSET_ED.Doc.Inline
OUT>      [java] [Thread-2] INFO  toJava.JavaGeneratorFactory  - excluding code generation for non-included QName:{uri:iso.org:21090}UVP_EN.PN[0,unbounded]
OUT>      [java] [Thread-2] INFO  toJava.JavaGeneratorFactory  - excluding code generation for non-included QName:{uri:iso.org:21090}IVL.High_TS.Birth
OUT>      [java] [Thread-2] INFO  toJava.JavaGeneratorFactory  - excluding code generation for non-included QName:{http://CQL.caBIG/2/org.cagrid.cql2}CQLAttribute[,unbounded]
OUT>      [java] [Thread-2] INFO  toJava.JavaGeneratorFactory  - excluding code generation for non-included QName:{uri:iso.org:21090}IVL_TS.Birth
OUT>      [java] [Thread-2] INFO  toJava.JavaGeneratorFactory  - excluding code generation for non-included QName:{uri:iso.org:21090}HIST_CD.CV
OUT>      [java] [Thread-2] INFO  toJava.JavaGeneratorFactory  - excluding code generation for non-included QName:{uri:iso.org:21090}>br
OUT>      [java] [Thread-2] INFO  toJava.JavaGeneratorFactory  - excluding code generation for non-included QName:{uri:iso.org:21090}LIST_TS.Birth
OUT>      [java] [Thread-2] INFO  toJava.JavaGeneratorFactory  - excluding code generation for non-included QName:{http://CQL.caBIG/2/org.cagrid.cql2}CQLObject
OUT>      [java] [Thread-2] INFO  toJava.JavaGeneratorFactory  - excluding code generation for non-included QName:{uri:iso.org:21090}UVP_BL.NonNull[0,unbounded]
OUT>      [java] [Thread-2] INFO  toJava.JavaGeneratorFactory  - excluding code generation for non-included QName:{uri:iso.org:21090}SLIST_TS.DateTime.Full
OUT>      [java] [Thread-2] INFO  toJava.JavaGeneratorFactory  - excluding code generation for non-included QName:{uri:iso.org:21090}>>td>align
OUT>      [java] [Thread-2] INFO  toJava.JavaGeneratorFactory  - excluding code generation for non-included QName:{uri:iso.org:21090}UVP_TEL.Email[0,unbounded]
OUT>      [java] [Thread-2] INFO  toJava.JavaGeneratorFactory  - excluding code generation for non-included QName:{uri:iso.org:21090}COLL_CS
OUT>      [java] [Thread-2] INFO  toJava.JavaGeneratorFactory  - excluding code generation for non-included QName:{uri:iso.org:21090}NPPD_ED.Text
OUT>      [java] [Thread-2] INFO  toJava.JavaGeneratorFactory  - excluding code generation for non-included QName:{uri:iso.org:21090}UVP_ED.Signature
OUT>      [java] [Thread-2] INFO  toJava.JavaGeneratorFactory  - excluding code generation for non-included QName:{gme://caCORE.caCORE/3.2/gov.nih.nci.cacoresdk.domain.inheritance.parentwithassociation.sametable}HardTop
OUT>      [java] [Thread-2] INFO  toJava.JavaGeneratorFactory  - excluding code generation for non-included QName:{uri:iso.org:21090}>footnoteRef
OUT>      [java] [Thread-2] INFO  toJava.JavaGeneratorFactory  - excluding code generation for non-included QName:{uri:iso.org:21090}QSET_TS.Date.Full
OUT>      [java] [Thread-2] INFO  toJava.JavaGeneratorFactory  - excluding code generation for non-included QName:{uri:iso.org:21090}>>tfoot>align
OUT>      [java] [Thread-2] INFO  toJava.JavaGeneratorFactory  - excluding code generation for non-included QName:{uri:iso.org:21090}NPPD_TS.Date
OUT>      [java] [Thread-2] INFO  toJava.JavaGeneratorFactory  - excluding code generation for non-included QName:{uri:iso.org:21090}MO[0,unbounded]
OUT>      [java] [Thread-2] INFO  toJava.JavaGeneratorFactory  - excluding code generation for non-included QName:{uri:iso.org:21090}QSET_TS.DateTime[0,unbounded]
OUT>      [java] [Thread-2] INFO  toJava.JavaGeneratorFactory  - excluding code generation for non-included QName:{uri:iso.org:21090}DSET_TS.DateTime.Full
OUT>      [java] [Thread-2] INFO  toJava.JavaGeneratorFactory  - excluding code generation for non-included QName:{uri:iso.org:21090}SLIST_REAL
OUT>      [java] [Thread-2] INFO  toJava.JavaGeneratorFactory  - excluding code generation for non-included QName:{uri:iso.org:21090}BAG_AD
OUT>      [java] [Thread-2] INFO  toJava.JavaGeneratorFactory  - excluding code generation for non-included QName:{http://docs.oasis-open.org/wsn/2004/06/wsn-WS-BaseNotification-1.2-draft-01.xsd}TopicPathDialectUnknownFaultType
OUT>      [java] [Thread-2] INFO  toJava.JavaGeneratorFactory  - excluding code generation for non-included QName:{uri:iso.org:21090}SLIST_MO
OUT>      [java] [Thread-2] INFO  toJava.JavaGeneratorFactory  - excluding code generation for non-included QName:{http://docs.oasis-open.org/wsrf/2004/06/wsrf-WS-ResourceLifetime-1.2-draft-01.xsd}>SetTerminationTime
OUT>      [java] [Thread-2] INFO  toJava.JavaGeneratorFactory  - excluding code generation for non-included QName:{http://CQL.caBIG/2/org.cagrid.cql2}CQLExtension
OUT>      [java] [Thread-2] INFO  toJava.JavaGeneratorFactory  - excluding code generation for non-included QName:{uri:iso.org:21090}ED.Doc[0,unbounded]
OUT>      [java] [Thread-2] INFO  toJava.JavaGeneratorFactory  - excluding code generation for non-included QName:{gme://caCORE.caCORE/3.2/gov.nih.nci.cacoresdk.domain.inheritance.implicit}SaltwaterFishTank
OUT>      [java] [Thread-2] INFO  toJava.JavaGeneratorFactory  - excluding code generation for non-included QName:{uri:iso.org:21090}TS[0,0]
OUT>      [java] [Thread-2] INFO  toJava.JavaGeneratorFactory  - excluding code generation for non-included QName:{uri:iso.org:21090}INT
OUT>      [java] [Thread-2] INFO  toJava.JavaGeneratorFactory  - excluding code generation for non-included QName:{uri:iso.org:21090}EIVL_TS
OUT>      [java] [Thread-2] INFO  toJava.JavaGeneratorFactory  - excluding code generation for non-included QName:{uri:iso.org:21090}DSET_CD
OUT>      [java] [Thread-2] INFO  toJava.JavaGeneratorFactory  - excluding code generation for non-included QName:{uri:iso.org:21090}COLL_ED.Text
OUT>      [java] [Thread-2] INFO  toJava.JavaGeneratorFactory  - excluding code generation for non-included QName:{uri:iso.org:21090}LIST_TEL
OUT>      [java] [Thread-2] INFO  toJava.JavaGeneratorFactory  - excluding code generation for non-included QName:{uri:iso.org:21090}IdentifierScope
OUT>      [java] [Thread-2] INFO  toJava.JavaGeneratorFactory  - excluding code generation for non-included QName:{uri:iso.org:21090}QSU_PQ.Time
OUT>      [java] [Thread-2] INFO  toJava.JavaGeneratorFactory  - excluding code generation for non-included QName:{uri:iso.org:21090}TS.Birth
OUT>      [java] [Thread-2] INFO  toJava.JavaGeneratorFactory  - excluding code generation for non-included QName:{uri:iso.org:21090}QSI_PQ.Time
OUT>      [java] [Thread-2] INFO  toJava.JavaGeneratorFactory  - excluding code generation for non-included QName:{uri:iso.org:21090}PIVL_TS.DateTime
OUT>      [java] [Thread-2] INFO  toJava.JavaGeneratorFactory  - excluding code generation for non-included QName:{gme://caCORE.caCORE/3.2/gov.nih.nci.cacoresdk.domain.other.datatype}DsetTelDataType
OUT>      [java] [Thread-2] INFO  toJava.JavaGeneratorFactory  - excluding code generation for non-included QName:{uri:iso.org:21090}DSET_CO
OUT>      [java] [Thread-2] INFO  toJava.JavaGeneratorFactory  - excluding code generation for non-included QName:{uri:iso.org:21090}DSET_CS
OUT>      [java] [Thread-2] INFO  toJava.JavaGeneratorFactory  - excluding code generation for non-included QName:{uri:iso.org:21090}>>table>frame
OUT>      [java] [Thread-2] INFO  toJava.JavaGeneratorFactory  - excluding code generation for non-included QName:{uri:iso.org:21090}NPPD_TS.Birth
OUT>      [java] [Thread-2] INFO  toJava.JavaGeneratorFactory  - excluding code generation for non-included QName:{uri:iso.org:21090}>footnote
OUT>      [java] [Thread-2] INFO  toJava.JavaGeneratorFactory  - excluding code generation for non-included QName:{uri:iso.org:21090}INT.NonNeg[0,unbounded]
OUT>      [java] [Thread-2] INFO  toJava.JavaGeneratorFactory  - excluding code generation for non-included QName:{uri:iso.org:21090}IVL.High_TS.Date
OUT>      [java] [Thread-2] INFO  toJava.JavaGeneratorFactory  - excluding code generation for non-included QName:{uri:iso.org:21090}UVP_BL.NonNull
OUT>      [java] [Thread-2] INFO  toJava.JavaGeneratorFactory  - excluding code generation for non-included QName:{uri:iso.org:21090}CD[0,unbounded]
OUT>      [java] [Thread-2] INFO  toJava.JavaGeneratorFactory  - excluding code generation for non-included QName:{uri:iso.org:21090}QSET_PQ
OUT>      [java] [Thread-2] INFO  toJava.JavaGeneratorFactory  - excluding code generation for non-included QName:{uri:iso.org:21090}QSET_TS.Date.Full[0,unbounded]
OUT>      [java] [Thread-2] INFO  toJava.JavaGeneratorFactory  - excluding code generation for non-included QName:{uri:iso.org:21090}NullFlavor
OUT>      [java] [Thread-2] INFO  toJava.JavaGeneratorFactory  - excluding code generation for non-included QName:{uri:iso.org:21090}SC.NT
OUT>      [java] [Thread-2] INFO  toJava.JavaGeneratorFactory  - excluding code generation for non-included QName:{uri:iso.org:21090}UVP_II[0,unbounded]
OUT>      [java] [Thread-2] INFO  toJava.JavaGeneratorFactory  - excluding code generation for non-included QName:{uri:iso.org:21090}COLL_TS.DateTime
OUT>      [java] [Thread-2] INFO  toJava.JavaGeneratorFactory  - excluding code generation for non-included QName:{uri:iso.org:21090}EN[0,unbounded]
OUT>      [java] [Thread-2] INFO  toJava.JavaGeneratorFactory  - excluding code generation for non-included QName:{uri:iso.org:21090}>>th>scope
OUT>      [java] [Thread-2] INFO  toJava.JavaGeneratorFactory  - excluding code generation for non-included QName:{gme://caCORE.caCORE/3.2/gov.nih.nci.cacoresdk.domain.manytomany.bidirectional}Employee
OUT>      [java] [Thread-2] INFO  toJava.JavaGeneratorFactory  - excluding code generation for non-included QName:{uri:iso.org:21090}BAG_EN.TN
OUT>      [java] [Thread-2] INFO  toJava.JavaGeneratorFactory  - excluding code generation for non-included QName:{uri:iso.org:21090}TS.Date[0,0]
OUT>      [java] [Thread-2] INFO  toJava.JavaGeneratorFactory  - excluding code generation for non-included QName:{uri:iso.org:21090}SLIST_TS.Date
OUT>      [java] [Thread-2] INFO  toJava.JavaGeneratorFactory  - excluding code generation for non-included QName:{uri:iso.org:21090}DSET_ED.Doc
OUT>      [java] [Thread-2] INFO  toJava.JavaGeneratorFactory  - excluding code generation for non-included QName:{gme://caCORE.caCORE/3.2/gov.nih.nci.cacoresdk.domain.other.datatype}RealDataType
OUT>      [java] [Thread-2] INFO  toJava.JavaGeneratorFactory  - excluding code generation for non-included QName:{uri:iso.org:21090}DSET_BL
OUT>      [java] [Thread-2] INFO  toJava.JavaGeneratorFactory  - excluding code generation for non-included QName:{uri:iso.org:21090}ED
OUT>      [java] [Thread-2] INFO  toJava.JavaGeneratorFactory  - excluding code generation for non-included QName:{uri:iso.org:21090}QSET_INT.Positive
OUT>      [java] [Thread-2] INFO  toJava.JavaGeneratorFactory  - excluding code generation for non-included QName:{uri:iso.org:21090}QSET_TS.DateTime.Full[0,unbounded]
OUT>      [java] [Thread-2] INFO  toJava.JavaGeneratorFactory  - excluding code generation for non-included QName:{uri:iso.org:21090}QSP_INT
OUT>      [java] [Thread-2] INFO  toJava.JavaGeneratorFactory  - excluding code generation for non-included QName:{uri:iso.org:21090}DSET_AD
OUT>      [java] [Thread-2] INFO  toJava.JavaGeneratorFactory  - excluding code generation for non-included QName:{uri:iso.org:21090}COLL_TEL.Person
OUT>      [java] [Thread-2] INFO  toJava.JavaGeneratorFactory  - excluding code generation for non-included QName:{uri:iso.org:21090}>>list>listType
OUT>      [java] [Thread-2] INFO  toJava.JavaGeneratorFactory  - excluding code generation for non-included QName:{uri:iso.org:21090}UVP_ST[0,unbounded]
OUT>      [java] [Thread-2] INFO  toJava.JavaGeneratorFactory  - excluding code generation for non-included QName:{uri:iso.org:21090}UVP_ED.Narrative[0,unbounded]
OUT>      [java] [Thread-2] INFO  toJava.JavaGeneratorFactory  - excluding code generation for non-included QName:{uri:iso.org:21090}IVL.Low_TS.DateTime
OUT>      [java] [Thread-2] INFO  toJava.JavaGeneratorFactory  - excluding code generation for non-included QName:{uri:iso.org:21090}CDGroup
OUT>      [java] [Thread-2] INFO  toJava.JavaGeneratorFactory  - excluding code generation for non-included QName:{uri:iso.org:21090}HIST_REAL
OUT>      [java] [Thread-2] INFO  toJava.JavaGeneratorFactory  - excluding code generation for non-included QName:{uri:iso.org:21090}COLL_PQ.Time
OUT>      [java] [Thread-2] INFO  toJava.JavaGeneratorFactory  - excluding code generation for non-included QName:{uri:iso.org:21090}EN
OUT>      [java] [Thread-2] INFO  toJava.JavaGeneratorFactory  - excluding code generation for non-included QName:{uri:iso.org:21090}LIST_TS.DateTime.Full
OUT>      [java] [Thread-2] INFO  toJava.JavaGeneratorFactory  - excluding code generation for non-included QName:{uri:iso.org:21090}COLL_RTO
OUT>      [java] [Thread-2] INFO  toJava.JavaGeneratorFactory  - excluding code generation for non-included QName:{uri:iso.org:21090}EIVL_TS.Date
OUT>      [java] [Thread-2] INFO  toJava.JavaGeneratorFactory  - excluding code generation for non-included QName:{uri:iso.org:21090}QSU_INT
OUT>      [java] [Thread-2] INFO  toJava.JavaGeneratorFactory  - excluding code generation for non-included QName:{http://CQL.caBIG/2/org.cagrid.cql2.results}CQLAttributeResult[0,unbounded]
OUT>      [java] [Thread-2] INFO  toJava.JavaGeneratorFactory  - excluding code generation for non-included QName:{uri:iso.org:21090}UVP_INT[0,unbounded]
OUT>      [java] [Thread-2] INFO  toJava.JavaGeneratorFactory  - excluding code generation for non-included QName:{gme://caGrid.caBIG/1.0/gov.nih.nci.cagrid.metadata.common}Enumeration
OUT>      [java] [Thread-2] INFO  toJava.JavaGeneratorFactory  - excluding code generation for non-included QName:{uri:iso.org:21090}LIST_BL.NonNull
OUT>      [java] [Thread-2] INFO  toJava.JavaGeneratorFactory  - excluding code generation for non-included QName:{uri:iso.org:21090}>>tbody>valign
OUT>      [java] [Thread-2] INFO  toJava.JavaGeneratorFactory  - excluding code generation for non-included QName:{uri:iso.org:21090}HXIT
OUT>      [java] [Thread-2] INFO  toJava.JavaGeneratorFactory  - excluding code generation for non-included QName:{http://docs.oasis-open.org/wsn/2004/06/wsn-WS-BaseNotification-1.2-draft-01.xsd}>PauseSubscriptionResponse
OUT>      [java] [Thread-2] INFO  toJava.JavaGeneratorFactory  - excluding code generation for non-included QName:{uri:iso.org:21090}TEL.Url
OUT>      [java] [Thread-2] INFO  toJava.JavaGeneratorFactory  - excluding code generation for non-included QName:{gme://caGrid.caBIG/1.0/gov.nih.nci.cagrid.metadata.service}Service
OUT>      [java] [Thread-2] INFO  toJava.JavaGeneratorFactory  - excluding code generation for non-included QName:{gme://caGrid.caBIG/1.0/gov.nih.nci.cagrid.metadata.common}UMLClass
OUT>      [java] [Thread-2] INFO  toJava.JavaGeneratorFactory  - excluding code generation for non-included QName:{gme://caGrid.caBIG/1.0/gov.nih.nci.cagrid.metadata.common}>UMLClass>umlAttributeCollection
OUT>      [java] [Thread-2] INFO  toJava.JavaGeneratorFactory  - excluding code generation for non-included QName:{uri:iso.org:21090}set_TelecommunicationAddressUse
OUT>      [java] [Thread-2] INFO  toJava.JavaGeneratorFactory  - excluding code generation for non-included QName:{gme://caCORE.caCORE/3.2/gov.nih.nci.cacoresdk.domain.other.levelassociation}Suit
OUT>      [java] [Thread-2] INFO  toJava.JavaGeneratorFactory  - excluding code generation for non-included QName:{uri:iso.org:21090}HIST_TS.DateTime
OUT>      [java] [Thread-2] INFO  toJava.JavaGeneratorFactory  - excluding code generation for non-included QName:{uri:iso.org:21090}UVP_TS.Birth[0,unbounded]
OUT>      [java] [Thread-2] INFO  toJava.JavaGeneratorFactory  - excluding code generation for non-included QName:{uri:iso.org:21090}set_PostalAddressUse
OUT>      [java] [Thread-2] INFO  toJava.JavaGeneratorFactory  - excluding code generation for non-included QName:{uri:iso.org:21090}QSD_INT.Positive
OUT>      [java] [Thread-2] INFO  toJava.JavaGeneratorFactory  - excluding code generation for non-included QName:{uri:iso.org:21090}QSU_RTO
OUT>      [java] [Thread-2] INFO  toJava.JavaGeneratorFactory  - excluding code generation for non-included QName:{http://CQL.caBIG/2/org.cagrid.cql2}CQLAssociatedObject
OUT>      [java] [Thread-2] INFO  toJava.JavaGeneratorFactory  - excluding code generation for non-included QName:{uri:iso.org:21090}HIST_INT.NonNeg
OUT>      [java] [Thread-2] INFO  toJava.JavaGeneratorFactory  - excluding code generation for non-included QName:{uri:iso.org:21090}>>th>valign
OUT>      [java] [Thread-2] INFO  toJava.JavaGeneratorFactory  - excluding code generation for non-included QName:{uri:iso.org:21090}BL
OUT>      [java] [Thread-2] INFO  toJava.JavaGeneratorFactory  - excluding code generation for non-included QName:{uri:iso.org:21090}QSS_TS.Birth
OUT>      [java] [Thread-2] INFO  toJava.JavaGeneratorFactory  - excluding code generation for non-included QName:{uri:iso.org:21090}SLIST_PQ
OUT>      [java] [Thread-2] INFO  toJava.JavaGeneratorFactory  - excluding code generation for non-included QName:{http://CQL.caBIG/2/org.cagrid.cql2}AssociationPopulationSpecification
OUT>      [java] [Thread-2] INFO  toJava.JavaGeneratorFactory  - excluding code generation for non-included QName:{gme://caGrid.caBIG/1.0/gov.nih.nci.cagrid.metadata.common}ResearchCenter
OUT>      [java] [Thread-2] INFO  toJava.JavaGeneratorFactory  - excluding code generation for non-included QName:{uri:iso.org:21090}GLIST_TS.Date.Full
OUT>      [java] [Thread-2] INFO  toJava.JavaGeneratorFactory  - excluding code generation for non-included QName:{uri:iso.org:21090}LIST_TEL.Phone
OUT>      [java] [Thread-2] INFO  toJava.JavaGeneratorFactory  - excluding code generation for non-included QName:{gme://caCORE.caCORE/3.2/gov.nih.nci.cacoresdk.domain.inheritance.implicit}TankAccessory
OUT>      [java] [Thread-2] INFO  toJava.JavaGeneratorFactory  - excluding code generation for non-included QName:{uri:iso.org:21090}UVP_EN.TN[0,unbounded]
OUT>      [java] [Thread-2] INFO  toJava.JavaGeneratorFactory  - excluding code generation for non-included QName:{uri:iso.org:21090}BAG_EN.ON
OUT>      [java] [Thread-2] INFO  toJava.JavaGeneratorFactory  - excluding code generation for non-included QName:{uri:iso.org:21090}NPPD_TEL.Person
OUT>      [java] [Thread-2] INFO  toJava.JavaGeneratorFactory  - excluding code generation for non-included QName:{uri:iso.org:21090}CS
OUT>      [java] [Thread-2] INFO  toJava.JavaGeneratorFactory  - excluding code generation for non-included QName:{uri:iso.org:21090}LIST_SC.NT
OUT>      [java] [Thread-2] INFO  toJava.JavaGeneratorFactory  - excluding code generation for non-included QName:{uri:iso.org:21090}CR
OUT>      [java] [Thread-2] INFO  toJava.JavaGeneratorFactory  - excluding code generation for non-included QName:{uri:iso.org:21090}CO
OUT>      [java] [Thread-2] INFO  toJava.JavaGeneratorFactory  - excluding code generation for non-included QName:{uri:iso.org:21090}TS.DateTime.Full[0,0]
OUT>      [java] [Thread-2] INFO  toJava.JavaGeneratorFactory  - excluding code generation for non-included QName:{uri:iso.org:21090}HIST_BL.NonNull
OUT>      [java] [Thread-2] INFO  toJava.JavaGeneratorFactory  - excluding code generation for non-included QName:{http://docs.oasis-open.org/wsrf/2004/06/wsrf-WS-ResourceProperties-1.2-draft-01.xsd}>GetMultipleResourceProperties
OUT>      [java] [Thread-2] INFO  toJava.JavaGeneratorFactory  - excluding code generation for non-included QName:{http://CQL.caBIG/2/org.cagrid.cql2.results}CQLQueryResults
OUT>      [java] [Thread-2] INFO  toJava.JavaGeneratorFactory  - excluding code generation for non-included QName:{uri:iso.org:21090}ED[0,unbounded]
OUT>      [java] [Thread-2] INFO  toJava.JavaGeneratorFactory  - excluding code generation for non-included QName:{uri:iso.org:21090}UVP_CS[0,unbounded]
OUT>      [java] [Thread-2] INFO  toJava.JavaGeneratorFactory  - excluding code generation for non-included QName:{http://docs.oasis-open.org/wsrf/2004/06/wsrf-WS-ResourceProperties-1.2-draft-01.xsd}InvalidSetResourcePropertiesRequestContentFaultType
OUT>      [java] [Thread-2] INFO  toJava.JavaGeneratorFactory  - excluding code generation for non-included QName:{uri:iso.org:21090}CD
OUT>      [java] [Thread-2] INFO  toJava.JavaGeneratorFactory  - excluding code generation for non-included QName:{uri:iso.org:21090}QSI_INT
OUT>      [java] [Thread-2] INFO  toJava.JavaGeneratorFactory  - excluding code generation for non-included QName:{http://docs.oasis-open.org/wsrf/2004/06/wsrf-WS-ResourceProperties-1.2-draft-01.xsd}DeleteType
OUT>      [java] [Thread-2] INFO  toJava.JavaGeneratorFactory  - excluding code generation for non-included QName:{gme://caCORE.caCORE/3.2/gov.nih.nci.cacoresdk.domain.onetomany.bidirectional.withjoin}>Flight>passangerCollection
OUT>      [java] [Thread-2] INFO  toJava.JavaGeneratorFactory  - excluding code generation for non-included QName:{uri:iso.org:21090}UVP_ED.Doc.Ref[0,unbounded]
OUT>      [java] [Thread-2] INFO  toJava.JavaGeneratorFactory  - excluding code generation for non-included QName:{gme://caCORE.caCORE/3.2/gov.nih.nci.cacoresdk.domain.inheritance.twolevelinheritance.sametable}ParliamantaryGovt
OUT>      [java] [Thread-2] INFO  toJava.JavaGeneratorFactory  - excluding code generation for non-included QName:{gme://caCORE.caCORE/3.2/gov.nih.nci.cacoresdk.domain.onetoone.unidirectional}Address
OUT>      [java] [Thread-2] INFO  toJava.JavaGeneratorFactory  - excluding code generation for non-included QName:{uri:iso.org:21090}LIST_CD.CE
OUT>      [java] [Thread-2] INFO  toJava.JavaGeneratorFactory  - excluding code generation for non-included QName:{uri:iso.org:21090}ED.Image[0,unbounded]
OUT>      [java] [Thread-2] INFO  toJava.JavaGeneratorFactory  - excluding code generation for non-included QName:{uri:iso.org:21090}BAG_EN.PN
OUT>      [java] [Thread-2] INFO  toJava.JavaGeneratorFactory  - excluding code generation for non-included QName:{uri:iso.org:21090}QSET_MO
OUT>      [java] [Thread-2] INFO  toJava.JavaGeneratorFactory  - excluding code generation for non-included QName:{uri:iso.org:21090}QSP_TS.DateTime
OUT>      [java] [Thread-2] INFO  toJava.JavaGeneratorFactory  - excluding code generation for non-included QName:{uri:iso.org:21090}NPPD_TS.DateTime
OUT>      [java] [Thread-2] INFO  toJava.JavaGeneratorFactory  - excluding code generation for non-included QName:{uri:iso.org:21090}TS.DateTime[0,unbounded]
OUT>      [java] [Thread-2] INFO  toJava.JavaGeneratorFactory  - excluding code generation for non-included QName:{uri:iso.org:21090}HIST_SC.NT
OUT>      [java] [Thread-2] INFO  toJava.JavaGeneratorFactory  - excluding code generation for non-included QName:{uri:iso.org:21090}LIST_CD.CV
OUT>      [java] [Thread-2] INFO  toJava.JavaGeneratorFactory  - excluding code generation for non-included QName:{uri:iso.org:21090}XReference
OUT>      [java] [Thread-2] INFO  toJava.JavaGeneratorFactory  - excluding code generation for non-included QName:{gme://caCORE.caCORE/3.2/gov.nih.nci.cacoresdk.domain.other.datatype}EnOnDataType
OUT>      [java] [Thread-2] INFO  toJava.JavaGeneratorFactory  - excluding code generation for non-included QName:{http://CQL.caBIG/2/org.cagrid.cql2}AttributeValue
OUT>      [java] [Thread-2] INFO  toJava.JavaGeneratorFactory  - excluding code generation for non-included QName:{uri:iso.org:21090}QSS_TS.DateTime.Full
OUT>      [java] [Thread-2] INFO  toJava.JavaGeneratorFactory  - excluding code generation for non-included QName:{uri:iso.org:21090}QSI_TS.DateTime.Full
OUT>      [java] [Thread-2] INFO  toJava.JavaGeneratorFactory  - excluding code generation for non-included QName:{uri:iso.org:21090}ED.Narrative[0,unbounded]
OUT>      [java] [Thread-2] INFO  toJava.JavaGeneratorFactory  - excluding code generation for non-included QName:{uri:iso.org:21090}HIST_TEL.Url
OUT>      [java] [Thread-2] INFO  toJava.JavaGeneratorFactory  - excluding code generation for non-included QName:{uri:iso.org:21090}CR[0,unbounded]
OUT>      [java] [Thread-2] INFO  toJava.JavaGeneratorFactory  - excluding code generation for non-included QName:{uri:iso.org:21090}RTO[0,unbounded]
OUT>      [java] [Thread-2] INFO  toJava.JavaGeneratorFactory  - excluding code generation for non-included QName:{uri:iso.org:21090}QSET_REAL
OUT>      [java] [Thread-2] INFO  toJava.JavaGeneratorFactory  - excluding code generation for non-included QName:{gme://caCORE.caCORE/3.2/gov.nih.nci.cacoresdk.domain.other.datatype}StDataType
OUT>      [java] [Thread-2] INFO  toJava.JavaGeneratorFactory  - excluding code generation for non-included QName:{uri:iso.org:21090}QSI_INT.Positive
OUT>      [java] [Thread-2] INFO  toJava.JavaGeneratorFactory  - excluding code generation for non-included QName:{uri:iso.org:21090}IVL.High_CO
OUT>      [java] [Thread-2] INFO  toJava.JavaGeneratorFactory  - excluding code generation for non-included QName:{gme://caCORE.caCORE/3.2/gov.nih.nci.cacoresdk.domain.onetomany.unidirectional}KeyChain
OUT>      [java] [Thread-2] INFO  toJava.JavaGeneratorFactory  - excluding code generation for non-included QName:{uri:iso.org:21090}EN.ON[0,unbounded]
OUT>      [java] [Thread-2] INFO  toJava.JavaGeneratorFactory  - excluding code generation for non-included QName:{gme://caCORE.caCORE/3.2/gov.nih.nci.cacoresdk.domain.inheritance.childwithassociation.sametable}Shoes
OUT>      [java] [Thread-2] INFO  toJava.JavaGeneratorFactory  - excluding code generation for non-included QName:{uri:iso.org:21090}DSET_TEL.Phone
OUT>      [java] [Thread-2] INFO  toJava.JavaGeneratorFactory  - excluding code generation for non-included QName:{gme://caGrid.caBIG/1.0/gov.nih.nci.cagrid.metadata.service}CaDSRRegistration
OUT>      [java] [Thread-2] INFO  toJava.JavaGeneratorFactory  - excluding code generation for non-included QName:{uri:iso.org:21090}NPPD_ST.NT
OUT>      [java] [Thread-2] INFO  toJava.JavaGeneratorFactory  - excluding code generation for non-included QName:{uri:iso.org:21090}INT.Positive[0,unbounded]
OUT>      [java] [Thread-2] INFO  toJava.JavaGeneratorFactory  - excluding code generation for non-included QName:{uri:iso.org:21090}COLL_TEL.Email
OUT>      [java] [Thread-2] INFO  toJava.JavaGeneratorFactory  - excluding code generation for non-included QName:{uri:iso.org:21090}AD
OUT>      [java] [Thread-2] INFO  toJava.JavaGeneratorFactory  - excluding code generation for non-included QName:{uri:iso.org:21090}IVL.Low_CO
OUT>      [java] [Thread-2] INFO  toJava.JavaGeneratorFactory  - excluding code generation for non-included QName:{uri:iso.org:21090}QSI_TS.Date
OUT>      [java] [Thread-2] INFO  toJava.JavaGeneratorFactory  - excluding code generation for non-included QName:{gme://caGrid.caBIG/1.0/gov.nih.nci.cagrid.metadata.security}CommunicationStyle
OUT>      [java] [Thread-2] INFO  toJava.JavaGeneratorFactory  - excluding code generation for non-included QName:{gme://caGrid.caBIG/1.0/gov.nih.nci.cagrid.metadata.service}Output
OUT>      [java] [Thread-2] INFO  toJava.JavaGeneratorFactory  - excluding code generation for non-included QName:{http://docs.oasis-open.org/wsrf/2004/06/wsrf-WS-ResourceProperties-1.2-draft-01.xsd}>ResourcePropertyValueChangeNotificationType>NewValue
OUT>      [java] [Thread-2] INFO  toJava.JavaGeneratorFactory  - excluding code generation for non-included QName:{uri:iso.org:21090}NPPD_ED.Doc.Ref
OUT>      [java] [Thread-2] INFO  toJava.JavaGeneratorFactory  - excluding code generation for non-included QName:{http://docs.oasis-open.org/wsrf/2004/06/wsrf-WS-ResourceProperties-1.2-draft-01.xsd}ResourceUnknownFaultType
OUT>      [java] [Thread-2] INFO  toJava.JavaGeneratorFactory  - excluding code generation for non-included QName:{http://docs.oasis-open.org/wsrf/2004/06/wsrf-WS-ResourceProperties-1.2-draft-01.xsd}>GetMultipleResourcePropertiesResponse
OUT>      [java] [Thread-2] INFO  toJava.JavaGeneratorFactory  - excluding code generation for non-included QName:{uri:iso.org:21090}QSS_INT.NonNeg
OUT>      [java] [Thread-2] INFO  toJava.JavaGeneratorFactory  - excluding code generation for non-included QName:{uri:iso.org:21090}PQR[0,unbounded]
OUT>      [java] [Thread-2] INFO  toJava.JavaGeneratorFactory  - excluding code generation for non-included QName:{uri:iso.org:21090}BAG_ED.Narrative
OUT>      [java] [Thread-2] INFO  toJava.JavaGeneratorFactory  - excluding code generation for non-included QName:{uri:iso.org:21090}DSET_TS.DateTime
OUT>      [java] [Thread-2] INFO  toJava.JavaGeneratorFactory  - excluding code generation for non-included QName:{uri:iso.org:21090}HIST_ED.Doc.Ref
OUT>      [java] [Thread-2] INFO  toJava.JavaGeneratorFactory  - excluding code generation for non-included QName:{gme://caCORE.caCORE/3.2/gov.nih.nci.cacoresdk.domain.manytomany.bidirectional}>Project>employeeCollection
OUT>      [java] [Thread-2] INFO  toJava.JavaGeneratorFactory  - excluding code generation for non-included QName:{gme://caGrid.caBIG/1.0/gov.nih.nci.cagrid.metadata.service}>ServiceContext>operationCollection
OUT>      [java] [Thread-2] INFO  toJava.JavaGeneratorFactory  - excluding code generation for non-included QName:{gme://caCORE.caCORE/3.2/gov.nih.nci.cacoresdk.domain.interfaze}Dog
OUT>      [java] [Thread-2] INFO  toJava.JavaGeneratorFactory  - excluding code generation for non-included QName:{uri:iso.org:21090}TS.Date.Full[0,0]
OUT>      [java] [Thread-2] INFO  toJava.JavaGeneratorFactory  - excluding code generation for non-included QName:{uri:iso.org:21090}GLIST_TS.DateTime.Full
OUT>      [java] [Thread-2] INFO  toJava.JavaGeneratorFactory  - excluding code generation for non-included QName:{uri:iso.org:21090}QSD_INT.NonNeg
OUT>      [java] [Thread-2] INFO  toJava.JavaGeneratorFactory  - excluding code generation for non-included QName:{gme://caGrid.caBIG/1.0/gov.nih.nci.cagrid.metadata.security}Operation
OUT>      [java] [Thread-2] INFO  toJava.JavaGeneratorFactory  - excluding code generation for non-included QName:{uri:iso.org:21090}TEL.Person[0,unbounded]
OUT>      [java] [Thread-2] INFO  toJava.JavaGeneratorFactory  - excluding code generation for non-included QName:{gme://caCORE.caCORE/3.2/gov.nih.nci.cacoresdk.domain.other.datatype}TelUrlDataType
OUT>      [java] [Thread-2] INFO  toJava.JavaGeneratorFactory  - excluding code generation for non-included QName:{uri:iso.org:21090}HIST_RTO
OUT>      [java] [Thread-2] INFO  toJava.JavaGeneratorFactory  - excluding code generation for non-included QName:{uri:iso.org:21090}QSP_REAL
OUT>      [java] [Thread-2] INFO  toJava.JavaGeneratorFactory  - excluding code generation for non-included QName:{uri:iso.org:21090}COLL_TS.Date.Full
OUT>      [java] [Thread-2] INFO  toJava.JavaGeneratorFactory  - excluding code generation for non-included QName:{uri:iso.org:21090}TEL.Url[0,unbounded]
OUT>      [java] [Thread-2] INFO  toJava.JavaGeneratorFactory  - excluding code generation for non-included QName:{uri:iso.org:21090}>tfoot
OUT>      [java] [Thread-2] INFO  toJava.JavaGeneratorFactory  - excluding code generation for non-included QName:{uri:iso.org:21090}IVL_TS.Date.Full
OUT>      [java] [Thread-2] INFO  toJava.JavaGeneratorFactory  - excluding code generation for non-included QName:{gme://caCORE.caCORE/3.2/gov.nih.nci.cacoresdk.domain.inheritance.implicit}Fish
OUT>      [java] [Thread-2] INFO  toJava.JavaGeneratorFactory  - excluding code generation for non-included QName:{gme://caCORE.caCORE/3.2/gov.nih.nci.cacoresdk.domain.manytomany.unidirectional}Author
OUT>      [java] [Thread-2] INFO  toJava.JavaGeneratorFactory  - excluding code generation for non-included QName:{gme://caCORE.caCORE/3.2/gov.nih.nci.cacoresdk.domain.inheritance.childwithassociation}Payment
OUT>      [java] [Thread-2] INFO  toJava.JavaGeneratorFactory  - excluding code generation for non-included QName:{uri:iso.org:21090}DSET_INT
OUT>      [java] [Thread-2] INFO  toJava.JavaGeneratorFactory  - excluding code generation for non-included QName:{uri:iso.org:21090}QSET_PQ.Time
OUT>      [java] [Thread-2] INFO  toJava.JavaGeneratorFactory  - excluding code generation for non-included QName:{http://docs.oasis-open.org/wsrf/2004/06/wsrf-WS-ResourceLifetime-1.2-draft-01.xsd}TerminationTimeChangeRejectedFaultType
OUT>      [java] [Thread-2] INFO  toJava.JavaGeneratorFactory  - excluding code generation for non-included QName:{uri:iso.org:21090}UVP_TEL.Url
OUT>      [java] [Thread-2] INFO  toJava.JavaGeneratorFactory  - excluding code generation for non-included QName:{uri:iso.org:21090}CodingRationale
OUT>      [java] [Thread-2] INFO  toJava.JavaGeneratorFactory  - excluding code generation for non-included QName:{gme://caCORE.caCORE/3.2/gov.nih.nci.cacoresdk.domain.onetoone.bidirectional.withjoin}Pendant
OUT>      [java] [Thread-2] INFO  toJava.JavaGeneratorFactory  - excluding code generation for non-included QName:{gme://caGrid.caBIG/1.0/gov.nih.nci.cagrid.metadata.common}PointOfContact
OUT>      [java] [Thread-2] INFO  toJava.JavaGeneratorFactory  - excluding code generation for non-included QName:{uri:iso.org:21090}HIST_PQ
OUT>      [java] [Thread-2] INFO  toJava.JavaGeneratorFactory  - excluding code generation for non-included QName:{http://CQL.caBIG/2/org.cagrid.cql2}CQLQuery
OUT>      [java] [Thread-2] INFO  toJava.JavaGeneratorFactory  - excluding code generation for non-included QName:{gme://caCORE.caCORE/3.2/gov.nih.nci.cacoresdk.domain.manytoone.unidirectional.withjoin}Song
OUT>      [java] [Thread-2] INFO  toJava.JavaGeneratorFactory  - excluding code generation for non-included QName:{gme://caCORE.caCORE/3.2/gov.nih.nci.cacoresdk.domain.inheritance.implicit}AngelFish
OUT>      [java] [Thread-2] INFO  toJava.JavaGeneratorFactory  - excluding code generation for non-included QName:{uri:iso.org:21090}QSI_TS.Birth
OUT>      [java] [Thread-2] INFO  toJava.JavaGeneratorFactory  - excluding code generation for non-included QName:{gme://caCORE.caCORE/3.2/gov.nih.nci.cacoresdk.domain.other.levelassociation}>Hand>cardCollection
OUT>      [java] [Thread-2] INFO  toJava.JavaGeneratorFactory  - excluding code generation for non-included QName:{gme://caCORE.caCORE/3.2/gov.nih.nci.cacoresdk.domain.other.datatype}DsetIiDataType
OUT>      [java] [Thread-2] INFO  toJava.JavaGeneratorFactory  - excluding code generation for non-included QName:{uri:iso.org:21090}QSI_CO
OUT>      [java] [Thread-2] INFO  toJava.JavaGeneratorFactory  - excluding code generation for non-included QName:{uri:iso.org:21090}QSET_RTO[0,unbounded]
OUT>      [java] [Thread-2] INFO  toJava.JavaGeneratorFactory  - excluding code generation for non-included QName:{gme://caCORE.caCORE/3.2/gov.nih.nci.cacoresdk.domain.inheritance.multiplechild}Student
OUT>      [java] [Thread-2] INFO  toJava.JavaGeneratorFactory  - excluding code generation for non-included QName:{uri:iso.org:21090}AD[0,unbounded]
OUT>      [java] [Thread-2] INFO  toJava.JavaGeneratorFactory  - excluding code generation for non-included QName:{http://schemas.xmlsoap.org/ws/2004/03/addressing}AttributedQName
OUT>      [java] [Thread-2] INFO  toJava.JavaGeneratorFactory  - excluding code generation for non-included QName:{uri:iso.org:21090}MO
OUT>      [java] [Thread-2] INFO  toJava.JavaGeneratorFactory  - excluding code generation for non-included QName:{uri:iso.org:21090}>col
OUT>      [java] [Thread-2] INFO  toJava.JavaGeneratorFactory  - excluding code generation for non-included QName:{gme://caCORE.caCORE/3.2/gov.nih.nci.cacoresdk.domain.onetoone.unidirectional.withjoin}Handle
OUT>      [java] [Thread-2] INFO  toJava.JavaGeneratorFactory  - excluding code generation for non-included QName:{uri:iso.org:21090}DSET_ED.Text
OUT>      [java] [Thread-2] INFO  toJava.JavaGeneratorFactory  - excluding code generation for non-included QName:{uri:iso.org:21090}QSU_TS.Date
OUT>      [java] [Thread-2] INFO  toJava.JavaGeneratorFactory  - excluding code generation for non-included QName:{uri:iso.org:21090}TS.DateTime.Full[0,unbounded]
OUT>      [java] [Thread-2] INFO  toJava.JavaGeneratorFactory  - excluding code generation for non-included QName:{http://CQL.caBIG/2/org.cagrid.cql2}CQLTargetObject
OUT>      [java] [Thread-2] INFO  toJava.JavaGeneratorFactory  - excluding code generation for non-included QName:{uri:iso.org:21090}DSET_II
OUT>      [java] [Thread-2] INFO  toJava.JavaGeneratorFactory  - excluding code generation for non-included QName:{uri:iso.org:21090}QSD_TS.Date.Full
OUT>      [java] [Thread-2] INFO  toJava.JavaGeneratorFactory  - excluding code generation for non-included QName:{uri:iso.org:21090}UVP_EN[0,unbounded]
OUT>      [java] [Thread-2] INFO  toJava.JavaGeneratorFactory  - excluding code generation for non-included QName:{http://docs.oasis-open.org/wsrf/2004/06/wsrf-WS-ResourceLifetime-1.2-draft-01.xsd}>ScheduledResourceTerminationRP
OUT>      [java] [Thread-2] INFO  toJava.JavaGeneratorFactory  - excluding code generation for non-included QName:{http://docs.oasis-open.org/wsrf/2004/06/wsrf-WS-ResourceLifetime-1.2-draft-01.xsd}>Destroy
OUT>      [java] [Thread-2] INFO  toJava.JavaGeneratorFactory  - excluding code generation for non-included QName:{gme://caCORE.caCORE/3.2/gov.nih.nci.cacoresdk.domain.other.differentpackage.associations}Pie
OUT>      [java] [Thread-2] INFO  toJava.JavaGeneratorFactory  - excluding code generation for non-included QName:{uri:iso.org:21090}UVP_TS[0,unbounded]
OUT>      [java] [Thread-2] INFO  toJava.JavaGeneratorFactory  - excluding code generation for non-included QName:{gme://caGrid.caBIG/1.0/gov.nih.nci.cagrid.metadata.common}ValueDomain
OUT>      [java] [Thread-2] INFO  toJava.JavaGeneratorFactory  - excluding code generation for non-included QName:{uri:iso.org:21090}HIST_ST.NT
OUT>      [java] [Thread-2] INFO  toJava.JavaGeneratorFactory  - excluding code generation for non-included QName:{uri:iso.org:21090}LIST_TEL.Url
OUT>      [java] [Thread-2] INFO  toJava.JavaGeneratorFactory  - excluding code generation for non-included QName:{uri:iso.org:21090}PQR[0,0]
OUT>      [java] [Thread-2] INFO  toJava.JavaGeneratorFactory  - excluding code generation for non-included QName:{uri:iso.org:21090}SLIST_PQ.Time
OUT>      [java] [Thread-2] INFO  toJava.JavaGeneratorFactory  - excluding code generation for non-included QName:{uri:iso.org:21090}IVL_PQ.Time
OUT>      [java] [Thread-2] INFO  toJava.JavaGeneratorFactory  - excluding code generation for non-included QName:{uri:iso.org:21090}QSI_INT.NonNeg
OUT>      [java] [Thread-2] INFO  toJava.JavaGeneratorFactory  - excluding code generation for non-included QName:{http://docs.oasis-open.org/wsn/2004/06/wsn-WS-BaseNotification-1.2-draft-01.xsd}PauseFailedFaultType
OUT>      [java] [Thread-2] INFO  toJava.JavaGeneratorFactory  - excluding code generation for non-included QName:{uri:iso.org:21090}QSP_TS.DateTime.Full
OUT>      [java] [Thread-2] INFO  toJava.JavaGeneratorFactory  - excluding code generation for non-included QName:{uri:iso.org:21090}IVL.High_INT
OUT>      [java] [Thread-2] INFO  toJava.JavaGeneratorFactory  - excluding code generation for non-included QName:{uri:iso.org:21090}BAG_INT
OUT>      [java] [Thread-2] INFO  toJava.JavaGeneratorFactory  - excluding code generation for non-included QName:{uri:iso.org:21090}IntegrityCheckAlgorithm
OUT>      [java] [Thread-2] INFO  toJava.JavaGeneratorFactory  - excluding code generation for non-included QName:{uri:iso.org:21090}QSET_TS
OUT>      [java] [Thread-2] INFO  toJava.JavaGeneratorFactory  - excluding code generation for non-included QName:{gme://caCORE.caCORE/3.2/gov.nih.nci.cacoresdk.domain.onetomany.bidirectional}Computer
OUT>      [java] [Thread-2] INFO  toJava.JavaGeneratorFactory  - excluding code generation for non-included QName:{gme://caCORE.caCORE/3.2/gov.nih.nci.cacoresdk.domain.other.differentpackage.associations}Utensil
OUT>      [java] [Thread-2] INFO  toJava.JavaGeneratorFactory  - excluding code generation for non-included QName:{uri:iso.org:21090}Compression
OUT>      [java] [Thread-2] INFO  toJava.JavaGeneratorFactory  - excluding code generation for non-included QName:{http://CQL.caBIG/2/org.cagrid.cql2.results}CQLObjectResult[0,unbounded]
OUT>      [java] [Thread-2] INFO  toJava.JavaGeneratorFactory  - excluding code generation for non-included QName:{uri:iso.org:21090}INT[0,unbounded]
OUT>      [java] [Thread-2] INFO  toJava.JavaGeneratorFactory  - excluding code generation for non-included QName:{uri:iso.org:21090}CD.CE[0,unbounded]
OUT>      [java] [Thread-2] INFO  toJava.JavaGeneratorFactory  - excluding code generation for non-included QName:{gme://caGrid.caBIG/1.0/gov.nih.nci.cagrid.metadata.service}ContextProperty
OUT>      [java] [Thread-2] INFO  toJava.JavaGeneratorFactory  - excluding code generation for non-included QName:{http://docs.oasis-open.org/wsn/2004/06/wsn-WS-BaseNotification-1.2-draft-01.xsd}TopicNotSupportedFaultType
OUT>      [java] [Thread-2] INFO  toJava.JavaGeneratorFactory  - excluding code generation for non-included QName:{http://CQL.caBIG/2/org.cagrid.cql2}CQLAssociatedObject[,unbounded]
OUT>      [java] [Thread-2] INFO  toJava.JavaGeneratorFactory  - excluding code generation for non-included QName:{uri:iso.org:21090}PQ.Time[0,0]
OUT>      [java] [Thread-2] INFO  toJava.JavaGeneratorFactory  - excluding code generation for non-included QName:{gme://caCORE.caCORE/3.2/gov.nih.nci.cacoresdk.domain.other.primarykey}DoublePrimitiveKey
OUT>      [java] [Thread-2] INFO  toJava.JavaGeneratorFactory  - excluding code generation for non-included QName:{uri:iso.org:21090}UVP_ED.Doc.Inline
OUT>      [java] [Thread-2] INFO  toJava.JavaGeneratorFactory  - excluding code generation for non-included QName:{uri:iso.org:21090}GLIST_INT.Positive
OUT>      [java] [Thread-2] INFO  toJava.JavaGeneratorFactory  - excluding code generation for non-included QName:{gme://caCORE.caCORE/3.2/gov.nih.nci.cacoresdk.domain.inheritance.implicit}>SaltwaterFishTank>substrateCollection
OUT>      [java] [Thread-2] INFO  toJava.JavaGeneratorFactory  - excluding code generation for non-included QName:{uri:iso.org:21090}HIST_INT
OUT>      [java] [Thread-2] INFO  toJava.JavaGeneratorFactory  - excluding code generation for non-included QName:{uri:iso.org:21090}IVL.Low_INT.NonNeg
OUT>      [java] [Thread-2] INFO  toJava.JavaGeneratorFactory  - excluding code generation for non-included QName:{uri:iso.org:21090}>>tbody>align
OUT>      [java] [Thread-2] INFO  toJava.JavaGeneratorFactory  - excluding code generation for non-included QName:{uri:iso.org:21090}CD.CV
OUT>      [java] [Thread-2] INFO  toJava.JavaGeneratorFactory  - excluding code generation for non-included QName:{gme://caCORE.caCORE/3.2/gov.nih.nci.cacoresdk.domain.inheritance.onechild}Mammal
OUT>      [java] [Thread-2] INFO  toJava.JavaGeneratorFactory  - excluding code generation for non-included QName:{uri:iso.org:21090}ED.Doc.Ref
OUT>      [java] [Thread-2] INFO  toJava.JavaGeneratorFactory  - excluding code generation for non-included QName:{uri:iso.org:21090}QSS_REAL
OUT>      [java] [Thread-2] INFO  toJava.JavaGeneratorFactory  - excluding code generation for non-included QName:{gme://caCORE.caCORE/3.2/gov.nih.nci.cacoresdk.domain.other.primarykey}LongPrimitiveKey
OUT>      [java] [Thread-2] INFO  toJava.JavaGeneratorFactory  - excluding code generation for non-included QName:{uri:iso.org:21090}TS.Date.Full
OUT>      [java] [Thread-2] INFO  toJava.JavaGeneratorFactory  - excluding code generation for non-included QName:{uri:iso.org:21090}ED.Signature
OUT>      [java] [Thread-2] INFO  toJava.JavaGeneratorFactory  - excluding code generation for non-included QName:{gme://caCORE.caCORE/3.2/gov.nih.nci.cacoresdk.domain.inheritance.parentwithassociation}TenuredProfessor
OUT>      [java] [Thread-2] INFO  toJava.JavaGeneratorFactory  - excluding code generation for non-included QName:{uri:iso.org:21090}CS[0,unbounded]
OUT>      [java] [Thread-2] INFO  toJava.JavaGeneratorFactory  - excluding code generation for non-included QName:{uri:iso.org:21090}HIST_TS
OUT>      [java] [Thread-2] INFO  toJava.JavaGeneratorFactory  - excluding code generation for non-included QName:{uri:iso.org:21090}UVP_TS.Date[0,unbounded]
OUT>      [java] [Thread-2] INFO  toJava.JavaGeneratorFactory  - excluding code generation for non-included QName:{uri:iso.org:21090}NPPD_TEL.Email
OUT>      [java] [Thread-2] INFO  toJava.JavaGeneratorFactory  - excluding code generation for non-included QName:{gme://caCORE.caCORE/3.2/gov.nih.nci.cacoresdk.domain.other.datatype}ScDataType
OUT>      [java] [Thread-2] INFO  toJava.JavaGeneratorFactory  - excluding code generation for non-included QName:{uri:iso.org:21090}SC[0,unbounded]
OUT>      [java] [Thread-2] INFO  toJava.JavaGeneratorFactory  - excluding code generation for non-included QName:{http://CQL.caBIG/2/org.cagrid.cql2.results}TargetAttribute
OUT>      [java] [Thread-2] INFO  toJava.JavaGeneratorFactory  - excluding code generation for non-included QName:{gme://caGrid.caBIG/1.0/gov.nih.nci.cagrid.metadata.security}protectionLevelType
OUT>      [java] [Thread-2] INFO  toJava.JavaGeneratorFactory  - excluding code generation for non-included QName:{uri:iso.org:21090}HIST_TEL.Person
OUT>      [java] [Thread-2] INFO  toJava.JavaGeneratorFactory  - excluding code generation for non-included QName:{uri:iso.org:21090}>tr
OUT>      [java] [Thread-2] INFO  toJava.JavaGeneratorFactory  - excluding code generation for non-included QName:{uri:iso.org:21090}INT.Positive
OUT>      [java] [Thread-2] INFO  toJava.JavaGeneratorFactory  - excluding code generation for non-included QName:{uri:iso.org:21090}>th
OUT>      [java] [Thread-2] INFO  toJava.JavaGeneratorFactory  - excluding code generation for non-included QName:{uri:iso.org:21090}II
OUT>      [java] [Thread-2] INFO  toJava.JavaGeneratorFactory  - excluding code generation for non-included QName:{uri:iso.org:21090}CD.CE
OUT>      [java] [Thread-2] INFO  toJava.JavaGeneratorFactory  - excluding code generation for non-included QName:{uri:iso.org:21090}QSP_TS.Date
OUT>      [java] [Thread-2] INFO  toJava.JavaGeneratorFactory  - excluding code generation for non-included QName:{uri:iso.org:21090}HIST_SC
OUT>      [java] [Thread-2] INFO  toJava.JavaGeneratorFactory  - excluding code generation for non-included QName:{http://docs.oasis-open.org/wsrf/2004/06/wsrf-WS-ResourceProperties-1.2-draft-01.xsd}InsertType
OUT>      [java] [Thread-2] INFO  toJava.JavaGeneratorFactory  - excluding code generation for non-included QName:{uri:iso.org:21090}LIST_ED.Doc.Ref
OUT>      [java] [Thread-2] INFO  toJava.JavaGeneratorFactory  - excluding code generation for non-included QName:{uri:iso.org:21090}DSET_ST.NT
OUT>      [java] [Thread-2] INFO  toJava.JavaGeneratorFactory  - excluding code generation for non-included QName:{uri:iso.org:21090}TS.DateTime[0,0]
OUT>      [java] [Thread-2] INFO  toJava.JavaGeneratorFactory  - excluding code generation for non-included QName:{uri:iso.org:21090}HIST_TEL.Phone
OUT>      [java] [Thread-2] INFO  toJava.JavaGeneratorFactory  - excluding code generation for non-included QName:{uri:iso.org:21090}>td
OUT>      [java] [Thread-2] INFO  toJava.JavaGeneratorFactory  - excluding code generation for non-included QName:{gme://caCORE.caCORE/3.2/gov.nih.nci.cacoresdk.domain.other.datatype}TelPersonDataType
OUT>      [java] [Thread-2] INFO  toJava.JavaGeneratorFactory  - excluding code generation for non-included QName:{uri:iso.org:21090}DSET_EN
OUT>      [java] [Thread-2] INFO  toJava.JavaGeneratorFactory  - excluding code generation for non-included QName:{gme://caGrid.caBIG/1.0/gov.nih.nci.cagrid.metadata.service}Fault
OUT>      [java] [Thread-2] INFO  toJava.JavaGeneratorFactory  - excluding code generation for non-included QName:{uri:iso.org:21090}HIST_ST
OUT>      [java] [Thread-2] INFO  toJava.JavaGeneratorFactory  - excluding code generation for non-included QName:{uri:iso.org:21090}DSET_PQ.Time
OUT>      [java] [Thread-2] INFO  toJava.JavaGeneratorFactory  - excluding code generation for non-included QName:{http://CQL.caBIG/2/org.cagrid.cql2}GroupLogicalOperator
OUT>      [java] [Thread-2] INFO  toJava.JavaGeneratorFactory  - excluding code generation for non-included QName:{uri:iso.org:21090}DSET_ED
OUT>      [java] [Thread-2] INFO  toJava.JavaGeneratorFactory  - excluding code generation for non-included QName:{uri:iso.org:21090}QSD_TS.Birth
OUT>      [java] [Thread-2] INFO  toJava.JavaGeneratorFactory  - excluding code generation for non-included QName:{gme://caCORE.caCORE/3.2/gov.nih.nci.cacoresdk.domain.other.levelassociation}Deck
OUT>      [java] [Thread-2] INFO  toJava.JavaGeneratorFactory  - excluding code generation for non-included QName:{gme://caCORE.caCORE/3.2/gov.nih.nci.cacoresdk.domain.onetomany.unidirectional}>KeyChain>keyCollection
OUT>      [java] [Thread-2] INFO  toJava.JavaGeneratorFactory  - excluding code generation for non-included QName:{uri:iso.org:21090}>colgroup
OUT>      [java] [Thread-2] INFO  toJava.JavaGeneratorFactory  - excluding code generation for non-included QName:{http://docs.oasis-open.org/wsrf/2004/06/wsrf-WS-ResourceProperties-1.2-draft-01.wsdl}QueryResourcePropertiesRequest
OUT>      [java] [Thread-2] INFO  toJava.JavaGeneratorFactory  - excluding code generation for non-included QName:{http://docs.oasis-open.org/wsn/2004/06/wsn-WS-BaseNotification-1.2-draft-01.wsdl}NoCurrentMessageOnTopicFault
OUT>      [java] [Thread-2] INFO  toJava.JavaGeneratorFactory  - excluding code generation for non-included QName:{http://docs.oasis-open.org/wsn/2004/06/wsn-WS-BaseNotification-1.2-draft-01.wsdl}SubscribeRequest
OUT>      [java] [Thread-2] INFO  toJava.JavaGeneratorFactory  - excluding code generation for non-included QName:{http://docs.oasis-open.org/wsn/2004/06/wsn-WS-BaseNotification-1.2-draft-01.wsdl}NotificationProducer
OUT>      [java] [Thread-2] INFO  toJava.JavaGeneratorFactory  - excluding code generation for non-included QName:{http://docs.oasis-open.org/wsrf/2004/06/wsrf-WS-ResourceProperties-1.2-draft-01.wsdl}QueryResourceProperties
OUT>      [java] [Thread-2] INFO  toJava.JavaGeneratorFactory  - excluding code generation for non-included QName:{http://docs.oasis-open.org/wsn/2004/06/wsn-WS-BaseNotification-1.2-draft-01.wsdl}TopicNotSupportedFault
OUT>      [java] [Thread-2] INFO  toJava.JavaGeneratorFactory  - excluding code generation for non-included QName:{http://docs.oasis-open.org/wsn/2004/06/wsn-WS-BaseNotification-1.2-draft-01.wsdl}ResumeFailedFault
OUT>      [java] [Thread-2] INFO  toJava.JavaGeneratorFactory  - excluding code generation for non-included QName:{http://docs.oasis-open.org/wsrf/2004/06/wsrf-WS-ResourceProperties-1.2-draft-01.wsdl}SetResourcePropertyRequestFailedFault
OUT>      [java] [Thread-2] INFO  toJava.JavaGeneratorFactory  - excluding code generation for non-included QName:{http://docs.oasis-open.org/wsrf/2004/06/wsrf-WS-ResourceLifetime-1.2-draft-01.wsdl}UnableToSetTerminationTimeFault
OUT>      [java] [Thread-2] INFO  toJava.JavaGeneratorFactory  - excluding code generation for non-included QName:{http://docs.oasis-open.org/wsrf/2004/06/wsrf-WS-ResourceProperties-1.2-draft-01.wsdl}ResourceUnknownFault
OUT>      [java] [Thread-2] INFO  toJava.JavaGeneratorFactory  - excluding code generation for non-included QName:{http://docs.oasis-open.org/wsrf/2004/06/wsrf-WS-ResourceProperties-1.2-draft-01.wsdl}InvalidSetResourcePropertiesRequestContentFault
OUT>      [java] [Thread-2] INFO  toJava.JavaGeneratorFactory  - excluding code generation for non-included QName:{http://docs.oasis-open.org/wsrf/2004/06/wsrf-WS-ResourceProperties-1.2-draft-01.wsdl}QueryResourcePropertiesResponse
OUT>      [java] [Thread-2] INFO  toJava.JavaGeneratorFactory  - excluding code generation for non-included QName:{http://docs.oasis-open.org/wsrf/2004/06/wsrf-WS-ResourceProperties-1.2-draft-01.wsdl}GetResourceProperty
OUT>      [java] [Thread-2] INFO  toJava.JavaGeneratorFactory  - excluding code generation for non-included QName:{http://docs.oasis-open.org/wsrf/2004/06/wsrf-WS-ResourceProperties-1.2-draft-01.wsdl}SetResourcePropertiesRequest
OUT>      [java] [Thread-2] INFO  toJava.JavaGeneratorFactory  - excluding code generation for non-included QName:{http://docs.oasis-open.org/wsrf/2004/06/wsrf-WS-ResourceProperties-1.2-draft-01.wsdl}GetResourcePropertyResponse
OUT>      [java] [Thread-2] INFO  toJava.JavaGeneratorFactory  - excluding code generation for non-included QName:{http://docs.oasis-open.org/wsrf/2004/06/wsrf-WS-ResourceProperties-1.2-draft-01.wsdl}GetResourcePropertyRequest
OUT>      [java] [Thread-2] INFO  toJava.JavaGeneratorFactory  - excluding code generation for non-included QName:{http://docs.oasis-open.org/wsrf/2004/06/wsrf-WS-ResourceProperties-1.2-draft-01.wsdl}GetMultipleResourcePropertiesRequest
OUT>      [java] [Thread-2] INFO  toJava.JavaGeneratorFactory  - excluding code generation for non-included QName:{http://docs.oasis-open.org/wsrf/2004/06/wsrf-WS-ResourceProperties-1.2-draft-01.wsdl}InvalidResourcePropertyQNameFault
OUT>      [java] [Thread-2] INFO  toJava.JavaGeneratorFactory  - excluding code generation for non-included QName:{http://docs.oasis-open.org/wsn/2004/06/wsn-WS-BaseNotification-1.2-draft-01.wsdl}ResumeSubscriptionRequest
OUT>      [java] [Thread-2] INFO  toJava.JavaGeneratorFactory  - excluding code generation for non-included QName:{http://docs.oasis-open.org/wsn/2004/06/wsn-WS-BaseNotification-1.2-draft-01.wsdl}InvalidTopicExpressionFault
OUT>      [java] [Thread-2] INFO  toJava.JavaGeneratorFactory  - excluding code generation for non-included QName:{http://docs.oasis-open.org/wsn/2004/06/wsn-WS-BaseNotification-1.2-draft-01.wsdl}PauseFailedFault
OUT>      [java] [Thread-2] INFO  toJava.JavaGeneratorFactory  - excluding code generation for non-included QName:{http://docs.oasis-open.org/wsrf/2004/06/wsrf-WS-ResourceLifetime-1.2-draft-01.wsdl}DestroyRequest
OUT>      [java] [Thread-2] INFO  toJava.JavaGeneratorFactory  - excluding code generation for non-included QName:{http://docs.oasis-open.org/wsrf/2004/06/wsrf-WS-ResourceLifetime-1.2-draft-01.wsdl}DestroyResponse
OUT>      [java] [Thread-2] INFO  toJava.JavaGeneratorFactory  - excluding code generation for non-included QName:{http://docs.oasis-open.org/wsrf/2004/06/wsrf-WS-ResourceLifetime-1.2-draft-01.wsdl}ResourceNotDestroyedFault
OUT>      [java] [Thread-2] INFO  toJava.JavaGeneratorFactory  - excluding code generation for non-included QName:{http://docs.oasis-open.org/wsrf/2004/06/wsrf-WS-BaseFaults-1.2-draft-01.wsdl}BaseFaultMessage
OUT>      [java] [Thread-2] INFO  toJava.JavaGeneratorFactory  - excluding code generation for non-included QName:{http://docs.oasis-open.org/wsrf/2004/06/wsrf-WS-ResourceProperties-1.2-draft-01.wsdl}GetMultipleResourcePropertiesResponse
OUT>      [java] [Thread-2] INFO  toJava.JavaGeneratorFactory  - excluding code generation for non-included QName:{http://docs.oasis-open.org/wsn/2004/06/wsn-WS-BaseNotification-1.2-draft-01.wsdl}PauseSubscriptionRequest
OUT>      [java] [Thread-2] INFO  toJava.JavaGeneratorFactory  - excluding code generation for non-included QName:{http://docs.oasis-open.org/wsn/2004/06/wsn-WS-BaseNotification-1.2-draft-01.wsdl}GetCurrentMessageResponse
OUT>      [java] [Thread-2] INFO  toJava.JavaGeneratorFactory  - excluding code generation for non-included QName:{http://docs.oasis-open.org/wsrf/2004/06/wsrf-WS-ResourceProperties-1.2-draft-01.wsdl}QueryEvaluationErrorFault
OUT>      [java] [Thread-2] INFO  toJava.JavaGeneratorFactory  - excluding code generation for non-included QName:{http://docs.oasis-open.org/wsn/2004/06/wsn-WS-BaseNotification-1.2-draft-01.wsdl}ResumeSubscriptionResponse
OUT>      [java] [Thread-2] INFO  toJava.JavaGeneratorFactory  - excluding code generation for non-included QName:{http://docs.oasis-open.org/wsrf/2004/06/wsrf-WS-ResourceLifetime-1.2-draft-01.wsdl}ResourceUnknownFault
OUT>      [java] [Thread-2] INFO  toJava.JavaGeneratorFactory  - excluding code generation for non-included QName:{http://docs.oasis-open.org/wsrf/2004/06/wsrf-WS-ResourceProperties-1.2-draft-01.wsdl}InvalidQueryExpressionFault
OUT>      [java] [Thread-2] INFO  toJava.JavaGeneratorFactory  - excluding code generation for non-included QName:{http://docs.oasis-open.org/wsrf/2004/06/wsrf-WS-ResourceProperties-1.2-draft-01.wsdl}UnknownQueryExpressionDialectFault
OUT>      [java] [Thread-2] INFO  toJava.JavaGeneratorFactory  - excluding code generation for non-included QName:{http://docs.oasis-open.org/wsrf/2004/06/wsrf-WS-ResourceProperties-1.2-draft-01.wsdl}GetMultipleResourceProperties
OUT>      [java] [Thread-2] INFO  toJava.JavaGeneratorFactory  - excluding code generation for non-included QName:{http://docs.oasis-open.org/wsn/2004/06/wsn-WS-BaseNotification-1.2-draft-01.wsdl}GetCurrentMessageRequest
OUT>      [java] [Thread-2] INFO  toJava.JavaGeneratorFactory  - excluding code generation for non-included QName:{http://docs.oasis-open.org/wsn/2004/06/wsn-WS-BaseNotification-1.2-draft-01.wsdl}SubscribeResponse
OUT>      [java] [Thread-2] INFO  toJava.JavaGeneratorFactory  - excluding code generation for non-included QName:{http://docs.oasis-open.org/wsn/2004/06/wsn-WS-BaseNotification-1.2-draft-01.wsdl}SubscriptionManager
OUT>      [java] [Thread-2] INFO  toJava.JavaGeneratorFactory  - excluding code generation for non-included QName:{http://docs.oasis-open.org/wsn/2004/06/wsn-WS-BaseNotification-1.2-draft-01.wsdl}Notify
OUT>      [java] [Thread-2] INFO  toJava.JavaGeneratorFactory  - excluding code generation for non-included QName:{http://docs.oasis-open.org/wsrf/2004/06/wsrf-WS-ResourceLifetime-1.2-draft-01.wsdl}TerminationTimeChangeRejectedFault
OUT>      [java] [Thread-2] INFO  toJava.JavaGeneratorFactory  - excluding code generation for non-included QName:{http://docs.oasis-open.org/wsn/2004/06/wsn-WS-BaseNotification-1.2-draft-01.wsdl}NotificationConsumer
OUT>      [java] [Thread-2] INFO  toJava.JavaGeneratorFactory  - excluding code generation for non-included QName:{http://docs.oasis-open.org/wsrf/2004/06/wsrf-WS-ResourceLifetime-1.2-draft-01.wsdl}ScheduledResourceTermination
OUT>      [java] [Thread-2] INFO  toJava.JavaGeneratorFactory  - excluding code generation for non-included QName:{http://docs.oasis-open.org/wsn/2004/06/wsn-WS-BaseNotification-1.2-draft-01.wsdl}PauseSubscriptionResponse
OUT>      [java] [Thread-2] INFO  toJava.JavaGeneratorFactory  - excluding code generation for non-included QName:{http://docs.oasis-open.org/wsn/2004/06/wsn-WS-BaseNotification-1.2-draft-01.wsdl}TopicPathDialectUnknownFault
OUT>      [java] [Thread-2] INFO  toJava.JavaGeneratorFactory  - excluding code generation for non-included QName:{http://docs.oasis-open.org/wsrf/2004/06/wsrf-WS-ResourceProperties-1.2-draft-01.wsdl}UnableToModifyResourcePropertyFault
OUT>      [java] [Thread-2] INFO  toJava.JavaGeneratorFactory  - excluding code generation for non-included QName:{http://docs.oasis-open.org/wsrf/2004/06/wsrf-WS-ResourceProperties-1.2-draft-01.wsdl}SetResourcePropertiesResponse
OUT>      [java] [Thread-2] INFO  toJava.JavaGeneratorFactory  - excluding code generation for non-included QName:{http://docs.oasis-open.org/wsrf/2004/06/wsrf-WS-ResourceLifetime-1.2-draft-01.wsdl}ImmediateResourceTermination
OUT>      [java] [Thread-2] INFO  toJava.JavaGeneratorFactory  - excluding code generation for non-included QName:{http://docs.oasis-open.org/wsrf/2004/06/wsrf-WS-ResourceLifetime-1.2-draft-01.wsdl}SetTerminationTimeResponse
OUT>      [java] [Thread-2] INFO  toJava.JavaGeneratorFactory  - excluding code generation for non-included QName:{http://docs.oasis-open.org/wsn/2004/06/wsn-WS-BaseNotification-1.2-draft-01.wsdl}ResourceUnknownFault
OUT>      [java] [Thread-2] INFO  toJava.JavaGeneratorFactory  - excluding code generation for non-included QName:{http://docs.oasis-open.org/wsn/2004/06/wsn-WS-BaseNotification-1.2-draft-01.wsdl}SubscribeCreationFailedFault
OUT>      [java] [Thread-2] INFO  toJava.JavaGeneratorFactory  - excluding code generation for non-included QName:{http://docs.oasis-open.org/wsrf/2004/06/wsrf-WS-ResourceLifetime-1.2-draft-01.wsdl}SetTerminationTimeRequest
OUT>      [java] [Thread-2] INFO  toJava.JavaGeneratorFactory  - excluding code generation for non-included QName:{http://docs.oasis-open.org/wsrf/2004/06/wsrf-WS-ResourceProperties-1.2-draft-01.wsdl}SetResourceProperties
OUT> 
OUT> stubGenerationPostProcessor:
OUT> Warning: Reference tasks.run.classpath has not been set at runtime, but was found during
OUT> build file parsing, attempting to resolve. Future versions of Ant may support
OUT>  referencing ids defined in non-executed targets.
OUT> Warning: Reference tasks.run.extended.classpath has not been set at runtime, but was found during
OUT> build file parsing, attempting to resolve. Future versions of Ant may support
OUT>  referencing ids defined in non-executed targets.
OUT> 
OUT> postStubs:
OUT>      [java] 11:50:33,589 WARN  [JavaUtils] Unable to find required classes (javax.activation.DataHandler and javax.mail.internet.MimeMultipart). Attachment support is disabled.
OUT> 
OUT> compileStubs:
OUT> 
OUT> preCompileStubs:
OUT>     [javac] Compiling 49 source files to /Users/ervin/Projects/caGrid/caGrid-1_5_release/Software/core/integration-tests/projects/sdk44StyleTests/temp/DataServiceWithSdk44/build/stubs-DataServiceWithSdk44/classes
OUT>     [javac] Note: Some input files use unchecked or unsafe operations.
OUT>     [javac] Note: Recompile with -Xlint:unchecked for details.
OUT> 
OUT> postCompileStubs:
OUT> 
OUT> jarStubs:
OUT> 
OUT> preJarStubs:
OUT>       [jar] Building jar: /Users/ervin/Projects/caGrid/caGrid-1_5_release/Software/core/integration-tests/projects/sdk44StyleTests/temp/DataServiceWithSdk44/build/lib/DataServiceWithSdk44-stubs.jar
OUT> 
OUT> postJarStubs:
OUT> 
OUT> compile:
OUT> 
OUT> preCompile:
OUT>     [javac] Compiling 15 source files to /Users/ervin/Projects/caGrid/caGrid-1_5_release/Software/core/integration-tests/projects/sdk44StyleTests/temp/DataServiceWithSdk44/build/classes
OUT>     [javac] Note: Some input files use or override a deprecated API.
OUT>     [javac] Note: Recompile with -Xlint:deprecation for details.
OUT>      [copy] Copying 16 files to /Users/ervin/Projects/caGrid/caGrid-1_5_release/Software/core/integration-tests/projects/sdk44StyleTests/temp/DataServiceWithSdk44/build/classes
OUT> 
OUT> postCompile:
OUT> 
OUT> jar:
OUT> 
OUT> preJar:
OUT>       [jar] Building jar: /Users/ervin/Projects/caGrid/caGrid-1_5_release/Software/core/integration-tests/projects/sdk44StyleTests/temp/DataServiceWithSdk44/build/lib/DataServiceWithSdk44-client.jar
OUT>       [jar] Building jar: /Users/ervin/Projects/caGrid/caGrid-1_5_release/Software/core/integration-tests/projects/sdk44StyleTests/temp/DataServiceWithSdk44/build/lib/DataServiceWithSdk44-service.jar
OUT>       [jar] Building jar: /Users/ervin/Projects/caGrid/caGrid-1_5_release/Software/core/integration-tests/projects/sdk44StyleTests/temp/DataServiceWithSdk44/build/lib/DataServiceWithSdk44-common.jar
OUT> 
OUT> postJar:
OUT> 
OUT> compileTests:
OUT> 
OUT> preCompileTests:
OUT> 
OUT> postCompileTests:
OUT> 
OUT> jarTests:
OUT> 
OUT> preJarTests:
OUT>       [jar] Building MANIFEST-only jar: /Users/ervin/Projects/caGrid/caGrid-1_5_release/Software/core/integration-tests/projects/sdk44StyleTests/temp/DataServiceWithSdk44/build/lib/DataServiceWithSdk44-tests.jar
OUT> 
OUT> postJarTests:
OUT> 
OUT> jars:
OUT> 
OUT> all:
OUT> 
OUT> BUILD SUCCESSFUL
OUT> Total time: 18 seconds

> UnpackContainerStep (org.cagrid.tests.data.styles.cacore44.upgrade.from14.SDK44DataServiceUpgradeTest)

Unpacking service container
System property testing.container.debug.packages not defined; not configuring any packages for debugging
Setting SOAP logging DISABLED

> DeployServiceStep (org.cagrid.tests.data.styles.cacore44.upgrade.from14.SDK44DataServiceUpgradeTest)

Running step: gov.nih.nci.cagrid.testing.system.deployment.steps.DeployServiceStep
Command environment:

TERM=xterm
ANT_OPTS=-Xmx1024m -Xms512m
com.apple.java.jvmMode=client
SHLVL=4
JAVA_HOME=/System/Library/Frameworks/JavaVM.framework/Versions/CurrentJDK/Home
__CF_USER_TEXT_ENCODING=0x1F5:0:0
HOSTTYPE=intel-mac
REMOTEHOST=
PWD=/Users/ervin/Projects/caGrid/caGrid-1_5_release/Software/core/integration-tests/projects/sdk44StyleTests
HOST=David-Ervins-MacBook-Pro-2.local
XTERM_VERSION=XTerm(251)
LOGNAME=ervin
WINDOWID=12582925
CVS_RSH=ssh
MACHTYPE=x86_64
SSH_AUTH_SOCK=/tmp/launch-vWyEtK/Listeners
SHELL=/bin/tcsh
GROUP=staff
EDITOR=nano
TMPDIR=/var/folders/M2/M2eLa4tFElelS2p09b6x7U+++TI/-Tmp-/
X11_PREFS_DOMAIN=org.x.X11
PATH=/Users/ervin/Installs/ant/apache-ant-1.7.1//bin:/opt/local/bin:/opt/local/sbin:/System/Library/Frameworks/JavaVM.framework/Versions/CurrentJDK/Home/bin:/Users/ervin/Installs/ant/apache-ant-1.7.1/bin:/Users/ervin/Installs/ant/apache-ant-1.8.2//bin:/opt/local/bin:/opt/local/sbin:/System/Library/Frameworks/JavaVM.framework/Versions/CurrentJDK/Home/bin:/Users/ervin/Installs/ant/apache-ant-1.7.1/bin:/opt/local/bin:/opt/local/sbin:/System/Library/Frameworks/JavaVM.framework/Versions/CurrentJDK/Home/bin:/Users/ervin/Installs/ant/apache-ant-1.7.1/bin:/usr/bin:/bin:/usr/sbin:/sbin:/usr/local/bin:/usr/X11/bin:/usr/X11/bin
COMMAND_MODE=unix2003
DISPLAY=/tmp/launch-p86Jm1/org.x:0
USER=ervin
ANT_HOME=/Users/ervin/Installs/ant/apache-ant-1.7.1/
com.apple.java.jvmTask=CommandLine_Manual.java.java
CATALINA_HOME=/Users/ervin/Projects/caGrid/caGrid-1_5_release/Software/core/caGrid/projects/introduce/tmp/Tomcat163456457162029662tmp
JAVA_MAIN_CLASS_16077=org.apache.tools.ant.taskdefs.optional.junit.JUnitTestRunner
HOME=/Users/ervin
XTERM_SHELL=/bin/tcsh
GLOBUS_LOCATION=/Users/ervin/Installs/globus/ws-core-4.0.3-sha2/
Apple_PubSub_Socket_Render=/tmp/launch-goK2fm/Render
XTERM_LOCALE=C
OSTYPE=darwin
JAVA_MAIN_CLASS_16073=org.apache.tools.ant.launch.Launcher
VENDOR=apple
OUT> Buildfile: build.xml
OUT> 
OUT> checkContribTasksDefined:
OUT> 
OUT> defineContribTasks:
OUT> 
OUT> setGlobus:
OUT> 
OUT> checkGlobus:
OUT>      [echo] Globus: /Users/ervin/Installs/globus/ws-core-4.0.3-sha2/
OUT> 
OUT> defineClasspaths:
OUT> 
OUT> defineExtendedClasspaths:
OUT> 
OUT> init:
OUT> 
OUT> preInit:
OUT> 
OUT> postInit:
OUT> 
OUT> stubs:
OUT> 
OUT> preStubs:
OUT>      [echo] Generating stubs for DataServiceWithSdk44.
OUT> 
OUT> checkContribTasksDefined:
OUT> 
OUT> defineContribTasks:
OUT> 
OUT> setGlobus:
OUT> 
OUT> checkGlobus:
OUT>      [echo] Globus: /Users/ervin/Installs/globus/ws-core-4.0.3-sha2/
OUT> 
OUT> defineClasspaths:
OUT> 
OUT> defineExtendedClasspaths:
OUT> 
OUT> init:
OUT> 
OUT> preInit:
OUT> 
OUT> postInit:
OUT> 
OUT> serviceGenerateBindings:
OUT> 
OUT> bindingUptodate:
OUT> 
OUT> generateBinding:
OUT> 
OUT> merge:
OUT> 
OUT> mergePackageMapping:
OUT>      [echo] Merging /Users/ervin/Projects/caGrid/caGrid-1_5_release/Software/core/integration-tests/projects/sdk44StyleTests/temp/DataServiceWithSdk44/namespace2package.mappings
OUT> 
OUT> serviceStubs:
OUT> 
OUT> generateStubs:
OUT>      [echo]  Generating stubs from DataServiceWithSdk44_service.wsdl
OUT>      [java] [main] WARN  utils.JavaUtils  - Unable to find required classes (javax.activation.DataHandler and javax.mail.internet.MimeMultipart). Attachment support is disabled.
OUT>      [java] {http://schemas.xmlsoap.org/ws/2004/03/addressing}Action already exists
OUT>      [java] {uri:iso.org:21090}Narrative already exists
OUT>      [java] {uri:iso.org:21090}text already exists
OUT>      [java] {uri:iso.org:21090}br already exists
OUT>      [java] {uri:iso.org:21090}>br already exists
OUT>      [java] {uri:iso.org:21090}caption already exists
OUT>      [java] {uri:iso.org:21090}>caption already exists
OUT>      [java] {uri:iso.org:21090}col already exists
OUT>      [java] {uri:iso.org:21090}>col already exists
OUT>      [java] {uri:iso.org:21090}>>col>align already exists
OUT>      [java] {uri:iso.org:21090}>>col>valign already exists
OUT>      [java] {uri:iso.org:21090}colgroup already exists
OUT>      [java] {uri:iso.org:21090}>colgroup already exists
OUT>      [java] {uri:iso.org:21090}>>colgroup>align already exists
OUT>      [java] {uri:iso.org:21090}>>colgroup>valign already exists
OUT>      [java] {uri:iso.org:21090}content already exists
OUT>      [java] {uri:iso.org:21090}>content already exists
OUT>      [java] {uri:iso.org:21090}>>content>revised already exists
OUT>      [java] {uri:iso.org:21090}footnote already exists
OUT>      [java] {uri:iso.org:21090}>footnote already exists
OUT>      [java] {uri:iso.org:21090}footnoteRef already exists
OUT>      [java] {uri:iso.org:21090}>footnoteRef already exists
OUT>      [java] {uri:iso.org:21090}item already exists
OUT>      [java] {uri:iso.org:21090}>item already exists
OUT>      [java] {uri:iso.org:21090}linkHtml already exists
OUT>      [java] {uri:iso.org:21090}>linkHtml already exists
OUT>      [java] {uri:iso.org:21090}list already exists
OUT>      [java] {uri:iso.org:21090}>list already exists
OUT>      [java] {uri:iso.org:21090}>>list>listType already exists
OUT>      [java] {uri:iso.org:21090}paragraph already exists
OUT>      [java] {uri:iso.org:21090}>paragraph already exists
OUT>      [java] {uri:iso.org:21090}renderMultiMedia already exists
OUT>      [java] {uri:iso.org:21090}>renderMultiMedia already exists
OUT>      [java] {uri:iso.org:21090}sub already exists
OUT>      [java] {uri:iso.org:21090}sup already exists
OUT>      [java] {uri:iso.org:21090}table already exists
OUT>      [java] {uri:iso.org:21090}>table already exists
OUT>      [java] {uri:iso.org:21090}>>table>frame already exists
OUT>      [java] {uri:iso.org:21090}>>table>rules already exists
OUT>      [java] {uri:iso.org:21090}tbody already exists
OUT>      [java] {uri:iso.org:21090}>tbody already exists
OUT>      [java] {uri:iso.org:21090}>>tbody>align already exists
OUT>      [java] {uri:iso.org:21090}>>tbody>valign already exists
OUT>      [java] {uri:iso.org:21090}td already exists
OUT>      [java] {uri:iso.org:21090}>td already exists
OUT>      [java] {uri:iso.org:21090}>>td>scope already exists
OUT>      [java] {uri:iso.org:21090}>>td>align already exists
OUT>      [java] {uri:iso.org:21090}>>td>valign already exists
OUT>      [java] {uri:iso.org:21090}tfoot already exists
OUT>      [java] {uri:iso.org:21090}>tfoot already exists
OUT>      [java] {uri:iso.org:21090}>>tfoot>align already exists
OUT>      [java] {uri:iso.org:21090}>>tfoot>valign already exists
OUT>      [java] {uri:iso.org:21090}th already exists
OUT>      [java] {uri:iso.org:21090}>th already exists
OUT>      [java] {uri:iso.org:21090}>>th>scope already exists
OUT>      [java] {uri:iso.org:21090}>>th>align already exists
OUT>      [java] {uri:iso.org:21090}>>th>valign already exists
OUT>      [java] {uri:iso.org:21090}thead already exists
OUT>      [java] {uri:iso.org:21090}>thead already exists
OUT>      [java] {uri:iso.org:21090}>>thead>align already exists
OUT>      [java] {uri:iso.org:21090}>>thead>valign already exists
OUT>      [java] {uri:iso.org:21090}tr already exists
OUT>      [java] {uri:iso.org:21090}>tr already exists
OUT>      [java] {uri:iso.org:21090}>>tr>align already exists
OUT>      [java] {uri:iso.org:21090}>>tr>valign already exists
OUT>      [java] {uri:iso.org:21090}NullFlavor already exists
OUT>      [java] {uri:iso.org:21090}UpdateMode already exists
OUT>      [java] {uri:iso.org:21090}Compression already exists
OUT>      [java] {uri:iso.org:21090}IntegrityCheckAlgorithm already exists
OUT>      [java] {uri:iso.org:21090}TelecommunicationAddressUse already exists
OUT>      [java] {uri:iso.org:21090}set_TelecommunicationAddressUse already exists
OUT>      [java] {uri:iso.org:21090}IdentifierScope already exists
OUT>      [java] {uri:iso.org:21090}IdentifierReliability already exists
OUT>      [java] {uri:iso.org:21090}AddressPartType already exists
OUT>      [java] {uri:iso.org:21090}PostalAddressUse already exists
OUT>      [java] {uri:iso.org:21090}set_PostalAddressUse already exists
OUT>      [java] {uri:iso.org:21090}EntityNamePartType already exists
OUT>      [java] {uri:iso.org:21090}EntityNamePartQualifier already exists
OUT>      [java] {uri:iso.org:21090}set_EntityNamePartQualifier already exists
OUT>      [java] {uri:iso.org:21090}EntityNameUse already exists
OUT>      [java] {uri:iso.org:21090}set_EntityNameUse already exists
OUT>      [java] {uri:iso.org:21090}CalendarCycle already exists
OUT>      [java] {uri:iso.org:21090}TimingEvent already exists
OUT>      [java] {uri:iso.org:21090}CodingRationale already exists
OUT>      [java] {uri:iso.org:21090}set_CodingRationale already exists
OUT>      [java] {uri:iso.org:21090}UncertaintyType already exists
OUT>      [java] {uri:iso.org:21090}Uid already exists
OUT>      [java] {uri:iso.org:21090}Uri already exists
OUT>      [java] {uri:iso.org:21090}Code already exists
OUT>      [java] {uri:iso.org:21090}BL already exists
OUT>      [java] {uri:iso.org:21090}ANY already exists
OUT>      [java] {uri:iso.org:21090}HXIT already exists
OUT>      [java] {uri:iso.org:21090}BL.NonNull already exists
OUT>      [java] {uri:iso.org:21090}ED already exists
OUT>      [java] {uri:iso.org:21090}TEL already exists
OUT>      [java] {uri:iso.org:21090}URL already exists
OUT>      [java] {uri:iso.org:21090}QSET_TS already exists
OUT>      [java] {uri:iso.org:21090}ED.Text already exists
OUT>      [java] {uri:iso.org:21090}ED.Image already exists
OUT>      [java] {uri:iso.org:21090}ED.Doc already exists
OUT>      [java] {uri:iso.org:21090}ED.Doc.Ref already exists
OUT>      [java] {uri:iso.org:21090}ED.Doc.Inline already exists
OUT>      [java] {uri:iso.org:21090}ED.Signature already exists
OUT>      [java] {uri:iso.org:21090}ED.Narrative already exists
OUT>      [java] {uri:iso.org:21090}ST already exists
OUT>      [java] {uri:iso.org:21090}ST.NT already exists
OUT>      [java] {uri:iso.org:21090}SC already exists
OUT>      [java] {uri:iso.org:21090}CD already exists
OUT>      [java] {uri:iso.org:21090}CR already exists
OUT>      [java] {uri:iso.org:21090}CD.CV already exists
OUT>      [java] {uri:iso.org:21090}CD.CE already exists
OUT>      [java] {uri:iso.org:21090}CDGroup already exists
OUT>      [java] {uri:iso.org:21090}XReference already exists
OUT>      [java] {uri:iso.org:21090}SC.NT already exists
OUT>      [java] {uri:iso.org:21090}TEL.Email already exists
OUT>      [java] {uri:iso.org:21090}TEL.Person already exists
OUT>      [java] {uri:iso.org:21090}TEL.Phone already exists
OUT>      [java] {uri:iso.org:21090}TEL.Url already exists
OUT>      [java] {uri:iso.org:21090}II already exists
OUT>      [java] {uri:iso.org:21090}CD.CE.None already exists
OUT>      [java] {uri:iso.org:21090}CO already exists
OUT>      [java] {uri:iso.org:21090}QTY already exists
OUT>      [java] {uri:iso.org:21090}CS already exists
OUT>      [java] {uri:iso.org:21090}AD already exists
OUT>      [java] {uri:iso.org:21090}ADXP already exists
OUT>      [java] {uri:iso.org:21090}EN already exists
OUT>      [java] {uri:iso.org:21090}ENXP already exists
OUT>      [java] {uri:iso.org:21090}EN.TN already exists
OUT>      [java] {uri:iso.org:21090}EN.PN already exists
OUT>      [java] {uri:iso.org:21090}EN.ON already exists
OUT>      [java] {uri:iso.org:21090}TS already exists
OUT>      [java] {uri:iso.org:21090}TS.Date already exists
OUT>      [java] {uri:iso.org:21090}TS.Date.Full already exists
OUT>      [java] {uri:iso.org:21090}TS.DateTime already exists
OUT>      [java] {uri:iso.org:21090}TS.DateTime.Full already exists
OUT>      [java] {uri:iso.org:21090}TS.Birth already exists
OUT>      [java] {uri:iso.org:21090}RTO already exists
OUT>      [java] {uri:iso.org:21090}MO already exists
OUT>      [java] {uri:iso.org:21090}PQ already exists
OUT>      [java] {uri:iso.org:21090}PQR already exists
OUT>      [java] {uri:iso.org:21090}PQ.Time already exists
OUT>      [java] {uri:iso.org:21090}REAL already exists
OUT>      [java] {uri:iso.org:21090}INT already exists
OUT>      [java] {uri:iso.org:21090}INT.NonNeg already exists
OUT>      [java] {uri:iso.org:21090}INT.Positive already exists
OUT>      [java] {uri:iso.org:21090}DSET_BL already exists
OUT>      [java] {uri:iso.org:21090}COLL_BL already exists
OUT>      [java] {uri:iso.org:21090}DSET_BL.NonNull already exists
OUT>      [java] {uri:iso.org:21090}COLL_BL.NonNull already exists
OUT>      [java] {uri:iso.org:21090}DSET_ED already exists
OUT>      [java] {uri:iso.org:21090}COLL_ED already exists
OUT>      [java] {uri:iso.org:21090}DSET_ED.Image already exists
OUT>      [java] {uri:iso.org:21090}COLL_ED.Image already exists
OUT>      [java] {uri:iso.org:21090}DSET_ED.Text already exists
OUT>      [java] {uri:iso.org:21090}COLL_ED.Text already exists
OUT>      [java] {uri:iso.org:21090}DSET_ED.Doc already exists
OUT>      [java] {uri:iso.org:21090}COLL_ED.Doc already exists
OUT>      [java] {uri:iso.org:21090}DSET_ED.Doc.Ref already exists
OUT>      [java] {uri:iso.org:21090}COLL_ED.Doc.Ref already exists
OUT>      [java] {uri:iso.org:21090}DSET_ED.Doc.Inline already exists
OUT>      [java] {uri:iso.org:21090}COLL_ED.Doc.Inline already exists
OUT>      [java] {uri:iso.org:21090}DSET_ED.Signature already exists
OUT>      [java] {uri:iso.org:21090}COLL_ED.Signature already exists
OUT>      [java] {uri:iso.org:21090}DSET_ED.Narrative already exists
OUT>      [java] {uri:iso.org:21090}COLL_ED.Narrative already exists
OUT>      [java] {uri:iso.org:21090}DSET_ST already exists
OUT>      [java] {uri:iso.org:21090}COLL_ST already exists
OUT>      [java] {uri:iso.org:21090}DSET_ST.NT already exists
OUT>      [java] {uri:iso.org:21090}COLL_ST.NT already exists
OUT>      [java] {uri:iso.org:21090}DSET_SC already exists
OUT>      [java] {uri:iso.org:21090}COLL_SC already exists
OUT>      [java] {uri:iso.org:21090}DSET_SC.NT already exists
OUT>      [java] {uri:iso.org:21090}COLL_SC.NT already exists
OUT>      [java] {uri:iso.org:21090}DSET_TEL already exists
OUT>      [java] {uri:iso.org:21090}COLL_TEL already exists
OUT>      [java] {uri:iso.org:21090}DSET_TEL.Email already exists
OUT>      [java] {uri:iso.org:21090}COLL_TEL.Email already exists
OUT>      [java] {uri:iso.org:21090}DSET_TEL.Person already exists
OUT>      [java] {uri:iso.org:21090}COLL_TEL.Person already exists
OUT>      [java] {uri:iso.org:21090}DSET_TEL.Phone already exists
OUT>      [java] {uri:iso.org:21090}COLL_TEL.Phone already exists
OUT>      [java] {uri:iso.org:21090}DSET_TEL.Url already exists
OUT>      [java] {uri:iso.org:21090}COLL_TEL.Url already exists
OUT>      [java] {uri:iso.org:21090}DSET_II already exists
OUT>      [java] {uri:iso.org:21090}COLL_II already exists
OUT>      [java] {uri:iso.org:21090}DSET_CD already exists
OUT>      [java] {uri:iso.org:21090}COLL_CD already exists
OUT>      [java] {uri:iso.org:21090}DSET_CD.CE already exists
OUT>      [java] {uri:iso.org:21090}COLL_CD.CE already exists
OUT>      [java] {uri:iso.org:21090}DSET_CD.CE.None already exists
OUT>      [java] {uri:iso.org:21090}COLL_CD.CE.None already exists
OUT>      [java] {uri:iso.org:21090}DSET_CD.CV already exists
OUT>      [java] {uri:iso.org:21090}COLL_CD.CV already exists
OUT>      [java] {uri:iso.org:21090}DSET_CO already exists
OUT>      [java] {uri:iso.org:21090}COLL_CO already exists
OUT>      [java] {uri:iso.org:21090}DSET_CS already exists
OUT>      [java] {uri:iso.org:21090}COLL_CS already exists
OUT>      [java] {uri:iso.org:21090}DSET_AD already exists
OUT>      [java] {uri:iso.org:21090}COLL_AD already exists
OUT>      [java] {uri:iso.org:21090}DSET_EN already exists
OUT>      [java] {uri:iso.org:21090}COLL_EN already exists
OUT>      [java] {uri:iso.org:21090}DSET_EN.TN already exists
OUT>      [java] {uri:iso.org:21090}COLL_EN.TN already exists
OUT>      [java] {uri:iso.org:21090}DSET_EN.PN already exists
OUT>      [java] {uri:iso.org:21090}COLL_EN.PN already exists
OUT>      [java] {uri:iso.org:21090}DSET_EN.ON already exists
OUT>      [java] {uri:iso.org:21090}COLL_EN.ON already exists
OUT>      [java] {uri:iso.org:21090}DSET_TS already exists
OUT>      [java] {uri:iso.org:21090}COLL_TS already exists
OUT>      [java] {uri:iso.org:21090}DSET_TS.Date already exists
OUT>      [java] {uri:iso.org:21090}COLL_TS.Date already exists
OUT>      [java] {uri:iso.org:21090}DSET_TS.Date.Full already exists
OUT>      [java] {uri:iso.org:21090}COLL_TS.Date.Full already exists
OUT>      [java] {uri:iso.org:21090}DSET_TS.DateTime already exists
OUT>      [java] {uri:iso.org:21090}COLL_TS.DateTime already exists
OUT>      [java] {uri:iso.org:21090}DSET_TS.DateTime.Full already exists
OUT>      [java] {uri:iso.org:21090}COLL_TS.DateTime.Full already exists
OUT>      [java] {uri:iso.org:21090}DSET_TS.Birth already exists
OUT>      [java] {uri:iso.org:21090}COLL_TS.Birth already exists
OUT>      [java] {uri:iso.org:21090}DSET_RTO already exists
OUT>      [java] {uri:iso.org:21090}COLL_RTO already exists
OUT>      [java] {uri:iso.org:21090}DSET_MO already exists
OUT>      [java] {uri:iso.org:21090}COLL_MO already exists
OUT>      [java] {uri:iso.org:21090}DSET_PQ already exists
OUT>      [java] {uri:iso.org:21090}COLL_PQ already exists
OUT>      [java] {uri:iso.org:21090}DSET_PQ.Time already exists
OUT>      [java] {uri:iso.org:21090}COLL_PQ.Time already exists
OUT>      [java] {uri:iso.org:21090}DSET_REAL already exists
OUT>      [java] {uri:iso.org:21090}COLL_REAL already exists
OUT>      [java] {uri:iso.org:21090}DSET_INT already exists
OUT>      [java] {uri:iso.org:21090}COLL_INT already exists
OUT>      [java] {uri:iso.org:21090}DSET_INT.NonNeg already exists
OUT>      [java] {uri:iso.org:21090}COLL_INT.NonNeg already exists
OUT>      [java] {uri:iso.org:21090}DSET_INT.Positive already exists
OUT>      [java] {uri:iso.org:21090}COLL_INT.Positive already exists
OUT>      [java] {uri:iso.org:21090}BAG_BL already exists
OUT>      [java] {uri:iso.org:21090}BAG_BL.NonNull already exists
OUT>      [java] {uri:iso.org:21090}BAG_ED already exists
OUT>      [java] {uri:iso.org:21090}BAG_ED.Image already exists
OUT>      [java] {uri:iso.org:21090}BAG_ED.Text already exists
OUT>      [java] {uri:iso.org:21090}BAG_ED.Doc already exists
OUT>      [java] {uri:iso.org:21090}BAG_ED.Doc.Ref already exists
OUT>      [java] {uri:iso.org:21090}BAG_ED.Doc.Inline already exists
OUT>      [java] {uri:iso.org:21090}BAG_ED.Signature already exists
OUT>      [java] {uri:iso.org:21090}BAG_ED.Narrative already exists
OUT>      [java] {uri:iso.org:21090}BAG_ST already exists
OUT>      [java] {uri:iso.org:21090}BAG_ST.NT already exists
OUT>      [java] {uri:iso.org:21090}BAG_SC already exists
OUT>      [java] {uri:iso.org:21090}BAG_SC.NT already exists
OUT>      [java] {uri:iso.org:21090}BAG_TEL already exists
OUT>      [java] {uri:iso.org:21090}BAG_TEL.Email already exists
OUT>      [java] {uri:iso.org:21090}BAG_TEL.Person already exists
OUT>      [java] {uri:iso.org:21090}BAG_TEL.Phone already exists
OUT>      [java] {uri:iso.org:21090}BAG_TEL.Url already exists
OUT>      [java] {uri:iso.org:21090}BAG_II already exists
OUT>      [java] {uri:iso.org:21090}BAG_CD already exists
OUT>      [java] {uri:iso.org:21090}BAG_CD.CE already exists
OUT>      [java] {uri:iso.org:21090}BAG_CD.CE.None already exists
OUT>      [java] {uri:iso.org:21090}BAG_CD.CV already exists
OUT>      [java] {uri:iso.org:21090}BAG_CO already exists
OUT>      [java] {uri:iso.org:21090}BAG_CS already exists
OUT>      [java] {uri:iso.org:21090}BAG_AD already exists
OUT>      [java] {uri:iso.org:21090}BAG_EN already exists
OUT>      [java] {uri:iso.org:21090}BAG_EN.TN already exists
OUT>      [java] {uri:iso.org:21090}BAG_EN.PN already exists
OUT>      [java] {uri:iso.org:21090}BAG_EN.ON already exists
OUT>      [java] {uri:iso.org:21090}BAG_TS already exists
OUT>      [java] {uri:iso.org:21090}BAG_TS.Date already exists
OUT>      [java] {uri:iso.org:21090}BAG_TS.Date.Full already exists
OUT>      [java] {uri:iso.org:21090}BAG_TS.DateTime already exists
OUT>      [java] {uri:iso.org:21090}BAG_TS.DateTime.Full already exists
OUT>      [java] {uri:iso.org:21090}BAG_TS.Birth already exists
OUT>      [java] {uri:iso.org:21090}BAG_RTO already exists
OUT>      [java] {uri:iso.org:21090}BAG_MO already exists
OUT>      [java] {uri:iso.org:21090}BAG_PQ already exists
OUT>      [java] {uri:iso.org:21090}BAG_PQ.Time already exists
OUT>      [java] {uri:iso.org:21090}BAG_REAL already exists
OUT>      [java] {uri:iso.org:21090}BAG_INT already exists
OUT>      [java] {uri:iso.org:21090}BAG_INT.NonNeg already exists
OUT>      [java] {uri:iso.org:21090}BAG_INT.Positive already exists
OUT>      [java] {uri:iso.org:21090}LIST_BL already exists
OUT>      [java] {uri:iso.org:21090}LIST_BL.NonNull already exists
OUT>      [java] {uri:iso.org:21090}LIST_ED already exists
OUT>      [java] {uri:iso.org:21090}LIST_ED.Image already exists
OUT>      [java] {uri:iso.org:21090}LIST_ED.Text already exists
OUT>      [java] {uri:iso.org:21090}LIST_ED.Doc already exists
OUT>      [java] {uri:iso.org:21090}LIST_ED.Doc.Ref already exists
OUT>      [java] {uri:iso.org:21090}LIST_ED.Doc.Inline already exists
OUT>      [java] {uri:iso.org:21090}LIST_ED.Signature already exists
OUT>      [java] {uri:iso.org:21090}LIST_ED.Narrative already exists
OUT>      [java] {uri:iso.org:21090}LIST_ST already exists
OUT>      [java] {uri:iso.org:21090}LIST_ST.NT already exists
OUT>      [java] {uri:iso.org:21090}LIST_SC already exists
OUT>      [java] {uri:iso.org:21090}LIST_SC.NT already exists
OUT>      [java] {uri:iso.org:21090}LIST_TEL already exists
OUT>      [java] {uri:iso.org:21090}LIST_TEL.Email already exists
OUT>      [java] {uri:iso.org:21090}LIST_TEL.Person already exists
OUT>      [java] {uri:iso.org:21090}LIST_TEL.Phone already exists
OUT>      [java] {uri:iso.org:21090}LIST_TEL.Url already exists
OUT>      [java] {uri:iso.org:21090}LIST_II already exists
OUT>      [java] {uri:iso.org:21090}LIST_CD already exists
OUT>      [java] {uri:iso.org:21090}LIST_CD.CE already exists
OUT>      [java] {uri:iso.org:21090}LIST_CD.CE.None already exists
OUT>      [java] {uri:iso.org:21090}LIST_CD.CV already exists
OUT>      [java] {uri:iso.org:21090}LIST_CO already exists
OUT>      [java] {uri:iso.org:21090}LIST_CS already exists
OUT>      [java] {uri:iso.org:21090}LIST_AD already exists
OUT>      [java] {uri:iso.org:21090}LIST_EN already exists
OUT>      [java] {uri:iso.org:21090}LIST_EN.TN already exists
OUT>      [java] {uri:iso.org:21090}LIST_EN.PN already exists
OUT>      [java] {uri:iso.org:21090}LIST_EN.ON already exists
OUT>      [java] {uri:iso.org:21090}LIST_TS already exists
OUT>      [java] {uri:iso.org:21090}LIST_TS.Date already exists
OUT>      [java] {uri:iso.org:21090}LIST_TS.Date.Full already exists
OUT>      [java] {uri:iso.org:21090}LIST_TS.DateTime already exists
OUT>      [java] {uri:iso.org:21090}LIST_TS.DateTime.Full already exists
OUT>      [java] {uri:iso.org:21090}LIST_TS.Birth already exists
OUT>      [java] {uri:iso.org:21090}LIST_RTO already exists
OUT>      [java] {uri:iso.org:21090}LIST_MO already exists
OUT>      [java] {uri:iso.org:21090}LIST_PQ already exists
OUT>      [java] {uri:iso.org:21090}LIST_PQ.Time already exists
OUT>      [java] {uri:iso.org:21090}LIST_REAL already exists
OUT>      [java] {uri:iso.org:21090}LIST_INT already exists
OUT>      [java] {uri:iso.org:21090}LIST_INT.NonNeg already exists
OUT>      [java] {uri:iso.org:21090}LIST_INT.Positive already exists
OUT>      [java] {uri:iso.org:21090}IVL_CO already exists
OUT>      [java] {uri:iso.org:21090}QSET_CO already exists
OUT>      [java] {uri:iso.org:21090}IVL_TS already exists
OUT>      [java] {uri:iso.org:21090}IVL_TS.Date already exists
OUT>      [java] {uri:iso.org:21090}QSET_TS.Date already exists
OUT>      [java] {uri:iso.org:21090}IVL_TS.Date.Full already exists
OUT>      [java] {uri:iso.org:21090}QSET_TS.Date.Full already exists
OUT>      [java] {uri:iso.org:21090}IVL_TS.DateTime already exists
OUT>      [java] {uri:iso.org:21090}QSET_TS.DateTime already exists
OUT>      [java] {uri:iso.org:21090}IVL_TS.DateTime.Full already exists
OUT>      [java] {uri:iso.org:21090}QSET_TS.DateTime.Full already exists
OUT>      [java] {uri:iso.org:21090}IVL_TS.Birth already exists
OUT>      [java] {uri:iso.org:21090}QSET_TS.Birth already exists
OUT>      [java] {uri:iso.org:21090}IVL_RTO already exists
OUT>      [java] {uri:iso.org:21090}QSET_RTO already exists
OUT>      [java] {uri:iso.org:21090}IVL_MO already exists
OUT>      [java] {uri:iso.org:21090}QSET_MO already exists
OUT>      [java] {uri:iso.org:21090}IVL_PQ already exists
OUT>      [java] {uri:iso.org:21090}QSET_PQ already exists
OUT>      [java] {uri:iso.org:21090}IVL_PQ.Time already exists
OUT>      [java] {uri:iso.org:21090}QSET_PQ.Time already exists
OUT>      [java] {uri:iso.org:21090}IVL_REAL already exists
OUT>      [java] {uri:iso.org:21090}QSET_REAL already exists
OUT>      [java] {uri:iso.org:21090}IVL_INT already exists
OUT>      [java] {uri:iso.org:21090}QSET_INT already exists
OUT>      [java] {uri:iso.org:21090}IVL_INT.NonNeg already exists
OUT>      [java] {uri:iso.org:21090}QSET_INT.NonNeg already exists
OUT>      [java] {uri:iso.org:21090}IVL_INT.Positive already exists
OUT>      [java] {uri:iso.org:21090}QSET_INT.Positive already exists
OUT>      [java] {uri:iso.org:21090}IVL.Low_CO already exists
OUT>      [java] {uri:iso.org:21090}IVL.Low_TS already exists
OUT>      [java] {uri:iso.org:21090}IVL.Low_TS.Date already exists
OUT>      [java] {uri:iso.org:21090}IVL.Low_TS.Date.Full already exists
OUT>      [java] {uri:iso.org:21090}IVL.Low_TS.DateTime already exists
OUT>      [java] {uri:iso.org:21090}IVL.Low_TS.DateTime.Full already exists
OUT>      [java] {uri:iso.org:21090}IVL.Low_TS.Birth already exists
OUT>      [java] {uri:iso.org:21090}IVL.Low_RTO already exists
OUT>      [java] {uri:iso.org:21090}IVL.Low_MO already exists
OUT>      [java] {uri:iso.org:21090}IVL.Low_PQ already exists
OUT>      [java] {uri:iso.org:21090}IVL.Low_PQ.Time already exists
OUT>      [java] {uri:iso.org:21090}IVL.Low_REAL already exists
OUT>      [java] {uri:iso.org:21090}IVL.Low_INT already exists
OUT>      [java] {uri:iso.org:21090}IVL.Low_INT.NonNeg already exists
OUT>      [java] {uri:iso.org:21090}IVL.Low_INT.Positive already exists
OUT>      [java] {uri:iso.org:21090}IVL.Width_CO already exists
OUT>      [java] {uri:iso.org:21090}IVL.Width_TS already exists
OUT>      [java] {uri:iso.org:21090}IVL.Width_TS.Date already exists
OUT>      [java] {uri:iso.org:21090}IVL.Width_TS.Date.Full already exists
OUT>      [java] {uri:iso.org:21090}IVL.Width_TS.DateTime already exists
OUT>      [java] {uri:iso.org:21090}IVL.Width_TS.DateTime.Full already exists
OUT>      [java] {uri:iso.org:21090}IVL.Width_TS.Birth already exists
OUT>      [java] {uri:iso.org:21090}IVL.Width_RTO already exists
OUT>      [java] {uri:iso.org:21090}IVL.Width_MO already exists
OUT>      [java] {uri:iso.org:21090}IVL.Width_PQ already exists
OUT>      [java] {uri:iso.org:21090}IVL.Width_PQ.Time already exists
OUT>      [java] {uri:iso.org:21090}IVL.Width_REAL already exists
OUT>      [java] {uri:iso.org:21090}IVL.Width_INT already exists
OUT>      [java] {uri:iso.org:21090}IVL.Width_INT.NonNeg already exists
OUT>      [java] {uri:iso.org:21090}IVL.Width_INT.Positive already exists
OUT>      [java] {uri:iso.org:21090}IVL.High_CO already exists
OUT>      [java] {uri:iso.org:21090}IVL.High_TS already exists
OUT>      [java] {uri:iso.org:21090}IVL.High_TS.Date already exists
OUT>      [java] {uri:iso.org:21090}IVL.High_TS.Date.Full already exists
OUT>      [java] {uri:iso.org:21090}IVL.High_TS.DateTime already exists
OUT>      [java] {uri:iso.org:21090}IVL.High_TS.DateTime.Full already exists
OUT>      [java] {uri:iso.org:21090}IVL.High_TS.Birth already exists
OUT>      [java] {uri:iso.org:21090}IVL.High_RTO already exists
OUT>      [java] {uri:iso.org:21090}IVL.High_MO already exists
OUT>      [java] {uri:iso.org:21090}IVL.High_PQ already exists
OUT>      [java] {uri:iso.org:21090}IVL.High_PQ.Time already exists
OUT>      [java] {uri:iso.org:21090}IVL.High_REAL already exists
OUT>      [java] {uri:iso.org:21090}IVL.High_INT already exists
OUT>      [java] {uri:iso.org:21090}IVL.High_INT.NonNeg already exists
OUT>      [java] {uri:iso.org:21090}IVL.High_INT.Positive already exists
OUT>      [java] {uri:iso.org:21090}SLIST_CO already exists
OUT>      [java] {uri:iso.org:21090}SLIST_TS already exists
OUT>      [java] {uri:iso.org:21090}SLIST_TS.Date already exists
OUT>      [java] {uri:iso.org:21090}SLIST_TS.Date.Full already exists
OUT>      [java] {uri:iso.org:21090}SLIST_TS.DateTime already exists
OUT>      [java] {uri:iso.org:21090}SLIST_TS.DateTime.Full already exists
OUT>      [java] {uri:iso.org:21090}SLIST_TS.Birth already exists
OUT>      [java] {uri:iso.org:21090}SLIST_RTO already exists
OUT>      [java] {uri:iso.org:21090}SLIST_MO already exists
OUT>      [java] {uri:iso.org:21090}SLIST_PQ already exists
OUT>      [java] {uri:iso.org:21090}SLIST_PQ.Time already exists
OUT>      [java] {uri:iso.org:21090}SLIST_REAL already exists
OUT>      [java] {uri:iso.org:21090}SLIST_INT already exists
OUT>      [java] {uri:iso.org:21090}SLIST_INT.NonNeg already exists
OUT>      [java] {uri:iso.org:21090}SLIST_INT.Positive already exists
OUT>      [java] {uri:iso.org:21090}GLIST_CO already exists
OUT>      [java] {uri:iso.org:21090}GLIST_TS already exists
OUT>      [java] {uri:iso.org:21090}GLIST_TS.Date already exists
OUT>      [java] {uri:iso.org:21090}GLIST_TS.Date.Full already exists
OUT>      [java] {uri:iso.org:21090}GLIST_TS.DateTime already exists
OUT>      [java] {uri:iso.org:21090}GLIST_TS.DateTime.Full already exists
OUT>      [java] {uri:iso.org:21090}GLIST_TS.Birth already exists
OUT>      [java] {uri:iso.org:21090}GLIST_RTO already exists
OUT>      [java] {uri:iso.org:21090}GLIST_MO already exists
OUT>      [java] {uri:iso.org:21090}GLIST_PQ already exists
OUT>      [java] {uri:iso.org:21090}GLIST_PQ.Time already exists
OUT>      [java] {uri:iso.org:21090}GLIST_REAL already exists
OUT>      [java] {uri:iso.org:21090}GLIST_INT already exists
OUT>      [java] {uri:iso.org:21090}GLIST_INT.NonNeg already exists
OUT>      [java] {uri:iso.org:21090}GLIST_INT.Positive already exists
OUT>      [java] {uri:iso.org:21090}QSD_CO already exists
OUT>      [java] {uri:iso.org:21090}QSD_TS already exists
OUT>      [java] {uri:iso.org:21090}QSD_TS.Date already exists
OUT>      [java] {uri:iso.org:21090}QSD_TS.Date.Full already exists
OUT>      [java] {uri:iso.org:21090}QSD_TS.DateTime already exists
OUT>      [java] {uri:iso.org:21090}QSD_TS.DateTime.Full already exists
OUT>      [java] {uri:iso.org:21090}QSD_TS.Birth already exists
OUT>      [java] {uri:iso.org:21090}QSD_RTO already exists
OUT>      [java] {uri:iso.org:21090}QSD_MO already exists
OUT>      [java] {uri:iso.org:21090}QSD_PQ already exists
OUT>      [java] {uri:iso.org:21090}QSD_PQ.Time already exists
OUT>      [java] {uri:iso.org:21090}QSD_REAL already exists
OUT>      [java] {uri:iso.org:21090}QSD_INT already exists
OUT>      [java] {uri:iso.org:21090}QSD_INT.NonNeg already exists
OUT>      [java] {uri:iso.org:21090}QSD_INT.Positive already exists
OUT>      [java] {uri:iso.org:21090}QSI_CO already exists
OUT>      [java] {uri:iso.org:21090}QSI_TS already exists
OUT>      [java] {uri:iso.org:21090}QSI_TS.Date already exists
OUT>      [java] {uri:iso.org:21090}QSI_TS.Date.Full already exists
OUT>      [java] {uri:iso.org:21090}QSI_TS.DateTime already exists
OUT>      [java] {uri:iso.org:21090}QSI_TS.DateTime.Full already exists
OUT>      [java] {uri:iso.org:21090}QSI_TS.Birth already exists
OUT>      [java] {uri:iso.org:21090}QSI_RTO already exists
OUT>      [java] {uri:iso.org:21090}QSI_MO already exists
OUT>      [java] {uri:iso.org:21090}QSI_PQ already exists
OUT>      [java] {uri:iso.org:21090}QSI_PQ.Time already exists
OUT>      [java] {uri:iso.org:21090}QSI_REAL already exists
OUT>      [java] {uri:iso.org:21090}QSI_INT already exists
OUT>      [java] {uri:iso.org:21090}QSI_INT.NonNeg already exists
OUT>      [java] {uri:iso.org:21090}QSI_INT.Positive already exists
OUT>      [java] {uri:iso.org:21090}QSU_CO already exists
OUT>      [java] {uri:iso.org:21090}QSU_TS already exists
OUT>      [java] {uri:iso.org:21090}QSU_TS.Date already exists
OUT>      [java] {uri:iso.org:21090}QSU_TS.Date.Full already exists
OUT>      [java] {uri:iso.org:21090}QSU_TS.DateTime already exists
OUT>      [java] {uri:iso.org:21090}QSU_TS.DateTime.Full already exists
OUT>      [java] {uri:iso.org:21090}QSU_TS.Birth already exists
OUT>      [java] {uri:iso.org:21090}QSU_RTO already exists
OUT>      [java] {uri:iso.org:21090}QSU_MO already exists
OUT>      [java] {uri:iso.org:21090}QSU_PQ already exists
OUT>      [java] {uri:iso.org:21090}QSU_PQ.Time already exists
OUT>      [java] {uri:iso.org:21090}QSU_REAL already exists
OUT>      [java] {uri:iso.org:21090}QSU_INT already exists
OUT>      [java] {uri:iso.org:21090}QSU_INT.NonNeg already exists
OUT>      [java] {uri:iso.org:21090}QSU_INT.Positive already exists
OUT>      [java] {uri:iso.org:21090}QSP_CO already exists
OUT>      [java] {uri:iso.org:21090}QSP_TS already exists
OUT>      [java] {uri:iso.org:21090}QSP_TS.Date already exists
OUT>      [java] {uri:iso.org:21090}QSP_TS.Date.Full already exists
OUT>      [java] {uri:iso.org:21090}QSP_TS.DateTime already exists
OUT>      [java] {uri:iso.org:21090}QSP_TS.DateTime.Full already exists
OUT>      [java] {uri:iso.org:21090}QSP_TS.Birth already exists
OUT>      [java] {uri:iso.org:21090}QSP_RTO already exists
OUT>      [java] {uri:iso.org:21090}QSP_MO already exists
OUT>      [java] {uri:iso.org:21090}QSP_PQ already exists
OUT>      [java] {uri:iso.org:21090}QSP_PQ.Time already exists
OUT>      [java] {uri:iso.org:21090}QSP_REAL already exists
OUT>      [java] {uri:iso.org:21090}QSP_INT already exists
OUT>      [java] {uri:iso.org:21090}QSP_INT.NonNeg already exists
OUT>      [java] {uri:iso.org:21090}QSP_INT.Positive already exists
OUT>      [java] {uri:iso.org:21090}QSS_CO already exists
OUT>      [java] {uri:iso.org:21090}QSS_TS already exists
OUT>      [java] {uri:iso.org:21090}QSS_TS.Date already exists
OUT>      [java] {uri:iso.org:21090}QSS_TS.Date.Full already exists
OUT>      [java] {uri:iso.org:21090}QSS_TS.DateTime already exists
OUT>      [java] {uri:iso.org:21090}QSS_TS.DateTime.Full already exists
OUT>      [java] {uri:iso.org:21090}QSS_TS.Birth already exists
OUT>      [java] {uri:iso.org:21090}QSS_RTO already exists
OUT>      [java] {uri:iso.org:21090}QSS_MO already exists
OUT>      [java] {uri:iso.org:21090}QSS_PQ already exists
OUT>      [java] {uri:iso.org:21090}QSS_PQ.Time already exists
OUT>      [java] {uri:iso.org:21090}QSS_REAL already exists
OUT>      [java] {uri:iso.org:21090}QSS_INT already exists
OUT>      [java] {uri:iso.org:21090}QSS_INT.NonNeg already exists
OUT>      [java] {uri:iso.org:21090}QSS_INT.Positive already exists
OUT>      [java] {uri:iso.org:21090}PIVL_TS already exists
OUT>      [java] {uri:iso.org:21090}PIVL_TS.Date already exists
OUT>      [java] {uri:iso.org:21090}PIVL_TS.Date.Full already exists
OUT>      [java] {uri:iso.org:21090}PIVL_TS.DateTime already exists
OUT>      [java] {uri:iso.org:21090}PIVL_TS.DateTime.Full already exists
OUT>      [java] {uri:iso.org:21090}PIVL_TS.Birth already exists
OUT>      [java] {uri:iso.org:21090}EIVL_TS already exists
OUT>      [java] {uri:iso.org:21090}EIVL_TS.Date already exists
OUT>      [java] {uri:iso.org:21090}EIVL_TS.Date.Full already exists
OUT>      [java] {uri:iso.org:21090}EIVL_TS.DateTime already exists
OUT>      [java] {uri:iso.org:21090}EIVL_TS.DateTime.Full already exists
OUT>      [java] {uri:iso.org:21090}EIVL_TS.Birth already exists
OUT>      [java] {uri:iso.org:21090}NPPD_BL already exists
OUT>      [java] {uri:iso.org:21090}UVP_BL already exists
OUT>      [java] {uri:iso.org:21090}NPPD_BL.NonNull already exists
OUT>      [java] {uri:iso.org:21090}UVP_BL.NonNull already exists
OUT>      [java] {uri:iso.org:21090}NPPD_ED already exists
OUT>      [java] {uri:iso.org:21090}UVP_ED already exists
OUT>      [java] {uri:iso.org:21090}NPPD_ED.Image already exists
OUT>      [java] {uri:iso.org:21090}UVP_ED.Image already exists
OUT>      [java] {uri:iso.org:21090}NPPD_ED.Text already exists
OUT>      [java] {uri:iso.org:21090}UVP_ED.Text already exists
OUT>      [java] {uri:iso.org:21090}NPPD_ED.Doc already exists
OUT>      [java] {uri:iso.org:21090}UVP_ED.Doc already exists
OUT>      [java] {uri:iso.org:21090}NPPD_ED.Doc.Ref already exists
OUT>      [java] {uri:iso.org:21090}UVP_ED.Doc.Ref already exists
OUT>      [java] {uri:iso.org:21090}NPPD_ED.Doc.Inline already exists
OUT>      [java] {uri:iso.org:21090}UVP_ED.Doc.Inline already exists
OUT>      [java] {uri:iso.org:21090}NPPD_ED.Signature already exists
OUT>      [java] {uri:iso.org:21090}UVP_ED.Signature already exists
OUT>      [java] {uri:iso.org:21090}NPPD_ED.Narrative already exists
OUT>      [java] {uri:iso.org:21090}UVP_ED.Narrative already exists
OUT>      [java] {uri:iso.org:21090}NPPD_ST already exists
OUT>      [java] {uri:iso.org:21090}UVP_ST already exists
OUT>      [java] {uri:iso.org:21090}NPPD_ST.NT already exists
OUT>      [java] {uri:iso.org:21090}UVP_ST.NT already exists
OUT>      [java] {uri:iso.org:21090}NPPD_SC already exists
OUT>      [java] {uri:iso.org:21090}UVP_SC already exists
OUT>      [java] {uri:iso.org:21090}NPPD_SC.NT already exists
OUT>      [java] {uri:iso.org:21090}UVP_SC.NT already exists
OUT>      [java] {uri:iso.org:21090}NPPD_TEL already exists
OUT>      [java] {uri:iso.org:21090}UVP_TEL already exists
OUT>      [java] {uri:iso.org:21090}NPPD_TEL.Email already exists
OUT>      [java] {uri:iso.org:21090}UVP_TEL.Email already exists
OUT>      [java] {uri:iso.org:21090}NPPD_TEL.Person already exists
OUT>      [java] {uri:iso.org:21090}UVP_TEL.Person already exists
OUT>      [java] {uri:iso.org:21090}NPPD_TEL.Phone already exists
OUT>      [java] {uri:iso.org:21090}UVP_TEL.Phone already exists
OUT>      [java] {uri:iso.org:21090}NPPD_TEL.Url already exists
OUT>      [java] {uri:iso.org:21090}UVP_TEL.Url already exists
OUT>      [java] {uri:iso.org:21090}NPPD_II already exists
OUT>      [java] {uri:iso.org:21090}UVP_II already exists
OUT>      [java] {uri:iso.org:21090}NPPD_CD already exists
OUT>      [java] {uri:iso.org:21090}UVP_CD already exists
OUT>      [java] {uri:iso.org:21090}NPPD_CD.CE already exists
OUT>      [java] {uri:iso.org:21090}UVP_CD.CE already exists
OUT>      [java] {uri:iso.org:21090}NPPD_CD.CE.None already exists
OUT>      [java] {uri:iso.org:21090}UVP_CD.CE.None already exists
OUT>      [java] {uri:iso.org:21090}NPPD_CD.CV already exists
OUT>      [java] {uri:iso.org:21090}UVP_CD.CV already exists
OUT>      [java] {uri:iso.org:21090}NPPD_CO already exists
OUT>      [java] {uri:iso.org:21090}UVP_CO already exists
OUT>      [java] {uri:iso.org:21090}NPPD_CS already exists
OUT>      [java] {uri:iso.org:21090}UVP_CS already exists
OUT>      [java] {uri:iso.org:21090}NPPD_AD already exists
OUT>      [java] {uri:iso.org:21090}UVP_AD already exists
OUT>      [java] {uri:iso.org:21090}NPPD_EN already exists
OUT>      [java] {uri:iso.org:21090}UVP_EN already exists
OUT>      [java] {uri:iso.org:21090}NPPD_EN.TN already exists
OUT>      [java] {uri:iso.org:21090}UVP_EN.TN already exists
OUT>      [java] {uri:iso.org:21090}NPPD_EN.PN already exists
OUT>      [java] {uri:iso.org:21090}UVP_EN.PN already exists
OUT>      [java] {uri:iso.org:21090}NPPD_EN.ON already exists
OUT>      [java] {uri:iso.org:21090}UVP_EN.ON already exists
OUT>      [java] {uri:iso.org:21090}NPPD_TS already exists
OUT>      [java] {uri:iso.org:21090}UVP_TS already exists
OUT>      [java] {uri:iso.org:21090}NPPD_TS.Date already exists
OUT>      [java] {uri:iso.org:21090}UVP_TS.Date already exists
OUT>      [java] {uri:iso.org:21090}NPPD_TS.Date.Full already exists
OUT>      [java] {uri:iso.org:21090}UVP_TS.Date.Full already exists
OUT>      [java] {uri:iso.org:21090}NPPD_TS.DateTime already exists
OUT>      [java] {uri:iso.org:21090}UVP_TS.DateTime already exists
OUT>      [java] {uri:iso.org:21090}NPPD_TS.DateTime.Full already exists
OUT>      [java] {uri:iso.org:21090}UVP_TS.DateTime.Full already exists
OUT>      [java] {uri:iso.org:21090}NPPD_TS.Birth already exists
OUT>      [java] {uri:iso.org:21090}UVP_TS.Birth already exists
OUT>      [java] {uri:iso.org:21090}NPPD_RTO already exists
OUT>      [java] {uri:iso.org:21090}UVP_RTO already exists
OUT>      [java] {uri:iso.org:21090}NPPD_MO already exists
OUT>      [java] {uri:iso.org:21090}UVP_MO already exists
OUT>      [java] {uri:iso.org:21090}NPPD_PQ already exists
OUT>      [java] {uri:iso.org:21090}UVP_PQ already exists
OUT>      [java] {uri:iso.org:21090}NPPD_PQ.Time already exists
OUT>      [java] {uri:iso.org:21090}UVP_PQ.Time already exists
OUT>      [java] {uri:iso.org:21090}NPPD_REAL already exists
OUT>      [java] {uri:iso.org:21090}UVP_REAL already exists
OUT>      [java] {uri:iso.org:21090}NPPD_INT already exists
OUT>      [java] {uri:iso.org:21090}UVP_INT already exists
OUT>      [java] {uri:iso.org:21090}NPPD_INT.NonNeg already exists
OUT>      [java] {uri:iso.org:21090}UVP_INT.NonNeg already exists
OUT>      [java] {uri:iso.org:21090}NPPD_INT.Positive already exists
OUT>      [java] {uri:iso.org:21090}UVP_INT.Positive already exists
OUT>      [java] {uri:iso.org:21090}QSET.BoundedPIVL already exists
OUT>      [java] {uri:iso.org:21090}HIST_BL already exists
OUT>      [java] {uri:iso.org:21090}HIST_BL.NonNull already exists
OUT>      [java] {uri:iso.org:21090}HIST_ED already exists
OUT>      [java] {uri:iso.org:21090}HIST_ED.Image already exists
OUT>      [java] {uri:iso.org:21090}HIST_ED.Text already exists
OUT>      [java] {uri:iso.org:21090}HIST_ED.Doc already exists
OUT>      [java] {uri:iso.org:21090}HIST_ED.Doc.Ref already exists
OUT>      [java] {uri:iso.org:21090}HIST_ED.Doc.Inline already exists
OUT>      [java] {uri:iso.org:21090}HIST_ED.Signature already exists
OUT>      [java] {uri:iso.org:21090}HIST_ED.Narrative already exists
OUT>      [java] {uri:iso.org:21090}HIST_ST already exists
OUT>      [java] {uri:iso.org:21090}HIST_ST.NT already exists
OUT>      [java] {uri:iso.org:21090}HIST_SC already exists
OUT>      [java] {uri:iso.org:21090}HIST_SC.NT already exists
OUT>      [java] {uri:iso.org:21090}HIST_TEL already exists
OUT>      [java] {uri:iso.org:21090}HIST_TEL.Email already exists
OUT>      [java] {uri:iso.org:21090}HIST_TEL.Person already exists
OUT>      [java] {uri:iso.org:21090}HIST_TEL.Phone already exists
OUT>      [java] {uri:iso.org:21090}HIST_TEL.Url already exists
OUT>      [java] {uri:iso.org:21090}HIST_II already exists
OUT>      [java] {uri:iso.org:21090}HIST_CD already exists
OUT>      [java] {uri:iso.org:21090}HIST_CD.CE already exists
OUT>      [java] {uri:iso.org:21090}HIST_CD.CE.None already exists
OUT>      [java] {uri:iso.org:21090}HIST_CD.CV already exists
OUT>      [java] {uri:iso.org:21090}HIST_CO already exists
OUT>      [java] {uri:iso.org:21090}HIST_CS already exists
OUT>      [java] {uri:iso.org:21090}HIST_AD already exists
OUT>      [java] {uri:iso.org:21090}HIST_EN already exists
OUT>      [java] {uri:iso.org:21090}HIST_EN.TN already exists
OUT>      [java] {uri:iso.org:21090}HIST_EN.PN already exists
OUT>      [java] {uri:iso.org:21090}HIST_EN.ON already exists
OUT>      [java] {uri:iso.org:21090}HIST_TS already exists
OUT>      [java] {uri:iso.org:21090}HIST_TS.Date already exists
OUT>      [java] {uri:iso.org:21090}HIST_TS.Date.Full already exists
OUT>      [java] {uri:iso.org:21090}HIST_TS.DateTime already exists
OUT>      [java] {uri:iso.org:21090}HIST_TS.DateTime.Full already exists
OUT>      [java] {uri:iso.org:21090}HIST_TS.Birth already exists
OUT>      [java] {uri:iso.org:21090}HIST_RTO already exists
OUT>      [java] {uri:iso.org:21090}HIST_MO already exists
OUT>      [java] {uri:iso.org:21090}HIST_PQ already exists
OUT>      [java] {uri:iso.org:21090}HIST_PQ.Time already exists
OUT>      [java] {uri:iso.org:21090}HIST_REAL already exists
OUT>      [java] {uri:iso.org:21090}HIST_INT already exists
OUT>      [java] {uri:iso.org:21090}HIST_INT.NonNeg already exists
OUT>      [java] {uri:iso.org:21090}HIST_INT.Positive already exists
OUT>      [java] {http://CQL.caBIG/2/org.cagrid.cql2}CQLExtension already exists
OUT>      [java] {http://CQL.caBIG/2/org.cagrid.cql2}Aggregation already exists
OUT>      [java] {http://docs.oasis-open.org/wsrf/2004/06/wsrf-WS-ResourceLifetime-1.2-draft-01.xsd}CurrentTime already exists
OUT>      [java] {http://docs.oasis-open.org/wsrf/2004/06/wsrf-WS-ResourceLifetime-1.2-draft-01.xsd}TerminationTime already exists
OUT>      [java] {http://docs.oasis-open.org/wsrf/2004/06/wsrf-WS-ResourceLifetime-1.2-draft-01.xsd}TerminationNotification already exists
OUT>      [java] {http://docs.oasis-open.org/wsrf/2004/06/wsrf-WS-ResourceLifetime-1.2-draft-01.xsd}>TerminationNotification already exists
OUT>      [java] {http://docs.oasis-open.org/wsrf/2004/06/wsrf-WS-ResourceProperties-1.2-draft-01.xsd}ResourceProperties already exists
OUT>      [java] {http://docs.oasis-open.org/wsrf/2004/06/wsrf-WS-ResourceProperties-1.2-draft-01.xsd}ResourcePropertyValueChangeNotificationType already exists
OUT>      [java] {http://docs.oasis-open.org/wsrf/2004/06/wsrf-WS-ResourceProperties-1.2-draft-01.xsd}>ResourcePropertyValueChangeNotificationType>OldValue already exists
OUT>      [java] {http://docs.oasis-open.org/wsrf/2004/06/wsrf-WS-ResourceProperties-1.2-draft-01.xsd}>ResourcePropertyValueChangeNotificationType>NewValue already exists
OUT>      [java] {http://docs.oasis-open.org/wsrf/2004/06/wsrf-WS-ResourceProperties-1.2-draft-01.xsd}ResourcePropertyValueChangeNotification already exists
OUT>      [java] {http://docs.oasis-open.org/wsrf/2004/06/wsrf-WS-ResourceProperties-1.2-draft-01.xsd}QueryExpressionType already exists
OUT>      [java] {http://docs.oasis-open.org/wsrf/2004/06/wsrf-WS-ResourceProperties-1.2-draft-01.xsd}QueryExpression already exists
OUT>      [java] {http://docs.oasis-open.org/wsrf/2004/06/wsrf-WS-ResourceProperties-1.2-draft-01.xsd}ResourceProperties already exists
OUT>      [java] {http://docs.oasis-open.org/wsrf/2004/06/wsrf-WS-ResourceProperties-1.2-draft-01.xsd}ResourcePropertyValueChangeNotificationType already exists
OUT>      [java] {http://docs.oasis-open.org/wsrf/2004/06/wsrf-WS-ResourceProperties-1.2-draft-01.xsd}>ResourcePropertyValueChangeNotificationType>OldValue already exists
OUT>      [java] {http://docs.oasis-open.org/wsrf/2004/06/wsrf-WS-ResourceProperties-1.2-draft-01.xsd}>ResourcePropertyValueChangeNotificationType>NewValue already exists
OUT>      [java] {http://docs.oasis-open.org/wsrf/2004/06/wsrf-WS-ResourceProperties-1.2-draft-01.xsd}ResourcePropertyValueChangeNotification already exists
OUT>      [java] {http://docs.oasis-open.org/wsrf/2004/06/wsrf-WS-ResourceProperties-1.2-draft-01.xsd}QueryExpressionType already exists
OUT>      [java] {http://docs.oasis-open.org/wsrf/2004/06/wsrf-WS-ResourceProperties-1.2-draft-01.xsd}QueryExpression already exists
OUT>      [java] {http://docs.oasis-open.org/wsrf/2004/06/wsrf-WS-ResourceProperties-1.2-draft-01.xsd}GetResourceProperty already exists
OUT>      [java] {http://docs.oasis-open.org/wsrf/2004/06/wsrf-WS-ResourceProperties-1.2-draft-01.xsd}GetResourcePropertyResponse already exists
OUT>      [java] {http://docs.oasis-open.org/wsrf/2004/06/wsrf-WS-ResourceProperties-1.2-draft-01.xsd}>GetResourcePropertyResponse already exists
OUT>      [java] {http://docs.oasis-open.org/wsrf/2004/06/wsrf-WS-ResourceProperties-1.2-draft-01.xsd}ResourceUnknownFaultType already exists
OUT>      [java] {http://docs.oasis-open.org/wsrf/2004/06/wsrf-WS-ResourceProperties-1.2-draft-01.xsd}ResourceUnknownFault already exists
OUT>      [java] {http://docs.oasis-open.org/wsrf/2004/06/wsrf-WS-ResourceProperties-1.2-draft-01.xsd}InvalidResourcePropertyQNameFaultType already exists
OUT>      [java] {http://docs.oasis-open.org/wsrf/2004/06/wsrf-WS-ResourceProperties-1.2-draft-01.xsd}InvalidResourcePropertyQNameFault already exists
OUT>      [java] {http://docs.oasis-open.org/wsrf/2004/06/wsrf-WS-ResourceProperties-1.2-draft-01.xsd}GetMultipleResourceProperties already exists
OUT>      [java] {http://docs.oasis-open.org/wsrf/2004/06/wsrf-WS-ResourceProperties-1.2-draft-01.xsd}>GetMultipleResourceProperties already exists
OUT>      [java] {http://docs.oasis-open.org/wsrf/2004/06/wsrf-WS-ResourceProperties-1.2-draft-01.xsd}GetMultipleResourcePropertiesResponse already exists
OUT>      [java] {http://docs.oasis-open.org/wsrf/2004/06/wsrf-WS-ResourceProperties-1.2-draft-01.xsd}>GetMultipleResourcePropertiesResponse already exists
OUT>      [java] {http://docs.oasis-open.org/wsrf/2004/06/wsrf-WS-ResourceProperties-1.2-draft-01.xsd}InsertType already exists
OUT>      [java] {http://docs.oasis-open.org/wsrf/2004/06/wsrf-WS-ResourceProperties-1.2-draft-01.xsd}Insert already exists
OUT>      [java] {http://docs.oasis-open.org/wsrf/2004/06/wsrf-WS-ResourceProperties-1.2-draft-01.xsd}UpdateType already exists
OUT>      [java] {http://docs.oasis-open.org/wsrf/2004/06/wsrf-WS-ResourceProperties-1.2-draft-01.xsd}Update already exists
OUT>      [java] {http://docs.oasis-open.org/wsrf/2004/06/wsrf-WS-ResourceProperties-1.2-draft-01.xsd}DeleteType already exists
OUT>      [java] {http://docs.oasis-open.org/wsrf/2004/06/wsrf-WS-ResourceProperties-1.2-draft-01.xsd}Delete already exists
OUT>      [java] {http://docs.oasis-open.org/wsrf/2004/06/wsrf-WS-ResourceProperties-1.2-draft-01.xsd}SetResourceProperties already exists
OUT>      [java] {http://docs.oasis-open.org/wsrf/2004/06/wsrf-WS-ResourceProperties-1.2-draft-01.xsd}>SetResourceProperties already exists
OUT>      [java] {http://docs.oasis-open.org/wsrf/2004/06/wsrf-WS-ResourceProperties-1.2-draft-01.xsd}SetResourcePropertiesResponse already exists
OUT>      [java] {http://docs.oasis-open.org/wsrf/2004/06/wsrf-WS-ResourceProperties-1.2-draft-01.xsd}>SetResourcePropertiesResponse already exists
OUT>      [java] {http://docs.oasis-open.org/wsrf/2004/06/wsrf-WS-ResourceProperties-1.2-draft-01.xsd}InvalidSetResourcePropertiesRequestContentFaultType already exists
OUT>      [java] {http://docs.oasis-open.org/wsrf/2004/06/wsrf-WS-ResourceProperties-1.2-draft-01.xsd}InvalidSetResourcePropertiesRequestContentFault already exists
OUT>      [java] {http://docs.oasis-open.org/wsrf/2004/06/wsrf-WS-ResourceProperties-1.2-draft-01.xsd}UnableToModifyResourcePropertyFaultType already exists
OUT>      [java] {http://docs.oasis-open.org/wsrf/2004/06/wsrf-WS-ResourceProperties-1.2-draft-01.xsd}UnableToModifyResourcePropertyFault already exists
OUT>      [java] {http://docs.oasis-open.org/wsrf/2004/06/wsrf-WS-ResourceProperties-1.2-draft-01.xsd}SetResourcePropertyRequestFailedFaultType already exists
OUT>      [java] {http://docs.oasis-open.org/wsrf/2004/06/wsrf-WS-ResourceProperties-1.2-draft-01.xsd}SetResourcePropertyRequestFailedFault already exists
OUT>      [java] {http://docs.oasis-open.org/wsrf/2004/06/wsrf-WS-ResourceProperties-1.2-draft-01.xsd}QueryResourceProperties already exists
OUT>      [java] {http://docs.oasis-open.org/wsrf/2004/06/wsrf-WS-ResourceProperties-1.2-draft-01.xsd}>QueryResourceProperties already exists
OUT>      [java] {http://docs.oasis-open.org/wsrf/2004/06/wsrf-WS-ResourceProperties-1.2-draft-01.xsd}QueryResourcePropertiesResponse already exists
OUT>      [java] {http://docs.oasis-open.org/wsrf/2004/06/wsrf-WS-ResourceProperties-1.2-draft-01.xsd}>QueryResourcePropertiesResponse already exists
OUT>      [java] {http://docs.oasis-open.org/wsrf/2004/06/wsrf-WS-ResourceProperties-1.2-draft-01.xsd}UnknownQueryExpressionDialectFaultType already exists
OUT>      [java] {http://docs.oasis-open.org/wsrf/2004/06/wsrf-WS-ResourceProperties-1.2-draft-01.xsd}UnknownQueryExpressionDialectFault already exists
OUT>      [java] {http://docs.oasis-open.org/wsrf/2004/06/wsrf-WS-ResourceProperties-1.2-draft-01.xsd}InvalidQueryExpressionFaultType already exists
OUT>      [java] {http://docs.oasis-open.org/wsrf/2004/06/wsrf-WS-ResourceProperties-1.2-draft-01.xsd}InvalidQueryExpressionFault already exists
OUT>      [java] {http://docs.oasis-open.org/wsrf/2004/06/wsrf-WS-ResourceProperties-1.2-draft-01.xsd}QueryEvaluationErrorFaultType already exists
OUT>      [java] {http://docs.oasis-open.org/wsrf/2004/06/wsrf-WS-ResourceProperties-1.2-draft-01.xsd}QueryEvaluationErrorFault already exists
OUT>      [java] {http://docs.oasis-open.org/wsrf/2004/06/wsrf-WS-ResourceProperties-1.2-draft-01.wsdl}SetResourcePropertiesRequest already exists
OUT>      [java] {http://docs.oasis-open.org/wsrf/2004/06/wsrf-WS-ResourceProperties-1.2-draft-01.wsdl}ResourceUnknownFault already exists
OUT>      [java] {http://docs.oasis-open.org/wsrf/2004/06/wsrf-WS-ResourceProperties-1.2-draft-01.wsdl}SetResourcePropertyRequestFailedFault already exists
OUT>      [java] {http://docs.oasis-open.org/wsrf/2004/06/wsrf-WS-ResourceProperties-1.2-draft-01.wsdl}GetResourcePropertyResponse already exists
OUT>      [java] {http://docs.oasis-open.org/wsrf/2004/06/wsrf-WS-ResourceProperties-1.2-draft-01.wsdl}InvalidQueryExpressionFault already exists
OUT>      [java] {http://docs.oasis-open.org/wsrf/2004/06/wsrf-WS-ResourceProperties-1.2-draft-01.wsdl}UnknownQueryExpressionDialectFault already exists
OUT>      [java] {http://docs.oasis-open.org/wsrf/2004/06/wsrf-WS-ResourceProperties-1.2-draft-01.wsdl}GetMultipleResourcePropertiesRequest already exists
OUT>      [java] {http://docs.oasis-open.org/wsrf/2004/06/wsrf-WS-ResourceProperties-1.2-draft-01.wsdl}UnableToModifyResourcePropertyFault already exists
OUT>      [java] {http://docs.oasis-open.org/wsrf/2004/06/wsrf-WS-ResourceProperties-1.2-draft-01.wsdl}GetResourcePropertyRequest already exists
OUT>      [java] {http://docs.oasis-open.org/wsrf/2004/06/wsrf-WS-ResourceProperties-1.2-draft-01.wsdl}GetMultipleResourcePropertiesResponse already exists
OUT>      [java] {http://docs.oasis-open.org/wsrf/2004/06/wsrf-WS-ResourceProperties-1.2-draft-01.wsdl}QueryResourcePropertiesRequest already exists
OUT>      [java] {http://docs.oasis-open.org/wsrf/2004/06/wsrf-WS-ResourceProperties-1.2-draft-01.wsdl}QueryResourcePropertiesResponse already exists
OUT>      [java] {http://docs.oasis-open.org/wsrf/2004/06/wsrf-WS-ResourceProperties-1.2-draft-01.wsdl}QueryEvaluationErrorFault already exists
OUT>      [java] {http://docs.oasis-open.org/wsrf/2004/06/wsrf-WS-ResourceProperties-1.2-draft-01.wsdl}InvalidResourcePropertyQNameFault already exists
OUT>      [java] {http://docs.oasis-open.org/wsrf/2004/06/wsrf-WS-ResourceProperties-1.2-draft-01.wsdl}SetResourcePropertiesResponse already exists
OUT>      [java] {http://docs.oasis-open.org/wsrf/2004/06/wsrf-WS-ResourceProperties-1.2-draft-01.wsdl}InvalidSetResourcePropertiesRequestContentFault already exists
OUT>      [java] {http://docs.oasis-open.org/wsrf/2004/06/wsrf-WS-ResourceProperties-1.2-draft-01.wsdl}SetResourceProperties already exists
OUT>      [java] {http://docs.oasis-open.org/wsrf/2004/06/wsrf-WS-ResourceProperties-1.2-draft-01.wsdl}QueryResourceProperties already exists
OUT>      [java] {http://docs.oasis-open.org/wsrf/2004/06/wsrf-WS-ResourceProperties-1.2-draft-01.wsdl}GetResourceProperty already exists
OUT>      [java] {http://docs.oasis-open.org/wsrf/2004/06/wsrf-WS-ResourceProperties-1.2-draft-01.wsdl}GetMultipleResourceProperties already exists
OUT>      [java] {http://docs.oasis-open.org/wsrf/2004/06/wsrf-WS-ResourceProperties-1.2-draft-01.xsd}ResourceProperties already exists
OUT>      [java] {http://docs.oasis-open.org/wsrf/2004/06/wsrf-WS-ResourceProperties-1.2-draft-01.xsd}ResourcePropertyValueChangeNotificationType already exists
OUT>      [java] {http://docs.oasis-open.org/wsrf/2004/06/wsrf-WS-ResourceProperties-1.2-draft-01.xsd}>ResourcePropertyValueChangeNotificationType>OldValue already exists
OUT>      [java] {http://docs.oasis-open.org/wsrf/2004/06/wsrf-WS-ResourceProperties-1.2-draft-01.xsd}>ResourcePropertyValueChangeNotificationType>NewValue already exists
OUT>      [java] {http://docs.oasis-open.org/wsrf/2004/06/wsrf-WS-ResourceProperties-1.2-draft-01.xsd}ResourcePropertyValueChangeNotification already exists
OUT>      [java] {http://docs.oasis-open.org/wsrf/2004/06/wsrf-WS-ResourceProperties-1.2-draft-01.xsd}QueryExpressionType already exists
OUT>      [java] {http://docs.oasis-open.org/wsrf/2004/06/wsrf-WS-ResourceProperties-1.2-draft-01.xsd}QueryExpression already exists
OUT>      [java] {http://docs.oasis-open.org/wsrf/2004/06/wsrf-WS-ResourceProperties-1.2-draft-01.xsd}GetResourceProperty already exists
OUT>      [java] {http://docs.oasis-open.org/wsrf/2004/06/wsrf-WS-ResourceProperties-1.2-draft-01.xsd}GetResourcePropertyResponse already exists
OUT>      [java] {http://docs.oasis-open.org/wsrf/2004/06/wsrf-WS-ResourceProperties-1.2-draft-01.xsd}>GetResourcePropertyResponse already exists
OUT>      [java] {http://docs.oasis-open.org/wsrf/2004/06/wsrf-WS-ResourceProperties-1.2-draft-01.xsd}ResourceUnknownFaultType already exists
OUT>      [java] {http://docs.oasis-open.org/wsrf/2004/06/wsrf-WS-ResourceProperties-1.2-draft-01.xsd}ResourceUnknownFault already exists
OUT>      [java] {http://docs.oasis-open.org/wsrf/2004/06/wsrf-WS-ResourceProperties-1.2-draft-01.xsd}InvalidResourcePropertyQNameFaultType already exists
OUT>      [java] {http://docs.oasis-open.org/wsrf/2004/06/wsrf-WS-ResourceProperties-1.2-draft-01.xsd}InvalidResourcePropertyQNameFault already exists
OUT>      [java] {http://docs.oasis-open.org/wsrf/2004/06/wsrf-WS-ResourceProperties-1.2-draft-01.xsd}GetMultipleResourceProperties already exists
OUT>      [java] {http://docs.oasis-open.org/wsrf/2004/06/wsrf-WS-ResourceProperties-1.2-draft-01.xsd}>GetMultipleResourceProperties already exists
OUT>      [java] {http://docs.oasis-open.org/wsrf/2004/06/wsrf-WS-ResourceProperties-1.2-draft-01.xsd}GetMultipleResourcePropertiesResponse already exists
OUT>      [java] {http://docs.oasis-open.org/wsrf/2004/06/wsrf-WS-ResourceProperties-1.2-draft-01.xsd}>GetMultipleResourcePropertiesResponse already exists
OUT>      [java] {http://docs.oasis-open.org/wsrf/2004/06/wsrf-WS-ResourceProperties-1.2-draft-01.xsd}InsertType already exists
OUT>      [java] {http://docs.oasis-open.org/wsrf/2004/06/wsrf-WS-ResourceProperties-1.2-draft-01.xsd}Insert already exists
OUT>      [java] {http://docs.oasis-open.org/wsrf/2004/06/wsrf-WS-ResourceProperties-1.2-draft-01.xsd}UpdateType already exists
OUT>      [java] {http://docs.oasis-open.org/wsrf/2004/06/wsrf-WS-ResourceProperties-1.2-draft-01.xsd}Update already exists
OUT>      [java] {http://docs.oasis-open.org/wsrf/2004/06/wsrf-WS-ResourceProperties-1.2-draft-01.xsd}DeleteType already exists
OUT>      [java] {http://docs.oasis-open.org/wsrf/2004/06/wsrf-WS-ResourceProperties-1.2-draft-01.xsd}Delete already exists
OUT>      [java] {http://docs.oasis-open.org/wsrf/2004/06/wsrf-WS-ResourceProperties-1.2-draft-01.xsd}SetResourceProperties already exists
OUT>      [java] {http://docs.oasis-open.org/wsrf/2004/06/wsrf-WS-ResourceProperties-1.2-draft-01.xsd}>SetResourceProperties already exists
OUT>      [java] {http://docs.oasis-open.org/wsrf/2004/06/wsrf-WS-ResourceProperties-1.2-draft-01.xsd}SetResourcePropertiesResponse already exists
OUT>      [java] {http://docs.oasis-open.org/wsrf/2004/06/wsrf-WS-ResourceProperties-1.2-draft-01.xsd}>SetResourcePropertiesResponse already exists
OUT>      [java] {http://docs.oasis-open.org/wsrf/2004/06/wsrf-WS-ResourceProperties-1.2-draft-01.xsd}InvalidSetResourcePropertiesRequestContentFaultType already exists
OUT>      [java] {http://docs.oasis-open.org/wsrf/2004/06/wsrf-WS-ResourceProperties-1.2-draft-01.xsd}InvalidSetResourcePropertiesRequestContentFault already exists
OUT>      [java] {http://docs.oasis-open.org/wsrf/2004/06/wsrf-WS-ResourceProperties-1.2-draft-01.xsd}UnableToModifyResourcePropertyFaultType already exists
OUT>      [java] {http://docs.oasis-open.org/wsrf/2004/06/wsrf-WS-ResourceProperties-1.2-draft-01.xsd}UnableToModifyResourcePropertyFault already exists
OUT>      [java] {http://docs.oasis-open.org/wsrf/2004/06/wsrf-WS-ResourceProperties-1.2-draft-01.xsd}SetResourcePropertyRequestFailedFaultType already exists
OUT>      [java] {http://docs.oasis-open.org/wsrf/2004/06/wsrf-WS-ResourceProperties-1.2-draft-01.xsd}SetResourcePropertyRequestFailedFault already exists
OUT>      [java] {http://docs.oasis-open.org/wsrf/2004/06/wsrf-WS-ResourceProperties-1.2-draft-01.xsd}QueryResourceProperties already exists
OUT>      [java] {http://docs.oasis-open.org/wsrf/2004/06/wsrf-WS-ResourceProperties-1.2-draft-01.xsd}>QueryResourceProperties already exists
OUT>      [java] {http://docs.oasis-open.org/wsrf/2004/06/wsrf-WS-ResourceProperties-1.2-draft-01.xsd}QueryResourcePropertiesResponse already exists
OUT>      [java] {http://docs.oasis-open.org/wsrf/2004/06/wsrf-WS-ResourceProperties-1.2-draft-01.xsd}>QueryResourcePropertiesResponse already exists
OUT>      [java] {http://docs.oasis-open.org/wsrf/2004/06/wsrf-WS-ResourceProperties-1.2-draft-01.xsd}UnknownQueryExpressionDialectFaultType already exists
OUT>      [java] {http://docs.oasis-open.org/wsrf/2004/06/wsrf-WS-ResourceProperties-1.2-draft-01.xsd}UnknownQueryExpressionDialectFault already exists
OUT>      [java] {http://docs.oasis-open.org/wsrf/2004/06/wsrf-WS-ResourceProperties-1.2-draft-01.xsd}InvalidQueryExpressionFaultType already exists
OUT>      [java] {http://docs.oasis-open.org/wsrf/2004/06/wsrf-WS-ResourceProperties-1.2-draft-01.xsd}InvalidQueryExpressionFault already exists
OUT>      [java] {http://docs.oasis-open.org/wsrf/2004/06/wsrf-WS-ResourceProperties-1.2-draft-01.xsd}QueryEvaluationErrorFaultType already exists
OUT>      [java] {http://docs.oasis-open.org/wsrf/2004/06/wsrf-WS-ResourceProperties-1.2-draft-01.xsd}QueryEvaluationErrorFault already exists
OUT>      [java] {http://docs.oasis-open.org/wsrf/2004/06/wsrf-WS-ResourceProperties-1.2-draft-01.wsdl}SetResourcePropertiesRequest already exists
OUT>      [java] {http://docs.oasis-open.org/wsrf/2004/06/wsrf-WS-ResourceProperties-1.2-draft-01.wsdl}ResourceUnknownFault already exists
OUT>      [java] {http://docs.oasis-open.org/wsrf/2004/06/wsrf-WS-ResourceProperties-1.2-draft-01.wsdl}SetResourcePropertyRequestFailedFault already exists
OUT>      [java] {http://docs.oasis-open.org/wsrf/2004/06/wsrf-WS-ResourceProperties-1.2-draft-01.wsdl}GetResourcePropertyResponse already exists
OUT>      [java] {http://docs.oasis-open.org/wsrf/2004/06/wsrf-WS-ResourceProperties-1.2-draft-01.wsdl}InvalidQueryExpressionFault already exists
OUT>      [java] {http://docs.oasis-open.org/wsrf/2004/06/wsrf-WS-ResourceProperties-1.2-draft-01.wsdl}UnknownQueryExpressionDialectFault already exists
OUT>      [java] {http://docs.oasis-open.org/wsrf/2004/06/wsrf-WS-ResourceProperties-1.2-draft-01.wsdl}GetMultipleResourcePropertiesRequest already exists
OUT>      [java] {http://docs.oasis-open.org/wsrf/2004/06/wsrf-WS-ResourceProperties-1.2-draft-01.wsdl}UnableToModifyResourcePropertyFault already exists
OUT>      [java] {http://docs.oasis-open.org/wsrf/2004/06/wsrf-WS-ResourceProperties-1.2-draft-01.wsdl}GetResourcePropertyRequest already exists
OUT>      [java] {http://docs.oasis-open.org/wsrf/2004/06/wsrf-WS-ResourceProperties-1.2-draft-01.wsdl}GetMultipleResourcePropertiesResponse already exists
OUT>      [java] {http://docs.oasis-open.org/wsrf/2004/06/wsrf-WS-ResourceProperties-1.2-draft-01.wsdl}QueryResourcePropertiesRequest already exists
OUT>      [java] {http://docs.oasis-open.org/wsrf/2004/06/wsrf-WS-ResourceProperties-1.2-draft-01.wsdl}QueryResourcePropertiesResponse already exists
OUT>      [java] {http://docs.oasis-open.org/wsrf/2004/06/wsrf-WS-ResourceProperties-1.2-draft-01.wsdl}QueryEvaluationErrorFault already exists
OUT>      [java] {http://docs.oasis-open.org/wsrf/2004/06/wsrf-WS-ResourceProperties-1.2-draft-01.wsdl}InvalidResourcePropertyQNameFault already exists
OUT>      [java] {http://docs.oasis-open.org/wsrf/2004/06/wsrf-WS-ResourceProperties-1.2-draft-01.wsdl}SetResourcePropertiesResponse already exists
OUT>      [java] {http://docs.oasis-open.org/wsrf/2004/06/wsrf-WS-ResourceProperties-1.2-draft-01.wsdl}InvalidSetResourcePropertiesRequestContentFault already exists
OUT>      [java] {http://docs.oasis-open.org/wsrf/2004/06/wsrf-WS-ResourceProperties-1.2-draft-01.wsdl}SetResourceProperties already exists
OUT>      [java] {http://docs.oasis-open.org/wsrf/2004/06/wsrf-WS-ResourceProperties-1.2-draft-01.wsdl}QueryResourceProperties already exists
OUT>      [java] {http://docs.oasis-open.org/wsrf/2004/06/wsrf-WS-ResourceProperties-1.2-draft-01.wsdl}GetResourceProperty already exists
OUT>      [java] {http://docs.oasis-open.org/wsrf/2004/06/wsrf-WS-ResourceProperties-1.2-draft-01.wsdl}GetMultipleResourceProperties already exists
OUT>      [java] [Thread-2] INFO  toJava.JavaGeneratorFactory  - excluding code generation for non-included QName:{gme://caCORE.caCORE/3.2/gov.nih.nci.cacoresdk.domain.onetomany.unidirectional}LatchKey[0,unbounded]
OUT>      [java] [Thread-2] INFO  toJava.JavaGeneratorFactory  - excluding code generation for non-included QName:{gme://caCORE.caCORE/3.2/gov.nih.nci.cacoresdk.domain.other.differentpackage}Dessert[0,unbounded]
OUT>      [java] [Thread-2] INFO  toJava.JavaGeneratorFactory  - excluding code generation for non-included QName:{gme://caCORE.caCORE/3.2/gov.nih.nci.cacoresdk.domain.inheritance.parentwithassociation}Assistant[0,unbounded]
OUT>      [java] [Thread-2] INFO  toJava.JavaGeneratorFactory  - excluding code generation for non-included QName:{uri:iso.org:21090}tbody[,unbounded]
OUT>      [java] [Thread-2] INFO  toJava.JavaGeneratorFactory  - excluding code generation for non-included QName:{uri:iso.org:21090}colgroup[0,unbounded]
OUT>      [java] [Thread-2] INFO  toJava.JavaGeneratorFactory  - excluding code generation for non-included QName:{gme://caGrid.caBIG/1.0/gov.nih.nci.cagrid.metadata.common}UMLAttribute[0,unbounded]
OUT>      [java] [Thread-2] INFO  toJava.JavaGeneratorFactory  - excluding code generation for non-included QName:{uri:iso.org:21090}col[0,unbounded]
OUT>      [java] [Thread-2] INFO  toJava.JavaGeneratorFactory  - excluding code generation for non-included QName:{gme://caCORE.caCORE/3.2/gov.nih.nci.cacoresdk.domain.inheritance.abstrakt}Pupil[0,unbounded]
OUT>      [java] [Thread-2] INFO  toJava.JavaGeneratorFactory  - excluding code generation for non-included QName:{http://docs.oasis-open.org/wsn/2004/06/wsn-WS-BaseNotification-1.2-draft-01.xsd}Topic[,unbounded]
OUT>      [java] [Thread-2] INFO  toJava.JavaGeneratorFactory  - excluding code generation for non-included QName:{gme://caCORE.caCORE/3.2/gov.nih.nci.cacoresdk.domain.manytomany.bidirectional}Employee[0,unbounded]
OUT>      [java] [Thread-2] INFO  toJava.JavaGeneratorFactory  - excluding code generation for non-included QName:{gme://caCORE.caCORE/3.2/gov.nih.nci.cacoresdk.domain.manytomany.bidirectional}Project[0,unbounded]
OUT>      [java] [Thread-2] INFO  toJava.JavaGeneratorFactory  - excluding code generation for non-included QName:{gme://caCORE.caCORE/3.2/gov.nih.nci.cacoresdk.domain.inheritance.implicit}Tank[0,unbounded]
OUT>      [java] [Thread-2] INFO  toJava.JavaGeneratorFactory  - excluding code generation for non-included QName:{gme://caCORE.caCORE/3.2/gov.nih.nci.cacoresdk.domain.onetomany.unidirectional.withjoin}Button[0,unbounded]
OUT>      [java] [Thread-2] INFO  toJava.JavaGeneratorFactory  - excluding code generation for non-included QName:{gme://caGrid.caBIG/1.0/gov.nih.nci.cagrid.metadata.common}SemanticMetadata[0,unbounded]
OUT>      [java] [Thread-2] INFO  toJava.JavaGeneratorFactory  - excluding code generation for non-included QName:{gme://caCORE.caCORE/3.2/gov.nih.nci.cacoresdk.domain.other.differentpackage.associations}Utensil[0,unbounded]
OUT>      [java] [Thread-2] INFO  toJava.JavaGeneratorFactory  - excluding code generation for non-included QName:{gme://caCORE.caCORE/3.2/gov.nih.nci.cacoresdk.domain.onetomany.selfassociation}Element[0,unbounded]
OUT>      [java] [Thread-2] INFO  toJava.JavaGeneratorFactory  - excluding code generation for non-included QName:{gme://caCORE.caCORE/3.2/gov.nih.nci.cacoresdk.domain.other.levelassociation}Card[0,unbounded]
OUT>      [java] [Thread-2] INFO  toJava.JavaGeneratorFactory  - excluding code generation for non-included QName:{gme://caGrid.caBIG/1.0/gov.nih.nci.cagrid.metadata.service}ServiceContext[,unbounded]
OUT>      [java] [Thread-2] INFO  toJava.JavaGeneratorFactory  - excluding code generation for non-included QName:{gme://caGrid.caBIG/1.0/gov.nih.nci.cagrid.metadata.service}ContextProperty[0,unbounded]
OUT>      [java] [Thread-2] INFO  toJava.JavaGeneratorFactory  - excluding code generation for non-included QName:{gme://caCORE.caCORE/3.2/gov.nih.nci.cacoresdk.domain.inheritance.parentwithassociation.sametable}Luggage[0,unbounded]
OUT>      [java] [Thread-2] INFO  toJava.JavaGeneratorFactory  - excluding code generation for non-included QName:{gme://caGrid.caBIG/1.0/gov.nih.nci.cagrid.metadata.service}Operation[0,unbounded]
OUT>      [java] [Thread-2] INFO  toJava.JavaGeneratorFactory  - excluding code generation for non-included QName:{gme://caGrid.caBIG/1.0/gov.nih.nci.cagrid.metadata.common}PointOfContact[0,unbounded]
OUT>      [java] [Thread-2] INFO  toJava.JavaGeneratorFactory  - excluding code generation for non-included QName:{gme://caCORE.caCORE/3.2/gov.nih.nci.cacoresdk.domain.inheritance.implicit}Substrate[0,unbounded]
OUT>      [java] [Thread-2] INFO  toJava.JavaGeneratorFactory  - excluding code generation for non-included QName:{gme://caGrid.caBIG/1.0/gov.nih.nci.cagrid.metadata.service}InputParameter[0,unbounded]
OUT>      [java] [Thread-2] INFO  toJava.JavaGeneratorFactory  - excluding code generation for non-included QName:{gme://caCORE.caCORE/3.2/gov.nih.nci.cacoresdk.domain.onetomany.bidirectional}HardDrive[0,unbounded]
OUT>      [java] [Thread-2] INFO  toJava.JavaGeneratorFactory  - excluding code generation for non-included QName:{gme://caGrid.caBIG/1.0/gov.nih.nci.cagrid.metadata.service}Fault[0,unbounded]
OUT>      [java] [Thread-2] INFO  toJava.JavaGeneratorFactory  - excluding code generation for non-included QName:{gme://caCORE.caCORE/3.2/gov.nih.nci.cacoresdk.domain.other.levelassociation}Suit[0,unbounded]
OUT>      [java] [Thread-2] INFO  toJava.JavaGeneratorFactory  - excluding code generation for non-included QName:{uri:iso.org:21090}item[,unbounded]
OUT>      [java] [Thread-2] INFO  toJava.JavaGeneratorFactory  - excluding code generation for non-included QName:{gme://caCORE.caCORE/3.2/gov.nih.nci.cacoresdk.domain.manytomany.unidirectional}Author[0,unbounded]
OUT>      [java] [Thread-2] INFO  toJava.JavaGeneratorFactory  - excluding code generation for non-included QName:{gme://caGrid.caBIG/1.0/gov.nih.nci.cagrid.metadata.common}Enumeration[0,unbounded]
OUT>      [java] [Thread-2] INFO  toJava.JavaGeneratorFactory  - excluding code generation for non-included QName:{gme://caGrid.caBIG/1.0/gov.nih.nci.cagrid.metadata.security}Operation[0,unbounded]
OUT>      [java] [Thread-2] INFO  toJava.JavaGeneratorFactory  - excluding code generation for non-included QName:{gme://caCORE.caCORE/3.2/gov.nih.nci.cacoresdk.domain.onetomany.bidirectional.withjoin}Passanger[0,unbounded]
OUT>      [java] [Thread-2] INFO  toJava.JavaGeneratorFactory  - excluding code generation for non-included QName:{http://docs.oasis-open.org/wsn/2004/06/wsn-WS-BaseNotification-1.2-draft-01.xsd}TopicExpressionDialects[,unbounded]
OUT>      [java] [Thread-2] INFO  toJava.JavaGeneratorFactory  - excluding code generation for non-included QName:{gme://caCORE.caCORE/3.2/gov.nih.nci.cacoresdk.domain.inheritance.twolevelinheritance.sametablerootlevel}ScientificCalculator
OUT>      [java] [Thread-2] INFO  toJava.JavaGeneratorFactory  - excluding code generation for non-included QName:{http://docs.oasis-open.org/wsn/2004/06/wsn-WS-BaseNotification-1.2-draft-01.xsd}NotificationMessageHolderType
OUT>      [java] [Thread-2] INFO  toJava.JavaGeneratorFactory  - excluding code generation for non-included QName:{http://docs.oasis-open.org/wsrf/2004/06/wsrf-WS-ResourceLifetime-1.2-draft-01.xsd}>SetTerminationTimeResponse
OUT>      [java] [Thread-2] INFO  toJava.JavaGeneratorFactory  - excluding code generation for non-included QName:{gme://caCORE.caCORE/3.2/gov.nih.nci.cacoresdk.domain.inheritance.implicit}DiscusFish
OUT>      [java] [Thread-2] INFO  toJava.JavaGeneratorFactory  - excluding code generation for non-included QName:{uri:iso.org:21090}LIST_CD.CE.None
OUT>      [java] [Thread-2] INFO  toJava.JavaGeneratorFactory  - excluding code generation for non-included QName:{http://schemas.xmlsoap.org/ws/2004/03/addressing}AttributedURI
OUT>      [java] [Thread-2] INFO  toJava.JavaGeneratorFactory  - excluding code generation for non-included QName:{uri:iso.org:21090}UVP_CS
OUT>      [java] [Thread-2] INFO  toJava.JavaGeneratorFactory  - excluding code generation for non-included QName:{uri:iso.org:21090}DSET_EN.TN
OUT>      [java] [Thread-2] INFO  toJava.JavaGeneratorFactory  - excluding code generation for non-included QName:{uri:iso.org:21090}CO[0,0]
OUT>      [java] [Thread-2] INFO  toJava.JavaGeneratorFactory  - excluding code generation for non-included QName:{uri:iso.org:21090}BAG_PQ
OUT>      [java] [Thread-2] INFO  toJava.JavaGeneratorFactory  - excluding code generation for non-included QName:{http://CQL.caBIG/2/org.cagrid.cql2}BinaryPredicate
OUT>      [java] [Thread-2] INFO  toJava.JavaGeneratorFactory  - excluding code generation for non-included QName:{uri:iso.org:21090}UVP_EN.TN
OUT>      [java] [Thread-2] INFO  toJava.JavaGeneratorFactory  - excluding code generation for non-included QName:{http://docs.oasis-open.org/wsn/2004/06/wsn-WS-BaseNotification-1.2-draft-01.xsd}>NotificationProducerRP
OUT>      [java] [Thread-2] INFO  toJava.JavaGeneratorFactory  - excluding code generation for non-included QName:{uri:iso.org:21090}GLIST_MO
OUT>      [java] [Thread-2] INFO  toJava.JavaGeneratorFactory  - excluding code generation for non-included QName:{uri:iso.org:21090}IVL.Low_TS.DateTime.Full
OUT>      [java] [Thread-2] INFO  toJava.JavaGeneratorFactory  - excluding code generation for non-included QName:{uri:iso.org:21090}HIST_ED.Signature
OUT>      [java] [Thread-2] INFO  toJava.JavaGeneratorFactory  - excluding code generation for non-included QName:{gme://caCORE.caCORE/3.2/gov.nih.nci.cacoresdk.domain.manytoone.unidirectional.withjoin}Album
OUT>      [java] [Thread-2] INFO  toJava.JavaGeneratorFactory  - excluding code generation for non-included QName:{uri:iso.org:21090}QSS_TS.Date.Full
OUT>      [java] [Thread-2] INFO  toJava.JavaGeneratorFactory  - excluding code generation for non-included QName:{gme://caCORE.caCORE/3.2/gov.nih.nci.cacoresdk.domain.other.datatype}CdDataType
OUT>      [java] [Thread-2] INFO  toJava.JavaGeneratorFactory  - excluding code generation for non-included QName:{uri:iso.org:21090}UVP_CO
OUT>      [java] [Thread-2] INFO  toJava.JavaGeneratorFactory  - excluding code generation for non-included QName:{http://CQL.caBIG/2/org.cagrid.cql2}UnaryPredicate
OUT>      [java] [Thread-2] INFO  toJava.JavaGeneratorFactory  - excluding code generation for non-included QName:{gme://caCORE.caCORE/3.2/gov.nih.nci.cacoresdk.domain.manytomany.unidirectional}Book
OUT>      [java] [Thread-2] INFO  toJava.JavaGeneratorFactory  - excluding code generation for non-included QName:{uri:iso.org:21090}PIVL_TS.Date.Full
OUT>      [java] [Thread-2] INFO  toJava.JavaGeneratorFactory  - excluding code generation for non-included QName:{uri:iso.org:21090}DSET_SC
OUT>      [java] [Thread-2] INFO  toJava.JavaGeneratorFactory  - excluding code generation for non-included QName:{uri:iso.org:21090}UVP_CD
OUT>      [java] [Thread-2] INFO  toJava.JavaGeneratorFactory  - excluding code generation for non-included QName:{uri:iso.org:21090}DSET_RTO
OUT>      [java] [Thread-2] INFO  toJava.JavaGeneratorFactory  - excluding code generation for non-included QName:{gme://caCORE.caCORE/3.2/gov.nih.nci.cacoresdk.domain.inheritance.twolevelinheritance}Monitor
OUT>      [java] [Thread-2] INFO  toJava.JavaGeneratorFactory  - excluding code generation for non-included QName:{uri:iso.org:21090}>>td>scope
OUT>      [java] [Thread-2] INFO  toJava.JavaGeneratorFactory  - excluding code generation for non-included QName:{gme://caGrid.caBIG/1.0/gov.nih.nci.cagrid.metadata.security}GSITransport
OUT>      [java] [Thread-2] INFO  toJava.JavaGeneratorFactory  - excluding code generation for non-included QName:{uri:iso.org:21090}HIST_II
OUT>      [java] [Thread-2] INFO  toJava.JavaGeneratorFactory  - excluding code generation for non-included QName:{uri:iso.org:21090}BAG_INT.Positive
OUT>      [java] [Thread-2] INFO  toJava.JavaGeneratorFactory  - excluding code generation for non-included QName:{uri:iso.org:21090}QSI_REAL
OUT>      [java] [Thread-2] INFO  toJava.JavaGeneratorFactory  - excluding code generation for non-included QName:{uri:iso.org:21090}DSET_ST
OUT>      [java] [Thread-2] INFO  toJava.JavaGeneratorFactory  - excluding code generation for non-included QName:{uri:iso.org:21090}UVP_BL
OUT>      [java] [Thread-2] INFO  toJava.JavaGeneratorFactory  - excluding code generation for non-included QName:{uri:iso.org:21090}QSU_TS.DateTime
OUT>      [java] [Thread-2] INFO  toJava.JavaGeneratorFactory  - excluding code generation for non-included QName:{gme://caCORE.caCORE/3.2/gov.nih.nci.cacoresdk.domain.inheritance.twolevelinheritance.sametable}PresidentialGovt
OUT>      [java] [Thread-2] INFO  toJava.JavaGeneratorFactory  - excluding code generation for non-included QName:{uri:iso.org:21090}UVP_TS.Date
OUT>      [java] [Thread-2] INFO  toJava.JavaGeneratorFactory  - excluding code generation for non-included QName:{gme://caCORE.caCORE/3.2/gov.nih.nci.cacoresdk.domain.other.datatype}>AllDataType>stringCollection
OUT>      [java] [Thread-2] INFO  toJava.JavaGeneratorFactory  - excluding code generation for non-included QName:{gme://caCORE.caCORE/3.2/gov.nih.nci.cacoresdk.domain.other.datatype}IvlPqDataType
OUT>      [java] [Thread-2] INFO  toJava.JavaGeneratorFactory  - excluding code generation for non-included QName:{uri:iso.org:21090}QSET_MO[0,unbounded]
OUT>      [java] [Thread-2] INFO  toJava.JavaGeneratorFactory  - excluding code generation for non-included QName:{uri:iso.org:21090}IVL.Width_INT
OUT>      [java] [Thread-2] INFO  toJava.JavaGeneratorFactory  - excluding code generation for non-included QName:{gme://caCORE.caCORE/3.2/gov.nih.nci.cacoresdk.domain.onetomany.unidirectional}LatchKey
OUT>      [java] [Thread-2] INFO  toJava.JavaGeneratorFactory  - excluding code generation for non-included QName:{uri:iso.org:21090}PIVL_TS
OUT>      [java] [Thread-2] INFO  toJava.JavaGeneratorFactory  - excluding code generation for non-included QName:{gme://caCORE.caCORE/3.2/gov.nih.nci.cacoresdk.domain.inheritance.multiplechild}UndergraduateStudent
OUT>      [java] [Thread-2] INFO  toJava.JavaGeneratorFactory  - excluding code generation for non-included QName:{uri:iso.org:21090}NPPD_SC.NT
OUT>      [java] [Thread-2] INFO  toJava.JavaGeneratorFactory  - excluding code generation for non-included QName:{uri:iso.org:21090}QSU_CO
OUT>      [java] [Thread-2] INFO  toJava.JavaGeneratorFactory  - excluding code generation for non-included QName:{uri:iso.org:21090}HIST_EN.ON
OUT>      [java] [Thread-2] INFO  toJava.JavaGeneratorFactory  - excluding code generation for non-included QName:{uri:iso.org:21090}COLL_INT.Positive
OUT>      [java] [Thread-2] INFO  toJava.JavaGeneratorFactory  - excluding code generation for non-included QName:{uri:iso.org:21090}UpdateMode
OUT>      [java] [Thread-2] INFO  toJava.JavaGeneratorFactory  - excluding code generation for non-included QName:{uri:iso.org:21090}DSET_TS
OUT>      [java] [Thread-2] INFO  toJava.JavaGeneratorFactory  - excluding code generation for non-included QName:{uri:iso.org:21090}BAG_TS.Date
OUT>      [java] [Thread-2] INFO  toJava.JavaGeneratorFactory  - excluding code generation for non-included QName:{uri:iso.org:21090}CO[0,unbounded]
OUT>      [java] [Thread-2] INFO  toJava.JavaGeneratorFactory  - excluding code generation for non-included QName:{uri:iso.org:21090}UVP_ED.Signature[0,unbounded]
OUT>      [java] [Thread-2] INFO  toJava.JavaGeneratorFactory  - excluding code generation for non-included QName:{uri:iso.org:21090}CDGroup[0,unbounded]
OUT>      [java] [Thread-2] INFO  toJava.JavaGeneratorFactory  - excluding code generation for non-included QName:{uri:iso.org:21090}QSD_TS.DateTime.Full
OUT>      [java] [Thread-2] INFO  toJava.JavaGeneratorFactory  - excluding code generation for non-included QName:{uri:iso.org:21090}UVP_AD
OUT>      [java] [Thread-2] INFO  toJava.JavaGeneratorFactory  - excluding code generation for non-included QName:{http://docs.oasis-open.org/wsn/2004/06/wsn-WS-BaseNotification-1.2-draft-01.xsd}NotificationMessageHolderType[,unbounded]
OUT>      [java] [Thread-2] INFO  toJava.JavaGeneratorFactory  - excluding code generation for non-included QName:{uri:iso.org:21090}DSET_MO
OUT>      [java] [Thread-2] INFO  toJava.JavaGeneratorFactory  - excluding code generation for non-included QName:{uri:iso.org:21090}DSET_EN.ON
OUT>      [java] [Thread-2] INFO  toJava.JavaGeneratorFactory  - excluding code generation for non-included QName:{uri:iso.org:21090}UVP_INT.Positive[0,unbounded]
OUT>      [java] [Thread-2] INFO  toJava.JavaGeneratorFactory  - excluding code generation for non-included QName:{uri:iso.org:21090}DSET_SC.NT
OUT>      [java] [Thread-2] INFO  toJava.JavaGeneratorFactory  - excluding code generation for non-included QName:{uri:iso.org:21090}IVL.Width_INT.NonNeg
OUT>      [java] [Thread-2] INFO  toJava.JavaGeneratorFactory  - excluding code generation for non-included QName:{uri:iso.org:21090}UVP_RTO[0,unbounded]
OUT>      [java] [Thread-2] INFO  toJava.JavaGeneratorFactory  - excluding code generation for non-included QName:{uri:iso.org:21090}>paragraph
OUT>      [java] [Thread-2] INFO  toJava.JavaGeneratorFactory  - excluding code generation for non-included QName:{uri:iso.org:21090}UVP_TEL[0,unbounded]
OUT>      [java] [Thread-2] INFO  toJava.JavaGeneratorFactory  - excluding code generation for non-included QName:{gme://caCORE.caCORE/3.2/gov.nih.nci.cacoresdk.domain.onetomany.unidirectional.withjoin}>Shirt>buttonCollection
OUT>      [java] [Thread-2] INFO  toJava.JavaGeneratorFactory  - excluding code generation for non-included QName:{http://docs.oasis-open.org/wsrf/2004/06/wsrf-WS-ResourceProperties-1.2-draft-01.xsd}SetResourcePropertyRequestFailedFaultType
OUT>      [java] [Thread-2] INFO  toJava.JavaGeneratorFactory  - excluding code generation for non-included QName:{uri:iso.org:21090}BAG_ED.Doc.Inline
OUT>      [java] [Thread-2] INFO  toJava.JavaGeneratorFactory  - excluding code generation for non-included QName:{uri:iso.org:21090}COLL_TS.Birth
OUT>      [java] [Thread-2] INFO  toJava.JavaGeneratorFactory  - excluding code generation for non-included QName:{gme://caCORE.caCORE/3.2/gov.nih.nci.cacoresdk.domain.onetoone.bidirectional}Product
OUT>      [java] [Thread-2] INFO  toJava.JavaGeneratorFactory  - excluding code generation for non-included QName:{uri:iso.org:21090}IVL.High_TS.Date.Full
OUT>      [java] [Thread-2] INFO  toJava.JavaGeneratorFactory  - excluding code generation for non-included QName:{uri:iso.org:21090}INT.NonNeg[0,0]
OUT>      [java] [Thread-2] INFO  toJava.JavaGeneratorFactory  - excluding code generation for non-included QName:{uri:iso.org:21090}DSET_EN.PN
OUT>      [java] [Thread-2] INFO  toJava.JavaGeneratorFactory  - excluding code generation for non-included QName:{uri:iso.org:21090}UVP_ST.NT[0,unbounded]
OUT>      [java] [Thread-2] INFO  toJava.JavaGeneratorFactory  - excluding code generation for non-included QName:{uri:iso.org:21090}SLIST_INT.Positive
OUT>      [java] [Thread-2] INFO  toJava.JavaGeneratorFactory  - excluding code generation for non-included QName:{gme://caCORE.caCORE/3.2/gov.nih.nci.cacoresdk.domain.inheritance.childwithassociation}Cash
OUT>      [java] [Thread-2] INFO  toJava.JavaGeneratorFactory  - excluding code generation for non-included QName:{uri:iso.org:21090}UVP_SC.NT
OUT>      [java] [Thread-2] INFO  toJava.JavaGeneratorFactory  - excluding code generation for non-included QName:{uri:iso.org:21090}NPPD_TS.DateTime.Full
OUT>      [java] [Thread-2] INFO  toJava.JavaGeneratorFactory  - excluding code generation for non-included QName:{uri:iso.org:21090}ADXP[0,unbounded]
OUT>      [java] [Thread-2] INFO  toJava.JavaGeneratorFactory  - excluding code generation for non-included QName:{gme://caCORE.caCORE/3.2/gov.nih.nci.cacoresdk.domain.inheritance.parentwithassociation.sametable}HardTopType
OUT>      [java] [Thread-2] INFO  toJava.JavaGeneratorFactory  - excluding code generation for non-included QName:{uri:iso.org:21090}DSET_TEL.Email
OUT>      [java] [Thread-2] INFO  toJava.JavaGeneratorFactory  - excluding code generation for non-included QName:{uri:iso.org:21090}BAG_PQ.Time
OUT>      [java] [Thread-2] INFO  toJava.JavaGeneratorFactory  - excluding code generation for non-included QName:{uri:iso.org:21090}GLIST_REAL
OUT>      [java] [Thread-2] INFO  toJava.JavaGeneratorFactory  - excluding code generation for non-included QName:{uri:iso.org:21090}SLIST_CO
OUT>      [java] [Thread-2] INFO  toJava.JavaGeneratorFactory  - excluding code generation for non-included QName:{uri:iso.org:21090}UVP_AD[0,unbounded]
OUT>      [java] [Thread-2] INFO  toJava.JavaGeneratorFactory  - excluding code generation for non-included QName:{uri:iso.org:21090}BAG_INT.NonNeg
OUT>      [java] [Thread-2] INFO  toJava.JavaGeneratorFactory  - excluding code generation for non-included QName:{uri:iso.org:21090}HIST_MO
OUT>      [java] [Thread-2] INFO  toJava.JavaGeneratorFactory  - excluding code generation for non-included QName:{uri:iso.org:21090}>>thead>align
OUT>      [java] [Thread-2] INFO  toJava.JavaGeneratorFactory  - excluding code generation for non-included QName:{http://CQL.caBIG/2/org.cagrid.cql2}NamedAssociation[0,unbounded]
OUT>      [java] [Thread-2] INFO  toJava.JavaGeneratorFactory  - excluding code generation for non-included QName:{uri:iso.org:21090}DSET_ED.Signature
OUT>      [java] [Thread-2] INFO  toJava.JavaGeneratorFactory  - excluding code generation for non-included QName:{uri:iso.org:21090}ENXP
OUT>      [java] [Thread-2] INFO  toJava.JavaGeneratorFactory  - excluding code generation for non-included QName:{gme://caCORE.caCORE/3.2/gov.nih.nci.cacoresdk.domain.inheritance.twolevelinheritance}Display
OUT>      [java] [Thread-2] INFO  toJava.JavaGeneratorFactory  - excluding code generation for non-included QName:{uri:iso.org:21090}>>tfoot>valign
OUT>      [java] [Thread-2] INFO  toJava.JavaGeneratorFactory  - excluding code generation for non-included QName:{uri:iso.org:21090}QSET_CO[0,unbounded]
OUT>      [java] [Thread-2] INFO  toJava.JavaGeneratorFactory  - excluding code generation for non-included QName:{uri:iso.org:21090}>>col>valign
OUT>      [java] [Thread-2] INFO  toJava.JavaGeneratorFactory  - excluding code generation for non-included QName:{uri:iso.org:21090}BAG_CD.CE
OUT>      [java] [Thread-2] INFO  toJava.JavaGeneratorFactory  - excluding code generation for non-included QName:{uri:iso.org:21090}NPPD_AD
OUT>      [java] [Thread-2] INFO  toJava.JavaGeneratorFactory  - excluding code generation for non-included QName:{gme://caCORE.caCORE/3.2/gov.nih.nci.cacoresdk.domain.inheritance.twolevelinheritance.sametablerootlevel}GraphicCalculator
OUT>      [java] [Thread-2] INFO  toJava.JavaGeneratorFactory  - excluding code generation for non-included QName:{uri:iso.org:21090}>>thead>valign
OUT>      [java] [Thread-2] INFO  toJava.JavaGeneratorFactory  - excluding code generation for non-included QName:{gme://caCORE.caCORE/3.2/gov.nih.nci.cacoresdk.domain.inheritance.twolevelinheritance.sametablerootlevel}Calculator
OUT>      [java] [Thread-2] INFO  toJava.JavaGeneratorFactory  - excluding code generation for non-included QName:{uri:iso.org:21090}GLIST_TS.DateTime
OUT>      [java] [Thread-2] INFO  toJava.JavaGeneratorFactory  - excluding code generation for non-included QName:{gme://caCORE.caCORE/3.2/gov.nih.nci.cacoresdk.domain.other.datatype}EnPnDataType
OUT>      [java] [Thread-2] INFO  toJava.JavaGeneratorFactory  - excluding code generation for non-included QName:{uri:iso.org:21090}BAG_BL.NonNull
OUT>      [java] [Thread-2] INFO  toJava.JavaGeneratorFactory  - excluding code generation for non-included QName:{uri:iso.org:21090}IVL.High_REAL
OUT>      [java] [Thread-2] INFO  toJava.JavaGeneratorFactory  - excluding code generation for non-included QName:{uri:iso.org:21090}DSET_PQ
OUT>      [java] [Thread-2] INFO  toJava.JavaGeneratorFactory  - excluding code generation for non-included QName:{uri:iso.org:21090}UVP_TEL.Phone[0,unbounded]
OUT>      [java] [Thread-2] INFO  toJava.JavaGeneratorFactory  - excluding code generation for non-included QName:{gme://caGrid.caBIG/1.0/gov.nih.nci.cagrid.metadata.security}>ServiceSecurityMetadata>operations
OUT>      [java] [Thread-2] INFO  toJava.JavaGeneratorFactory  - excluding code generation for non-included QName:{http://docs.oasis-open.org/wsrf/2004/06/wsrf-WS-ResourceProperties-1.2-draft-01.xsd}>SetResourcePropertiesResponse
OUT>      [java] [Thread-2] INFO  toJava.JavaGeneratorFactory  - excluding code generation for non-included QName:{uri:iso.org:21090}>>content>revised
OUT>      [java] [Thread-2] INFO  toJava.JavaGeneratorFactory  - excluding code generation for non-included QName:{uri:iso.org:21090}TS.DateTime.Full
OUT>      [java] [Thread-2] INFO  toJava.JavaGeneratorFactory  - excluding code generation for non-included QName:{http://docs.oasis-open.org/wsrf/2004/06/wsrf-WS-ResourceProperties-1.2-draft-01.xsd}UnableToModifyResourcePropertyFaultType
OUT>      [java] [Thread-2] INFO  toJava.JavaGeneratorFactory  - excluding code generation for non-included QName:{uri:iso.org:21090}set_EntityNameUse
OUT>      [java] [Thread-2] INFO  toJava.JavaGeneratorFactory  - excluding code generation for non-included QName:{uri:iso.org:21090}NPPD_BL
OUT>      [java] [Thread-2] INFO  toJava.JavaGeneratorFactory  - excluding code generation for non-included QName:{gme://caCORE.caCORE/3.2/gov.nih.nci.cacoresdk.domain.inheritance.childwithassociation}Credit
OUT>      [java] [Thread-2] INFO  toJava.JavaGeneratorFactory  - excluding code generation for non-included QName:{uri:iso.org:21090}IVL.High_TS.DateTime
OUT>      [java] [Thread-2] INFO  toJava.JavaGeneratorFactory  - excluding code generation for non-included QName:{uri:iso.org:21090}BAG_MO
OUT>      [java] [Thread-2] INFO  toJava.JavaGeneratorFactory  - excluding code generation for non-included QName:{http://docs.oasis-open.org/wsn/2004/06/wsn-WS-BaseNotification-1.2-draft-01.xsd}ResourceUnknownFaultType
OUT>      [java] [Thread-2] INFO  toJava.JavaGeneratorFactory  - excluding code generation for non-included QName:{uri:iso.org:21090}DSET_INT.NonNeg
OUT>      [java] [Thread-2] INFO  toJava.JavaGeneratorFactory  - excluding code generation for non-included QName:{gme://caCORE.caCORE/3.2/gov.nih.nci.cacoresdk.domain.other.primarykey}FloatKey
OUT>      [java] [Thread-2] INFO  toJava.JavaGeneratorFactory  - excluding code generation for non-included QName:{gme://caCORE.caCORE/3.2/gov.nih.nci.cacoresdk.domain.inheritance.twolevelinheritance}LCDMonitor
OUT>      [java] [Thread-2] INFO  toJava.JavaGeneratorFactory  - excluding code generation for non-included QName:{uri:iso.org:21090}COLL_ED.Doc.Ref
OUT>      [java] [Thread-2] INFO  toJava.JavaGeneratorFactory  - excluding code generation for non-included QName:{uri:iso.org:21090}QSET_TS.DateTime
OUT>      [java] [Thread-2] INFO  toJava.JavaGeneratorFactory  - excluding code generation for non-included QName:{uri:iso.org:21090}IVL.Low_REAL
OUT>      [java] [Thread-2] INFO  toJava.JavaGeneratorFactory  - excluding code generation for non-included QName:{uri:iso.org:21090}NPPD_ED.Signature
OUT>      [java] [Thread-2] INFO  toJava.JavaGeneratorFactory  - excluding code generation for non-included QName:{uri:iso.org:21090}TEL.Phone
OUT>      [java] [Thread-2] INFO  toJava.JavaGeneratorFactory  - excluding code generation for non-included QName:{uri:iso.org:21090}UVP_TS.DateTime[0,unbounded]
OUT>      [java] [Thread-2] INFO  toJava.JavaGeneratorFactory  - excluding code generation for non-included QName:{uri:iso.org:21090}LIST_INT
OUT>      [java] [Thread-2] INFO  toJava.JavaGeneratorFactory  - excluding code generation for non-included QName:{uri:iso.org:21090}HIST_TS.Birth
OUT>      [java] [Thread-2] INFO  toJava.JavaGeneratorFactory  - excluding code generation for non-included QName:{uri:iso.org:21090}GLIST_TS
OUT>      [java] [Thread-2] INFO  toJava.JavaGeneratorFactory  - excluding code generation for non-included QName:{gme://caCORE.caCORE/3.2/gov.nih.nci.cacoresdk.domain.other.datatype}AdDataType
OUT>      [java] [Thread-2] INFO  toJava.JavaGeneratorFactory  - excluding code generation for non-included QName:{uri:iso.org:21090}URL
OUT>      [java] [Thread-2] INFO  toJava.JavaGeneratorFactory  - excluding code generation for non-included QName:{uri:iso.org:21090}CalendarCycle
OUT>      [java] [Thread-2] INFO  toJava.JavaGeneratorFactory  - excluding code generation for non-included QName:{gme://caGrid.caBIG/1.0/gov.nih.nci.cagrid.metadata.common}Address
OUT>      [java] [Thread-2] INFO  toJava.JavaGeneratorFactory  - excluding code generation for non-included QName:{uri:iso.org:21090}COLL_TS.Date
OUT>      [java] [Thread-2] INFO  toJava.JavaGeneratorFactory  - excluding code generation for non-included QName:{gme://caCORE.caCORE/3.2/gov.nih.nci.cacoresdk.domain.other.primarykey}FloatPrimitiveKey
OUT>      [java] [Thread-2] INFO  toJava.JavaGeneratorFactory  - excluding code generation for non-included QName:{uri:iso.org:21090}PQR
OUT>      [java] [Thread-2] INFO  toJava.JavaGeneratorFactory  - excluding code generation for non-included QName:{uri:iso.org:21090}DSET_TEL.Url
OUT>      [java] [Thread-2] INFO  toJava.JavaGeneratorFactory  - excluding code generation for non-included QName:{uri:iso.org:21090}QSET_TS.Birth[0,unbounded]
OUT>      [java] [Thread-2] INFO  toJava.JavaGeneratorFactory  - excluding code generation for non-included QName:{uri:iso.org:21090}UVP_INT.NonNeg
OUT>      [java] [Thread-2] INFO  toJava.JavaGeneratorFactory  - excluding code generation for non-included QName:{http://schemas.xmlsoap.org/ws/2004/03/addressing}ServiceNameType
OUT>      [java] [Thread-2] INFO  toJava.JavaGeneratorFactory  - excluding code generation for non-included QName:{http://CQL.caBIG/2/org.cagrid.cql2}NamedAttribute
OUT>      [java] [Thread-2] INFO  toJava.JavaGeneratorFactory  - excluding code generation for non-included QName:{uri:iso.org:21090}REAL[0,0]
OUT>      [java] [Thread-2] INFO  toJava.JavaGeneratorFactory  - excluding code generation for non-included QName:{uri:iso.org:21090}>thead
OUT>      [java] [Thread-2] INFO  toJava.JavaGeneratorFactory  - excluding code generation for non-included QName:{http://docs.oasis-open.org/wsrf/2004/06/wsrf-WS-ResourceProperties-1.2-draft-01.xsd}>GetResourcePropertyResponse
OUT>      [java] [Thread-2] INFO  toJava.JavaGeneratorFactory  - excluding code generation for non-included QName:{uri:iso.org:21090}NPPD_BL.NonNull
OUT>      [java] [Thread-2] INFO  toJava.JavaGeneratorFactory  - excluding code generation for non-included QName:{uri:iso.org:21090}DSET_TS.Birth
OUT>      [java] [Thread-2] INFO  toJava.JavaGeneratorFactory  - excluding code generation for non-included QName:{uri:iso.org:21090}IVL_INT.Positive
OUT>      [java] [Thread-2] INFO  toJava.JavaGeneratorFactory  - excluding code generation for non-included QName:{gme://caCORE.caCORE/3.2/gov.nih.nci.cacoresdk.domain.other.datatype}EdTextDataType
OUT>      [java] [Thread-2] INFO  toJava.JavaGeneratorFactory  - excluding code generation for non-included QName:{gme://caCORE.caCORE/3.2/gov.nih.nci.cacoresdk.domain.other.datatype}StNtDataType
OUT>      [java] [Thread-2] INFO  toJava.JavaGeneratorFactory  - excluding code generation for non-included QName:{uri:iso.org:21090}DSET_TS.Date.Full
OUT>      [java] [Thread-2] INFO  toJava.JavaGeneratorFactory  - excluding code generation for non-included QName:{http://docs.oasis-open.org/wsrf/2004/06/wsrf-WS-ResourceProperties-1.2-draft-01.xsd}UnknownQueryExpressionDialectFaultType
OUT>      [java] [Thread-2] INFO  toJava.JavaGeneratorFactory  - excluding code generation for non-included QName:{gme://caCORE.caCORE/3.2/gov.nih.nci.cacoresdk.domain.inheritance.parentwithassociation.sametable}SoftTop
OUT>      [java] [Thread-2] INFO  toJava.JavaGeneratorFactory  - excluding code generation for non-included QName:{gme://caCORE.caCORE/3.2/gov.nih.nci.cacoresdk.domain.inheritance.abstrakt}PrivateTeacher
OUT>      [java] [Thread-2] INFO  toJava.JavaGeneratorFactory  - excluding code generation for non-included QName:{uri:iso.org:21090}QSS_CO
OUT>      [java] [Thread-2] INFO  toJava.JavaGeneratorFactory  - excluding code generation for non-included QName:{uri:iso.org:21090}COLL_EN.TN
OUT>      [java] [Thread-2] INFO  toJava.JavaGeneratorFactory  - excluding code generation for non-included QName:{uri:iso.org:21090}EIVL_TS.Birth
OUT>      [java] [Thread-2] INFO  toJava.JavaGeneratorFactory  - excluding code generation for non-included QName:{uri:iso.org:21090}ST.NT[0,unbounded]
OUT>      [java] [Thread-2] INFO  toJava.JavaGeneratorFactory  - excluding code generation for non-included QName:{gme://caCORE.caCORE/3.2/gov.nih.nci.cacoresdk.domain.other.datatype}DsetCdDataType
OUT>      [java] [Thread-2] INFO  toJava.JavaGeneratorFactory  - excluding code generation for non-included QName:{uri:iso.org:21090}UVP_TEL
OUT>      [java] [Thread-2] INFO  toJava.JavaGeneratorFactory  - excluding code generation for non-included QName:{uri:iso.org:21090}HIST_TS.DateTime.Full
OUT>      [java] [Thread-2] INFO  toJava.JavaGeneratorFactory  - excluding code generation for non-included QName:{uri:iso.org:21090}BAG_II
OUT>      [java] [Thread-2] INFO  toJava.JavaGeneratorFactory  - excluding code generation for non-included QName:{uri:iso.org:21090}HIST_AD
OUT>      [java] [Thread-2] INFO  toJava.JavaGeneratorFactory  - excluding code generation for non-included QName:{gme://caCORE.caCORE/3.2/gov.nih.nci.cacoresdk.domain.onetoone.multipleassociation.withjoin}Bride
OUT>      [java] [Thread-2] INFO  toJava.JavaGeneratorFactory  - excluding code generation for non-included QName:{uri:iso.org:21090}UVP_MO[0,unbounded]
OUT>      [java] [Thread-2] INFO  toJava.JavaGeneratorFactory  - excluding code generation for non-included QName:{uri:iso.org:21090}UVP_II
OUT>      [java] [Thread-2] INFO  toJava.JavaGeneratorFactory  - excluding code generation for non-included QName:{uri:iso.org:21090}INT.NonNeg
OUT>      [java] [Thread-2] INFO  toJava.JavaGeneratorFactory  - excluding code generation for non-included QName:{uri:iso.org:21090}IVL.Width_PQ.Time
OUT>      [java] [Thread-2] INFO  toJava.JavaGeneratorFactory  - excluding code generation for non-included QName:{uri:iso.org:21090}BL[0,unbounded]
OUT>      [java] [Thread-2] INFO  toJava.JavaGeneratorFactory  - excluding code generation for non-included QName:{gme://caGrid.caBIG/1.0/gov.nih.nci.cagrid.metadata.common}UMLAttribute
OUT>      [java] [Thread-2] INFO  toJava.JavaGeneratorFactory  - excluding code generation for non-included QName:{uri:iso.org:21090}LIST_INT.Positive
OUT>      [java] [Thread-2] INFO  toJava.JavaGeneratorFactory  - excluding code generation for non-included QName:{uri:iso.org:21090}BAG_ED.Doc
OUT>      [java] [Thread-2] INFO  toJava.JavaGeneratorFactory  - excluding code generation for non-included QName:{http://org.cagrid.dataservice.cql/QueryLanguageSupport}Cql2SupportType
OUT>      [java] [Thread-2] INFO  toJava.JavaGeneratorFactory  - excluding code generation for non-included QName:{http://docs.oasis-open.org/wsrf/2004/06/wsrf-WS-BaseFaults-1.2-draft-01.xsd}>BaseFaultType>Description[0,unbounded]
OUT>      [java] [Thread-2] INFO  toJava.JavaGeneratorFactory  - excluding code generation for non-included QName:{http://docs.oasis-open.org/wsrf/2004/06/wsrf-WS-ResourceProperties-1.2-draft-01.xsd}>QueryResourceProperties
OUT>      [java] [Thread-2] INFO  toJava.JavaGeneratorFactory  - excluding code generation for non-included QName:{gme://caCORE.caCORE/3.2/gov.nih.nci.cacoresdk.domain.other.primarykey}NoIdKey
OUT>      [java] [Thread-2] INFO  toJava.JavaGeneratorFactory  - excluding code generation for non-included QName:{uri:iso.org:21090}UVP_ED.Doc[0,unbounded]
OUT>      [java] [Thread-2] INFO  toJava.JavaGeneratorFactory  - excluding code generation for non-included QName:{http://docs.oasis-open.org/wsrf/2004/06/wsrf-WS-ResourceLifetime-1.2-draft-01.xsd}>TerminationNotification
OUT>      [java] [Thread-2] INFO  toJava.JavaGeneratorFactory  - excluding code generation for non-included QName:{http://schemas.xmlsoap.org/ws/2004/03/addressing}ReferencePropertiesType
OUT>      [java] [Thread-2] INFO  toJava.JavaGeneratorFactory  - excluding code generation for non-included QName:{uri:iso.org:21090}UVP_CD[0,unbounded]
OUT>      [java] [Thread-2] INFO  toJava.JavaGeneratorFactory  - excluding code generation for non-included QName:{gme://caCORE.caCORE/3.2/gov.nih.nci.cacoresdk.domain.onetoone.unidirectional.withjoin}Bag
OUT>      [java] [Thread-2] INFO  toJava.JavaGeneratorFactory  - excluding code generation for non-included QName:{uri:iso.org:21090}COLL_ST.NT
OUT>      [java] [Thread-2] INFO  toJava.JavaGeneratorFactory  - excluding code generation for non-included QName:{http://docs.oasis-open.org/wsn/2004/06/wsn-WS-BaseNotification-1.2-draft-01.xsd}ResumeFailedFaultType
OUT>      [java] [Thread-2] INFO  toJava.JavaGeneratorFactory  - excluding code generation for non-included QName:{uri:iso.org:21090}AddressPartType
OUT>      [java] [Thread-2] INFO  toJava.JavaGeneratorFactory  - excluding code generation for non-included QName:{uri:iso.org:21090}QSS_TS.DateTime
OUT>      [java] [Thread-2] INFO  toJava.JavaGeneratorFactory  - excluding code generation for non-included QName:{uri:iso.org:21090}QSET_REAL[0,unbounded]
OUT>      [java] [Thread-2] INFO  toJava.JavaGeneratorFactory  - excluding code generation for non-included QName:{uri:iso.org:21090}UVP_TS.DateTime.Full[0,unbounded]
OUT>      [java] [Thread-2] INFO  toJava.JavaGeneratorFactory  - excluding code generation for non-included QName:{uri:iso.org:21090}HIST_BL
OUT>      [java] [Thread-2] INFO  toJava.JavaGeneratorFactory  - excluding code generation for non-included QName:{uri:iso.org:21090}RTO
OUT>      [java] [Thread-2] INFO  toJava.JavaGeneratorFactory  - excluding code generation for non-included QName:{gme://caCORE.caCORE/3.2/gov.nih.nci.cacoresdk.domain.other.datatype}AllDataType
OUT>      [java] [Thread-2] INFO  toJava.JavaGeneratorFactory  - excluding code generation for non-included QName:{uri:iso.org:21090}HIST_CD
OUT>      [java] [Thread-2] INFO  toJava.JavaGeneratorFactory  - excluding code generation for non-included QName:{gme://caCORE.caCORE/3.2/gov.nih.nci.cacoresdk.domain.inheritance.multiplechild.sametable}Organization
OUT>      [java] [Thread-2] INFO  toJava.JavaGeneratorFactory  - excluding code generation for non-included QName:{uri:iso.org:21090}COLL_CD.CV
OUT>      [java] [Thread-2] INFO  toJava.JavaGeneratorFactory  - excluding code generation for non-included QName:{uri:iso.org:21090}UVP_EN.PN
OUT>      [java] [Thread-2] INFO  toJava.JavaGeneratorFactory  - excluding code generation for non-included QName:{uri:iso.org:21090}BAG_CO
OUT>      [java] [Thread-2] INFO  toJava.JavaGeneratorFactory  - excluding code generation for non-included QName:{uri:iso.org:21090}BAG_TEL.Url
OUT>      [java] [Thread-2] INFO  toJava.JavaGeneratorFactory  - excluding code generation for non-included QName:{gme://caCORE.caCORE/3.2/gov.nih.nci.cacoresdk.domain.inheritance.implicit}>TankAccessory>tankCollection
OUT>      [java] [Thread-2] INFO  toJava.JavaGeneratorFactory  - excluding code generation for non-included QName:{uri:iso.org:21090}IVL.Width_TS.Birth
OUT>      [java] [Thread-2] INFO  toJava.JavaGeneratorFactory  - excluding code generation for non-included QName:{uri:iso.org:21090}PQ.Time[0,unbounded]
OUT>      [java] [Thread-2] INFO  toJava.JavaGeneratorFactory  - excluding code generation for non-included QName:{uri:iso.org:21090}DSET_ED.Doc.Ref
OUT>      [java] [Thread-2] INFO  toJava.JavaGeneratorFactory  - excluding code generation for non-included QName:{uri:iso.org:21090}DSET_BL.NonNull
OUT>      [java] [Thread-2] INFO  toJava.JavaGeneratorFactory  - excluding code generation for non-included QName:{uri:iso.org:21090}GLIST_PQ
OUT>      [java] [Thread-2] INFO  toJava.JavaGeneratorFactory  - excluding code generation for non-included QName:{uri:iso.org:21090}BAG_CS
OUT>      [java] [Thread-2] INFO  toJava.JavaGeneratorFactory  - excluding code generation for non-included QName:{gme://caCORE.caCORE/3.2/gov.nih.nci.cacoresdk.domain.inheritance.parentwithassociation}Professor
OUT>      [java] [Thread-2] INFO  toJava.JavaGeneratorFactory  - excluding code generation for non-included QName:{uri:iso.org:21090}UVP_ED.Narrative
OUT>      [java] [Thread-2] INFO  toJava.JavaGeneratorFactory  - excluding code generation for non-included QName:{uri:iso.org:21090}HIST_CO
OUT>      [java] [Thread-2] INFO  toJava.JavaGeneratorFactory  - excluding code generation for non-included QName:{uri:iso.org:21090}BAG_CD
OUT>      [java] [Thread-2] INFO  toJava.JavaGeneratorFactory  - excluding code generation for non-included QName:{uri:iso.org:21090}HIST_CS
OUT>      [java] [Thread-2] INFO  toJava.JavaGeneratorFactory  - excluding code generation for non-included QName:{uri:iso.org:21090}BAG_TEL.Person
OUT>      [java] [Thread-2] INFO  toJava.JavaGeneratorFactory  - excluding code generation for non-included QName:{uri:iso.org:21090}COLL_EN.ON
OUT>      [java] [Thread-2] INFO  toJava.JavaGeneratorFactory  - excluding code generation for non-included QName:{gme://caCORE.caCORE/3.2/gov.nih.nci.cacoresdk.domain.other.differentpackage.associations}>Utensil>dessertCollection
OUT>      [java] [Thread-2] INFO  toJava.JavaGeneratorFactory  - excluding code generation for non-included QName:{http://docs.oasis-open.org/wsrf/2004/06/wsrf-WS-BaseFaults-1.2-draft-01.xsd}BaseFaultType
OUT>      [java] [Thread-2] INFO  toJava.JavaGeneratorFactory  - excluding code generation for non-included QName:{uri:iso.org:21090}DSET_CD.CE
OUT>      [java] [Thread-2] INFO  toJava.JavaGeneratorFactory  - excluding code generation for non-included QName:{http://docs.oasis-open.org/wsrf/2004/06/wsrf-WS-ResourceProperties-1.2-draft-01.xsd}>QueryResourcePropertiesResponse
OUT>      [java] [Thread-2] INFO  toJava.JavaGeneratorFactory  - excluding code generation for non-included QName:{uri:iso.org:21090}IVL.Low_TS.Date.Full
OUT>      [java] [Thread-2] INFO  toJava.JavaGeneratorFactory  - excluding code generation for non-included QName:{uri:iso.org:21090}UVP_INT.NonNeg[0,unbounded]
OUT>      [java] [Thread-2] INFO  toJava.JavaGeneratorFactory  - excluding code generation for non-included QName:{uri:iso.org:21090}HIST_TS.Date
OUT>      [java] [Thread-2] INFO  toJava.JavaGeneratorFactory  - excluding code generation for non-included QName:{uri:iso.org:21090}PQ[0,0]
OUT>      [java] [Thread-2] INFO  toJava.JavaGeneratorFactory  - excluding code generation for non-included QName:{uri:iso.org:21090}BAG_BL
OUT>      [java] [Thread-2] INFO  toJava.JavaGeneratorFactory  - excluding code generation for non-included QName:{http://docs.oasis-open.org/wsn/2004/06/wsn-WS-BaseNotification-1.2-draft-01.xsd}>Subscribe
OUT>      [java] [Thread-2] INFO  toJava.JavaGeneratorFactory  - excluding code generation for non-included QName:{gme://caGrid.caBIG/1.0/gov.nih.nci.cagrid.metadata.security}GSISecureMessage
OUT>      [java] [Thread-2] INFO  toJava.JavaGeneratorFactory  - excluding code generation for non-included QName:{uri:iso.org:21090}UVP_EN.ON
OUT>      [java] [Thread-2] INFO  toJava.JavaGeneratorFactory  - excluding code generation for non-included QName:{uri:iso.org:21090}DSET_CD.CV
OUT>      [java] [Thread-2] INFO  toJava.JavaGeneratorFactory  - excluding code generation for non-included QName:{uri:iso.org:21090}BAG_SC.NT
OUT>      [java] [Thread-2] INFO  toJava.JavaGeneratorFactory  - excluding code generation for non-included QName:{uri:iso.org:21090}COLL_EN.PN
OUT>      [java] [Thread-2] INFO  toJava.JavaGeneratorFactory  - excluding code generation for non-included QName:{uri:iso.org:21090}UVP_CD.CE.None[0,unbounded]
OUT>      [java] [Thread-2] INFO  toJava.JavaGeneratorFactory  - excluding code generation for non-included QName:{gme://caCORE.caCORE/3.2/gov.nih.nci.cacoresdk.domain.manytomany.bidirectional}>Employee>projectCollection
OUT>      [java] [Thread-2] INFO  toJava.JavaGeneratorFactory  - excluding code generation for non-included QName:{uri:iso.org:21090}LIST_ED.Signature
OUT>      [java] [Thread-2] INFO  toJava.JavaGeneratorFactory  - excluding code generation for non-included QName:{uri:iso.org:21090}HIST_ED
OUT>      [java] [Thread-2] INFO  toJava.JavaGeneratorFactory  - excluding code generation for non-included QName:{uri:iso.org:21090}QTY[0,0]
OUT>      [java] [Thread-2] INFO  toJava.JavaGeneratorFactory  - excluding code generation for non-included QName:{uri:iso.org:21090}PQ[0,unbounded]
OUT>      [java] [Thread-2] INFO  toJava.JavaGeneratorFactory  - excluding code generation for non-included QName:{uri:iso.org:21090}>>tr>align
OUT>      [java] [Thread-2] INFO  toJava.JavaGeneratorFactory  - excluding code generation for non-included QName:{uri:iso.org:21090}GLIST_INT.NonNeg
OUT>      [java] [Thread-2] INFO  toJava.JavaGeneratorFactory  - excluding code generation for non-included QName:{uri:iso.org:21090}DSET_REAL
OUT>      [java] [Thread-2] INFO  toJava.JavaGeneratorFactory  - excluding code generation for non-included QName:{uri:iso.org:21090}PIVL_TS.Date
OUT>      [java] [Thread-2] INFO  toJava.JavaGeneratorFactory  - excluding code generation for non-included QName:{uri:iso.org:21090}BAG_EN
OUT>      [java] [Thread-2] INFO  toJava.JavaGeneratorFactory  - excluding code generation for non-included QName:{uri:iso.org:21090}BAG_ED.Signature
OUT>      [java] [Thread-2] INFO  toJava.JavaGeneratorFactory  - excluding code generation for non-included QName:{uri:iso.org:21090}LIST_ED.Text
OUT>      [java] [Thread-2] INFO  toJava.JavaGeneratorFactory  - excluding code generation for non-included QName:{gme://caGrid.caBIG/1.0/gov.nih.nci.cagrid.metadata.service}ServiceContext
OUT>      [java] [Thread-2] INFO  toJava.JavaGeneratorFactory  - excluding code generation for non-included QName:{uri:iso.org:21090}COLL_BL.NonNull
OUT>      [java] [Thread-2] INFO  toJava.JavaGeneratorFactory  - excluding code generation for non-included QName:{uri:iso.org:21090}HIST_INT.Positive
OUT>      [java] [Thread-2] INFO  toJava.JavaGeneratorFactory  - excluding code generation for non-included QName:{uri:iso.org:21090}UVP_EN
OUT>      [java] [Thread-2] INFO  toJava.JavaGeneratorFactory  - excluding code generation for non-included QName:{uri:iso.org:21090}HIST_EN
OUT>      [java] [Thread-2] INFO  toJava.JavaGeneratorFactory  - excluding code generation for non-included QName:{uri:iso.org:21090}BAG_ED
OUT>      [java] [Thread-2] INFO  toJava.JavaGeneratorFactory  - excluding code generation for non-included QName:{uri:iso.org:21090}COLL_INT
OUT>      [java] [Thread-2] INFO  toJava.JavaGeneratorFactory  - excluding code generation for non-included QName:{gme://caCORE.caCORE/3.2/gov.nih.nci.cacoresdk.domain.other.primarykey}DoubleKey
OUT>      [java] [Thread-2] INFO  toJava.JavaGeneratorFactory  - excluding code generation for non-included QName:{gme://caGrid.caBIG/1.0/gov.nih.nci.cagrid.metadata.security}None
OUT>      [java] [Thread-2] INFO  toJava.JavaGeneratorFactory  - excluding code generation for non-included QName:{uri:iso.org:21090}BAG_REAL
OUT>      [java] [Thread-2] INFO  toJava.JavaGeneratorFactory  - excluding code generation for non-included QName:{uri:iso.org:21090}IVL.Width_CO
OUT>      [java] [Thread-2] INFO  toJava.JavaGeneratorFactory  - excluding code generation for non-included QName:{gme://caCORE.caCORE/3.2/gov.nih.nci.cacoresdk.domain.inheritance.parentwithassociation}AssociateProfessor
OUT>      [java] [Thread-2] INFO  toJava.JavaGeneratorFactory  - excluding code generation for non-included QName:{uri:iso.org:21090}>>colgroup>align
OUT>      [java] [Thread-2] INFO  toJava.JavaGeneratorFactory  - excluding code generation for non-included QName:{gme://caCORE.caCORE/3.2/gov.nih.nci.cacoresdk.domain.inheritance.onechild}Human
OUT>      [java] [Thread-2] INFO  toJava.JavaGeneratorFactory  - excluding code generation for non-included QName:{gme://caGrid.caBIG/1.0/gov.nih.nci.cagrid.metadata.service}>ServiceContext>contextPropertyCollection
OUT>      [java] [Thread-2] INFO  toJava.JavaGeneratorFactory  - excluding code generation for non-included QName:{uri:iso.org:21090}UVP_ED
OUT>      [java] [Thread-2] INFO  toJava.JavaGeneratorFactory  - excluding code generation for non-included QName:{gme://caCORE.caCORE/3.2/gov.nih.nci.cacoresdk.domain.manytomany.unidirectional}>Book>authorCollection
OUT>      [java] [Thread-2] INFO  toJava.JavaGeneratorFactory  - excluding code generation for non-included QName:{gme://caCORE.caCORE/3.2/gov.nih.nci.cacoresdk.domain.other.primarykey}IntegerPrimitiveKey
OUT>      [java] [Thread-2] INFO  toJava.JavaGeneratorFactory  - excluding code generation for non-included QName:{uri:iso.org:21090}COLL_SC
OUT>      [java] [Thread-2] INFO  toJava.JavaGeneratorFactory  - excluding code generation for non-included QName:{http://docs.oasis-open.org/wsn/2004/06/wsn-WS-BaseNotification-1.2-draft-01.xsd}SubscribeCreationFailedFaultType
OUT>      [java] [Thread-2] INFO  toJava.JavaGeneratorFactory  - excluding code generation for non-included QName:{uri:iso.org:21090}INT[0,0]
OUT>      [java] [Thread-2] INFO  toJava.JavaGeneratorFactory  - excluding code generation for non-included QName:{uri:iso.org:21090}>>th>align
OUT>      [java] [Thread-2] INFO  toJava.JavaGeneratorFactory  - excluding code generation for non-included QName:{uri:iso.org:21090}UVP_SC
OUT>      [java] [Thread-2] INFO  toJava.JavaGeneratorFactory  - excluding code generation for non-included QName:{gme://caGrid.caBIG/1.0/gov.nih.nci.cagrid.metadata.service}Operation
OUT>      [java] [Thread-2] INFO  toJava.JavaGeneratorFactory  - excluding code generation for non-included QName:{uri:iso.org:21090}IVL.Low_INT
OUT>      [java] [Thread-2] INFO  toJava.JavaGeneratorFactory  - excluding code generation for non-included QName:{uri:iso.org:21090}NPPD_INT
OUT>      [java] [Thread-2] INFO  toJava.JavaGeneratorFactory  - excluding code generation for non-included QName:{uri:iso.org:21090}QSU_TS.Birth
OUT>      [java] [Thread-2] INFO  toJava.JavaGeneratorFactory  - excluding code generation for non-included QName:{uri:iso.org:21090}NPPD_REAL
OUT>      [java] [Thread-2] INFO  toJava.JavaGeneratorFactory  - excluding code generation for non-included QName:{uri:iso.org:21090}COLL_ED.Doc.Inline
OUT>      [java] [Thread-2] INFO  toJava.JavaGeneratorFactory  - excluding code generation for non-included QName:{uri:iso.org:21090}COLL_ST
OUT>      [java] [Thread-2] INFO  toJava.JavaGeneratorFactory  - excluding code generation for non-included QName:{uri:iso.org:21090}QSET_INT
OUT>      [java] [Thread-2] INFO  toJava.JavaGeneratorFactory  - excluding code generation for non-included QName:{gme://caGrid.caBIG/1.0/gov.nih.nci.cagrid.metadata.service}>Service>pointOfContactCollection
OUT>      [java] [Thread-2] INFO  toJava.JavaGeneratorFactory  - excluding code generation for non-included QName:{uri:iso.org:21090}TS.Date
OUT>      [java] [Thread-2] INFO  toJava.JavaGeneratorFactory  - excluding code generation for non-included QName:{uri:iso.org:21090}ED.Narrative
OUT>      [java] [Thread-2] INFO  toJava.JavaGeneratorFactory  - excluding code generation for non-included QName:{uri:iso.org:21090}UVP_ST
OUT>      [java] [Thread-2] INFO  toJava.JavaGeneratorFactory  - excluding code generation for non-included QName:{http://docs.oasis-open.org/wsn/2004/06/wsn-WS-BaseNotification-1.2-draft-01.xsd}InvalidTopicExpressionFaultType
OUT>      [java] [Thread-2] INFO  toJava.JavaGeneratorFactory  - excluding code generation for non-included QName:{uri:iso.org:21090}IVL_CO
OUT>      [java] [Thread-2] INFO  toJava.JavaGeneratorFactory  - excluding code generation for non-included QName:{uri:iso.org:21090}>content
OUT>      [java] [Thread-2] INFO  toJava.JavaGeneratorFactory  - excluding code generation for non-included QName:{uri:iso.org:21090}UVP_TEL.Person
OUT>      [java] [Thread-2] INFO  toJava.JavaGeneratorFactory  - excluding code generation for non-included QName:{http://docs.oasis-open.org/wsn/2004/06/wsn-WS-BaseNotification-1.2-draft-01.xsd}>SubscriptionManagerRP
OUT>      [java] [Thread-2] INFO  toJava.JavaGeneratorFactory  - excluding code generation for non-included QName:{gme://caCORE.caCORE/3.2/gov.nih.nci.cacoresdk.domain.manytoone.unidirectional}Restaurant
OUT>      [java] [Thread-2] INFO  toJava.JavaGeneratorFactory  - excluding code generation for non-included QName:{gme://caGrid.caBIG/1.0/gov.nih.nci.cagrid.metadata.service}>Operation>faultCollection
OUT>      [java] [Thread-2] INFO  toJava.JavaGeneratorFactory  - excluding code generation for non-included QName:{uri:iso.org:21090}IVL_INT.NonNeg
OUT>      [java] [Thread-2] INFO  toJava.JavaGeneratorFactory  - excluding code generation for non-included QName:{uri:iso.org:21090}UVP_TS
OUT>      [java] [Thread-2] INFO  toJava.JavaGeneratorFactory  - excluding code generation for non-included QName:{uri:iso.org:21090}COLL_SC.NT
OUT>      [java] [Thread-2] INFO  toJava.JavaGeneratorFactory  - excluding code generation for non-included QName:{uri:iso.org:21090}IVL.Low_RTO
OUT>      [java] [Thread-2] INFO  toJava.JavaGeneratorFactory  - excluding code generation for non-included QName:{uri:iso.org:21090}QSD_MO
OUT>      [java] [Thread-2] INFO  toJava.JavaGeneratorFactory  - excluding code generation for non-included QName:{http://CQL.caBIG/2/org.cagrid.cql2}NamedAssociationList
OUT>      [java] [Thread-2] INFO  toJava.JavaGeneratorFactory  - excluding code generation for non-included QName:{uri:iso.org:21090}COLL_TS
OUT>      [java] [Thread-2] INFO  toJava.JavaGeneratorFactory  - excluding code generation for non-included QName:{uri:iso.org:21090}EN.TN
OUT>      [java] [Thread-2] INFO  toJava.JavaGeneratorFactory  - excluding code generation for non-included QName:{uri:iso.org:21090}PIVL_TS.Birth
OUT>      [java] [Thread-2] INFO  toJava.JavaGeneratorFactory  - excluding code generation for non-included QName:{http://CQL.caBIG/2/org.cagrid.cql2}CQLAttribute
OUT>      [java] [Thread-2] INFO  toJava.JavaGeneratorFactory  - excluding code generation for non-included QName:{uri:iso.org:21090}Narrative
OUT>      [java] [Thread-2] INFO  toJava.JavaGeneratorFactory  - excluding code generation for non-included QName:{uri:iso.org:21090}QSU_TS
OUT>      [java] [Thread-2] INFO  toJava.JavaGeneratorFactory  - excluding code generation for non-included QName:{uri:iso.org:21090}QSU_INT.Positive
OUT>      [java] [Thread-2] INFO  toJava.JavaGeneratorFactory  - excluding code generation for non-included QName:{uri:iso.org:21090}HIST_TEL.Email
OUT>      [java] [Thread-2] INFO  toJava.JavaGeneratorFactory  - excluding code generation for non-included QName:{gme://caCORE.caCORE/3.2/gov.nih.nci.cacoresdk.domain.other.datatype}IiDataType
OUT>      [java] [Thread-2] INFO  toJava.JavaGeneratorFactory  - excluding code generation for non-included QName:{uri:iso.org:21090}QSP_PQ
OUT>      [java] [Thread-2] INFO  toJava.JavaGeneratorFactory  - excluding code generation for non-included QName:{uri:iso.org:21090}IVL.High_TS.DateTime.Full
OUT>      [java] [Thread-2] INFO  toJava.JavaGeneratorFactory  - excluding code generation for non-included QName:{uri:iso.org:21090}ED.Text
OUT>      [java] [Thread-2] INFO  toJava.JavaGeneratorFactory  - excluding code generation for non-included QName:{uri:iso.org:21090}TS.Date[0,unbounded]
OUT>      [java] [Thread-2] INFO  toJava.JavaGeneratorFactory  - excluding code generation for non-included QName:{uri:iso.org:21090}QSU_TS.Date.Full
OUT>      [java] [Thread-2] INFO  toJava.JavaGeneratorFactory  - excluding code generation for non-included QName:{uri:iso.org:21090}ST[0,0]
OUT>      [java] [Thread-2] INFO  toJava.JavaGeneratorFactory  - excluding code generation for non-included QName:{uri:iso.org:21090}NPPD_TS.Date.Full
OUT>      [java] [Thread-2] INFO  toJava.JavaGeneratorFactory  - excluding code generation for non-included QName:{gme://caCORE.caCORE/3.2/gov.nih.nci.cacoresdk.domain.other.differentpackage}Dessert
OUT>      [java] [Thread-2] INFO  toJava.JavaGeneratorFactory  - excluding code generation for non-included QName:{uri:iso.org:21090}QSD_PQ
OUT>      [java] [Thread-2] INFO  toJava.JavaGeneratorFactory  - excluding code generation for non-included QName:{uri:iso.org:21090}QSET_INT.NonNeg
OUT>      [java] [Thread-2] INFO  toJava.JavaGeneratorFactory  - excluding code generation for non-included QName:{gme://caCORE.caCORE/3.2/gov.nih.nci.cacoresdk.domain.inheritance.parentwithassociation.sametable}>Wheel>luggage
OUT>      [java] [Thread-2] INFO  toJava.JavaGeneratorFactory  - excluding code generation for non-included QName:{http://schemas.xmlsoap.org/ws/2004/03/addressing}EndpointReferenceType
OUT>      [java] [Thread-2] INFO  toJava.JavaGeneratorFactory  - excluding code generation for non-included QName:{uri:iso.org:21090}QSP_MO
OUT>      [java] [Thread-2] INFO  toJava.JavaGeneratorFactory  - excluding code generation for non-included QName:{uri:iso.org:21090}QSET_INT.Positive[0,unbounded]
OUT>      [java] [Thread-2] INFO  toJava.JavaGeneratorFactory  - excluding code generation for non-included QName:{uri:iso.org:21090}COLL_CD.CE
OUT>      [java] [Thread-2] INFO  toJava.JavaGeneratorFactory  - excluding code generation for non-included QName:{gme://caGrid.caBIG/1.0/gov.nih.nci.cagrid.metadata.common}>ResearchCenter>pointOfContactCollection
OUT>      [java] [Thread-2] INFO  toJava.JavaGeneratorFactory  - excluding code generation for non-included QName:{uri:iso.org:21090}DSET_TS.Date
OUT>      [java] [Thread-2] INFO  toJava.JavaGeneratorFactory  - excluding code generation for non-included QName:{uri:iso.org:21090}SLIST_TS.DateTime
OUT>      [java] [Thread-2] INFO  toJava.JavaGeneratorFactory  - excluding code generation for non-included QName:{uri:iso.org:21090}NPPD_MO
OUT>      [java] [Thread-2] INFO  toJava.JavaGeneratorFactory  - excluding code generation for non-included QName:{uri:iso.org:21090}IVL_TS.DateTime
OUT>      [java] [Thread-2] INFO  toJava.JavaGeneratorFactory  - excluding code generation for non-included QName:{uri:iso.org:21090}QSS_TS.Date
OUT>      [java] [Thread-2] INFO  toJava.JavaGeneratorFactory  - excluding code generation for non-included QName:{uri:iso.org:21090}NPPD_CD.CE
OUT>      [java] [Thread-2] INFO  toJava.JavaGeneratorFactory  - excluding code generation for non-included QName:{gme://caCORE.caCORE/3.2/gov.nih.nci.cacoresdk.domain.inheritance.multiplechild.sametable}PvtOrganization
OUT>      [java] [Thread-2] INFO  toJava.JavaGeneratorFactory  - excluding code generation for non-included QName:{http://CQL.caBIG/2/org.cagrid.cql2}CQLGroup[,unbounded]
OUT>      [java] [Thread-2] INFO  toJava.JavaGeneratorFactory  - excluding code generation for non-included QName:{uri:iso.org:21090}SLIST_TS.Birth
OUT>      [java] [Thread-2] INFO  toJava.JavaGeneratorFactory  - excluding code generation for non-included QName:{uri:iso.org:21090}EIVL_TS.DateTime
OUT>      [java] [Thread-2] INFO  toJava.JavaGeneratorFactory  - excluding code generation for non-included QName:{uri:iso.org:21090}NPPD_CD.CV
OUT>      [java] [Thread-2] INFO  toJava.JavaGeneratorFactory  - excluding code generation for non-included QName:{uri:iso.org:21090}IVL.Width_REAL
OUT>      [java] [Thread-2] INFO  toJava.JavaGeneratorFactory  - excluding code generation for non-included QName:{uri:iso.org:21090}IVL.Width_TS.Date.Full
OUT>      [java] [Thread-2] INFO  toJava.JavaGeneratorFactory  - excluding code generation for non-included QName:{gme://caGrid.caBIG/1.0/gov.nih.nci.cagrid.metadata}ServiceMetadata
OUT>      [java] [Thread-2] INFO  toJava.JavaGeneratorFactory  - excluding code generation for non-included QName:{uri:iso.org:21090}EN.PN
OUT>      [java] [Thread-2] INFO  toJava.JavaGeneratorFactory  - excluding code generation for non-included QName:{uri:iso.org:21090}LIST_TS.Date
OUT>      [java] [Thread-2] INFO  toJava.JavaGeneratorFactory  - excluding code generation for non-included QName:{uri:iso.org:21090}BAG_RTO
OUT>      [java] [Thread-2] INFO  toJava.JavaGeneratorFactory  - excluding code generation for non-included QName:{uri:iso.org:21090}NPPD_PQ
OUT>      [java] [Thread-2] INFO  toJava.JavaGeneratorFactory  - excluding code generation for non-included QName:{uri:iso.org:21090}LIST_PQ.Time
OUT>      [java] [Thread-2] INFO  toJava.JavaGeneratorFactory  - excluding code generation for non-included QName:{uri:iso.org:21090}NPPD_ED.Doc.Inline
OUT>      [java] [Thread-2] INFO  toJava.JavaGeneratorFactory  - excluding code generation for non-included QName:{uri:iso.org:21090}IVL.Width_TS.Date
OUT>      [java] [Thread-2] INFO  toJava.JavaGeneratorFactory  - excluding code generation for non-included QName:{uri:iso.org:21090}QSS_TS
OUT>      [java] [Thread-2] INFO  toJava.JavaGeneratorFactory  - excluding code generation for non-included QName:{uri:iso.org:21090}UVP_EN.ON[0,unbounded]
OUT>      [java] [Thread-2] INFO  toJava.JavaGeneratorFactory  - excluding code generation for non-included QName:{uri:iso.org:21090}EN.ON
OUT>      [java] [Thread-2] INFO  toJava.JavaGeneratorFactory  - excluding code generation for non-included QName:{uri:iso.org:21090}UVP_ED.Image[0,unbounded]
OUT>      [java] [Thread-2] INFO  toJava.JavaGeneratorFactory  - excluding code generation for non-included QName:{gme://caCORE.caCORE/3.2/gov.nih.nci.cacoresdk.domain.inheritance.childwithassociation.sametable}DesignerShoes
OUT>      [java] [Thread-2] INFO  toJava.JavaGeneratorFactory  - excluding code generation for non-included QName:{uri:iso.org:21090}HIST_ED.Doc.Inline
OUT>      [java] [Thread-2] INFO  toJava.JavaGeneratorFactory  - excluding code generation for non-included QName:{uri:iso.org:21090}NPPD_TEL.Url
OUT>      [java] [Thread-2] INFO  toJava.JavaGeneratorFactory  - excluding code generation for non-included QName:{uri:iso.org:21090}QSP_TS
OUT>      [java] [Thread-2] INFO  toJava.JavaGeneratorFactory  - excluding code generation for non-included QName:{uri:iso.org:21090}UVP_PQ
OUT>      [java] [Thread-2] INFO  toJava.JavaGeneratorFactory  - excluding code generation for non-included QName:{gme://caCORE.caCORE/3.2/gov.nih.nci.cacoresdk.domain.other.levelassociation}>Suit>cardCollection
OUT>      [java] [Thread-2] INFO  toJava.JavaGeneratorFactory  - excluding code generation for non-included QName:{uri:iso.org:21090}QSS_RTO
OUT>      [java] [Thread-2] INFO  toJava.JavaGeneratorFactory  - excluding code generation for non-included QName:{uri:iso.org:21090}QSU_PQ
OUT>      [java] [Thread-2] INFO  toJava.JavaGeneratorFactory  - excluding code generation for non-included QName:{uri:iso.org:21090}EIVL_TS.DateTime.Full
OUT>      [java] [Thread-2] INFO  toJava.JavaGeneratorFactory  - excluding code generation for non-included QName:{http://docs.oasis-open.org/wsn/2004/06/wsn-WS-BaseNotification-1.2-draft-01.xsd}>PauseSubscription
OUT>      [java] [Thread-2] INFO  toJava.JavaGeneratorFactory  - excluding code generation for non-included QName:{uri:iso.org:21090}COLL_PQ
OUT>      [java] [Thread-2] INFO  toJava.JavaGeneratorFactory  - excluding code generation for non-included QName:{uri:iso.org:21090}>table
OUT>      [java] [Thread-2] INFO  toJava.JavaGeneratorFactory  - excluding code generation for non-included QName:{gme://caCORE.caCORE/3.2/gov.nih.nci.cacoresdk.domain.onetoone.unidirectional}Person
OUT>      [java] [Thread-2] INFO  toJava.JavaGeneratorFactory  - excluding code generation for non-included QName:{http://docs.oasis-open.org/wsrf/2004/06/wsrf-WS-ResourceProperties-1.2-draft-01.xsd}UpdateType
OUT>      [java] [Thread-2] INFO  toJava.JavaGeneratorFactory  - excluding code generation for non-included QName:{uri:iso.org:21090}QSI_TS.DateTime
OUT>      [java] [Thread-2] INFO  toJava.JavaGeneratorFactory  - excluding code generation for non-included QName:{uri:iso.org:21090}HIST_CD.CE.None
OUT>      [java] [Thread-2] INFO  toJava.JavaGeneratorFactory  - excluding code generation for non-included QName:{uri:iso.org:21090}QSET_TS.Birth
OUT>      [java] [Thread-2] INFO  toJava.JavaGeneratorFactory  - excluding code generation for non-included QName:{uri:iso.org:21090}IVL.Width_TS.DateTime.Full
OUT>      [java] [Thread-2] INFO  toJava.JavaGeneratorFactory  - excluding code generation for non-included QName:{uri:iso.org:21090}UVP_ED.Doc
OUT>      [java] [Thread-2] INFO  toJava.JavaGeneratorFactory  - excluding code generation for non-included QName:{gme://caCORE.caCORE/3.2/gov.nih.nci.cacoresdk.domain.inheritance.multiplechild}GraduateStudent
OUT>      [java] [Thread-2] INFO  toJava.JavaGeneratorFactory  - excluding code generation for non-included QName:{uri:iso.org:21090}QSET_INT.NonNeg[0,unbounded]
OUT>      [java] [Thread-2] INFO  toJava.JavaGeneratorFactory  - excluding code generation for non-included QName:{uri:iso.org:21090}QSI_RTO
OUT>      [java] [Thread-2] INFO  toJava.JavaGeneratorFactory  - excluding code generation for non-included QName:{uri:iso.org:21090}UVP_MO
OUT>      [java] [Thread-2] INFO  toJava.JavaGeneratorFactory  - excluding code generation for non-included QName:{uri:iso.org:21090}UVP_TEL.Phone
OUT>      [java] [Thread-2] INFO  toJava.JavaGeneratorFactory  - excluding code generation for non-included QName:{uri:iso.org:21090}NPPD_SC
OUT>      [java] [Thread-2] INFO  toJava.JavaGeneratorFactory  - excluding code generation for non-included QName:{uri:iso.org:21090}QSET.BoundedPIVL
OUT>      [java] [Thread-2] INFO  toJava.JavaGeneratorFactory  - excluding code generation for non-included QName:{uri:iso.org:21090}BL.NonNull
OUT>      [java] [Thread-2] INFO  toJava.JavaGeneratorFactory  - excluding code generation for non-included QName:{uri:iso.org:21090}QSU_REAL
OUT>      [java] [Thread-2] INFO  toJava.JavaGeneratorFactory  - excluding code generation for non-included QName:{uri:iso.org:21090}COLL_ED.Doc
OUT>      [java] [Thread-2] INFO  toJava.JavaGeneratorFactory  - excluding code generation for non-included QName:{uri:iso.org:21090}COLL_INT.NonNeg
OUT>      [java] [Thread-2] INFO  toJava.JavaGeneratorFactory  - excluding code generation for non-included QName:{uri:iso.org:21090}UVP_SC[0,unbounded]
OUT>      [java] [Thread-2] INFO  toJava.JavaGeneratorFactory  - excluding code generation for non-included QName:{gme://caCORE.caCORE/3.2/gov.nih.nci.cacoresdk.domain.onetomany.bidirectional}>Computer>hardDriveCollection
OUT>      [java] [Thread-2] INFO  toJava.JavaGeneratorFactory  - excluding code generation for non-included QName:{uri:iso.org:21090}QSS_PQ
OUT>      [java] [Thread-2] INFO  toJava.JavaGeneratorFactory  - excluding code generation for non-included QName:{uri:iso.org:21090}UVP_REAL
OUT>      [java] [Thread-2] INFO  toJava.JavaGeneratorFactory  - excluding code generation for non-included QName:{uri:iso.org:21090}QSU_MO
OUT>      [java] [Thread-2] INFO  toJava.JavaGeneratorFactory  - excluding code generation for non-included QName:{uri:iso.org:21090}UVP_TEL.Person[0,unbounded]
OUT>      [java] [Thread-2] INFO  toJava.JavaGeneratorFactory  - excluding code generation for non-included QName:{uri:iso.org:21090}NPPD_PQ.Time
OUT>      [java] [Thread-2] INFO  toJava.JavaGeneratorFactory  - excluding code generation for non-included QName:{http://docs.oasis-open.org/wsrf/2004/06/wsrf-WS-ResourceProperties-1.2-draft-01.xsd}>SetResourceProperties
OUT>      [java] [Thread-2] INFO  toJava.JavaGeneratorFactory  - excluding code generation for non-included QName:{uri:iso.org:21090}BAG_CD.CV
OUT>      [java] [Thread-2] INFO  toJava.JavaGeneratorFactory  - excluding code generation for non-included QName:{uri:iso.org:21090}IVL.Width_MO
OUT>      [java] [Thread-2] INFO  toJava.JavaGeneratorFactory  - excluding code generation for non-included QName:{uri:iso.org:21090}TimingEvent
OUT>      [java] [Thread-2] INFO  toJava.JavaGeneratorFactory  - excluding code generation for non-included QName:{uri:iso.org:21090}COLL_ED.Narrative
OUT>      [java] [Thread-2] INFO  toJava.JavaGeneratorFactory  - excluding code generation for non-included QName:{http://CQL.caBIG/2/org.cagrid.cql2}NamedAttribute[,unbounded]
OUT>      [java] [Thread-2] INFO  toJava.JavaGeneratorFactory  - excluding code generation for non-included QName:{gme://caCORE.caCORE/3.2/gov.nih.nci.cacoresdk.domain.other.primarykey}StringKey
OUT>      [java] [Thread-2] INFO  toJava.JavaGeneratorFactory  - excluding code generation for non-included QName:{uri:iso.org:21090}BAG_ED.Image
OUT>      [java] [Thread-2] INFO  toJava.JavaGeneratorFactory  - excluding code generation for non-included QName:{http://docs.oasis-open.org/wsrf/2004/06/wsrf-WS-BaseFaults-1.2-draft-01.xsd}>BaseFaultType>ErrorCode
OUT>      [java] [Thread-2] INFO  toJava.JavaGeneratorFactory  - excluding code generation for non-included QName:{http://CQL.caBIG/2/org.cagrid.cql2.results}CQLAttributeResult
OUT>      [java] [Thread-2] INFO  toJava.JavaGeneratorFactory  - excluding code generation for non-included QName:{uri:iso.org:21090}UVP_TS.Birth
OUT>      [java] [Thread-2] INFO  toJava.JavaGeneratorFactory  - excluding code generation for non-included QName:{gme://caCORE.caCORE/3.2/gov.nih.nci.cacoresdk.domain.inheritance.implicit}Substrate
OUT>      [java] [Thread-2] INFO  toJava.JavaGeneratorFactory  - excluding code generation for non-included QName:{uri:iso.org:21090}TEL
OUT>      [java] [Thread-2] INFO  toJava.JavaGeneratorFactory  - excluding code generation for non-included QName:{uri:iso.org:21090}QSU_TS.DateTime.Full
OUT>      [java] [Thread-2] INFO  toJava.JavaGeneratorFactory  - excluding code generation for non-included QName:{gme://caCORE.caCORE/3.2/gov.nih.nci.cacoresdk.domain.inheritance.parentwithassociation}Assistant
OUT>      [java] [Thread-2] INFO  toJava.JavaGeneratorFactory  - excluding code generation for non-included QName:{uri:iso.org:21090}NPPD_CS
OUT>      [java] [Thread-2] INFO  toJava.JavaGeneratorFactory  - excluding code generation for non-included QName:{uri:iso.org:21090}NPPD_RTO
OUT>      [java] [Thread-2] INFO  toJava.JavaGeneratorFactory  - excluding code generation for non-included QName:{gme://caCORE.caCORE/3.2/gov.nih.nci.cacoresdk.domain.inheritance.abstrakt}Pupil
OUT>      [java] [Thread-2] INFO  toJava.JavaGeneratorFactory  - excluding code generation for non-included QName:{uri:iso.org:21090}GLIST_CO
OUT>      [java] [Thread-2] INFO  toJava.JavaGeneratorFactory  - excluding code generation for non-included QName:{gme://caCORE.caCORE/3.2/gov.nih.nci.cacoresdk.domain.other.primarykey}LongKey
OUT>      [java] [Thread-2] INFO  toJava.JavaGeneratorFactory  - excluding code generation for non-included QName:{uri:iso.org:21090}NPPD_CO
OUT>      [java] [Thread-2] INFO  toJava.JavaGeneratorFactory  - excluding code generation for non-included QName:{uri:iso.org:21090}LIST_TS.Date.Full
OUT>      [java] [Thread-2] INFO  toJava.JavaGeneratorFactory  - excluding code generation for non-included QName:{uri:iso.org:21090}NPPD_CD
OUT>      [java] [Thread-2] INFO  toJava.JavaGeneratorFactory  - excluding code generation for non-included QName:{gme://caGrid.caBIG/1.0/gov.nih.nci.cagrid.metadata.common}SemanticMetadata
OUT>      [java] [Thread-2] INFO  toJava.JavaGeneratorFactory  - excluding code generation for non-included QName:{uri:iso.org:21090}IVL.Width_TS.DateTime
OUT>      [java] [Thread-2] INFO  toJava.JavaGeneratorFactory  - excluding code generation for non-included QName:{uri:iso.org:21090}HIST_EN.TN
OUT>      [java] [Thread-2] INFO  toJava.JavaGeneratorFactory  - excluding code generation for non-included QName:{http://CQL.caBIG/2/org.cagrid.cql2}PopulationDepth
OUT>      [java] [Thread-2] INFO  toJava.JavaGeneratorFactory  - excluding code generation for non-included QName:{uri:iso.org:21090}UncertaintyType
OUT>      [java] [Thread-2] INFO  toJava.JavaGeneratorFactory  - excluding code generation for non-included QName:{uri:iso.org:21090}LIST_ED.Doc.Inline
OUT>      [java] [Thread-2] INFO  toJava.JavaGeneratorFactory  - excluding code generation for non-included QName:{uri:iso.org:21090}TEL[0,0]
OUT>      [java] [Thread-2] INFO  toJava.JavaGeneratorFactory  - excluding code generation for non-included QName:{uri:iso.org:21090}LIST_AD
OUT>      [java] [Thread-2] INFO  toJava.JavaGeneratorFactory  - excluding code generation for non-included QName:{uri:iso.org:21090}UVP_TEL.Url[0,unbounded]
OUT>      [java] [Thread-2] INFO  toJava.JavaGeneratorFactory  - excluding code generation for non-included QName:{uri:iso.org:21090}UVP_SC.NT[0,unbounded]
OUT>      [java] [Thread-2] INFO  toJava.JavaGeneratorFactory  - excluding code generation for non-included QName:{gme://caCORE.caCORE/3.2/gov.nih.nci.cacoresdk.domain.other.datatype}PqDataType
OUT>      [java] [Thread-2] INFO  toJava.JavaGeneratorFactory  - excluding code generation for non-included QName:{uri:iso.org:21090}SC.NT[0,unbounded]
OUT>      [java] [Thread-2] INFO  toJava.JavaGeneratorFactory  - excluding code generation for non-included QName:{uri:iso.org:21090}IVL.Low_INT.Positive
OUT>      [java] [Thread-2] INFO  toJava.JavaGeneratorFactory  - excluding code generation for non-included QName:{uri:iso.org:21090}EIVL_TS.Date.Full
OUT>      [java] [Thread-2] INFO  toJava.JavaGeneratorFactory  - excluding code generation for non-included QName:{gme://caCORE.caCORE/3.2/gov.nih.nci.cacoresdk.domain.other.levelassociation}Hand
OUT>      [java] [Thread-2] INFO  toJava.JavaGeneratorFactory  - excluding code generation for non-included QName:{gme://caCORE.caCORE/3.2/gov.nih.nci.cacoresdk.domain.other.primarykey}CharacterPrimitiveKey
OUT>      [java] [Thread-2] INFO  toJava.JavaGeneratorFactory  - excluding code generation for non-included QName:{uri:iso.org:21090}TS[0,unbounded]
OUT>      [java] [Thread-2] INFO  toJava.JavaGeneratorFactory  - excluding code generation for non-included QName:{uri:iso.org:21090}>list
OUT>      [java] [Thread-2] INFO  toJava.JavaGeneratorFactory  - excluding code generation for non-included QName:{uri:iso.org:21090}COLL_ED.Signature
OUT>      [java] [Thread-2] INFO  toJava.JavaGeneratorFactory  - excluding code generation for non-included QName:{uri:iso.org:21090}QSP_PQ.Time
OUT>      [java] [Thread-2] INFO  toJava.JavaGeneratorFactory  - excluding code generation for non-included QName:{uri:iso.org:21090}UVP_INT
OUT>      [java] [Thread-2] INFO  toJava.JavaGeneratorFactory  - excluding code generation for non-included QName:{uri:iso.org:21090}RTO[0,0]
OUT>      [java] [Thread-2] INFO  toJava.JavaGeneratorFactory  - excluding code generation for non-included QName:{uri:iso.org:21090}GLIST_RTO
OUT>      [java] [Thread-2] INFO  toJava.JavaGeneratorFactory  - excluding code generation for non-included QName:{gme://caCORE.caCORE/3.2/gov.nih.nci.cacoresdk.domain.inheritance.parentwithassociation}>Professor>assistantCollection
OUT>      [java] [Thread-2] INFO  toJava.JavaGeneratorFactory  - excluding code generation for non-included QName:{uri:iso.org:21090}NPPD_EN
OUT>      [java] [Thread-2] INFO  toJava.JavaGeneratorFactory  - excluding code generation for non-included QName:{uri:iso.org:21090}II[0,unbounded]
OUT>      [java] [Thread-2] INFO  toJava.JavaGeneratorFactory  - excluding code generation for non-included QName:{uri:iso.org:21090}NPPD_ED
OUT>      [java] [Thread-2] INFO  toJava.JavaGeneratorFactory  - excluding code generation for non-included QName:{uri:iso.org:21090}BAG_ED.Text
OUT>      [java] [Thread-2] INFO  toJava.JavaGeneratorFactory  - excluding code generation for non-included QName:{http://CQL.caBIG/2/org.cagrid.cql2}NamedAssociation
OUT>      [java] [Thread-2] INFO  toJava.JavaGeneratorFactory  - excluding code generation for non-included QName:{uri:iso.org:21090}COLL_TEL
OUT>      [java] [Thread-2] INFO  toJava.JavaGeneratorFactory  - excluding code generation for non-included QName:{http://CQL.caBIG/2/org.cagrid.cql2}Aggregation
OUT>      [java] [Thread-2] INFO  toJava.JavaGeneratorFactory  - excluding code generation for non-included QName:{http://CQL.caBIG/2/org.cagrid.cql2.results}TargetAttribute[,unbounded]
OUT>      [java] [Thread-2] INFO  toJava.JavaGeneratorFactory  - excluding code generation for non-included QName:{uri:iso.org:21090}>linkHtml
OUT>      [java] [Thread-2] INFO  toJava.JavaGeneratorFactory  - excluding code generation for non-included QName:{http://schemas.xmlsoap.org/ws/2004/03/addressing}Relationship
OUT>      [java] [Thread-2] INFO  toJava.JavaGeneratorFactory  - excluding code generation for non-included QName:{uri:iso.org:21090}UVP_ST.NT
OUT>      [java] [Thread-2] INFO  toJava.JavaGeneratorFactory  - excluding code generation for non-included QName:{uri:iso.org:21090}LIST_CO
OUT>      [java] [Thread-2] INFO  toJava.JavaGeneratorFactory  - excluding code generation for non-included QName:{http://docs.oasis-open.org/wsrf/2004/06/wsrf-WS-BaseFaults-1.2-draft-01.xsd}BaseFaultType[0,unbounded]
OUT>      [java] [Thread-2] INFO  toJava.JavaGeneratorFactory  - excluding code generation for non-included QName:{uri:iso.org:21090}UVP_PQ.Time
OUT>      [java] [Thread-2] INFO  toJava.JavaGeneratorFactory  - excluding code generation for non-included QName:{uri:iso.org:21090}SLIST_TS.Date.Full
OUT>      [java] [Thread-2] INFO  toJava.JavaGeneratorFactory  - excluding code generation for non-included QName:{uri:iso.org:21090}BAG_ST
OUT>      [java] [Thread-2] INFO  toJava.JavaGeneratorFactory  - excluding code generation for non-included QName:{uri:iso.org:21090}UVP_RTO
OUT>      [java] [Thread-2] INFO  toJava.JavaGeneratorFactory  - excluding code generation for non-included QName:{uri:iso.org:21090}UVP_TEL.Email
OUT>      [java] [Thread-2] INFO  toJava.JavaGeneratorFactory  - excluding code generation for non-included QName:{gme://caCORE.caCORE/3.2/gov.nih.nci.cacoresdk.domain.other.primarykey}StringPrimitiveKey
OUT>      [java] [Thread-2] INFO  toJava.JavaGeneratorFactory  - excluding code generation for non-included QName:{uri:iso.org:21090}GLIST_INT
OUT>      [java] [Thread-2] INFO  toJava.JavaGeneratorFactory  - excluding code generation for non-included QName:{uri:iso.org:21090}LIST_CD
OUT>      [java] [Thread-2] INFO  toJava.JavaGeneratorFactory  - excluding code generation for non-included QName:{uri:iso.org:21090}QSU_INT.NonNeg
OUT>      [java] [Thread-2] INFO  toJava.JavaGeneratorFactory  - excluding code generation for non-included QName:{uri:iso.org:21090}BAG_SC
OUT>      [java] [Thread-2] INFO  toJava.JavaGeneratorFactory  - excluding code generation for non-included QName:{uri:iso.org:21090}UVP_CD.CV[0,unbounded]
OUT>      [java] [Thread-2] INFO  toJava.JavaGeneratorFactory  - excluding code generation for non-included QName:{uri:iso.org:21090}LIST_CS
OUT>      [java] [Thread-2] INFO  toJava.JavaGeneratorFactory  - excluding code generation for non-included QName:{uri:iso.org:21090}UVP_CD.CE[0,unbounded]
OUT>      [java] [Thread-2] INFO  toJava.JavaGeneratorFactory  - excluding code generation for non-included QName:{gme://caCORE.caCORE/3.2/gov.nih.nci.cacoresdk.domain.inheritance.abstrakt}Teacher
OUT>      [java] [Thread-2] INFO  toJava.JavaGeneratorFactory  - excluding code generation for non-included QName:{uri:iso.org:21090}NPPD_CD.CE.None
OUT>      [java] [Thread-2] INFO  toJava.JavaGeneratorFactory  - excluding code generation for non-included QName:{uri:iso.org:21090}LIST_BL
OUT>      [java] [Thread-2] INFO  toJava.JavaGeneratorFactory  - excluding code generation for non-included QName:{uri:iso.org:21090}>>td>valign
OUT>      [java] [Thread-2] INFO  toJava.JavaGeneratorFactory  - excluding code generation for non-included QName:{uri:iso.org:21090}BAG_TS
OUT>      [java] [Thread-2] INFO  toJava.JavaGeneratorFactory  - excluding code generation for non-included QName:{uri:iso.org:21090}DSET_ED.Image
OUT>      [java] [Thread-2] INFO  toJava.JavaGeneratorFactory  - excluding code generation for non-included QName:{uri:iso.org:21090}IVL.Width_PQ
OUT>      [java] [Thread-2] INFO  toJava.JavaGeneratorFactory  - excluding code generation for non-included QName:{uri:iso.org:21090}HIST_EN.PN
OUT>      [java] [Thread-2] INFO  toJava.JavaGeneratorFactory  - excluding code generation for non-included QName:{uri:iso.org:21090}TS.Date.Full[0,unbounded]
OUT>      [java] [Thread-2] INFO  toJava.JavaGeneratorFactory  - excluding code generation for non-included QName:{uri:iso.org:21090}QSS_MO
OUT>      [java] [Thread-2] INFO  toJava.JavaGeneratorFactory  - excluding code generation for non-included QName:{uri:iso.org:21090}CD[0,0]
OUT>      [java] [Thread-2] INFO  toJava.JavaGeneratorFactory  - excluding code generation for non-included QName:{uri:iso.org:21090}DSET_CD.CE.None
OUT>      [java] [Thread-2] INFO  toJava.JavaGeneratorFactory  - excluding code generation for non-included QName:{uri:iso.org:21090}UVP_PQ.Time[0,unbounded]
OUT>      [java] [Thread-2] INFO  toJava.JavaGeneratorFactory  - excluding code generation for non-included QName:{uri:iso.org:21090}>>colgroup>valign
OUT>      [java] [Thread-2] INFO  toJava.JavaGeneratorFactory  - excluding code generation for non-included QName:{uri:iso.org:21090}CD.CE.None
OUT>      [java] [Thread-2] INFO  toJava.JavaGeneratorFactory  - excluding code generation for non-included QName:{http://docs.oasis-open.org/wsn/2004/06/wsn-WS-BaseNotification-1.2-draft-01.xsd}>ResumeSubscription
OUT>      [java] [Thread-2] INFO  toJava.JavaGeneratorFactory  - excluding code generation for non-included QName:{gme://caGrid.caBIG/1.0/gov.nih.nci.cagrid.metadata.security}ServiceSecurityMetadata
OUT>      [java] [Thread-2] INFO  toJava.JavaGeneratorFactory  - excluding code generation for non-included QName:{uri:iso.org:21090}QSD_REAL
OUT>      [java] [Thread-2] INFO  toJava.JavaGeneratorFactory  - excluding code generation for non-included QName:{gme://caGrid.caBIG/1.0/gov.nih.nci.cagrid.metadata.service}>Operation>inputParameterCollection
OUT>      [java] [Thread-2] INFO  toJava.JavaGeneratorFactory  - excluding code generation for non-included QName:{uri:iso.org:21090}LIST_EN
OUT>      [java] [Thread-2] INFO  toJava.JavaGeneratorFactory  - excluding code generation for non-included QName:{uri:iso.org:21090}DSET_TEL.Person
OUT>      [java] [Thread-2] INFO  toJava.JavaGeneratorFactory  - excluding code generation for non-included QName:{uri:iso.org:21090}QSI_TS.Date.Full
OUT>      [java] [Thread-2] INFO  toJava.JavaGeneratorFactory  - excluding code generation for non-included QName:{http://CQL.caBIG/2/org.cagrid.cql2.results}ExtendedCQLResult
OUT>      [java] [Thread-2] INFO  toJava.JavaGeneratorFactory  - excluding code generation for non-included QName:{gme://caCORE.caCORE/3.2/gov.nih.nci.cacoresdk.domain.other.datatype}BlNonNullDataType
OUT>      [java] [Thread-2] INFO  toJava.JavaGeneratorFactory  - excluding code generation for non-included QName:{gme://caCORE.caCORE/3.2/gov.nih.nci.cacoresdk.domain.onetomany.bidirectional.withjoin}Passanger
OUT>      [java] [Thread-2] INFO  toJava.JavaGeneratorFactory  - excluding code generation for non-included QName:{uri:iso.org:21090}QSD_CO
OUT>      [java] [Thread-2] INFO  toJava.JavaGeneratorFactory  - excluding code generation for non-included QName:{uri:iso.org:21090}LIST_ED
OUT>      [java] [Thread-2] INFO  toJava.JavaGeneratorFactory  - excluding code generation for non-included QName:{uri:iso.org:21090}QSD_TS
OUT>      [java] [Thread-2] INFO  toJava.JavaGeneratorFactory  - excluding code generation for non-included QName:{uri:iso.org:21090}QSP_TS.Date.Full
OUT>      [java] [Thread-2] INFO  toJava.JavaGeneratorFactory  - excluding code generation for non-included QName:{uri:iso.org:21090}COLL_TEL.Url
OUT>      [java] [Thread-2] INFO  toJava.JavaGeneratorFactory  - excluding code generation for non-included QName:{uri:iso.org:21090}QSET_RTO
OUT>      [java] [Thread-2] INFO  toJava.JavaGeneratorFactory  - excluding code generation for non-included QName:{gme://caCORE.caCORE/3.2/gov.nih.nci.cacoresdk.domain.onetoone.bidirectional}OrderLine
OUT>      [java] [Thread-2] INFO  toJava.JavaGeneratorFactory  - excluding code generation for non-included QName:{http://schemas.xmlsoap.org/ws/2004/03/addressing}ReplyAfterType
OUT>      [java] [Thread-2] INFO  toJava.JavaGeneratorFactory  - excluding code generation for non-included QName:{uri:iso.org:21090}NPPD_ED.Image
OUT>      [java] [Thread-2] INFO  toJava.JavaGeneratorFactory  - excluding code generation for non-included QName:{uri:iso.org:21090}BAG_TS.Birth
OUT>      [java] [Thread-2] INFO  toJava.JavaGeneratorFactory  - excluding code generation for non-included QName:{uri:iso.org:21090}IVL.Width_INT.Positive
OUT>      [java] [Thread-2] INFO  toJava.JavaGeneratorFactory  - excluding code generation for non-included QName:{uri:iso.org:21090}IVL_INT
OUT>      [java] [Thread-2] INFO  toJava.JavaGeneratorFactory  - excluding code generation for non-included QName:{uri:iso.org:21090}COLL_CD.CE.None
OUT>      [java] [Thread-2] INFO  toJava.JavaGeneratorFactory  - excluding code generation for non-included QName:{uri:iso.org:21090}ST[0,unbounded]
OUT>      [java] [Thread-2] INFO  toJava.JavaGeneratorFactory  - excluding code generation for non-included QName:{uri:iso.org:21090}>tbody
OUT>      [java] [Thread-2] INFO  toJava.JavaGeneratorFactory  - excluding code generation for non-included QName:{uri:iso.org:21090}BAG_TS.DateTime
OUT>      [java] [Thread-2] INFO  toJava.JavaGeneratorFactory  - excluding code generation for non-included QName:{http://docs.oasis-open.org/wsrf/2004/06/wsrf-WS-ResourceProperties-1.2-draft-01.xsd}InvalidQueryExpressionFaultType
OUT>      [java] [Thread-2] INFO  toJava.JavaGeneratorFactory  - excluding code generation for non-included QName:{uri:iso.org:21090}IVL.Low_PQ.Time
OUT>      [java] [Thread-2] INFO  toJava.JavaGeneratorFactory  - excluding code generation for non-included QName:{http://docs.oasis-open.org/wsrf/2004/06/wsrf-WS-BaseFaults-1.2-draft-01.xsd}>BaseFaultType>Description
OUT>      [java] [Thread-2] INFO  toJava.JavaGeneratorFactory  - excluding code generation for non-included QName:{uri:iso.org:21090}IVL.High_RTO
OUT>      [java] [Thread-2] INFO  toJava.JavaGeneratorFactory  - excluding code generation for non-included QName:{uri:iso.org:21090}HIST_ED.Text
OUT>      [java] [Thread-2] INFO  toJava.JavaGeneratorFactory  - excluding code generation for non-included QName:{uri:iso.org:21090}NPPD_II
OUT>      [java] [Thread-2] INFO  toJava.JavaGeneratorFactory  - excluding code generation for non-included QName:{uri:iso.org:21090}NPPD_ED.Narrative
OUT>      [java] [Thread-2] INFO  toJava.JavaGeneratorFactory  - excluding code generation for non-included QName:{gme://caCORE.caCORE/3.2/gov.nih.nci.cacoresdk.domain.inheritance.implicit}FishTank
OUT>      [java] [Thread-2] INFO  toJava.JavaGeneratorFactory  - excluding code generation for non-included QName:{uri:iso.org:21090}set_EntityNamePartQualifier
OUT>      [java] [Thread-2] INFO  toJava.JavaGeneratorFactory  - excluding code generation for non-included QName:{http://docs.oasis-open.org/wsn/2004/06/wsn-WS-BaseNotification-1.2-draft-01.xsd}>Notify
OUT>      [java] [Thread-2] INFO  toJava.JavaGeneratorFactory  - excluding code generation for non-included QName:{uri:iso.org:21090}MO[0,0]
OUT>      [java] [Thread-2] INFO  toJava.JavaGeneratorFactory  - excluding code generation for non-included QName:{gme://caCORE.caCORE/3.2/gov.nih.nci.cacoresdk.domain.onetoone.multipleassociation}Child
OUT>      [java] [Thread-2] INFO  toJava.JavaGeneratorFactory  - excluding code generation for non-included QName:{uri:iso.org:21090}IVL.High_MO
OUT>      [java] [Thread-2] INFO  toJava.JavaGeneratorFactory  - excluding code generation for non-included QName:{uri:iso.org:21090}>renderMultiMedia
OUT>      [java] [Thread-2] INFO  toJava.JavaGeneratorFactory  - excluding code generation for non-included QName:{uri:iso.org:21090}CD.CV[0,unbounded]
OUT>      [java] [Thread-2] INFO  toJava.JavaGeneratorFactory  - excluding code generation for non-included QName:{http://docs.oasis-open.org/wsn/2004/06/wsn-WS-BaseNotification-1.2-draft-01.xsd}>GetCurrentMessage
OUT>      [java] [Thread-2] INFO  toJava.JavaGeneratorFactory  - excluding code generation for non-included QName:{http://docs.oasis-open.org/wsrf/2004/06/wsrf-WS-ResourceProperties-1.2-draft-01.xsd}QueryExpressionType
OUT>      [java] [Thread-2] INFO  toJava.JavaGeneratorFactory  - excluding code generation for non-included QName:{gme://caCORE.caCORE/3.2/gov.nih.nci.cacoresdk.domain.onetomany.bidirectional}HardDrive
OUT>      [java] [Thread-2] INFO  toJava.JavaGeneratorFactory  - excluding code generation for non-included QName:{uri:iso.org:21090}QSET_TS.Date
OUT>      [java] [Thread-2] INFO  toJava.JavaGeneratorFactory  - excluding code generation for non-included QName:{uri:iso.org:21090}COLL_II
OUT>      [java] [Thread-2] INFO  toJava.JavaGeneratorFactory  - excluding code generation for non-included QName:{uri:iso.org:21090}UVP_TS.Date.Full[0,unbounded]
OUT>      [java] [Thread-2] INFO  toJava.JavaGeneratorFactory  - excluding code generation for non-included QName:{http://CQL.caBIG/2/org.cagrid.cql2}CQLExtension[,unbounded]
OUT>      [java] [Thread-2] INFO  toJava.JavaGeneratorFactory  - excluding code generation for non-included QName:{uri:iso.org:21090}TEL.Email[0,unbounded]
OUT>      [java] [Thread-2] INFO  toJava.JavaGeneratorFactory  - excluding code generation for non-included QName:{uri:iso.org:21090}IVL_PQ
OUT>      [java] [Thread-2] INFO  toJava.JavaGeneratorFactory  - excluding code generation for non-included QName:{uri:iso.org:21090}DSET_INT.Positive
OUT>      [java] [Thread-2] INFO  toJava.JavaGeneratorFactory  - excluding code generation for non-included QName:{uri:iso.org:21090}GLIST_PQ.Time
OUT>      [java] [Thread-2] INFO  toJava.JavaGeneratorFactory  - excluding code generation for non-included QName:{uri:iso.org:21090}QSD_TS.Date
OUT>      [java] [Thread-2] INFO  toJava.JavaGeneratorFactory  - excluding code generation for non-included QName:{uri:iso.org:21090}GLIST_TS.Birth
OUT>      [java] [Thread-2] INFO  toJava.JavaGeneratorFactory  - excluding code generation for non-included QName:{http://docs.oasis-open.org/wsrf/2004/06/wsrf-WS-ResourceProperties-1.2-draft-01.xsd}QueryEvaluationErrorFaultType
OUT>      [java] [Thread-2] INFO  toJava.JavaGeneratorFactory  - excluding code generation for non-included QName:{uri:iso.org:21090}UVP_TS.DateTime
OUT>      [java] [Thread-2] INFO  toJava.JavaGeneratorFactory  - excluding code generation for non-included QName:{gme://caCORE.caCORE/3.2/gov.nih.nci.cacoresdk.domain.inheritance.abstrakt}>Teacher>pupilCollection
OUT>      [java] [Thread-2] INFO  toJava.JavaGeneratorFactory  - excluding code generation for non-included QName:{uri:iso.org:21090}LIST_MO
OUT>      [java] [Thread-2] INFO  toJava.JavaGeneratorFactory  - excluding code generation for non-included QName:{uri:iso.org:21090}NPPD_TEL.Phone
OUT>      [java] [Thread-2] INFO  toJava.JavaGeneratorFactory  - excluding code generation for non-included QName:{uri:iso.org:21090}QSD_INT
OUT>      [java] [Thread-2] INFO  toJava.JavaGeneratorFactory  - excluding code generation for non-included QName:{uri:iso.org:21090}ENXP[0,unbounded]
OUT>      [java] [Thread-2] INFO  toJava.JavaGeneratorFactory  - excluding code generation for non-included QName:{uri:iso.org:21090}REAL
OUT>      [java] [Thread-2] INFO  toJava.JavaGeneratorFactory  - excluding code generation for non-included QName:{http://docs.oasis-open.org/wsrf/2004/06/wsrf-WS-ResourceLifetime-1.2-draft-01.xsd}ResourceNotDestroyedFaultType
OUT>      [java] [Thread-2] INFO  toJava.JavaGeneratorFactory  - excluding code generation for non-included QName:{gme://caCORE.caCORE/3.2/gov.nih.nci.cacoresdk.domain.onetoone.multipleassociation}Parent
OUT>      [java] [Thread-2] INFO  toJava.JavaGeneratorFactory  - excluding code generation for non-included QName:{gme://caCORE.caCORE/3.2/gov.nih.nci.cacoresdk.domain.inheritance.onechild.sametable}Note
OUT>      [java] [Thread-2] INFO  toJava.JavaGeneratorFactory  - excluding code generation for non-included QName:{uri:iso.org:21090}QSET_PQ.Time[0,unbounded]
OUT>      [java] [Thread-2] INFO  toJava.JavaGeneratorFactory  - excluding code generation for non-included QName:{gme://caCORE.caCORE/3.2/gov.nih.nci.cacoresdk.domain.manytomany.bidirectional}Project
OUT>      [java] [Thread-2] INFO  toJava.JavaGeneratorFactory  - excluding code generation for non-included QName:{uri:iso.org:21090}GLIST_TS.Date
OUT>      [java] [Thread-2] INFO  toJava.JavaGeneratorFactory  - excluding code generation for non-included QName:{http://gov.nih.nci.cagrid.data/DataServiceExceptions}QueryProcessingExceptionType
OUT>      [java] [Thread-2] INFO  toJava.JavaGeneratorFactory  - excluding code generation for non-included QName:{http://docs.oasis-open.org/wsn/2004/06/wsn-WS-BaseNotification-1.2-draft-01.xsd}>SubscribeResponse
OUT>      [java] [Thread-2] INFO  toJava.JavaGeneratorFactory  - excluding code generation for non-included QName:{uri:iso.org:21090}COLL_ED.Image
OUT>      [java] [Thread-2] INFO  toJava.JavaGeneratorFactory  - excluding code generation for non-included QName:{uri:iso.org:21090}QSET_TS.Date[0,unbounded]
OUT>      [java] [Thread-2] INFO  toJava.JavaGeneratorFactory  - excluding code generation for non-included QName:{uri:iso.org:21090}NPPD_TEL
OUT>      [java] [Thread-2] INFO  toJava.JavaGeneratorFactory  - excluding code generation for non-included QName:{uri:iso.org:21090}IdentifierReliability
OUT>      [java] [Thread-2] INFO  toJava.JavaGeneratorFactory  - excluding code generation for non-included QName:{uri:iso.org:21090}NPPD_EN.ON
OUT>      [java] [Thread-2] INFO  toJava.JavaGeneratorFactory  - excluding code generation for non-included QName:{gme://caGrid.caBIG/1.0/gov.nih.nci.cagrid.metadata}>ServiceMetadata>hostingResearchCenter
OUT>      [java] [Thread-2] INFO  toJava.JavaGeneratorFactory  - excluding code generation for non-included QName:{gme://caCORE.caCORE/3.2/gov.nih.nci.cacoresdk.domain.other.datatype}DsetAdDataType
OUT>      [java] [Thread-2] INFO  toJava.JavaGeneratorFactory  - excluding code generation for non-included QName:{uri:iso.org:21090}QSI_MO
OUT>      [java] [Thread-2] INFO  toJava.JavaGeneratorFactory  - excluding code generation for non-included QName:{uri:iso.org:21090}IVL.Width_TS
OUT>      [java] [Thread-2] INFO  toJava.JavaGeneratorFactory  - excluding code generation for non-included QName:{uri:iso.org:21090}TEL.Person
OUT>      [java] [Thread-2] INFO  toJava.JavaGeneratorFactory  - excluding code generation for non-included QName:{gme://caCORE.caCORE/3.2/gov.nih.nci.cacoresdk.domain.other.datatype}IvlRealDataType
OUT>      [java] [Thread-2] INFO  toJava.JavaGeneratorFactory  - excluding code generation for non-included QName:{uri:iso.org:21090}IVL_TS
OUT>      [java] [Thread-2] INFO  toJava.JavaGeneratorFactory  - excluding code generation for non-included QName:{uri:iso.org:21090}QSP_INT.NonNeg
OUT>      [java] [Thread-2] INFO  toJava.JavaGeneratorFactory  - excluding code generation for non-included QName:{gme://caCORE.caCORE/3.2/gov.nih.nci.cacoresdk.domain.manytoone.unidirectional}Chef
OUT>      [java] [Thread-2] INFO  toJava.JavaGeneratorFactory  - excluding code generation for non-included QName:{uri:iso.org:21090}IVL_TS.DateTime.Full
OUT>      [java] [Thread-2] INFO  toJava.JavaGeneratorFactory  - excluding code generation for non-included QName:{uri:iso.org:21090}UVP_ED.Text
OUT>      [java] [Thread-2] INFO  toJava.JavaGeneratorFactory  - excluding code generation for non-included QName:{gme://caCORE.caCORE/3.2/gov.nih.nci.cacoresdk.domain.other.primarykey}CharacterKey
OUT>      [java] [Thread-2] INFO  toJava.JavaGeneratorFactory  - excluding code generation for non-included QName:{uri:iso.org:21090}NPPD_INT.Positive
OUT>      [java] [Thread-2] INFO  toJava.JavaGeneratorFactory  - excluding code generation for non-included QName:{uri:iso.org:21090}IVL.High_PQ
OUT>      [java] [Thread-2] INFO  toJava.JavaGeneratorFactory  - excluding code generation for non-included QName:{gme://caCORE.caCORE/3.2/gov.nih.nci.cacoresdk.domain.inheritance.twolevelinheritance}CRTMonitor
OUT>      [java] [Thread-2] INFO  toJava.JavaGeneratorFactory  - excluding code generation for non-included QName:{uri:iso.org:21090}ED.Text[0,unbounded]
OUT>      [java] [Thread-2] INFO  toJava.JavaGeneratorFactory  - excluding code generation for non-included QName:{gme://caCORE.caCORE/3.2/gov.nih.nci.cacoresdk.domain.onetoone.bidirectional.withjoin}Chain
OUT>      [java] [Thread-2] INFO  toJava.JavaGeneratorFactory  - excluding code generation for non-included QName:{uri:iso.org:21090}TS.DateTime
OUT>      [java] [Thread-2] INFO  toJava.JavaGeneratorFactory  - excluding code generation for non-included QName:{uri:iso.org:21090}COLL_TEL.Phone
OUT>      [java] [Thread-2] INFO  toJava.JavaGeneratorFactory  - excluding code generation for non-included QName:{uri:iso.org:21090}IVL.High_PQ.Time
OUT>      [java] [Thread-2] INFO  toJava.JavaGeneratorFactory  - excluding code generation for non-included QName:{uri:iso.org:21090}QSS_PQ.Time
OUT>      [java] [Thread-2] INFO  toJava.JavaGeneratorFactory  - excluding code generation for non-included QName:{uri:iso.org:21090}DSET_ED.Narrative
OUT>      [java] [Thread-2] INFO  toJava.JavaGeneratorFactory  - excluding code generation for non-included QName:{uri:iso.org:21090}UVP_TS.Date.Full
OUT>      [java] [Thread-2] INFO  toJava.JavaGeneratorFactory  - excluding code generation for non-included QName:{uri:iso.org:21090}UVP_ED.Doc.Inline[0,unbounded]
OUT>      [java] [Thread-2] INFO  toJava.JavaGeneratorFactory  - excluding code generation for non-included QName:{uri:iso.org:21090}TS
OUT>      [java] [Thread-2] INFO  toJava.JavaGeneratorFactory  - excluding code generation for non-included QName:{uri:iso.org:21090}ED.Signature[0,unbounded]
OUT>      [java] [Thread-2] INFO  toJava.JavaGeneratorFactory  - excluding code generation for non-included QName:{uri:iso.org:21090}CD.CE.None[0,unbounded]
OUT>      [java] [Thread-2] INFO  toJava.JavaGeneratorFactory  - excluding code generation for non-included QName:{uri:iso.org:21090}IVL_RTO
OUT>      [java] [Thread-2] INFO  toJava.JavaGeneratorFactory  - excluding code generation for non-included QName:{uri:iso.org:21090}BL.NonNull[0,unbounded]
OUT>      [java] [Thread-2] INFO  toJava.JavaGeneratorFactory  - excluding code generation for non-included QName:{uri:iso.org:21090}BAG_TEL.Phone
OUT>      [java] [Thread-2] INFO  toJava.JavaGeneratorFactory  - excluding code generation for non-included QName:{uri:iso.org:21090}ST
OUT>      [java] [Thread-2] INFO  toJava.JavaGeneratorFactory  - excluding code generation for non-included QName:{uri:iso.org:21090}ST.NT
OUT>      [java] [Thread-2] INFO  toJava.JavaGeneratorFactory  - excluding code generation for non-included QName:{uri:iso.org:21090}COLL_MO
OUT>      [java] [Thread-2] INFO  toJava.JavaGeneratorFactory  - excluding code generation for non-included QName:{uri:iso.org:21090}UVP_INT.Positive
OUT>      [java] [Thread-2] INFO  toJava.JavaGeneratorFactory  - excluding code generation for non-included QName:{gme://caCORE.caCORE/3.2/gov.nih.nci.cacoresdk.domain.inheritance.twolevelinheritance.sametable}CommunistGovt
OUT>      [java] [Thread-2] INFO  toJava.JavaGeneratorFactory  - excluding code generation for non-included QName:{gme://caCORE.caCORE/3.2/gov.nih.nci.cacoresdk.domain.onetomany.unidirectional.withjoin}Shirt
OUT>      [java] [Thread-2] INFO  toJava.JavaGeneratorFactory  - excluding code generation for non-included QName:{uri:iso.org:21090}EN.TN[0,unbounded]
OUT>      [java] [Thread-2] INFO  toJava.JavaGeneratorFactory  - excluding code generation for non-included QName:{http://docs.oasis-open.org/wsrf/2004/06/wsrf-WS-ResourceProperties-1.2-draft-01.xsd}>ResourcePropertyValueChangeNotificationType>OldValue
OUT>      [java] [Thread-2] INFO  toJava.JavaGeneratorFactory  - excluding code generation for non-included QName:{uri:iso.org:21090}TS.Birth[0,unbounded]
OUT>      [java] [Thread-2] INFO  toJava.JavaGeneratorFactory  - excluding code generation for non-included QName:{uri:iso.org:21090}UVP_ED[0,unbounded]
OUT>      [java] [Thread-2] INFO  toJava.JavaGeneratorFactory  - excluding code generation for non-included QName:{uri:iso.org:21090}SC
OUT>      [java] [Thread-2] INFO  toJava.JavaGeneratorFactory  - excluding code generation for non-included QName:{gme://caCORE.caCORE/3.2/gov.nih.nci.cacoresdk.domain.other.levelassociation}>Deck>suitCollection
OUT>      [java] [Thread-2] INFO  toJava.JavaGeneratorFactory  - excluding code generation for non-included QName:{uri:iso.org:21090}LIST_II
OUT>      [java] [Thread-2] INFO  toJava.JavaGeneratorFactory  - excluding code generation for non-included QName:{uri:iso.org:21090}PQ.Time
OUT>      [java] [Thread-2] INFO  toJava.JavaGeneratorFactory  - excluding code generation for non-included QName:{gme://caCORE.caCORE/3.2/gov.nih.nci.cacoresdk.domain.other.datatype}TelPhoneDataType
OUT>      [java] [Thread-2] INFO  toJava.JavaGeneratorFactory  - excluding code generation for non-included QName:{uri:iso.org:21090}IVL_MO
OUT>      [java] [Thread-2] INFO  toJava.JavaGeneratorFactory  - excluding code generation for non-included QName:{uri:iso.org:21090}BAG_TEL
OUT>      [java] [Thread-2] INFO  toJava.JavaGeneratorFactory  - excluding code generation for non-included QName:{uri:iso.org:21090}HIST_ED.Narrative
OUT>      [java] [Thread-2] INFO  toJava.JavaGeneratorFactory  - excluding code generation for non-included QName:{uri:iso.org:21090}ED.Doc.Inline[0,unbounded]
OUT>      [java] [Thread-2] INFO  toJava.JavaGeneratorFactory  - excluding code generation for non-included QName:{http://CQL.caBIG/2/org.cagrid.cql2.results}CQLResult
OUT>      [java] [Thread-2] INFO  toJava.JavaGeneratorFactory  - excluding code generation for non-included QName:{http://docs.oasis-open.org/wsn/2004/06/wsn-WS-BaseNotification-1.2-draft-01.xsd}>ResumeSubscriptionResponse
OUT>      [java] [Thread-2] INFO  toJava.JavaGeneratorFactory  - excluding code generation for non-included QName:{uri:iso.org:21090}set_CodingRationale
OUT>      [java] [Thread-2] INFO  toJava.JavaGeneratorFactory  - excluding code generation for non-included QName:{gme://caCORE.caCORE/3.2/gov.nih.nci.cacoresdk.domain.inheritance.childwithassociation.sametable}SportsShoes
OUT>      [java] [Thread-2] INFO  toJava.JavaGeneratorFactory  - excluding code generation for non-included QName:{uri:iso.org:21090}>>tr>valign
OUT>      [java] [Thread-2] INFO  toJava.JavaGeneratorFactory  - excluding code generation for non-included QName:{uri:iso.org:21090}IVL.Width_RTO
OUT>      [java] [Thread-2] INFO  toJava.JavaGeneratorFactory  - excluding code generation for non-included QName:{uri:iso.org:21090}SLIST_INT
OUT>      [java] [Thread-2] INFO  toJava.JavaGeneratorFactory  - excluding code generation for non-included QName:{uri:iso.org:21090}IVL.Low_TS
OUT>      [java] [Thread-2] INFO  toJava.JavaGeneratorFactory  - excluding code generation for non-included QName:{uri:iso.org:21090}NPPD_INT.NonNeg
OUT>      [java] [Thread-2] INFO  toJava.JavaGeneratorFactory  - excluding code generation for non-included QName:{uri:iso.org:21090}QSD_RTO
OUT>      [java] [Thread-2] INFO  toJava.JavaGeneratorFactory  - excluding code generation for non-included QName:{uri:iso.org:21090}COLL_REAL
OUT>      [java] [Thread-2] INFO  toJava.JavaGeneratorFactory  - excluding code generation for non-included QName:{uri:iso.org:21090}LIST_TEL.Email
OUT>      [java] [Thread-2] INFO  toJava.JavaGeneratorFactory  - excluding code generation for non-included QName:{uri:iso.org:21090}IVL_REAL
OUT>      [java] [Thread-2] INFO  toJava.JavaGeneratorFactory  - excluding code generation for non-included QName:{uri:iso.org:21090}NPPD_TS
OUT>      [java] [Thread-2] INFO  toJava.JavaGeneratorFactory  - excluding code generation for non-included QName:{uri:iso.org:21090}QSD_TS.DateTime
OUT>      [java] [Thread-2] INFO  toJava.JavaGeneratorFactory  - excluding code generation for non-included QName:{uri:iso.org:21090}IVL.Low_TS.Date
OUT>      [java] [Thread-2] INFO  toJava.JavaGeneratorFactory  - excluding code generation for non-included QName:{gme://caCORE.caCORE/3.2/gov.nih.nci.cacoresdk.domain.onetomany.selfassociation}Element
OUT>      [java] [Thread-2] INFO  toJava.JavaGeneratorFactory  - excluding code generation for non-included QName:{http://CQL.caBIG/2/org.cagrid.cql2.results}CQLObjectResult
OUT>      [java] [Thread-2] INFO  toJava.JavaGeneratorFactory  - excluding code generation for non-included QName:{uri:iso.org:21090}BAG_TEL.Email
OUT>      [java] [Thread-2] INFO  toJava.JavaGeneratorFactory  - excluding code generation for non-included QName:{uri:iso.org:21090}UVP_CD.CE
OUT>      [java] [Thread-2] INFO  toJava.JavaGeneratorFactory  - excluding code generation for non-included QName:{gme://caCORE.caCORE/3.2/gov.nih.nci.cacoresdk.domain.other.datatype}EdDataType
OUT>      [java] [Thread-2] INFO  toJava.JavaGeneratorFactory  - excluding code generation for non-included QName:{uri:iso.org:21090}>item
OUT>      [java] [Thread-2] INFO  toJava.JavaGeneratorFactory  - excluding code generation for non-included QName:{http://docs.oasis-open.org/wsrf/2004/06/wsrf-WS-ResourceLifetime-1.2-draft-01.xsd}UnableToSetTerminationTimeFaultType
OUT>      [java] [Thread-2] INFO  toJava.JavaGeneratorFactory  - excluding code generation for non-included QName:{uri:iso.org:21090}ED.Doc.Ref[0,unbounded]
OUT>      [java] [Thread-2] INFO  toJava.JavaGeneratorFactory  - excluding code generation for non-included QName:{uri:iso.org:21090}QSP_INT.Positive
OUT>      [java] [Thread-2] INFO  toJava.JavaGeneratorFactory  - excluding code generation for non-included QName:{gme://caGrid.caBIG/1.0/gov.nih.nci.cagrid.metadata.security}GSISecureConversation
OUT>      [java] [Thread-2] INFO  toJava.JavaGeneratorFactory  - excluding code generation for non-included QName:{gme://caCORE.caCORE/3.2/gov.nih.nci.cacoresdk.domain.inheritance.childwithassociation.sametable}Designer
OUT>      [java] [Thread-2] INFO  toJava.JavaGeneratorFactory  - excluding code generation for non-included QName:{uri:iso.org:21090}NPPD_ST
OUT>      [java] [Thread-2] INFO  toJava.JavaGeneratorFactory  - excluding code generation for non-included QName:{uri:iso.org:21090}UVP_CD.CV
OUT>      [java] [Thread-2] INFO  toJava.JavaGeneratorFactory  - excluding code generation for non-included QName:{uri:iso.org:21090}QSP_CO
OUT>      [java] [Thread-2] INFO  toJava.JavaGeneratorFactory  - excluding code generation for non-included QName:{gme://caCORE.caCORE/3.2/gov.nih.nci.cacoresdk.domain.onetomany.unidirectional.withjoin}Button
OUT>      [java] [Thread-2] INFO  toJava.JavaGeneratorFactory  - excluding code generation for non-included QName:{gme://caCORE.caCORE/3.2/gov.nih.nci.cacoresdk.domain.other.datatype}TelEmailDataType
OUT>      [java] [Thread-2] INFO  toJava.JavaGeneratorFactory  - excluding code generation for non-included QName:{gme://caGrid.caBIG/1.0/gov.nih.nci.cagrid.metadata.service}>Service>serviceContextCollection
OUT>      [java] [Thread-2] INFO  toJava.JavaGeneratorFactory  - excluding code generation for non-included QName:{uri:iso.org:21090}EN.PN[0,unbounded]
OUT>      [java] [Thread-2] INFO  toJava.JavaGeneratorFactory  - excluding code generation for non-included QName:{uri:iso.org:21090}UVP_CO[0,unbounded]
OUT>      [java] [Thread-2] INFO  toJava.JavaGeneratorFactory  - excluding code generation for non-included QName:{gme://caCORE.caCORE/3.2/gov.nih.nci.cacoresdk.domain.inheritance.parentwithassociation}AssistantProfessor
OUT>      [java] [Thread-2] INFO  toJava.JavaGeneratorFactory  - excluding code generation for non-included QName:{uri:iso.org:21090}LIST_ED.Narrative
OUT>      [java] [Thread-2] INFO  toJava.JavaGeneratorFactory  - excluding code generation for non-included QName:{http://schemas.xmlsoap.org/ws/2004/03/addressing}FaultSubcodeValues
OUT>      [java] [Thread-2] INFO  toJava.JavaGeneratorFactory  - excluding code generation for non-included QName:{uri:iso.org:21090}IVL.High_TS
OUT>      [java] [Thread-2] INFO  toJava.JavaGeneratorFactory  - excluding code generation for non-included QName:{uri:iso.org:21090}QSET_PQ[0,unbounded]
OUT>      [java] [Thread-2] INFO  toJava.JavaGeneratorFactory  - excluding code generation for non-included QName:{uri:iso.org:21090}EntityNamePartType
OUT>      [java] [Thread-2] INFO  toJava.JavaGeneratorFactory  - excluding code generation for non-included QName:{uri:iso.org:21090}PQ
OUT>      [java] [Thread-2] INFO  toJava.JavaGeneratorFactory  - excluding code generation for non-included QName:{uri:iso.org:21090}QSI_PQ
OUT>      [java] [Thread-2] INFO  toJava.JavaGeneratorFactory  - excluding code generation for non-included QName:{uri:iso.org:21090}QSP_TS.Birth
OUT>      [java] [Thread-2] INFO  toJava.JavaGeneratorFactory  - excluding code generation for non-included QName:{uri:iso.org:21090}>>table>rules
OUT>      [java] [Thread-2] INFO  toJava.JavaGeneratorFactory  - excluding code generation for non-included QName:{gme://caCORE.caCORE/3.2/gov.nih.nci.cacoresdk.domain.onetoone.multipleassociation.withjoin}InLaw
OUT>      [java] [Thread-2] INFO  toJava.JavaGeneratorFactory  - excluding code generation for non-included QName:{gme://caCORE.caCORE/3.2/gov.nih.nci.cacoresdk.domain.inheritance.twolevelinheritance.sametable}DemocraticGovt
OUT>      [java] [Thread-2] INFO  toJava.JavaGeneratorFactory  - excluding code generation for non-included QName:{uri:iso.org:21090}>>col>align
OUT>      [java] [Thread-2] INFO  toJava.JavaGeneratorFactory  - excluding code generation for non-included QName:{uri:iso.org:21090}COLL_AD
OUT>      [java] [Thread-2] INFO  toJava.JavaGeneratorFactory  - excluding code generation for non-included QName:{uri:iso.org:21090}ED.Image
OUT>      [java] [Thread-2] INFO  toJava.JavaGeneratorFactory  - excluding code generation for non-included QName:{gme://caCORE.caCORE/3.2/gov.nih.nci.cacoresdk.domain.other.levelassociation}Card
OUT>      [java] [Thread-2] INFO  toJava.JavaGeneratorFactory  - excluding code generation for non-included QName:{gme://caCORE.caCORE/3.2/gov.nih.nci.cacoresdk.domain.inheritance.twolevelinheritance.sametablerootlevel}FinancialCalculator
OUT>      [java] [Thread-2] INFO  toJava.JavaGeneratorFactory  - excluding code generation for non-included QName:{uri:iso.org:21090}QSD_PQ.Time
OUT>      [java] [Thread-2] INFO  toJava.JavaGeneratorFactory  - excluding code generation for non-included QName:{uri:iso.org:21090}HIST_TS.Date.Full
OUT>      [java] [Thread-2] INFO  toJava.JavaGeneratorFactory  - excluding code generation for non-included QName:{uri:iso.org:21090}UVP_ED.Text[0,unbounded]
OUT>      [java] [Thread-2] INFO  toJava.JavaGeneratorFactory  - excluding code generation for non-included QName:{uri:iso.org:21090}QTY
OUT>      [java] [Thread-2] INFO  toJava.JavaGeneratorFactory  - excluding code generation for non-included QName:{http://CQL.caBIG/2/org.cagrid.cql2}DistinctAttribute
OUT>      [java] [Thread-2] INFO  toJava.JavaGeneratorFactory  - excluding code generation for non-included QName:{gme://caCORE.caCORE/3.2/gov.nih.nci.cacoresdk.domain.other.differentpackage.associations}IceCream
OUT>      [java] [Thread-2] INFO  toJava.JavaGeneratorFactory  - excluding code generation for non-included QName:{uri:iso.org:21090}UVP_TS.DateTime.Full
OUT>      [java] [Thread-2] INFO  toJava.JavaGeneratorFactory  - excluding code generation for non-included QName:{uri:iso.org:21090}REAL[0,unbounded]
OUT>      [java] [Thread-2] INFO  toJava.JavaGeneratorFactory  - excluding code generation for non-included QName:{uri:iso.org:21090}LIST_TS
OUT>      [java] [Thread-2] INFO  toJava.JavaGeneratorFactory  - excluding code generation for non-included QName:{gme://caCORE.caCORE/3.2/gov.nih.nci.cacoresdk.domain.onetomany.bidirectional.withjoin}Flight
OUT>      [java] [Thread-2] INFO  toJava.JavaGeneratorFactory  - excluding code generation for non-included QName:{uri:iso.org:21090}SLIST_INT.NonNeg
OUT>      [java] [Thread-2] INFO  toJava.JavaGeneratorFactory  - excluding code generation for non-included QName:{uri:iso.org:21090}SLIST_TS
OUT>      [java] [Thread-2] INFO  toJava.JavaGeneratorFactory  - excluding code generation for non-included QName:{uri:iso.org:21090}HIST_PQ.Time
OUT>      [java] [Thread-2] INFO  toJava.JavaGeneratorFactory  - excluding code generation for non-included QName:{uri:iso.org:21090}LIST_ST.NT
OUT>      [java] [Thread-2] INFO  toJava.JavaGeneratorFactory  - excluding code generation for non-included QName:{uri:iso.org:21090}BAG_CD.CE.None
OUT>      [java] [Thread-2] INFO  toJava.JavaGeneratorFactory  - excluding code generation for non-included QName:{uri:iso.org:21090}LIST_EN.TN
OUT>      [java] [Thread-2] INFO  toJava.JavaGeneratorFactory  - excluding code generation for non-included QName:{uri:iso.org:21090}SLIST_RTO
OUT>      [java] [Thread-2] INFO  toJava.JavaGeneratorFactory  - excluding code generation for non-included QName:{uri:iso.org:21090}BAG_ST.NT
OUT>      [java] [Thread-2] INFO  toJava.JavaGeneratorFactory  - excluding code generation for non-included QName:{gme://caCORE.caCORE/3.2/gov.nih.nci.cacoresdk.domain.other.differentpackage}>Dessert>utensilCollection
OUT>      [java] [Thread-2] INFO  toJava.JavaGeneratorFactory  - excluding code generation for non-included QName:{uri:iso.org:21090}UVP_ED.Doc.Ref
OUT>      [java] [Thread-2] INFO  toJava.JavaGeneratorFactory  - excluding code generation for non-included QName:{http://docs.oasis-open.org/wsn/2004/06/wsn-WS-BaseNotification-1.2-draft-01.xsd}NoCurrentMessageOnTopicFaultType
OUT>      [java] [Thread-2] INFO  toJava.JavaGeneratorFactory  - excluding code generation for non-included QName:{uri:iso.org:21090}UVP_ED.Image
OUT>      [java] [Thread-2] INFO  toJava.JavaGeneratorFactory  - excluding code generation for non-included QName:{uri:iso.org:21090}LIST_TEL.Person
OUT>      [java] [Thread-2] INFO  toJava.JavaGeneratorFactory  - excluding code generation for non-included QName:{uri:iso.org:21090}COLL_BL
OUT>      [java] [Thread-2] INFO  toJava.JavaGeneratorFactory  - excluding code generation for non-included QName:{uri:iso.org:21090}BAG_ED.Doc.Ref
OUT>      [java] [Thread-2] INFO  toJava.JavaGeneratorFactory  - excluding code generation for non-included QName:{uri:iso.org:21090}IVL_TS.Date
OUT>      [java] [Thread-2] INFO  toJava.JavaGeneratorFactory  - excluding code generation for non-included QName:{uri:iso.org:21090}UVP_CD.CE.None
OUT>      [java] [Thread-2] INFO  toJava.JavaGeneratorFactory  - excluding code generation for non-included QName:{http://CQL.caBIG/2/org.cagrid.cql2}CQLQueryModifier
OUT>      [java] [Thread-2] INFO  toJava.JavaGeneratorFactory  - excluding code generation for non-included QName:{uri:iso.org:21090}>caption
OUT>      [java] [Thread-2] INFO  toJava.JavaGeneratorFactory  - excluding code generation for non-included QName:{uri:iso.org:21090}QSS_INT
OUT>      [java] [Thread-2] INFO  toJava.JavaGeneratorFactory  - excluding code generation for non-included QName:{http://docs.oasis-open.org/wsrf/2004/06/wsrf-WS-ResourceLifetime-1.2-draft-01.xsd}>DestroyResponse
OUT>      [java] [Thread-2] INFO  toJava.JavaGeneratorFactory  - excluding code generation for non-included QName:{gme://caCORE.caCORE/3.2/gov.nih.nci.cacoresdk.domain.inheritance.multiplechild.sametable}GovtOrganization
OUT>      [java] [Thread-2] INFO  toJava.JavaGeneratorFactory  - excluding code generation for non-included QName:{uri:iso.org:21090}TS.Birth[0,0]
OUT>      [java] [Thread-2] INFO  toJava.JavaGeneratorFactory  - excluding code generation for non-included QName:{uri:iso.org:21090}ED.Doc
OUT>      [java] [Thread-2] INFO  toJava.JavaGeneratorFactory  - excluding code generation for non-included QName:{http://org.cagrid.dataservice.cql/QueryLanguageSupport}>QueryLanguageSupport>CQL2Support
OUT>      [java] [Thread-2] INFO  toJava.JavaGeneratorFactory  - excluding code generation for non-included QName:{uri:iso.org:21090}IVL.Low_MO
OUT>      [java] [Thread-2] INFO  toJava.JavaGeneratorFactory  - excluding code generation for non-included QName:{uri:iso.org:21090}NPPD_EN.TN
OUT>      [java] [Thread-2] INFO  toJava.JavaGeneratorFactory  - excluding code generation for non-included QName:{gme://caCORE.caCORE/3.2/gov.nih.nci.cacoresdk.domain.other.datatype}IvlIntDataType
OUT>      [java] [Thread-2] INFO  toJava.JavaGeneratorFactory  - excluding code generation for non-included QName:{http://docs.oasis-open.org/wsrf/2004/06/wsrf-WS-ResourceProperties-1.2-draft-01.xsd}InvalidResourcePropertyQNameFaultType
OUT>      [java] [Thread-2] INFO  toJava.JavaGeneratorFactory  - excluding code generation for non-included QName:{uri:iso.org:21090}LIST_SC
OUT>      [java] [Thread-2] INFO  toJava.JavaGeneratorFactory  - excluding code generation for non-included QName:{uri:iso.org:21090}LIST_ED.Image
OUT>      [java] [Thread-2] INFO  toJava.JavaGeneratorFactory  - excluding code generation for non-included QName:{uri:iso.org:21090}INT.Positive[0,0]
OUT>      [java] [Thread-2] INFO  toJava.JavaGeneratorFactory  - excluding code generation for non-included QName:{gme://caCORE.caCORE/3.2/gov.nih.nci.cacoresdk.domain.other.datatype}EnDataType
OUT>      [java] [Thread-2] INFO  toJava.JavaGeneratorFactory  - excluding code generation for non-included QName:{http://gov.nih.nci.cagrid.data/DataServiceExceptions}MalformedQueryExceptionType
OUT>      [java] [Thread-2] INFO  toJava.JavaGeneratorFactory  - excluding code generation for non-included QName:{uri:iso.org:21090}UVP_PQ[0,unbounded]
OUT>      [java] [Thread-2] INFO  toJava.JavaGeneratorFactory  - excluding code generation for non-included QName:{uri:iso.org:21090}IVL.High_INT.Positive
OUT>      [java] [Thread-2] INFO  toJava.JavaGeneratorFactory  - excluding code generation for non-included QName:{uri:iso.org:21090}COLL_TS.DateTime.Full
OUT>      [java] [Thread-2] INFO  toJava.JavaGeneratorFactory  - excluding code generation for non-included QName:{gme://caGrid.caBIG/1.0/gov.nih.nci.cagrid.metadata.service}InputParameter
OUT>      [java] [Thread-2] INFO  toJava.JavaGeneratorFactory  - excluding code generation for non-included QName:{gme://caCORE.caCORE/3.2/gov.nih.nci.cacoresdk.domain.inheritance.onechild.sametable}Currency
OUT>      [java] [Thread-2] INFO  toJava.JavaGeneratorFactory  - excluding code generation for non-included QName:{uri:iso.org:21090}UVP_BL[0,unbounded]
OUT>      [java] [Thread-2] INFO  toJava.JavaGeneratorFactory  - excluding code generation for non-included QName:{gme://caCORE.caCORE/3.2/gov.nih.nci.cacoresdk.domain.other.datatype}TelDataType
OUT>      [java] [Thread-2] INFO  toJava.JavaGeneratorFactory  - excluding code generation for non-included QName:{uri:iso.org:21090}IVL.Low_PQ
OUT>      [java] [Thread-2] INFO  toJava.JavaGeneratorFactory  - excluding code generation for non-included QName:{gme://caCORE.caCORE/3.2/gov.nih.nci.cacoresdk.domain.inheritance.implicit}FreshwaterFishTank
OUT>      [java] [Thread-2] INFO  toJava.JavaGeneratorFactory  - excluding code generation for non-included QName:{uri:iso.org:21090}LIST_EN.PN
OUT>      [java] [Thread-2] INFO  toJava.JavaGeneratorFactory  - excluding code generation for non-included QName:{uri:iso.org:21090}NPPD_ED.Doc
OUT>      [java] [Thread-2] INFO  toJava.JavaGeneratorFactory  - excluding code generation for non-included QName:{uri:iso.org:21090}QSI_TS
OUT>      [java] [Thread-2] INFO  toJava.JavaGeneratorFactory  - excluding code generation for non-included QName:{uri:iso.org:21090}BAG_TS.Date.Full
OUT>      [java] [Thread-2] INFO  toJava.JavaGeneratorFactory  - excluding code generation for non-included QName:{gme://caCORE.caCORE/3.2/gov.nih.nci.cacoresdk.domain.other.primarykey}IntegerKey
OUT>      [java] [Thread-2] INFO  toJava.JavaGeneratorFactory  - excluding code generation for non-included QName:{gme://caGrid.caBIG/1.0/gov.nih.nci.cagrid.metadata}>ServiceMetadata>serviceDescription
OUT>      [java] [Thread-2] INFO  toJava.JavaGeneratorFactory  - excluding code generation for non-included QName:{uri:iso.org:21090}LIST_ST
OUT>      [java] [Thread-2] INFO  toJava.JavaGeneratorFactory  - excluding code generation for non-included QName:{uri:iso.org:21090}LIST_REAL
OUT>      [java] [Thread-2] INFO  toJava.JavaGeneratorFactory  - excluding code generation for non-included QName:{uri:iso.org:21090}HIST_ED.Image
OUT>      [java] [Thread-2] INFO  toJava.JavaGeneratorFactory  - excluding code generation for non-included QName:{uri:iso.org:21090}HIST_TEL
OUT>      [java] [Thread-2] INFO  toJava.JavaGeneratorFactory  - excluding code generation for non-included QName:{gme://caCORE.caCORE/3.2/gov.nih.nci.cacoresdk.domain.onetomany.selfassociation}>Element>childCollection
OUT>      [java] [Thread-2] INFO  toJava.JavaGeneratorFactory  - excluding code generation for non-included QName:{uri:iso.org:21090}TEL.Phone[0,unbounded]
OUT>      [java] [Thread-2] INFO  toJava.JavaGeneratorFactory  - excluding code generation for non-included QName:{uri:iso.org:21090}LIST_RTO
OUT>      [java] [Thread-2] INFO  toJava.JavaGeneratorFactory  - excluding code generation for non-included QName:{uri:iso.org:21090}QSET_TS[0,unbounded]
OUT>      [java] [Thread-2] INFO  toJava.JavaGeneratorFactory  - excluding code generation for non-included QName:{uri:iso.org:21090}LIST_TS.DateTime
OUT>      [java] [Thread-2] INFO  toJava.JavaGeneratorFactory  - excluding code generation for non-included QName:{http://docs.oasis-open.org/wsrf/2004/06/wsrf-WS-ResourceLifetime-1.2-draft-01.xsd}ResourceUnknownFaultType
OUT>      [java] [Thread-2] INFO  toJava.JavaGeneratorFactory  - excluding code generation for non-included QName:{uri:iso.org:21090}EntityNameUse
OUT>      [java] [Thread-2] INFO  toJava.JavaGeneratorFactory  - excluding code generation for non-included QName:{gme://caCORE.caCORE/3.2/gov.nih.nci.cacoresdk.domain.other.validationtype}AllValidationType
OUT>      [java] [Thread-2] INFO  toJava.JavaGeneratorFactory  - excluding code generation for non-included QName:{http://CQL.caBIG/2/org.cagrid.cql2.results}CQLAggregateResult
OUT>      [java] [Thread-2] INFO  toJava.JavaGeneratorFactory  - excluding code generation for non-included QName:{uri:iso.org:21090}COLL_EN
OUT>      [java] [Thread-2] INFO  toJava.JavaGeneratorFactory  - excluding code generation for non-included QName:{uri:iso.org:21090}HIST_CD.CE
OUT>      [java] [Thread-2] INFO  toJava.JavaGeneratorFactory  - excluding code generation for non-included QName:{uri:iso.org:21090}COLL_ED
OUT>      [java] [Thread-2] INFO  toJava.JavaGeneratorFactory  - excluding code generation for non-included QName:{uri:iso.org:21090}LIST_EN.ON
OUT>      [java] [Thread-2] INFO  toJava.JavaGeneratorFactory  - excluding code generation for non-included QName:{uri:iso.org:21090}QSP_RTO
OUT>      [java] [Thread-2] INFO  toJava.JavaGeneratorFactory  - excluding code generation for non-included QName:{uri:iso.org:21090}TelecommunicationAddressUse
OUT>      [java] [Thread-2] INFO  toJava.JavaGeneratorFactory  - excluding code generation for non-included QName:{gme://caCORE.caCORE/3.2/gov.nih.nci.cacoresdk.domain.inheritance.implicit}Tank
OUT>      [java] [Thread-2] INFO  toJava.JavaGeneratorFactory  - excluding code generation for non-included QName:{gme://caCORE.caCORE/3.2/gov.nih.nci.cacoresdk.domain.other.datatype}IvlTsDataType
OUT>      [java] [Thread-2] INFO  toJava.JavaGeneratorFactory  - excluding code generation for non-included QName:{http://org.cagrid.dataservice.cql/QueryLanguageSupport}QueryLanguageSupport
OUT>      [java] [Thread-2] INFO  toJava.JavaGeneratorFactory  - excluding code generation for non-included QName:{uri:iso.org:21090}HIST_ED.Doc
OUT>      [java] [Thread-2] INFO  toJava.JavaGeneratorFactory  - excluding code generation for non-included QName:{uri:iso.org:21090}LIST_INT.NonNeg
OUT>      [java] [Thread-2] INFO  toJava.JavaGeneratorFactory  - excluding code generation for non-included QName:{uri:iso.org:21090}UVP_REAL[0,unbounded]
OUT>      [java] [Thread-2] INFO  toJava.JavaGeneratorFactory  - excluding code generation for non-included QName:{uri:iso.org:21090}LIST_PQ
OUT>      [java] [Thread-2] INFO  toJava.JavaGeneratorFactory  - excluding code generation for non-included QName:{gme://caGrid.caBIG/1.0/gov.nih.nci.cagrid.metadata.common}>ValueDomain>enumerationCollection
OUT>      [java] [Thread-2] INFO  toJava.JavaGeneratorFactory  - excluding code generation for non-included QName:{uri:iso.org:21090}PostalAddressUse
OUT>      [java] [Thread-2] INFO  toJava.JavaGeneratorFactory  - excluding code generation for non-included QName:{gme://caCORE.caCORE/3.2/gov.nih.nci.cacoresdk.domain.inheritance.parentwithassociation.sametable}Luggage
OUT>      [java] [Thread-2] INFO  toJava.JavaGeneratorFactory  - excluding code generation for non-included QName:{gme://caGrid.caBIG/1.0/gov.nih.nci.cagrid.metadata.common}ResearchCenterDescription
OUT>      [java] [Thread-2] INFO  toJava.JavaGeneratorFactory  - excluding code generation for non-included QName:{uri:iso.org:21090}ANY
OUT>      [java] [Thread-2] INFO  toJava.JavaGeneratorFactory  - excluding code generation for non-included QName:{http://docs.oasis-open.org/wsrf/2004/06/wsrf-WS-ResourceProperties-1.2-draft-01.xsd}ResourcePropertyValueChangeNotificationType
OUT>      [java] [Thread-2] INFO  toJava.JavaGeneratorFactory  - excluding code generation for non-included QName:{uri:iso.org:21090}ADXP
OUT>      [java] [Thread-2] INFO  toJava.JavaGeneratorFactory  - excluding code generation for non-included QName:{gme://caCORE.caCORE/3.2/gov.nih.nci.cacoresdk.domain.other.datatype}BlDataType
OUT>      [java] [Thread-2] INFO  toJava.JavaGeneratorFactory  - excluding code generation for non-included QName:{gme://caCORE.caCORE/3.2/gov.nih.nci.cacoresdk.domain.other.datatype}TsDataType
OUT>      [java] [Thread-2] INFO  toJava.JavaGeneratorFactory  - excluding code generation for non-included QName:{uri:iso.org:21090}PIVL_TS.DateTime.Full
OUT>      [java] [Thread-2] INFO  toJava.JavaGeneratorFactory  - excluding code generation for non-included QName:{uri:iso.org:21090}QSET_CO
OUT>      [java] [Thread-2] INFO  toJava.JavaGeneratorFactory  - excluding code generation for non-included QName:{uri:iso.org:21090}IVL.High_INT.NonNeg
OUT>      [java] [Thread-2] INFO  toJava.JavaGeneratorFactory  - excluding code generation for non-included QName:{uri:iso.org:21090}TEL.Email
OUT>      [java] [Thread-2] INFO  toJava.JavaGeneratorFactory  - excluding code generation for non-included QName:{uri:iso.org:21090}QSS_INT.Positive
OUT>      [java] [Thread-2] INFO  toJava.JavaGeneratorFactory  - excluding code generation for non-included QName:{uri:iso.org:21090}NPPD_EN.PN
OUT>      [java] [Thread-2] INFO  toJava.JavaGeneratorFactory  - excluding code generation for non-included QName:{gme://caCORE.caCORE/3.2/gov.nih.nci.cacoresdk.domain.inheritance.parentwithassociation.sametable}Wheel
OUT>      [java] [Thread-2] INFO  toJava.JavaGeneratorFactory  - excluding code generation for non-included QName:{http://docs.oasis-open.org/wsn/2004/06/wsn-WS-BaseNotification-1.2-draft-01.xsd}TopicExpressionType
OUT>      [java] [Thread-2] INFO  toJava.JavaGeneratorFactory  - excluding code generation for non-included QName:{uri:iso.org:21090}BAG_TS.DateTime.Full
OUT>      [java] [Thread-2] INFO  toJava.JavaGeneratorFactory  - excluding code generation for non-included QName:{uri:iso.org:21090}ED.Doc.Inline
OUT>      [java] [Thread-2] INFO  toJava.JavaGeneratorFactory  - excluding code generation for non-included QName:{uri:iso.org:21090}COLL_CO
OUT>      [java] [Thread-2] INFO  toJava.JavaGeneratorFactory  - excluding code generation for non-included QName:{http://CQL.caBIG/2/org.cagrid.cql2}CQLGroup
OUT>      [java] [Thread-2] INFO  toJava.JavaGeneratorFactory  - excluding code generation for non-included QName:{gme://caGrid.caBIG/1.0/gov.nih.nci.cagrid.metadata.security}CommunicationMechanism
OUT>      [java] [Thread-2] INFO  toJava.JavaGeneratorFactory  - excluding code generation for non-included QName:{uri:iso.org:21090}TEL[0,unbounded]
OUT>      [java] [Thread-2] INFO  toJava.JavaGeneratorFactory  - excluding code generation for non-included QName:{uri:iso.org:21090}COLL_CD
OUT>      [java] [Thread-2] INFO  toJava.JavaGeneratorFactory  - excluding code generation for non-included QName:{http://schemas.xmlsoap.org/ws/2004/03/addressing}RelationshipTypeValues
OUT>      [java] [Thread-2] INFO  toJava.JavaGeneratorFactory  - excluding code generation for non-included QName:{uri:iso.org:21090}EntityNamePartQualifier
OUT>      [java] [Thread-2] INFO  toJava.JavaGeneratorFactory  - excluding code generation for non-included QName:{uri:iso.org:21090}LIST_ED.Doc
OUT>      [java] [Thread-2] INFO  toJava.JavaGeneratorFactory  - excluding code generation for non-included QName:{gme://caCORE.caCORE/3.2/gov.nih.nci.cacoresdk.domain.inheritance.childwithassociation}Bank
OUT>      [java] [Thread-2] INFO  toJava.JavaGeneratorFactory  - excluding code generation for non-included QName:{http://docs.oasis-open.org/wsn/2004/06/wsn-WS-BaseNotification-1.2-draft-01.xsd}>GetCurrentMessageResponse
OUT>      [java] [Thread-2] INFO  toJava.JavaGeneratorFactory  - excluding code generation for non-included QName:{uri:iso.org:21090}QSET_TS.DateTime.Full
OUT>      [java] [Thread-2] INFO  toJava.JavaGeneratorFactory  - excluding code generation for non-included QName:{uri:iso.org:21090}DSET_TEL
OUT>      [java] [Thread-2] INFO  toJava.JavaGeneratorFactory  - excluding code generation for non-included QName:{uri:iso.org:21090}ED[0,0]
OUT>      [java] [Thread-2] INFO  toJava.JavaGeneratorFactory  - excluding code generation for non-included QName:{uri:iso.org:21090}IVL.Low_TS.Birth
OUT>      [java] [Thread-2] INFO  toJava.JavaGeneratorFactory  - excluding code generation for non-included QName:{gme://caCORE.caCORE/3.2/gov.nih.nci.cacoresdk.domain.inheritance.twolevelinheritance.sametable}Goverment
OUT>      [java] [Thread-2] INFO  toJava.JavaGeneratorFactory  - excluding code generation for non-included QName:{gme://caCORE.caCORE/3.2/gov.nih.nci.cacoresdk.domain.other.datatype}IntDataType
OUT>      [java] [Thread-2] INFO  toJava.JavaGeneratorFactory  - excluding code generation for non-included QName:{uri:iso.org:21090}QSET_INT[0,unbounded]
OUT>      [java] [Thread-2] INFO  toJava.JavaGeneratorFactory  - excluding code generation for non-included QName:{uri:iso.org:21090}DSET_ED.Doc.Inline
OUT>      [java] [Thread-2] INFO  toJava.JavaGeneratorFactory  - excluding code generation for non-included QName:{uri:iso.org:21090}UVP_EN.PN[0,unbounded]
OUT>      [java] [Thread-2] INFO  toJava.JavaGeneratorFactory  - excluding code generation for non-included QName:{uri:iso.org:21090}IVL.High_TS.Birth
OUT>      [java] [Thread-2] INFO  toJava.JavaGeneratorFactory  - excluding code generation for non-included QName:{http://CQL.caBIG/2/org.cagrid.cql2}CQLAttribute[,unbounded]
OUT>      [java] [Thread-2] INFO  toJava.JavaGeneratorFactory  - excluding code generation for non-included QName:{uri:iso.org:21090}IVL_TS.Birth
OUT>      [java] [Thread-2] INFO  toJava.JavaGeneratorFactory  - excluding code generation for non-included QName:{uri:iso.org:21090}HIST_CD.CV
OUT>      [java] [Thread-2] INFO  toJava.JavaGeneratorFactory  - excluding code generation for non-included QName:{uri:iso.org:21090}>br
OUT>      [java] [Thread-2] INFO  toJava.JavaGeneratorFactory  - excluding code generation for non-included QName:{uri:iso.org:21090}LIST_TS.Birth
OUT>      [java] [Thread-2] INFO  toJava.JavaGeneratorFactory  - excluding code generation for non-included QName:{http://CQL.caBIG/2/org.cagrid.cql2}CQLObject
OUT>      [java] [Thread-2] INFO  toJava.JavaGeneratorFactory  - excluding code generation for non-included QName:{uri:iso.org:21090}UVP_BL.NonNull[0,unbounded]
OUT>      [java] [Thread-2] INFO  toJava.JavaGeneratorFactory  - excluding code generation for non-included QName:{uri:iso.org:21090}SLIST_TS.DateTime.Full
OUT>      [java] [Thread-2] INFO  toJava.JavaGeneratorFactory  - excluding code generation for non-included QName:{uri:iso.org:21090}>>td>align
OUT>      [java] [Thread-2] INFO  toJava.JavaGeneratorFactory  - excluding code generation for non-included QName:{uri:iso.org:21090}UVP_TEL.Email[0,unbounded]
OUT>      [java] [Thread-2] INFO  toJava.JavaGeneratorFactory  - excluding code generation for non-included QName:{uri:iso.org:21090}COLL_CS
OUT>      [java] [Thread-2] INFO  toJava.JavaGeneratorFactory  - excluding code generation for non-included QName:{uri:iso.org:21090}NPPD_ED.Text
OUT>      [java] [Thread-2] INFO  toJava.JavaGeneratorFactory  - excluding code generation for non-included QName:{uri:iso.org:21090}UVP_ED.Signature
OUT>      [java] [Thread-2] INFO  toJava.JavaGeneratorFactory  - excluding code generation for non-included QName:{gme://caCORE.caCORE/3.2/gov.nih.nci.cacoresdk.domain.inheritance.parentwithassociation.sametable}HardTop
OUT>      [java] [Thread-2] INFO  toJava.JavaGeneratorFactory  - excluding code generation for non-included QName:{uri:iso.org:21090}>footnoteRef
OUT>      [java] [Thread-2] INFO  toJava.JavaGeneratorFactory  - excluding code generation for non-included QName:{uri:iso.org:21090}QSET_TS.Date.Full
OUT>      [java] [Thread-2] INFO  toJava.JavaGeneratorFactory  - excluding code generation for non-included QName:{uri:iso.org:21090}>>tfoot>align
OUT>      [java] [Thread-2] INFO  toJava.JavaGeneratorFactory  - excluding code generation for non-included QName:{uri:iso.org:21090}NPPD_TS.Date
OUT>      [java] [Thread-2] INFO  toJava.JavaGeneratorFactory  - excluding code generation for non-included QName:{uri:iso.org:21090}MO[0,unbounded]
OUT>      [java] [Thread-2] INFO  toJava.JavaGeneratorFactory  - excluding code generation for non-included QName:{uri:iso.org:21090}QSET_TS.DateTime[0,unbounded]
OUT>      [java] [Thread-2] INFO  toJava.JavaGeneratorFactory  - excluding code generation for non-included QName:{uri:iso.org:21090}DSET_TS.DateTime.Full
OUT>      [java] [Thread-2] INFO  toJava.JavaGeneratorFactory  - excluding code generation for non-included QName:{uri:iso.org:21090}SLIST_REAL
OUT>      [java] [Thread-2] INFO  toJava.JavaGeneratorFactory  - excluding code generation for non-included QName:{uri:iso.org:21090}BAG_AD
OUT>      [java] [Thread-2] INFO  toJava.JavaGeneratorFactory  - excluding code generation for non-included QName:{http://docs.oasis-open.org/wsn/2004/06/wsn-WS-BaseNotification-1.2-draft-01.xsd}TopicPathDialectUnknownFaultType
OUT>      [java] [Thread-2] INFO  toJava.JavaGeneratorFactory  - excluding code generation for non-included QName:{uri:iso.org:21090}SLIST_MO
OUT>      [java] [Thread-2] INFO  toJava.JavaGeneratorFactory  - excluding code generation for non-included QName:{http://docs.oasis-open.org/wsrf/2004/06/wsrf-WS-ResourceLifetime-1.2-draft-01.xsd}>SetTerminationTime
OUT>      [java] [Thread-2] INFO  toJava.JavaGeneratorFactory  - excluding code generation for non-included QName:{http://CQL.caBIG/2/org.cagrid.cql2}CQLExtension
OUT>      [java] [Thread-2] INFO  toJava.JavaGeneratorFactory  - excluding code generation for non-included QName:{uri:iso.org:21090}ED.Doc[0,unbounded]
OUT>      [java] [Thread-2] INFO  toJava.JavaGeneratorFactory  - excluding code generation for non-included QName:{gme://caCORE.caCORE/3.2/gov.nih.nci.cacoresdk.domain.inheritance.implicit}SaltwaterFishTank
OUT>      [java] [Thread-2] INFO  toJava.JavaGeneratorFactory  - excluding code generation for non-included QName:{uri:iso.org:21090}TS[0,0]
OUT>      [java] [Thread-2] INFO  toJava.JavaGeneratorFactory  - excluding code generation for non-included QName:{uri:iso.org:21090}INT
OUT>      [java] [Thread-2] INFO  toJava.JavaGeneratorFactory  - excluding code generation for non-included QName:{uri:iso.org:21090}EIVL_TS
OUT>      [java] [Thread-2] INFO  toJava.JavaGeneratorFactory  - excluding code generation for non-included QName:{uri:iso.org:21090}DSET_CD
OUT>      [java] [Thread-2] INFO  toJava.JavaGeneratorFactory  - excluding code generation for non-included QName:{uri:iso.org:21090}COLL_ED.Text
OUT>      [java] [Thread-2] INFO  toJava.JavaGeneratorFactory  - excluding code generation for non-included QName:{uri:iso.org:21090}LIST_TEL
OUT>      [java] [Thread-2] INFO  toJava.JavaGeneratorFactory  - excluding code generation for non-included QName:{uri:iso.org:21090}IdentifierScope
OUT>      [java] [Thread-2] INFO  toJava.JavaGeneratorFactory  - excluding code generation for non-included QName:{uri:iso.org:21090}QSU_PQ.Time
OUT>      [java] [Thread-2] INFO  toJava.JavaGeneratorFactory  - excluding code generation for non-included QName:{uri:iso.org:21090}TS.Birth
OUT>      [java] [Thread-2] INFO  toJava.JavaGeneratorFactory  - excluding code generation for non-included QName:{uri:iso.org:21090}QSI_PQ.Time
OUT>      [java] [Thread-2] INFO  toJava.JavaGeneratorFactory  - excluding code generation for non-included QName:{uri:iso.org:21090}PIVL_TS.DateTime
OUT>      [java] [Thread-2] INFO  toJava.JavaGeneratorFactory  - excluding code generation for non-included QName:{gme://caCORE.caCORE/3.2/gov.nih.nci.cacoresdk.domain.other.datatype}DsetTelDataType
OUT>      [java] [Thread-2] INFO  toJava.JavaGeneratorFactory  - excluding code generation for non-included QName:{uri:iso.org:21090}DSET_CO
OUT>      [java] [Thread-2] INFO  toJava.JavaGeneratorFactory  - excluding code generation for non-included QName:{uri:iso.org:21090}DSET_CS
OUT>      [java] [Thread-2] INFO  toJava.JavaGeneratorFactory  - excluding code generation for non-included QName:{uri:iso.org:21090}>>table>frame
OUT>      [java] [Thread-2] INFO  toJava.JavaGeneratorFactory  - excluding code generation for non-included QName:{uri:iso.org:21090}NPPD_TS.Birth
OUT>      [java] [Thread-2] INFO  toJava.JavaGeneratorFactory  - excluding code generation for non-included QName:{uri:iso.org:21090}>footnote
OUT>      [java] [Thread-2] INFO  toJava.JavaGeneratorFactory  - excluding code generation for non-included QName:{uri:iso.org:21090}INT.NonNeg[0,unbounded]
OUT>      [java] [Thread-2] INFO  toJava.JavaGeneratorFactory  - excluding code generation for non-included QName:{uri:iso.org:21090}IVL.High_TS.Date
OUT>      [java] [Thread-2] INFO  toJava.JavaGeneratorFactory  - excluding code generation for non-included QName:{uri:iso.org:21090}UVP_BL.NonNull
OUT>      [java] [Thread-2] INFO  toJava.JavaGeneratorFactory  - excluding code generation for non-included QName:{uri:iso.org:21090}CD[0,unbounded]
OUT>      [java] [Thread-2] INFO  toJava.JavaGeneratorFactory  - excluding code generation for non-included QName:{uri:iso.org:21090}QSET_PQ
OUT>      [java] [Thread-2] INFO  toJava.JavaGeneratorFactory  - excluding code generation for non-included QName:{uri:iso.org:21090}QSET_TS.Date.Full[0,unbounded]
OUT>      [java] [Thread-2] INFO  toJava.JavaGeneratorFactory  - excluding code generation for non-included QName:{uri:iso.org:21090}NullFlavor
OUT>      [java] [Thread-2] INFO  toJava.JavaGeneratorFactory  - excluding code generation for non-included QName:{uri:iso.org:21090}SC.NT
OUT>      [java] [Thread-2] INFO  toJava.JavaGeneratorFactory  - excluding code generation for non-included QName:{uri:iso.org:21090}UVP_II[0,unbounded]
OUT>      [java] [Thread-2] INFO  toJava.JavaGeneratorFactory  - excluding code generation for non-included QName:{uri:iso.org:21090}COLL_TS.DateTime
OUT>      [java] [Thread-2] INFO  toJava.JavaGeneratorFactory  - excluding code generation for non-included QName:{uri:iso.org:21090}EN[0,unbounded]
OUT>      [java] [Thread-2] INFO  toJava.JavaGeneratorFactory  - excluding code generation for non-included QName:{uri:iso.org:21090}>>th>scope
OUT>      [java] [Thread-2] INFO  toJava.JavaGeneratorFactory  - excluding code generation for non-included QName:{gme://caCORE.caCORE/3.2/gov.nih.nci.cacoresdk.domain.manytomany.bidirectional}Employee
OUT>      [java] [Thread-2] INFO  toJava.JavaGeneratorFactory  - excluding code generation for non-included QName:{uri:iso.org:21090}BAG_EN.TN
OUT>      [java] [Thread-2] INFO  toJava.JavaGeneratorFactory  - excluding code generation for non-included QName:{uri:iso.org:21090}TS.Date[0,0]
OUT>      [java] [Thread-2] INFO  toJava.JavaGeneratorFactory  - excluding code generation for non-included QName:{uri:iso.org:21090}SLIST_TS.Date
OUT>      [java] [Thread-2] INFO  toJava.JavaGeneratorFactory  - excluding code generation for non-included QName:{uri:iso.org:21090}DSET_ED.Doc
OUT>      [java] [Thread-2] INFO  toJava.JavaGeneratorFactory  - excluding code generation for non-included QName:{gme://caCORE.caCORE/3.2/gov.nih.nci.cacoresdk.domain.other.datatype}RealDataType
OUT>      [java] [Thread-2] INFO  toJava.JavaGeneratorFactory  - excluding code generation for non-included QName:{uri:iso.org:21090}DSET_BL
OUT>      [java] [Thread-2] INFO  toJava.JavaGeneratorFactory  - excluding code generation for non-included QName:{uri:iso.org:21090}ED
OUT>      [java] [Thread-2] INFO  toJava.JavaGeneratorFactory  - excluding code generation for non-included QName:{uri:iso.org:21090}QSET_INT.Positive
OUT>      [java] [Thread-2] INFO  toJava.JavaGeneratorFactory  - excluding code generation for non-included QName:{uri:iso.org:21090}QSET_TS.DateTime.Full[0,unbounded]
OUT>      [java] [Thread-2] INFO  toJava.JavaGeneratorFactory  - excluding code generation for non-included QName:{uri:iso.org:21090}QSP_INT
OUT>      [java] [Thread-2] INFO  toJava.JavaGeneratorFactory  - excluding code generation for non-included QName:{uri:iso.org:21090}DSET_AD
OUT>      [java] [Thread-2] INFO  toJava.JavaGeneratorFactory  - excluding code generation for non-included QName:{uri:iso.org:21090}COLL_TEL.Person
OUT>      [java] [Thread-2] INFO  toJava.JavaGeneratorFactory  - excluding code generation for non-included QName:{uri:iso.org:21090}>>list>listType
OUT>      [java] [Thread-2] INFO  toJava.JavaGeneratorFactory  - excluding code generation for non-included QName:{uri:iso.org:21090}UVP_ST[0,unbounded]
OUT>      [java] [Thread-2] INFO  toJava.JavaGeneratorFactory  - excluding code generation for non-included QName:{uri:iso.org:21090}UVP_ED.Narrative[0,unbounded]
OUT>      [java] [Thread-2] INFO  toJava.JavaGeneratorFactory  - excluding code generation for non-included QName:{uri:iso.org:21090}IVL.Low_TS.DateTime
OUT>      [java] [Thread-2] INFO  toJava.JavaGeneratorFactory  - excluding code generation for non-included QName:{uri:iso.org:21090}CDGroup
OUT>      [java] [Thread-2] INFO  toJava.JavaGeneratorFactory  - excluding code generation for non-included QName:{uri:iso.org:21090}HIST_REAL
OUT>      [java] [Thread-2] INFO  toJava.JavaGeneratorFactory  - excluding code generation for non-included QName:{uri:iso.org:21090}COLL_PQ.Time
OUT>      [java] [Thread-2] INFO  toJava.JavaGeneratorFactory  - excluding code generation for non-included QName:{uri:iso.org:21090}EN
OUT>      [java] [Thread-2] INFO  toJava.JavaGeneratorFactory  - excluding code generation for non-included QName:{uri:iso.org:21090}LIST_TS.DateTime.Full
OUT>      [java] [Thread-2] INFO  toJava.JavaGeneratorFactory  - excluding code generation for non-included QName:{uri:iso.org:21090}COLL_RTO
OUT>      [java] [Thread-2] INFO  toJava.JavaGeneratorFactory  - excluding code generation for non-included QName:{uri:iso.org:21090}EIVL_TS.Date
OUT>      [java] [Thread-2] INFO  toJava.JavaGeneratorFactory  - excluding code generation for non-included QName:{uri:iso.org:21090}QSU_INT
OUT>      [java] [Thread-2] INFO  toJava.JavaGeneratorFactory  - excluding code generation for non-included QName:{http://CQL.caBIG/2/org.cagrid.cql2.results}CQLAttributeResult[0,unbounded]
OUT>      [java] [Thread-2] INFO  toJava.JavaGeneratorFactory  - excluding code generation for non-included QName:{uri:iso.org:21090}UVP_INT[0,unbounded]
OUT>      [java] [Thread-2] INFO  toJava.JavaGeneratorFactory  - excluding code generation for non-included QName:{gme://caGrid.caBIG/1.0/gov.nih.nci.cagrid.metadata.common}Enumeration
OUT>      [java] [Thread-2] INFO  toJava.JavaGeneratorFactory  - excluding code generation for non-included QName:{uri:iso.org:21090}LIST_BL.NonNull
OUT>      [java] [Thread-2] INFO  toJava.JavaGeneratorFactory  - excluding code generation for non-included QName:{uri:iso.org:21090}>>tbody>valign
OUT>      [java] [Thread-2] INFO  toJava.JavaGeneratorFactory  - excluding code generation for non-included QName:{uri:iso.org:21090}HXIT
OUT>      [java] [Thread-2] INFO  toJava.JavaGeneratorFactory  - excluding code generation for non-included QName:{http://docs.oasis-open.org/wsn/2004/06/wsn-WS-BaseNotification-1.2-draft-01.xsd}>PauseSubscriptionResponse
OUT>      [java] [Thread-2] INFO  toJava.JavaGeneratorFactory  - excluding code generation for non-included QName:{uri:iso.org:21090}TEL.Url
OUT>      [java] [Thread-2] INFO  toJava.JavaGeneratorFactory  - excluding code generation for non-included QName:{gme://caGrid.caBIG/1.0/gov.nih.nci.cagrid.metadata.service}Service
OUT>      [java] [Thread-2] INFO  toJava.JavaGeneratorFactory  - excluding code generation for non-included QName:{gme://caGrid.caBIG/1.0/gov.nih.nci.cagrid.metadata.common}UMLClass
OUT>      [java] [Thread-2] INFO  toJava.JavaGeneratorFactory  - excluding code generation for non-included QName:{gme://caGrid.caBIG/1.0/gov.nih.nci.cagrid.metadata.common}>UMLClass>umlAttributeCollection
OUT>      [java] [Thread-2] INFO  toJava.JavaGeneratorFactory  - excluding code generation for non-included QName:{uri:iso.org:21090}set_TelecommunicationAddressUse
OUT>      [java] [Thread-2] INFO  toJava.JavaGeneratorFactory  - excluding code generation for non-included QName:{gme://caCORE.caCORE/3.2/gov.nih.nci.cacoresdk.domain.other.levelassociation}Suit
OUT>      [java] [Thread-2] INFO  toJava.JavaGeneratorFactory  - excluding code generation for non-included QName:{uri:iso.org:21090}HIST_TS.DateTime
OUT>      [java] [Thread-2] INFO  toJava.JavaGeneratorFactory  - excluding code generation for non-included QName:{uri:iso.org:21090}UVP_TS.Birth[0,unbounded]
OUT>      [java] [Thread-2] INFO  toJava.JavaGeneratorFactory  - excluding code generation for non-included QName:{uri:iso.org:21090}set_PostalAddressUse
OUT>      [java] [Thread-2] INFO  toJava.JavaGeneratorFactory  - excluding code generation for non-included QName:{uri:iso.org:21090}QSD_INT.Positive
OUT>      [java] [Thread-2] INFO  toJava.JavaGeneratorFactory  - excluding code generation for non-included QName:{uri:iso.org:21090}QSU_RTO
OUT>      [java] [Thread-2] INFO  toJava.JavaGeneratorFactory  - excluding code generation for non-included QName:{http://CQL.caBIG/2/org.cagrid.cql2}CQLAssociatedObject
OUT>      [java] [Thread-2] INFO  toJava.JavaGeneratorFactory  - excluding code generation for non-included QName:{uri:iso.org:21090}HIST_INT.NonNeg
OUT>      [java] [Thread-2] INFO  toJava.JavaGeneratorFactory  - excluding code generation for non-included QName:{uri:iso.org:21090}>>th>valign
OUT>      [java] [Thread-2] INFO  toJava.JavaGeneratorFactory  - excluding code generation for non-included QName:{uri:iso.org:21090}BL
OUT>      [java] [Thread-2] INFO  toJava.JavaGeneratorFactory  - excluding code generation for non-included QName:{uri:iso.org:21090}QSS_TS.Birth
OUT>      [java] [Thread-2] INFO  toJava.JavaGeneratorFactory  - excluding code generation for non-included QName:{uri:iso.org:21090}SLIST_PQ
OUT>      [java] [Thread-2] INFO  toJava.JavaGeneratorFactory  - excluding code generation for non-included QName:{http://CQL.caBIG/2/org.cagrid.cql2}AssociationPopulationSpecification
OUT>      [java] [Thread-2] INFO  toJava.JavaGeneratorFactory  - excluding code generation for non-included QName:{gme://caGrid.caBIG/1.0/gov.nih.nci.cagrid.metadata.common}ResearchCenter
OUT>      [java] [Thread-2] INFO  toJava.JavaGeneratorFactory  - excluding code generation for non-included QName:{uri:iso.org:21090}GLIST_TS.Date.Full
OUT>      [java] [Thread-2] INFO  toJava.JavaGeneratorFactory  - excluding code generation for non-included QName:{uri:iso.org:21090}LIST_TEL.Phone
OUT>      [java] [Thread-2] INFO  toJava.JavaGeneratorFactory  - excluding code generation for non-included QName:{gme://caCORE.caCORE/3.2/gov.nih.nci.cacoresdk.domain.inheritance.implicit}TankAccessory
OUT>      [java] [Thread-2] INFO  toJava.JavaGeneratorFactory  - excluding code generation for non-included QName:{uri:iso.org:21090}UVP_EN.TN[0,unbounded]
OUT>      [java] [Thread-2] INFO  toJava.JavaGeneratorFactory  - excluding code generation for non-included QName:{uri:iso.org:21090}BAG_EN.ON
OUT>      [java] [Thread-2] INFO  toJava.JavaGeneratorFactory  - excluding code generation for non-included QName:{uri:iso.org:21090}NPPD_TEL.Person
OUT>      [java] [Thread-2] INFO  toJava.JavaGeneratorFactory  - excluding code generation for non-included QName:{uri:iso.org:21090}CS
OUT>      [java] [Thread-2] INFO  toJava.JavaGeneratorFactory  - excluding code generation for non-included QName:{uri:iso.org:21090}LIST_SC.NT
OUT>      [java] [Thread-2] INFO  toJava.JavaGeneratorFactory  - excluding code generation for non-included QName:{uri:iso.org:21090}CR
OUT>      [java] [Thread-2] INFO  toJava.JavaGeneratorFactory  - excluding code generation for non-included QName:{uri:iso.org:21090}CO
OUT>      [java] [Thread-2] INFO  toJava.JavaGeneratorFactory  - excluding code generation for non-included QName:{uri:iso.org:21090}TS.DateTime.Full[0,0]
OUT>      [java] [Thread-2] INFO  toJava.JavaGeneratorFactory  - excluding code generation for non-included QName:{uri:iso.org:21090}HIST_BL.NonNull
OUT>      [java] [Thread-2] INFO  toJava.JavaGeneratorFactory  - excluding code generation for non-included QName:{http://docs.oasis-open.org/wsrf/2004/06/wsrf-WS-ResourceProperties-1.2-draft-01.xsd}>GetMultipleResourceProperties
OUT>      [java] [Thread-2] INFO  toJava.JavaGeneratorFactory  - excluding code generation for non-included QName:{http://CQL.caBIG/2/org.cagrid.cql2.results}CQLQueryResults
OUT>      [java] [Thread-2] INFO  toJava.JavaGeneratorFactory  - excluding code generation for non-included QName:{uri:iso.org:21090}ED[0,unbounded]
OUT>      [java] [Thread-2] INFO  toJava.JavaGeneratorFactory  - excluding code generation for non-included QName:{uri:iso.org:21090}UVP_CS[0,unbounded]
OUT>      [java] [Thread-2] INFO  toJava.JavaGeneratorFactory  - excluding code generation for non-included QName:{http://docs.oasis-open.org/wsrf/2004/06/wsrf-WS-ResourceProperties-1.2-draft-01.xsd}InvalidSetResourcePropertiesRequestContentFaultType
OUT>      [java] [Thread-2] INFO  toJava.JavaGeneratorFactory  - excluding code generation for non-included QName:{uri:iso.org:21090}CD
OUT>      [java] [Thread-2] INFO  toJava.JavaGeneratorFactory  - excluding code generation for non-included QName:{uri:iso.org:21090}QSI_INT
OUT>      [java] [Thread-2] INFO  toJava.JavaGeneratorFactory  - excluding code generation for non-included QName:{http://docs.oasis-open.org/wsrf/2004/06/wsrf-WS-ResourceProperties-1.2-draft-01.xsd}DeleteType
OUT>      [java] [Thread-2] INFO  toJava.JavaGeneratorFactory  - excluding code generation for non-included QName:{gme://caCORE.caCORE/3.2/gov.nih.nci.cacoresdk.domain.onetomany.bidirectional.withjoin}>Flight>passangerCollection
OUT>      [java] [Thread-2] INFO  toJava.JavaGeneratorFactory  - excluding code generation for non-included QName:{uri:iso.org:21090}UVP_ED.Doc.Ref[0,unbounded]
OUT>      [java] [Thread-2] INFO  toJava.JavaGeneratorFactory  - excluding code generation for non-included QName:{gme://caCORE.caCORE/3.2/gov.nih.nci.cacoresdk.domain.inheritance.twolevelinheritance.sametable}ParliamantaryGovt
OUT>      [java] [Thread-2] INFO  toJava.JavaGeneratorFactory  - excluding code generation for non-included QName:{gme://caCORE.caCORE/3.2/gov.nih.nci.cacoresdk.domain.onetoone.unidirectional}Address
OUT>      [java] [Thread-2] INFO  toJava.JavaGeneratorFactory  - excluding code generation for non-included QName:{uri:iso.org:21090}LIST_CD.CE
OUT>      [java] [Thread-2] INFO  toJava.JavaGeneratorFactory  - excluding code generation for non-included QName:{uri:iso.org:21090}ED.Image[0,unbounded]
OUT>      [java] [Thread-2] INFO  toJava.JavaGeneratorFactory  - excluding code generation for non-included QName:{uri:iso.org:21090}BAG_EN.PN
OUT>      [java] [Thread-2] INFO  toJava.JavaGeneratorFactory  - excluding code generation for non-included QName:{uri:iso.org:21090}QSET_MO
OUT>      [java] [Thread-2] INFO  toJava.JavaGeneratorFactory  - excluding code generation for non-included QName:{uri:iso.org:21090}QSP_TS.DateTime
OUT>      [java] [Thread-2] INFO  toJava.JavaGeneratorFactory  - excluding code generation for non-included QName:{uri:iso.org:21090}NPPD_TS.DateTime
OUT>      [java] [Thread-2] INFO  toJava.JavaGeneratorFactory  - excluding code generation for non-included QName:{uri:iso.org:21090}TS.DateTime[0,unbounded]
OUT>      [java] [Thread-2] INFO  toJava.JavaGeneratorFactory  - excluding code generation for non-included QName:{uri:iso.org:21090}HIST_SC.NT
OUT>      [java] [Thread-2] INFO  toJava.JavaGeneratorFactory  - excluding code generation for non-included QName:{uri:iso.org:21090}LIST_CD.CV
OUT>      [java] [Thread-2] INFO  toJava.JavaGeneratorFactory  - excluding code generation for non-included QName:{uri:iso.org:21090}XReference
OUT>      [java] [Thread-2] INFO  toJava.JavaGeneratorFactory  - excluding code generation for non-included QName:{gme://caCORE.caCORE/3.2/gov.nih.nci.cacoresdk.domain.other.datatype}EnOnDataType
OUT>      [java] [Thread-2] INFO  toJava.JavaGeneratorFactory  - excluding code generation for non-included QName:{http://CQL.caBIG/2/org.cagrid.cql2}AttributeValue
OUT>      [java] [Thread-2] INFO  toJava.JavaGeneratorFactory  - excluding code generation for non-included QName:{uri:iso.org:21090}QSS_TS.DateTime.Full
OUT>      [java] [Thread-2] INFO  toJava.JavaGeneratorFactory  - excluding code generation for non-included QName:{uri:iso.org:21090}QSI_TS.DateTime.Full
OUT>      [java] [Thread-2] INFO  toJava.JavaGeneratorFactory  - excluding code generation for non-included QName:{uri:iso.org:21090}ED.Narrative[0,unbounded]
OUT>      [java] [Thread-2] INFO  toJava.JavaGeneratorFactory  - excluding code generation for non-included QName:{uri:iso.org:21090}HIST_TEL.Url
OUT>      [java] [Thread-2] INFO  toJava.JavaGeneratorFactory  - excluding code generation for non-included QName:{uri:iso.org:21090}CR[0,unbounded]
OUT>      [java] [Thread-2] INFO  toJava.JavaGeneratorFactory  - excluding code generation for non-included QName:{uri:iso.org:21090}RTO[0,unbounded]
OUT>      [java] [Thread-2] INFO  toJava.JavaGeneratorFactory  - excluding code generation for non-included QName:{uri:iso.org:21090}QSET_REAL
OUT>      [java] [Thread-2] INFO  toJava.JavaGeneratorFactory  - excluding code generation for non-included QName:{gme://caCORE.caCORE/3.2/gov.nih.nci.cacoresdk.domain.other.datatype}StDataType
OUT>      [java] [Thread-2] INFO  toJava.JavaGeneratorFactory  - excluding code generation for non-included QName:{uri:iso.org:21090}QSI_INT.Positive
OUT>      [java] [Thread-2] INFO  toJava.JavaGeneratorFactory  - excluding code generation for non-included QName:{uri:iso.org:21090}IVL.High_CO
OUT>      [java] [Thread-2] INFO  toJava.JavaGeneratorFactory  - excluding code generation for non-included QName:{gme://caCORE.caCORE/3.2/gov.nih.nci.cacoresdk.domain.onetomany.unidirectional}KeyChain
OUT>      [java] [Thread-2] INFO  toJava.JavaGeneratorFactory  - excluding code generation for non-included QName:{uri:iso.org:21090}EN.ON[0,unbounded]
OUT>      [java] [Thread-2] INFO  toJava.JavaGeneratorFactory  - excluding code generation for non-included QName:{gme://caCORE.caCORE/3.2/gov.nih.nci.cacoresdk.domain.inheritance.childwithassociation.sametable}Shoes
OUT>      [java] [Thread-2] INFO  toJava.JavaGeneratorFactory  - excluding code generation for non-included QName:{uri:iso.org:21090}DSET_TEL.Phone
OUT>      [java] [Thread-2] INFO  toJava.JavaGeneratorFactory  - excluding code generation for non-included QName:{gme://caGrid.caBIG/1.0/gov.nih.nci.cagrid.metadata.service}CaDSRRegistration
OUT>      [java] [Thread-2] INFO  toJava.JavaGeneratorFactory  - excluding code generation for non-included QName:{uri:iso.org:21090}NPPD_ST.NT
OUT>      [java] [Thread-2] INFO  toJava.JavaGeneratorFactory  - excluding code generation for non-included QName:{uri:iso.org:21090}INT.Positive[0,unbounded]
OUT>      [java] [Thread-2] INFO  toJava.JavaGeneratorFactory  - excluding code generation for non-included QName:{uri:iso.org:21090}COLL_TEL.Email
OUT>      [java] [Thread-2] INFO  toJava.JavaGeneratorFactory  - excluding code generation for non-included QName:{uri:iso.org:21090}AD
OUT>      [java] [Thread-2] INFO  toJava.JavaGeneratorFactory  - excluding code generation for non-included QName:{uri:iso.org:21090}IVL.Low_CO
OUT>      [java] [Thread-2] INFO  toJava.JavaGeneratorFactory  - excluding code generation for non-included QName:{uri:iso.org:21090}QSI_TS.Date
OUT>      [java] [Thread-2] INFO  toJava.JavaGeneratorFactory  - excluding code generation for non-included QName:{gme://caGrid.caBIG/1.0/gov.nih.nci.cagrid.metadata.security}CommunicationStyle
OUT>      [java] [Thread-2] INFO  toJava.JavaGeneratorFactory  - excluding code generation for non-included QName:{gme://caGrid.caBIG/1.0/gov.nih.nci.cagrid.metadata.service}Output
OUT>      [java] [Thread-2] INFO  toJava.JavaGeneratorFactory  - excluding code generation for non-included QName:{http://docs.oasis-open.org/wsrf/2004/06/wsrf-WS-ResourceProperties-1.2-draft-01.xsd}>ResourcePropertyValueChangeNotificationType>NewValue
OUT>      [java] [Thread-2] INFO  toJava.JavaGeneratorFactory  - excluding code generation for non-included QName:{uri:iso.org:21090}NPPD_ED.Doc.Ref
OUT>      [java] [Thread-2] INFO  toJava.JavaGeneratorFactory  - excluding code generation for non-included QName:{http://docs.oasis-open.org/wsrf/2004/06/wsrf-WS-ResourceProperties-1.2-draft-01.xsd}ResourceUnknownFaultType
OUT>      [java] [Thread-2] INFO  toJava.JavaGeneratorFactory  - excluding code generation for non-included QName:{http://docs.oasis-open.org/wsrf/2004/06/wsrf-WS-ResourceProperties-1.2-draft-01.xsd}>GetMultipleResourcePropertiesResponse
OUT>      [java] [Thread-2] INFO  toJava.JavaGeneratorFactory  - excluding code generation for non-included QName:{uri:iso.org:21090}QSS_INT.NonNeg
OUT>      [java] [Thread-2] INFO  toJava.JavaGeneratorFactory  - excluding code generation for non-included QName:{uri:iso.org:21090}PQR[0,unbounded]
OUT>      [java] [Thread-2] INFO  toJava.JavaGeneratorFactory  - excluding code generation for non-included QName:{uri:iso.org:21090}BAG_ED.Narrative
OUT>      [java] [Thread-2] INFO  toJava.JavaGeneratorFactory  - excluding code generation for non-included QName:{uri:iso.org:21090}DSET_TS.DateTime
OUT>      [java] [Thread-2] INFO  toJava.JavaGeneratorFactory  - excluding code generation for non-included QName:{uri:iso.org:21090}HIST_ED.Doc.Ref
OUT>      [java] [Thread-2] INFO  toJava.JavaGeneratorFactory  - excluding code generation for non-included QName:{gme://caCORE.caCORE/3.2/gov.nih.nci.cacoresdk.domain.manytomany.bidirectional}>Project>employeeCollection
OUT>      [java] [Thread-2] INFO  toJava.JavaGeneratorFactory  - excluding code generation for non-included QName:{gme://caGrid.caBIG/1.0/gov.nih.nci.cagrid.metadata.service}>ServiceContext>operationCollection
OUT>      [java] [Thread-2] INFO  toJava.JavaGeneratorFactory  - excluding code generation for non-included QName:{gme://caCORE.caCORE/3.2/gov.nih.nci.cacoresdk.domain.interfaze}Dog
OUT>      [java] [Thread-2] INFO  toJava.JavaGeneratorFactory  - excluding code generation for non-included QName:{uri:iso.org:21090}TS.Date.Full[0,0]
OUT>      [java] [Thread-2] INFO  toJava.JavaGeneratorFactory  - excluding code generation for non-included QName:{uri:iso.org:21090}GLIST_TS.DateTime.Full
OUT>      [java] [Thread-2] INFO  toJava.JavaGeneratorFactory  - excluding code generation for non-included QName:{uri:iso.org:21090}QSD_INT.NonNeg
OUT>      [java] [Thread-2] INFO  toJava.JavaGeneratorFactory  - excluding code generation for non-included QName:{gme://caGrid.caBIG/1.0/gov.nih.nci.cagrid.metadata.security}Operation
OUT>      [java] [Thread-2] INFO  toJava.JavaGeneratorFactory  - excluding code generation for non-included QName:{uri:iso.org:21090}TEL.Person[0,unbounded]
OUT>      [java] [Thread-2] INFO  toJava.JavaGeneratorFactory  - excluding code generation for non-included QName:{gme://caCORE.caCORE/3.2/gov.nih.nci.cacoresdk.domain.other.datatype}TelUrlDataType
OUT>      [java] [Thread-2] INFO  toJava.JavaGeneratorFactory  - excluding code generation for non-included QName:{uri:iso.org:21090}HIST_RTO
OUT>      [java] [Thread-2] INFO  toJava.JavaGeneratorFactory  - excluding code generation for non-included QName:{uri:iso.org:21090}QSP_REAL
OUT>      [java] [Thread-2] INFO  toJava.JavaGeneratorFactory  - excluding code generation for non-included QName:{uri:iso.org:21090}COLL_TS.Date.Full
OUT>      [java] [Thread-2] INFO  toJava.JavaGeneratorFactory  - excluding code generation for non-included QName:{uri:iso.org:21090}TEL.Url[0,unbounded]
OUT>      [java] [Thread-2] INFO  toJava.JavaGeneratorFactory  - excluding code generation for non-included QName:{uri:iso.org:21090}>tfoot
OUT>      [java] [Thread-2] INFO  toJava.JavaGeneratorFactory  - excluding code generation for non-included QName:{uri:iso.org:21090}IVL_TS.Date.Full
OUT>      [java] [Thread-2] INFO  toJava.JavaGeneratorFactory  - excluding code generation for non-included QName:{gme://caCORE.caCORE/3.2/gov.nih.nci.cacoresdk.domain.inheritance.implicit}Fish
OUT>      [java] [Thread-2] INFO  toJava.JavaGeneratorFactory  - excluding code generation for non-included QName:{gme://caCORE.caCORE/3.2/gov.nih.nci.cacoresdk.domain.manytomany.unidirectional}Author
OUT>      [java] [Thread-2] INFO  toJava.JavaGeneratorFactory  - excluding code generation for non-included QName:{gme://caCORE.caCORE/3.2/gov.nih.nci.cacoresdk.domain.inheritance.childwithassociation}Payment
OUT>      [java] [Thread-2] INFO  toJava.JavaGeneratorFactory  - excluding code generation for non-included QName:{uri:iso.org:21090}DSET_INT
OUT>      [java] [Thread-2] INFO  toJava.JavaGeneratorFactory  - excluding code generation for non-included QName:{uri:iso.org:21090}QSET_PQ.Time
OUT>      [java] [Thread-2] INFO  toJava.JavaGeneratorFactory  - excluding code generation for non-included QName:{http://docs.oasis-open.org/wsrf/2004/06/wsrf-WS-ResourceLifetime-1.2-draft-01.xsd}TerminationTimeChangeRejectedFaultType
OUT>      [java] [Thread-2] INFO  toJava.JavaGeneratorFactory  - excluding code generation for non-included QName:{uri:iso.org:21090}UVP_TEL.Url
OUT>      [java] [Thread-2] INFO  toJava.JavaGeneratorFactory  - excluding code generation for non-included QName:{uri:iso.org:21090}CodingRationale
OUT>      [java] [Thread-2] INFO  toJava.JavaGeneratorFactory  - excluding code generation for non-included QName:{gme://caCORE.caCORE/3.2/gov.nih.nci.cacoresdk.domain.onetoone.bidirectional.withjoin}Pendant
OUT>      [java] [Thread-2] INFO  toJava.JavaGeneratorFactory  - excluding code generation for non-included QName:{gme://caGrid.caBIG/1.0/gov.nih.nci.cagrid.metadata.common}PointOfContact
OUT>      [java] [Thread-2] INFO  toJava.JavaGeneratorFactory  - excluding code generation for non-included QName:{uri:iso.org:21090}HIST_PQ
OUT>      [java] [Thread-2] INFO  toJava.JavaGeneratorFactory  - excluding code generation for non-included QName:{http://CQL.caBIG/2/org.cagrid.cql2}CQLQuery
OUT>      [java] [Thread-2] INFO  toJava.JavaGeneratorFactory  - excluding code generation for non-included QName:{gme://caCORE.caCORE/3.2/gov.nih.nci.cacoresdk.domain.manytoone.unidirectional.withjoin}Song
OUT>      [java] [Thread-2] INFO  toJava.JavaGeneratorFactory  - excluding code generation for non-included QName:{gme://caCORE.caCORE/3.2/gov.nih.nci.cacoresdk.domain.inheritance.implicit}AngelFish
OUT>      [java] [Thread-2] INFO  toJava.JavaGeneratorFactory  - excluding code generation for non-included QName:{uri:iso.org:21090}QSI_TS.Birth
OUT>      [java] [Thread-2] INFO  toJava.JavaGeneratorFactory  - excluding code generation for non-included QName:{gme://caCORE.caCORE/3.2/gov.nih.nci.cacoresdk.domain.other.levelassociation}>Hand>cardCollection
OUT>      [java] [Thread-2] INFO  toJava.JavaGeneratorFactory  - excluding code generation for non-included QName:{gme://caCORE.caCORE/3.2/gov.nih.nci.cacoresdk.domain.other.datatype}DsetIiDataType
OUT>      [java] [Thread-2] INFO  toJava.JavaGeneratorFactory  - excluding code generation for non-included QName:{uri:iso.org:21090}QSI_CO
OUT>      [java] [Thread-2] INFO  toJava.JavaGeneratorFactory  - excluding code generation for non-included QName:{uri:iso.org:21090}QSET_RTO[0,unbounded]
OUT>      [java] [Thread-2] INFO  toJava.JavaGeneratorFactory  - excluding code generation for non-included QName:{gme://caCORE.caCORE/3.2/gov.nih.nci.cacoresdk.domain.inheritance.multiplechild}Student
OUT>      [java] [Thread-2] INFO  toJava.JavaGeneratorFactory  - excluding code generation for non-included QName:{uri:iso.org:21090}AD[0,unbounded]
OUT>      [java] [Thread-2] INFO  toJava.JavaGeneratorFactory  - excluding code generation for non-included QName:{http://schemas.xmlsoap.org/ws/2004/03/addressing}AttributedQName
OUT>      [java] [Thread-2] INFO  toJava.JavaGeneratorFactory  - excluding code generation for non-included QName:{uri:iso.org:21090}MO
OUT>      [java] [Thread-2] INFO  toJava.JavaGeneratorFactory  - excluding code generation for non-included QName:{uri:iso.org:21090}>col
OUT>      [java] [Thread-2] INFO  toJava.JavaGeneratorFactory  - excluding code generation for non-included QName:{gme://caCORE.caCORE/3.2/gov.nih.nci.cacoresdk.domain.onetoone.unidirectional.withjoin}Handle
OUT>      [java] [Thread-2] INFO  toJava.JavaGeneratorFactory  - excluding code generation for non-included QName:{uri:iso.org:21090}DSET_ED.Text
OUT>      [java] [Thread-2] INFO  toJava.JavaGeneratorFactory  - excluding code generation for non-included QName:{uri:iso.org:21090}QSU_TS.Date
OUT>      [java] [Thread-2] INFO  toJava.JavaGeneratorFactory  - excluding code generation for non-included QName:{uri:iso.org:21090}TS.DateTime.Full[0,unbounded]
OUT>      [java] [Thread-2] INFO  toJava.JavaGeneratorFactory  - excluding code generation for non-included QName:{http://CQL.caBIG/2/org.cagrid.cql2}CQLTargetObject
OUT>      [java] [Thread-2] INFO  toJava.JavaGeneratorFactory  - excluding code generation for non-included QName:{uri:iso.org:21090}DSET_II
OUT>      [java] [Thread-2] INFO  toJava.JavaGeneratorFactory  - excluding code generation for non-included QName:{uri:iso.org:21090}QSD_TS.Date.Full
OUT>      [java] [Thread-2] INFO  toJava.JavaGeneratorFactory  - excluding code generation for non-included QName:{uri:iso.org:21090}UVP_EN[0,unbounded]
OUT>      [java] [Thread-2] INFO  toJava.JavaGeneratorFactory  - excluding code generation for non-included QName:{http://docs.oasis-open.org/wsrf/2004/06/wsrf-WS-ResourceLifetime-1.2-draft-01.xsd}>ScheduledResourceTerminationRP
OUT>      [java] [Thread-2] INFO  toJava.JavaGeneratorFactory  - excluding code generation for non-included QName:{http://docs.oasis-open.org/wsrf/2004/06/wsrf-WS-ResourceLifetime-1.2-draft-01.xsd}>Destroy
OUT>      [java] [Thread-2] INFO  toJava.JavaGeneratorFactory  - excluding code generation for non-included QName:{gme://caCORE.caCORE/3.2/gov.nih.nci.cacoresdk.domain.other.differentpackage.associations}Pie
OUT>      [java] [Thread-2] INFO  toJava.JavaGeneratorFactory  - excluding code generation for non-included QName:{uri:iso.org:21090}UVP_TS[0,unbounded]
OUT>      [java] [Thread-2] INFO  toJava.JavaGeneratorFactory  - excluding code generation for non-included QName:{gme://caGrid.caBIG/1.0/gov.nih.nci.cagrid.metadata.common}ValueDomain
OUT>      [java] [Thread-2] INFO  toJava.JavaGeneratorFactory  - excluding code generation for non-included QName:{uri:iso.org:21090}HIST_ST.NT
OUT>      [java] [Thread-2] INFO  toJava.JavaGeneratorFactory  - excluding code generation for non-included QName:{uri:iso.org:21090}LIST_TEL.Url
OUT>      [java] [Thread-2] INFO  toJava.JavaGeneratorFactory  - excluding code generation for non-included QName:{uri:iso.org:21090}PQR[0,0]
OUT>      [java] [Thread-2] INFO  toJava.JavaGeneratorFactory  - excluding code generation for non-included QName:{uri:iso.org:21090}SLIST_PQ.Time
OUT>      [java] [Thread-2] INFO  toJava.JavaGeneratorFactory  - excluding code generation for non-included QName:{uri:iso.org:21090}IVL_PQ.Time
OUT>      [java] [Thread-2] INFO  toJava.JavaGeneratorFactory  - excluding code generation for non-included QName:{uri:iso.org:21090}QSI_INT.NonNeg
OUT>      [java] [Thread-2] INFO  toJava.JavaGeneratorFactory  - excluding code generation for non-included QName:{http://docs.oasis-open.org/wsn/2004/06/wsn-WS-BaseNotification-1.2-draft-01.xsd}PauseFailedFaultType
OUT>      [java] [Thread-2] INFO  toJava.JavaGeneratorFactory  - excluding code generation for non-included QName:{uri:iso.org:21090}QSP_TS.DateTime.Full
OUT>      [java] [Thread-2] INFO  toJava.JavaGeneratorFactory  - excluding code generation for non-included QName:{uri:iso.org:21090}IVL.High_INT
OUT>      [java] [Thread-2] INFO  toJava.JavaGeneratorFactory  - excluding code generation for non-included QName:{uri:iso.org:21090}BAG_INT
OUT>      [java] [Thread-2] INFO  toJava.JavaGeneratorFactory  - excluding code generation for non-included QName:{uri:iso.org:21090}IntegrityCheckAlgorithm
OUT>      [java] [Thread-2] INFO  toJava.JavaGeneratorFactory  - excluding code generation for non-included QName:{uri:iso.org:21090}QSET_TS
OUT>      [java] [Thread-2] INFO  toJava.JavaGeneratorFactory  - excluding code generation for non-included QName:{gme://caCORE.caCORE/3.2/gov.nih.nci.cacoresdk.domain.onetomany.bidirectional}Computer
OUT>      [java] [Thread-2] INFO  toJava.JavaGeneratorFactory  - excluding code generation for non-included QName:{gme://caCORE.caCORE/3.2/gov.nih.nci.cacoresdk.domain.other.differentpackage.associations}Utensil
OUT>      [java] [Thread-2] INFO  toJava.JavaGeneratorFactory  - excluding code generation for non-included QName:{uri:iso.org:21090}Compression
OUT>      [java] [Thread-2] INFO  toJava.JavaGeneratorFactory  - excluding code generation for non-included QName:{http://CQL.caBIG/2/org.cagrid.cql2.results}CQLObjectResult[0,unbounded]
OUT>      [java] [Thread-2] INFO  toJava.JavaGeneratorFactory  - excluding code generation for non-included QName:{uri:iso.org:21090}INT[0,unbounded]
OUT>      [java] [Thread-2] INFO  toJava.JavaGeneratorFactory  - excluding code generation for non-included QName:{uri:iso.org:21090}CD.CE[0,unbounded]
OUT>      [java] [Thread-2] INFO  toJava.JavaGeneratorFactory  - excluding code generation for non-included QName:{gme://caGrid.caBIG/1.0/gov.nih.nci.cagrid.metadata.service}ContextProperty
OUT>      [java] [Thread-2] INFO  toJava.JavaGeneratorFactory  - excluding code generation for non-included QName:{http://docs.oasis-open.org/wsn/2004/06/wsn-WS-BaseNotification-1.2-draft-01.xsd}TopicNotSupportedFaultType
OUT>      [java] [Thread-2] INFO  toJava.JavaGeneratorFactory  - excluding code generation for non-included QName:{http://CQL.caBIG/2/org.cagrid.cql2}CQLAssociatedObject[,unbounded]
OUT>      [java] [Thread-2] INFO  toJava.JavaGeneratorFactory  - excluding code generation for non-included QName:{uri:iso.org:21090}PQ.Time[0,0]
OUT>      [java] [Thread-2] INFO  toJava.JavaGeneratorFactory  - excluding code generation for non-included QName:{gme://caCORE.caCORE/3.2/gov.nih.nci.cacoresdk.domain.other.primarykey}DoublePrimitiveKey
OUT>      [java] [Thread-2] INFO  toJava.JavaGeneratorFactory  - excluding code generation for non-included QName:{uri:iso.org:21090}UVP_ED.Doc.Inline
OUT>      [java] [Thread-2] INFO  toJava.JavaGeneratorFactory  - excluding code generation for non-included QName:{uri:iso.org:21090}GLIST_INT.Positive
OUT>      [java] [Thread-2] INFO  toJava.JavaGeneratorFactory  - excluding code generation for non-included QName:{gme://caCORE.caCORE/3.2/gov.nih.nci.cacoresdk.domain.inheritance.implicit}>SaltwaterFishTank>substrateCollection
OUT>      [java] [Thread-2] INFO  toJava.JavaGeneratorFactory  - excluding code generation for non-included QName:{uri:iso.org:21090}HIST_INT
OUT>      [java] [Thread-2] INFO  toJava.JavaGeneratorFactory  - excluding code generation for non-included QName:{uri:iso.org:21090}IVL.Low_INT.NonNeg
OUT>      [java] [Thread-2] INFO  toJava.JavaGeneratorFactory  - excluding code generation for non-included QName:{uri:iso.org:21090}>>tbody>align
OUT>      [java] [Thread-2] INFO  toJava.JavaGeneratorFactory  - excluding code generation for non-included QName:{uri:iso.org:21090}CD.CV
OUT>      [java] [Thread-2] INFO  toJava.JavaGeneratorFactory  - excluding code generation for non-included QName:{gme://caCORE.caCORE/3.2/gov.nih.nci.cacoresdk.domain.inheritance.onechild}Mammal
OUT>      [java] [Thread-2] INFO  toJava.JavaGeneratorFactory  - excluding code generation for non-included QName:{uri:iso.org:21090}ED.Doc.Ref
OUT>      [java] [Thread-2] INFO  toJava.JavaGeneratorFactory  - excluding code generation for non-included QName:{uri:iso.org:21090}QSS_REAL
OUT>      [java] [Thread-2] INFO  toJava.JavaGeneratorFactory  - excluding code generation for non-included QName:{gme://caCORE.caCORE/3.2/gov.nih.nci.cacoresdk.domain.other.primarykey}LongPrimitiveKey
OUT>      [java] [Thread-2] INFO  toJava.JavaGeneratorFactory  - excluding code generation for non-included QName:{uri:iso.org:21090}TS.Date.Full
OUT>      [java] [Thread-2] INFO  toJava.JavaGeneratorFactory  - excluding code generation for non-included QName:{uri:iso.org:21090}ED.Signature
OUT>      [java] [Thread-2] INFO  toJava.JavaGeneratorFactory  - excluding code generation for non-included QName:{gme://caCORE.caCORE/3.2/gov.nih.nci.cacoresdk.domain.inheritance.parentwithassociation}TenuredProfessor
OUT>      [java] [Thread-2] INFO  toJava.JavaGeneratorFactory  - excluding code generation for non-included QName:{uri:iso.org:21090}CS[0,unbounded]
OUT>      [java] [Thread-2] INFO  toJava.JavaGeneratorFactory  - excluding code generation for non-included QName:{uri:iso.org:21090}HIST_TS
OUT>      [java] [Thread-2] INFO  toJava.JavaGeneratorFactory  - excluding code generation for non-included QName:{uri:iso.org:21090}UVP_TS.Date[0,unbounded]
OUT>      [java] [Thread-2] INFO  toJava.JavaGeneratorFactory  - excluding code generation for non-included QName:{uri:iso.org:21090}NPPD_TEL.Email
OUT>      [java] [Thread-2] INFO  toJava.JavaGeneratorFactory  - excluding code generation for non-included QName:{gme://caCORE.caCORE/3.2/gov.nih.nci.cacoresdk.domain.other.datatype}ScDataType
OUT>      [java] [Thread-2] INFO  toJava.JavaGeneratorFactory  - excluding code generation for non-included QName:{uri:iso.org:21090}SC[0,unbounded]
OUT>      [java] [Thread-2] INFO  toJava.JavaGeneratorFactory  - excluding code generation for non-included QName:{http://CQL.caBIG/2/org.cagrid.cql2.results}TargetAttribute
OUT>      [java] [Thread-2] INFO  toJava.JavaGeneratorFactory  - excluding code generation for non-included QName:{gme://caGrid.caBIG/1.0/gov.nih.nci.cagrid.metadata.security}protectionLevelType
OUT>      [java] [Thread-2] INFO  toJava.JavaGeneratorFactory  - excluding code generation for non-included QName:{uri:iso.org:21090}HIST_TEL.Person
OUT>      [java] [Thread-2] INFO  toJava.JavaGeneratorFactory  - excluding code generation for non-included QName:{uri:iso.org:21090}>tr
OUT>      [java] [Thread-2] INFO  toJava.JavaGeneratorFactory  - excluding code generation for non-included QName:{uri:iso.org:21090}INT.Positive
OUT>      [java] [Thread-2] INFO  toJava.JavaGeneratorFactory  - excluding code generation for non-included QName:{uri:iso.org:21090}>th
OUT>      [java] [Thread-2] INFO  toJava.JavaGeneratorFactory  - excluding code generation for non-included QName:{uri:iso.org:21090}II
OUT>      [java] [Thread-2] INFO  toJava.JavaGeneratorFactory  - excluding code generation for non-included QName:{uri:iso.org:21090}CD.CE
OUT>      [java] [Thread-2] INFO  toJava.JavaGeneratorFactory  - excluding code generation for non-included QName:{uri:iso.org:21090}QSP_TS.Date
OUT>      [java] [Thread-2] INFO  toJava.JavaGeneratorFactory  - excluding code generation for non-included QName:{uri:iso.org:21090}HIST_SC
OUT>      [java] [Thread-2] INFO  toJava.JavaGeneratorFactory  - excluding code generation for non-included QName:{http://docs.oasis-open.org/wsrf/2004/06/wsrf-WS-ResourceProperties-1.2-draft-01.xsd}InsertType
OUT>      [java] [Thread-2] INFO  toJava.JavaGeneratorFactory  - excluding code generation for non-included QName:{uri:iso.org:21090}LIST_ED.Doc.Ref
OUT>      [java] [Thread-2] INFO  toJava.JavaGeneratorFactory  - excluding code generation for non-included QName:{uri:iso.org:21090}DSET_ST.NT
OUT>      [java] [Thread-2] INFO  toJava.JavaGeneratorFactory  - excluding code generation for non-included QName:{uri:iso.org:21090}TS.DateTime[0,0]
OUT>      [java] [Thread-2] INFO  toJava.JavaGeneratorFactory  - excluding code generation for non-included QName:{uri:iso.org:21090}HIST_TEL.Phone
OUT>      [java] [Thread-2] INFO  toJava.JavaGeneratorFactory  - excluding code generation for non-included QName:{uri:iso.org:21090}>td
OUT>      [java] [Thread-2] INFO  toJava.JavaGeneratorFactory  - excluding code generation for non-included QName:{gme://caCORE.caCORE/3.2/gov.nih.nci.cacoresdk.domain.other.datatype}TelPersonDataType
OUT>      [java] [Thread-2] INFO  toJava.JavaGeneratorFactory  - excluding code generation for non-included QName:{uri:iso.org:21090}DSET_EN
OUT>      [java] [Thread-2] INFO  toJava.JavaGeneratorFactory  - excluding code generation for non-included QName:{gme://caGrid.caBIG/1.0/gov.nih.nci.cagrid.metadata.service}Fault
OUT>      [java] [Thread-2] INFO  toJava.JavaGeneratorFactory  - excluding code generation for non-included QName:{uri:iso.org:21090}HIST_ST
OUT>      [java] [Thread-2] INFO  toJava.JavaGeneratorFactory  - excluding code generation for non-included QName:{uri:iso.org:21090}DSET_PQ.Time
OUT>      [java] [Thread-2] INFO  toJava.JavaGeneratorFactory  - excluding code generation for non-included QName:{http://CQL.caBIG/2/org.cagrid.cql2}GroupLogicalOperator
OUT>      [java] [Thread-2] INFO  toJava.JavaGeneratorFactory  - excluding code generation for non-included QName:{uri:iso.org:21090}DSET_ED
OUT>      [java] [Thread-2] INFO  toJava.JavaGeneratorFactory  - excluding code generation for non-included QName:{uri:iso.org:21090}QSD_TS.Birth
OUT>      [java] [Thread-2] INFO  toJava.JavaGeneratorFactory  - excluding code generation for non-included QName:{gme://caCORE.caCORE/3.2/gov.nih.nci.cacoresdk.domain.other.levelassociation}Deck
OUT>      [java] [Thread-2] INFO  toJava.JavaGeneratorFactory  - excluding code generation for non-included QName:{gme://caCORE.caCORE/3.2/gov.nih.nci.cacoresdk.domain.onetomany.unidirectional}>KeyChain>keyCollection
OUT>      [java] [Thread-2] INFO  toJava.JavaGeneratorFactory  - excluding code generation for non-included QName:{uri:iso.org:21090}>colgroup
OUT>      [java] [Thread-2] INFO  toJava.JavaGeneratorFactory  - excluding code generation for non-included QName:{http://docs.oasis-open.org/wsrf/2004/06/wsrf-WS-ResourceProperties-1.2-draft-01.wsdl}QueryResourcePropertiesRequest
OUT>      [java] [Thread-2] INFO  toJava.JavaGeneratorFactory  - excluding code generation for non-included QName:{http://docs.oasis-open.org/wsn/2004/06/wsn-WS-BaseNotification-1.2-draft-01.wsdl}NoCurrentMessageOnTopicFault
OUT>      [java] [Thread-2] INFO  toJava.JavaGeneratorFactory  - excluding code generation for non-included QName:{http://docs.oasis-open.org/wsn/2004/06/wsn-WS-BaseNotification-1.2-draft-01.wsdl}SubscribeRequest
OUT>      [java] [Thread-2] INFO  toJava.JavaGeneratorFactory  - excluding code generation for non-included QName:{http://docs.oasis-open.org/wsn/2004/06/wsn-WS-BaseNotification-1.2-draft-01.wsdl}NotificationProducer
OUT>      [java] [Thread-2] INFO  toJava.JavaGeneratorFactory  - excluding code generation for non-included QName:{http://docs.oasis-open.org/wsrf/2004/06/wsrf-WS-ResourceProperties-1.2-draft-01.wsdl}QueryResourceProperties
OUT>      [java] [Thread-2] INFO  toJava.JavaGeneratorFactory  - excluding code generation for non-included QName:{http://docs.oasis-open.org/wsn/2004/06/wsn-WS-BaseNotification-1.2-draft-01.wsdl}TopicNotSupportedFault
OUT>      [java] [Thread-2] INFO  toJava.JavaGeneratorFactory  - excluding code generation for non-included QName:{http://docs.oasis-open.org/wsn/2004/06/wsn-WS-BaseNotification-1.2-draft-01.wsdl}ResumeFailedFault
OUT>      [java] [Thread-2] INFO  toJava.JavaGeneratorFactory  - excluding code generation for non-included QName:{http://docs.oasis-open.org/wsrf/2004/06/wsrf-WS-ResourceProperties-1.2-draft-01.wsdl}SetResourcePropertyRequestFailedFault
OUT>      [java] [Thread-2] INFO  toJava.JavaGeneratorFactory  - excluding code generation for non-included QName:{http://docs.oasis-open.org/wsrf/2004/06/wsrf-WS-ResourceLifetime-1.2-draft-01.wsdl}UnableToSetTerminationTimeFault
OUT>      [java] [Thread-2] INFO  toJava.JavaGeneratorFactory  - excluding code generation for non-included QName:{http://docs.oasis-open.org/wsrf/2004/06/wsrf-WS-ResourceProperties-1.2-draft-01.wsdl}ResourceUnknownFault
OUT>      [java] [Thread-2] INFO  toJava.JavaGeneratorFactory  - excluding code generation for non-included QName:{http://docs.oasis-open.org/wsrf/2004/06/wsrf-WS-ResourceProperties-1.2-draft-01.wsdl}InvalidSetResourcePropertiesRequestContentFault
OUT>      [java] [Thread-2] INFO  toJava.JavaGeneratorFactory  - excluding code generation for non-included QName:{http://docs.oasis-open.org/wsrf/2004/06/wsrf-WS-ResourceProperties-1.2-draft-01.wsdl}QueryResourcePropertiesResponse
OUT>      [java] [Thread-2] INFO  toJava.JavaGeneratorFactory  - excluding code generation for non-included QName:{http://docs.oasis-open.org/wsrf/2004/06/wsrf-WS-ResourceProperties-1.2-draft-01.wsdl}GetResourceProperty
OUT>      [java] [Thread-2] INFO  toJava.JavaGeneratorFactory  - excluding code generation for non-included QName:{http://docs.oasis-open.org/wsrf/2004/06/wsrf-WS-ResourceProperties-1.2-draft-01.wsdl}SetResourcePropertiesRequest
OUT>      [java] [Thread-2] INFO  toJava.JavaGeneratorFactory  - excluding code generation for non-included QName:{http://docs.oasis-open.org/wsrf/2004/06/wsrf-WS-ResourceProperties-1.2-draft-01.wsdl}GetResourcePropertyResponse
OUT>      [java] [Thread-2] INFO  toJava.JavaGeneratorFactory  - excluding code generation for non-included QName:{http://docs.oasis-open.org/wsrf/2004/06/wsrf-WS-ResourceProperties-1.2-draft-01.wsdl}GetResourcePropertyRequest
OUT>      [java] [Thread-2] INFO  toJava.JavaGeneratorFactory  - excluding code generation for non-included QName:{http://docs.oasis-open.org/wsrf/2004/06/wsrf-WS-ResourceProperties-1.2-draft-01.wsdl}GetMultipleResourcePropertiesRequest
OUT>      [java] [Thread-2] INFO  toJava.JavaGeneratorFactory  - excluding code generation for non-included QName:{http://docs.oasis-open.org/wsrf/2004/06/wsrf-WS-ResourceProperties-1.2-draft-01.wsdl}InvalidResourcePropertyQNameFault
OUT>      [java] [Thread-2] INFO  toJava.JavaGeneratorFactory  - excluding code generation for non-included QName:{http://docs.oasis-open.org/wsn/2004/06/wsn-WS-BaseNotification-1.2-draft-01.wsdl}ResumeSubscriptionRequest
OUT>      [java] [Thread-2] INFO  toJava.JavaGeneratorFactory  - excluding code generation for non-included QName:{http://docs.oasis-open.org/wsn/2004/06/wsn-WS-BaseNotification-1.2-draft-01.wsdl}InvalidTopicExpressionFault
OUT>      [java] [Thread-2] INFO  toJava.JavaGeneratorFactory  - excluding code generation for non-included QName:{http://docs.oasis-open.org/wsn/2004/06/wsn-WS-BaseNotification-1.2-draft-01.wsdl}PauseFailedFault
OUT>      [java] [Thread-2] INFO  toJava.JavaGeneratorFactory  - excluding code generation for non-included QName:{http://docs.oasis-open.org/wsrf/2004/06/wsrf-WS-ResourceLifetime-1.2-draft-01.wsdl}DestroyRequest
OUT>      [java] [Thread-2] INFO  toJava.JavaGeneratorFactory  - excluding code generation for non-included QName:{http://docs.oasis-open.org/wsrf/2004/06/wsrf-WS-ResourceLifetime-1.2-draft-01.wsdl}DestroyResponse
OUT>      [java] [Thread-2] INFO  toJava.JavaGeneratorFactory  - excluding code generation for non-included QName:{http://docs.oasis-open.org/wsrf/2004/06/wsrf-WS-ResourceLifetime-1.2-draft-01.wsdl}ResourceNotDestroyedFault
OUT>      [java] [Thread-2] INFO  toJava.JavaGeneratorFactory  - excluding code generation for non-included QName:{http://docs.oasis-open.org/wsrf/2004/06/wsrf-WS-BaseFaults-1.2-draft-01.wsdl}BaseFaultMessage
OUT>      [java] [Thread-2] INFO  toJava.JavaGeneratorFactory  - excluding code generation for non-included QName:{http://docs.oasis-open.org/wsrf/2004/06/wsrf-WS-ResourceProperties-1.2-draft-01.wsdl}GetMultipleResourcePropertiesResponse
OUT>      [java] [Thread-2] INFO  toJava.JavaGeneratorFactory  - excluding code generation for non-included QName:{http://docs.oasis-open.org/wsn/2004/06/wsn-WS-BaseNotification-1.2-draft-01.wsdl}PauseSubscriptionRequest
OUT>      [java] [Thread-2] INFO  toJava.JavaGeneratorFactory  - excluding code generation for non-included QName:{http://docs.oasis-open.org/wsn/2004/06/wsn-WS-BaseNotification-1.2-draft-01.wsdl}GetCurrentMessageResponse
OUT>      [java] [Thread-2] INFO  toJava.JavaGeneratorFactory  - excluding code generation for non-included QName:{http://docs.oasis-open.org/wsrf/2004/06/wsrf-WS-ResourceProperties-1.2-draft-01.wsdl}QueryEvaluationErrorFault
OUT>      [java] [Thread-2] INFO  toJava.JavaGeneratorFactory  - excluding code generation for non-included QName:{http://docs.oasis-open.org/wsn/2004/06/wsn-WS-BaseNotification-1.2-draft-01.wsdl}ResumeSubscriptionResponse
OUT>      [java] [Thread-2] INFO  toJava.JavaGeneratorFactory  - excluding code generation for non-included QName:{http://docs.oasis-open.org/wsrf/2004/06/wsrf-WS-ResourceLifetime-1.2-draft-01.wsdl}ResourceUnknownFault
OUT>      [java] [Thread-2] INFO  toJava.JavaGeneratorFactory  - excluding code generation for non-included QName:{http://docs.oasis-open.org/wsrf/2004/06/wsrf-WS-ResourceProperties-1.2-draft-01.wsdl}InvalidQueryExpressionFault
OUT>      [java] [Thread-2] INFO  toJava.JavaGeneratorFactory  - excluding code generation for non-included QName:{http://docs.oasis-open.org/wsrf/2004/06/wsrf-WS-ResourceProperties-1.2-draft-01.wsdl}UnknownQueryExpressionDialectFault
OUT>      [java] [Thread-2] INFO  toJava.JavaGeneratorFactory  - excluding code generation for non-included QName:{http://docs.oasis-open.org/wsrf/2004/06/wsrf-WS-ResourceProperties-1.2-draft-01.wsdl}GetMultipleResourceProperties
OUT>      [java] [Thread-2] INFO  toJava.JavaGeneratorFactory  - excluding code generation for non-included QName:{http://docs.oasis-open.org/wsn/2004/06/wsn-WS-BaseNotification-1.2-draft-01.wsdl}GetCurrentMessageRequest
OUT>      [java] [Thread-2] INFO  toJava.JavaGeneratorFactory  - excluding code generation for non-included QName:{http://docs.oasis-open.org/wsn/2004/06/wsn-WS-BaseNotification-1.2-draft-01.wsdl}SubscribeResponse
OUT>      [java] [Thread-2] INFO  toJava.JavaGeneratorFactory  - excluding code generation for non-included QName:{http://docs.oasis-open.org/wsn/2004/06/wsn-WS-BaseNotification-1.2-draft-01.wsdl}SubscriptionManager
OUT>      [java] [Thread-2] INFO  toJava.JavaGeneratorFactory  - excluding code generation for non-included QName:{http://docs.oasis-open.org/wsn/2004/06/wsn-WS-BaseNotification-1.2-draft-01.wsdl}Notify
OUT>      [java] [Thread-2] INFO  toJava.JavaGeneratorFactory  - excluding code generation for non-included QName:{http://docs.oasis-open.org/wsrf/2004/06/wsrf-WS-ResourceLifetime-1.2-draft-01.wsdl}TerminationTimeChangeRejectedFault
OUT>      [java] [Thread-2] INFO  toJava.JavaGeneratorFactory  - excluding code generation for non-included QName:{http://docs.oasis-open.org/wsn/2004/06/wsn-WS-BaseNotification-1.2-draft-01.wsdl}NotificationConsumer
OUT>      [java] [Thread-2] INFO  toJava.JavaGeneratorFactory  - excluding code generation for non-included QName:{http://docs.oasis-open.org/wsrf/2004/06/wsrf-WS-ResourceLifetime-1.2-draft-01.wsdl}ScheduledResourceTermination
OUT>      [java] [Thread-2] INFO  toJava.JavaGeneratorFactory  - excluding code generation for non-included QName:{http://docs.oasis-open.org/wsn/2004/06/wsn-WS-BaseNotification-1.2-draft-01.wsdl}PauseSubscriptionResponse
OUT>      [java] [Thread-2] INFO  toJava.JavaGeneratorFactory  - excluding code generation for non-included QName:{http://docs.oasis-open.org/wsn/2004/06/wsn-WS-BaseNotification-1.2-draft-01.wsdl}TopicPathDialectUnknownFault
OUT>      [java] [Thread-2] INFO  toJava.JavaGeneratorFactory  - excluding code generation for non-included QName:{http://docs.oasis-open.org/wsrf/2004/06/wsrf-WS-ResourceProperties-1.2-draft-01.wsdl}UnableToModifyResourcePropertyFault
OUT>      [java] [Thread-2] INFO  toJava.JavaGeneratorFactory  - excluding code generation for non-included QName:{http://docs.oasis-open.org/wsrf/2004/06/wsrf-WS-ResourceProperties-1.2-draft-01.wsdl}SetResourcePropertiesResponse
OUT>      [java] [Thread-2] INFO  toJava.JavaGeneratorFactory  - excluding code generation for non-included QName:{http://docs.oasis-open.org/wsrf/2004/06/wsrf-WS-ResourceLifetime-1.2-draft-01.wsdl}ImmediateResourceTermination
OUT>      [java] [Thread-2] INFO  toJava.JavaGeneratorFactory  - excluding code generation for non-included QName:{http://docs.oasis-open.org/wsrf/2004/06/wsrf-WS-ResourceLifetime-1.2-draft-01.wsdl}SetTerminationTimeResponse
OUT>      [java] [Thread-2] INFO  toJava.JavaGeneratorFactory  - excluding code generation for non-included QName:{http://docs.oasis-open.org/wsn/2004/06/wsn-WS-BaseNotification-1.2-draft-01.wsdl}ResourceUnknownFault
OUT>      [java] [Thread-2] INFO  toJava.JavaGeneratorFactory  - excluding code generation for non-included QName:{http://docs.oasis-open.org/wsn/2004/06/wsn-WS-BaseNotification-1.2-draft-01.wsdl}SubscribeCreationFailedFault
OUT>      [java] [Thread-2] INFO  toJava.JavaGeneratorFactory  - excluding code generation for non-included QName:{http://docs.oasis-open.org/wsrf/2004/06/wsrf-WS-ResourceLifetime-1.2-draft-01.wsdl}SetTerminationTimeRequest
OUT>      [java] [Thread-2] INFO  toJava.JavaGeneratorFactory  - excluding code generation for non-included QName:{http://docs.oasis-open.org/wsrf/2004/06/wsrf-WS-ResourceProperties-1.2-draft-01.wsdl}SetResourceProperties
OUT> 
OUT> stubGenerationPostProcessor:
OUT> Warning: Reference tasks.run.classpath has not been set at runtime, but was found during
OUT> build file parsing, attempting to resolve. Future versions of Ant may support
OUT>  referencing ids defined in non-executed targets.
OUT> Warning: Reference tasks.run.extended.classpath has not been set at runtime, but was found during
OUT> build file parsing, attempting to resolve. Future versions of Ant may support
OUT>  referencing ids defined in non-executed targets.
OUT> 
OUT> postStubs:
OUT>      [java] 11:50:52,496 WARN  [JavaUtils] Unable to find required classes (javax.activation.DataHandler and javax.mail.internet.MimeMultipart). Attachment support is disabled.
OUT> 
OUT> compileStubs:
OUT> 
OUT> preCompileStubs:
OUT>     [javac] Compiling 49 source files to /Users/ervin/Projects/caGrid/caGrid-1_5_release/Software/core/integration-tests/projects/sdk44StyleTests/temp/DataServiceWithSdk44/build/stubs-DataServiceWithSdk44/classes
OUT>     [javac] Note: Some input files use unchecked or unsafe operations.
OUT>     [javac] Note: Recompile with -Xlint:unchecked for details.
OUT> 
OUT> postCompileStubs:
OUT> 
OUT> jarStubs:
OUT> 
OUT> preJarStubs:
OUT>       [jar] Building jar: /Users/ervin/Projects/caGrid/caGrid-1_5_release/Software/core/integration-tests/projects/sdk44StyleTests/temp/DataServiceWithSdk44/build/lib/DataServiceWithSdk44-stubs.jar
OUT> 
OUT> postJarStubs:
OUT> 
OUT> compile:
OUT> 
OUT> preCompile:
OUT> 
OUT> postCompile:
OUT> 
OUT> jar:
OUT> 
OUT> preJar:
OUT> 
OUT> postJar:
OUT> 
OUT> compileTests:
OUT> 
OUT> preCompileTests:
OUT> 
OUT> postCompileTests:
OUT> 
OUT> jarTests:
OUT> 
OUT> preJarTests:
OUT> 
OUT> postJarTests:
OUT> 
OUT> jars:
OUT> 
OUT> all:
OUT> 
OUT> deploymentValidator:
OUT> 
OUT> setDeploymentProperties:
OUT> 
OUT> deployTomcat:
OUT>      [echo] Deploying service cagrid/DataServiceWithSdk44 under Tomcat at /Users/ervin/Projects/caGrid/caGrid-1_5_release/Software/core/caGrid/projects/introduce/tmp/Tomcat163456457162029662tmp
OUT>      [echo] Deploying service cagrid/DataServiceWithSdk44 under Tomcat at /Users/ervin/Projects/caGrid/caGrid-1_5_release/Software/core/caGrid/projects/introduce/tmp/Tomcat163456457162029662tmp/webapps/wsrf
OUT>     [mkdir] Created dir: /Users/ervin/Projects/caGrid/caGrid-1_5_release/Software/core/caGrid/projects/introduce/tmp/Tomcat163456457162029662tmp/webapps/wsrf/WEB-INF/etc/cagrid_DataServiceWithSdk44
OUT>     [mkdir] Created dir: /Users/ervin/Projects/caGrid/caGrid-1_5_release/Software/core/integration-tests/projects/sdk44StyleTests/temp/DataServiceWithSdk44/tmp
OUT> 
OUT> preDeployTomcat:
OUT> 
OUT> checkContribTasksDefined:
OUT> 
OUT> defineContribTasks:
OUT> 
OUT> setGlobus:
OUT> 
OUT> checkGlobus:
OUT>      [echo] Globus: /Users/ervin/Installs/globus/ws-core-4.0.3-sha2/
OUT> 
OUT> defineClasspaths:
OUT> 
OUT> defineExtendedClasspaths:
OUT> 
OUT> init:
OUT> 
OUT> preInit:
OUT> 
OUT> postInit:
OUT> 
OUT> setDeploymentProperties:
OUT> 
OUT> deployWebApp:
OUT> 
OUT> setGlobus:
OUT> 
OUT> checkGlobus:
OUT>      [echo] Globus: /Users/ervin/Installs/globus/ws-core-4.0.3-sha2/
OUT> 
OUT> checkContribTasksDefined:
OUT> 
OUT> defineContribTasks:
OUT> 
OUT> defineClasspaths:
OUT> 
OUT> defineExtendedClasspaths:
OUT> 
OUT> init:
OUT> 
OUT> preInit:
OUT> 
OUT> postInit:
OUT> 
OUT> prepareDeploymentTmp:
OUT>      [copy] Copying 109 files to /Users/ervin/Projects/caGrid/caGrid-1_5_release/Software/core/integration-tests/projects/sdk44StyleTests/temp/DataServiceWithSdk44/build/lib
OUT>      [copy] Copying 1 file to /Users/ervin/Projects/caGrid/caGrid-1_5_release/Software/core/integration-tests/projects/sdk44StyleTests/temp/DataServiceWithSdk44/tmp
OUT>      [copy] Copying 1 file to /Users/ervin/Projects/caGrid/caGrid-1_5_release/Software/core/integration-tests/projects/sdk44StyleTests/temp/DataServiceWithSdk44/tmp
OUT>     [mkdir] Created dir: /Users/ervin/Projects/caGrid/caGrid-1_5_release/Software/core/integration-tests/projects/sdk44StyleTests/temp/DataServiceWithSdk44/tmp/etc
OUT>      [copy] Copying 6 files to /Users/ervin/Projects/caGrid/caGrid-1_5_release/Software/core/integration-tests/projects/sdk44StyleTests/temp/DataServiceWithSdk44/tmp/etc
OUT> [createDeploymentFile] <?xml version="1.0" encoding="UTF-8"?>
OUT> [createDeploymentFile] <ns1:Deployment xmlns:ns1="gme://gov.nih.nci.cagrid.introduce/1/Deployment" xmlns:xsi="http://www.w3.org/2001/XMLSchema-instance" xsi:type="ns1:Deployment" serviceName="DataServiceWithSdk44" deploymentPrefix="cagrid" serviceDeploymentDirName="cagrid_DataServiceWithSdk44" deployDateTime="1316793055072">
OUT> [createDeploymentFile]   <Jars xsi:type="ns1:Jars">
OUT> [createDeploymentFile]     <Jar xsi:type="ns1:Jar" name="acegi-security-1.0.4.jar" location="." />
OUT> [createDeploymentFile]     <Jar xsi:type="ns1:Jar" name="activation-1.0.2.jar" location="." />
OUT> [createDeploymentFile]     <Jar xsi:type="ns1:Jar" name="activation-1.1.jar" location="." />
OUT> [createDeploymentFile]     <Jar xsi:type="ns1:Jar" name="antlr-2.7.6.jar" location="." />
OUT> [createDeploymentFile]     <Jar xsi:type="ns1:Jar" name="aopalliance-1.0.jar" location="." />
OUT> [createDeploymentFile]     <Jar xsi:type="ns1:Jar" name="asm-1.5.3.jar" location="." />
OUT> [createDeploymentFile]     <Jar xsi:type="ns1:Jar" name="c3p0-0.9.0.jar" location="." />
OUT> [createDeploymentFile]     <Jar xsi:type="ns1:Jar" name="caGrid-advertisement-1.5.jar" location="." />
OUT> [createDeploymentFile]     <Jar xsi:type="ns1:Jar" name="caGrid-caDSR-1.5.jar" location="." />
OUT> [createDeploymentFile]     <Jar xsi:type="ns1:Jar" name="caGrid-caDSR-tests-1.5.jar" location="." />
OUT> [createDeploymentFile]     <Jar xsi:type="ns1:Jar" name="caGrid-core-1.5.jar" location="." />
OUT> [createDeploymentFile]     <Jar xsi:type="ns1:Jar" name="caGrid-core-resources-1.5.jar" location="." />
OUT> [createDeploymentFile]     <Jar xsi:type="ns1:Jar" name="caGrid-CQL-cql.1.0-1.5.jar" location="." />
OUT> [createDeploymentFile]     <Jar xsi:type="ns1:Jar" name="caGrid-CQL-cql.2.0-1.5.jar" location="." />
OUT> [createDeploymentFile]     <Jar xsi:type="ns1:Jar" name="caGrid-CQL-dcql.2.0-1.5.jar" location="." />
OUT> [createDeploymentFile]     <Jar xsi:type="ns1:Jar" name="caGrid-CQL-mappings-1.5.jar" location="." />
OUT> [createDeploymentFile]     <Jar xsi:type="ns1:Jar" name="caGrid-CQL-utils-1.5.jar" location="." />
OUT> [createDeploymentFile]     <Jar xsi:type="ns1:Jar" name="caGrid-data-common-1.5.jar" location="." />
OUT> [createDeploymentFile]     <Jar xsi:type="ns1:Jar" name="caGrid-data-cql-1.5.jar" location="." />
OUT> [createDeploymentFile]     <Jar xsi:type="ns1:Jar" name="caGrid-data-service-1.5.jar" location="." />
OUT> [createDeploymentFile]     <Jar xsi:type="ns1:Jar" name="caGrid-data-stubs-1.5.jar" location="." />
OUT> [createDeploymentFile]     <Jar xsi:type="ns1:Jar" name="caGrid-data-tools-1.5.jar" location="." />
OUT> [createDeploymentFile]     <Jar xsi:type="ns1:Jar" name="caGrid-data-utils-1.5.jar" location="." />
OUT> [createDeploymentFile]     <Jar xsi:type="ns1:Jar" name="caGrid-data-validation-1.5.jar" location="." />
OUT> [createDeploymentFile]     <Jar xsi:type="ns1:Jar" name="caGrid-dataExtensions-sdkstyle-1.5.jar" location="." />
OUT> [createDeploymentFile]     <Jar xsi:type="ns1:Jar" name="caGrid-Introduce-core-1.5.jar" location="." />
OUT> [createDeploymentFile]     <Jar xsi:type="ns1:Jar" name="caGrid-Introduce-core-tests-1.5.jar" location="." />
OUT> [createDeploymentFile]     <Jar xsi:type="ns1:Jar" name="caGrid-Introduce-serviceTools-1.5.jar" location="." />
OUT> [createDeploymentFile]     <Jar xsi:type="ns1:Jar" name="caGrid-iso21090-analytical-extension-1.5.jar" location="." />
OUT> [createDeploymentFile]     <Jar xsi:type="ns1:Jar" name="caGrid-iso21090-analytical-extension-tests-1.5.jar" location="." />
OUT> [createDeploymentFile]     <Jar xsi:type="ns1:Jar" name="caGrid-iso21090-domain-model-tools-1.5.jar" location="." />
OUT> [createDeploymentFile]     <Jar xsi:type="ns1:Jar" name="caGrid-metadata-common-1.5.jar" location="." />
OUT> [createDeploymentFile]     <Jar xsi:type="ns1:Jar" name="caGrid-metadata-data-1.5.jar" location="." />
OUT> [createDeploymentFile]     <Jar xsi:type="ns1:Jar" name="caGrid-metadata-security-1.5.jar" location="." />
OUT> [createDeploymentFile]     <Jar xsi:type="ns1:Jar" name="caGrid-metadata-validator-1.5.jar" location="." />
OUT> [createDeploymentFile]     <Jar xsi:type="ns1:Jar" name="caGrid-metadatautils-1.5.jar" location="." />
OUT> [createDeploymentFile]     <Jar xsi:type="ns1:Jar" name="caGrid-mms-client-1.5.jar" location="." />
OUT> [createDeploymentFile]     <Jar xsi:type="ns1:Jar" name="caGrid-mms-common-1.5.jar" location="." />
OUT> [createDeploymentFile]     <Jar xsi:type="ns1:Jar" name="caGrid-mms-stubs-1.5.jar" location="." />
OUT> [createDeploymentFile]     <Jar xsi:type="ns1:Jar" name="caGrid-sdkQuery44-processor-1.5.jar" location="." />
OUT> [createDeploymentFile]     <Jar xsi:type="ns1:Jar" name="caGrid-sdkQuery44-style-1.5.jar" location="." />
OUT> [createDeploymentFile]     <Jar xsi:type="ns1:Jar" name="caGrid-sdkQuery44-test-1.5.jar" location="." />
OUT> [createDeploymentFile]     <Jar xsi:type="ns1:Jar" name="caGrid-sdkQuery44-translator-1.5.jar" location="." />
OUT> [createDeploymentFile]     <Jar xsi:type="ns1:Jar" name="caGrid-ServiceSecurityProvider-client-1.5.jar" location="." />
OUT> [createDeploymentFile]     <Jar xsi:type="ns1:Jar" name="caGrid-ServiceSecurityProvider-common-1.5.jar" location="." />
OUT> [createDeploymentFile]     <Jar xsi:type="ns1:Jar" name="caGrid-ServiceSecurityProvider-service-1.5.jar" location="." />
OUT> [createDeploymentFile]     <Jar xsi:type="ns1:Jar" name="caGrid-ServiceSecurityProvider-stubs-1.5.jar" location="." />
OUT> [createDeploymentFile]     <Jar xsi:type="ns1:Jar" name="castor-1.0.2.jar" location="." />
OUT> [createDeploymentFile]     <Jar xsi:type="ns1:Jar" name="cglib-2.1_3.jar" location="." />
OUT> [createDeploymentFile]     <Jar xsi:type="ns1:Jar" name="clm-4.2.beta.jar" location="." />
OUT> [createDeploymentFile]     <Jar xsi:type="ns1:Jar" name="cog-axis-noversion.jar" location="." />
OUT> [createDeploymentFile]     <Jar xsi:type="ns1:Jar" name="commons-beanutils-1.7.0.jar" location="." />
OUT> [createDeploymentFile]     <Jar xsi:type="ns1:Jar" name="commons-codec-1.3.jar" location="." />
OUT> [createDeploymentFile]     <Jar xsi:type="ns1:Jar" name="commons-collections-3.2.jar" location="." />
OUT> [createDeploymentFile]     <Jar xsi:type="ns1:Jar" name="commons-discovery-0.2.jar" location="." />
OUT> [createDeploymentFile]     <Jar xsi:type="ns1:Jar" name="commons-httpclient-3.0.1.jar" location="." />
OUT> [createDeploymentFile]     <Jar xsi:type="ns1:Jar" name="commons-httpclient-3.0.jar" location="." />
OUT> [createDeploymentFile]     <Jar xsi:type="ns1:Jar" name="commons-lang-2.4.jar" location="." />
OUT> [createDeploymentFile]     <Jar xsi:type="ns1:Jar" name="commons-logging-1.1.jar" location="." />
OUT> [createDeploymentFile]     <Jar xsi:type="ns1:Jar" name="csmapi-4.2.jar" location="." />
OUT> [createDeploymentFile]     <Jar xsi:type="ns1:Jar" name="DataServiceWithSdk44-client.jar" location="." />
OUT> [createDeploymentFile]     <Jar xsi:type="ns1:Jar" name="DataServiceWithSdk44-common.jar" location="." />
OUT> [createDeploymentFile]     <Jar xsi:type="ns1:Jar" name="DataServiceWithSdk44-service.jar" location="." />
OUT> [createDeploymentFile]     <Jar xsi:type="ns1:Jar" name="DataServiceWithSdk44-stubs.jar" location="." />
OUT> [createDeploymentFile]     <Jar xsi:type="ns1:Jar" name="DataServiceWithSdk44-tests.jar" location="." />
OUT> [createDeploymentFile]     <Jar xsi:type="ns1:Jar" name="dom4j-1.4.jar" location="." />
OUT> [createDeploymentFile]     <Jar xsi:type="ns1:Jar" name="ehcache-1.2.4.jar" location="." />
OUT> [createDeploymentFile]     <Jar xsi:type="ns1:Jar" name="ehcache-1.6.2.jar" location="." />
OUT> [createDeploymentFile]     <Jar xsi:type="ns1:Jar" name="globus_wsrf_mds_aggregator.jar" location="." />
OUT> [createDeploymentFile]     <Jar xsi:type="ns1:Jar" name="globus_wsrf_mds_aggregator_stubs.jar" location="." />
OUT> [createDeploymentFile]     <Jar xsi:type="ns1:Jar" name="globus_wsrf_servicegroup.jar" location="." />
OUT> [createDeploymentFile]     <Jar xsi:type="ns1:Jar" name="globus_wsrf_servicegroup_stubs.jar" location="." />
OUT> [createDeploymentFile]     <Jar xsi:type="ns1:Jar" name="hibernate-3.2.0.ga-modified.jar" location="." />
OUT> [createDeploymentFile]     <Jar xsi:type="ns1:Jar" name="hibernate-annotations-3.2.0.jar" location="." />
OUT> [createDeploymentFile]     <Jar xsi:type="ns1:Jar" name="hibernate-validator-3.0.0.GA.jar" location="." />
OUT> [createDeploymentFile]     <Jar xsi:type="ns1:Jar" name="iso-datatypes-2.1.1.jar" location="." />
OUT> [createDeploymentFile]     <Jar xsi:type="ns1:Jar" name="iso-datatypes-2.1.jar" location="." />
OUT> [createDeploymentFile]     <Jar xsi:type="ns1:Jar" name="iso-datatypes-extensions-2.1.1.jar" location="." />
OUT> [createDeploymentFile]     <Jar xsi:type="ns1:Jar" name="iso-datatypes-extensions-2.1.jar" location="." />
OUT> [createDeploymentFile]     <Jar xsi:type="ns1:Jar" name="iso-datatypes-hibernate-2.1.1.jar" location="." />
OUT> [createDeploymentFile]     <Jar xsi:type="ns1:Jar" name="isoExample-beans.jar" location="." />
OUT> [createDeploymentFile]     <Jar xsi:type="ns1:Jar" name="isoExample-config.jar" location="." />
OUT> [createDeploymentFile]     <Jar xsi:type="ns1:Jar" name="isoExample-orm.jar" location="." />
OUT> [createDeploymentFile]     <Jar xsi:type="ns1:Jar" name="isoExample-schema.jar" location="." />
OUT> [createDeploymentFile]     <Jar xsi:type="ns1:Jar" name="jaxb-api-2.1.jar" location="." />
OUT> [createDeploymentFile]     <Jar xsi:type="ns1:Jar" name="jaxb-impl-2.1.4.jar" location="." />
OUT> [createDeploymentFile]     <Jar xsi:type="ns1:Jar" name="jaxb-xjc-2.1.4.jar" location="." />
OUT> [createDeploymentFile]     <Jar xsi:type="ns1:Jar" name="jaxen-1.1.1.jar" location="." />
OUT> [createDeploymentFile]     <Jar xsi:type="ns1:Jar" name="jaxrpc-1.1.jar" location="." />
OUT> [createDeploymentFile]     <Jar xsi:type="ns1:Jar" name="jdom-1.0.jar" location="." />
OUT> [createDeploymentFile]     <Jar xsi:type="ns1:Jar" name="jdom-1.1.jar" location="." />
OUT> [createDeploymentFile]     <Jar xsi:type="ns1:Jar" name="jsr173_1.0_api.jar" location="." />
OUT> [createDeploymentFile]     <Jar xsi:type="ns1:Jar" name="jta-1.0.1B.jar" location="." />
OUT> [createDeploymentFile]     <Jar xsi:type="ns1:Jar" name="log4j-1.2.13.jar" location="." />
OUT> [createDeploymentFile]     <Jar xsi:type="ns1:Jar" name="mysql-connector-java-5.0.8.jar" location="." />
OUT> [createDeploymentFile]     <Jar xsi:type="ns1:Jar" name="org.springframework.aop-3.0.1.RELEASE-A.jar" location="." />
OUT> [createDeploymentFile]     <Jar xsi:type="ns1:Jar" name="org.springframework.asm-3.0.1.RELEASE-A.jar" location="." />
OUT> [createDeploymentFile]     <Jar xsi:type="ns1:Jar" name="org.springframework.beans-3.0.1.RELEASE-A.jar" location="." />
OUT> [createDeploymentFile]     <Jar xsi:type="ns1:Jar" name="org.springframework.context-3.0.1.RELEASE-A.jar" location="." />
OUT> [createDeploymentFile]     <Jar xsi:type="ns1:Jar" name="org.springframework.context.support-3.0.1.RELEASE-A.jar" location="." />
OUT> [createDeploymentFile]     <Jar xsi:type="ns1:Jar" name="org.springframework.core-3.0.1.RELEASE-A.jar" location="." />
OUT> [createDeploymentFile]     <Jar xsi:type="ns1:Jar" name="org.springframework.expression-3.0.1.RELEASE-A.jar" location="." />
OUT> [createDeploymentFile]     <Jar xsi:type="ns1:Jar" name="org.springframework.jdbc-3.0.1.RELEASE-A.jar" location="." />
OUT> [createDeploymentFile]     <Jar xsi:type="ns1:Jar" name="org.springframework.orm-3.0.1.RELEASE-A.jar" location="." />
OUT> [createDeploymentFile]     <Jar xsi:type="ns1:Jar" name="org.springframework.transaction-3.0.1.RELEASE-A.jar" location="." />
OUT> [createDeploymentFile]     <Jar xsi:type="ns1:Jar" name="org.springframework.web-3.0.1.RELEASE-A.jar" location="." />
OUT> [createDeploymentFile]     <Jar xsi:type="ns1:Jar" name="sdk-security-4.4.jar" location="." />
OUT> [createDeploymentFile]     <Jar xsi:type="ns1:Jar" name="sdk-security-client-4.4.jar" location="." />
OUT> [createDeploymentFile]     <Jar xsi:type="ns1:Jar" name="sdk-system-client-4.4.jar" location="." />
OUT> [createDeploymentFile]     <Jar xsi:type="ns1:Jar" name="sdk-system-core-4.4.jar" location="." />
OUT> [createDeploymentFile]     <Jar xsi:type="ns1:Jar" name="spring-2.0.2.jar" location="." />
OUT> [createDeploymentFile]     <Jar xsi:type="ns1:Jar" name="stax-api-1.0-2.jar" location="." />
OUT> [createDeploymentFile]     <Jar xsi:type="ns1:Jar" name="xercesImpl-2.7.1.jar" location="." />
OUT> [createDeploymentFile]     <Jar xsi:type="ns1:Jar" name="xmi.in.out-1.0.jar" location="." />
OUT> [createDeploymentFile]   </Jars>
OUT> [createDeploymentFile] </ns1:Deployment>
OUT> [createDeploymentFile] 
OUT> [createDeploymentFile] 
OUT>      [copy] Copying 1 file to /Users/ervin/Projects/caGrid/caGrid-1_5_release/Software/core/caGrid/projects/introduce/tmp/Tomcat163456457162029662tmp/webapps/wsrf/WEB-INF/etc/cagrid_DataServiceWithSdk44
OUT>      [copy] Copying 1 file to /Users/ervin/Projects/caGrid/caGrid-1_5_release/Software/core/caGrid/projects/introduce/tmp/Tomcat163456457162029662tmp/webapps/wsrf/WEB-INF/etc/cagrid_DataServiceWithSdk44
OUT>      [copy] Copying 7 files to /Users/ervin/Projects/caGrid/caGrid-1_5_release/Software/core/caGrid/projects/introduce/tmp/Tomcat163456457162029662tmp/webapps/wsrf/WEB-INF/etc/cagrid_DataServiceWithSdk44
OUT>    [delete] Deleting directory /Users/ervin/Projects/caGrid/caGrid-1_5_release/Software/core/integration-tests/projects/sdk44StyleTests/temp/DataServiceWithSdk44/tmp
OUT>      [copy] Copying 224 files to /Users/ervin/Projects/caGrid/caGrid-1_5_release/Software/core/caGrid/projects/introduce/tmp/Tomcat163456457162029662tmp/webapps/wsrf/WEB-INF/lib
OUT>      [copy] Copying 70 files to /Users/ervin/Projects/caGrid/caGrid-1_5_release/Software/core/caGrid/projects/introduce/tmp/Tomcat163456457162029662tmp/webapps/wsrf/share/schema/DataServiceWithSdk44
OUT> 
OUT> _delete.bcprov:
OUT> 
OUT> _delete.jglobus2:
OUT> 
OUT> BUILD SUCCESSFUL
OUT> Total time: 18 seconds

> StartContainerStep (org.cagrid.tests.data.styles.cacore44.upgrade.from14.SDK44DataServiceUpgradeTest)

Starting service container
Command environment:

Command environment:

TERM=xterm
TERM=xterm
ANT_OPTS=-Xmx1024m -Xms512m
ANT_OPTS=-Xmx1024m -Xms512m
com.apple.java.jvmMode=client
com.apple.java.jvmMode=client
SHLVL=4
SHLVL=4
JAVA_HOME=/System/Library/Frameworks/JavaVM.framework/Versions/CurrentJDK/Home
JAVA_HOME=/System/Library/Frameworks/JavaVM.framework/Versions/CurrentJDK/Home
__CF_USER_TEXT_ENCODING=0x1F5:0:0
__CF_USER_TEXT_ENCODING=0x1F5:0:0
HOSTTYPE=intel-mac
HOSTTYPE=intel-mac
REMOTEHOST=
REMOTEHOST=
PWD=/Users/ervin/Projects/caGrid/caGrid-1_5_release/Software/core/integration-tests/projects/sdk44StyleTests
PWD=/Users/ervin/Projects/caGrid/caGrid-1_5_release/Software/core/integration-tests/projects/sdk44StyleTests
HOST=David-Ervins-MacBook-Pro-2.local
HOST=David-Ervins-MacBook-Pro-2.local
XTERM_VERSION=XTerm(251)
XTERM_VERSION=XTerm(251)
LOGNAME=ervin
LOGNAME=ervin
WINDOWID=12582925
WINDOWID=12582925
CVS_RSH=ssh
CVS_RSH=ssh
MACHTYPE=x86_64
MACHTYPE=x86_64
SSH_AUTH_SOCK=/tmp/launch-vWyEtK/Listeners
SSH_AUTH_SOCK=/tmp/launch-vWyEtK/Listeners
SHELL=/bin/tcsh
SHELL=/bin/tcsh
GROUP=staff
GROUP=staff
EDITOR=nano
EDITOR=nano
TMPDIR=/var/folders/M2/M2eLa4tFElelS2p09b6x7U+++TI/-Tmp-/
TMPDIR=/var/folders/M2/M2eLa4tFElelS2p09b6x7U+++TI/-Tmp-/
X11_PREFS_DOMAIN=org.x.X11
X11_PREFS_DOMAIN=org.x.X11
PATH=/Users/ervin/Installs/ant/apache-ant-1.7.1//bin:/opt/local/bin:/opt/local/sbin:/System/Library/Frameworks/JavaVM.framework/Versions/CurrentJDK/Home/bin:/Users/ervin/Installs/ant/apache-ant-1.7.1/bin:/Users/ervin/Installs/ant/apache-ant-1.8.2//bin:/opt/local/bin:/opt/local/sbin:/System/Library/Frameworks/JavaVM.framework/Versions/CurrentJDK/Home/bin:/Users/ervin/Installs/ant/apache-ant-1.7.1/bin:/opt/local/bin:/opt/local/sbin:/System/Library/Frameworks/JavaVM.framework/Versions/CurrentJDK/Home/bin:/Users/ervin/Installs/ant/apache-ant-1.7.1/bin:/usr/bin:/bin:/usr/sbin:/sbin:/usr/local/bin:/usr/X11/bin:/usr/X11/bin
PATH=/Users/ervin/Installs/ant/apache-ant-1.7.1//bin:/opt/local/bin:/opt/local/sbin:/System/Library/Frameworks/JavaVM.framework/Versions/CurrentJDK/Home/bin:/Users/ervin/Installs/ant/apache-ant-1.7.1/bin:/Users/ervin/Installs/ant/apache-ant-1.8.2//bin:/opt/local/bin:/opt/local/sbin:/System/Library/Frameworks/JavaVM.framework/Versions/CurrentJDK/Home/bin:/Users/ervin/Installs/ant/apache-ant-1.7.1/bin:/opt/local/bin:/opt/local/sbin:/System/Library/Frameworks/JavaVM.framework/Versions/CurrentJDK/Home/bin:/Users/ervin/Installs/ant/apache-ant-1.7.1/bin:/usr/bin:/bin:/usr/sbin:/sbin:/usr/local/bin:/usr/X11/bin:/usr/X11/bin
COMMAND_MODE=unix2003
COMMAND_MODE=unix2003
DISPLAY=/tmp/launch-p86Jm1/org.x:0
DISPLAY=/tmp/launch-p86Jm1/org.x:0
USER=ervin
USER=ervin
ANT_HOME=/Users/ervin/Installs/ant/apache-ant-1.7.1/
ANT_HOME=/Users/ervin/Installs/ant/apache-ant-1.7.1/
com.apple.java.jvmTask=CommandLine_Manual.java.java
com.apple.java.jvmTask=CommandLine_Manual.java.java
CATALINA_HOME=/Users/ervin/Projects/caGrid/caGrid-1_5_release/Software/core/caGrid/projects/introduce/tmp/Tomcat163456457162029662tmp
CATALINA_HOME=/Users/ervin/Projects/caGrid/caGrid-1_5_release/Software/core/caGrid/projects/introduce/tmp/Tomcat163456457162029662tmp
JAVA_MAIN_CLASS_16077=org.apache.tools.ant.taskdefs.optional.junit.JUnitTestRunner
JAVA_MAIN_CLASS_16077=org.apache.tools.ant.taskdefs.optional.junit.JUnitTestRunner
HOME=/Users/ervin
HOME=/Users/ervin
XTERM_SHELL=/bin/tcsh
XTERM_SHELL=/bin/tcsh
GLOBUS_LOCATION=/Users/ervin/Installs/globus/ws-core-4.0.3-sha2/
GLOBUS_LOCATION=/Users/ervin/Installs/globus/ws-core-4.0.3-sha2/
Apple_PubSub_Socket_Render=/tmp/launch-goK2fm/Render
Apple_PubSub_Socket_Render=/tmp/launch-goK2fm/Render
XTERM_LOCALE=C
XTERM_LOCALE=C
OSTYPE=darwin
OSTYPE=darwin
JAVA_MAIN_CLASS_16073=org.apache.tools.ant.launch.Launcher
JAVA_MAIN_CLASS_16073=org.apache.tools.ant.launch.Launcher
VENDOR=apple
VENDOR=apple
OUT> 11:50:57,803 WARN  [JavaUtils] Unable to find required classes (javax.activation.DataHandler and javax.mail.internet.MimeMultipart). Attachment support is disabled.
Connection attempt 1
STORY: org.cagrid.tests.data.styles.cacore44.upgrade.from14.SDK44DataServiceUpgradeTest COMPLETE. Tearing down
/Users/ervin/Projects/caGrid/caGrid-1_5_release/Software/core/caGrid/projects/introduce/tmp/Tomcat163456457162029662tmp
Stopping temporary service container
Command environment:

TERM=xterm
ANT_OPTS=-Xmx1024m -Xms512m
com.apple.java.jvmMode=client
SHLVL=4
JAVA_HOME=/System/Library/Frameworks/JavaVM.framework/Versions/CurrentJDK/Home
__CF_USER_TEXT_ENCODING=0x1F5:0:0
HOSTTYPE=intel-mac
REMOTEHOST=
PWD=/Users/ervin/Projects/caGrid/caGrid-1_5_release/Software/core/integration-tests/projects/sdk44StyleTests
HOST=David-Ervins-MacBook-Pro-2.local
XTERM_VERSION=XTerm(251)
LOGNAME=ervin
WINDOWID=12582925
CVS_RSH=ssh
MACHTYPE=x86_64
SSH_AUTH_SOCK=/tmp/launch-vWyEtK/Listeners
SHELL=/bin/tcsh
GROUP=staff
EDITOR=nano
TMPDIR=/var/folders/M2/M2eLa4tFElelS2p09b6x7U+++TI/-Tmp-/
X11_PREFS_DOMAIN=org.x.X11
PATH=/Users/ervin/Installs/ant/apache-ant-1.7.1//bin:/opt/local/bin:/opt/local/sbin:/System/Library/Frameworks/JavaVM.framework/Versions/CurrentJDK/Home/bin:/Users/ervin/Installs/ant/apache-ant-1.7.1/bin:/Users/ervin/Installs/ant/apache-ant-1.8.2//bin:/opt/local/bin:/opt/local/sbin:/System/Library/Frameworks/JavaVM.framework/Versions/CurrentJDK/Home/bin:/Users/ervin/Installs/ant/apache-ant-1.7.1/bin:/opt/local/bin:/opt/local/sbin:/System/Library/Frameworks/JavaVM.framework/Versions/CurrentJDK/Home/bin:/Users/ervin/Installs/ant/apache-ant-1.7.1/bin:/usr/bin:/bin:/usr/sbin:/sbin:/usr/local/bin:/usr/X11/bin:/usr/X11/bin
COMMAND_MODE=unix2003
DISPLAY=/tmp/launch-p86Jm1/org.x:0
USER=ervin
ANT_HOME=/Users/ervin/Installs/ant/apache-ant-1.7.1/
com.apple.java.jvmTask=CommandLine_Manual.java.java
CATALINA_HOME=/Users/ervin/Projects/caGrid/caGrid-1_5_release/Software/core/caGrid/projects/introduce/tmp/Tomcat163456457162029662tmp
JAVA_MAIN_CLASS_16077=org.apache.tools.ant.taskdefs.optional.junit.JUnitTestRunner
HOME=/Users/ervin
XTERM_SHELL=/bin/tcsh
GLOBUS_LOCATION=/Users/ervin/Installs/globus/ws-core-4.0.3-sha2/
Apple_PubSub_Socket_Render=/tmp/launch-goK2fm/Render
XTERM_LOCALE=C
OSTYPE=darwin
JAVA_MAIN_CLASS_16073=org.apache.tools.ant.launch.Launcher
VENDOR=apple
WAITING 60 seconds to shut down
Waiting for shutdown process to complete
OUT> Sep 23, 2011 11:51:03 AM org.apache.catalina.startup.Catalina stopServer
OUT> SEVERE: Catalina.stop: 
OUT> java.net.ConnectException: Connection refused
OUT> 	at java.net.PlainSocketImpl.socketConnect(Native Method)
OUT> 	at java.net.PlainSocketImpl.doConnect(PlainSocketImpl.java:351)
OUT> 	at java.net.PlainSocketImpl.connectToAddress(PlainSocketImpl.java:213)
OUT> 	at java.net.PlainSocketImpl.connect(PlainSocketImpl.java:200)
OUT> 	at java.net.SocksSocketImpl.connect(SocksSocketImpl.java:385)
OUT> 	at java.net.Socket.connect(Socket.java:529)
OUT> 	at java.net.Socket.connect(Socket.java:478)
OUT> 	at java.net.Socket.<init>(Socket.java:375)
OUT> 	at java.net.Socket.<init>(Socket.java:189)
OUT> 	at org.apache.catalina.startup.Catalina.stopServer(Catalina.java:395)
OUT> 	at sun.reflect.NativeMethodAccessorImpl.invoke0(Native Method)
OUT> 	at sun.reflect.NativeMethodAccessorImpl.invoke(NativeMethodAccessorImpl.java:39)
OUT> 	at sun.reflect.DelegatingMethodAccessorImpl.invoke(DelegatingMethodAccessorImpl.java:25)
OUT> 	at java.lang.reflect.Method.invoke(Method.java:597)
OUT> 	at org.apache.catalina.startup.Bootstrap.stopServer(Bootstrap.java:344)
OUT> 	at org.apache.catalina.startup.Bootstrap.main(Bootstrap.java:435)
Waiting for catalina process to terminate
Error shutting down container: null
java.util.concurrent.TimeoutException
	at java.util.concurrent.FutureTask$Sync.innerGet(FutureTask.java:228)
	at java.util.concurrent.FutureTask.get(FutureTask.java:91)
	at gov.nih.nci.cagrid.testing.system.deployment.TomcatServiceContainer.shutdown(TomcatServiceContainer.java:249)
	at gov.nih.nci.cagrid.testing.system.deployment.ServiceContainer.stopContainer(ServiceContainer.java:71)
	at gov.nih.nci.cagrid.testing.system.deployment.steps.StopContainerStep.runStep(StopContainerStep.java:30)
	at org.cagrid.tests.data.styles.cacore44.upgrade.UpgradeStory.storyTearDown(UpgradeStory.java:76)
	at gov.nih.nci.cagrid.testing.system.haste.Story.tearDown(Story.java:68)
	at gov.nih.nci.cagrid.testing.system.haste.Story.runBare(Story.java:157)
	at sun.reflect.NativeMethodAccessorImpl.invoke0(Native Method)
	at sun.reflect.NativeMethodAccessorImpl.invoke(NativeMethodAccessorImpl.java:39)
	at sun.reflect.DelegatingMethodAccessorImpl.invoke(DelegatingMethodAccessorImpl.java:25)
	at java.lang.reflect.Method.invoke(Method.java:597)
	at org.junit.runners.model.FrameworkMethod$1.runReflectiveCall(FrameworkMethod.java:44)
	at org.junit.internal.runners.model.ReflectiveCallable.run(ReflectiveCallable.java:15)
	at org.junit.runners.model.FrameworkMethod.invokeExplosively(FrameworkMethod.java:41)
	at org.junit.internal.runners.statements.InvokeMethod.evaluate(InvokeMethod.java:20)
	at org.junit.runners.BlockJUnit4ClassRunner.runNotIgnored(BlockJUnit4ClassRunner.java:79)
	at org.junit.runners.BlockJUnit4ClassRunner.runChild(BlockJUnit4ClassRunner.java:71)
	at org.junit.runners.BlockJUnit4ClassRunner.runChild(BlockJUnit4ClassRunner.java:49)
	at org.junit.runners.ParentRunner$3.run(ParentRunner.java:193)
	at org.junit.runners.ParentRunner$1.schedule(ParentRunner.java:52)
	at org.junit.runners.ParentRunner.runChildren(ParentRunner.java:191)
	at org.junit.runners.ParentRunner.access$000(ParentRunner.java:42)
	at org.junit.runners.ParentRunner$2.evaluate(ParentRunner.java:184)
	at org.junit.runners.ParentRunner.run(ParentRunner.java:236)
	at junit.framework.JUnit4TestAdapter.run(JUnit4TestAdapter.java:39)
	at org.apache.tools.ant.taskdefs.optional.junit.JUnitTestRunner.run(JUnitTestRunner.java:420)
	at org.apache.tools.ant.taskdefs.optional.junit.JUnitTestRunner.launch(JUnitTestRunner.java:911)
	at org.apache.tools.ant.taskdefs.optional.junit.JUnitTestRunner.main(JUnitTestRunner.java:768)
Shutdown task complete, destroying processes
Processes destroyed
Shutdown command failed: (process exited with value of 0)
Destroying service container
]]></system-out>
  <system-err><![CDATA[OUT> Sep 23, 2011 11:50:56 AM org.apache.catalina.core.AprLifecycleListener lifecycleEvent
OUT> INFO: The Apache Tomcat Native library which allows optimal performance in production environments was not found on the java.library.path: .:/Library/Java/Extensions:/System/Library/Java/Extensions:/usr/lib/java
OUT> Sep 23, 2011 11:50:56 AM org.apache.coyote.http11.Http11BaseProtocol init
OUT> INFO: Initializing Coyote HTTP/1.1 on http-45368
OUT> Sep 23, 2011 11:50:56 AM org.apache.catalina.startup.Catalina load
OUT> INFO: Initialization processed in 311 ms
OUT> Sep 23, 2011 11:50:56 AM org.apache.catalina.core.StandardService start
OUT> INFO: Starting service Catalina
OUT> Sep 23, 2011 11:50:56 AM org.apache.catalina.core.StandardEngine start
OUT> INFO: Starting Servlet Engine: Apache Tomcat/5.5.27
OUT> Sep 23, 2011 11:50:56 AM org.apache.catalina.core.StandardHost start
OUT> INFO: XML validation disabled
OUT> Sep 23, 2011 11:50:57 AM org.apache.catalina.loader.WebappClassLoader validateJarFile
OUT> INFO: validateJarFile(/Users/ervin/Projects/caGrid/caGrid-1_5_release/Software/core/caGrid/projects/introduce/tmp/Tomcat163456457162029662tmp/webapps/wsrf/WEB-INF/lib/jsp-api.jar) - jar not loaded. See Servlet Spec 2.3, section 9.7.2. Offending class: javax/servlet/jsp/JspPage.class
OUT> Sep 23, 2011 11:50:57 AM org.apache.catalina.loader.WebappClassLoader validateJarFile
OUT> INFO: validateJarFile(/Users/ervin/Projects/caGrid/caGrid-1_5_release/Software/core/caGrid/projects/introduce/tmp/Tomcat163456457162029662tmp/webapps/wsrf/WEB-INF/lib/servlet-api.jar) - jar not loaded. See Servlet Spec 2.3, section 9.7.2. Offending class: javax/servlet/Servlet.class
OUT> Sep 23, 2011 11:51:12 AM org.apache.coyote.http11.Http11BaseProtocol start
OUT> INFO: Starting Coyote HTTP/1.1 on http-45368
OUT> Sep 23, 2011 11:51:12 AM org.apache.jk.common.ChannelSocket init
OUT> INFO: JK: ajp13 listening on /0.0.0.0:8009
OUT> Sep 23, 2011 11:51:12 AM org.apache.jk.server.JkMain start
OUT> INFO: Jk running ID=0 time=0/10  config=null
OUT> Sep 23, 2011 11:51:12 AM org.apache.catalina.storeconfig.StoreLoader load
OUT> INFO: Find registry server-registry.xml at classpath resource
OUT> Sep 23, 2011 11:51:12 AM org.apache.catalina.startup.Catalina start
OUT> INFO: Server startup in 15656 ms
OUT> Sep 23, 2011 11:52:03 AM org.apache.coyote.http11.Http11BaseProtocol pause
OUT> INFO: Pausing Coyote HTTP/1.1 on http-45368
java.io.IOException: Bad file descriptor
	at java.io.FileInputStream.readBytes(Native Method)
	at java.io.FileInputStream.read(FileInputStream.java:199)
	at java.lang.UNIXProcess$DeferredCloseInputStream.read(UNIXProcess.java:227)
	at sun.nio.cs.StreamDecoder.readBytes(StreamDecoder.java:264)
	at sun.nio.cs.StreamDecoder.implRead(StreamDecoder.java:306)
	at sun.nio.cs.StreamDecoder.read(StreamDecoder.java:158)
	at java.io.InputStreamReader.read(InputStreamReader.java:167)
	at java.io.BufferedReader.fill(BufferedReader.java:136)
	at java.io.BufferedReader.readLine(BufferedReader.java:299)
	at java.io.BufferedReader.readLine(BufferedReader.java:362)
	at gov.nih.nci.cagrid.common.StreamGobbler.run(StreamGobbler.java:101)
]]></system-err>
</testsuite>
