<?xml version="1.0" encoding="UTF-8" ?>
<testsuite errors="0" failures="0" hostname="David-Ervins-MacBook-Pro-2.local" name="org.cagrid.tests.data.styles.cacore44.integration.story.SDK44DataServiceSystemTests" tests="1" time="289.418" timestamp="2011-09-23T18:48:53">
  <properties>
    <property name="file.encoding.pkg" value="sun.io" />
    <property name="java.home" value="/System/Library/Java/JavaVirtualMachines/1.6.0.jdk/Contents/Home" />
    <property name="env.DISPLAY" value="/tmp/launch-p86Jm1/org.x:0" />
    <property name="sdk44.tests.base.dir" value="/Users/ervin/Projects/caGrid/caGrid-1_5_release/Software/core/integration-tests/projects/sdk44StyleTests" />
    <property name="java.endorsed.dirs" value="/System/Library/Java/JavaVirtualMachines/1.6.0.jdk/Contents/Home/lib/endorsed" />
    <property name="env.LOGNAME" value="ervin" />
    <property name="src.dir" value="/Users/ervin/Projects/caGrid/caGrid-1_5_release/Software/core/integration-tests/projects/sdk44StyleTests/src/java" />
    <property name="sdk.conf.dir" value="/Users/ervin/Projects/caGrid/caGrid-1_5_release/Software/core/integration-tests/projects/sdk44StyleTests/sdk/local-client/conf" />
    <property name="sun.os.patch.level" value="unknown" />
    <property name="java.vendor.url" value="http://www.apple.com/" />
    <property name="java.version" value="1.6.0_24" />
    <property name="created.sdk.client.dir" value="/Users/ervin/Projects/caGrid/caGrid-1_5_release/Software/core/integration-tests/projects/sdk44StyleTests/ext/dependencies/cacore/unpacked/iso-example-project/target/dist/exploded/output/isoExample/package/local-client" />
    <property name="env.XTERM_VERSION" value="XTerm(251)" />
    <property name="jikes.class.path" value=":/System/Library/Frameworks/JavaVM.framework/Versions/CurrentJDK/Home/../Classes/alt-rt.jar:/System/Library/Frameworks/JavaVM.framework/Versions/CurrentJDK/Home/../Classes/alt-string.jar:/System/Library/Frameworks/JavaVM.framework/Versions/CurrentJDK/Home/../Classes/charsets.jar:/System/Library/Frameworks/JavaVM.framework/Versions/CurrentJDK/Home/../Classes/classes.jar:/System/Library/Frameworks/JavaVM.framework/Versions/CurrentJDK/Home/../Classes/dt.jar:/System/Library/Frameworks/JavaVM.framework/Versions/CurrentJDK/Home/../Classes/jce.jar:/System/Library/Frameworks/JavaVM.framework/Versions/CurrentJDK/Home/../Classes/jconsole.jar:/System/Library/Frameworks/JavaVM.framework/Versions/CurrentJDK/Home/../Classes/jsse.jar:/System/Library/Frameworks/JavaVM.framework/Versions/CurrentJDK/Home/../Classes/management-agent.jar:/System/Library/Frameworks/JavaVM.framework/Versions/CurrentJDK/Home/../Classes/ui.jar" />
    <property name="test.logs.dir" value="/Users/ervin/Projects/caGrid/caGrid-1_5_release/Software/core/integration-tests/projects/sdk44StyleTests/logs" />
    <property name="env.HOSTTYPE" value="intel-mac" />
    <property name="java.vendor.url.bug" value="http://bugreport.apple.com/" />
    <property name="javadoc.dir" value="/Users/ervin/Projects/caGrid/caGrid-1_5_release/Software/core/integration-tests/projects/sdk44StyleTests/build/javadoc" />
    <property name="sdk.client.dir" value="/Users/ervin/Projects/caGrid/caGrid-1_5_release/Software/core/integration-tests/projects/sdk44StyleTests/sdk/local-client" />
    <property name="user.name" value="ervin" />
    <property name="env.CVS_RSH" value="ssh" />
    <property name="ext.dir" value="/Users/ervin/Projects/caGrid/caGrid-1_5_release/Software/core/integration-tests/projects/sdk44StyleTests/ext" />
    <property name="sun.io.unicode.encoding" value="UnicodeLittle" />
    <property name="sun.jnu.encoding" value="MacRoman" />
    <property name="java.runtime.name" value="Java(TM) SE Runtime Environment" />
    <property name="project.version" value="1.5" />
    <property name="java.specification.name" value="Java Platform API Specification" />
    <property name="ftp.nonProxyHosts" value="local|*.local|169.254/16|*.169.254/16|localhost|*.localhost|127.0.0.1|triadcommunity.org|*.triadcommunity.org|cagrid.org|*.cagrid.org" />
    <property name="user.timezone" value="" />
    <property name="env.MACHTYPE" value="x86_64" />
    <property name="path.separator" value=":" />
    <property name="env.XTERM_SHELL" value="/bin/tcsh" />
    <property name="env.com.apple.java.jvmTask" value="CommandLine_Manual.java" />
    <property name="project.name" value="caGrid-sdkQuery44StyleTests" />
    <property name="file.encoding" value="MacRoman" />
    <property name="junit.results.dir" value="/Users/ervin/Projects/caGrid/caGrid-1_5_release/Software/core/integration-tests/projects/sdk44StyleTests/logs" />
    <property name="env.HOME" value="/Users/ervin" />
    <property name="db.port" value="3306" />
    <property name="socksNonProxyHosts" value="local|*.local|169.254/16|*.169.254/16|localhost|*.localhost|127.0.0.1|triadcommunity.org|*.triadcommunity.org|cagrid.org|*.cagrid.org" />
    <property name="ant.file" value="/Users/ervin/Projects/caGrid/caGrid-1_5_release/Software/core/integration-tests/projects/sdk44StyleTests/build.xml" />
    <property name="db.username" value="root" />
    <property name="resources.jar" value="/Users/ervin/Projects/caGrid/caGrid-1_5_release/Software/core/integration-tests/projects/sdk44StyleTests/build/jars/caGrid-sdkQuery44StyleTests-resources-1.5.jar" />
    <property name="java.io.tmpdir" value="/var/folders/M2/M2eLa4tFElelS2p09b6x7U+++TI/-Tmp-/" />
    <property name="TODAY" value="September 23 2011" />
    <property name="user.language" value="en" />
    <property name="line.separator" value="
" />
    <property name="sdk.temp.dir" value="/Users/ervin/Projects/caGrid/caGrid-1_5_release/Software/core/integration-tests/projects/sdk44StyleTests/temp" />
    <property name="env.ANT_OPTS" value="-Xmx1024m -Xms512m" />
    <property name="introduce.base.dir" value="/Users/ervin/Projects/caGrid/caGrid-1_5_release/Software/core/caGrid/projects/introduce" />
    <property name="db.server" value="localhost" />
    <property name="java.vm.info" value="mixed mode" />
    <property name="java.vm.specification.name" value="Java Virtual Machine Specification" />
    <property name="env.__CF_USER_TEXT_ENCODING" value="0x1F5:0:0" />
    <property name="env.XTERM_LOCALE" value="C" />
    <property name="project.jar" value="/Users/ervin/Projects/caGrid/caGrid-1_5_release/Software/core/integration-tests/projects/sdk44StyleTests/build/jars/caGrid-sdkQuery44StyleTests-1.5.jar" />
    <property name="env.EDITOR" value="nano" />
    <property name="http.nonProxyHosts" value="local|*.local|169.254/16|*.169.254/16|localhost|*.localhost|127.0.0.1|triadcommunity.org|*.triadcommunity.org|cagrid.org|*.cagrid.org" />
    <property name="java.awt.printerjob" value="apple.awt.CPrinterJob" />
    <property name="sdk.unpack.dir" value="/Users/ervin/Projects/caGrid/caGrid-1_5_release/Software/core/integration-tests/projects/sdk44StyleTests/ext/dependencies/cacore/unpacked" />
    <property name="ant.version" value="Apache Ant version 1.7.1 compiled on June 27 2008" />
    <property name="env.WINDOWID" value="12582925" />
    <property name="env.OSTYPE" value="darwin" />
    <property name="https.proxyPort" value="8888" />
    <property name="gopherProxySet" value="false" />
    <property name="os.name" value="Mac OS X" />
    <property name="java.specification.vendor" value="Sun Microsystems Inc." />
    <property name="mrj.build" value="10M3425" />
    <property name="env.TERM" value="xterm" />
    <property name="java.vm.name" value="Java HotSpot(TM) 64-Bit Server VM" />
    <property name="mrj.version" value="1060.1.6.0_24-334" />
    <property name="testing.port.assignment.mode" value="true" />
    <property name="java.library.path" value=".:/Library/Java/Extensions:/System/Library/Java/Extensions:/usr/lib/java" />
    <property name="env.PATH" value="/Users/ervin/Installs/ant/apache-ant-1.7.1//bin:/opt/local/bin:/opt/local/sbin:/System/Library/Frameworks/JavaVM.framework/Versions/CurrentJDK/Home/bin:/Users/ervin/Installs/ant/apache-ant-1.7.1/bin:/Users/ervin/Installs/ant/apache-ant-1.8.2//bin:/opt/local/bin:/opt/local/sbin:/System/Library/Frameworks/JavaVM.framework/Versions/CurrentJDK/Home/bin:/Users/ervin/Installs/ant/apache-ant-1.7.1/bin:/opt/local/bin:/opt/local/sbin:/System/Library/Frameworks/JavaVM.framework/Versions/CurrentJDK/Home/bin:/Users/ervin/Installs/ant/apache-ant-1.7.1/bin:/usr/bin:/bin:/usr/sbin:/sbin:/usr/local/bin:/usr/X11/bin:/usr/X11/bin" />
    <property name="ant.java.version" value="1.6" />
    <property name="basedir" value="/Users/ervin/Projects/caGrid/caGrid-1_5_release/Software/core/integration-tests/projects/sdk44StyleTests" />
    <property name="java.class.version" value="50.0" />
    <property name="env.SHLVL" value="4" />
    <property name="ant.file.caGrid-sdkQuery44StyleTests" value="/Users/ervin/Projects/caGrid/caGrid-1_5_release/Software/core/integration-tests/projects/sdk44StyleTests/build.xml" />
    <property name="ant.home" value="/Users/ervin/Installs/ant/apache-ant-1.7.1/" />
    <property name="globus.dir" value="/Users/ervin/Installs/globus/ws-core-4.0.3-sha2" />
    <property name="ext.test.lib.dir" value="/Users/ervin/Projects/caGrid/caGrid-1_5_release/Software/core/integration-tests/projects/sdk44StyleTests/ext/dependencies/test/jars" />
    <property name="env.X11_PREFS_DOMAIN" value="org.x.X11" />
    <property name="sun.boot.library.path" value="/System/Library/Java/JavaVirtualMachines/1.6.0.jdk/Contents/Libraries" />
    <property name="build.dir" value="/Users/ervin/Projects/caGrid/caGrid-1_5_release/Software/core/integration-tests/projects/sdk44StyleTests/build" />
    <property name="sun.management.compiler" value="HotSpot 64-Bit Server Compiler" />
    <property name="java.awt.graphicsenv" value="apple.awt.CGraphicsEnvironment" />
    <property name="env.USER" value="ervin" />
    <property name="env.GROUP" value="staff" />
    <property name="http.proxyPort" value="8888" />
    <property name="env.VENDOR" value="apple" />
    <property name="https.proxyHost" value="localhost" />
    <property name="env.COMMAND_MODE" value="unix2003" />
    <property name="jar.dir" value="/Users/ervin/Projects/caGrid/caGrid-1_5_release/Software/core/integration-tests/projects/sdk44StyleTests/build/jars" />
    <property name="ant.file.caGrid-sdk44_data_tests_harness" value="/Users/ervin/Projects/caGrid/caGrid-1_5_release/Software/core/integration-tests/projects/sdk44StyleTests/test.xml" />
    <property name="ant.project.name" value="caGrid-sdkQuery44StyleTests" />
    <property name="ftp.proxyPort" value="8888" />
    <property name="java.vm.specification.version" value="1.0" />
    <property name="env.GLOBUS_LOCATION" value="/Users/ervin/Installs/globus/ws-core-4.0.3-sha2/" />
    <property name="awt.toolkit" value="apple.awt.CToolkit" />
    <property name="sdk.base.dir" value="/Users/ervin/Projects/caGrid/caGrid-1_5_release/Software/core/integration-tests/projects/sdk44StyleTests/ext/dependencies/cacore/unpacked" />
    <property name="sun.cpu.isalist" value="" />
    <property name="testing.containers.dir" value="/Users/ervin/Projects/caGrid/caGrid-1_5_release/Software/core/integration-tests/projects/sdk44StyleTests/ext/dependencies/containers" />
    <property name="java.ext.dirs" value="/Library/Java/Extensions:/System/Library/Java/Extensions:/System/Library/Java/JavaVirtualMachines/1.6.0.jdk/Contents/Home/lib/ext" />
    <property name="os.version" value="10.6.8" />
    <property name="env.HOST" value="David-Ervins-MacBook-Pro-2.local" />
    <property name="user.home" value="/Users/ervin" />
    <property name="java.vm.vendor" value="Apple Inc." />
    <property name="introduce.dir" value="/Users/ervin/Projects/caGrid/caGrid-1_5_release/Software/core/caGrid/projects/introduce" />
    <property name="env.JAVA_HOME" value="/System/Library/Frameworks/JavaVM.framework/Versions/CurrentJDK/Home" />
    <property name="java.source" value="1.6" />
    <property name="user.dir" value="/Users/ervin/Projects/caGrid/caGrid-1_5_release/Software/core/caGrid/projects/introduce" />
    <property name="env.PWD" value="/Users/ervin/Projects/caGrid/caGrid-1_5_release/Software/core/integration-tests/projects/sdk44StyleTests" />
    <property name="sdk.lib.dir" value="/Users/ervin/Projects/caGrid/caGrid-1_5_release/Software/core/integration-tests/projects/sdk44StyleTests/sdk/local-client/lib" />
    <property name="sun.cpu.endian" value="little" />
    <property name="env.TMPDIR" value="/var/folders/M2/M2eLa4tFElelS2p09b6x7U+++TI/-Tmp-/" />
    <property name="env.com.apple.java.jvmMode" value="client" />
    <property name="java.vm.version" value="19.1-b02-334" />
    <property name="java.class.path" value="/Users/ervin/Projects/caGrid/caGrid-1_5_release/Software/core/integration-tests/projects/sdk44StyleTests/build/jars/caGrid-sdkQuery44StyleTests-1.5.jar:/Users/ervin/Projects/caGrid/caGrid-1_5_release/Software/core/integration-tests/projects/sdk44StyleTests/build/jars/caGrid-sdkQuery44StyleTests-resources-1.5.jar:/Users/ervin/Projects/caGrid/caGrid-1_5_release/Software/core/integration-tests/projects/sdk44StyleTests/ext/dependencies/test/jars/antlr-2.7.6.jar:/Users/ervin/Projects/caGrid/caGrid-1_5_release/Software/core/integration-tests/projects/sdk44StyleTests/ext/dependencies/test/jars/caGrid-CQL-cql.1.0-1.5.jar:/Users/ervin/Projects/caGrid/caGrid-1_5_release/Software/core/integration-tests/projects/sdk44StyleTests/ext/dependencies/test/jars/caGrid-CQL-cql.2.0-1.5.jar:/Users/ervin/Projects/caGrid/caGrid-1_5_release/Software/core/integration-tests/projects/sdk44StyleTests/ext/dependencies/test/jars/caGrid-CQL-dcql.2.0-1.5.jar:/Users/ervin/Projects/caGrid/caGrid-1_5_release/Software/core/integration-tests/projects/sdk44StyleTests/ext/dependencies/test/jars/caGrid-CQL-mappings-1.5.jar:/Users/ervin/Projects/caGrid/caGrid-1_5_release/Software/core/integration-tests/projects/sdk44StyleTests/ext/dependencies/test/jars/caGrid-CQL-utils-1.5.jar:/Users/ervin/Projects/caGrid/caGrid-1_5_release/Software/core/integration-tests/projects/sdk44StyleTests/ext/dependencies/test/jars/caGrid-Introduce-core-1.5.jar:/Users/ervin/Projects/caGrid/caGrid-1_5_release/Software/core/integration-tests/projects/sdk44StyleTests/ext/dependencies/test/jars/caGrid-Introduce-core-tests-1.5.jar:/Users/ervin/Projects/caGrid/caGrid-1_5_release/Software/core/integration-tests/projects/sdk44StyleTests/ext/dependencies/test/jars/caGrid-Introduce-portal-1.5.jar:/Users/ervin/Projects/caGrid/caGrid-1_5_release/Software/core/integration-tests/projects/sdk44StyleTests/ext/dependencies/test/jars/caGrid-Introduce-portal-tests-1.5.jar:/Users/ervin/Projects/caGrid/caGrid-1_5_release/Software/core/integration-tests/projects/sdk44StyleTests/ext/dependencies/test/jars/caGrid-Introduce-serviceTools-1.5.jar:/Users/ervin/Projects/caGrid/caGrid-1_5_release/Software/core/integration-tests/projects/sdk44StyleTests/ext/dependencies/test/jars/caGrid-ServiceSecurityProvider-client-1.5.jar:/Users/ervin/Projects/caGrid/caGrid-1_5_release/Software/core/integration-tests/projects/sdk44StyleTests/ext/dependencies/test/jars/caGrid-ServiceSecurityProvider-common-1.5.jar:/Users/ervin/Projects/caGrid/caGrid-1_5_release/Software/core/integration-tests/projects/sdk44StyleTests/ext/dependencies/test/jars/caGrid-ServiceSecurityProvider-service-1.5.jar:/Users/ervin/Projects/caGrid/caGrid-1_5_release/Software/core/integration-tests/projects/sdk44StyleTests/ext/dependencies/test/jars/caGrid-ServiceSecurityProvider-stubs-1.5.jar:/Users/ervin/Projects/caGrid/caGrid-1_5_release/Software/core/integration-tests/projects/sdk44StyleTests/ext/dependencies/test/jars/caGrid-Transfer-client-1.5.jar:/Users/ervin/Projects/caGrid/caGrid-1_5_release/Software/core/integration-tests/projects/sdk44StyleTests/ext/dependencies/test/jars/caGrid-Transfer-common-1.5.jar:/Users/ervin/Projects/caGrid/caGrid-1_5_release/Software/core/integration-tests/projects/sdk44StyleTests/ext/dependencies/test/jars/caGrid-Transfer-service-1.5.jar:/Users/ervin/Projects/caGrid/caGrid-1_5_release/Software/core/integration-tests/projects/sdk44StyleTests/ext/dependencies/test/jars/caGrid-Transfer-stubs-1.5.jar:/Users/ervin/Projects/caGrid/caGrid-1_5_release/Software/core/integration-tests/projects/sdk44StyleTests/ext/dependencies/test/jars/caGrid-advertisement-1.5.jar:/Users/ervin/Projects/caGrid/caGrid-1_5_release/Software/core/integration-tests/projects/sdk44StyleTests/ext/dependencies/test/jars/caGrid-core-1.5.jar:/Users/ervin/Projects/caGrid/caGrid-1_5_release/Software/core/integration-tests/projects/sdk44StyleTests/ext/dependencies/test/jars/caGrid-core-tests-1.5.jar:/Users/ervin/Projects/caGrid/caGrid-1_5_release/Software/core/integration-tests/projects/sdk44StyleTests/ext/dependencies/test/jars/caGrid-data-common-1.5.jar:/Users/ervin/Projects/caGrid/caGrid-1_5_release/Software/core/integration-tests/projects/sdk44StyleTests/ext/dependencies/test/jars/caGrid-data-cql-1.5.jar:/Users/ervin/Projects/caGrid/caGrid-1_5_release/Software/core/integration-tests/projects/sdk44StyleTests/ext/dependencies/test/jars/caGrid-data-service-1.5.jar:/Users/ervin/Projects/caGrid/caGrid-1_5_release/Software/core/integration-tests/projects/sdk44StyleTests/ext/dependencies/test/jars/caGrid-data-stubs-1.5.jar:/Users/ervin/Projects/caGrid/caGrid-1_5_release/Software/core/integration-tests/projects/sdk44StyleTests/ext/dependencies/test/jars/caGrid-data-tools-1.5.jar:/Users/ervin/Projects/caGrid/caGrid-1_5_release/Software/core/integration-tests/projects/sdk44StyleTests/ext/dependencies/test/jars/caGrid-data-utils-1.5.jar:/Users/ervin/Projects/caGrid/caGrid-1_5_release/Software/core/integration-tests/projects/sdk44StyleTests/ext/dependencies/test/jars/caGrid-data-validation-1.5.jar:/Users/ervin/Projects/caGrid/caGrid-1_5_release/Software/core/integration-tests/projects/sdk44StyleTests/ext/dependencies/test/jars/caGrid-dataExtensions-core-1.5.jar:/Users/ervin/Projects/caGrid/caGrid-1_5_release/Software/core/integration-tests/projects/sdk44StyleTests/ext/dependencies/test/jars/caGrid-dataExtensions-sdkstyle-1.5.jar:/Users/ervin/Projects/caGrid/caGrid-1_5_release/Software/core/integration-tests/projects/sdk44StyleTests/ext/dependencies/test/jars/caGrid-dataExtensions-ui-1.5.jar:/Users/ervin/Projects/caGrid/caGrid-1_5_release/Software/core/integration-tests/projects/sdk44StyleTests/ext/dependencies/test/jars/caGrid-dataTests-1.5.jar:/Users/ervin/Projects/caGrid/caGrid-1_5_release/Software/core/integration-tests/projects/sdk44StyleTests/ext/dependencies/test/jars/caGrid-grape-1.5.jar:/Users/ervin/Projects/caGrid/caGrid-1_5_release/Software/core/integration-tests/projects/sdk44StyleTests/ext/dependencies/test/jars/caGrid-grape-resources-1.5.jar:/Users/ervin/Projects/caGrid/caGrid-1_5_release/Software/core/integration-tests/projects/sdk44StyleTests/ext/dependencies/test/jars/caGrid-graph-1.5.jar:/Users/ervin/Projects/caGrid/caGrid-1_5_release/Software/core/integration-tests/projects/sdk44StyleTests/ext/dependencies/test/jars/caGrid-iso21090-domain-model-tools-1.5.jar:/Users/ervin/Projects/caGrid/caGrid-1_5_release/Software/core/integration-tests/projects/sdk44StyleTests/ext/dependencies/test/jars/caGrid-metadata-common-1.5.jar:/Users/ervin/Projects/caGrid/caGrid-1_5_release/Software/core/integration-tests/projects/sdk44StyleTests/ext/dependencies/test/jars/caGrid-metadata-data-1.5.jar:/Users/ervin/Projects/caGrid/caGrid-1_5_release/Software/core/integration-tests/projects/sdk44StyleTests/ext/dependencies/test/jars/caGrid-metadata-security-1.5.jar:/Users/ervin/Projects/caGrid/caGrid-1_5_release/Software/core/integration-tests/projects/sdk44StyleTests/ext/dependencies/test/jars/caGrid-metadatautils-1.5.jar:/Users/ervin/Projects/caGrid/caGrid-1_5_release/Software/core/integration-tests/projects/sdk44StyleTests/ext/dependencies/test/jars/caGrid-mms-stubs-1.5.jar:/Users/ervin/Projects/caGrid/caGrid-1_5_release/Software/core/integration-tests/projects/sdk44StyleTests/ext/dependencies/test/jars/caGrid-sdkQuery44-processor-1.5.jar:/Users/ervin/Projects/caGrid/caGrid-1_5_release/Software/core/integration-tests/projects/sdk44StyleTests/ext/dependencies/test/jars/caGrid-sdkQuery44-style-1.5.jar:/Users/ervin/Projects/caGrid/caGrid-1_5_release/Software/core/integration-tests/projects/sdk44StyleTests/ext/dependencies/test/jars/caGrid-sdkQuery44-test-1.5.jar:/Users/ervin/Projects/caGrid/caGrid-1_5_release/Software/core/integration-tests/projects/sdk44StyleTests/ext/dependencies/test/jars/caGrid-sdkQuery44-translator-1.5.jar:/Users/ervin/Projects/caGrid/caGrid-1_5_release/Software/core/integration-tests/projects/sdk44StyleTests/ext/dependencies/test/jars/caGrid-service-tools-db-1.5.jar:/Users/ervin/Projects/caGrid/caGrid-1_5_release/Software/core/integration-tests/projects/sdk44StyleTests/ext/dependencies/test/jars/caGrid-testUtils-1.5.jar:/Users/ervin/Projects/caGrid/caGrid-1_5_release/Software/core/integration-tests/projects/sdk44StyleTests/ext/dependencies/test/jars/caGrid-testing-core-1.5.jar:/Users/ervin/Projects/caGrid/caGrid-1_5_release/Software/core/integration-tests/projects/sdk44StyleTests/ext/dependencies/test/jars/caGrid-testing-system-1.5.jar:/Users/ervin/Projects/caGrid/caGrid-1_5_release/Software/core/integration-tests/projects/sdk44StyleTests/ext/dependencies/test/jars/caGrid-wsEnum-1.5.jar:/Users/ervin/Projects/caGrid/caGrid-1_5_release/Software/core/integration-tests/projects/sdk44StyleTests/ext/dependencies/test/jars/caGrid-wsEnum-stubs-1.5.jar:/Users/ervin/Projects/caGrid/caGrid-1_5_release/Software/core/integration-tests/projects/sdk44StyleTests/ext/dependencies/test/jars/castor-1.0.2.jar:/Users/ervin/Projects/caGrid/caGrid-1_5_release/Software/core/integration-tests/projects/sdk44StyleTests/ext/dependencies/test/jars/commons-codec-1.3.jar:/Users/ervin/Projects/caGrid/caGrid-1_5_release/Software/core/integration-tests/projects/sdk44StyleTests/ext/dependencies/test/jars/commons-collections-3.2.jar:/Users/ervin/Projects/caGrid/caGrid-1_5_release/Software/core/integration-tests/projects/sdk44StyleTests/ext/dependencies/test/jars/commons-dbcp-1.2.2.jar:/Users/ervin/Projects/caGrid/caGrid-1_5_release/Software/core/integration-tests/projects/sdk44StyleTests/ext/dependencies/test/jars/commons-httpclient-3.0.1.jar:/Users/ervin/Projects/caGrid/caGrid-1_5_release/Software/core/integration-tests/projects/sdk44StyleTests/ext/dependencies/test/jars/commons-logging-1.1.jar:/Users/ervin/Projects/caGrid/caGrid-1_5_release/Software/core/integration-tests/projects/sdk44StyleTests/ext/dependencies/test/jars/commons-pool-1.3.jar:/Users/ervin/Projects/caGrid/caGrid-1_5_release/Software/core/integration-tests/projects/sdk44StyleTests/ext/dependencies/test/jars/gef_modified.jar:/Users/ervin/Projects/caGrid/caGrid-1_5_release/Software/core/integration-tests/projects/sdk44StyleTests/ext/dependencies/test/jars/globus_wsrf_mds_aggregator.jar:/Users/ervin/Projects/caGrid/caGrid-1_5_release/Software/core/integration-tests/projects/sdk44StyleTests/ext/dependencies/test/jars/globus_wsrf_mds_aggregator_stubs.jar:/Users/ervin/Projects/caGrid/caGrid-1_5_release/Software/core/integration-tests/projects/sdk44StyleTests/ext/dependencies/test/jars/globus_wsrf_servicegroup.jar:/Users/ervin/Projects/caGrid/caGrid-1_5_release/Software/core/integration-tests/projects/sdk44StyleTests/ext/dependencies/test/jars/globus_wsrf_servicegroup_stubs.jar:/Users/ervin/Projects/caGrid/caGrid-1_5_release/Software/core/integration-tests/projects/sdk44StyleTests/ext/dependencies/test/jars/jasciidammit-1.1.jar:/Users/ervin/Projects/caGrid/caGrid-1_5_release/Software/core/integration-tests/projects/sdk44StyleTests/ext/dependencies/test/jars/jaxb-api-2.1.jar:/Users/ervin/Projects/caGrid/caGrid-1_5_release/Software/core/integration-tests/projects/sdk44StyleTests/ext/dependencies/test/jars/jaxb-impl-2.1.4.jar:/Users/ervin/Projects/caGrid/caGrid-1_5_release/Software/core/integration-tests/projects/sdk44StyleTests/ext/dependencies/test/jars/jaxb-xjc-2.1.4.jar:/Users/ervin/Projects/caGrid/caGrid-1_5_release/Software/core/integration-tests/projects/sdk44StyleTests/ext/dependencies/test/jars/jaxen-1.1.jar:/Users/ervin/Projects/caGrid/caGrid-1_5_release/Software/core/integration-tests/projects/sdk44StyleTests/ext/dependencies/test/jars/jaxen-core-1.0.jar:/Users/ervin/Projects/caGrid/caGrid-1_5_release/Software/core/integration-tests/projects/sdk44StyleTests/ext/dependencies/test/jars/jaxen-jdom-1.0.jar:/Users/ervin/Projects/caGrid/caGrid-1_5_release/Software/core/integration-tests/projects/sdk44StyleTests/ext/dependencies/test/jars/jaxmejs-0.5.2.jar:/Users/ervin/Projects/caGrid/caGrid-1_5_release/Software/core/integration-tests/projects/sdk44StyleTests/ext/dependencies/test/jars/jdepend-2.7.jar:/Users/ervin/Projects/caGrid/caGrid-1_5_release/Software/core/integration-tests/projects/sdk44StyleTests/ext/dependencies/test/jars/jdom-1.1.jar:/Users/ervin/Projects/caGrid/caGrid-1_5_release/Software/core/integration-tests/projects/sdk44StyleTests/ext/dependencies/test/jars/junit-4.8.2.jar:/Users/ervin/Projects/caGrid/caGrid-1_5_release/Software/core/integration-tests/projects/sdk44StyleTests/ext/dependencies/test/jars/log4j-1.2.14.jar:/Users/ervin/Projects/caGrid/caGrid-1_5_release/Software/core/integration-tests/projects/sdk44StyleTests/ext/dependencies/test/jars/mysql-connector-java-3.0.16-ga-bin.jar:/Users/ervin/Projects/caGrid/caGrid-1_5_release/Software/core/integration-tests/projects/sdk44StyleTests/ext/dependencies/test/jars/relaxngDatatype.jar:/Users/ervin/Projects/caGrid/caGrid-1_5_release/Software/core/integration-tests/projects/sdk44StyleTests/ext/dependencies/test/jars/saxpath-1.0.jar:/Users/ervin/Projects/caGrid/caGrid-1_5_release/Software/core/integration-tests/projects/sdk44StyleTests/ext/dependencies/test/jars/validation-2.0.0.jar:/Users/ervin/Projects/caGrid/caGrid-1_5_release/Software/core/integration-tests/projects/sdk44StyleTests/ext/dependencies/test/jars/xmi.in.out-1.0.jar:/Users/ervin/Projects/caGrid/caGrid-1_5_release/Software/core/integration-tests/projects/sdk44StyleTests/ext/dependencies/test/jars/xsom14.jar:/Users/ervin/Installs/globus/ws-core-4.0.3-sha2/lib/JGlobus-Core-2.0.3.jar:/Users/ervin/Installs/globus/ws-core-4.0.3-sha2/lib/addressing-1.0.jar:/Users/ervin/Installs/globus/ws-core-4.0.3-sha2/lib/axis-url.jar:/Users/ervin/Installs/globus/ws-core-4.0.3-sha2/lib/axis.jar:/Users/ervin/Installs/globus/ws-core-4.0.3-sha2/lib/bcprov-jdk15-145.jar:/Users/ervin/Installs/globus/ws-core-4.0.3-sha2/lib/bootstrap.jar:/Users/ervin/Installs/globus/ws-core-4.0.3-sha2/lib/castor-1.0.2.jar:/Users/ervin/Installs/globus/ws-core-4.0.3-sha2/lib/cog-axis-compat-0.0.1-SNAPSHOT.jar:/Users/ervin/Installs/globus/ws-core-4.0.3-sha2/lib/cog-jglobus-compat-0.0.1-SNAPSHOT.jar:/Users/ervin/Installs/globus/ws-core-4.0.3-sha2/lib/cog-tomcat-compat-0.0.1-SNAPSHOT.jar:/Users/ervin/Installs/globus/ws-core-4.0.3-sha2/lib/commonj.jar:/Users/ervin/Installs/globus/ws-core-4.0.3-sha2/lib/commons-beanutils.jar:/Users/ervin/Installs/globus/ws-core-4.0.3-sha2/lib/commons-cli-2.0.jar:/Users/ervin/Installs/globus/ws-core-4.0.3-sha2/lib/commons-codec-1.3.jar:/Users/ervin/Installs/globus/ws-core-4.0.3-sha2/lib/commons-collections-3.0.jar:/Users/ervin/Installs/globus/ws-core-4.0.3-sha2/lib/commons-digester.jar:/Users/ervin/Installs/globus/ws-core-4.0.3-sha2/lib/commons-discovery.jar:/Users/ervin/Installs/globus/ws-core-4.0.3-sha2/lib/commons-el.jar:/Users/ervin/Installs/globus/ws-core-4.0.3-sha2/lib/commons-io-1.3.2.jar:/Users/ervin/Installs/globus/ws-core-4.0.3-sha2/lib/commons-logging-1.1.jar:/Users/ervin/Installs/globus/ws-core-4.0.3-sha2/lib/concurrent.jar:/Users/ervin/Installs/globus/ws-core-4.0.3-sha2/lib/globus_resolution_service.jar:/Users/ervin/Installs/globus/ws-core-4.0.3-sha2/lib/globus_resolution_stubs_java.jar:/Users/ervin/Installs/globus/ws-core-4.0.3-sha2/lib/globus_resolution_test.jar:/Users/ervin/Installs/globus/ws-core-4.0.3-sha2/lib/globus_transfer_service.jar:/Users/ervin/Installs/globus/ws-core-4.0.3-sha2/lib/globus_transfer_stubs_java.jar:/Users/ervin/Installs/globus/ws-core-4.0.3-sha2/lib/globus_transfer_test.jar:/Users/ervin/Installs/globus/ws-core-4.0.3-sha2/lib/globus_usage_core.jar:/Users/ervin/Installs/globus/ws-core-4.0.3-sha2/lib/globus_usage_packets_common.jar:/Users/ervin/Installs/globus/ws-core-4.0.3-sha2/lib/globus_wsrf_mds_aggregator.jar:/Users/ervin/Installs/globus/ws-core-4.0.3-sha2/lib/globus_wsrf_mds_aggregator_stubs.jar:/Users/ervin/Installs/globus/ws-core-4.0.3-sha2/lib/globus_wsrf_servicegroup.jar:/Users/ervin/Installs/globus/ws-core-4.0.3-sha2/lib/globus_wsrf_servicegroup_stubs.jar:/Users/ervin/Installs/globus/ws-core-4.0.3-sha2/lib/globus_wsrf_tools_test.jar:/Users/ervin/Installs/globus/ws-core-4.0.3-sha2/lib/jasper-compiler-jdt.jar:/Users/ervin/Installs/globus/ws-core-4.0.3-sha2/lib/jasper-compiler.jar:/Users/ervin/Installs/globus/ws-core-4.0.3-sha2/lib/jasper-runtime.jar:/Users/ervin/Installs/globus/ws-core-4.0.3-sha2/lib/jaxrpc.jar:/Users/ervin/Installs/globus/ws-core-4.0.3-sha2/lib/jdom-1.0.jar:/Users/ervin/Installs/globus/ws-core-4.0.3-sha2/lib/jgss.jar:/Users/ervin/Installs/globus/ws-core-4.0.3-sha2/lib/jprov.jar:/Users/ervin/Installs/globus/ws-core-4.0.3-sha2/lib/jsp-api.jar:/Users/ervin/Installs/globus/ws-core-4.0.3-sha2/lib/log4j-1.2.14.jar:/Users/ervin/Installs/globus/ws-core-4.0.3-sha2/lib/mobius_common_client-1.1.jar:/Users/ervin/Installs/globus/ws-core-4.0.3-sha2/lib/mobius_tools-1.1.jar:/Users/ervin/Installs/globus/ws-core-4.0.3-sha2/lib/mysql-connector-java-3.0.16-ga-bin.jar:/Users/ervin/Installs/globus/ws-core-4.0.3-sha2/lib/naming-common.jar:/Users/ervin/Installs/globus/ws-core-4.0.3-sha2/lib/naming-factory-dbcp.jar:/Users/ervin/Installs/globus/ws-core-4.0.3-sha2/lib/naming-factory.jar:/Users/ervin/Installs/globus/ws-core-4.0.3-sha2/lib/naming-java.jar:/Users/ervin/Installs/globus/ws-core-4.0.3-sha2/lib/naming-resources.jar:/Users/ervin/Installs/globus/ws-core-4.0.3-sha2/lib/opensaml.jar:/Users/ervin/Installs/globus/ws-core-4.0.3-sha2/lib/org.springframework.core-3.0.1.RELEASE-A.jar:/Users/ervin/Installs/globus/ws-core-4.0.3-sha2/lib/resolver.jar:/Users/ervin/Installs/globus/ws-core-4.0.3-sha2/lib/saaj.jar:/Users/ervin/Installs/globus/ws-core-4.0.3-sha2/lib/servlet-api.jar:/Users/ervin/Installs/globus/ws-core-4.0.3-sha2/lib/servlet.jar:/Users/ervin/Installs/globus/ws-core-4.0.3-sha2/lib/wsdl4j.jar:/Users/ervin/Installs/globus/ws-core-4.0.3-sha2/lib/wsrf_common.jar:/Users/ervin/Installs/globus/ws-core-4.0.3-sha2/lib/wsrf_core.jar:/Users/ervin/Installs/globus/ws-core-4.0.3-sha2/lib/wsrf_core_registry.jar:/Users/ervin/Installs/globus/ws-core-4.0.3-sha2/lib/wsrf_core_registry_stubs.jar:/Users/ervin/Installs/globus/ws-core-4.0.3-sha2/lib/wsrf_core_samples_authzService.jar:/Users/ervin/Installs/globus/ws-core-4.0.3-sha2/lib/wsrf_core_samples_authzService_stubs.jar:/Users/ervin/Installs/globus/ws-core-4.0.3-sha2/lib/wsrf_core_samples_counter.jar:/Users/ervin/Installs/globus/ws-core-4.0.3-sha2/lib/wsrf_core_samples_counter_stubs.jar:/Users/ervin/Installs/globus/ws-core-4.0.3-sha2/lib/wsrf_core_samples_mgmt.jar:/Users/ervin/Installs/globus/ws-core-4.0.3-sha2/lib/wsrf_core_samples_mgmt_stubs.jar:/Users/ervin/Installs/globus/ws-core-4.0.3-sha2/lib/wsrf_core_stubs.jar:/Users/ervin/Installs/globus/ws-core-4.0.3-sha2/lib/wsrf_provider_jce.jar:/Users/ervin/Installs/globus/ws-core-4.0.3-sha2/lib/wsrf_test.jar:/Users/ervin/Installs/globus/ws-core-4.0.3-sha2/lib/wsrf_test_interop.jar:/Users/ervin/Installs/globus/ws-core-4.0.3-sha2/lib/wsrf_test_interop_stubs.jar:/Users/ervin/Installs/globus/ws-core-4.0.3-sha2/lib/wsrf_test_unit.jar:/Users/ervin/Installs/globus/ws-core-4.0.3-sha2/lib/wsrf_test_unit_stubs.jar:/Users/ervin/Installs/globus/ws-core-4.0.3-sha2/lib/wsrf_tools.jar:/Users/ervin/Installs/globus/ws-core-4.0.3-sha2/lib/wss4j.jar:/Users/ervin/Installs/globus/ws-core-4.0.3-sha2/lib/xalan.jar:/Users/ervin/Installs/globus/ws-core-4.0.3-sha2/lib/xercesImpl.jar:/Users/ervin/Installs/globus/ws-core-4.0.3-sha2/lib/xml-apis.jar:/Users/ervin/Installs/globus/ws-core-4.0.3-sha2/lib/xmlsec.jar:/Users/ervin/Projects/caGrid/caGrid-1_5_release/Software/core/caGrid/projects/introduce/extensions/lib/caGrid-iso21090-analytical-extension-1.5.jar:/Users/ervin/Projects/caGrid/caGrid-1_5_release/Software/core/caGrid/projects/introduce/extensions/lib/caGrid-iso21090-analytical-extension-tests-1.5.jar:/Users/ervin/Projects/caGrid/caGrid-1_5_release/Software/core/caGrid/projects/introduce/extensions/lib/iso-datatypes-2.1.jar:/Users/ervin/Projects/caGrid/caGrid-1_5_release/Software/core/caGrid/projects/introduce/extensions/lib/iso-datatypes-extensions-2.1.jar:/Users/ervin/Projects/caGrid/caGrid-1_5_release/Software/core/integration-tests/projects/sdk44StyleTests/ext/dependencies/cacore/unpacked/iso-example-project/target/dist/exploded/output/isoExample/package/local-client/lib/acegi-security-1.0.4.jar:/Users/ervin/Projects/caGrid/caGrid-1_5_release/Software/core/integration-tests/projects/sdk44StyleTests/ext/dependencies/cacore/unpacked/iso-example-project/target/dist/exploded/output/isoExample/package/local-client/lib/activation-1.0.2.jar:/Users/ervin/Projects/caGrid/caGrid-1_5_release/Software/core/integration-tests/projects/sdk44StyleTests/ext/dependencies/cacore/unpacked/iso-example-project/target/dist/exploded/output/isoExample/package/local-client/lib/antlr-2.7.6.jar:/Users/ervin/Projects/caGrid/caGrid-1_5_release/Software/core/integration-tests/projects/sdk44StyleTests/ext/dependencies/cacore/unpacked/iso-example-project/target/dist/exploded/output/isoExample/package/local-client/lib/asm-1.5.3.jar:/Users/ervin/Projects/caGrid/caGrid-1_5_release/Software/core/integration-tests/projects/sdk44StyleTests/ext/dependencies/cacore/unpacked/iso-example-project/target/dist/exploded/output/isoExample/package/local-client/lib/axis-1.4.jar:/Users/ervin/Projects/caGrid/caGrid-1_5_release/Software/core/integration-tests/projects/sdk44StyleTests/ext/dependencies/cacore/unpacked/iso-example-project/target/dist/exploded/output/isoExample/package/local-client/lib/c3p0-0.9.0.jar:/Users/ervin/Projects/caGrid/caGrid-1_5_release/Software/core/integration-tests/projects/sdk44StyleTests/ext/dependencies/cacore/unpacked/iso-example-project/target/dist/exploded/output/isoExample/package/local-client/lib/caGrid-CQL-cql.1.0-1.3.jar:/Users/ervin/Projects/caGrid/caGrid-1_5_release/Software/core/integration-tests/projects/sdk44StyleTests/ext/dependencies/cacore/unpacked/iso-example-project/target/dist/exploded/output/isoExample/package/local-client/lib/caGrid-data-common-1.3.jar:/Users/ervin/Projects/caGrid/caGrid-1_5_release/Software/core/integration-tests/projects/sdk44StyleTests/ext/dependencies/cacore/unpacked/iso-example-project/target/dist/exploded/output/isoExample/package/local-client/lib/caGrid-data-stubs-1.3.jar:/Users/ervin/Projects/caGrid/caGrid-1_5_release/Software/core/integration-tests/projects/sdk44StyleTests/ext/dependencies/cacore/unpacked/iso-example-project/target/dist/exploded/output/isoExample/package/local-client/lib/caGrid-sdkQuery4-beans-1.3.jar:/Users/ervin/Projects/caGrid/caGrid-1_5_release/Software/core/integration-tests/projects/sdk44StyleTests/ext/dependencies/cacore/unpacked/iso-example-project/target/dist/exploded/output/isoExample/package/local-client/lib/caGrid-sdkQuery4-processor-1.3.jar:/Users/ervin/Projects/caGrid/caGrid-1_5_release/Software/core/integration-tests/projects/sdk44StyleTests/ext/dependencies/cacore/unpacked/iso-example-project/target/dist/exploded/output/isoExample/package/local-client/lib/cglib-2.1_3.jar:/Users/ervin/Projects/caGrid/caGrid-1_5_release/Software/core/integration-tests/projects/sdk44StyleTests/ext/dependencies/cacore/unpacked/iso-example-project/target/dist/exploded/output/isoExample/package/local-client/lib/clm-4.2.beta.jar:/Users/ervin/Projects/caGrid/caGrid-1_5_release/Software/core/integration-tests/projects/sdk44StyleTests/ext/dependencies/cacore/unpacked/iso-example-project/target/dist/exploded/output/isoExample/package/local-client/lib/cog-axis-noversion.jar:/Users/ervin/Projects/caGrid/caGrid-1_5_release/Software/core/integration-tests/projects/sdk44StyleTests/ext/dependencies/cacore/unpacked/iso-example-project/target/dist/exploded/output/isoExample/package/local-client/lib/cog-jglobus-1.2.jar:/Users/ervin/Projects/caGrid/caGrid-1_5_release/Software/core/integration-tests/projects/sdk44StyleTests/ext/dependencies/cacore/unpacked/iso-example-project/target/dist/exploded/output/isoExample/package/local-client/lib/commons-beanutils-1.7.0.jar:/Users/ervin/Projects/caGrid/caGrid-1_5_release/Software/core/integration-tests/projects/sdk44StyleTests/ext/dependencies/cacore/unpacked/iso-example-project/target/dist/exploded/output/isoExample/package/local-client/lib/commons-codec-1.3.jar:/Users/ervin/Projects/caGrid/caGrid-1_5_release/Software/core/integration-tests/projects/sdk44StyleTests/ext/dependencies/cacore/unpacked/iso-example-project/target/dist/exploded/output/isoExample/package/local-client/lib/commons-collections-3.2.jar:/Users/ervin/Projects/caGrid/caGrid-1_5_release/Software/core/integration-tests/projects/sdk44StyleTests/ext/dependencies/cacore/unpacked/iso-example-project/target/dist/exploded/output/isoExample/package/local-client/lib/commons-discovery-0.2.jar:/Users/ervin/Projects/caGrid/caGrid-1_5_release/Software/core/integration-tests/projects/sdk44StyleTests/ext/dependencies/cacore/unpacked/iso-example-project/target/dist/exploded/output/isoExample/package/local-client/lib/commons-lang-2.4.jar:/Users/ervin/Projects/caGrid/caGrid-1_5_release/Software/core/integration-tests/projects/sdk44StyleTests/ext/dependencies/cacore/unpacked/iso-example-project/target/dist/exploded/output/isoExample/package/local-client/lib/commons-logging-1.1.jar:/Users/ervin/Projects/caGrid/caGrid-1_5_release/Software/core/integration-tests/projects/sdk44StyleTests/ext/dependencies/cacore/unpacked/iso-example-project/target/dist/exploded/output/isoExample/package/local-client/lib/csmapi-4.2.jar:/Users/ervin/Projects/caGrid/caGrid-1_5_release/Software/core/integration-tests/projects/sdk44StyleTests/ext/dependencies/cacore/unpacked/iso-example-project/target/dist/exploded/output/isoExample/package/local-client/lib/dom4j-1.4.jar:/Users/ervin/Projects/caGrid/caGrid-1_5_release/Software/core/integration-tests/projects/sdk44StyleTests/ext/dependencies/cacore/unpacked/iso-example-project/target/dist/exploded/output/isoExample/package/local-client/lib/ehcache-1.2.4.jar:/Users/ervin/Projects/caGrid/caGrid-1_5_release/Software/core/integration-tests/projects/sdk44StyleTests/ext/dependencies/cacore/unpacked/iso-example-project/target/dist/exploded/output/isoExample/package/local-client/lib/hibernate-3.2.0.ga-modified.jar:/Users/ervin/Projects/caGrid/caGrid-1_5_release/Software/core/integration-tests/projects/sdk44StyleTests/ext/dependencies/cacore/unpacked/iso-example-project/target/dist/exploded/output/isoExample/package/local-client/lib/hibernate-annotations-3.2.0.jar:/Users/ervin/Projects/caGrid/caGrid-1_5_release/Software/core/integration-tests/projects/sdk44StyleTests/ext/dependencies/cacore/unpacked/iso-example-project/target/dist/exploded/output/isoExample/package/local-client/lib/hibernate-validator-3.0.0.GA.jar:/Users/ervin/Projects/caGrid/caGrid-1_5_release/Software/core/integration-tests/projects/sdk44StyleTests/ext/dependencies/cacore/unpacked/iso-example-project/target/dist/exploded/output/isoExample/package/local-client/lib/iso-datatypes-2.1.1.jar:/Users/ervin/Projects/caGrid/caGrid-1_5_release/Software/core/integration-tests/projects/sdk44StyleTests/ext/dependencies/cacore/unpacked/iso-example-project/target/dist/exploded/output/isoExample/package/local-client/lib/iso-datatypes-extensions-2.1.1.jar:/Users/ervin/Projects/caGrid/caGrid-1_5_release/Software/core/integration-tests/projects/sdk44StyleTests/ext/dependencies/cacore/unpacked/iso-example-project/target/dist/exploded/output/isoExample/package/local-client/lib/iso-datatypes-hibernate-2.1.1.jar:/Users/ervin/Projects/caGrid/caGrid-1_5_release/Software/core/integration-tests/projects/sdk44StyleTests/ext/dependencies/cacore/unpacked/iso-example-project/target/dist/exploded/output/isoExample/package/local-client/lib/isoExample-beans.jar:/Users/ervin/Projects/caGrid/caGrid-1_5_release/Software/core/integration-tests/projects/sdk44StyleTests/ext/dependencies/cacore/unpacked/iso-example-project/target/dist/exploded/output/isoExample/package/local-client/lib/isoExample-orm.jar:/Users/ervin/Projects/caGrid/caGrid-1_5_release/Software/core/integration-tests/projects/sdk44StyleTests/ext/dependencies/cacore/unpacked/iso-example-project/target/dist/exploded/output/isoExample/package/local-client/lib/isoExample-schema.jar:/Users/ervin/Projects/caGrid/caGrid-1_5_release/Software/core/integration-tests/projects/sdk44StyleTests/ext/dependencies/cacore/unpacked/iso-example-project/target/dist/exploded/output/isoExample/package/local-client/lib/jaxb-api-2.1.jar:/Users/ervin/Projects/caGrid/caGrid-1_5_release/Software/core/integration-tests/projects/sdk44StyleTests/ext/dependencies/cacore/unpacked/iso-example-project/target/dist/exploded/output/isoExample/package/local-client/lib/jaxb-impl-2.1.4.jar:/Users/ervin/Projects/caGrid/caGrid-1_5_release/Software/core/integration-tests/projects/sdk44StyleTests/ext/dependencies/cacore/unpacked/iso-example-project/target/dist/exploded/output/isoExample/package/local-client/lib/jaxb-xjc-2.1.4.jar:/Users/ervin/Projects/caGrid/caGrid-1_5_release/Software/core/integration-tests/projects/sdk44StyleTests/ext/dependencies/cacore/unpacked/iso-example-project/target/dist/exploded/output/isoExample/package/local-client/lib/jaxen-1.1.1.jar:/Users/ervin/Projects/caGrid/caGrid-1_5_release/Software/core/integration-tests/projects/sdk44StyleTests/ext/dependencies/cacore/unpacked/iso-example-project/target/dist/exploded/output/isoExample/package/local-client/lib/jaxrpc-1.1.jar:/Users/ervin/Projects/caGrid/caGrid-1_5_release/Software/core/integration-tests/projects/sdk44StyleTests/ext/dependencies/cacore/unpacked/iso-example-project/target/dist/exploded/output/isoExample/package/local-client/lib/jdom-1.1.jar:/Users/ervin/Projects/caGrid/caGrid-1_5_release/Software/core/integration-tests/projects/sdk44StyleTests/ext/dependencies/cacore/unpacked/iso-example-project/target/dist/exploded/output/isoExample/package/local-client/lib/jta-1.0.1B.jar:/Users/ervin/Projects/caGrid/caGrid-1_5_release/Software/core/integration-tests/projects/sdk44StyleTests/ext/dependencies/cacore/unpacked/iso-example-project/target/dist/exploded/output/isoExample/package/local-client/lib/log4j-1.2.13.jar:/Users/ervin/Projects/caGrid/caGrid-1_5_release/Software/core/integration-tests/projects/sdk44StyleTests/ext/dependencies/cacore/unpacked/iso-example-project/target/dist/exploded/output/isoExample/package/local-client/lib/mysql-connector-java-5.0.8.jar:/Users/ervin/Projects/caGrid/caGrid-1_5_release/Software/core/integration-tests/projects/sdk44StyleTests/ext/dependencies/cacore/unpacked/iso-example-project/target/dist/exploded/output/isoExample/package/local-client/lib/sdk-security-4.4.jar:/Users/ervin/Projects/caGrid/caGrid-1_5_release/Software/core/integration-tests/projects/sdk44StyleTests/ext/dependencies/cacore/unpacked/iso-example-project/target/dist/exploded/output/isoExample/package/local-client/lib/sdk-security-client-4.4.jar:/Users/ervin/Projects/caGrid/caGrid-1_5_release/Software/core/integration-tests/projects/sdk44StyleTests/ext/dependencies/cacore/unpacked/iso-example-project/target/dist/exploded/output/isoExample/package/local-client/lib/sdk-system-client-4.4.jar:/Users/ervin/Projects/caGrid/caGrid-1_5_release/Software/core/integration-tests/projects/sdk44StyleTests/ext/dependencies/cacore/unpacked/iso-example-project/target/dist/exploded/output/isoExample/package/local-client/lib/sdk-system-core-4.4.jar:/Users/ervin/Projects/caGrid/caGrid-1_5_release/Software/core/integration-tests/projects/sdk44StyleTests/ext/dependencies/cacore/unpacked/iso-example-project/target/dist/exploded/output/isoExample/package/local-client/lib/spring-2.0.2.jar:/Users/ervin/Projects/caGrid/caGrid-1_5_release/Software/core/integration-tests/projects/sdk44StyleTests/ext/dependencies/cacore/unpacked/iso-example-project/target/dist/exploded/output/isoExample/package/local-client/lib/stax-api-1.0-2.jar:/Users/ervin/Projects/caGrid/caGrid-1_5_release/Software/core/integration-tests/projects/sdk44StyleTests/ext/dependencies/cacore/unpacked/iso-example-project/target/dist/exploded/output/isoExample/package/local-client/lib/xercesImpl-2.7.1.jar:/Users/ervin/Projects/caGrid/caGrid-1_5_release/Software/core/integration-tests/projects/sdk44StyleTests/ext/dependencies/cacore/unpacked/iso-example-project/target/dist/exploded/output/isoExample/package/local-client/conf:/Users/ervin/Installs/ant/apache-ant-1.7.1/lib/ant-launcher.jar:/Users/ervin/Installs/ant/apache-ant-1.7.1/lib/ant.jar:/Users/ervin/Installs/ant/apache-ant-1.7.1/lib/ant-junit.jar" />
    <property name="DSTAMP" value="20110923" />
    <property name="ant.library.dir" value="/Users/ervin/Installs/ant/apache-ant-1.7.1//lib" />
    <property name="os.arch" value="x86_64" />
    <property name="http.proxyHost" value="localhost" />
    <property name="env.JAVA_MAIN_CLASS_17340" value="org.apache.tools.ant.launch.Launcher" />
    <property name="env.Apple_PubSub_Socket_Render" value="/tmp/launch-goK2fm/Render" />
    <property name="sdk.zip.file" value="/Users/ervin/Projects/caGrid/caGrid-1_5_release/Software/core/integration-tests/projects/sdk44StyleTests/ext/dependencies/cacore/SDK-bin-4.4.zip" />
    <property name="db.script.dir" value="/Users/ervin/Projects/caGrid/caGrid-1_5_release/Software/core/integration-tests/projects/sdk44StyleTests/ext/dependencies/cacore/unpacked/iso-example-project/db/db-install/mysql" />
    <property name="sun.java.launcher" value="SUN_STANDARD" />
    <property name="classes.dir" value="/Users/ervin/Projects/caGrid/caGrid-1_5_release/Software/core/integration-tests/projects/sdk44StyleTests/build/classes" />
    <property name="db.driver" value="com.mysql.jdbc.Driver" />
    <property name="ant.core.lib" value="/Users/ervin/Installs/ant/apache-ant-1.7.1/lib/ant.jar" />
    <property name="ftp.proxyHost" value="localhost" />
    <property name="java.vm.specification.vendor" value="Sun Microsystems Inc." />
    <property name="TSTAMP" value="1444" />
    <property name="file.separator" value="/" />
    <property name="java.runtime.version" value="1.6.0_24-b07-334-10M3425" />
    <property name="env.SSH_AUTH_SOCK" value="/tmp/launch-vWyEtK/Listeners" />
    <property name="sun.boot.class.path" value="/System/Library/Java/JavaVirtualMachines/1.6.0.jdk/Contents/Classes/jsfd.jar:/System/Library/Java/JavaVirtualMachines/1.6.0.jdk/Contents/Classes/classes.jar:/System/Library/Frameworks/JavaVM.framework/Frameworks/JavaRuntimeSupport.framework/Resources/Java/JavaRuntimeSupport.jar:/System/Library/Java/JavaVirtualMachines/1.6.0.jdk/Contents/Classes/ui.jar:/System/Library/Java/JavaVirtualMachines/1.6.0.jdk/Contents/Classes/laf.jar:/System/Library/Java/JavaVirtualMachines/1.6.0.jdk/Contents/Classes/sunrsasign.jar:/System/Library/Java/JavaVirtualMachines/1.6.0.jdk/Contents/Classes/jsse.jar:/System/Library/Java/JavaVirtualMachines/1.6.0.jdk/Contents/Classes/jce.jar:/System/Library/Java/JavaVirtualMachines/1.6.0.jdk/Contents/Classes/charsets.jar" />
    <property name="db.password" value="" />
    <property name="env.ANT_HOME" value="/Users/ervin/Installs/ant/apache-ant-1.7.1/" />
    <property name="user.country" value="US" />
    <property name="env.SHELL" value="/bin/tcsh" />
    <property name="env.REMOTEHOST" value="" />
    <property name="java.vendor" value="Apple Inc." />
    <property name="awt.nativeDoubleBuffering" value="true" />
    <property name="env.CATALINA_HOME" value="/Users/ervin/Installs/tomcat/apache-tomcat-5.5.27/" />
    <property name="java.specification.version" value="1.6" />
    <property name="db.schema.name" value="sdk44_with_iso" />
    <property name="sun.arch.data.model" value="64" />
  </properties>
  <testcase classname="org.cagrid.tests.data.styles.cacore44.integration.story.SDK44DataServiceSystemTests" name="sdk44DataServiceSystemTests" time="289.399" />
  <system-out><![CDATA[
===============================================
STORY: org.cagrid.tests.data.styles.cacore44.integration.story.SDK44StyleLocalApiStory
STORY: org.cagrid.tests.data.styles.cacore44.integration.story.SDK44StyleLocalApiStory setting up

> CreateDataServiceStep (org.cagrid.tests.data.styles.cacore44.integration.story.SDK44StyleLocalApiStory)

OUT> Buildfile: /Users/ervin/Projects/caGrid/caGrid-1_5_release/Software/core/caGrid/projects/introduce/build.xml
OUT> 
OUT> createService:
OUT> 
OUT> setGlobus:
OUT> 
OUT> checkGlobus:
OUT>      [echo] Globus: /Users/ervin/Installs/globus/ws-core-4.0.3-sha2/
OUT> 
OUT> checkLoadPropertiesFile:
OUT> 
OUT> checkInputProps:
OUT> 
OUT> prepareSkeleton:
OUT> 
OUT> copySkeleton:
OUT>      [copy] Copying 43 files to /var/folders/M2/M2eLa4tFElelS2p09b6x7U+++TI/-Tmp-/TestSDK44WithIsoTypesStyleDataService_1316803733626
OUT> [propertyfile] Creating new property file: /var/folders/M2/M2eLa4tFElelS2p09b6x7U+++TI/-Tmp-/TestSDK44WithIsoTypesStyleDataService_1316803733626/introduce.properties
OUT> [createSkeleton] Unable to find required classes (javax.activation.DataHandler and javax.mail.internet.MimeMultipart). Attachment support is disabled.
OUT> [createSkeleton] Loading configuration for Portal Configuration from /Users/ervin/.cagrid/grape/introducePortal-conf.xml
OUT> [createSkeleton] Loading configuration for Service Creation Defaults from /Users/ervin/.cagrid/grape/introduceServiceDefaults-conf.xml
OUT> [createSkeleton] Loading configuration for Global Extension Properties from /Users/ervin/.cagrid/grape/introduceGlobalExtensionProperties-conf.xml
OUT> [createSkeleton] Loading extension: /Users/ervin/Projects/caGrid/caGrid-1_5_release/Software/core/caGrid/projects/introduce/./extensions/bdt/extension.xml
OUT> [createSkeleton] Loading extension: /Users/ervin/Projects/caGrid/caGrid-1_5_release/Software/core/caGrid/projects/introduce/./extensions/caDSR-discovery/extension.xml
OUT> [createSkeleton] Loading extension: /Users/ervin/Projects/caGrid/caGrid-1_5_release/Software/core/caGrid/projects/introduce/./extensions/cagrid_creation_viewer/extension.xml
OUT> [createSkeleton] Loading extension: /Users/ervin/Projects/caGrid/caGrid-1_5_release/Software/core/caGrid/projects/introduce/./extensions/cagrid_gaards_ui/extension.xml
OUT> [createSkeleton] Loading extension: /Users/ervin/Projects/caGrid/caGrid-1_5_release/Software/core/caGrid/projects/introduce/./extensions/cagrid_metadata/extension.xml
OUT> [createSkeleton] Loading extension: /Users/ervin/Projects/caGrid/caGrid-1_5_release/Software/core/caGrid/projects/introduce/./extensions/caGrid_Transfer/extension.xml
OUT> [createSkeleton] Loading extension: /Users/ervin/Projects/caGrid/caGrid-1_5_release/Software/core/caGrid/projects/introduce/./extensions/cagrid_wsEnum/extension.xml
OUT> [createSkeleton] Loading extension: /Users/ervin/Projects/caGrid/caGrid-1_5_release/Software/core/caGrid/projects/introduce/./extensions/csm_auth/extension.xml
OUT> [createSkeleton] Loading extension: /Users/ervin/Projects/caGrid/caGrid-1_5_release/Software/core/caGrid/projects/introduce/./extensions/data/extension.xml
OUT> [createSkeleton] Loading extension: /Users/ervin/Projects/caGrid/caGrid-1_5_release/Software/core/caGrid/projects/introduce/./extensions/domainmodel_viewer/extension.xml
OUT> [createSkeleton] Loading extension: /Users/ervin/Projects/caGrid/caGrid-1_5_release/Software/core/caGrid/projects/introduce/./extensions/enforce_auth/extension.xml
OUT> [createSkeleton] Loading extension: /Users/ervin/Projects/caGrid/caGrid-1_5_release/Software/core/caGrid/projects/introduce/./extensions/file_discovery/extension.xml
OUT> [createSkeleton] Loading extension: /Users/ervin/Projects/caGrid/caGrid-1_5_release/Software/core/caGrid/projects/introduce/./extensions/globus_discovery/extension.xml
OUT> [createSkeleton] Loading extension: /Users/ervin/Projects/caGrid/caGrid-1_5_release/Software/core/caGrid/projects/introduce/./extensions/gme-discovery/extension.xml
OUT> [createSkeleton] Loading extension: /Users/ervin/Projects/caGrid/caGrid-1_5_release/Software/core/caGrid/projects/introduce/./extensions/gridgrouper_auth/extension.xml
OUT> [createSkeleton] Loading extension: /Users/ervin/Projects/caGrid/caGrid-1_5_release/Software/core/caGrid/projects/introduce/./extensions/ISO21090-discovery/extension.xml
OUT> [createSkeleton] Loading extension: /Users/ervin/Projects/caGrid/caGrid-1_5_release/Software/core/caGrid/projects/introduce/./extensions/sdk_discovery/extension.xml
OUT> [createSkeleton] Loading extension: /Users/ervin/Projects/caGrid/caGrid-1_5_release/Software/core/caGrid/projects/introduce/./extensions/service_webapp/extension.xml
OUT> [createSkeleton] Loading extension: /Users/ervin/Projects/caGrid/caGrid-1_5_release/Software/core/caGrid/projects/introduce/./extensions/servicemetadata_editor/extension.xml
OUT> [createSkeleton] Creating new source code in : /var/folders/M2/M2eLa4tFElelS2p09b6x7U+++TI/-Tmp-/TestSDK44WithIsoTypesStyleDataService_1316803733626/src
OUT> [createSkeleton] Loading configuration for Portal Configuration from /Users/ervin/.cagrid/grape/introducePortal-conf.xml
OUT> [createSkeleton] Loading configuration for Service Creation Defaults from /Users/ervin/.cagrid/grape/introduceServiceDefaults-conf.xml
OUT> [createSkeleton] Loading configuration for Global Extension Properties from /Users/ervin/.cagrid/grape/introduceGlobalExtensionProperties-conf.xml
OUT> [createSkeleton] Getting namespaces from schema /var/folders/M2/M2eLa4tFElelS2p09b6x7U+++TI/-Tmp-/TestSDK44WithIsoTypesStyleDataService_1316803733626/schema/TestSDK44WithIsoTypesStyleDataService/./xsd/cagrid/types/security/security.xsd
OUT> [createSkeleton] Getting namespaces from schema /var/folders/M2/M2eLa4tFElelS2p09b6x7U+++TI/-Tmp-/TestSDK44WithIsoTypesStyleDataService_1316803733626/schema/TestSDK44WithIsoTypesStyleDataService/./TestSDK44WithIsoTypesStyleDataServiceTypes.xsd
OUT> [createSkeleton] Searching for classpath libraries: /var/folders/M2/M2eLa4tFElelS2p09b6x7U+++TI/-Tmp-/TestSDK44WithIsoTypesStyleDataService_1316803733626/lib
OUT> 
OUT> setActivePath:
OUT> 
OUT> createService:
OUT> 
OUT> BUILD SUCCESSFUL
OUT> Total time: 2 seconds
14:48:56,798 WARN  [JavaUtils] Unable to find required classes (javax.activation.DataHandler and javax.mail.internet.MimeMultipart). Attachment support is disabled.
Using local API
I think the local client dir is /Users/ervin/Projects/caGrid/caGrid-1_5_release/Software/core/integration-tests/projects/sdk44StyleTests/ext/dependencies/cacore/unpacked/iso-example-project/target/dist/exploded/output/isoExample/package/local-client
OUT> Buildfile: /Users/ervin/Projects/caGrid/caGrid-1_5_release/Software/core/caGrid/projects/introduce/build.xml
OUT> 
OUT> postCreateService:
OUT> 
OUT> postCreateService:
OUT> [postCreateSkeleton] Unable to find required classes (javax.activation.DataHandler and javax.mail.internet.MimeMultipart). Attachment support is disabled.
OUT> [postCreateSkeleton] Loading configuration for Portal Configuration from /Users/ervin/.cagrid/grape/introducePortal-conf.xml
OUT> [postCreateSkeleton] Loading configuration for Service Creation Defaults from /Users/ervin/.cagrid/grape/introduceServiceDefaults-conf.xml
OUT> [postCreateSkeleton] Loading configuration for Global Extension Properties from /Users/ervin/.cagrid/grape/introduceGlobalExtensionProperties-conf.xml
OUT> [postCreateSkeleton] Loading extension: /Users/ervin/Projects/caGrid/caGrid-1_5_release/Software/core/caGrid/projects/introduce/./extensions/bdt/extension.xml
OUT> [postCreateSkeleton] Loading extension: /Users/ervin/Projects/caGrid/caGrid-1_5_release/Software/core/caGrid/projects/introduce/./extensions/caDSR-discovery/extension.xml
OUT> [postCreateSkeleton] Loading extension: /Users/ervin/Projects/caGrid/caGrid-1_5_release/Software/core/caGrid/projects/introduce/./extensions/cagrid_creation_viewer/extension.xml
OUT> [postCreateSkeleton] Loading extension: /Users/ervin/Projects/caGrid/caGrid-1_5_release/Software/core/caGrid/projects/introduce/./extensions/cagrid_gaards_ui/extension.xml
OUT> [postCreateSkeleton] Loading extension: /Users/ervin/Projects/caGrid/caGrid-1_5_release/Software/core/caGrid/projects/introduce/./extensions/cagrid_metadata/extension.xml
OUT> [postCreateSkeleton] Loading extension: /Users/ervin/Projects/caGrid/caGrid-1_5_release/Software/core/caGrid/projects/introduce/./extensions/caGrid_Transfer/extension.xml
OUT> [postCreateSkeleton] Loading extension: /Users/ervin/Projects/caGrid/caGrid-1_5_release/Software/core/caGrid/projects/introduce/./extensions/cagrid_wsEnum/extension.xml
OUT> [postCreateSkeleton] Loading extension: /Users/ervin/Projects/caGrid/caGrid-1_5_release/Software/core/caGrid/projects/introduce/./extensions/csm_auth/extension.xml
OUT> [postCreateSkeleton] Loading extension: /Users/ervin/Projects/caGrid/caGrid-1_5_release/Software/core/caGrid/projects/introduce/./extensions/data/extension.xml
OUT> [postCreateSkeleton] Loading extension: /Users/ervin/Projects/caGrid/caGrid-1_5_release/Software/core/caGrid/projects/introduce/./extensions/domainmodel_viewer/extension.xml
OUT> [postCreateSkeleton] Loading extension: /Users/ervin/Projects/caGrid/caGrid-1_5_release/Software/core/caGrid/projects/introduce/./extensions/enforce_auth/extension.xml
OUT> [postCreateSkeleton] Loading extension: /Users/ervin/Projects/caGrid/caGrid-1_5_release/Software/core/caGrid/projects/introduce/./extensions/file_discovery/extension.xml
OUT> [postCreateSkeleton] Loading extension: /Users/ervin/Projects/caGrid/caGrid-1_5_release/Software/core/caGrid/projects/introduce/./extensions/globus_discovery/extension.xml
OUT> [postCreateSkeleton] Loading extension: /Users/ervin/Projects/caGrid/caGrid-1_5_release/Software/core/caGrid/projects/introduce/./extensions/gme-discovery/extension.xml
OUT> [postCreateSkeleton] Loading extension: /Users/ervin/Projects/caGrid/caGrid-1_5_release/Software/core/caGrid/projects/introduce/./extensions/gridgrouper_auth/extension.xml
OUT> [postCreateSkeleton] Loading extension: /Users/ervin/Projects/caGrid/caGrid-1_5_release/Software/core/caGrid/projects/introduce/./extensions/ISO21090-discovery/extension.xml
OUT> [postCreateSkeleton] Loading extension: /Users/ervin/Projects/caGrid/caGrid-1_5_release/Software/core/caGrid/projects/introduce/./extensions/sdk_discovery/extension.xml
OUT> [postCreateSkeleton] Loading extension: /Users/ervin/Projects/caGrid/caGrid-1_5_release/Software/core/caGrid/projects/introduce/./extensions/service_webapp/extension.xml
OUT> [postCreateSkeleton] Loading extension: /Users/ervin/Projects/caGrid/caGrid-1_5_release/Software/core/caGrid/projects/introduce/./extensions/servicemetadata_editor/extension.xml
OUT> [postCreateSkeleton] Copying schemas to /var/folders/M2/M2eLa4tFElelS2p09b6x7U+++TI/-Tmp-/TestSDK44WithIsoTypesStyleDataService_1316803733626/schema/TestSDK44WithIsoTypesStyleDataService/xsd
OUT> [postCreateSkeleton] Copying schema from /Users/ervin/Projects/caGrid/caGrid-1_5_release/Software/core/caGrid/projects/introduce/./extensions/cagrid_metadata/schema/cagrid/types/caGridMetadata.xsd
OUT> [postCreateSkeleton] Saving schema to /var/folders/M2/M2eLa4tFElelS2p09b6x7U+++TI/-Tmp-/TestSDK44WithIsoTypesStyleDataService_1316803733626/schema/TestSDK44WithIsoTypesStyleDataService/xsd/cagrid/types/caGridMetadata.xsd
OUT> [postCreateSkeleton] Copying schema from /Users/ervin/Projects/caGrid/caGrid-1_5_release/Software/core/caGrid/projects/introduce/./extensions/cagrid_metadata/schema/cagrid/types/common/common.xsd
OUT> [postCreateSkeleton] Saving schema to /var/folders/M2/M2eLa4tFElelS2p09b6x7U+++TI/-Tmp-/TestSDK44WithIsoTypesStyleDataService_1316803733626/schema/TestSDK44WithIsoTypesStyleDataService/xsd/cagrid/types/common/common.xsd
OUT> [postCreateSkeleton] Copying schema from /Users/ervin/Projects/caGrid/caGrid-1_5_release/Software/core/caGrid/projects/introduce/./extensions/cagrid_metadata/schema/cagrid/types/data/data.xsd
OUT> [postCreateSkeleton] Saving schema to /var/folders/M2/M2eLa4tFElelS2p09b6x7U+++TI/-Tmp-/TestSDK44WithIsoTypesStyleDataService_1316803733626/schema/TestSDK44WithIsoTypesStyleDataService/xsd/cagrid/types/data/data.xsd
OUT> [postCreateSkeleton] Copying schema from /Users/ervin/Projects/caGrid/caGrid-1_5_release/Software/core/caGrid/projects/introduce/./extensions/cagrid_metadata/schema/cagrid/types/security/security.xsd
OUT> [postCreateSkeleton] Saving schema to /var/folders/M2/M2eLa4tFElelS2p09b6x7U+++TI/-Tmp-/TestSDK44WithIsoTypesStyleDataService_1316803733626/schema/TestSDK44WithIsoTypesStyleDataService/xsd/cagrid/types/security/security.xsd
OUT> [postCreateSkeleton] Copying schema from /Users/ervin/Projects/caGrid/caGrid-1_5_release/Software/core/caGrid/projects/introduce/./extensions/cagrid_metadata/schema/cagrid/types/service/servicemodel.xsd
OUT> [postCreateSkeleton] Saving schema to /var/folders/M2/M2eLa4tFElelS2p09b6x7U+++TI/-Tmp-/TestSDK44WithIsoTypesStyleDataService_1316803733626/schema/TestSDK44WithIsoTypesStyleDataService/xsd/cagrid/types/service/servicemodel.xsd
OUT> [postCreateSkeleton] Modifying namespace definitions
OUT> [postCreateSkeleton] Copying schemas to /var/folders/M2/M2eLa4tFElelS2p09b6x7U+++TI/-Tmp-/TestSDK44WithIsoTypesStyleDataService_1316803733626/schema/TestSDK44WithIsoTypesStyleDataService
OUT> [postCreateSkeleton] Namespace already exists and is being ignored: gme://caGrid.caBIG/1.0/gov.nih.nci.cagrid.metadata
OUT> [postCreateSkeleton] java.lang.Throwable
OUT> [postCreateSkeleton] 	at gov.nih.nci.cagrid.introduce.common.CommonTools.addNamespace(CommonTools.java:1055)
OUT> [postCreateSkeleton] 	at gov.nih.nci.cagrid.data.creation.DataServiceQueryOperationProviderCreator.addDataServiceNamespaces(DataServiceQueryOperationProviderCreator.java:201)
OUT> [postCreateSkeleton] 	at gov.nih.nci.cagrid.data.creation.DataServiceQueryOperationProviderCreator.postCreate(DataServiceQueryOperationProviderCreator.java:97)
OUT> [postCreateSkeleton] 	at gov.nih.nci.cagrid.introduce.creator.SkeletonPostCreator.execute(SkeletonPostCreator.java:79)
OUT> [postCreateSkeleton] 	at org.apache.tools.ant.UnknownElement.execute(UnknownElement.java:288)
OUT> [postCreateSkeleton] 	at sun.reflect.GeneratedMethodAccessor1.invoke(Unknown Source)
OUT> [postCreateSkeleton] 	at sun.reflect.DelegatingMethodAccessorImpl.invoke(DelegatingMethodAccessorImpl.java:25)
OUT> [postCreateSkeleton] 	at java.lang.reflect.Method.invoke(Method.java:597)
OUT> [postCreateSkeleton] 	at org.apache.tools.ant.dispatch.DispatchUtils.execute(DispatchUtils.java:106)
OUT> [postCreateSkeleton] 	at org.apache.tools.ant.Task.perform(Task.java:348)
OUT> [postCreateSkeleton] 	at org.apache.tools.ant.Target.execute(Target.java:357)
OUT> [postCreateSkeleton] 	at org.apache.tools.ant.Target.performTasks(Target.java:385)
OUT> [postCreateSkeleton] 	at org.apache.tools.ant.Project.executeSortedTargets(Project.java:1337)
OUT> [postCreateSkeleton] 	at org.apache.tools.ant.helper.SingleCheckExecutor.executeTargets(SingleCheckExecutor.java:38)
OUT> [postCreateSkeleton] 	at org.apache.tools.ant.Project.executeTargets(Project.java:1189)
OUT> [postCreateSkeleton] 	at org.apache.tools.ant.taskdefs.Ant.execute(Ant.java:416)
OUT> [postCreateSkeleton] 	at org.apache.tools.ant.UnknownElement.execute(UnknownElement.java:288)
OUT> [postCreateSkeleton] 	at sun.reflect.GeneratedMethodAccessor1.invoke(Unknown Source)
OUT> [postCreateSkeleton] 	at sun.reflect.DelegatingMethodAccessorImpl.invoke(DelegatingMethodAccessorImpl.java:25)
OUT> [postCreateSkeleton] 	at java.lang.reflect.Method.invoke(Method.java:597)
OUT> [postCreateSkeleton] 	at org.apache.tools.ant.dispatch.DispatchUtils.execute(DispatchUtils.java:106)
OUT> [postCreateSkeleton] 	at org.apache.tools.ant.Task.perform(Task.java:348)
OUT> [postCreateSkeleton] 	at org.apache.tools.ant.Target.execute(Target.java:357)
OUT> [postCreateSkeleton] 	at org.apache.tools.ant.Target.performTasks(Target.java:385)
OUT> [postCreateSkeleton] 	at org.apache.tools.ant.Project.executeSortedTargets(Project.java:1337)
OUT> [postCreateSkeleton] 	at org.apache.tools.ant.Project.executeTarget(Project.java:1306)
OUT> [postCreateSkeleton] 	at org.apache.tools.ant.helper.DefaultExecutor.executeTargets(DefaultExecutor.java:41)
OUT> [postCreateSkeleton] 	at org.apache.tools.ant.Project.executeTargets(Project.java:1189)
OUT> [postCreateSkeleton] 	at org.apache.tools.ant.Main.runBuild(Main.java:758)
OUT> [postCreateSkeleton] 	at org.apache.tools.ant.Main.startAnt(Main.java:217)
OUT> [postCreateSkeleton] 	at org.apache.tools.ant.launch.Launcher.run(Launcher.java:257)
OUT> [postCreateSkeleton] 	at org.apache.tools.ant.launch.Launcher.main(Launcher.java:104)
OUT> [postCreateSkeleton] queryProcessorClass property is already defined as 
OUT> [postCreateSkeleton] cql2QueryProcessorClass property is already defined as org.cagrid.data.sdkquery44.processor.cql2.SDK44CQL2QueryProcessor
OUT> [postCreateSkeleton] Editing client config wsdd at /var/folders/M2/M2eLa4tFElelS2p09b6x7U+++TI/-Tmp-/TestSDK44WithIsoTypesStyleDataService_1316803733626/src/org/cagrid/sdkquery44/test/client/client-config.wsdd
OUT> [postCreateSkeleton] Editing server config wsdd at /var/folders/M2/M2eLa4tFElelS2p09b6x7U+++TI/-Tmp-/TestSDK44WithIsoTypesStyleDataService_1316803733626/server-config.wsdd
OUT> [postCreateSkeleton] Castor mapping file /var/folders/M2/M2eLa4tFElelS2p09b6x7U+++TI/-Tmp-/TestSDK44WithIsoTypesStyleDataService_1316803733626/src/org/cagrid/sdkquery44/test/TestSDK44WithIsoTypesStyleDataService-xml-mapping.xml not found... this is OK if you're using JaxB serialization
OUT> 
OUT> checkResyncInputProps:
OUT> 
OUT> prepareResyncSkeleton:
OUT> 
OUT> resyncService:
OUT>      [java] Unable to find required classes (javax.activation.DataHandler and javax.mail.internet.MimeMultipart). Attachment support is disabled.
OUT>      [java] Previous properties file /var/folders/M2/M2eLa4tFElelS2p09b6x7U+++TI/-Tmp-/TestSDK44WithIsoTypesStyleDataService_1316803733626/introduce.properties.prev did not exist
OUT>      [java] Getting namespaces from schema /var/folders/M2/M2eLa4tFElelS2p09b6x7U+++TI/-Tmp-/TestSDK44WithIsoTypesStyleDataService_1316803733626/schema/TestSDK44WithIsoTypesStyleDataService/gov.nih.nci.cacoresdk.domain.inheritance.abstrakt.xsd
OUT>      [java] adding namepace uri:iso.org:21090
OUT>      [java] Getting namespaces from schema /private/var/folders/M2/M2eLa4tFElelS2p09b6x7U+++TI/-Tmp-/TestSDK44WithIsoTypesStyleDataService_1316803733626/schema/TestSDK44WithIsoTypesStyleDataService/ISO_datatypes_Narrative.xsd
OUT>      [java] Getting namespaces from schema /var/folders/M2/M2eLa4tFElelS2p09b6x7U+++TI/-Tmp-/TestSDK44WithIsoTypesStyleDataService_1316803733626/schema/TestSDK44WithIsoTypesStyleDataService/gov.nih.nci.cacoresdk.domain.inheritance.childwithassociation.sametable.xsd
OUT>      [java] Getting namespaces from schema /private/var/folders/M2/M2eLa4tFElelS2p09b6x7U+++TI/-Tmp-/TestSDK44WithIsoTypesStyleDataService_1316803733626/schema/TestSDK44WithIsoTypesStyleDataService/ISO_datatypes_Narrative.xsd
OUT>      [java] Getting namespaces from schema /var/folders/M2/M2eLa4tFElelS2p09b6x7U+++TI/-Tmp-/TestSDK44WithIsoTypesStyleDataService_1316803733626/schema/TestSDK44WithIsoTypesStyleDataService/gov.nih.nci.cacoresdk.domain.inheritance.childwithassociation.xsd
OUT>      [java] Getting namespaces from schema /private/var/folders/M2/M2eLa4tFElelS2p09b6x7U+++TI/-Tmp-/TestSDK44WithIsoTypesStyleDataService_1316803733626/schema/TestSDK44WithIsoTypesStyleDataService/ISO_datatypes_Narrative.xsd
OUT>      [java] Getting namespaces from schema /var/folders/M2/M2eLa4tFElelS2p09b6x7U+++TI/-Tmp-/TestSDK44WithIsoTypesStyleDataService_1316803733626/schema/TestSDK44WithIsoTypesStyleDataService/gov.nih.nci.cacoresdk.domain.inheritance.implicit.xsd
OUT>      [java] Getting namespaces from schema /private/var/folders/M2/M2eLa4tFElelS2p09b6x7U+++TI/-Tmp-/TestSDK44WithIsoTypesStyleDataService_1316803733626/schema/TestSDK44WithIsoTypesStyleDataService/ISO_datatypes_Narrative.xsd
OUT>      [java] Getting namespaces from schema /var/folders/M2/M2eLa4tFElelS2p09b6x7U+++TI/-Tmp-/TestSDK44WithIsoTypesStyleDataService_1316803733626/schema/TestSDK44WithIsoTypesStyleDataService/gov.nih.nci.cacoresdk.domain.inheritance.multiplechild.sametable.xsd
OUT>      [java] Getting namespaces from schema /private/var/folders/M2/M2eLa4tFElelS2p09b6x7U+++TI/-Tmp-/TestSDK44WithIsoTypesStyleDataService_1316803733626/schema/TestSDK44WithIsoTypesStyleDataService/ISO_datatypes_Narrative.xsd
OUT>      [java] Getting namespaces from schema /var/folders/M2/M2eLa4tFElelS2p09b6x7U+++TI/-Tmp-/TestSDK44WithIsoTypesStyleDataService_1316803733626/schema/TestSDK44WithIsoTypesStyleDataService/gov.nih.nci.cacoresdk.domain.inheritance.multiplechild.xsd
OUT>      [java] Getting namespaces from schema /private/var/folders/M2/M2eLa4tFElelS2p09b6x7U+++TI/-Tmp-/TestSDK44WithIsoTypesStyleDataService_1316803733626/schema/TestSDK44WithIsoTypesStyleDataService/ISO_datatypes_Narrative.xsd
OUT>      [java] Getting namespaces from schema /var/folders/M2/M2eLa4tFElelS2p09b6x7U+++TI/-Tmp-/TestSDK44WithIsoTypesStyleDataService_1316803733626/schema/TestSDK44WithIsoTypesStyleDataService/gov.nih.nci.cacoresdk.domain.inheritance.onechild.sametable.xsd
OUT>      [java] Getting namespaces from schema /private/var/folders/M2/M2eLa4tFElelS2p09b6x7U+++TI/-Tmp-/TestSDK44WithIsoTypesStyleDataService_1316803733626/schema/TestSDK44WithIsoTypesStyleDataService/ISO_datatypes_Narrative.xsd
OUT>      [java] Getting namespaces from schema /var/folders/M2/M2eLa4tFElelS2p09b6x7U+++TI/-Tmp-/TestSDK44WithIsoTypesStyleDataService_1316803733626/schema/TestSDK44WithIsoTypesStyleDataService/gov.nih.nci.cacoresdk.domain.inheritance.onechild.xsd
OUT>      [java] Getting namespaces from schema /private/var/folders/M2/M2eLa4tFElelS2p09b6x7U+++TI/-Tmp-/TestSDK44WithIsoTypesStyleDataService_1316803733626/schema/TestSDK44WithIsoTypesStyleDataService/ISO_datatypes_Narrative.xsd
OUT>      [java] Getting namespaces from schema /var/folders/M2/M2eLa4tFElelS2p09b6x7U+++TI/-Tmp-/TestSDK44WithIsoTypesStyleDataService_1316803733626/schema/TestSDK44WithIsoTypesStyleDataService/gov.nih.nci.cacoresdk.domain.inheritance.parentwithassociation.sametable.xsd
OUT>      [java] Getting namespaces from schema /private/var/folders/M2/M2eLa4tFElelS2p09b6x7U+++TI/-Tmp-/TestSDK44WithIsoTypesStyleDataService_1316803733626/schema/TestSDK44WithIsoTypesStyleDataService/ISO_datatypes_Narrative.xsd
OUT>      [java] Getting namespaces from schema /var/folders/M2/M2eLa4tFElelS2p09b6x7U+++TI/-Tmp-/TestSDK44WithIsoTypesStyleDataService_1316803733626/schema/TestSDK44WithIsoTypesStyleDataService/gov.nih.nci.cacoresdk.domain.inheritance.parentwithassociation.xsd
OUT>      [java] Getting namespaces from schema /private/var/folders/M2/M2eLa4tFElelS2p09b6x7U+++TI/-Tmp-/TestSDK44WithIsoTypesStyleDataService_1316803733626/schema/TestSDK44WithIsoTypesStyleDataService/ISO_datatypes_Narrative.xsd
OUT>      [java] Getting namespaces from schema /var/folders/M2/M2eLa4tFElelS2p09b6x7U+++TI/-Tmp-/TestSDK44WithIsoTypesStyleDataService_1316803733626/schema/TestSDK44WithIsoTypesStyleDataService/gov.nih.nci.cacoresdk.domain.inheritance.twolevelinheritance.sametable.xsd
OUT>      [java] Getting namespaces from schema /private/var/folders/M2/M2eLa4tFElelS2p09b6x7U+++TI/-Tmp-/TestSDK44WithIsoTypesStyleDataService_1316803733626/schema/TestSDK44WithIsoTypesStyleDataService/ISO_datatypes_Narrative.xsd
OUT>      [java] Getting namespaces from schema /var/folders/M2/M2eLa4tFElelS2p09b6x7U+++TI/-Tmp-/TestSDK44WithIsoTypesStyleDataService_1316803733626/schema/TestSDK44WithIsoTypesStyleDataService/gov.nih.nci.cacoresdk.domain.inheritance.twolevelinheritance.sametablerootlevel.xsd
OUT>      [java] Getting namespaces from schema /private/var/folders/M2/M2eLa4tFElelS2p09b6x7U+++TI/-Tmp-/TestSDK44WithIsoTypesStyleDataService_1316803733626/schema/TestSDK44WithIsoTypesStyleDataService/ISO_datatypes_Narrative.xsd
OUT>      [java] Getting namespaces from schema /var/folders/M2/M2eLa4tFElelS2p09b6x7U+++TI/-Tmp-/TestSDK44WithIsoTypesStyleDataService_1316803733626/schema/TestSDK44WithIsoTypesStyleDataService/gov.nih.nci.cacoresdk.domain.inheritance.twolevelinheritance.xsd
OUT>      [java] Getting namespaces from schema /private/var/folders/M2/M2eLa4tFElelS2p09b6x7U+++TI/-Tmp-/TestSDK44WithIsoTypesStyleDataService_1316803733626/schema/TestSDK44WithIsoTypesStyleDataService/ISO_datatypes_Narrative.xsd
OUT>      [java] Getting namespaces from schema /var/folders/M2/M2eLa4tFElelS2p09b6x7U+++TI/-Tmp-/TestSDK44WithIsoTypesStyleDataService_1316803733626/schema/TestSDK44WithIsoTypesStyleDataService/gov.nih.nci.cacoresdk.domain.interfaze.xsd
OUT>      [java] Getting namespaces from schema /private/var/folders/M2/M2eLa4tFElelS2p09b6x7U+++TI/-Tmp-/TestSDK44WithIsoTypesStyleDataService_1316803733626/schema/TestSDK44WithIsoTypesStyleDataService/ISO_datatypes_Narrative.xsd
OUT>      [java] Getting namespaces from schema /var/folders/M2/M2eLa4tFElelS2p09b6x7U+++TI/-Tmp-/TestSDK44WithIsoTypesStyleDataService_1316803733626/schema/TestSDK44WithIsoTypesStyleDataService/gov.nih.nci.cacoresdk.domain.manytomany.bidirectional.xsd
OUT>      [java] Getting namespaces from schema /private/var/folders/M2/M2eLa4tFElelS2p09b6x7U+++TI/-Tmp-/TestSDK44WithIsoTypesStyleDataService_1316803733626/schema/TestSDK44WithIsoTypesStyleDataService/ISO_datatypes_Narrative.xsd
OUT>      [java] Getting namespaces from schema /var/folders/M2/M2eLa4tFElelS2p09b6x7U+++TI/-Tmp-/TestSDK44WithIsoTypesStyleDataService_1316803733626/schema/TestSDK44WithIsoTypesStyleDataService/gov.nih.nci.cacoresdk.domain.manytomany.unidirectional.xsd
OUT>      [java] Getting namespaces from schema /private/var/folders/M2/M2eLa4tFElelS2p09b6x7U+++TI/-Tmp-/TestSDK44WithIsoTypesStyleDataService_1316803733626/schema/TestSDK44WithIsoTypesStyleDataService/ISO_datatypes_Narrative.xsd
OUT>      [java] Getting namespaces from schema /var/folders/M2/M2eLa4tFElelS2p09b6x7U+++TI/-Tmp-/TestSDK44WithIsoTypesStyleDataService_1316803733626/schema/TestSDK44WithIsoTypesStyleDataService/gov.nih.nci.cacoresdk.domain.manytoone.unidirectional.withjoin.xsd
OUT>      [java] Getting namespaces from schema /private/var/folders/M2/M2eLa4tFElelS2p09b6x7U+++TI/-Tmp-/TestSDK44WithIsoTypesStyleDataService_1316803733626/schema/TestSDK44WithIsoTypesStyleDataService/ISO_datatypes_Narrative.xsd
OUT>      [java] Getting namespaces from schema /var/folders/M2/M2eLa4tFElelS2p09b6x7U+++TI/-Tmp-/TestSDK44WithIsoTypesStyleDataService_1316803733626/schema/TestSDK44WithIsoTypesStyleDataService/gov.nih.nci.cacoresdk.domain.manytoone.unidirectional.xsd
OUT>      [java] Getting namespaces from schema /private/var/folders/M2/M2eLa4tFElelS2p09b6x7U+++TI/-Tmp-/TestSDK44WithIsoTypesStyleDataService_1316803733626/schema/TestSDK44WithIsoTypesStyleDataService/ISO_datatypes_Narrative.xsd
OUT>      [java] Getting namespaces from schema /var/folders/M2/M2eLa4tFElelS2p09b6x7U+++TI/-Tmp-/TestSDK44WithIsoTypesStyleDataService_1316803733626/schema/TestSDK44WithIsoTypesStyleDataService/gov.nih.nci.cacoresdk.domain.onetomany.bidirectional.withjoin.xsd
OUT>      [java] Getting namespaces from schema /private/var/folders/M2/M2eLa4tFElelS2p09b6x7U+++TI/-Tmp-/TestSDK44WithIsoTypesStyleDataService_1316803733626/schema/TestSDK44WithIsoTypesStyleDataService/ISO_datatypes_Narrative.xsd
OUT>      [java] Getting namespaces from schema /var/folders/M2/M2eLa4tFElelS2p09b6x7U+++TI/-Tmp-/TestSDK44WithIsoTypesStyleDataService_1316803733626/schema/TestSDK44WithIsoTypesStyleDataService/gov.nih.nci.cacoresdk.domain.onetomany.bidirectional.xsd
OUT>      [java] Getting namespaces from schema /private/var/folders/M2/M2eLa4tFElelS2p09b6x7U+++TI/-Tmp-/TestSDK44WithIsoTypesStyleDataService_1316803733626/schema/TestSDK44WithIsoTypesStyleDataService/ISO_datatypes_Narrative.xsd
OUT>      [java] Getting namespaces from schema /var/folders/M2/M2eLa4tFElelS2p09b6x7U+++TI/-Tmp-/TestSDK44WithIsoTypesStyleDataService_1316803733626/schema/TestSDK44WithIsoTypesStyleDataService/gov.nih.nci.cacoresdk.domain.onetomany.selfassociation.xsd
OUT>      [java] Getting namespaces from schema /private/var/folders/M2/M2eLa4tFElelS2p09b6x7U+++TI/-Tmp-/TestSDK44WithIsoTypesStyleDataService_1316803733626/schema/TestSDK44WithIsoTypesStyleDataService/ISO_datatypes_Narrative.xsd
OUT>      [java] Getting namespaces from schema /var/folders/M2/M2eLa4tFElelS2p09b6x7U+++TI/-Tmp-/TestSDK44WithIsoTypesStyleDataService_1316803733626/schema/TestSDK44WithIsoTypesStyleDataService/gov.nih.nci.cacoresdk.domain.onetomany.unidirectional.withjoin.xsd
OUT>      [java] Getting namespaces from schema /private/var/folders/M2/M2eLa4tFElelS2p09b6x7U+++TI/-Tmp-/TestSDK44WithIsoTypesStyleDataService_1316803733626/schema/TestSDK44WithIsoTypesStyleDataService/ISO_datatypes_Narrative.xsd
OUT>      [java] Getting namespaces from schema /var/folders/M2/M2eLa4tFElelS2p09b6x7U+++TI/-Tmp-/TestSDK44WithIsoTypesStyleDataService_1316803733626/schema/TestSDK44WithIsoTypesStyleDataService/gov.nih.nci.cacoresdk.domain.onetomany.unidirectional.xsd
OUT>      [java] Getting namespaces from schema /private/var/folders/M2/M2eLa4tFElelS2p09b6x7U+++TI/-Tmp-/TestSDK44WithIsoTypesStyleDataService_1316803733626/schema/TestSDK44WithIsoTypesStyleDataService/ISO_datatypes_Narrative.xsd
OUT>      [java] Getting namespaces from schema /var/folders/M2/M2eLa4tFElelS2p09b6x7U+++TI/-Tmp-/TestSDK44WithIsoTypesStyleDataService_1316803733626/schema/TestSDK44WithIsoTypesStyleDataService/gov.nih.nci.cacoresdk.domain.onetoone.bidirectional.withjoin.xsd
OUT>      [java] Getting namespaces from schema /private/var/folders/M2/M2eLa4tFElelS2p09b6x7U+++TI/-Tmp-/TestSDK44WithIsoTypesStyleDataService_1316803733626/schema/TestSDK44WithIsoTypesStyleDataService/ISO_datatypes_Narrative.xsd
OUT>      [java] Getting namespaces from schema /var/folders/M2/M2eLa4tFElelS2p09b6x7U+++TI/-Tmp-/TestSDK44WithIsoTypesStyleDataService_1316803733626/schema/TestSDK44WithIsoTypesStyleDataService/gov.nih.nci.cacoresdk.domain.onetoone.bidirectional.xsd
OUT>      [java] Getting namespaces from schema /private/var/folders/M2/M2eLa4tFElelS2p09b6x7U+++TI/-Tmp-/TestSDK44WithIsoTypesStyleDataService_1316803733626/schema/TestSDK44WithIsoTypesStyleDataService/ISO_datatypes_Narrative.xsd
OUT>      [java] Getting namespaces from schema /var/folders/M2/M2eLa4tFElelS2p09b6x7U+++TI/-Tmp-/TestSDK44WithIsoTypesStyleDataService_1316803733626/schema/TestSDK44WithIsoTypesStyleDataService/gov.nih.nci.cacoresdk.domain.onetoone.multipleassociation.withjoin.xsd
OUT>      [java] Getting namespaces from schema /private/var/folders/M2/M2eLa4tFElelS2p09b6x7U+++TI/-Tmp-/TestSDK44WithIsoTypesStyleDataService_1316803733626/schema/TestSDK44WithIsoTypesStyleDataService/ISO_datatypes_Narrative.xsd
OUT>      [java] Getting namespaces from schema /var/folders/M2/M2eLa4tFElelS2p09b6x7U+++TI/-Tmp-/TestSDK44WithIsoTypesStyleDataService_1316803733626/schema/TestSDK44WithIsoTypesStyleDataService/gov.nih.nci.cacoresdk.domain.onetoone.multipleassociation.xsd
OUT>      [java] Getting namespaces from schema /private/var/folders/M2/M2eLa4tFElelS2p09b6x7U+++TI/-Tmp-/TestSDK44WithIsoTypesStyleDataService_1316803733626/schema/TestSDK44WithIsoTypesStyleDataService/ISO_datatypes_Narrative.xsd
OUT>      [java] Getting namespaces from schema /var/folders/M2/M2eLa4tFElelS2p09b6x7U+++TI/-Tmp-/TestSDK44WithIsoTypesStyleDataService_1316803733626/schema/TestSDK44WithIsoTypesStyleDataService/gov.nih.nci.cacoresdk.domain.onetoone.unidirectional.withjoin.xsd
OUT>      [java] Getting namespaces from schema /private/var/folders/M2/M2eLa4tFElelS2p09b6x7U+++TI/-Tmp-/TestSDK44WithIsoTypesStyleDataService_1316803733626/schema/TestSDK44WithIsoTypesStyleDataService/ISO_datatypes_Narrative.xsd
OUT>      [java] Getting namespaces from schema /var/folders/M2/M2eLa4tFElelS2p09b6x7U+++TI/-Tmp-/TestSDK44WithIsoTypesStyleDataService_1316803733626/schema/TestSDK44WithIsoTypesStyleDataService/gov.nih.nci.cacoresdk.domain.onetoone.unidirectional.xsd
OUT>      [java] Getting namespaces from schema /private/var/folders/M2/M2eLa4tFElelS2p09b6x7U+++TI/-Tmp-/TestSDK44WithIsoTypesStyleDataService_1316803733626/schema/TestSDK44WithIsoTypesStyleDataService/ISO_datatypes_Narrative.xsd
OUT>      [java] Getting namespaces from schema /var/folders/M2/M2eLa4tFElelS2p09b6x7U+++TI/-Tmp-/TestSDK44WithIsoTypesStyleDataService_1316803733626/schema/TestSDK44WithIsoTypesStyleDataService/gov.nih.nci.cacoresdk.domain.other.datatype.xsd
OUT>      [java] Getting namespaces from schema /private/var/folders/M2/M2eLa4tFElelS2p09b6x7U+++TI/-Tmp-/TestSDK44WithIsoTypesStyleDataService_1316803733626/schema/TestSDK44WithIsoTypesStyleDataService/ISO_datatypes_Narrative.xsd
OUT>      [java] Getting namespaces from schema /var/folders/M2/M2eLa4tFElelS2p09b6x7U+++TI/-Tmp-/TestSDK44WithIsoTypesStyleDataService_1316803733626/schema/TestSDK44WithIsoTypesStyleDataService/gov.nih.nci.cacoresdk.domain.other.differentpackage.associations.xsd
OUT>      [java] adding namepace gme://caCORE.caCORE/3.2/gov.nih.nci.cacoresdk.domain.other.differentpackage
OUT>      [java] Getting namespaces from schema /private/var/folders/M2/M2eLa4tFElelS2p09b6x7U+++TI/-Tmp-/TestSDK44WithIsoTypesStyleDataService_1316803733626/schema/TestSDK44WithIsoTypesStyleDataService/gov.nih.nci.cacoresdk.domain.other.differentpackage.xsd
OUT>      [java] Getting namespaces from schema /private/var/folders/M2/M2eLa4tFElelS2p09b6x7U+++TI/-Tmp-/TestSDK44WithIsoTypesStyleDataService_1316803733626/schema/TestSDK44WithIsoTypesStyleDataService/gov.nih.nci.cacoresdk.domain.other.differentpackage.associations.xsd
OUT>      [java] WARNING: Schema imports contain circular references. /private/var/folders/M2/M2eLa4tFElelS2p09b6x7U+++TI/-Tmp-/TestSDK44WithIsoTypesStyleDataService_1316803733626/schema/TestSDK44WithIsoTypesStyleDataService/gov.nih.nci.cacoresdk.domain.other.differentpackage.associations.xsd
OUT>      [java] Getting namespaces from schema /private/var/folders/M2/M2eLa4tFElelS2p09b6x7U+++TI/-Tmp-/TestSDK44WithIsoTypesStyleDataService_1316803733626/schema/TestSDK44WithIsoTypesStyleDataService/ISO_datatypes_Narrative.xsd
OUT>      [java] WARNING: Schema imports contain circular references. /private/var/folders/M2/M2eLa4tFElelS2p09b6x7U+++TI/-Tmp-/TestSDK44WithIsoTypesStyleDataService_1316803733626/schema/TestSDK44WithIsoTypesStyleDataService/gov.nih.nci.cacoresdk.domain.other.differentpackage.xsd
OUT>      [java] WARNING: Schema imports contain circular references. /var/folders/M2/M2eLa4tFElelS2p09b6x7U+++TI/-Tmp-/TestSDK44WithIsoTypesStyleDataService_1316803733626/schema/TestSDK44WithIsoTypesStyleDataService/gov.nih.nci.cacoresdk.domain.other.differentpackage.associations.xsd
OUT>      [java] Getting namespaces from schema /var/folders/M2/M2eLa4tFElelS2p09b6x7U+++TI/-Tmp-/TestSDK44WithIsoTypesStyleDataService_1316803733626/schema/TestSDK44WithIsoTypesStyleDataService/gov.nih.nci.cacoresdk.domain.other.differentpackage.xsd
OUT>      [java] Getting namespaces from schema /private/var/folders/M2/M2eLa4tFElelS2p09b6x7U+++TI/-Tmp-/TestSDK44WithIsoTypesStyleDataService_1316803733626/schema/TestSDK44WithIsoTypesStyleDataService/gov.nih.nci.cacoresdk.domain.other.differentpackage.associations.xsd
OUT>      [java] Getting namespaces from schema /private/var/folders/M2/M2eLa4tFElelS2p09b6x7U+++TI/-Tmp-/TestSDK44WithIsoTypesStyleDataService_1316803733626/schema/TestSDK44WithIsoTypesStyleDataService/gov.nih.nci.cacoresdk.domain.other.differentpackage.xsd
OUT>      [java] WARNING: Schema imports contain circular references. /private/var/folders/M2/M2eLa4tFElelS2p09b6x7U+++TI/-Tmp-/TestSDK44WithIsoTypesStyleDataService_1316803733626/schema/TestSDK44WithIsoTypesStyleDataService/gov.nih.nci.cacoresdk.domain.other.differentpackage.xsd
OUT>      [java] Getting namespaces from schema /private/var/folders/M2/M2eLa4tFElelS2p09b6x7U+++TI/-Tmp-/TestSDK44WithIsoTypesStyleDataService_1316803733626/schema/TestSDK44WithIsoTypesStyleDataService/ISO_datatypes_Narrative.xsd
OUT>      [java] WARNING: Schema imports contain circular references. /private/var/folders/M2/M2eLa4tFElelS2p09b6x7U+++TI/-Tmp-/TestSDK44WithIsoTypesStyleDataService_1316803733626/schema/TestSDK44WithIsoTypesStyleDataService/gov.nih.nci.cacoresdk.domain.other.differentpackage.associations.xsd
OUT>      [java] WARNING: Schema imports contain circular references. /var/folders/M2/M2eLa4tFElelS2p09b6x7U+++TI/-Tmp-/TestSDK44WithIsoTypesStyleDataService_1316803733626/schema/TestSDK44WithIsoTypesStyleDataService/gov.nih.nci.cacoresdk.domain.other.differentpackage.xsd
OUT>      [java] Getting namespaces from schema /var/folders/M2/M2eLa4tFElelS2p09b6x7U+++TI/-Tmp-/TestSDK44WithIsoTypesStyleDataService_1316803733626/schema/TestSDK44WithIsoTypesStyleDataService/gov.nih.nci.cacoresdk.domain.other.levelassociation.xsd
OUT>      [java] Getting namespaces from schema /private/var/folders/M2/M2eLa4tFElelS2p09b6x7U+++TI/-Tmp-/TestSDK44WithIsoTypesStyleDataService_1316803733626/schema/TestSDK44WithIsoTypesStyleDataService/ISO_datatypes_Narrative.xsd
OUT>      [java] Getting namespaces from schema /var/folders/M2/M2eLa4tFElelS2p09b6x7U+++TI/-Tmp-/TestSDK44WithIsoTypesStyleDataService_1316803733626/schema/TestSDK44WithIsoTypesStyleDataService/gov.nih.nci.cacoresdk.domain.other.primarykey.xsd
OUT>      [java] Getting namespaces from schema /private/var/folders/M2/M2eLa4tFElelS2p09b6x7U+++TI/-Tmp-/TestSDK44WithIsoTypesStyleDataService_1316803733626/schema/TestSDK44WithIsoTypesStyleDataService/ISO_datatypes_Narrative.xsd
OUT>      [java] Getting namespaces from schema /var/folders/M2/M2eLa4tFElelS2p09b6x7U+++TI/-Tmp-/TestSDK44WithIsoTypesStyleDataService_1316803733626/schema/TestSDK44WithIsoTypesStyleDataService/gov.nih.nci.cacoresdk.domain.other.validationtype.xsd
OUT>      [java] Getting namespaces from schema /private/var/folders/M2/M2eLa4tFElelS2p09b6x7U+++TI/-Tmp-/TestSDK44WithIsoTypesStyleDataService_1316803733626/schema/TestSDK44WithIsoTypesStyleDataService/ISO_datatypes_Narrative.xsd
OUT>      [java] Getting namespaces from schema /var/folders/M2/M2eLa4tFElelS2p09b6x7U+++TI/-Tmp-/TestSDK44WithIsoTypesStyleDataService_1316803733626/schema/TestSDK44WithIsoTypesStyleDataService/./ISO_extensions.xsd
OUT>      [java] Getting namespaces from schema /var/folders/M2/M2eLa4tFElelS2p09b6x7U+++TI/-Tmp-/TestSDK44WithIsoTypesStyleDataService_1316803733626/schema/TestSDK44WithIsoTypesStyleDataService/./CQLQueryComponents.xsd
OUT>      [java] Getting namespaces from schema /var/folders/M2/M2eLa4tFElelS2p09b6x7U+++TI/-Tmp-/TestSDK44WithIsoTypesStyleDataService_1316803733626/schema/TestSDK44WithIsoTypesStyleDataService/./CQLQueryResults.xsd
OUT>      [java] Getting namespaces from schema /private/var/folders/M2/M2eLa4tFElelS2p09b6x7U+++TI/-Tmp-/TestSDK44WithIsoTypesStyleDataService_1316803733626/schema/TestSDK44WithIsoTypesStyleDataService/Aggregations.xsd
OUT>      [java] Synchronizing with pre processing extensions
OUT>      [java] Loading configuration for Portal Configuration from /Users/ervin/.cagrid/grape/introducePortal-conf.xml
OUT>      [java] Loading configuration for Service Creation Defaults from /Users/ervin/.cagrid/grape/introduceServiceDefaults-conf.xml
OUT>      [java] Loading configuration for Global Extension Properties from /Users/ervin/.cagrid/grape/introduceGlobalExtensionProperties-conf.xml
OUT>      [java] Loading extension: /Users/ervin/Projects/caGrid/caGrid-1_5_release/Software/core/caGrid/projects/introduce/./extensions/bdt/extension.xml
OUT>      [java] Loading extension: /Users/ervin/Projects/caGrid/caGrid-1_5_release/Software/core/caGrid/projects/introduce/./extensions/caDSR-discovery/extension.xml
OUT>      [java] Loading extension: /Users/ervin/Projects/caGrid/caGrid-1_5_release/Software/core/caGrid/projects/introduce/./extensions/cagrid_creation_viewer/extension.xml
OUT>      [java] Loading extension: /Users/ervin/Projects/caGrid/caGrid-1_5_release/Software/core/caGrid/projects/introduce/./extensions/cagrid_gaards_ui/extension.xml
OUT>      [java] Loading extension: /Users/ervin/Projects/caGrid/caGrid-1_5_release/Software/core/caGrid/projects/introduce/./extensions/cagrid_metadata/extension.xml
OUT>      [java] Loading extension: /Users/ervin/Projects/caGrid/caGrid-1_5_release/Software/core/caGrid/projects/introduce/./extensions/caGrid_Transfer/extension.xml
OUT>      [java] Loading extension: /Users/ervin/Projects/caGrid/caGrid-1_5_release/Software/core/caGrid/projects/introduce/./extensions/cagrid_wsEnum/extension.xml
OUT>      [java] Loading extension: /Users/ervin/Projects/caGrid/caGrid-1_5_release/Software/core/caGrid/projects/introduce/./extensions/csm_auth/extension.xml
OUT>      [java] Loading extension: /Users/ervin/Projects/caGrid/caGrid-1_5_release/Software/core/caGrid/projects/introduce/./extensions/data/extension.xml
OUT>      [java] Loading extension: /Users/ervin/Projects/caGrid/caGrid-1_5_release/Software/core/caGrid/projects/introduce/./extensions/domainmodel_viewer/extension.xml
OUT>      [java] Loading extension: /Users/ervin/Projects/caGrid/caGrid-1_5_release/Software/core/caGrid/projects/introduce/./extensions/enforce_auth/extension.xml
OUT>      [java] Loading extension: /Users/ervin/Projects/caGrid/caGrid-1_5_release/Software/core/caGrid/projects/introduce/./extensions/file_discovery/extension.xml
OUT>      [java] Loading extension: /Users/ervin/Projects/caGrid/caGrid-1_5_release/Software/core/caGrid/projects/introduce/./extensions/globus_discovery/extension.xml
OUT>      [java] Loading extension: /Users/ervin/Projects/caGrid/caGrid-1_5_release/Software/core/caGrid/projects/introduce/./extensions/gme-discovery/extension.xml
OUT>      [java] Loading extension: /Users/ervin/Projects/caGrid/caGrid-1_5_release/Software/core/caGrid/projects/introduce/./extensions/gridgrouper_auth/extension.xml
OUT>      [java] Loading extension: /Users/ervin/Projects/caGrid/caGrid-1_5_release/Software/core/caGrid/projects/introduce/./extensions/ISO21090-discovery/extension.xml
OUT>      [java] Loading extension: /Users/ervin/Projects/caGrid/caGrid-1_5_release/Software/core/caGrid/projects/introduce/./extensions/sdk_discovery/extension.xml
OUT>      [java] Loading extension: /Users/ervin/Projects/caGrid/caGrid-1_5_release/Software/core/caGrid/projects/introduce/./extensions/service_webapp/extension.xml
OUT>      [java] Loading extension: /Users/ervin/Projects/caGrid/caGrid-1_5_release/Software/core/caGrid/projects/introduce/./extensions/servicemetadata_editor/extension.xml
OUT>      [java] Set service metadata file location to:serviceMetadata.xml
OUT>      [java] Found existing domain model resource property
OUT>      [java] Found existing domain model resource property
OUT>      [java] Domain model source determined to be preBuilt
OUT>      [java] Imported operation's WSDL not found in service directory, using WSDL from globus...
OUT>      [java] Looking for namespace prefix for message wsrpw:GetMultipleResourcePropertiesRequest
OUT>      [java] Setting message GetMultipleResourcePropertiesRequest nsPrefix: wsrpw
OUT>      [java] Looking for namespace prefix for message wsrpw:GetMultipleResourcePropertiesResponse
OUT>      [java] Setting message GetMultipleResourcePropertiesResponse nsPrefix: wsrpw
OUT>      [java] Looking for namespace prefix for message wsrpw:ResourceUnknownFault
OUT>      [java] Setting message ResourceUnknownFault nsPrefix: wsrpw
OUT>      [java] Looking for namespace prefix for message wsrpw:InvalidResourcePropertyQNameFault
OUT>      [java] Setting message InvalidResourcePropertyQNameFault nsPrefix: wsrpw
OUT>      [java] Imported operation's WSDL not found in service directory, using WSDL from globus...
OUT>      [java] Looking for namespace prefix for message wsrpw:GetResourcePropertyRequest
OUT>      [java] Setting message GetResourcePropertyRequest nsPrefix: wsrpw
OUT>      [java] Looking for namespace prefix for message wsrpw:GetResourcePropertyResponse
OUT>      [java] Setting message GetResourcePropertyResponse nsPrefix: wsrpw
OUT>      [java] Looking for namespace prefix for message wsrpw:ResourceUnknownFault
OUT>      [java] Setting message ResourceUnknownFault nsPrefix: wsrpw
OUT>      [java] Looking for namespace prefix for message wsrpw:InvalidResourcePropertyQNameFault
OUT>      [java] Setting message InvalidResourcePropertyQNameFault nsPrefix: wsrpw
OUT>      [java] Imported operation's WSDL not found in service directory, using WSDL from globus...
OUT>      [java] Looking for namespace prefix for message wsrpw:QueryResourcePropertiesRequest
OUT>      [java] Setting message QueryResourcePropertiesRequest nsPrefix: wsrpw
OUT>      [java] Looking for namespace prefix for message wsrpw:QueryResourcePropertiesResponse
OUT>      [java] Setting message QueryResourcePropertiesResponse nsPrefix: wsrpw
OUT>      [java] Looking for namespace prefix for message wsrpw:ResourceUnknownFault
OUT>      [java] Setting message ResourceUnknownFault nsPrefix: wsrpw
OUT>      [java] Looking for namespace prefix for message wsrpw:InvalidResourcePropertyQNameFault
OUT>      [java] Setting message InvalidResourcePropertyQNameFault nsPrefix: wsrpw
OUT>      [java] Looking for namespace prefix for message wsrpw:UnknownQueryExpressionDialectFault
OUT>      [java] Setting message UnknownQueryExpressionDialectFault nsPrefix: wsrpw
OUT>      [java] Looking for namespace prefix for message wsrpw:InvalidQueryExpressionFault
OUT>      [java] Setting message InvalidQueryExpressionFault nsPrefix: wsrpw
OUT>      [java] Looking for namespace prefix for message wsrpw:QueryEvaluationErrorFault
OUT>      [java] Setting message QueryEvaluationErrorFault nsPrefix: wsrpw
OUT>      [java] Looking for namespace prefix for message tns:GetServiceSecurityMetadataRequest
OUT>      [java] Setting message GetServiceSecurityMetadataRequest nsPrefix: wns1
OUT>      [java] Looking for namespace prefix for message tns:GetServiceSecurityMetadataResponse
OUT>      [java] Setting message GetServiceSecurityMetadataResponse nsPrefix: wns1
OUT>      [java] Looking for namespace prefix for message tns:QueryRequest
OUT>      [java] Setting message QueryRequest nsPrefix: wns2
OUT>      [java] Looking for namespace prefix for message tns:QueryResponse
OUT>      [java] Setting message QueryResponse nsPrefix: wns2
OUT>      [java] Looking for namespace prefix for message tns:QueryProcessingExceptionFaultMessage
OUT>      [java] Setting message QueryProcessingExceptionFaultMessage nsPrefix: wns2
OUT>      [java] Looking for namespace prefix for message tns:MalformedQueryExceptionFaultMessage
OUT>      [java] Setting message MalformedQueryExceptionFaultMessage nsPrefix: wns2
OUT>      [java] Looking for namespace prefix for message tns:ExecuteQueryRequest
OUT>      [java] Setting message ExecuteQueryRequest nsPrefix: wns3
OUT>      [java] Looking for namespace prefix for message tns:ExecuteQueryResponse
OUT>      [java] Setting message ExecuteQueryResponse nsPrefix: wns3
OUT>      [java] Looking for namespace prefix for message tns:MalformedQueryExceptionFaultMessage
OUT>      [java] Setting message MalformedQueryExceptionFaultMessage nsPrefix: wns3
OUT>      [java] Looking for namespace prefix for message tns:QueryProcessingExceptionFaultMessage
OUT>      [java] Setting message QueryProcessingExceptionFaultMessage nsPrefix: wns3
OUT>      [java] Getting namespaces from schema /var/folders/M2/M2eLa4tFElelS2p09b6x7U+++TI/-Tmp-/TestSDK44WithIsoTypesStyleDataService_1316803733626/schema/TestSDK44WithIsoTypesStyleDataService/gov.nih.nci.cacoresdk.domain.inheritance.implicit.xsd
OUT>      [java] adding namepace uri:iso.org:21090
OUT>      [java] Getting namespaces from schema /private/var/folders/M2/M2eLa4tFElelS2p09b6x7U+++TI/-Tmp-/TestSDK44WithIsoTypesStyleDataService_1316803733626/schema/TestSDK44WithIsoTypesStyleDataService/ISO_datatypes_Narrative.xsd
OUT>      [java] Getting namespaces from schema /var/folders/M2/M2eLa4tFElelS2p09b6x7U+++TI/-Tmp-/TestSDK44WithIsoTypesStyleDataService_1316803733626/schema/TestSDK44WithIsoTypesStyleDataService/./TestSDK44WithIsoTypesStyleDataService_CQLResultTypes.xsd
OUT>      [java] Getting namespaces from schema /var/folders/M2/M2eLa4tFElelS2p09b6x7U+++TI/-Tmp-/TestSDK44WithIsoTypesStyleDataService_1316803733626/schema/TestSDK44WithIsoTypesStyleDataService/gov.nih.nci.cacoresdk.domain.inheritance.childwithassociation.sametable.xsd
OUT>      [java] Getting namespaces from schema /private/var/folders/M2/M2eLa4tFElelS2p09b6x7U+++TI/-Tmp-/TestSDK44WithIsoTypesStyleDataService_1316803733626/schema/TestSDK44WithIsoTypesStyleDataService/ISO_datatypes_Narrative.xsd
OUT>      [java] Getting namespaces from schema /var/folders/M2/M2eLa4tFElelS2p09b6x7U+++TI/-Tmp-/TestSDK44WithIsoTypesStyleDataService_1316803733626/schema/TestSDK44WithIsoTypesStyleDataService/gov.nih.nci.cacoresdk.domain.inheritance.parentwithassociation.xsd
OUT>      [java] Getting namespaces from schema /private/var/folders/M2/M2eLa4tFElelS2p09b6x7U+++TI/-Tmp-/TestSDK44WithIsoTypesStyleDataService_1316803733626/schema/TestSDK44WithIsoTypesStyleDataService/ISO_datatypes_Narrative.xsd
OUT>      [java] Getting namespaces from schema /var/folders/M2/M2eLa4tFElelS2p09b6x7U+++TI/-Tmp-/TestSDK44WithIsoTypesStyleDataService_1316803733626/schema/TestSDK44WithIsoTypesStyleDataService/./xsd/cagrid/types/service/servicemodel.xsd
OUT>      [java] adding namepace gme://caGrid.caBIG/1.0/gov.nih.nci.cagrid.metadata.common
OUT>      [java] Getting namespaces from schema /private/var/folders/M2/M2eLa4tFElelS2p09b6x7U+++TI/-Tmp-/TestSDK44WithIsoTypesStyleDataService_1316803733626/schema/TestSDK44WithIsoTypesStyleDataService/xsd/cagrid/types/common/common.xsd
OUT>      [java] Getting namespaces from schema /var/folders/M2/M2eLa4tFElelS2p09b6x7U+++TI/-Tmp-/TestSDK44WithIsoTypesStyleDataService_1316803733626/schema/TestSDK44WithIsoTypesStyleDataService/./xsd/cagrid/types/data/data.xsd
OUT>      [java] Getting namespaces from schema /private/var/folders/M2/M2eLa4tFElelS2p09b6x7U+++TI/-Tmp-/TestSDK44WithIsoTypesStyleDataService_1316803733626/schema/TestSDK44WithIsoTypesStyleDataService/xsd/cagrid/types/common/common.xsd
OUT>      [java] Getting namespaces from schema /var/folders/M2/M2eLa4tFElelS2p09b6x7U+++TI/-Tmp-/TestSDK44WithIsoTypesStyleDataService_1316803733626/schema/TestSDK44WithIsoTypesStyleDataService/gov.nih.nci.cacoresdk.domain.onetomany.bidirectional.withjoin.xsd
OUT>      [java] Getting namespaces from schema /private/var/folders/M2/M2eLa4tFElelS2p09b6x7U+++TI/-Tmp-/TestSDK44WithIsoTypesStyleDataService_1316803733626/schema/TestSDK44WithIsoTypesStyleDataService/ISO_datatypes_Narrative.xsd
OUT>      [java] Getting namespaces from schema /var/folders/M2/M2eLa4tFElelS2p09b6x7U+++TI/-Tmp-/TestSDK44WithIsoTypesStyleDataService_1316803733626/schema/TestSDK44WithIsoTypesStyleDataService/gov.nih.nci.cacoresdk.domain.onetoone.multipleassociation.xsd
OUT>      [java] Getting namespaces from schema /private/var/folders/M2/M2eLa4tFElelS2p09b6x7U+++TI/-Tmp-/TestSDK44WithIsoTypesStyleDataService_1316803733626/schema/TestSDK44WithIsoTypesStyleDataService/ISO_datatypes_Narrative.xsd
OUT>      [java] Getting namespaces from schema /var/folders/M2/M2eLa4tFElelS2p09b6x7U+++TI/-Tmp-/TestSDK44WithIsoTypesStyleDataService_1316803733626/schema/TestSDK44WithIsoTypesStyleDataService/./QueryLanguageSupportMetadata.xsd
OUT>      [java] adding namepace http://CQL.caBIG/2/org.cagrid.cql2.extensionsupport
OUT>      [java] Getting namespaces from schema /private/var/folders/M2/M2eLa4tFElelS2p09b6x7U+++TI/-Tmp-/TestSDK44WithIsoTypesStyleDataService_1316803733626/schema/TestSDK44WithIsoTypesStyleDataService/CQLSupportedExtensions.xsd
OUT>      [java] Getting namespaces from schema /var/folders/M2/M2eLa4tFElelS2p09b6x7U+++TI/-Tmp-/TestSDK44WithIsoTypesStyleDataService_1316803733626/schema/TestSDK44WithIsoTypesStyleDataService/gov.nih.nci.cacoresdk.domain.onetomany.bidirectional.xsd
OUT>      [java] Getting namespaces from schema /private/var/folders/M2/M2eLa4tFElelS2p09b6x7U+++TI/-Tmp-/TestSDK44WithIsoTypesStyleDataService_1316803733626/schema/TestSDK44WithIsoTypesStyleDataService/ISO_datatypes_Narrative.xsd
OUT>      [java] Getting namespaces from schema /var/folders/M2/M2eLa4tFElelS2p09b6x7U+++TI/-Tmp-/TestSDK44WithIsoTypesStyleDataService_1316803733626/schema/TestSDK44WithIsoTypesStyleDataService/gov.nih.nci.cacoresdk.domain.inheritance.multiplechild.xsd
OUT>      [java] Getting namespaces from schema /private/var/folders/M2/M2eLa4tFElelS2p09b6x7U+++TI/-Tmp-/TestSDK44WithIsoTypesStyleDataService_1316803733626/schema/TestSDK44WithIsoTypesStyleDataService/ISO_datatypes_Narrative.xsd
OUT>      [java] Getting namespaces from schema /var/folders/M2/M2eLa4tFElelS2p09b6x7U+++TI/-Tmp-/TestSDK44WithIsoTypesStyleDataService_1316803733626/schema/TestSDK44WithIsoTypesStyleDataService/./CQLQueryComponents.xsd
OUT>      [java] Getting namespaces from schema /var/folders/M2/M2eLa4tFElelS2p09b6x7U+++TI/-Tmp-/TestSDK44WithIsoTypesStyleDataService_1316803733626/schema/TestSDK44WithIsoTypesStyleDataService/gov.nih.nci.cacoresdk.domain.inheritance.multiplechild.sametable.xsd
OUT>      [java] Getting namespaces from schema /private/var/folders/M2/M2eLa4tFElelS2p09b6x7U+++TI/-Tmp-/TestSDK44WithIsoTypesStyleDataService_1316803733626/schema/TestSDK44WithIsoTypesStyleDataService/ISO_datatypes_Narrative.xsd
OUT>      [java] Getting namespaces from schema /var/folders/M2/M2eLa4tFElelS2p09b6x7U+++TI/-Tmp-/TestSDK44WithIsoTypesStyleDataService_1316803733626/schema/TestSDK44WithIsoTypesStyleDataService/gov.nih.nci.cacoresdk.domain.inheritance.parentwithassociation.sametable.xsd
OUT>      [java] Getting namespaces from schema /private/var/folders/M2/M2eLa4tFElelS2p09b6x7U+++TI/-Tmp-/TestSDK44WithIsoTypesStyleDataService_1316803733626/schema/TestSDK44WithIsoTypesStyleDataService/ISO_datatypes_Narrative.xsd
OUT>      [java] Getting namespaces from schema /var/folders/M2/M2eLa4tFElelS2p09b6x7U+++TI/-Tmp-/TestSDK44WithIsoTypesStyleDataService_1316803733626/schema/TestSDK44WithIsoTypesStyleDataService/gov.nih.nci.cacoresdk.domain.inheritance.abstrakt.xsd
OUT>      [java] Getting namespaces from schema /private/var/folders/M2/M2eLa4tFElelS2p09b6x7U+++TI/-Tmp-/TestSDK44WithIsoTypesStyleDataService_1316803733626/schema/TestSDK44WithIsoTypesStyleDataService/ISO_datatypes_Narrative.xsd
OUT>      [java] Getting namespaces from schema /var/folders/M2/M2eLa4tFElelS2p09b6x7U+++TI/-Tmp-/TestSDK44WithIsoTypesStyleDataService_1316803733626/schema/TestSDK44WithIsoTypesStyleDataService/gov.nih.nci.cacoresdk.domain.manytomany.bidirectional.xsd
OUT>      [java] Getting namespaces from schema /private/var/folders/M2/M2eLa4tFElelS2p09b6x7U+++TI/-Tmp-/TestSDK44WithIsoTypesStyleDataService_1316803733626/schema/TestSDK44WithIsoTypesStyleDataService/ISO_datatypes_Narrative.xsd
OUT>      [java] Getting namespaces from schema /var/folders/M2/M2eLa4tFElelS2p09b6x7U+++TI/-Tmp-/TestSDK44WithIsoTypesStyleDataService_1316803733626/schema/TestSDK44WithIsoTypesStyleDataService/gov.nih.nci.cacoresdk.domain.onetomany.selfassociation.xsd
OUT>      [java] Getting namespaces from schema /private/var/folders/M2/M2eLa4tFElelS2p09b6x7U+++TI/-Tmp-/TestSDK44WithIsoTypesStyleDataService_1316803733626/schema/TestSDK44WithIsoTypesStyleDataService/ISO_datatypes_Narrative.xsd
OUT>      [java] Getting namespaces from schema /var/folders/M2/M2eLa4tFElelS2p09b6x7U+++TI/-Tmp-/TestSDK44WithIsoTypesStyleDataService_1316803733626/schema/TestSDK44WithIsoTypesStyleDataService/./xsd/cagrid/types/security/security.xsd
OUT>      [java] Getting namespaces from schema /var/folders/M2/M2eLa4tFElelS2p09b6x7U+++TI/-Tmp-/TestSDK44WithIsoTypesStyleDataService_1316803733626/schema/TestSDK44WithIsoTypesStyleDataService/gov.nih.nci.cacoresdk.domain.other.primarykey.xsd
OUT>      [java] Getting namespaces from schema /private/var/folders/M2/M2eLa4tFElelS2p09b6x7U+++TI/-Tmp-/TestSDK44WithIsoTypesStyleDataService_1316803733626/schema/TestSDK44WithIsoTypesStyleDataService/ISO_datatypes_Narrative.xsd
OUT>      [java] Getting namespaces from schema /var/folders/M2/M2eLa4tFElelS2p09b6x7U+++TI/-Tmp-/TestSDK44WithIsoTypesStyleDataService_1316803733626/schema/TestSDK44WithIsoTypesStyleDataService/gov.nih.nci.cacoresdk.domain.other.differentpackage.xsd
OUT>      [java] adding namepace gme://caCORE.caCORE/3.2/gov.nih.nci.cacoresdk.domain.other.differentpackage.associations
OUT>      [java] Getting namespaces from schema /private/var/folders/M2/M2eLa4tFElelS2p09b6x7U+++TI/-Tmp-/TestSDK44WithIsoTypesStyleDataService_1316803733626/schema/TestSDK44WithIsoTypesStyleDataService/gov.nih.nci.cacoresdk.domain.other.differentpackage.associations.xsd
OUT>      [java] adding namepace gme://caCORE.caCORE/3.2/gov.nih.nci.cacoresdk.domain.other.differentpackage
OUT>      [java] Getting namespaces from schema /private/var/folders/M2/M2eLa4tFElelS2p09b6x7U+++TI/-Tmp-/TestSDK44WithIsoTypesStyleDataService_1316803733626/schema/TestSDK44WithIsoTypesStyleDataService/gov.nih.nci.cacoresdk.domain.other.differentpackage.xsd
OUT>      [java] WARNING: Schema imports contain circular references. /private/var/folders/M2/M2eLa4tFElelS2p09b6x7U+++TI/-Tmp-/TestSDK44WithIsoTypesStyleDataService_1316803733626/schema/TestSDK44WithIsoTypesStyleDataService/gov.nih.nci.cacoresdk.domain.other.differentpackage.xsd
OUT>      [java] Getting namespaces from schema /private/var/folders/M2/M2eLa4tFElelS2p09b6x7U+++TI/-Tmp-/TestSDK44WithIsoTypesStyleDataService_1316803733626/schema/TestSDK44WithIsoTypesStyleDataService/ISO_datatypes_Narrative.xsd
OUT>      [java] WARNING: Schema imports contain circular references. /private/var/folders/M2/M2eLa4tFElelS2p09b6x7U+++TI/-Tmp-/TestSDK44WithIsoTypesStyleDataService_1316803733626/schema/TestSDK44WithIsoTypesStyleDataService/gov.nih.nci.cacoresdk.domain.other.differentpackage.associations.xsd
OUT>      [java] WARNING: Schema imports contain circular references. /var/folders/M2/M2eLa4tFElelS2p09b6x7U+++TI/-Tmp-/TestSDK44WithIsoTypesStyleDataService_1316803733626/schema/TestSDK44WithIsoTypesStyleDataService/gov.nih.nci.cacoresdk.domain.other.differentpackage.xsd
OUT>      [java] Getting namespaces from schema /var/folders/M2/M2eLa4tFElelS2p09b6x7U+++TI/-Tmp-/TestSDK44WithIsoTypesStyleDataService_1316803733626/schema/TestSDK44WithIsoTypesStyleDataService/./xsd/cagrid/types/caGridMetadata.xsd
OUT>      [java] Getting namespaces from schema /private/var/folders/M2/M2eLa4tFElelS2p09b6x7U+++TI/-Tmp-/TestSDK44WithIsoTypesStyleDataService_1316803733626/schema/TestSDK44WithIsoTypesStyleDataService/xsd/cagrid/types/common/common.xsd
OUT>      [java] adding namepace gme://caGrid.caBIG/1.0/gov.nih.nci.cagrid.metadata.service
OUT>      [java] Getting namespaces from schema /private/var/folders/M2/M2eLa4tFElelS2p09b6x7U+++TI/-Tmp-/TestSDK44WithIsoTypesStyleDataService_1316803733626/schema/TestSDK44WithIsoTypesStyleDataService/xsd/cagrid/types/service/servicemodel.xsd
OUT>      [java] WARNING: Schema imports contain circular references. /private/var/folders/M2/M2eLa4tFElelS2p09b6x7U+++TI/-Tmp-/TestSDK44WithIsoTypesStyleDataService_1316803733626/schema/TestSDK44WithIsoTypesStyleDataService/xsd/cagrid/types/service/servicemodel.xsd
OUT>      [java] Getting namespaces from schema /var/folders/M2/M2eLa4tFElelS2p09b6x7U+++TI/-Tmp-/TestSDK44WithIsoTypesStyleDataService_1316803733626/schema/TestSDK44WithIsoTypesStyleDataService/gov.nih.nci.cacoresdk.domain.inheritance.childwithassociation.xsd
OUT>      [java] Getting namespaces from schema /private/var/folders/M2/M2eLa4tFElelS2p09b6x7U+++TI/-Tmp-/TestSDK44WithIsoTypesStyleDataService_1316803733626/schema/TestSDK44WithIsoTypesStyleDataService/ISO_datatypes_Narrative.xsd
OUT>      [java] Getting namespaces from schema /var/folders/M2/M2eLa4tFElelS2p09b6x7U+++TI/-Tmp-/TestSDK44WithIsoTypesStyleDataService_1316803733626/schema/TestSDK44WithIsoTypesStyleDataService/gov.nih.nci.cacoresdk.domain.onetoone.bidirectional.xsd
OUT>      [java] Getting namespaces from schema /private/var/folders/M2/M2eLa4tFElelS2p09b6x7U+++TI/-Tmp-/TestSDK44WithIsoTypesStyleDataService_1316803733626/schema/TestSDK44WithIsoTypesStyleDataService/ISO_datatypes_Narrative.xsd
OUT>      [java] Getting namespaces from schema /var/folders/M2/M2eLa4tFElelS2p09b6x7U+++TI/-Tmp-/TestSDK44WithIsoTypesStyleDataService_1316803733626/schema/TestSDK44WithIsoTypesStyleDataService/./CQLQueryResults.xsd
OUT>      [java] adding namepace http://CQL.caBIG/2/org.cagrid.cql2
OUT>      [java] Getting namespaces from schema /private/var/folders/M2/M2eLa4tFElelS2p09b6x7U+++TI/-Tmp-/TestSDK44WithIsoTypesStyleDataService_1316803733626/schema/TestSDK44WithIsoTypesStyleDataService/Aggregations.xsd
OUT>      [java] Getting namespaces from schema /var/folders/M2/M2eLa4tFElelS2p09b6x7U+++TI/-Tmp-/TestSDK44WithIsoTypesStyleDataService_1316803733626/schema/TestSDK44WithIsoTypesStyleDataService/gov.nih.nci.cacoresdk.domain.onetoone.unidirectional.withjoin.xsd
OUT>      [java] Getting namespaces from schema /private/var/folders/M2/M2eLa4tFElelS2p09b6x7U+++TI/-Tmp-/TestSDK44WithIsoTypesStyleDataService_1316803733626/schema/TestSDK44WithIsoTypesStyleDataService/ISO_datatypes_Narrative.xsd
OUT>      [java] Getting namespaces from schema /var/folders/M2/M2eLa4tFElelS2p09b6x7U+++TI/-Tmp-/TestSDK44WithIsoTypesStyleDataService_1316803733626/schema/TestSDK44WithIsoTypesStyleDataService/gov.nih.nci.cacoresdk.domain.inheritance.onechild.xsd
OUT>      [java] Getting namespaces from schema /private/var/folders/M2/M2eLa4tFElelS2p09b6x7U+++TI/-Tmp-/TestSDK44WithIsoTypesStyleDataService_1316803733626/schema/TestSDK44WithIsoTypesStyleDataService/ISO_datatypes_Narrative.xsd
OUT>      [java] Getting namespaces from schema /var/folders/M2/M2eLa4tFElelS2p09b6x7U+++TI/-Tmp-/TestSDK44WithIsoTypesStyleDataService_1316803733626/schema/TestSDK44WithIsoTypesStyleDataService/gov.nih.nci.cacoresdk.domain.onetoone.unidirectional.xsd
OUT>      [java] Getting namespaces from schema /private/var/folders/M2/M2eLa4tFElelS2p09b6x7U+++TI/-Tmp-/TestSDK44WithIsoTypesStyleDataService_1316803733626/schema/TestSDK44WithIsoTypesStyleDataService/ISO_datatypes_Narrative.xsd
OUT>      [java] Getting namespaces from schema /var/folders/M2/M2eLa4tFElelS2p09b6x7U+++TI/-Tmp-/TestSDK44WithIsoTypesStyleDataService_1316803733626/schema/TestSDK44WithIsoTypesStyleDataService/gov.nih.nci.cacoresdk.domain.inheritance.onechild.sametable.xsd
OUT>      [java] Getting namespaces from schema /private/var/folders/M2/M2eLa4tFElelS2p09b6x7U+++TI/-Tmp-/TestSDK44WithIsoTypesStyleDataService_1316803733626/schema/TestSDK44WithIsoTypesStyleDataService/ISO_datatypes_Narrative.xsd
OUT>      [java] Getting namespaces from schema /var/folders/M2/M2eLa4tFElelS2p09b6x7U+++TI/-Tmp-/TestSDK44WithIsoTypesStyleDataService_1316803733626/schema/TestSDK44WithIsoTypesStyleDataService/gov.nih.nci.cacoresdk.domain.onetoone.multipleassociation.withjoin.xsd
OUT>      [java] Getting namespaces from schema /private/var/folders/M2/M2eLa4tFElelS2p09b6x7U+++TI/-Tmp-/TestSDK44WithIsoTypesStyleDataService_1316803733626/schema/TestSDK44WithIsoTypesStyleDataService/ISO_datatypes_Narrative.xsd
OUT>      [java] Getting namespaces from schema /var/folders/M2/M2eLa4tFElelS2p09b6x7U+++TI/-Tmp-/TestSDK44WithIsoTypesStyleDataService_1316803733626/schema/TestSDK44WithIsoTypesStyleDataService/./ISO_extensions.xsd
OUT>      [java] Getting namespaces from schema /var/folders/M2/M2eLa4tFElelS2p09b6x7U+++TI/-Tmp-/TestSDK44WithIsoTypesStyleDataService_1316803733626/schema/TestSDK44WithIsoTypesStyleDataService/gov.nih.nci.cacoresdk.domain.onetomany.unidirectional.xsd
OUT>      [java] Getting namespaces from schema /private/var/folders/M2/M2eLa4tFElelS2p09b6x7U+++TI/-Tmp-/TestSDK44WithIsoTypesStyleDataService_1316803733626/schema/TestSDK44WithIsoTypesStyleDataService/ISO_datatypes_Narrative.xsd
OUT>      [java] Getting namespaces from schema /var/folders/M2/M2eLa4tFElelS2p09b6x7U+++TI/-Tmp-/TestSDK44WithIsoTypesStyleDataService_1316803733626/schema/TestSDK44WithIsoTypesStyleDataService/./TestSDK44WithIsoTypesStyleDataServiceTypes.xsd
OUT>      [java] Getting namespaces from schema /var/folders/M2/M2eLa4tFElelS2p09b6x7U+++TI/-Tmp-/TestSDK44WithIsoTypesStyleDataService_1316803733626/schema/TestSDK44WithIsoTypesStyleDataService/gov.nih.nci.cacoresdk.domain.manytoone.unidirectional.xsd
OUT>      [java] Getting namespaces from schema /private/var/folders/M2/M2eLa4tFElelS2p09b6x7U+++TI/-Tmp-/TestSDK44WithIsoTypesStyleDataService_1316803733626/schema/TestSDK44WithIsoTypesStyleDataService/ISO_datatypes_Narrative.xsd
OUT>      [java] Getting namespaces from schema /var/folders/M2/M2eLa4tFElelS2p09b6x7U+++TI/-Tmp-/TestSDK44WithIsoTypesStyleDataService_1316803733626/schema/TestSDK44WithIsoTypesStyleDataService/gov.nih.nci.cacoresdk.domain.inheritance.twolevelinheritance.sametable.xsd
OUT>      [java] Getting namespaces from schema /private/var/folders/M2/M2eLa4tFElelS2p09b6x7U+++TI/-Tmp-/TestSDK44WithIsoTypesStyleDataService_1316803733626/schema/TestSDK44WithIsoTypesStyleDataService/ISO_datatypes_Narrative.xsd
OUT>      [java] Getting namespaces from schema /var/folders/M2/M2eLa4tFElelS2p09b6x7U+++TI/-Tmp-/TestSDK44WithIsoTypesStyleDataService_1316803733626/schema/TestSDK44WithIsoTypesStyleDataService/gov.nih.nci.cacoresdk.domain.other.validationtype.xsd
OUT>      [java] Getting namespaces from schema /private/var/folders/M2/M2eLa4tFElelS2p09b6x7U+++TI/-Tmp-/TestSDK44WithIsoTypesStyleDataService_1316803733626/schema/TestSDK44WithIsoTypesStyleDataService/ISO_datatypes_Narrative.xsd
OUT>      [java] Getting namespaces from schema /var/folders/M2/M2eLa4tFElelS2p09b6x7U+++TI/-Tmp-/TestSDK44WithIsoTypesStyleDataService_1316803733626/schema/TestSDK44WithIsoTypesStyleDataService/gov.nih.nci.cacoresdk.domain.onetoone.bidirectional.withjoin.xsd
OUT>      [java] Getting namespaces from schema /private/var/folders/M2/M2eLa4tFElelS2p09b6x7U+++TI/-Tmp-/TestSDK44WithIsoTypesStyleDataService_1316803733626/schema/TestSDK44WithIsoTypesStyleDataService/ISO_datatypes_Narrative.xsd
OUT>      [java] Getting namespaces from schema /var/folders/M2/M2eLa4tFElelS2p09b6x7U+++TI/-Tmp-/TestSDK44WithIsoTypesStyleDataService_1316803733626/schema/TestSDK44WithIsoTypesStyleDataService/gov.nih.nci.cacoresdk.domain.other.differentpackage.associations.xsd
OUT>      [java] Getting namespaces from schema /private/var/folders/M2/M2eLa4tFElelS2p09b6x7U+++TI/-Tmp-/TestSDK44WithIsoTypesStyleDataService_1316803733626/schema/TestSDK44WithIsoTypesStyleDataService/gov.nih.nci.cacoresdk.domain.other.differentpackage.xsd
OUT>      [java] Getting namespaces from schema /private/var/folders/M2/M2eLa4tFElelS2p09b6x7U+++TI/-Tmp-/TestSDK44WithIsoTypesStyleDataService_1316803733626/schema/TestSDK44WithIsoTypesStyleDataService/gov.nih.nci.cacoresdk.domain.other.differentpackage.associations.xsd
OUT>      [java] WARNING: Schema imports contain circular references. /private/var/folders/M2/M2eLa4tFElelS2p09b6x7U+++TI/-Tmp-/TestSDK44WithIsoTypesStyleDataService_1316803733626/schema/TestSDK44WithIsoTypesStyleDataService/gov.nih.nci.cacoresdk.domain.other.differentpackage.associations.xsd
OUT>      [java] Getting namespaces from schema /private/var/folders/M2/M2eLa4tFElelS2p09b6x7U+++TI/-Tmp-/TestSDK44WithIsoTypesStyleDataService_1316803733626/schema/TestSDK44WithIsoTypesStyleDataService/ISO_datatypes_Narrative.xsd
OUT>      [java] WARNING: Schema imports contain circular references. /private/var/folders/M2/M2eLa4tFElelS2p09b6x7U+++TI/-Tmp-/TestSDK44WithIsoTypesStyleDataService_1316803733626/schema/TestSDK44WithIsoTypesStyleDataService/gov.nih.nci.cacoresdk.domain.other.differentpackage.xsd
OUT>      [java] WARNING: Schema imports contain circular references. /var/folders/M2/M2eLa4tFElelS2p09b6x7U+++TI/-Tmp-/TestSDK44WithIsoTypesStyleDataService_1316803733626/schema/TestSDK44WithIsoTypesStyleDataService/gov.nih.nci.cacoresdk.domain.other.differentpackage.associations.xsd
OUT>      [java] Getting namespaces from schema /var/folders/M2/M2eLa4tFElelS2p09b6x7U+++TI/-Tmp-/TestSDK44WithIsoTypesStyleDataService_1316803733626/schema/TestSDK44WithIsoTypesStyleDataService/gov.nih.nci.cacoresdk.domain.interfaze.xsd
OUT>      [java] Getting namespaces from schema /private/var/folders/M2/M2eLa4tFElelS2p09b6x7U+++TI/-Tmp-/TestSDK44WithIsoTypesStyleDataService_1316803733626/schema/TestSDK44WithIsoTypesStyleDataService/ISO_datatypes_Narrative.xsd
OUT>      [java] Getting namespaces from schema /var/folders/M2/M2eLa4tFElelS2p09b6x7U+++TI/-Tmp-/TestSDK44WithIsoTypesStyleDataService_1316803733626/schema/TestSDK44WithIsoTypesStyleDataService/gov.nih.nci.cacoresdk.domain.onetomany.unidirectional.withjoin.xsd
OUT>      [java] Getting namespaces from schema /private/var/folders/M2/M2eLa4tFElelS2p09b6x7U+++TI/-Tmp-/TestSDK44WithIsoTypesStyleDataService_1316803733626/schema/TestSDK44WithIsoTypesStyleDataService/ISO_datatypes_Narrative.xsd
OUT>      [java] Getting namespaces from schema /var/folders/M2/M2eLa4tFElelS2p09b6x7U+++TI/-Tmp-/TestSDK44WithIsoTypesStyleDataService_1316803733626/schema/TestSDK44WithIsoTypesStyleDataService/gov.nih.nci.cacoresdk.domain.inheritance.twolevelinheritance.sametablerootlevel.xsd
OUT>      [java] Getting namespaces from schema /private/var/folders/M2/M2eLa4tFElelS2p09b6x7U+++TI/-Tmp-/TestSDK44WithIsoTypesStyleDataService_1316803733626/schema/TestSDK44WithIsoTypesStyleDataService/ISO_datatypes_Narrative.xsd
OUT>      [java] Getting namespaces from schema /var/folders/M2/M2eLa4tFElelS2p09b6x7U+++TI/-Tmp-/TestSDK44WithIsoTypesStyleDataService_1316803733626/schema/TestSDK44WithIsoTypesStyleDataService/gov.nih.nci.cacoresdk.domain.inheritance.twolevelinheritance.xsd
OUT>      [java] Getting namespaces from schema /private/var/folders/M2/M2eLa4tFElelS2p09b6x7U+++TI/-Tmp-/TestSDK44WithIsoTypesStyleDataService_1316803733626/schema/TestSDK44WithIsoTypesStyleDataService/ISO_datatypes_Narrative.xsd
OUT>      [java] Getting namespaces from schema /var/folders/M2/M2eLa4tFElelS2p09b6x7U+++TI/-Tmp-/TestSDK44WithIsoTypesStyleDataService_1316803733626/schema/TestSDK44WithIsoTypesStyleDataService/./DataServiceExceptions.xsd
OUT>      [java] Getting namespaces from schema /var/folders/M2/M2eLa4tFElelS2p09b6x7U+++TI/-Tmp-/TestSDK44WithIsoTypesStyleDataService_1316803733626/schema/TestSDK44WithIsoTypesStyleDataService/gov.nih.nci.cacoresdk.domain.other.datatype.xsd
OUT>      [java] Getting namespaces from schema /private/var/folders/M2/M2eLa4tFElelS2p09b6x7U+++TI/-Tmp-/TestSDK44WithIsoTypesStyleDataService_1316803733626/schema/TestSDK44WithIsoTypesStyleDataService/ISO_datatypes_Narrative.xsd
OUT>      [java] Getting namespaces from schema /var/folders/M2/M2eLa4tFElelS2p09b6x7U+++TI/-Tmp-/TestSDK44WithIsoTypesStyleDataService_1316803733626/schema/TestSDK44WithIsoTypesStyleDataService/./xsd/cagrid/types/common/common.xsd
OUT>      [java] Getting namespaces from schema /var/folders/M2/M2eLa4tFElelS2p09b6x7U+++TI/-Tmp-/TestSDK44WithIsoTypesStyleDataService_1316803733626/schema/TestSDK44WithIsoTypesStyleDataService/./1_gov.nih.nci.cagrid.CQLResultSet.xsd
OUT>      [java] Getting namespaces from schema /var/folders/M2/M2eLa4tFElelS2p09b6x7U+++TI/-Tmp-/TestSDK44WithIsoTypesStyleDataService_1316803733626/schema/TestSDK44WithIsoTypesStyleDataService/gov.nih.nci.cacoresdk.domain.manytomany.unidirectional.xsd
OUT>      [java] Getting namespaces from schema /private/var/folders/M2/M2eLa4tFElelS2p09b6x7U+++TI/-Tmp-/TestSDK44WithIsoTypesStyleDataService_1316803733626/schema/TestSDK44WithIsoTypesStyleDataService/ISO_datatypes_Narrative.xsd
OUT>      [java] Getting namespaces from schema /var/folders/M2/M2eLa4tFElelS2p09b6x7U+++TI/-Tmp-/TestSDK44WithIsoTypesStyleDataService_1316803733626/schema/TestSDK44WithIsoTypesStyleDataService/gov.nih.nci.cacoresdk.domain.other.levelassociation.xsd
OUT>      [java] Getting namespaces from schema /private/var/folders/M2/M2eLa4tFElelS2p09b6x7U+++TI/-Tmp-/TestSDK44WithIsoTypesStyleDataService_1316803733626/schema/TestSDK44WithIsoTypesStyleDataService/ISO_datatypes_Narrative.xsd
OUT>      [java] Getting namespaces from schema /var/folders/M2/M2eLa4tFElelS2p09b6x7U+++TI/-Tmp-/TestSDK44WithIsoTypesStyleDataService_1316803733626/schema/TestSDK44WithIsoTypesStyleDataService/gov.nih.nci.cacoresdk.domain.manytoone.unidirectional.withjoin.xsd
OUT>      [java] Getting namespaces from schema /private/var/folders/M2/M2eLa4tFElelS2p09b6x7U+++TI/-Tmp-/TestSDK44WithIsoTypesStyleDataService_1316803733626/schema/TestSDK44WithIsoTypesStyleDataService/ISO_datatypes_Narrative.xsd
OUT>      [java] Getting namespaces from schema /var/folders/M2/M2eLa4tFElelS2p09b6x7U+++TI/-Tmp-/TestSDK44WithIsoTypesStyleDataService_1316803733626/schema/TestSDK44WithIsoTypesStyleDataService/./1_gov.nih.nci.cagrid.CQLQuery.xsd
OUT>      [java] OUT> Buildfile: /var/folders/M2/M2eLa4tFElelS2p09b6x7U+++TI/-Tmp-/TestSDK44WithIsoTypesStyleDataService_1316803733626/build.xml
OUT>      [java] OUT> 
OUT>      [java] OUT> checkContribTasksDefined:
OUT>      [java] OUT> 
OUT>      [java] OUT> defineContribTasks:
OUT>      [java] OUT> 
OUT>      [java] OUT> clean:
OUT>      [java] OUT> 
OUT>      [java] OUT> preClean:
OUT>      [java] OUT> 
OUT>      [java] OUT> postClean:
OUT>      [java] OUT> 
OUT>      [java] OUT> checkContribTasksDefined:
OUT>      [java] OUT> 
OUT>      [java] OUT> defineContribTasks:
OUT>      [java] OUT> 
OUT>      [java] OUT> setGlobus:
OUT>      [java] OUT> 
OUT>      [java] OUT> checkGlobus:
OUT>      [java] OUT>      [echo] Globus: /Users/ervin/Installs/globus/ws-core-4.0.3-sha2/
OUT>      [java] OUT> 
OUT>      [java] OUT> defineClasspaths:
OUT>      [java] OUT> 
OUT>      [java] OUT> defineExtendedClasspaths:
OUT>      [java] OUT> 
OUT>      [java] OUT> init:
OUT>      [java] OUT> 
OUT>      [java] OUT> preInit:
OUT>      [java] OUT>     [mkdir] Created dir: /var/folders/M2/M2eLa4tFElelS2p09b6x7U+++TI/-Tmp-/TestSDK44WithIsoTypesStyleDataService_1316803733626/build
OUT>      [java] OUT>     [mkdir] Created dir: /var/folders/M2/M2eLa4tFElelS2p09b6x7U+++TI/-Tmp-/TestSDK44WithIsoTypesStyleDataService_1316803733626/build/classes
OUT>      [java] OUT>     [mkdir] Created dir: /var/folders/M2/M2eLa4tFElelS2p09b6x7U+++TI/-Tmp-/TestSDK44WithIsoTypesStyleDataService_1316803733626/build/test/classes
OUT>      [java] OUT>     [mkdir] Created dir: /var/folders/M2/M2eLa4tFElelS2p09b6x7U+++TI/-Tmp-/TestSDK44WithIsoTypesStyleDataService_1316803733626/test/logs
OUT>      [java] OUT>     [mkdir] Created dir: /var/folders/M2/M2eLa4tFElelS2p09b6x7U+++TI/-Tmp-/TestSDK44WithIsoTypesStyleDataService_1316803733626/build/lib
OUT>      [java] OUT>     [mkdir] Created dir: /var/folders/M2/M2eLa4tFElelS2p09b6x7U+++TI/-Tmp-/TestSDK44WithIsoTypesStyleDataService_1316803733626/build/stubs-TestSDK44WithIsoTypesStyleDataService
OUT>      [java] OUT>     [mkdir] Created dir: /var/folders/M2/M2eLa4tFElelS2p09b6x7U+++TI/-Tmp-/TestSDK44WithIsoTypesStyleDataService_1316803733626/build/stubs-TestSDK44WithIsoTypesStyleDataService/src
OUT>      [java] OUT>     [mkdir] Created dir: /var/folders/M2/M2eLa4tFElelS2p09b6x7U+++TI/-Tmp-/TestSDK44WithIsoTypesStyleDataService_1316803733626/build/stubs-TestSDK44WithIsoTypesStyleDataService/classes
OUT>      [java] OUT>     [mkdir] Created dir: /var/folders/M2/M2eLa4tFElelS2p09b6x7U+++TI/-Tmp-/TestSDK44WithIsoTypesStyleDataService_1316803733626/build/schema
OUT>      [java] OUT>      [copy] Copying 101 files to /var/folders/M2/M2eLa4tFElelS2p09b6x7U+++TI/-Tmp-/TestSDK44WithIsoTypesStyleDataService_1316803733626/build/schema
OUT>      [java] OUT> 
OUT>      [java] OUT> postInit:
OUT>      [java] OUT> 
OUT>      [java] OUT> merge:
OUT>      [java] OUT> 
OUT>      [java] OUT> mergePackageMapping:
OUT>      [java] OUT>      [echo] Merging /var/folders/M2/M2eLa4tFElelS2p09b6x7U+++TI/-Tmp-/TestSDK44WithIsoTypesStyleDataService_1316803733626/namespace2package.mappings
OUT>      [java] OUT> 
OUT>      [java] OUT> BUILD SUCCESSFUL
OUT>      [java] OUT> Total time: 0 seconds
OUT>      [java] Set WSDL 2 Java parser timeout to 90000 ms
OUT>      [java] excluding code generation for non-included QName:{gme://caCORE.caCORE/3.2/gov.nih.nci.cacoresdk.domain.onetomany.unidirectional}LatchKey[0,unbounded]
OUT>      [java] excluding code generation for non-included QName:{gme://caCORE.caCORE/3.2/gov.nih.nci.cacoresdk.domain.other.differentpackage}Dessert[0,unbounded]
OUT>      [java] excluding code generation for non-included QName:{gme://caCORE.caCORE/3.2/gov.nih.nci.cacoresdk.domain.inheritance.parentwithassociation}Assistant[0,unbounded]
OUT>      [java] excluding code generation for non-included QName:{uri:iso.org:21090}tbody[,unbounded]
OUT>      [java] excluding code generation for non-included QName:{uri:iso.org:21090}colgroup[0,unbounded]
OUT>      [java] excluding code generation for non-included QName:{gme://caGrid.caBIG/1.0/gov.nih.nci.cagrid.metadata.common}UMLAttribute[0,unbounded]
OUT>      [java] excluding code generation for non-included QName:{uri:iso.org:21090}col[0,unbounded]
OUT>      [java] excluding code generation for non-included QName:{gme://caCORE.caCORE/3.2/gov.nih.nci.cacoresdk.domain.inheritance.abstrakt}Pupil[0,unbounded]
OUT>      [java] excluding code generation for non-included QName:{gme://caCORE.caCORE/3.2/gov.nih.nci.cacoresdk.domain.manytomany.bidirectional}Employee[0,unbounded]
OUT>      [java] excluding code generation for non-included QName:{gme://caCORE.caCORE/3.2/gov.nih.nci.cacoresdk.domain.manytomany.bidirectional}Project[0,unbounded]
OUT>      [java] excluding code generation for non-included QName:{gme://caCORE.caCORE/3.2/gov.nih.nci.cacoresdk.domain.inheritance.implicit}Tank[0,unbounded]
OUT>      [java] excluding code generation for non-included QName:{gme://caCORE.caCORE/3.2/gov.nih.nci.cacoresdk.domain.onetomany.unidirectional.withjoin}Button[0,unbounded]
OUT>      [java] excluding code generation for non-included QName:{gme://caGrid.caBIG/1.0/gov.nih.nci.cagrid.metadata.common}SemanticMetadata[0,unbounded]
OUT>      [java] excluding code generation for non-included QName:{gme://caCORE.caCORE/3.2/gov.nih.nci.cacoresdk.domain.other.differentpackage.associations}Utensil[0,unbounded]
OUT>      [java] excluding code generation for non-included QName:{gme://caCORE.caCORE/3.2/gov.nih.nci.cacoresdk.domain.onetomany.selfassociation}Element[0,unbounded]
OUT>      [java] excluding code generation for non-included QName:{gme://caCORE.caCORE/3.2/gov.nih.nci.cacoresdk.domain.other.levelassociation}Card[0,unbounded]
OUT>      [java] excluding code generation for non-included QName:{gme://caGrid.caBIG/1.0/gov.nih.nci.cagrid.metadata.service}ServiceContext[,unbounded]
OUT>      [java] excluding code generation for non-included QName:{gme://caGrid.caBIG/1.0/gov.nih.nci.cagrid.metadata.service}ContextProperty[0,unbounded]
OUT>      [java] excluding code generation for non-included QName:{gme://caCORE.caCORE/3.2/gov.nih.nci.cacoresdk.domain.inheritance.parentwithassociation.sametable}Luggage[0,unbounded]
OUT>      [java] excluding code generation for non-included QName:{gme://caGrid.caBIG/1.0/gov.nih.nci.cagrid.metadata.service}Operation[0,unbounded]
OUT>      [java] excluding code generation for non-included QName:{gme://caGrid.caBIG/1.0/gov.nih.nci.cagrid.metadata.common}PointOfContact[0,unbounded]
OUT>      [java] excluding code generation for non-included QName:{gme://caCORE.caCORE/3.2/gov.nih.nci.cacoresdk.domain.inheritance.implicit}Substrate[0,unbounded]
OUT>      [java] excluding code generation for non-included QName:{gme://caGrid.caBIG/1.0/gov.nih.nci.cagrid.metadata.service}InputParameter[0,unbounded]
OUT>      [java] excluding code generation for non-included QName:{gme://caCORE.caCORE/3.2/gov.nih.nci.cacoresdk.domain.onetomany.bidirectional}HardDrive[0,unbounded]
OUT>      [java] excluding code generation for non-included QName:{gme://caGrid.caBIG/1.0/gov.nih.nci.cagrid.metadata.service}Fault[0,unbounded]
OUT>      [java] excluding code generation for non-included QName:{gme://caCORE.caCORE/3.2/gov.nih.nci.cacoresdk.domain.other.levelassociation}Suit[0,unbounded]
OUT>      [java] excluding code generation for non-included QName:{uri:iso.org:21090}item[,unbounded]
OUT>      [java] excluding code generation for non-included QName:{gme://caCORE.caCORE/3.2/gov.nih.nci.cacoresdk.domain.manytomany.unidirectional}Author[0,unbounded]
OUT>      [java] excluding code generation for non-included QName:{gme://caGrid.caBIG/1.0/gov.nih.nci.cagrid.metadata.common}Enumeration[0,unbounded]
OUT>      [java] excluding code generation for non-included QName:{gme://caGrid.caBIG/1.0/gov.nih.nci.cagrid.metadata.security}Operation[0,unbounded]
OUT>      [java] excluding code generation for non-included QName:{gme://caCORE.caCORE/3.2/gov.nih.nci.cacoresdk.domain.onetomany.bidirectional.withjoin}Passanger[0,unbounded]
OUT>      [java] excluding code generation for non-included QName:{gme://caCORE.caCORE/3.2/gov.nih.nci.cacoresdk.domain.inheritance.twolevelinheritance.sametablerootlevel}ScientificCalculator
OUT>      [java] excluding code generation for non-included QName:{gme://caCORE.caCORE/3.2/gov.nih.nci.cacoresdk.domain.inheritance.implicit}DiscusFish
OUT>      [java] excluding code generation for non-included QName:{uri:iso.org:21090}LIST_CD.CE.None
OUT>      [java] excluding code generation for non-included QName:{uri:iso.org:21090}UVP_CS
OUT>      [java] excluding code generation for non-included QName:{uri:iso.org:21090}DSET_EN.TN
OUT>      [java] excluding code generation for non-included QName:{uri:iso.org:21090}CO[0,0]
OUT>      [java] excluding code generation for non-included QName:{uri:iso.org:21090}BAG_PQ
OUT>      [java] excluding code generation for non-included QName:{http://CQL.caBIG/2/org.cagrid.cql2}BinaryPredicate
OUT>      [java] excluding code generation for non-included QName:{uri:iso.org:21090}UVP_EN.TN
OUT>      [java] excluding code generation for non-included QName:{uri:iso.org:21090}GLIST_MO
OUT>      [java] excluding code generation for non-included QName:{uri:iso.org:21090}IVL.Low_TS.DateTime.Full
OUT>      [java] excluding code generation for non-included QName:{uri:iso.org:21090}HIST_ED.Signature
OUT>      [java] excluding code generation for non-included QName:{gme://caCORE.caCORE/3.2/gov.nih.nci.cacoresdk.domain.manytoone.unidirectional.withjoin}Album
OUT>      [java] excluding code generation for non-included QName:{uri:iso.org:21090}QSS_TS.Date.Full
OUT>      [java] excluding code generation for non-included QName:{gme://caCORE.caCORE/3.2/gov.nih.nci.cacoresdk.domain.other.datatype}CdDataType
OUT>      [java] excluding code generation for non-included QName:{uri:iso.org:21090}UVP_CO
OUT>      [java] excluding code generation for non-included QName:{http://CQL.caBIG/2/org.cagrid.cql2}UnaryPredicate
OUT>      [java] excluding code generation for non-included QName:{gme://caCORE.caCORE/3.2/gov.nih.nci.cacoresdk.domain.manytomany.unidirectional}Book
OUT>      [java] excluding code generation for non-included QName:{uri:iso.org:21090}PIVL_TS.Date.Full
OUT>      [java] excluding code generation for non-included QName:{uri:iso.org:21090}DSET_SC
OUT>      [java] excluding code generation for non-included QName:{uri:iso.org:21090}UVP_CD
OUT>      [java] excluding code generation for non-included QName:{uri:iso.org:21090}DSET_RTO
OUT>      [java] excluding code generation for non-included QName:{gme://caCORE.caCORE/3.2/gov.nih.nci.cacoresdk.domain.inheritance.twolevelinheritance}Monitor
OUT>      [java] excluding code generation for non-included QName:{uri:iso.org:21090}>>td>scope
OUT>      [java] excluding code generation for non-included QName:{gme://caGrid.caBIG/1.0/gov.nih.nci.cagrid.metadata.security}GSITransport
OUT>      [java] excluding code generation for non-included QName:{uri:iso.org:21090}HIST_II
OUT>      [java] excluding code generation for non-included QName:{uri:iso.org:21090}BAG_INT.Positive
OUT>      [java] excluding code generation for non-included QName:{uri:iso.org:21090}QSI_REAL
OUT>      [java] excluding code generation for non-included QName:{uri:iso.org:21090}DSET_ST
OUT>      [java] excluding code generation for non-included QName:{uri:iso.org:21090}UVP_BL
OUT>      [java] excluding code generation for non-included QName:{uri:iso.org:21090}QSU_TS.DateTime
OUT>      [java] excluding code generation for non-included QName:{gme://caCORE.caCORE/3.2/gov.nih.nci.cacoresdk.domain.inheritance.twolevelinheritance.sametable}PresidentialGovt
OUT>      [java] excluding code generation for non-included QName:{uri:iso.org:21090}UVP_TS.Date
OUT>      [java] excluding code generation for non-included QName:{gme://caCORE.caCORE/3.2/gov.nih.nci.cacoresdk.domain.other.datatype}>AllDataType>stringCollection
OUT>      [java] excluding code generation for non-included QName:{gme://caCORE.caCORE/3.2/gov.nih.nci.cacoresdk.domain.other.datatype}IvlPqDataType
OUT>      [java] excluding code generation for non-included QName:{uri:iso.org:21090}QSET_MO[0,unbounded]
OUT>      [java] excluding code generation for non-included QName:{uri:iso.org:21090}IVL.Width_INT
OUT>      [java] excluding code generation for non-included QName:{gme://caCORE.caCORE/3.2/gov.nih.nci.cacoresdk.domain.onetomany.unidirectional}LatchKey
OUT>      [java] excluding code generation for non-included QName:{uri:iso.org:21090}PIVL_TS
OUT>      [java] excluding code generation for non-included QName:{gme://caCORE.caCORE/3.2/gov.nih.nci.cacoresdk.domain.inheritance.multiplechild}UndergraduateStudent
OUT>      [java] excluding code generation for non-included QName:{uri:iso.org:21090}NPPD_SC.NT
OUT>      [java] excluding code generation for non-included QName:{uri:iso.org:21090}QSU_CO
OUT>      [java] excluding code generation for non-included QName:{uri:iso.org:21090}HIST_EN.ON
OUT>      [java] excluding code generation for non-included QName:{uri:iso.org:21090}COLL_INT.Positive
OUT>      [java] excluding code generation for non-included QName:{uri:iso.org:21090}UpdateMode
OUT>      [java] excluding code generation for non-included QName:{uri:iso.org:21090}DSET_TS
OUT>      [java] excluding code generation for non-included QName:{uri:iso.org:21090}BAG_TS.Date
OUT>      [java] excluding code generation for non-included QName:{uri:iso.org:21090}CO[0,unbounded]
OUT>      [java] excluding code generation for non-included QName:{uri:iso.org:21090}UVP_ED.Signature[0,unbounded]
OUT>      [java] excluding code generation for non-included QName:{uri:iso.org:21090}CDGroup[0,unbounded]
OUT>      [java] excluding code generation for non-included QName:{uri:iso.org:21090}QSD_TS.DateTime.Full
OUT>      [java] excluding code generation for non-included QName:{uri:iso.org:21090}UVP_AD
OUT>      [java] excluding code generation for non-included QName:{uri:iso.org:21090}DSET_MO
OUT>      [java] excluding code generation for non-included QName:{uri:iso.org:21090}DSET_EN.ON
OUT>      [java] excluding code generation for non-included QName:{uri:iso.org:21090}UVP_INT.Positive[0,unbounded]
OUT>      [java] excluding code generation for non-included QName:{uri:iso.org:21090}DSET_SC.NT
OUT>      [java] excluding code generation for non-included QName:{uri:iso.org:21090}IVL.Width_INT.NonNeg
OUT>      [java] excluding code generation for non-included QName:{uri:iso.org:21090}UVP_RTO[0,unbounded]
OUT>      [java] excluding code generation for non-included QName:{uri:iso.org:21090}>paragraph
OUT>      [java] excluding code generation for non-included QName:{uri:iso.org:21090}UVP_TEL[0,unbounded]
OUT>      [java] excluding code generation for non-included QName:{gme://caCORE.caCORE/3.2/gov.nih.nci.cacoresdk.domain.onetomany.unidirectional.withjoin}>Shirt>buttonCollection
OUT>      [java] excluding code generation for non-included QName:{uri:iso.org:21090}BAG_ED.Doc.Inline
OUT>      [java] excluding code generation for non-included QName:{uri:iso.org:21090}COLL_TS.Birth
OUT>      [java] excluding code generation for non-included QName:{gme://caCORE.caCORE/3.2/gov.nih.nci.cacoresdk.domain.onetoone.bidirectional}Product
OUT>      [java] excluding code generation for non-included QName:{uri:iso.org:21090}IVL.High_TS.Date.Full
OUT>      [java] excluding code generation for non-included QName:{uri:iso.org:21090}INT.NonNeg[0,0]
OUT>      [java] excluding code generation for non-included QName:{uri:iso.org:21090}DSET_EN.PN
OUT>      [java] excluding code generation for non-included QName:{uri:iso.org:21090}UVP_ST.NT[0,unbounded]
OUT>      [java] excluding code generation for non-included QName:{uri:iso.org:21090}SLIST_INT.Positive
OUT>      [java] excluding code generation for non-included QName:{gme://caCORE.caCORE/3.2/gov.nih.nci.cacoresdk.domain.inheritance.childwithassociation}Cash
OUT>      [java] excluding code generation for non-included QName:{uri:iso.org:21090}UVP_SC.NT
OUT>      [java] excluding code generation for non-included QName:{uri:iso.org:21090}NPPD_TS.DateTime.Full
OUT>      [java] excluding code generation for non-included QName:{uri:iso.org:21090}ADXP[0,unbounded]
OUT>      [java] excluding code generation for non-included QName:{gme://caCORE.caCORE/3.2/gov.nih.nci.cacoresdk.domain.inheritance.parentwithassociation.sametable}HardTopType
OUT>      [java] excluding code generation for non-included QName:{uri:iso.org:21090}DSET_TEL.Email
OUT>      [java] excluding code generation for non-included QName:{uri:iso.org:21090}BAG_PQ.Time
OUT>      [java] excluding code generation for non-included QName:{uri:iso.org:21090}GLIST_REAL
OUT>      [java] excluding code generation for non-included QName:{uri:iso.org:21090}SLIST_CO
OUT>      [java] excluding code generation for non-included QName:{uri:iso.org:21090}UVP_AD[0,unbounded]
OUT>      [java] excluding code generation for non-included QName:{uri:iso.org:21090}BAG_INT.NonNeg
OUT>      [java] excluding code generation for non-included QName:{uri:iso.org:21090}HIST_MO
OUT>      [java] excluding code generation for non-included QName:{uri:iso.org:21090}>>thead>align
OUT>      [java] excluding code generation for non-included QName:{http://CQL.caBIG/2/org.cagrid.cql2}NamedAssociation[0,unbounded]
OUT>      [java] excluding code generation for non-included QName:{uri:iso.org:21090}DSET_ED.Signature
OUT>      [java] excluding code generation for non-included QName:{uri:iso.org:21090}ENXP
OUT>      [java] excluding code generation for non-included QName:{gme://caCORE.caCORE/3.2/gov.nih.nci.cacoresdk.domain.inheritance.twolevelinheritance}Display
OUT>      [java] excluding code generation for non-included QName:{uri:iso.org:21090}>>tfoot>valign
OUT>      [java] excluding code generation for non-included QName:{uri:iso.org:21090}QSET_CO[0,unbounded]
OUT>      [java] excluding code generation for non-included QName:{uri:iso.org:21090}>>col>valign
OUT>      [java] excluding code generation for non-included QName:{uri:iso.org:21090}BAG_CD.CE
OUT>      [java] excluding code generation for non-included QName:{uri:iso.org:21090}NPPD_AD
OUT>      [java] excluding code generation for non-included QName:{gme://caCORE.caCORE/3.2/gov.nih.nci.cacoresdk.domain.inheritance.twolevelinheritance.sametablerootlevel}GraphicCalculator
OUT>      [java] excluding code generation for non-included QName:{uri:iso.org:21090}>>thead>valign
OUT>      [java] excluding code generation for non-included QName:{gme://caCORE.caCORE/3.2/gov.nih.nci.cacoresdk.domain.inheritance.twolevelinheritance.sametablerootlevel}Calculator
OUT>      [java] excluding code generation for non-included QName:{uri:iso.org:21090}GLIST_TS.DateTime
OUT>      [java] excluding code generation for non-included QName:{gme://caCORE.caCORE/3.2/gov.nih.nci.cacoresdk.domain.other.datatype}EnPnDataType
OUT>      [java] excluding code generation for non-included QName:{uri:iso.org:21090}BAG_BL.NonNull
OUT>      [java] excluding code generation for non-included QName:{uri:iso.org:21090}IVL.High_REAL
OUT>      [java] excluding code generation for non-included QName:{uri:iso.org:21090}DSET_PQ
OUT>      [java] excluding code generation for non-included QName:{uri:iso.org:21090}UVP_TEL.Phone[0,unbounded]
OUT>      [java] excluding code generation for non-included QName:{gme://caGrid.caBIG/1.0/gov.nih.nci.cagrid.metadata.security}>ServiceSecurityMetadata>operations
OUT>      [java] excluding code generation for non-included QName:{uri:iso.org:21090}>>content>revised
OUT>      [java] excluding code generation for non-included QName:{uri:iso.org:21090}TS.DateTime.Full
OUT>      [java] excluding code generation for non-included QName:{uri:iso.org:21090}set_EntityNameUse
OUT>      [java] excluding code generation for non-included QName:{uri:iso.org:21090}NPPD_BL
OUT>      [java] excluding code generation for non-included QName:{gme://caCORE.caCORE/3.2/gov.nih.nci.cacoresdk.domain.inheritance.childwithassociation}Credit
OUT>      [java] excluding code generation for non-included QName:{uri:iso.org:21090}IVL.High_TS.DateTime
OUT>      [java] excluding code generation for non-included QName:{uri:iso.org:21090}BAG_MO
OUT>      [java] excluding code generation for non-included QName:{uri:iso.org:21090}DSET_INT.NonNeg
OUT>      [java] excluding code generation for non-included QName:{gme://caCORE.caCORE/3.2/gov.nih.nci.cacoresdk.domain.inheritance.twolevelinheritance}LCDMonitor
OUT>      [java] excluding code generation for non-included QName:{gme://caCORE.caCORE/3.2/gov.nih.nci.cacoresdk.domain.other.primarykey}FloatKey
OUT>      [java] excluding code generation for non-included QName:{uri:iso.org:21090}COLL_ED.Doc.Ref
OUT>      [java] excluding code generation for non-included QName:{uri:iso.org:21090}QSET_TS.DateTime
OUT>      [java] excluding code generation for non-included QName:{uri:iso.org:21090}IVL.Low_REAL
OUT>      [java] excluding code generation for non-included QName:{uri:iso.org:21090}NPPD_ED.Signature
OUT>      [java] excluding code generation for non-included QName:{uri:iso.org:21090}TEL.Phone
OUT>      [java] excluding code generation for non-included QName:{uri:iso.org:21090}UVP_TS.DateTime[0,unbounded]
OUT>      [java] excluding code generation for non-included QName:{uri:iso.org:21090}LIST_INT
OUT>      [java] excluding code generation for non-included QName:{uri:iso.org:21090}HIST_TS.Birth
OUT>      [java] excluding code generation for non-included QName:{uri:iso.org:21090}GLIST_TS
OUT>      [java] excluding code generation for non-included QName:{gme://caCORE.caCORE/3.2/gov.nih.nci.cacoresdk.domain.other.datatype}AdDataType
OUT>      [java] excluding code generation for non-included QName:{uri:iso.org:21090}URL
OUT>      [java] excluding code generation for non-included QName:{uri:iso.org:21090}CalendarCycle
OUT>      [java] excluding code generation for non-included QName:{gme://caGrid.caBIG/1.0/gov.nih.nci.cagrid.metadata.common}Address
OUT>      [java] excluding code generation for non-included QName:{uri:iso.org:21090}COLL_TS.Date
OUT>      [java] excluding code generation for non-included QName:{gme://caCORE.caCORE/3.2/gov.nih.nci.cacoresdk.domain.other.primarykey}FloatPrimitiveKey
OUT>      [java] excluding code generation for non-included QName:{uri:iso.org:21090}PQR
OUT>      [java] excluding code generation for non-included QName:{uri:iso.org:21090}DSET_TEL.Url
OUT>      [java] excluding code generation for non-included QName:{uri:iso.org:21090}QSET_TS.Birth[0,unbounded]
OUT>      [java] excluding code generation for non-included QName:{uri:iso.org:21090}UVP_INT.NonNeg
OUT>      [java] excluding code generation for non-included QName:{http://CQL.caBIG/2/org.cagrid.cql2}NamedAttribute
OUT>      [java] excluding code generation for non-included QName:{uri:iso.org:21090}REAL[0,0]
OUT>      [java] excluding code generation for non-included QName:{uri:iso.org:21090}>thead
OUT>      [java] excluding code generation for non-included QName:{uri:iso.org:21090}NPPD_BL.NonNull
OUT>      [java] excluding code generation for non-included QName:{uri:iso.org:21090}DSET_TS.Birth
OUT>      [java] excluding code generation for non-included QName:{uri:iso.org:21090}IVL_INT.Positive
OUT>      [java] excluding code generation for non-included QName:{gme://caCORE.caCORE/3.2/gov.nih.nci.cacoresdk.domain.other.datatype}EdTextDataType
OUT>      [java] excluding code generation for non-included QName:{gme://caCORE.caCORE/3.2/gov.nih.nci.cacoresdk.domain.other.datatype}StNtDataType
OUT>      [java] excluding code generation for non-included QName:{uri:iso.org:21090}DSET_TS.Date.Full
OUT>      [java] excluding code generation for non-included QName:{gme://caCORE.caCORE/3.2/gov.nih.nci.cacoresdk.domain.inheritance.abstrakt}PrivateTeacher
OUT>      [java] excluding code generation for non-included QName:{gme://caCORE.caCORE/3.2/gov.nih.nci.cacoresdk.domain.inheritance.parentwithassociation.sametable}SoftTop
OUT>      [java] excluding code generation for non-included QName:{uri:iso.org:21090}QSS_CO
OUT>      [java] excluding code generation for non-included QName:{uri:iso.org:21090}COLL_EN.TN
OUT>      [java] excluding code generation for non-included QName:{uri:iso.org:21090}EIVL_TS.Birth
OUT>      [java] excluding code generation for non-included QName:{uri:iso.org:21090}ST.NT[0,unbounded]
OUT>      [java] excluding code generation for non-included QName:{gme://caCORE.caCORE/3.2/gov.nih.nci.cacoresdk.domain.other.datatype}DsetCdDataType
OUT>      [java] excluding code generation for non-included QName:{uri:iso.org:21090}UVP_TEL
OUT>      [java] excluding code generation for non-included QName:{uri:iso.org:21090}HIST_TS.DateTime.Full
OUT>      [java] excluding code generation for non-included QName:{uri:iso.org:21090}BAG_II
OUT>      [java] excluding code generation for non-included QName:{uri:iso.org:21090}HIST_AD
OUT>      [java] excluding code generation for non-included QName:{gme://caCORE.caCORE/3.2/gov.nih.nci.cacoresdk.domain.onetoone.multipleassociation.withjoin}Bride
OUT>      [java] excluding code generation for non-included QName:{uri:iso.org:21090}UVP_MO[0,unbounded]
OUT>      [java] excluding code generation for non-included QName:{uri:iso.org:21090}UVP_II
OUT>      [java] excluding code generation for non-included QName:{uri:iso.org:21090}INT.NonNeg
OUT>      [java] excluding code generation for non-included QName:{uri:iso.org:21090}IVL.Width_PQ.Time
OUT>      [java] excluding code generation for non-included QName:{uri:iso.org:21090}BL[0,unbounded]
OUT>      [java] excluding code generation for non-included QName:{gme://caGrid.caBIG/1.0/gov.nih.nci.cagrid.metadata.common}UMLAttribute
OUT>      [java] excluding code generation for non-included QName:{uri:iso.org:21090}LIST_INT.Positive
OUT>      [java] excluding code generation for non-included QName:{uri:iso.org:21090}BAG_ED.Doc
OUT>      [java] excluding code generation for non-included QName:{http://org.cagrid.dataservice.cql/QueryLanguageSupport}Cql2SupportType
OUT>      [java] excluding code generation for non-included QName:{gme://caCORE.caCORE/3.2/gov.nih.nci.cacoresdk.domain.other.primarykey}NoIdKey
OUT>      [java] excluding code generation for non-included QName:{uri:iso.org:21090}UVP_ED.Doc[0,unbounded]
OUT>      [java] excluding code generation for non-included QName:{uri:iso.org:21090}UVP_CD[0,unbounded]
OUT>      [java] excluding code generation for non-included QName:{gme://caCORE.caCORE/3.2/gov.nih.nci.cacoresdk.domain.onetoone.unidirectional.withjoin}Bag
OUT>      [java] excluding code generation for non-included QName:{uri:iso.org:21090}COLL_ST.NT
OUT>      [java] excluding code generation for non-included QName:{uri:iso.org:21090}AddressPartType
OUT>      [java] excluding code generation for non-included QName:{uri:iso.org:21090}QSS_TS.DateTime
OUT>      [java] excluding code generation for non-included QName:{uri:iso.org:21090}QSET_REAL[0,unbounded]
OUT>      [java] excluding code generation for non-included QName:{uri:iso.org:21090}UVP_TS.DateTime.Full[0,unbounded]
OUT>      [java] excluding code generation for non-included QName:{uri:iso.org:21090}HIST_BL
OUT>      [java] excluding code generation for non-included QName:{uri:iso.org:21090}RTO
OUT>      [java] excluding code generation for non-included QName:{gme://caCORE.caCORE/3.2/gov.nih.nci.cacoresdk.domain.other.datatype}AllDataType
OUT>      [java] excluding code generation for non-included QName:{uri:iso.org:21090}HIST_CD
OUT>      [java] excluding code generation for non-included QName:{gme://caCORE.caCORE/3.2/gov.nih.nci.cacoresdk.domain.inheritance.multiplechild.sametable}Organization
OUT>      [java] excluding code generation for non-included QName:{uri:iso.org:21090}COLL_CD.CV
OUT>      [java] excluding code generation for non-included QName:{uri:iso.org:21090}UVP_EN.PN
OUT>      [java] excluding code generation for non-included QName:{uri:iso.org:21090}BAG_CO
OUT>      [java] excluding code generation for non-included QName:{uri:iso.org:21090}BAG_TEL.Url
OUT>      [java] excluding code generation for non-included QName:{gme://caCORE.caCORE/3.2/gov.nih.nci.cacoresdk.domain.inheritance.implicit}>TankAccessory>tankCollection
OUT>      [java] excluding code generation for non-included QName:{uri:iso.org:21090}IVL.Width_TS.Birth
OUT>      [java] excluding code generation for non-included QName:{uri:iso.org:21090}PQ.Time[0,unbounded]
OUT>      [java] excluding code generation for non-included QName:{uri:iso.org:21090}DSET_ED.Doc.Ref
OUT>      [java] excluding code generation for non-included QName:{uri:iso.org:21090}DSET_BL.NonNull
OUT>      [java] excluding code generation for non-included QName:{uri:iso.org:21090}GLIST_PQ
OUT>      [java] excluding code generation for non-included QName:{uri:iso.org:21090}BAG_CS
OUT>      [java] excluding code generation for non-included QName:{gme://caCORE.caCORE/3.2/gov.nih.nci.cacoresdk.domain.inheritance.parentwithassociation}Professor
OUT>      [java] excluding code generation for non-included QName:{uri:iso.org:21090}UVP_ED.Narrative
OUT>      [java] excluding code generation for non-included QName:{uri:iso.org:21090}HIST_CO
OUT>      [java] excluding code generation for non-included QName:{uri:iso.org:21090}BAG_CD
OUT>      [java] excluding code generation for non-included QName:{uri:iso.org:21090}HIST_CS
OUT>      [java] excluding code generation for non-included QName:{uri:iso.org:21090}BAG_TEL.Person
OUT>      [java] excluding code generation for non-included QName:{uri:iso.org:21090}COLL_EN.ON
OUT>      [java] excluding code generation for non-included QName:{gme://caCORE.caCORE/3.2/gov.nih.nci.cacoresdk.domain.other.differentpackage.associations}>Utensil>dessertCollection
OUT>      [java] excluding code generation for non-included QName:{uri:iso.org:21090}DSET_CD.CE
OUT>      [java] excluding code generation for non-included QName:{uri:iso.org:21090}IVL.Low_TS.Date.Full
OUT>      [java] excluding code generation for non-included QName:{uri:iso.org:21090}UVP_INT.NonNeg[0,unbounded]
OUT>      [java] excluding code generation for non-included QName:{uri:iso.org:21090}HIST_TS.Date
OUT>      [java] excluding code generation for non-included QName:{uri:iso.org:21090}PQ[0,0]
OUT>      [java] excluding code generation for non-included QName:{uri:iso.org:21090}BAG_BL
OUT>      [java] excluding code generation for non-included QName:{gme://caGrid.caBIG/1.0/gov.nih.nci.cagrid.metadata.security}GSISecureMessage
OUT>      [java] excluding code generation for non-included QName:{uri:iso.org:21090}UVP_EN.ON
OUT>      [java] excluding code generation for non-included QName:{uri:iso.org:21090}DSET_CD.CV
OUT>      [java] excluding code generation for non-included QName:{uri:iso.org:21090}BAG_SC.NT
OUT>      [java] excluding code generation for non-included QName:{uri:iso.org:21090}COLL_EN.PN
OUT>      [java] excluding code generation for non-included QName:{uri:iso.org:21090}UVP_CD.CE.None[0,unbounded]
OUT>      [java] excluding code generation for non-included QName:{gme://caCORE.caCORE/3.2/gov.nih.nci.cacoresdk.domain.manytomany.bidirectional}>Employee>projectCollection
OUT>      [java] excluding code generation for non-included QName:{uri:iso.org:21090}LIST_ED.Signature
OUT>      [java] excluding code generation for non-included QName:{uri:iso.org:21090}HIST_ED
OUT>      [java] excluding code generation for non-included QName:{uri:iso.org:21090}QTY[0,0]
OUT>      [java] excluding code generation for non-included QName:{uri:iso.org:21090}PQ[0,unbounded]
OUT>      [java] excluding code generation for non-included QName:{uri:iso.org:21090}>>tr>align
OUT>      [java] excluding code generation for non-included QName:{uri:iso.org:21090}GLIST_INT.NonNeg
OUT>      [java] excluding code generation for non-included QName:{uri:iso.org:21090}DSET_REAL
OUT>      [java] excluding code generation for non-included QName:{uri:iso.org:21090}PIVL_TS.Date
OUT>      [java] excluding code generation for non-included QName:{uri:iso.org:21090}BAG_EN
OUT>      [java] excluding code generation for non-included QName:{uri:iso.org:21090}BAG_ED.Signature
OUT>      [java] excluding code generation for non-included QName:{uri:iso.org:21090}LIST_ED.Text
OUT>      [java] excluding code generation for non-included QName:{gme://caGrid.caBIG/1.0/gov.nih.nci.cagrid.metadata.service}ServiceContext
OUT>      [java] excluding code generation for non-included QName:{uri:iso.org:21090}COLL_BL.NonNull
OUT>      [java] excluding code generation for non-included QName:{uri:iso.org:21090}HIST_INT.Positive
OUT>      [java] excluding code generation for non-included QName:{uri:iso.org:21090}UVP_EN
OUT>      [java] excluding code generation for non-included QName:{uri:iso.org:21090}HIST_EN
OUT>      [java] excluding code generation for non-included QName:{uri:iso.org:21090}BAG_ED
OUT>      [java] excluding code generation for non-included QName:{uri:iso.org:21090}COLL_INT
OUT>      [java] excluding code generation for non-included QName:{gme://caCORE.caCORE/3.2/gov.nih.nci.cacoresdk.domain.other.primarykey}DoubleKey
OUT>      [java] excluding code generation for non-included QName:{gme://caGrid.caBIG/1.0/gov.nih.nci.cagrid.metadata.security}None
OUT>      [java] excluding code generation for non-included QName:{uri:iso.org:21090}BAG_REAL
OUT>      [java] excluding code generation for non-included QName:{uri:iso.org:21090}IVL.Width_CO
OUT>      [java] excluding code generation for non-included QName:{gme://caCORE.caCORE/3.2/gov.nih.nci.cacoresdk.domain.inheritance.parentwithassociation}AssociateProfessor
OUT>      [java] excluding code generation for non-included QName:{uri:iso.org:21090}>>colgroup>align
OUT>      [java] excluding code generation for non-included QName:{gme://caCORE.caCORE/3.2/gov.nih.nci.cacoresdk.domain.inheritance.onechild}Human
OUT>      [java] excluding code generation for non-included QName:{gme://caGrid.caBIG/1.0/gov.nih.nci.cagrid.metadata.service}>ServiceContext>contextPropertyCollection
OUT>      [java] excluding code generation for non-included QName:{uri:iso.org:21090}UVP_ED
OUT>      [java] excluding code generation for non-included QName:{gme://caCORE.caCORE/3.2/gov.nih.nci.cacoresdk.domain.manytomany.unidirectional}>Book>authorCollection
OUT>      [java] excluding code generation for non-included QName:{gme://caCORE.caCORE/3.2/gov.nih.nci.cacoresdk.domain.other.primarykey}IntegerPrimitiveKey
OUT>      [java] excluding code generation for non-included QName:{uri:iso.org:21090}COLL_SC
OUT>      [java] excluding code generation for non-included QName:{uri:iso.org:21090}INT[0,0]
OUT>      [java] excluding code generation for non-included QName:{uri:iso.org:21090}>>th>align
OUT>      [java] excluding code generation for non-included QName:{uri:iso.org:21090}UVP_SC
OUT>      [java] excluding code generation for non-included QName:{gme://caGrid.caBIG/1.0/gov.nih.nci.cagrid.metadata.service}Operation
OUT>      [java] excluding code generation for non-included QName:{uri:iso.org:21090}IVL.Low_INT
OUT>      [java] excluding code generation for non-included QName:{uri:iso.org:21090}NPPD_INT
OUT>      [java] excluding code generation for non-included QName:{uri:iso.org:21090}QSU_TS.Birth
OUT>      [java] excluding code generation for non-included QName:{uri:iso.org:21090}NPPD_REAL
OUT>      [java] excluding code generation for non-included QName:{uri:iso.org:21090}COLL_ED.Doc.Inline
OUT>      [java] excluding code generation for non-included QName:{uri:iso.org:21090}COLL_ST
OUT>      [java] excluding code generation for non-included QName:{uri:iso.org:21090}QSET_INT
OUT>      [java] excluding code generation for non-included QName:{gme://caGrid.caBIG/1.0/gov.nih.nci.cagrid.metadata.service}>Service>pointOfContactCollection
OUT>      [java] excluding code generation for non-included QName:{uri:iso.org:21090}TS.Date
OUT>      [java] excluding code generation for non-included QName:{uri:iso.org:21090}ED.Narrative
OUT>      [java] excluding code generation for non-included QName:{uri:iso.org:21090}UVP_ST
OUT>      [java] excluding code generation for non-included QName:{uri:iso.org:21090}IVL_CO
OUT>      [java] excluding code generation for non-included QName:{uri:iso.org:21090}>content
OUT>      [java] excluding code generation for non-included QName:{uri:iso.org:21090}UVP_TEL.Person
OUT>      [java] excluding code generation for non-included QName:{gme://caCORE.caCORE/3.2/gov.nih.nci.cacoresdk.domain.manytoone.unidirectional}Restaurant
OUT>      [java] excluding code generation for non-included QName:{gme://caGrid.caBIG/1.0/gov.nih.nci.cagrid.metadata.service}>Operation>faultCollection
OUT>      [java] excluding code generation for non-included QName:{uri:iso.org:21090}IVL_INT.NonNeg
OUT>      [java] excluding code generation for non-included QName:{uri:iso.org:21090}UVP_TS
OUT>      [java] excluding code generation for non-included QName:{uri:iso.org:21090}COLL_SC.NT
OUT>      [java] excluding code generation for non-included QName:{uri:iso.org:21090}IVL.Low_RTO
OUT>      [java] excluding code generation for non-included QName:{uri:iso.org:21090}QSD_MO
OUT>      [java] excluding code generation for non-included QName:{http://CQL.caBIG/2/org.cagrid.cql2}NamedAssociationList
OUT>      [java] excluding code generation for non-included QName:{uri:iso.org:21090}COLL_TS
OUT>      [java] excluding code generation for non-included QName:{uri:iso.org:21090}EN.TN
OUT>      [java] excluding code generation for non-included QName:{uri:iso.org:21090}PIVL_TS.Birth
OUT>      [java] excluding code generation for non-included QName:{http://CQL.caBIG/2/org.cagrid.cql2}CQLAttribute
OUT>      [java] excluding code generation for non-included QName:{uri:iso.org:21090}Narrative
OUT>      [java] excluding code generation for non-included QName:{uri:iso.org:21090}QSU_TS
OUT>      [java] excluding code generation for non-included QName:{uri:iso.org:21090}QSU_INT.Positive
OUT>      [java] excluding code generation for non-included QName:{uri:iso.org:21090}HIST_TEL.Email
OUT>      [java] excluding code generation for non-included QName:{gme://caCORE.caCORE/3.2/gov.nih.nci.cacoresdk.domain.other.datatype}IiDataType
OUT>      [java] excluding code generation for non-included QName:{uri:iso.org:21090}QSP_PQ
OUT>      [java] excluding code generation for non-included QName:{uri:iso.org:21090}IVL.High_TS.DateTime.Full
OUT>      [java] excluding code generation for non-included QName:{uri:iso.org:21090}ED.Text
OUT>      [java] excluding code generation for non-included QName:{uri:iso.org:21090}TS.Date[0,unbounded]
OUT>      [java] excluding code generation for non-included QName:{uri:iso.org:21090}QSU_TS.Date.Full
OUT>      [java] excluding code generation for non-included QName:{uri:iso.org:21090}ST[0,0]
OUT>      [java] excluding code generation for non-included QName:{uri:iso.org:21090}NPPD_TS.Date.Full
OUT>      [java] excluding code generation for non-included QName:{gme://caCORE.caCORE/3.2/gov.nih.nci.cacoresdk.domain.other.differentpackage}Dessert
OUT>      [java] excluding code generation for non-included QName:{uri:iso.org:21090}QSD_PQ
OUT>      [java] excluding code generation for non-included QName:{uri:iso.org:21090}QSET_INT.NonNeg
OUT>      [java] excluding code generation for non-included QName:{gme://caCORE.caCORE/3.2/gov.nih.nci.cacoresdk.domain.inheritance.parentwithassociation.sametable}>Wheel>luggage
OUT>      [java] excluding code generation for non-included QName:{uri:iso.org:21090}QSP_MO
OUT>      [java] excluding code generation for non-included QName:{uri:iso.org:21090}QSET_INT.Positive[0,unbounded]
OUT>      [java] excluding code generation for non-included QName:{uri:iso.org:21090}COLL_CD.CE
OUT>      [java] excluding code generation for non-included QName:{gme://caGrid.caBIG/1.0/gov.nih.nci.cagrid.metadata.common}>ResearchCenter>pointOfContactCollection
OUT>      [java] excluding code generation for non-included QName:{uri:iso.org:21090}DSET_TS.Date
OUT>      [java] excluding code generation for non-included QName:{uri:iso.org:21090}SLIST_TS.DateTime
OUT>      [java] excluding code generation for non-included QName:{uri:iso.org:21090}NPPD_MO
OUT>      [java] excluding code generation for non-included QName:{uri:iso.org:21090}IVL_TS.DateTime
OUT>      [java] excluding code generation for non-included QName:{uri:iso.org:21090}QSS_TS.Date
OUT>      [java] excluding code generation for non-included QName:{uri:iso.org:21090}NPPD_CD.CE
OUT>      [java] excluding code generation for non-included QName:{gme://caCORE.caCORE/3.2/gov.nih.nci.cacoresdk.domain.inheritance.multiplechild.sametable}PvtOrganization
OUT>      [java] excluding code generation for non-included QName:{http://CQL.caBIG/2/org.cagrid.cql2}CQLGroup[,unbounded]
OUT>      [java] excluding code generation for non-included QName:{uri:iso.org:21090}SLIST_TS.Birth
OUT>      [java] excluding code generation for non-included QName:{uri:iso.org:21090}EIVL_TS.DateTime
OUT>      [java] excluding code generation for non-included QName:{uri:iso.org:21090}NPPD_CD.CV
OUT>      [java] excluding code generation for non-included QName:{uri:iso.org:21090}IVL.Width_REAL
OUT>      [java] excluding code generation for non-included QName:{uri:iso.org:21090}IVL.Width_TS.Date.Full
OUT>      [java] excluding code generation for non-included QName:{gme://caGrid.caBIG/1.0/gov.nih.nci.cagrid.metadata}ServiceMetadata
OUT>      [java] excluding code generation for non-included QName:{uri:iso.org:21090}EN.PN
OUT>      [java] excluding code generation for non-included QName:{uri:iso.org:21090}LIST_TS.Date
OUT>      [java] excluding code generation for non-included QName:{uri:iso.org:21090}BAG_RTO
OUT>      [java] excluding code generation for non-included QName:{uri:iso.org:21090}NPPD_PQ
OUT>      [java] excluding code generation for non-included QName:{uri:iso.org:21090}LIST_PQ.Time
OUT>      [java] excluding code generation for non-included QName:{uri:iso.org:21090}NPPD_ED.Doc.Inline
OUT>      [java] excluding code generation for non-included QName:{uri:iso.org:21090}IVL.Width_TS.Date
OUT>      [java] excluding code generation for non-included QName:{uri:iso.org:21090}QSS_TS
OUT>      [java] excluding code generation for non-included QName:{uri:iso.org:21090}UVP_EN.ON[0,unbounded]
OUT>      [java] excluding code generation for non-included QName:{uri:iso.org:21090}EN.ON
OUT>      [java] excluding code generation for non-included QName:{uri:iso.org:21090}UVP_ED.Image[0,unbounded]
OUT>      [java] excluding code generation for non-included QName:{gme://caCORE.caCORE/3.2/gov.nih.nci.cacoresdk.domain.inheritance.childwithassociation.sametable}DesignerShoes
OUT>      [java] excluding code generation for non-included QName:{uri:iso.org:21090}HIST_ED.Doc.Inline
OUT>      [java] excluding code generation for non-included QName:{uri:iso.org:21090}NPPD_TEL.Url
OUT>      [java] excluding code generation for non-included QName:{uri:iso.org:21090}QSP_TS
OUT>      [java] excluding code generation for non-included QName:{uri:iso.org:21090}UVP_PQ
OUT>      [java] excluding code generation for non-included QName:{gme://caCORE.caCORE/3.2/gov.nih.nci.cacoresdk.domain.other.levelassociation}>Suit>cardCollection
OUT>      [java] excluding code generation for non-included QName:{uri:iso.org:21090}QSS_RTO
OUT>      [java] excluding code generation for non-included QName:{uri:iso.org:21090}QSU_PQ
OUT>      [java] excluding code generation for non-included QName:{uri:iso.org:21090}EIVL_TS.DateTime.Full
OUT>      [java] excluding code generation for non-included QName:{uri:iso.org:21090}COLL_PQ
OUT>      [java] excluding code generation for non-included QName:{uri:iso.org:21090}>table
OUT>      [java] excluding code generation for non-included QName:{gme://caCORE.caCORE/3.2/gov.nih.nci.cacoresdk.domain.onetoone.unidirectional}Person
OUT>      [java] excluding code generation for non-included QName:{uri:iso.org:21090}QSI_TS.DateTime
OUT>      [java] excluding code generation for non-included QName:{uri:iso.org:21090}HIST_CD.CE.None
OUT>      [java] excluding code generation for non-included QName:{uri:iso.org:21090}QSET_TS.Birth
OUT>      [java] excluding code generation for non-included QName:{uri:iso.org:21090}IVL.Width_TS.DateTime.Full
OUT>      [java] excluding code generation for non-included QName:{uri:iso.org:21090}UVP_ED.Doc
OUT>      [java] excluding code generation for non-included QName:{gme://caCORE.caCORE/3.2/gov.nih.nci.cacoresdk.domain.inheritance.multiplechild}GraduateStudent
OUT>      [java] excluding code generation for non-included QName:{uri:iso.org:21090}QSET_INT.NonNeg[0,unbounded]
OUT>      [java] excluding code generation for non-included QName:{uri:iso.org:21090}QSI_RTO
OUT>      [java] excluding code generation for non-included QName:{uri:iso.org:21090}UVP_MO
OUT>      [java] excluding code generation for non-included QName:{uri:iso.org:21090}UVP_TEL.Phone
OUT>      [java] excluding code generation for non-included QName:{uri:iso.org:21090}NPPD_SC
OUT>      [java] excluding code generation for non-included QName:{uri:iso.org:21090}QSET.BoundedPIVL
OUT>      [java] excluding code generation for non-included QName:{uri:iso.org:21090}BL.NonNull
OUT>      [java] excluding code generation for non-included QName:{uri:iso.org:21090}QSU_REAL
OUT>      [java] excluding code generation for non-included QName:{uri:iso.org:21090}COLL_ED.Doc
OUT>      [java] excluding code generation for non-included QName:{uri:iso.org:21090}COLL_INT.NonNeg
OUT>      [java] excluding code generation for non-included QName:{uri:iso.org:21090}UVP_SC[0,unbounded]
OUT>      [java] excluding code generation for non-included QName:{gme://caCORE.caCORE/3.2/gov.nih.nci.cacoresdk.domain.onetomany.bidirectional}>Computer>hardDriveCollection
OUT>      [java] excluding code generation for non-included QName:{uri:iso.org:21090}QSS_PQ
OUT>      [java] excluding code generation for non-included QName:{uri:iso.org:21090}UVP_REAL
OUT>      [java] excluding code generation for non-included QName:{uri:iso.org:21090}QSU_MO
OUT>      [java] excluding code generation for non-included QName:{uri:iso.org:21090}UVP_TEL.Person[0,unbounded]
OUT>      [java] excluding code generation for non-included QName:{uri:iso.org:21090}NPPD_PQ.Time
OUT>      [java] excluding code generation for non-included QName:{uri:iso.org:21090}BAG_CD.CV
OUT>      [java] excluding code generation for non-included QName:{uri:iso.org:21090}IVL.Width_MO
OUT>      [java] excluding code generation for non-included QName:{uri:iso.org:21090}TimingEvent
OUT>      [java] excluding code generation for non-included QName:{uri:iso.org:21090}COLL_ED.Narrative
OUT>      [java] excluding code generation for non-included QName:{gme://caCORE.caCORE/3.2/gov.nih.nci.cacoresdk.domain.other.primarykey}StringKey
OUT>      [java] excluding code generation for non-included QName:{http://CQL.caBIG/2/org.cagrid.cql2}NamedAttribute[,unbounded]
OUT>      [java] excluding code generation for non-included QName:{uri:iso.org:21090}BAG_ED.Image
OUT>      [java] excluding code generation for non-included QName:{http://CQL.caBIG/2/org.cagrid.cql2.results}CQLAttributeResult
OUT>      [java] excluding code generation for non-included QName:{uri:iso.org:21090}UVP_TS.Birth
OUT>      [java] excluding code generation for non-included QName:{gme://caCORE.caCORE/3.2/gov.nih.nci.cacoresdk.domain.inheritance.implicit}Substrate
OUT>      [java] excluding code generation for non-included QName:{uri:iso.org:21090}TEL
OUT>      [java] excluding code generation for non-included QName:{uri:iso.org:21090}QSU_TS.DateTime.Full
OUT>      [java] excluding code generation for non-included QName:{gme://caCORE.caCORE/3.2/gov.nih.nci.cacoresdk.domain.inheritance.parentwithassociation}Assistant
OUT>      [java] excluding code generation for non-included QName:{uri:iso.org:21090}NPPD_CS
OUT>      [java] excluding code generation for non-included QName:{uri:iso.org:21090}NPPD_RTO
OUT>      [java] excluding code generation for non-included QName:{gme://caCORE.caCORE/3.2/gov.nih.nci.cacoresdk.domain.inheritance.abstrakt}Pupil
OUT>      [java] excluding code generation for non-included QName:{uri:iso.org:21090}GLIST_CO
OUT>      [java] excluding code generation for non-included QName:{gme://caCORE.caCORE/3.2/gov.nih.nci.cacoresdk.domain.other.primarykey}LongKey
OUT>      [java] excluding code generation for non-included QName:{uri:iso.org:21090}NPPD_CO
OUT>      [java] excluding code generation for non-included QName:{uri:iso.org:21090}LIST_TS.Date.Full
OUT>      [java] excluding code generation for non-included QName:{uri:iso.org:21090}NPPD_CD
OUT>      [java] excluding code generation for non-included QName:{gme://caGrid.caBIG/1.0/gov.nih.nci.cagrid.metadata.common}SemanticMetadata
OUT>      [java] excluding code generation for non-included QName:{uri:iso.org:21090}IVL.Width_TS.DateTime
OUT>      [java] excluding code generation for non-included QName:{uri:iso.org:21090}HIST_EN.TN
OUT>      [java] excluding code generation for non-included QName:{http://CQL.caBIG/2/org.cagrid.cql2}PopulationDepth
OUT>      [java] excluding code generation for non-included QName:{uri:iso.org:21090}UncertaintyType
OUT>      [java] excluding code generation for non-included QName:{uri:iso.org:21090}LIST_ED.Doc.Inline
OUT>      [java] excluding code generation for non-included QName:{uri:iso.org:21090}TEL[0,0]
OUT>      [java] excluding code generation for non-included QName:{uri:iso.org:21090}LIST_AD
OUT>      [java] excluding code generation for non-included QName:{uri:iso.org:21090}UVP_TEL.Url[0,unbounded]
OUT>      [java] excluding code generation for non-included QName:{uri:iso.org:21090}UVP_SC.NT[0,unbounded]
OUT>      [java] excluding code generation for non-included QName:{gme://caCORE.caCORE/3.2/gov.nih.nci.cacoresdk.domain.other.datatype}PqDataType
OUT>      [java] excluding code generation for non-included QName:{uri:iso.org:21090}SC.NT[0,unbounded]
OUT>      [java] excluding code generation for non-included QName:{uri:iso.org:21090}IVL.Low_INT.Positive
OUT>      [java] excluding code generation for non-included QName:{uri:iso.org:21090}EIVL_TS.Date.Full
OUT>      [java] excluding code generation for non-included QName:{gme://caCORE.caCORE/3.2/gov.nih.nci.cacoresdk.domain.other.levelassociation}Hand
OUT>      [java] excluding code generation for non-included QName:{gme://caCORE.caCORE/3.2/gov.nih.nci.cacoresdk.domain.other.primarykey}CharacterPrimitiveKey
OUT>      [java] excluding code generation for non-included QName:{uri:iso.org:21090}TS[0,unbounded]
OUT>      [java] excluding code generation for non-included QName:{uri:iso.org:21090}>list
OUT>      [java] excluding code generation for non-included QName:{uri:iso.org:21090}COLL_ED.Signature
OUT>      [java] excluding code generation for non-included QName:{uri:iso.org:21090}QSP_PQ.Time
OUT>      [java] excluding code generation for non-included QName:{uri:iso.org:21090}UVP_INT
OUT>      [java] excluding code generation for non-included QName:{uri:iso.org:21090}RTO[0,0]
OUT>      [java] excluding code generation for non-included QName:{uri:iso.org:21090}GLIST_RTO
OUT>      [java] excluding code generation for non-included QName:{gme://caCORE.caCORE/3.2/gov.nih.nci.cacoresdk.domain.inheritance.parentwithassociation}>Professor>assistantCollection
OUT>      [java] excluding code generation for non-included QName:{uri:iso.org:21090}NPPD_EN
OUT>      [java] excluding code generation for non-included QName:{uri:iso.org:21090}II[0,unbounded]
OUT>      [java] excluding code generation for non-included QName:{uri:iso.org:21090}NPPD_ED
OUT>      [java] excluding code generation for non-included QName:{uri:iso.org:21090}BAG_ED.Text
OUT>      [java] excluding code generation for non-included QName:{http://CQL.caBIG/2/org.cagrid.cql2}NamedAssociation
OUT>      [java] excluding code generation for non-included QName:{uri:iso.org:21090}COLL_TEL
OUT>      [java] excluding code generation for non-included QName:{http://CQL.caBIG/2/org.cagrid.cql2}Aggregation
OUT>      [java] excluding code generation for non-included QName:{http://CQL.caBIG/2/org.cagrid.cql2.results}TargetAttribute[,unbounded]
OUT>      [java] excluding code generation for non-included QName:{uri:iso.org:21090}>linkHtml
OUT>      [java] excluding code generation for non-included QName:{uri:iso.org:21090}UVP_ST.NT
OUT>      [java] excluding code generation for non-included QName:{uri:iso.org:21090}LIST_CO
OUT>      [java] excluding code generation for non-included QName:{uri:iso.org:21090}UVP_PQ.Time
OUT>      [java] excluding code generation for non-included QName:{uri:iso.org:21090}SLIST_TS.Date.Full
OUT>      [java] excluding code generation for non-included QName:{uri:iso.org:21090}BAG_ST
OUT>      [java] excluding code generation for non-included QName:{uri:iso.org:21090}UVP_RTO
OUT>      [java] excluding code generation for non-included QName:{uri:iso.org:21090}UVP_TEL.Email
OUT>      [java] excluding code generation for non-included QName:{gme://caCORE.caCORE/3.2/gov.nih.nci.cacoresdk.domain.other.primarykey}StringPrimitiveKey
OUT>      [java] excluding code generation for non-included QName:{uri:iso.org:21090}GLIST_INT
OUT>      [java] excluding code generation for non-included QName:{uri:iso.org:21090}LIST_CD
OUT>      [java] excluding code generation for non-included QName:{uri:iso.org:21090}QSU_INT.NonNeg
OUT>      [java] excluding code generation for non-included QName:{uri:iso.org:21090}BAG_SC
OUT>      [java] excluding code generation for non-included QName:{uri:iso.org:21090}UVP_CD.CV[0,unbounded]
OUT>      [java] excluding code generation for non-included QName:{uri:iso.org:21090}LIST_CS
OUT>      [java] excluding code generation for non-included QName:{uri:iso.org:21090}UVP_CD.CE[0,unbounded]
OUT>      [java] excluding code generation for non-included QName:{gme://caCORE.caCORE/3.2/gov.nih.nci.cacoresdk.domain.inheritance.abstrakt}Teacher
OUT>      [java] excluding code generation for non-included QName:{uri:iso.org:21090}NPPD_CD.CE.None
OUT>      [java] excluding code generation for non-included QName:{uri:iso.org:21090}LIST_BL
OUT>      [java] excluding code generation for non-included QName:{uri:iso.org:21090}>>td>valign
OUT>      [java] excluding code generation for non-included QName:{uri:iso.org:21090}BAG_TS
OUT>      [java] excluding code generation for non-included QName:{uri:iso.org:21090}DSET_ED.Image
OUT>      [java] excluding code generation for non-included QName:{uri:iso.org:21090}IVL.Width_PQ
OUT>      [java] excluding code generation for non-included QName:{uri:iso.org:21090}HIST_EN.PN
OUT>      [java] excluding code generation for non-included QName:{uri:iso.org:21090}TS.Date.Full[0,unbounded]
OUT>      [java] excluding code generation for non-included QName:{uri:iso.org:21090}QSS_MO
OUT>      [java] excluding code generation for non-included QName:{uri:iso.org:21090}CD[0,0]
OUT>      [java] excluding code generation for non-included QName:{uri:iso.org:21090}DSET_CD.CE.None
OUT>      [java] excluding code generation for non-included QName:{uri:iso.org:21090}UVP_PQ.Time[0,unbounded]
OUT>      [java] excluding code generation for non-included QName:{uri:iso.org:21090}>>colgroup>valign
OUT>      [java] excluding code generation for non-included QName:{uri:iso.org:21090}CD.CE.None
OUT>      [java] excluding code generation for non-included QName:{gme://caGrid.caBIG/1.0/gov.nih.nci.cagrid.metadata.security}ServiceSecurityMetadata
OUT>      [java] excluding code generation for non-included QName:{uri:iso.org:21090}QSD_REAL
OUT>      [java] excluding code generation for non-included QName:{gme://caGrid.caBIG/1.0/gov.nih.nci.cagrid.metadata.service}>Operation>inputParameterCollection
OUT>      [java] excluding code generation for non-included QName:{uri:iso.org:21090}LIST_EN
OUT>      [java] excluding code generation for non-included QName:{uri:iso.org:21090}DSET_TEL.Person
OUT>      [java] excluding code generation for non-included QName:{uri:iso.org:21090}QSI_TS.Date.Full
OUT>      [java] excluding code generation for non-included QName:{gme://caCORE.caCORE/3.2/gov.nih.nci.cacoresdk.domain.other.datatype}BlNonNullDataType
OUT>      [java] excluding code generation for non-included QName:{http://CQL.caBIG/2/org.cagrid.cql2.results}ExtendedCQLResult
OUT>      [java] excluding code generation for non-included QName:{gme://caCORE.caCORE/3.2/gov.nih.nci.cacoresdk.domain.onetomany.bidirectional.withjoin}Passanger
OUT>      [java] excluding code generation for non-included QName:{uri:iso.org:21090}QSD_CO
OUT>      [java] excluding code generation for non-included QName:{uri:iso.org:21090}LIST_ED
OUT>      [java] excluding code generation for non-included QName:{uri:iso.org:21090}QSD_TS
OUT>      [java] excluding code generation for non-included QName:{uri:iso.org:21090}QSP_TS.Date.Full
OUT>      [java] excluding code generation for non-included QName:{uri:iso.org:21090}COLL_TEL.Url
OUT>      [java] excluding code generation for non-included QName:{uri:iso.org:21090}QSET_RTO
OUT>      [java] excluding code generation for non-included QName:{gme://caCORE.caCORE/3.2/gov.nih.nci.cacoresdk.domain.onetoone.bidirectional}OrderLine
OUT>      [java] excluding code generation for non-included QName:{uri:iso.org:21090}NPPD_ED.Image
OUT>      [java] excluding code generation for non-included QName:{uri:iso.org:21090}BAG_TS.Birth
OUT>      [java] excluding code generation for non-included QName:{uri:iso.org:21090}IVL.Width_INT.Positive
OUT>      [java] excluding code generation for non-included QName:{uri:iso.org:21090}IVL_INT
OUT>      [java] excluding code generation for non-included QName:{uri:iso.org:21090}COLL_CD.CE.None
OUT>      [java] excluding code generation for non-included QName:{uri:iso.org:21090}ST[0,unbounded]
OUT>      [java] excluding code generation for non-included QName:{uri:iso.org:21090}>tbody
OUT>      [java] excluding code generation for non-included QName:{uri:iso.org:21090}BAG_TS.DateTime
OUT>      [java] excluding code generation for non-included QName:{uri:iso.org:21090}IVL.Low_PQ.Time
OUT>      [java] excluding code generation for non-included QName:{uri:iso.org:21090}IVL.High_RTO
OUT>      [java] excluding code generation for non-included QName:{uri:iso.org:21090}HIST_ED.Text
OUT>      [java] excluding code generation for non-included QName:{uri:iso.org:21090}NPPD_II
OUT>      [java] excluding code generation for non-included QName:{uri:iso.org:21090}NPPD_ED.Narrative
OUT>      [java] excluding code generation for non-included QName:{gme://caCORE.caCORE/3.2/gov.nih.nci.cacoresdk.domain.inheritance.implicit}FishTank
OUT>      [java] excluding code generation for non-included QName:{uri:iso.org:21090}set_EntityNamePartQualifier
OUT>      [java] excluding code generation for non-included QName:{uri:iso.org:21090}MO[0,0]
OUT>      [java] excluding code generation for non-included QName:{gme://caCORE.caCORE/3.2/gov.nih.nci.cacoresdk.domain.onetoone.multipleassociation}Child
OUT>      [java] excluding code generation for non-included QName:{uri:iso.org:21090}IVL.High_MO
OUT>      [java] excluding code generation for non-included QName:{uri:iso.org:21090}>renderMultiMedia
OUT>      [java] excluding code generation for non-included QName:{uri:iso.org:21090}CD.CV[0,unbounded]
OUT>      [java] excluding code generation for non-included QName:{gme://caCORE.caCORE/3.2/gov.nih.nci.cacoresdk.domain.onetomany.bidirectional}HardDrive
OUT>      [java] excluding code generation for non-included QName:{uri:iso.org:21090}QSET_TS.Date
OUT>      [java] excluding code generation for non-included QName:{uri:iso.org:21090}COLL_II
OUT>      [java] excluding code generation for non-included QName:{uri:iso.org:21090}UVP_TS.Date.Full[0,unbounded]
OUT>      [java] excluding code generation for non-included QName:{http://CQL.caBIG/2/org.cagrid.cql2}CQLExtension[,unbounded]
OUT>      [java] excluding code generation for non-included QName:{uri:iso.org:21090}TEL.Email[0,unbounded]
OUT>      [java] excluding code generation for non-included QName:{uri:iso.org:21090}IVL_PQ
OUT>      [java] excluding code generation for non-included QName:{uri:iso.org:21090}DSET_INT.Positive
OUT>      [java] excluding code generation for non-included QName:{uri:iso.org:21090}GLIST_PQ.Time
OUT>      [java] excluding code generation for non-included QName:{uri:iso.org:21090}QSD_TS.Date
OUT>      [java] excluding code generation for non-included QName:{uri:iso.org:21090}GLIST_TS.Birth
OUT>      [java] excluding code generation for non-included QName:{uri:iso.org:21090}UVP_TS.DateTime
OUT>      [java] excluding code generation for non-included QName:{gme://caCORE.caCORE/3.2/gov.nih.nci.cacoresdk.domain.inheritance.abstrakt}>Teacher>pupilCollection
OUT>      [java] excluding code generation for non-included QName:{uri:iso.org:21090}LIST_MO
OUT>      [java] excluding code generation for non-included QName:{uri:iso.org:21090}NPPD_TEL.Phone
OUT>      [java] excluding code generation for non-included QName:{uri:iso.org:21090}QSD_INT
OUT>      [java] excluding code generation for non-included QName:{uri:iso.org:21090}ENXP[0,unbounded]
OUT>      [java] excluding code generation for non-included QName:{uri:iso.org:21090}REAL
OUT>      [java] excluding code generation for non-included QName:{gme://caCORE.caCORE/3.2/gov.nih.nci.cacoresdk.domain.inheritance.onechild.sametable}Note
OUT>      [java] excluding code generation for non-included QName:{gme://caCORE.caCORE/3.2/gov.nih.nci.cacoresdk.domain.onetoone.multipleassociation}Parent
OUT>      [java] excluding code generation for non-included QName:{uri:iso.org:21090}QSET_PQ.Time[0,unbounded]
OUT>      [java] excluding code generation for non-included QName:{gme://caCORE.caCORE/3.2/gov.nih.nci.cacoresdk.domain.manytomany.bidirectional}Project
OUT>      [java] excluding code generation for non-included QName:{uri:iso.org:21090}GLIST_TS.Date
OUT>      [java] excluding code generation for non-included QName:{http://gov.nih.nci.cagrid.data/DataServiceExceptions}QueryProcessingExceptionType
OUT>      [java] excluding code generation for non-included QName:{uri:iso.org:21090}COLL_ED.Image
OUT>      [java] excluding code generation for non-included QName:{uri:iso.org:21090}QSET_TS.Date[0,unbounded]
OUT>      [java] excluding code generation for non-included QName:{uri:iso.org:21090}NPPD_TEL
OUT>      [java] excluding code generation for non-included QName:{uri:iso.org:21090}IdentifierReliability
OUT>      [java] excluding code generation for non-included QName:{uri:iso.org:21090}NPPD_EN.ON
OUT>      [java] excluding code generation for non-included QName:{gme://caGrid.caBIG/1.0/gov.nih.nci.cagrid.metadata}>ServiceMetadata>hostingResearchCenter
OUT>      [java] excluding code generation for non-included QName:{gme://caCORE.caCORE/3.2/gov.nih.nci.cacoresdk.domain.other.datatype}DsetAdDataType
OUT>      [java] excluding code generation for non-included QName:{uri:iso.org:21090}QSI_MO
OUT>      [java] excluding code generation for non-included QName:{uri:iso.org:21090}IVL.Width_TS
OUT>      [java] excluding code generation for non-included QName:{uri:iso.org:21090}TEL.Person
OUT>      [java] excluding code generation for non-included QName:{gme://caCORE.caCORE/3.2/gov.nih.nci.cacoresdk.domain.other.datatype}IvlRealDataType
OUT>      [java] excluding code generation for non-included QName:{uri:iso.org:21090}IVL_TS
OUT>      [java] excluding code generation for non-included QName:{uri:iso.org:21090}QSP_INT.NonNeg
OUT>      [java] excluding code generation for non-included QName:{gme://caCORE.caCORE/3.2/gov.nih.nci.cacoresdk.domain.manytoone.unidirectional}Chef
OUT>      [java] excluding code generation for non-included QName:{uri:iso.org:21090}IVL_TS.DateTime.Full
OUT>      [java] excluding code generation for non-included QName:{uri:iso.org:21090}UVP_ED.Text
OUT>      [java] excluding code generation for non-included QName:{gme://caCORE.caCORE/3.2/gov.nih.nci.cacoresdk.domain.other.primarykey}CharacterKey
OUT>      [java] excluding code generation for non-included QName:{uri:iso.org:21090}NPPD_INT.Positive
OUT>      [java] excluding code generation for non-included QName:{uri:iso.org:21090}IVL.High_PQ
OUT>      [java] excluding code generation for non-included QName:{gme://caCORE.caCORE/3.2/gov.nih.nci.cacoresdk.domain.inheritance.twolevelinheritance}CRTMonitor
OUT>      [java] excluding code generation for non-included QName:{uri:iso.org:21090}ED.Text[0,unbounded]
OUT>      [java] excluding code generation for non-included QName:{gme://caCORE.caCORE/3.2/gov.nih.nci.cacoresdk.domain.onetoone.bidirectional.withjoin}Chain
OUT>      [java] excluding code generation for non-included QName:{uri:iso.org:21090}TS.DateTime
OUT>      [java] excluding code generation for non-included QName:{uri:iso.org:21090}COLL_TEL.Phone
OUT>      [java] excluding code generation for non-included QName:{uri:iso.org:21090}IVL.High_PQ.Time
OUT>      [java] excluding code generation for non-included QName:{uri:iso.org:21090}QSS_PQ.Time
OUT>      [java] excluding code generation for non-included QName:{uri:iso.org:21090}DSET_ED.Narrative
OUT>      [java] excluding code generation for non-included QName:{uri:iso.org:21090}UVP_TS.Date.Full
OUT>      [java] excluding code generation for non-included QName:{uri:iso.org:21090}UVP_ED.Doc.Inline[0,unbounded]
OUT>      [java] excluding code generation for non-included QName:{uri:iso.org:21090}TS
OUT>      [java] excluding code generation for non-included QName:{uri:iso.org:21090}ED.Signature[0,unbounded]
OUT>      [java] excluding code generation for non-included QName:{uri:iso.org:21090}CD.CE.None[0,unbounded]
OUT>      [java] excluding code generation for non-included QName:{uri:iso.org:21090}IVL_RTO
OUT>      [java] excluding code generation for non-included QName:{uri:iso.org:21090}BL.NonNull[0,unbounded]
OUT>      [java] excluding code generation for non-included QName:{uri:iso.org:21090}BAG_TEL.Phone
OUT>      [java] excluding code generation for non-included QName:{uri:iso.org:21090}ST
OUT>      [java] excluding code generation for non-included QName:{uri:iso.org:21090}ST.NT
OUT>      [java] excluding code generation for non-included QName:{uri:iso.org:21090}COLL_MO
OUT>      [java] excluding code generation for non-included QName:{uri:iso.org:21090}UVP_INT.Positive
OUT>      [java] excluding code generation for non-included QName:{gme://caCORE.caCORE/3.2/gov.nih.nci.cacoresdk.domain.inheritance.twolevelinheritance.sametable}CommunistGovt
OUT>      [java] excluding code generation for non-included QName:{gme://caCORE.caCORE/3.2/gov.nih.nci.cacoresdk.domain.onetomany.unidirectional.withjoin}Shirt
OUT>      [java] excluding code generation for non-included QName:{uri:iso.org:21090}EN.TN[0,unbounded]
OUT>      [java] excluding code generation for non-included QName:{uri:iso.org:21090}TS.Birth[0,unbounded]
OUT>      [java] excluding code generation for non-included QName:{uri:iso.org:21090}UVP_ED[0,unbounded]
OUT>      [java] excluding code generation for non-included QName:{uri:iso.org:21090}SC
OUT>      [java] excluding code generation for non-included QName:{gme://caCORE.caCORE/3.2/gov.nih.nci.cacoresdk.domain.other.levelassociation}>Deck>suitCollection
OUT>      [java] excluding code generation for non-included QName:{uri:iso.org:21090}LIST_II
OUT>      [java] excluding code generation for non-included QName:{uri:iso.org:21090}PQ.Time
OUT>      [java] excluding code generation for non-included QName:{gme://caCORE.caCORE/3.2/gov.nih.nci.cacoresdk.domain.other.datatype}TelPhoneDataType
OUT>      [java] excluding code generation for non-included QName:{uri:iso.org:21090}IVL_MO
OUT>      [java] excluding code generation for non-included QName:{uri:iso.org:21090}BAG_TEL
OUT>      [java] excluding code generation for non-included QName:{uri:iso.org:21090}HIST_ED.Narrative
OUT>      [java] excluding code generation for non-included QName:{uri:iso.org:21090}ED.Doc.Inline[0,unbounded]
OUT>      [java] excluding code generation for non-included QName:{http://CQL.caBIG/2/org.cagrid.cql2.results}CQLResult
OUT>      [java] excluding code generation for non-included QName:{uri:iso.org:21090}set_CodingRationale
OUT>      [java] excluding code generation for non-included QName:{gme://caCORE.caCORE/3.2/gov.nih.nci.cacoresdk.domain.inheritance.childwithassociation.sametable}SportsShoes
OUT>      [java] excluding code generation for non-included QName:{uri:iso.org:21090}>>tr>valign
OUT>      [java] excluding code generation for non-included QName:{uri:iso.org:21090}IVL.Width_RTO
OUT>      [java] excluding code generation for non-included QName:{uri:iso.org:21090}SLIST_INT
OUT>      [java] excluding code generation for non-included QName:{uri:iso.org:21090}IVL.Low_TS
OUT>      [java] excluding code generation for non-included QName:{uri:iso.org:21090}NPPD_INT.NonNeg
OUT>      [java] excluding code generation for non-included QName:{uri:iso.org:21090}QSD_RTO
OUT>      [java] excluding code generation for non-included QName:{uri:iso.org:21090}COLL_REAL
OUT>      [java] excluding code generation for non-included QName:{uri:iso.org:21090}LIST_TEL.Email
OUT>      [java] excluding code generation for non-included QName:{uri:iso.org:21090}IVL_REAL
OUT>      [java] excluding code generation for non-included QName:{uri:iso.org:21090}NPPD_TS
OUT>      [java] excluding code generation for non-included QName:{uri:iso.org:21090}QSD_TS.DateTime
OUT>      [java] excluding code generation for non-included QName:{uri:iso.org:21090}IVL.Low_TS.Date
OUT>      [java] excluding code generation for non-included QName:{gme://caCORE.caCORE/3.2/gov.nih.nci.cacoresdk.domain.onetomany.selfassociation}Element
OUT>      [java] excluding code generation for non-included QName:{http://CQL.caBIG/2/org.cagrid.cql2.results}CQLObjectResult
OUT>      [java] excluding code generation for non-included QName:{uri:iso.org:21090}BAG_TEL.Email
OUT>      [java] excluding code generation for non-included QName:{uri:iso.org:21090}UVP_CD.CE
OUT>      [java] excluding code generation for non-included QName:{gme://caCORE.caCORE/3.2/gov.nih.nci.cacoresdk.domain.other.datatype}EdDataType
OUT>      [java] excluding code generation for non-included QName:{uri:iso.org:21090}>item
OUT>      [java] excluding code generation for non-included QName:{uri:iso.org:21090}ED.Doc.Ref[0,unbounded]
OUT>      [java] excluding code generation for non-included QName:{uri:iso.org:21090}QSP_INT.Positive
OUT>      [java] excluding code generation for non-included QName:{gme://caGrid.caBIG/1.0/gov.nih.nci.cagrid.metadata.security}GSISecureConversation
OUT>      [java] excluding code generation for non-included QName:{gme://caCORE.caCORE/3.2/gov.nih.nci.cacoresdk.domain.inheritance.childwithassociation.sametable}Designer
OUT>      [java] excluding code generation for non-included QName:{uri:iso.org:21090}NPPD_ST
OUT>      [java] excluding code generation for non-included QName:{uri:iso.org:21090}UVP_CD.CV
OUT>      [java] excluding code generation for non-included QName:{uri:iso.org:21090}QSP_CO
OUT>      [java] excluding code generation for non-included QName:{gme://caCORE.caCORE/3.2/gov.nih.nci.cacoresdk.domain.onetomany.unidirectional.withjoin}Button
OUT>      [java] excluding code generation for non-included QName:{gme://caCORE.caCORE/3.2/gov.nih.nci.cacoresdk.domain.other.datatype}TelEmailDataType
OUT>      [java] excluding code generation for non-included QName:{gme://caGrid.caBIG/1.0/gov.nih.nci.cagrid.metadata.service}>Service>serviceContextCollection
OUT>      [java] excluding code generation for non-included QName:{uri:iso.org:21090}EN.PN[0,unbounded]
OUT>      [java] excluding code generation for non-included QName:{uri:iso.org:21090}UVP_CO[0,unbounded]
OUT>      [java] excluding code generation for non-included QName:{gme://caCORE.caCORE/3.2/gov.nih.nci.cacoresdk.domain.inheritance.parentwithassociation}AssistantProfessor
OUT>      [java] excluding code generation for non-included QName:{uri:iso.org:21090}LIST_ED.Narrative
OUT>      [java] excluding code generation for non-included QName:{uri:iso.org:21090}IVL.High_TS
OUT>      [java] excluding code generation for non-included QName:{uri:iso.org:21090}QSET_PQ[0,unbounded]
OUT>      [java] excluding code generation for non-included QName:{uri:iso.org:21090}EntityNamePartType
OUT>      [java] excluding code generation for non-included QName:{uri:iso.org:21090}PQ
OUT>      [java] excluding code generation for non-included QName:{uri:iso.org:21090}QSI_PQ
OUT>      [java] excluding code generation for non-included QName:{uri:iso.org:21090}QSP_TS.Birth
OUT>      [java] excluding code generation for non-included QName:{uri:iso.org:21090}>>table>rules
OUT>      [java] excluding code generation for non-included QName:{gme://caCORE.caCORE/3.2/gov.nih.nci.cacoresdk.domain.inheritance.twolevelinheritance.sametable}DemocraticGovt
OUT>      [java] excluding code generation for non-included QName:{gme://caCORE.caCORE/3.2/gov.nih.nci.cacoresdk.domain.onetoone.multipleassociation.withjoin}InLaw
OUT>      [java] excluding code generation for non-included QName:{uri:iso.org:21090}>>col>align
OUT>      [java] excluding code generation for non-included QName:{uri:iso.org:21090}COLL_AD
OUT>      [java] excluding code generation for non-included QName:{uri:iso.org:21090}ED.Image
OUT>      [java] excluding code generation for non-included QName:{gme://caCORE.caCORE/3.2/gov.nih.nci.cacoresdk.domain.other.levelassociation}Card
OUT>      [java] excluding code generation for non-included QName:{gme://caCORE.caCORE/3.2/gov.nih.nci.cacoresdk.domain.inheritance.twolevelinheritance.sametablerootlevel}FinancialCalculator
OUT>      [java] excluding code generation for non-included QName:{uri:iso.org:21090}QSD_PQ.Time
OUT>      [java] excluding code generation for non-included QName:{uri:iso.org:21090}HIST_TS.Date.Full
OUT>      [java] excluding code generation for non-included QName:{uri:iso.org:21090}UVP_ED.Text[0,unbounded]
OUT>      [java] excluding code generation for non-included QName:{uri:iso.org:21090}QTY
OUT>      [java] excluding code generation for non-included QName:{gme://caCORE.caCORE/3.2/gov.nih.nci.cacoresdk.domain.other.differentpackage.associations}IceCream
OUT>      [java] excluding code generation for non-included QName:{http://CQL.caBIG/2/org.cagrid.cql2}DistinctAttribute
OUT>      [java] excluding code generation for non-included QName:{uri:iso.org:21090}UVP_TS.DateTime.Full
OUT>      [java] excluding code generation for non-included QName:{uri:iso.org:21090}REAL[0,unbounded]
OUT>      [java] excluding code generation for non-included QName:{uri:iso.org:21090}LIST_TS
OUT>      [java] excluding code generation for non-included QName:{gme://caCORE.caCORE/3.2/gov.nih.nci.cacoresdk.domain.onetomany.bidirectional.withjoin}Flight
OUT>      [java] excluding code generation for non-included QName:{uri:iso.org:21090}SLIST_INT.NonNeg
OUT>      [java] excluding code generation for non-included QName:{uri:iso.org:21090}SLIST_TS
OUT>      [java] excluding code generation for non-included QName:{uri:iso.org:21090}HIST_PQ.Time
OUT>      [java] excluding code generation for non-included QName:{uri:iso.org:21090}LIST_ST.NT
OUT>      [java] excluding code generation for non-included QName:{uri:iso.org:21090}BAG_CD.CE.None
OUT>      [java] excluding code generation for non-included QName:{uri:iso.org:21090}LIST_EN.TN
OUT>      [java] excluding code generation for non-included QName:{uri:iso.org:21090}SLIST_RTO
OUT>      [java] excluding code generation for non-included QName:{uri:iso.org:21090}BAG_ST.NT
OUT>      [java] excluding code generation for non-included QName:{gme://caCORE.caCORE/3.2/gov.nih.nci.cacoresdk.domain.other.differentpackage}>Dessert>utensilCollection
OUT>      [java] excluding code generation for non-included QName:{uri:iso.org:21090}UVP_ED.Doc.Ref
OUT>      [java] excluding code generation for non-included QName:{uri:iso.org:21090}UVP_ED.Image
OUT>      [java] excluding code generation for non-included QName:{uri:iso.org:21090}LIST_TEL.Person
OUT>      [java] excluding code generation for non-included QName:{uri:iso.org:21090}COLL_BL
OUT>      [java] excluding code generation for non-included QName:{uri:iso.org:21090}BAG_ED.Doc.Ref
OUT>      [java] excluding code generation for non-included QName:{uri:iso.org:21090}IVL_TS.Date
OUT>      [java] excluding code generation for non-included QName:{uri:iso.org:21090}UVP_CD.CE.None
OUT>      [java] excluding code generation for non-included QName:{http://CQL.caBIG/2/org.cagrid.cql2}CQLQueryModifier
OUT>      [java] excluding code generation for non-included QName:{uri:iso.org:21090}>caption
OUT>      [java] excluding code generation for non-included QName:{uri:iso.org:21090}QSS_INT
OUT>      [java] excluding code generation for non-included QName:{gme://caCORE.caCORE/3.2/gov.nih.nci.cacoresdk.domain.inheritance.multiplechild.sametable}GovtOrganization
OUT>      [java] excluding code generation for non-included QName:{uri:iso.org:21090}TS.Birth[0,0]
OUT>      [java] excluding code generation for non-included QName:{uri:iso.org:21090}ED.Doc
OUT>      [java] excluding code generation for non-included QName:{http://org.cagrid.dataservice.cql/QueryLanguageSupport}>QueryLanguageSupport>CQL2Support
OUT>      [java] excluding code generation for non-included QName:{uri:iso.org:21090}IVL.Low_MO
OUT>      [java] excluding code generation for non-included QName:{uri:iso.org:21090}NPPD_EN.TN
OUT>      [java] excluding code generation for non-included QName:{gme://caCORE.caCORE/3.2/gov.nih.nci.cacoresdk.domain.other.datatype}IvlIntDataType
OUT>      [java] excluding code generation for non-included QName:{uri:iso.org:21090}LIST_SC
OUT>      [java] excluding code generation for non-included QName:{uri:iso.org:21090}LIST_ED.Image
OUT>      [java] excluding code generation for non-included QName:{uri:iso.org:21090}INT.Positive[0,0]
OUT>      [java] excluding code generation for non-included QName:{gme://caCORE.caCORE/3.2/gov.nih.nci.cacoresdk.domain.other.datatype}EnDataType
OUT>      [java] excluding code generation for non-included QName:{http://gov.nih.nci.cagrid.data/DataServiceExceptions}MalformedQueryExceptionType
OUT>      [java] excluding code generation for non-included QName:{uri:iso.org:21090}UVP_PQ[0,unbounded]
OUT>      [java] excluding code generation for non-included QName:{uri:iso.org:21090}IVL.High_INT.Positive
OUT>      [java] excluding code generation for non-included QName:{uri:iso.org:21090}COLL_TS.DateTime.Full
OUT>      [java] excluding code generation for non-included QName:{gme://caGrid.caBIG/1.0/gov.nih.nci.cagrid.metadata.service}InputParameter
OUT>      [java] excluding code generation for non-included QName:{gme://caCORE.caCORE/3.2/gov.nih.nci.cacoresdk.domain.inheritance.onechild.sametable}Currency
OUT>      [java] excluding code generation for non-included QName:{uri:iso.org:21090}UVP_BL[0,unbounded]
OUT>      [java] excluding code generation for non-included QName:{gme://caCORE.caCORE/3.2/gov.nih.nci.cacoresdk.domain.other.datatype}TelDataType
OUT>      [java] excluding code generation for non-included QName:{uri:iso.org:21090}IVL.Low_PQ
OUT>      [java] excluding code generation for non-included QName:{gme://caCORE.caCORE/3.2/gov.nih.nci.cacoresdk.domain.inheritance.implicit}FreshwaterFishTank
OUT>      [java] excluding code generation for non-included QName:{uri:iso.org:21090}LIST_EN.PN
OUT>      [java] excluding code generation for non-included QName:{uri:iso.org:21090}NPPD_ED.Doc
OUT>      [java] excluding code generation for non-included QName:{uri:iso.org:21090}QSI_TS
OUT>      [java] excluding code generation for non-included QName:{uri:iso.org:21090}BAG_TS.Date.Full
OUT>      [java] excluding code generation for non-included QName:{gme://caCORE.caCORE/3.2/gov.nih.nci.cacoresdk.domain.other.primarykey}IntegerKey
OUT>      [java] excluding code generation for non-included QName:{gme://caGrid.caBIG/1.0/gov.nih.nci.cagrid.metadata}>ServiceMetadata>serviceDescription
OUT>      [java] excluding code generation for non-included QName:{uri:iso.org:21090}LIST_ST
OUT>      [java] excluding code generation for non-included QName:{uri:iso.org:21090}LIST_REAL
OUT>      [java] excluding code generation for non-included QName:{uri:iso.org:21090}HIST_ED.Image
OUT>      [java] excluding code generation for non-included QName:{uri:iso.org:21090}HIST_TEL
OUT>      [java] excluding code generation for non-included QName:{gme://caCORE.caCORE/3.2/gov.nih.nci.cacoresdk.domain.onetomany.selfassociation}>Element>childCollection
OUT>      [java] excluding code generation for non-included QName:{uri:iso.org:21090}TEL.Phone[0,unbounded]
OUT>      [java] excluding code generation for non-included QName:{uri:iso.org:21090}LIST_RTO
OUT>      [java] excluding code generation for non-included QName:{uri:iso.org:21090}QSET_TS[0,unbounded]
OUT>      [java] excluding code generation for non-included QName:{uri:iso.org:21090}LIST_TS.DateTime
OUT>      [java] excluding code generation for non-included QName:{uri:iso.org:21090}EntityNameUse
OUT>      [java] excluding code generation for non-included QName:{gme://caCORE.caCORE/3.2/gov.nih.nci.cacoresdk.domain.other.validationtype}AllValidationType
OUT>      [java] excluding code generation for non-included QName:{http://CQL.caBIG/2/org.cagrid.cql2.results}CQLAggregateResult
OUT>      [java] excluding code generation for non-included QName:{uri:iso.org:21090}COLL_EN
OUT>      [java] excluding code generation for non-included QName:{uri:iso.org:21090}HIST_CD.CE
OUT>      [java] excluding code generation for non-included QName:{uri:iso.org:21090}COLL_ED
OUT>      [java] excluding code generation for non-included QName:{uri:iso.org:21090}LIST_EN.ON
OUT>      [java] excluding code generation for non-included QName:{uri:iso.org:21090}QSP_RTO
OUT>      [java] excluding code generation for non-included QName:{uri:iso.org:21090}TelecommunicationAddressUse
OUT>      [java] excluding code generation for non-included QName:{gme://caCORE.caCORE/3.2/gov.nih.nci.cacoresdk.domain.inheritance.implicit}Tank
OUT>      [java] excluding code generation for non-included QName:{gme://caCORE.caCORE/3.2/gov.nih.nci.cacoresdk.domain.other.datatype}IvlTsDataType
OUT>      [java] excluding code generation for non-included QName:{http://org.cagrid.dataservice.cql/QueryLanguageSupport}QueryLanguageSupport
OUT>      [java] excluding code generation for non-included QName:{uri:iso.org:21090}HIST_ED.Doc
OUT>      [java] excluding code generation for non-included QName:{uri:iso.org:21090}LIST_INT.NonNeg
OUT>      [java] excluding code generation for non-included QName:{uri:iso.org:21090}UVP_REAL[0,unbounded]
OUT>      [java] excluding code generation for non-included QName:{uri:iso.org:21090}LIST_PQ
OUT>      [java] excluding code generation for non-included QName:{gme://caGrid.caBIG/1.0/gov.nih.nci.cagrid.metadata.common}>ValueDomain>enumerationCollection
OUT>      [java] excluding code generation for non-included QName:{uri:iso.org:21090}PostalAddressUse
OUT>      [java] excluding code generation for non-included QName:{gme://caCORE.caCORE/3.2/gov.nih.nci.cacoresdk.domain.inheritance.parentwithassociation.sametable}Luggage
OUT>      [java] excluding code generation for non-included QName:{gme://caGrid.caBIG/1.0/gov.nih.nci.cagrid.metadata.common}ResearchCenterDescription
OUT>      [java] excluding code generation for non-included QName:{uri:iso.org:21090}ANY
OUT>      [java] excluding code generation for non-included QName:{uri:iso.org:21090}ADXP
OUT>      [java] excluding code generation for non-included QName:{gme://caCORE.caCORE/3.2/gov.nih.nci.cacoresdk.domain.other.datatype}BlDataType
OUT>      [java] excluding code generation for non-included QName:{gme://caCORE.caCORE/3.2/gov.nih.nci.cacoresdk.domain.other.datatype}TsDataType
OUT>      [java] excluding code generation for non-included QName:{uri:iso.org:21090}PIVL_TS.DateTime.Full
OUT>      [java] excluding code generation for non-included QName:{uri:iso.org:21090}QSET_CO
OUT>      [java] excluding code generation for non-included QName:{uri:iso.org:21090}IVL.High_INT.NonNeg
OUT>      [java] excluding code generation for non-included QName:{uri:iso.org:21090}TEL.Email
OUT>      [java] excluding code generation for non-included QName:{uri:iso.org:21090}QSS_INT.Positive
OUT>      [java] excluding code generation for non-included QName:{uri:iso.org:21090}NPPD_EN.PN
OUT>      [java] excluding code generation for non-included QName:{gme://caCORE.caCORE/3.2/gov.nih.nci.cacoresdk.domain.inheritance.parentwithassociation.sametable}Wheel
OUT>      [java] excluding code generation for non-included QName:{uri:iso.org:21090}BAG_TS.DateTime.Full
OUT>      [java] excluding code generation for non-included QName:{uri:iso.org:21090}ED.Doc.Inline
OUT>      [java] excluding code generation for non-included QName:{uri:iso.org:21090}COLL_CO
OUT>      [java] excluding code generation for non-included QName:{http://CQL.caBIG/2/org.cagrid.cql2}CQLGroup
OUT>      [java] excluding code generation for non-included QName:{gme://caGrid.caBIG/1.0/gov.nih.nci.cagrid.metadata.security}CommunicationMechanism
OUT>      [java] excluding code generation for non-included QName:{uri:iso.org:21090}TEL[0,unbounded]
OUT>      [java] excluding code generation for non-included QName:{uri:iso.org:21090}COLL_CD
OUT>      [java] excluding code generation for non-included QName:{uri:iso.org:21090}EntityNamePartQualifier
OUT>      [java] excluding code generation for non-included QName:{uri:iso.org:21090}LIST_ED.Doc
OUT>      [java] excluding code generation for non-included QName:{gme://caCORE.caCORE/3.2/gov.nih.nci.cacoresdk.domain.inheritance.childwithassociation}Bank
OUT>      [java] excluding code generation for non-included QName:{uri:iso.org:21090}QSET_TS.DateTime.Full
OUT>      [java] excluding code generation for non-included QName:{uri:iso.org:21090}DSET_TEL
OUT>      [java] excluding code generation for non-included QName:{uri:iso.org:21090}ED[0,0]
OUT>      [java] excluding code generation for non-included QName:{uri:iso.org:21090}IVL.Low_TS.Birth
OUT>      [java] excluding code generation for non-included QName:{gme://caCORE.caCORE/3.2/gov.nih.nci.cacoresdk.domain.inheritance.twolevelinheritance.sametable}Goverment
OUT>      [java] excluding code generation for non-included QName:{gme://caCORE.caCORE/3.2/gov.nih.nci.cacoresdk.domain.other.datatype}IntDataType
OUT>      [java] excluding code generation for non-included QName:{uri:iso.org:21090}QSET_INT[0,unbounded]
OUT>      [java] excluding code generation for non-included QName:{uri:iso.org:21090}DSET_ED.Doc.Inline
OUT>      [java] excluding code generation for non-included QName:{uri:iso.org:21090}UVP_EN.PN[0,unbounded]
OUT>      [java] excluding code generation for non-included QName:{uri:iso.org:21090}IVL.High_TS.Birth
OUT>      [java] excluding code generation for non-included QName:{http://CQL.caBIG/2/org.cagrid.cql2}CQLAttribute[,unbounded]
OUT>      [java] excluding code generation for non-included QName:{uri:iso.org:21090}IVL_TS.Birth
OUT>      [java] excluding code generation for non-included QName:{uri:iso.org:21090}HIST_CD.CV
OUT>      [java] excluding code generation for non-included QName:{uri:iso.org:21090}>br
OUT>      [java] excluding code generation for non-included QName:{uri:iso.org:21090}LIST_TS.Birth
OUT>      [java] excluding code generation for non-included QName:{http://CQL.caBIG/2/org.cagrid.cql2}CQLObject
OUT>      [java] excluding code generation for non-included QName:{uri:iso.org:21090}UVP_BL.NonNull[0,unbounded]
OUT>      [java] excluding code generation for non-included QName:{uri:iso.org:21090}SLIST_TS.DateTime.Full
OUT>      [java] excluding code generation for non-included QName:{uri:iso.org:21090}>>td>align
OUT>      [java] excluding code generation for non-included QName:{uri:iso.org:21090}UVP_TEL.Email[0,unbounded]
OUT>      [java] excluding code generation for non-included QName:{uri:iso.org:21090}COLL_CS
OUT>      [java] excluding code generation for non-included QName:{uri:iso.org:21090}NPPD_ED.Text
OUT>      [java] excluding code generation for non-included QName:{uri:iso.org:21090}UVP_ED.Signature
OUT>      [java] excluding code generation for non-included QName:{gme://caCORE.caCORE/3.2/gov.nih.nci.cacoresdk.domain.inheritance.parentwithassociation.sametable}HardTop
OUT>      [java] excluding code generation for non-included QName:{uri:iso.org:21090}>footnoteRef
OUT>      [java] excluding code generation for non-included QName:{uri:iso.org:21090}QSET_TS.Date.Full
OUT>      [java] excluding code generation for non-included QName:{uri:iso.org:21090}>>tfoot>align
OUT>      [java] excluding code generation for non-included QName:{uri:iso.org:21090}NPPD_TS.Date
OUT>      [java] excluding code generation for non-included QName:{uri:iso.org:21090}MO[0,unbounded]
OUT>      [java] excluding code generation for non-included QName:{uri:iso.org:21090}QSET_TS.DateTime[0,unbounded]
OUT>      [java] excluding code generation for non-included QName:{uri:iso.org:21090}DSET_TS.DateTime.Full
OUT>      [java] excluding code generation for non-included QName:{uri:iso.org:21090}SLIST_REAL
OUT>      [java] excluding code generation for non-included QName:{uri:iso.org:21090}BAG_AD
OUT>      [java] excluding code generation for non-included QName:{uri:iso.org:21090}SLIST_MO
OUT>      [java] excluding code generation for non-included QName:{http://CQL.caBIG/2/org.cagrid.cql2}CQLExtension
OUT>      [java] excluding code generation for non-included QName:{uri:iso.org:21090}ED.Doc[0,unbounded]
OUT>      [java] excluding code generation for non-included QName:{gme://caCORE.caCORE/3.2/gov.nih.nci.cacoresdk.domain.inheritance.implicit}SaltwaterFishTank
OUT>      [java] excluding code generation for non-included QName:{uri:iso.org:21090}TS[0,0]
OUT>      [java] excluding code generation for non-included QName:{uri:iso.org:21090}INT
OUT>      [java] excluding code generation for non-included QName:{uri:iso.org:21090}EIVL_TS
OUT>      [java] excluding code generation for non-included QName:{uri:iso.org:21090}DSET_CD
OUT>      [java] excluding code generation for non-included QName:{uri:iso.org:21090}COLL_ED.Text
OUT>      [java] excluding code generation for non-included QName:{uri:iso.org:21090}LIST_TEL
OUT>      [java] excluding code generation for non-included QName:{uri:iso.org:21090}IdentifierScope
OUT>      [java] excluding code generation for non-included QName:{uri:iso.org:21090}QSU_PQ.Time
OUT>      [java] excluding code generation for non-included QName:{uri:iso.org:21090}TS.Birth
OUT>      [java] excluding code generation for non-included QName:{uri:iso.org:21090}QSI_PQ.Time
OUT>      [java] excluding code generation for non-included QName:{uri:iso.org:21090}PIVL_TS.DateTime
OUT>      [java] excluding code generation for non-included QName:{gme://caCORE.caCORE/3.2/gov.nih.nci.cacoresdk.domain.other.datatype}DsetTelDataType
OUT>      [java] excluding code generation for non-included QName:{uri:iso.org:21090}DSET_CO
OUT>      [java] excluding code generation for non-included QName:{uri:iso.org:21090}DSET_CS
OUT>      [java] excluding code generation for non-included QName:{uri:iso.org:21090}>>table>frame
OUT>      [java] excluding code generation for non-included QName:{uri:iso.org:21090}NPPD_TS.Birth
OUT>      [java] excluding code generation for non-included QName:{uri:iso.org:21090}>footnote
OUT>      [java] excluding code generation for non-included QName:{uri:iso.org:21090}INT.NonNeg[0,unbounded]
OUT>      [java] excluding code generation for non-included QName:{uri:iso.org:21090}IVL.High_TS.Date
OUT>      [java] excluding code generation for non-included QName:{uri:iso.org:21090}UVP_BL.NonNull
OUT>      [java] excluding code generation for non-included QName:{uri:iso.org:21090}CD[0,unbounded]
OUT>      [java] excluding code generation for non-included QName:{uri:iso.org:21090}QSET_PQ
OUT>      [java] excluding code generation for non-included QName:{uri:iso.org:21090}QSET_TS.Date.Full[0,unbounded]
OUT>      [java] excluding code generation for non-included QName:{uri:iso.org:21090}NullFlavor
OUT>      [java] excluding code generation for non-included QName:{uri:iso.org:21090}SC.NT
OUT>      [java] excluding code generation for non-included QName:{uri:iso.org:21090}UVP_II[0,unbounded]
OUT>      [java] excluding code generation for non-included QName:{uri:iso.org:21090}COLL_TS.DateTime
OUT>      [java] excluding code generation for non-included QName:{uri:iso.org:21090}EN[0,unbounded]
OUT>      [java] excluding code generation for non-included QName:{uri:iso.org:21090}>>th>scope
OUT>      [java] excluding code generation for non-included QName:{gme://caCORE.caCORE/3.2/gov.nih.nci.cacoresdk.domain.manytomany.bidirectional}Employee
OUT>      [java] excluding code generation for non-included QName:{uri:iso.org:21090}BAG_EN.TN
OUT>      [java] excluding code generation for non-included QName:{uri:iso.org:21090}TS.Date[0,0]
OUT>      [java] excluding code generation for non-included QName:{uri:iso.org:21090}SLIST_TS.Date
OUT>      [java] excluding code generation for non-included QName:{uri:iso.org:21090}DSET_ED.Doc
OUT>      [java] excluding code generation for non-included QName:{gme://caCORE.caCORE/3.2/gov.nih.nci.cacoresdk.domain.other.datatype}RealDataType
OUT>      [java] excluding code generation for non-included QName:{uri:iso.org:21090}DSET_BL
OUT>      [java] excluding code generation for non-included QName:{uri:iso.org:21090}ED
OUT>      [java] excluding code generation for non-included QName:{uri:iso.org:21090}QSET_INT.Positive
OUT>      [java] excluding code generation for non-included QName:{uri:iso.org:21090}QSET_TS.DateTime.Full[0,unbounded]
OUT>      [java] excluding code generation for non-included QName:{uri:iso.org:21090}QSP_INT
OUT>      [java] excluding code generation for non-included QName:{uri:iso.org:21090}DSET_AD
OUT>      [java] excluding code generation for non-included QName:{uri:iso.org:21090}COLL_TEL.Person
OUT>      [java] excluding code generation for non-included QName:{uri:iso.org:21090}>>list>listType
OUT>      [java] excluding code generation for non-included QName:{uri:iso.org:21090}UVP_ST[0,unbounded]
OUT>      [java] excluding code generation for non-included QName:{uri:iso.org:21090}UVP_ED.Narrative[0,unbounded]
OUT>      [java] excluding code generation for non-included QName:{uri:iso.org:21090}IVL.Low_TS.DateTime
OUT>      [java] excluding code generation for non-included QName:{uri:iso.org:21090}CDGroup
OUT>      [java] excluding code generation for non-included QName:{uri:iso.org:21090}HIST_REAL
OUT>      [java] excluding code generation for non-included QName:{uri:iso.org:21090}COLL_PQ.Time
OUT>      [java] excluding code generation for non-included QName:{uri:iso.org:21090}EN
OUT>      [java] excluding code generation for non-included QName:{uri:iso.org:21090}LIST_TS.DateTime.Full
OUT>      [java] excluding code generation for non-included QName:{uri:iso.org:21090}COLL_RTO
OUT>      [java] excluding code generation for non-included QName:{uri:iso.org:21090}EIVL_TS.Date
OUT>      [java] excluding code generation for non-included QName:{uri:iso.org:21090}QSU_INT
OUT>      [java] excluding code generation for non-included QName:{http://CQL.caBIG/2/org.cagrid.cql2.results}CQLAttributeResult[0,unbounded]
OUT>      [java] excluding code generation for non-included QName:{uri:iso.org:21090}UVP_INT[0,unbounded]
OUT>      [java] excluding code generation for non-included QName:{gme://caGrid.caBIG/1.0/gov.nih.nci.cagrid.metadata.common}Enumeration
OUT>      [java] excluding code generation for non-included QName:{uri:iso.org:21090}LIST_BL.NonNull
OUT>      [java] excluding code generation for non-included QName:{uri:iso.org:21090}>>tbody>valign
OUT>      [java] excluding code generation for non-included QName:{uri:iso.org:21090}HXIT
OUT>      [java] excluding code generation for non-included QName:{uri:iso.org:21090}TEL.Url
OUT>      [java] excluding code generation for non-included QName:{gme://caGrid.caBIG/1.0/gov.nih.nci.cagrid.metadata.service}Service
OUT>      [java] excluding code generation for non-included QName:{gme://caGrid.caBIG/1.0/gov.nih.nci.cagrid.metadata.common}UMLClass
OUT>      [java] excluding code generation for non-included QName:{gme://caGrid.caBIG/1.0/gov.nih.nci.cagrid.metadata.common}>UMLClass>umlAttributeCollection
OUT>      [java] excluding code generation for non-included QName:{uri:iso.org:21090}set_TelecommunicationAddressUse
OUT>      [java] excluding code generation for non-included QName:{gme://caCORE.caCORE/3.2/gov.nih.nci.cacoresdk.domain.other.levelassociation}Suit
OUT>      [java] excluding code generation for non-included QName:{uri:iso.org:21090}HIST_TS.DateTime
OUT>      [java] excluding code generation for non-included QName:{uri:iso.org:21090}UVP_TS.Birth[0,unbounded]
OUT>      [java] excluding code generation for non-included QName:{uri:iso.org:21090}set_PostalAddressUse
OUT>      [java] excluding code generation for non-included QName:{uri:iso.org:21090}QSD_INT.Positive
OUT>      [java] excluding code generation for non-included QName:{uri:iso.org:21090}QSU_RTO
OUT>      [java] excluding code generation for non-included QName:{http://CQL.caBIG/2/org.cagrid.cql2}CQLAssociatedObject
OUT>      [java] excluding code generation for non-included QName:{uri:iso.org:21090}HIST_INT.NonNeg
OUT>      [java] excluding code generation for non-included QName:{uri:iso.org:21090}>>th>valign
OUT>      [java] excluding code generation for non-included QName:{uri:iso.org:21090}BL
OUT>      [java] excluding code generation for non-included QName:{uri:iso.org:21090}QSS_TS.Birth
OUT>      [java] excluding code generation for non-included QName:{uri:iso.org:21090}SLIST_PQ
OUT>      [java] excluding code generation for non-included QName:{http://CQL.caBIG/2/org.cagrid.cql2}AssociationPopulationSpecification
OUT>      [java] excluding code generation for non-included QName:{gme://caGrid.caBIG/1.0/gov.nih.nci.cagrid.metadata.common}ResearchCenter
OUT>      [java] excluding code generation for non-included QName:{uri:iso.org:21090}GLIST_TS.Date.Full
OUT>      [java] excluding code generation for non-included QName:{uri:iso.org:21090}LIST_TEL.Phone
OUT>      [java] excluding code generation for non-included QName:{gme://caCORE.caCORE/3.2/gov.nih.nci.cacoresdk.domain.inheritance.implicit}TankAccessory
OUT>      [java] excluding code generation for non-included QName:{uri:iso.org:21090}UVP_EN.TN[0,unbounded]
OUT>      [java] excluding code generation for non-included QName:{uri:iso.org:21090}BAG_EN.ON
OUT>      [java] excluding code generation for non-included QName:{uri:iso.org:21090}NPPD_TEL.Person
OUT>      [java] excluding code generation for non-included QName:{uri:iso.org:21090}CS
OUT>      [java] excluding code generation for non-included QName:{uri:iso.org:21090}LIST_SC.NT
OUT>      [java] excluding code generation for non-included QName:{uri:iso.org:21090}CR
OUT>      [java] excluding code generation for non-included QName:{uri:iso.org:21090}CO
OUT>      [java] excluding code generation for non-included QName:{uri:iso.org:21090}TS.DateTime.Full[0,0]
OUT>      [java] excluding code generation for non-included QName:{uri:iso.org:21090}HIST_BL.NonNull
OUT>      [java] excluding code generation for non-included QName:{http://CQL.caBIG/2/org.cagrid.cql2.results}CQLQueryResults
OUT>      [java] excluding code generation for non-included QName:{uri:iso.org:21090}ED[0,unbounded]
OUT>      [java] excluding code generation for non-included QName:{uri:iso.org:21090}UVP_CS[0,unbounded]
OUT>      [java] excluding code generation for non-included QName:{uri:iso.org:21090}CD
OUT>      [java] excluding code generation for non-included QName:{uri:iso.org:21090}QSI_INT
OUT>      [java] excluding code generation for non-included QName:{gme://caCORE.caCORE/3.2/gov.nih.nci.cacoresdk.domain.onetomany.bidirectional.withjoin}>Flight>passangerCollection
OUT>      [java] excluding code generation for non-included QName:{uri:iso.org:21090}UVP_ED.Doc.Ref[0,unbounded]
OUT>      [java] excluding code generation for non-included QName:{gme://caCORE.caCORE/3.2/gov.nih.nci.cacoresdk.domain.inheritance.twolevelinheritance.sametable}ParliamantaryGovt
OUT>      [java] excluding code generation for non-included QName:{gme://caCORE.caCORE/3.2/gov.nih.nci.cacoresdk.domain.onetoone.unidirectional}Address
OUT>      [java] excluding code generation for non-included QName:{uri:iso.org:21090}LIST_CD.CE
OUT>      [java] excluding code generation for non-included QName:{uri:iso.org:21090}ED.Image[0,unbounded]
OUT>      [java] excluding code generation for non-included QName:{uri:iso.org:21090}BAG_EN.PN
OUT>      [java] excluding code generation for non-included QName:{uri:iso.org:21090}QSET_MO
OUT>      [java] excluding code generation for non-included QName:{uri:iso.org:21090}QSP_TS.DateTime
OUT>      [java] excluding code generation for non-included QName:{uri:iso.org:21090}NPPD_TS.DateTime
OUT>      [java] excluding code generation for non-included QName:{uri:iso.org:21090}TS.DateTime[0,unbounded]
OUT>      [java] excluding code generation for non-included QName:{uri:iso.org:21090}HIST_SC.NT
OUT>      [java] excluding code generation for non-included QName:{uri:iso.org:21090}LIST_CD.CV
OUT>      [java] excluding code generation for non-included QName:{uri:iso.org:21090}XReference
OUT>      [java] excluding code generation for non-included QName:{gme://caCORE.caCORE/3.2/gov.nih.nci.cacoresdk.domain.other.datatype}EnOnDataType
OUT>      [java] excluding code generation for non-included QName:{http://CQL.caBIG/2/org.cagrid.cql2}AttributeValue
OUT>      [java] excluding code generation for non-included QName:{uri:iso.org:21090}QSS_TS.DateTime.Full
OUT>      [java] excluding code generation for non-included QName:{uri:iso.org:21090}QSI_TS.DateTime.Full
OUT>      [java] excluding code generation for non-included QName:{uri:iso.org:21090}ED.Narrative[0,unbounded]
OUT>      [java] excluding code generation for non-included QName:{uri:iso.org:21090}HIST_TEL.Url
OUT>      [java] excluding code generation for non-included QName:{uri:iso.org:21090}CR[0,unbounded]
OUT>      [java] excluding code generation for non-included QName:{uri:iso.org:21090}RTO[0,unbounded]
OUT>      [java] excluding code generation for non-included QName:{uri:iso.org:21090}QSET_REAL
OUT>      [java] excluding code generation for non-included QName:{gme://caCORE.caCORE/3.2/gov.nih.nci.cacoresdk.domain.other.datatype}StDataType
OUT>      [java] excluding code generation for non-included QName:{uri:iso.org:21090}QSI_INT.Positive
OUT>      [java] excluding code generation for non-included QName:{uri:iso.org:21090}IVL.High_CO
OUT>      [java] excluding code generation for non-included QName:{gme://caCORE.caCORE/3.2/gov.nih.nci.cacoresdk.domain.onetomany.unidirectional}KeyChain
OUT>      [java] excluding code generation for non-included QName:{uri:iso.org:21090}EN.ON[0,unbounded]
OUT>      [java] excluding code generation for non-included QName:{gme://caCORE.caCORE/3.2/gov.nih.nci.cacoresdk.domain.inheritance.childwithassociation.sametable}Shoes
OUT>      [java] excluding code generation for non-included QName:{uri:iso.org:21090}DSET_TEL.Phone
OUT>      [java] excluding code generation for non-included QName:{gme://caGrid.caBIG/1.0/gov.nih.nci.cagrid.metadata.service}CaDSRRegistration
OUT>      [java] excluding code generation for non-included QName:{uri:iso.org:21090}NPPD_ST.NT
OUT>      [java] excluding code generation for non-included QName:{uri:iso.org:21090}INT.Positive[0,unbounded]
OUT>      [java] excluding code generation for non-included QName:{uri:iso.org:21090}COLL_TEL.Email
OUT>      [java] excluding code generation for non-included QName:{uri:iso.org:21090}AD
OUT>      [java] excluding code generation for non-included QName:{uri:iso.org:21090}IVL.Low_CO
OUT>      [java] excluding code generation for non-included QName:{uri:iso.org:21090}QSI_TS.Date
OUT>      [java] excluding code generation for non-included QName:{gme://caGrid.caBIG/1.0/gov.nih.nci.cagrid.metadata.security}CommunicationStyle
OUT>      [java] excluding code generation for non-included QName:{gme://caGrid.caBIG/1.0/gov.nih.nci.cagrid.metadata.service}Output
OUT>      [java] excluding code generation for non-included QName:{uri:iso.org:21090}NPPD_ED.Doc.Ref
OUT>      [java] excluding code generation for non-included QName:{uri:iso.org:21090}QSS_INT.NonNeg
OUT>      [java] excluding code generation for non-included QName:{uri:iso.org:21090}PQR[0,unbounded]
OUT>      [java] excluding code generation for non-included QName:{uri:iso.org:21090}BAG_ED.Narrative
OUT>      [java] excluding code generation for non-included QName:{uri:iso.org:21090}DSET_TS.DateTime
OUT>      [java] excluding code generation for non-included QName:{uri:iso.org:21090}HIST_ED.Doc.Ref
OUT>      [java] excluding code generation for non-included QName:{gme://caCORE.caCORE/3.2/gov.nih.nci.cacoresdk.domain.manytomany.bidirectional}>Project>employeeCollection
OUT>      [java] excluding code generation for non-included QName:{gme://caGrid.caBIG/1.0/gov.nih.nci.cagrid.metadata.service}>ServiceContext>operationCollection
OUT>      [java] excluding code generation for non-included QName:{gme://caCORE.caCORE/3.2/gov.nih.nci.cacoresdk.domain.interfaze}Dog
OUT>      [java] excluding code generation for non-included QName:{uri:iso.org:21090}TS.Date.Full[0,0]
OUT>      [java] excluding code generation for non-included QName:{uri:iso.org:21090}GLIST_TS.DateTime.Full
OUT>      [java] excluding code generation for non-included QName:{uri:iso.org:21090}QSD_INT.NonNeg
OUT>      [java] excluding code generation for non-included QName:{gme://caGrid.caBIG/1.0/gov.nih.nci.cagrid.metadata.security}Operation
OUT>      [java] excluding code generation for non-included QName:{uri:iso.org:21090}TEL.Person[0,unbounded]
OUT>      [java] excluding code generation for non-included QName:{gme://caCORE.caCORE/3.2/gov.nih.nci.cacoresdk.domain.other.datatype}TelUrlDataType
OUT>      [java] excluding code generation for non-included QName:{uri:iso.org:21090}HIST_RTO
OUT>      [java] excluding code generation for non-included QName:{uri:iso.org:21090}QSP_REAL
OUT>      [java] excluding code generation for non-included QName:{uri:iso.org:21090}COLL_TS.Date.Full
OUT>      [java] excluding code generation for non-included QName:{uri:iso.org:21090}TEL.Url[0,unbounded]
OUT>      [java] excluding code generation for non-included QName:{uri:iso.org:21090}>tfoot
OUT>      [java] excluding code generation for non-included QName:{uri:iso.org:21090}IVL_TS.Date.Full
OUT>      [java] excluding code generation for non-included QName:{gme://caCORE.caCORE/3.2/gov.nih.nci.cacoresdk.domain.inheritance.implicit}Fish
OUT>      [java] excluding code generation for non-included QName:{gme://caCORE.caCORE/3.2/gov.nih.nci.cacoresdk.domain.manytomany.unidirectional}Author
OUT>      [java] excluding code generation for non-included QName:{gme://caCORE.caCORE/3.2/gov.nih.nci.cacoresdk.domain.inheritance.childwithassociation}Payment
OUT>      [java] excluding code generation for non-included QName:{uri:iso.org:21090}DSET_INT
OUT>      [java] excluding code generation for non-included QName:{uri:iso.org:21090}QSET_PQ.Time
OUT>      [java] excluding code generation for non-included QName:{uri:iso.org:21090}UVP_TEL.Url
OUT>      [java] excluding code generation for non-included QName:{uri:iso.org:21090}CodingRationale
OUT>      [java] excluding code generation for non-included QName:{gme://caCORE.caCORE/3.2/gov.nih.nci.cacoresdk.domain.onetoone.bidirectional.withjoin}Pendant
OUT>      [java] excluding code generation for non-included QName:{gme://caGrid.caBIG/1.0/gov.nih.nci.cagrid.metadata.common}PointOfContact
OUT>      [java] excluding code generation for non-included QName:{uri:iso.org:21090}HIST_PQ
OUT>      [java] excluding code generation for non-included QName:{http://CQL.caBIG/2/org.cagrid.cql2}CQLQuery
OUT>      [java] excluding code generation for non-included QName:{gme://caCORE.caCORE/3.2/gov.nih.nci.cacoresdk.domain.manytoone.unidirectional.withjoin}Song
OUT>      [java] excluding code generation for non-included QName:{gme://caCORE.caCORE/3.2/gov.nih.nci.cacoresdk.domain.inheritance.implicit}AngelFish
OUT>      [java] excluding code generation for non-included QName:{uri:iso.org:21090}QSI_TS.Birth
OUT>      [java] excluding code generation for non-included QName:{gme://caCORE.caCORE/3.2/gov.nih.nci.cacoresdk.domain.other.levelassociation}>Hand>cardCollection
OUT>      [java] excluding code generation for non-included QName:{gme://caCORE.caCORE/3.2/gov.nih.nci.cacoresdk.domain.other.datatype}DsetIiDataType
OUT>      [java] excluding code generation for non-included QName:{uri:iso.org:21090}QSI_CO
OUT>      [java] excluding code generation for non-included QName:{uri:iso.org:21090}QSET_RTO[0,unbounded]
OUT>      [java] excluding code generation for non-included QName:{gme://caCORE.caCORE/3.2/gov.nih.nci.cacoresdk.domain.inheritance.multiplechild}Student
OUT>      [java] excluding code generation for non-included QName:{uri:iso.org:21090}AD[0,unbounded]
OUT>      [java] excluding code generation for non-included QName:{uri:iso.org:21090}MO
OUT>      [java] excluding code generation for non-included QName:{uri:iso.org:21090}>col
OUT>      [java] excluding code generation for non-included QName:{gme://caCORE.caCORE/3.2/gov.nih.nci.cacoresdk.domain.onetoone.unidirectional.withjoin}Handle
OUT>      [java] excluding code generation for non-included QName:{uri:iso.org:21090}DSET_ED.Text
OUT>      [java] excluding code generation for non-included QName:{uri:iso.org:21090}QSU_TS.Date
OUT>      [java] excluding code generation for non-included QName:{uri:iso.org:21090}TS.DateTime.Full[0,unbounded]
OUT>      [java] excluding code generation for non-included QName:{http://CQL.caBIG/2/org.cagrid.cql2}CQLTargetObject
OUT>      [java] excluding code generation for non-included QName:{uri:iso.org:21090}DSET_II
OUT>      [java] excluding code generation for non-included QName:{uri:iso.org:21090}QSD_TS.Date.Full
OUT>      [java] excluding code generation for non-included QName:{uri:iso.org:21090}UVP_EN[0,unbounded]
OUT>      [java] excluding code generation for non-included QName:{gme://caCORE.caCORE/3.2/gov.nih.nci.cacoresdk.domain.other.differentpackage.associations}Pie
OUT>      [java] excluding code generation for non-included QName:{uri:iso.org:21090}UVP_TS[0,unbounded]
OUT>      [java] excluding code generation for non-included QName:{gme://caGrid.caBIG/1.0/gov.nih.nci.cagrid.metadata.common}ValueDomain
OUT>      [java] excluding code generation for non-included QName:{uri:iso.org:21090}HIST_ST.NT
OUT>      [java] excluding code generation for non-included QName:{uri:iso.org:21090}LIST_TEL.Url
OUT>      [java] excluding code generation for non-included QName:{uri:iso.org:21090}PQR[0,0]
OUT>      [java] excluding code generation for non-included QName:{uri:iso.org:21090}SLIST_PQ.Time
OUT>      [java] excluding code generation for non-included QName:{uri:iso.org:21090}IVL_PQ.Time
OUT>      [java] excluding code generation for non-included QName:{uri:iso.org:21090}QSI_INT.NonNeg
OUT>      [java] excluding code generation for non-included QName:{uri:iso.org:21090}QSP_TS.DateTime.Full
OUT>      [java] excluding code generation for non-included QName:{uri:iso.org:21090}IVL.High_INT
OUT>      [java] excluding code generation for non-included QName:{uri:iso.org:21090}BAG_INT
OUT>      [java] excluding code generation for non-included QName:{uri:iso.org:21090}IntegrityCheckAlgorithm
OUT>      [java] excluding code generation for non-included QName:{uri:iso.org:21090}QSET_TS
OUT>      [java] excluding code generation for non-included QName:{gme://caCORE.caCORE/3.2/gov.nih.nci.cacoresdk.domain.onetomany.bidirectional}Computer
OUT>      [java] excluding code generation for non-included QName:{gme://caCORE.caCORE/3.2/gov.nih.nci.cacoresdk.domain.other.differentpackage.associations}Utensil
OUT>      [java] excluding code generation for non-included QName:{uri:iso.org:21090}Compression
OUT>      [java] excluding code generation for non-included QName:{http://CQL.caBIG/2/org.cagrid.cql2.results}CQLObjectResult[0,unbounded]
OUT>      [java] excluding code generation for non-included QName:{uri:iso.org:21090}INT[0,unbounded]
OUT>      [java] excluding code generation for non-included QName:{uri:iso.org:21090}CD.CE[0,unbounded]
OUT>      [java] excluding code generation for non-included QName:{gme://caGrid.caBIG/1.0/gov.nih.nci.cagrid.metadata.service}ContextProperty
OUT>      [java] excluding code generation for non-included QName:{http://CQL.caBIG/2/org.cagrid.cql2}CQLAssociatedObject[,unbounded]
OUT>      [java] excluding code generation for non-included QName:{uri:iso.org:21090}PQ.Time[0,0]
OUT>      [java] excluding code generation for non-included QName:{gme://caCORE.caCORE/3.2/gov.nih.nci.cacoresdk.domain.other.primarykey}DoublePrimitiveKey
OUT>      [java] excluding code generation for non-included QName:{uri:iso.org:21090}UVP_ED.Doc.Inline
OUT>      [java] excluding code generation for non-included QName:{uri:iso.org:21090}GLIST_INT.Positive
OUT>      [java] excluding code generation for non-included QName:{gme://caCORE.caCORE/3.2/gov.nih.nci.cacoresdk.domain.inheritance.implicit}>SaltwaterFishTank>substrateCollection
OUT>      [java] excluding code generation for non-included QName:{uri:iso.org:21090}HIST_INT
OUT>      [java] excluding code generation for non-included QName:{uri:iso.org:21090}IVL.Low_INT.NonNeg
OUT>      [java] excluding code generation for non-included QName:{uri:iso.org:21090}>>tbody>align
OUT>      [java] excluding code generation for non-included QName:{uri:iso.org:21090}CD.CV
OUT>      [java] excluding code generation for non-included QName:{gme://caCORE.caCORE/3.2/gov.nih.nci.cacoresdk.domain.inheritance.onechild}Mammal
OUT>      [java] excluding code generation for non-included QName:{uri:iso.org:21090}ED.Doc.Ref
OUT>      [java] excluding code generation for non-included QName:{uri:iso.org:21090}QSS_REAL
OUT>      [java] excluding code generation for non-included QName:{gme://caCORE.caCORE/3.2/gov.nih.nci.cacoresdk.domain.other.primarykey}LongPrimitiveKey
OUT>      [java] excluding code generation for non-included QName:{uri:iso.org:21090}TS.Date.Full
OUT>      [java] excluding code generation for non-included QName:{uri:iso.org:21090}ED.Signature
OUT>      [java] excluding code generation for non-included QName:{gme://caCORE.caCORE/3.2/gov.nih.nci.cacoresdk.domain.inheritance.parentwithassociation}TenuredProfessor
OUT>      [java] excluding code generation for non-included QName:{uri:iso.org:21090}CS[0,unbounded]
OUT>      [java] excluding code generation for non-included QName:{uri:iso.org:21090}HIST_TS
OUT>      [java] excluding code generation for non-included QName:{uri:iso.org:21090}UVP_TS.Date[0,unbounded]
OUT>      [java] excluding code generation for non-included QName:{uri:iso.org:21090}NPPD_TEL.Email
OUT>      [java] excluding code generation for non-included QName:{gme://caCORE.caCORE/3.2/gov.nih.nci.cacoresdk.domain.other.datatype}ScDataType
OUT>      [java] excluding code generation for non-included QName:{uri:iso.org:21090}SC[0,unbounded]
OUT>      [java] excluding code generation for non-included QName:{http://CQL.caBIG/2/org.cagrid.cql2.results}TargetAttribute
OUT>      [java] excluding code generation for non-included QName:{gme://caGrid.caBIG/1.0/gov.nih.nci.cagrid.metadata.security}protectionLevelType
OUT>      [java] excluding code generation for non-included QName:{uri:iso.org:21090}HIST_TEL.Person
OUT>      [java] excluding code generation for non-included QName:{uri:iso.org:21090}>tr
OUT>      [java] excluding code generation for non-included QName:{uri:iso.org:21090}INT.Positive
OUT>      [java] excluding code generation for non-included QName:{uri:iso.org:21090}>th
OUT>      [java] excluding code generation for non-included QName:{uri:iso.org:21090}II
OUT>      [java] excluding code generation for non-included QName:{uri:iso.org:21090}CD.CE
OUT>      [java] excluding code generation for non-included QName:{uri:iso.org:21090}QSP_TS.Date
OUT>      [java] excluding code generation for non-included QName:{uri:iso.org:21090}HIST_SC
OUT>      [java] excluding code generation for non-included QName:{uri:iso.org:21090}LIST_ED.Doc.Ref
OUT>      [java] excluding code generation for non-included QName:{uri:iso.org:21090}DSET_ST.NT
OUT>      [java] excluding code generation for non-included QName:{uri:iso.org:21090}TS.DateTime[0,0]
OUT>      [java] excluding code generation for non-included QName:{uri:iso.org:21090}HIST_TEL.Phone
OUT>      [java] excluding code generation for non-included QName:{uri:iso.org:21090}>td
OUT>      [java] excluding code generation for non-included QName:{gme://caCORE.caCORE/3.2/gov.nih.nci.cacoresdk.domain.other.datatype}TelPersonDataType
OUT>      [java] excluding code generation for non-included QName:{uri:iso.org:21090}DSET_EN
OUT>      [java] excluding code generation for non-included QName:{gme://caGrid.caBIG/1.0/gov.nih.nci.cagrid.metadata.service}Fault
OUT>      [java] excluding code generation for non-included QName:{uri:iso.org:21090}HIST_ST
OUT>      [java] excluding code generation for non-included QName:{uri:iso.org:21090}DSET_PQ.Time
OUT>      [java] excluding code generation for non-included QName:{http://CQL.caBIG/2/org.cagrid.cql2}GroupLogicalOperator
OUT>      [java] excluding code generation for non-included QName:{uri:iso.org:21090}DSET_ED
OUT>      [java] excluding code generation for non-included QName:{uri:iso.org:21090}QSD_TS.Birth
OUT>      [java] excluding code generation for non-included QName:{gme://caCORE.caCORE/3.2/gov.nih.nci.cacoresdk.domain.other.levelassociation}Deck
OUT>      [java] excluding code generation for non-included QName:{gme://caCORE.caCORE/3.2/gov.nih.nci.cacoresdk.domain.onetomany.unidirectional}>KeyChain>keyCollection
OUT>      [java] excluding code generation for non-included QName:{uri:iso.org:21090}>colgroup
OUT>      [java] LOOKING AT METHOD: GetMultipleResourceProperties
OUT>      [java] LOOKING AT METHOD: GetResourceProperty
OUT>      [java] LOOKING AT METHOD: QueryResourceProperties
OUT>      [java] LOOKING AT METHOD: getServiceSecurityMetadata
OUT>      [java] LOOKING AT METHOD: query
OUT>      [java] LOOKING AT METHOD: executeQuery
OUT>      [java] Synchronizing the base files
OUT>      [java] Synchronizing the services
OUT>      [java] Found a method for addition: GetMultipleResourceProperties
OUT>      [java] Found a method for addition: GetResourceProperty
OUT>      [java] Found a method for addition: QueryResourceProperties
OUT>      [java] Found a method for addition: query
OUT>      [java] Found a method for addition: executeQuery
OUT>      [java] Synchronizing the type mappings
OUT>      [java] Synchronizing the service properties
OUT>      [java] Synchronizing with post processing extensions
OUT>      [java] Service is a data service.
OUT>      [java] Loading configuration for Portal Configuration from /Users/ervin/.cagrid/grape/introducePortal-conf.xml
OUT>      [java] Loading configuration for Service Creation Defaults from /Users/ervin/.cagrid/grape/introduceServiceDefaults-conf.xml
OUT>      [java] Loading configuration for Global Extension Properties from /Users/ervin/.cagrid/grape/introduceGlobalExtensionProperties-conf.xml
OUT>      [java] Modifying eclipse .classpath file
OUT>      [java] Adding libraries to classpath file:
OUT>      [java] Model information / domain model found in service model.
OUT>      [java] Generating class to qname mapping from the information
OUT>      [java] stored in the service model
OUT>      [java] Modifying eclipse .classpath file
OUT>      [java] Adding libraries to classpath file:
OUT>      [java] Model information / domain model found in service model.
OUT>      [java] Generating class to qname mapping from the information
OUT>      [java] stored in the service model
OUT>      [java] Adding CQL 2 types mapping to wsdd /var/folders/M2/M2eLa4tFElelS2p09b6x7U+++TI/-Tmp-/TestSDK44WithIsoTypesStyleDataService_1316803733626/server-config.wsdd
OUT>      [java] Reading CQL 2 types mapping from packaged wsdd
OUT>      [java] Adding types mapping text:
OUT>      [java] 
OUT>      [java] <!-- START CQL 2 TYPE MAPPINGS -->
OUT>      [java]   <ns3:typeMapping xmlns:ns3="http://xml.apache.org/axis/wsdd/" xmlns:ns1="http://xml.apache.org/axis/wsdd/providers/java" xmlns:ns2="http://CQL.caBIG/2/org.cagrid.cql2" encodingStyle="" serializer="org.cagrid.cql.utilities.encoding.Cql2SerializerFactory" deserializer="org.cagrid.cql.utilities.encoding.Cql2DeserializerFactory" type="ns1:org.cagrid.cql2.Aggregation" qname="ns2:Aggregation" />
OUT>      [java]   <ns3:typeMapping xmlns:ns3="http://xml.apache.org/axis/wsdd/" xmlns:ns1="http://xml.apache.org/axis/wsdd/providers/java" xmlns:ns2="http://CQL.caBIG/2/org.cagrid.cql2" encodingStyle="" serializer="org.cagrid.cql.utilities.encoding.Cql2SerializerFactory" deserializer="org.cagrid.cql.utilities.encoding.Cql2DeserializerFactory" type="ns1:org.cagrid.cql2.AssociationPopulationSpecification" qname="ns2:AssociationPopulationSpecification" />
OUT>      [java]   <ns3:typeMapping xmlns:ns3="http://xml.apache.org/axis/wsdd/" xmlns:ns1="http://xml.apache.org/axis/wsdd/providers/java" xmlns:ns2="http://CQL.caBIG/2/org.cagrid.cql2" encodingStyle="" serializer="org.cagrid.cql.utilities.encoding.Cql2SerializerFactory" deserializer="org.cagrid.cql.utilities.encoding.Cql2DeserializerFactory" type="ns1:org.cagrid.cql2.AttributeValue" qname="ns2:AttributeValue" />
OUT>      [java]   <ns3:typeMapping xmlns:ns3="http://xml.apache.org/axis/wsdd/" xmlns:ns1="http://xml.apache.org/axis/wsdd/providers/java" xmlns:ns2="http://CQL.caBIG/2/org.cagrid.cql2" encodingStyle="" serializer="org.cagrid.cql.utilities.encoding.Cql2SerializerFactory" deserializer="org.cagrid.cql.utilities.encoding.Cql2DeserializerFactory" type="ns1:org.cagrid.cql2.BinaryPredicate" qname="ns2:BinaryPredicate" />
OUT>      [java]   <ns3:typeMapping xmlns:ns3="http://xml.apache.org/axis/wsdd/" xmlns:ns1="http://xml.apache.org/axis/wsdd/providers/java" xmlns:ns2="http://CQL.caBIG/2/org.cagrid.cql2" encodingStyle="" serializer="org.cagrid.cql.utilities.encoding.Cql2SerializerFactory" deserializer="org.cagrid.cql.utilities.encoding.Cql2DeserializerFactory" type="ns1:org.cagrid.cql2.CQLAssociatedObject" qname="ns2:CQLAssociatedObject" />
OUT>      [java]   <ns3:typeMapping xmlns:ns3="http://xml.apache.org/axis/wsdd/" xmlns:ns1="http://xml.apache.org/axis/wsdd/providers/java" xmlns:ns2="http://CQL.caBIG/2/org.cagrid.cql2" encodingStyle="" serializer="org.cagrid.cql.utilities.encoding.Cql2SerializerFactory" deserializer="org.cagrid.cql.utilities.encoding.Cql2DeserializerFactory" type="ns1:org.cagrid.cql2.CQLAttribute" qname="ns2:CQLAttribute" />
OUT>      [java]   <ns3:typeMapping xmlns:ns3="http://xml.apache.org/axis/wsdd/" xmlns:ns1="http://xml.apache.org/axis/wsdd/providers/java" xmlns:ns2="http://CQL.caBIG/2/org.cagrid.cql2" encodingStyle="" serializer="org.cagrid.cql.utilities.encoding.Cql2SerializerFactory" deserializer="org.cagrid.cql.utilities.encoding.Cql2DeserializerFactory" type="ns1:org.cagrid.cql2.CQLExtension" qname="ns2:CQLExtension" />
OUT>      [java]   <ns3:typeMapping xmlns:ns3="http://xml.apache.org/axis/wsdd/" xmlns:ns1="http://xml.apache.org/axis/wsdd/providers/java" xmlns:ns2="http://CQL.caBIG/2/org.cagrid.cql2" encodingStyle="" serializer="org.cagrid.cql.utilities.encoding.Cql2SerializerFactory" deserializer="org.cagrid.cql.utilities.encoding.Cql2DeserializerFactory" type="ns1:org.cagrid.cql2.CQLGroup" qname="ns2:CQLGroup" />
OUT>      [java]   <ns3:typeMapping xmlns:ns3="http://xml.apache.org/axis/wsdd/" xmlns:ns1="http://xml.apache.org/axis/wsdd/providers/java" xmlns:ns2="http://CQL.caBIG/2/org.cagrid.cql2" encodingStyle="" serializer="org.cagrid.cql.utilities.encoding.Cql2SerializerFactory" deserializer="org.cagrid.cql.utilities.encoding.Cql2DeserializerFactory" type="ns1:org.cagrid.cql2.CQLObject" qname="ns2:CQLObject" />
OUT>      [java]   <ns3:typeMapping xmlns:ns3="http://xml.apache.org/axis/wsdd/" xmlns:ns1="http://xml.apache.org/axis/wsdd/providers/java" xmlns:ns2="http://CQL.caBIG/2/org.cagrid.cql2" encodingStyle="" serializer="org.cagrid.cql.utilities.encoding.Cql2SerializerFactory" deserializer="org.cagrid.cql.utilities.encoding.Cql2DeserializerFactory" type="ns1:org.cagrid.cql2.CQLQuery" qname="ns2:CQLQuery" />
OUT>      [java]   <ns3:typeMapping xmlns:ns3="http://xml.apache.org/axis/wsdd/" xmlns:ns1="http://xml.apache.org/axis/wsdd/providers/java" xmlns:ns2="http://CQL.caBIG/2/org.cagrid.cql2" encodingStyle="" serializer="org.cagrid.cql.utilities.encoding.Cql2SerializerFactory" deserializer="org.cagrid.cql.utilities.encoding.Cql2DeserializerFactory" type="ns1:org.cagrid.cql2.CQLQueryModifier" qname="ns2:CQLQueryModifier" />
OUT>      [java]   <ns3:typeMapping xmlns:ns3="http://xml.apache.org/axis/wsdd/" xmlns:ns1="http://xml.apache.org/axis/wsdd/providers/java" xmlns:ns2="http://CQL.caBIG/2/org.cagrid.cql2" encodingStyle="" serializer="org.cagrid.cql.utilities.encoding.Cql2SerializerFactory" deserializer="org.cagrid.cql.utilities.encoding.Cql2DeserializerFactory" type="ns1:org.cagrid.cql2.CQLTargetObject" qname="ns2:CQLTargetObject" />
OUT>      [java]   <ns3:typeMapping xmlns:ns3="http://xml.apache.org/axis/wsdd/" xmlns:ns1="http://xml.apache.org/axis/wsdd/providers/java" xmlns:ns2="http://CQL.caBIG/2/org.cagrid.cql2" encodingStyle="" serializer="org.cagrid.cql.utilities.encoding.Cql2SerializerFactory" deserializer="org.cagrid.cql.utilities.encoding.Cql2DeserializerFactory" type="ns1:org.cagrid.cql2.DistinctAttribute" qname="ns2:DistinctAttribute" />
OUT>      [java]   <ns3:typeMapping xmlns:ns3="http://xml.apache.org/axis/wsdd/" xmlns:ns1="http://xml.apache.org/axis/wsdd/providers/java" xmlns:ns2="http://CQL.caBIG/2/org.cagrid.cql2" encodingStyle="" serializer="org.cagrid.cql.utilities.encoding.Cql2SerializerFactory" deserializer="org.cagrid.cql.utilities.encoding.Cql2DeserializerFactory" type="ns1:org.cagrid.cql2.GroupLogicalOperator" qname="ns2:GroupLogicalOperator" />
OUT>      [java]   <ns3:typeMapping xmlns:ns3="http://xml.apache.org/axis/wsdd/" xmlns:ns1="http://xml.apache.org/axis/wsdd/providers/java" xmlns:ns2="http://CQL.caBIG/2/org.cagrid.cql2" encodingStyle="" serializer="org.cagrid.cql.utilities.encoding.Cql2SerializerFactory" deserializer="org.cagrid.cql.utilities.encoding.Cql2DeserializerFactory" type="ns1:org.cagrid.cql2.NamedAssociation" qname="ns2:NamedAssociation" />
OUT>      [java]   <ns3:typeMapping xmlns:ns3="http://xml.apache.org/axis/wsdd/" xmlns:ns1="http://xml.apache.org/axis/wsdd/providers/java" xmlns:ns2="http://CQL.caBIG/2/org.cagrid.cql2" encodingStyle="" serializer="org.cagrid.cql.utilities.encoding.Cql2SerializerFactory" deserializer="org.cagrid.cql.utilities.encoding.Cql2DeserializerFactory" type="ns1:org.cagrid.cql2.NamedAssociationList" qname="ns2:NamedAssociationList" />
OUT>      [java]   <ns3:typeMapping xmlns:ns3="http://xml.apache.org/axis/wsdd/" xmlns:ns1="http://xml.apache.org/axis/wsdd/providers/java" xmlns:ns2="http://CQL.caBIG/2/org.cagrid.cql2" encodingStyle="" serializer="org.cagrid.cql.utilities.encoding.Cql2SerializerFactory" deserializer="org.cagrid.cql.utilities.encoding.Cql2DeserializerFactory" type="ns1:org.cagrid.cql2.NamedAttribute" qname="ns2:NamedAttribute" />
OUT>      [java]   <ns3:typeMapping xmlns:ns3="http://xml.apache.org/axis/wsdd/" xmlns:ns1="http://xml.apache.org/axis/wsdd/providers/java" xmlns:ns2="http://CQL.caBIG/2/org.cagrid.cql2" encodingStyle="" serializer="org.cagrid.cql.utilities.encoding.Cql2SerializerFactory" deserializer="org.cagrid.cql.utilities.encoding.Cql2DeserializerFactory" type="ns1:org.cagrid.cql2.PopulationDepth" qname="ns2:PopulationDepth" />
OUT>      [java]   <ns3:typeMapping xmlns:ns3="http://xml.apache.org/axis/wsdd/" xmlns:ns1="http://xml.apache.org/axis/wsdd/providers/java" xmlns:ns2="http://CQL.caBIG/2/org.cagrid.cql2" encodingStyle="" serializer="org.cagrid.cql.utilities.encoding.Cql2SerializerFactory" deserializer="org.cagrid.cql.utilities.encoding.Cql2DeserializerFactory" type="ns1:org.cagrid.cql2.UnaryPredicate" qname="ns2:UnaryPredicate" />
OUT>      [java]   <!-- CQL 2 results -->
OUT>      [java]   <ns3:typeMapping xmlns:ns3="http://xml.apache.org/axis/wsdd/" xmlns:ns1="http://xml.apache.org/axis/wsdd/providers/java" xmlns:ns2="http://CQL.caBIG/2/org.cagrid.cql2.results" encodingStyle="" serializer="org.cagrid.cql.utilities.encoding.Cql2SerializerFactory" deserializer="org.cagrid.cql.utilities.encoding.Cql2DeserializerFactory" type="ns1:org.cagrid.cql2.results.CQLAggregateResult" qname="ns2:CQLAggregateResult" />
OUT>      [java]   <ns3:typeMapping xmlns:ns3="http://xml.apache.org/axis/wsdd/" xmlns:ns1="http://xml.apache.org/axis/wsdd/providers/java" xmlns:ns2="http://CQL.caBIG/2/org.cagrid.cql2.results" encodingStyle="" serializer="org.cagrid.cql.utilities.encoding.Cql2SerializerFactory" deserializer="org.cagrid.cql.utilities.encoding.Cql2DeserializerFactory" type="ns1:org.cagrid.cql2.results.CQLAttributeResult" qname="ns2:CQLAttributeResult" />
OUT>      [java]   <ns3:typeMapping xmlns:ns3="http://xml.apache.org/axis/wsdd/" xmlns:ns1="http://xml.apache.org/axis/wsdd/providers/java" xmlns:ns2="http://CQL.caBIG/2/org.cagrid.cql2.results" encodingStyle="" serializer="org.cagrid.cql.utilities.encoding.Cql2SerializerFactory" deserializer="org.cagrid.cql.utilities.encoding.Cql2DeserializerFactory" type="ns1:org.cagrid.cql2.results.CQLObjectResult" qname="ns2:CQLObjectResult" />
OUT>      [java]   <ns3:typeMapping xmlns:ns3="http://xml.apache.org/axis/wsdd/" xmlns:ns1="http://xml.apache.org/axis/wsdd/providers/java" xmlns:ns2="http://CQL.caBIG/2/org.cagrid.cql2.results" encodingStyle="" serializer="org.cagrid.cql.utilities.encoding.Cql2SerializerFactory" deserializer="org.cagrid.cql.utilities.encoding.Cql2DeserializerFactory" type="ns1:org.cagrid.cql2.results.CQLQueryResults" qname="ns2:CQLQueryResults" />
OUT>      [java]   <ns3:typeMapping xmlns:ns3="http://xml.apache.org/axis/wsdd/" xmlns:ns1="http://xml.apache.org/axis/wsdd/providers/java" xmlns:ns2="http://CQL.caBIG/2/org.cagrid.cql2.results" encodingStyle="" serializer="org.cagrid.cql.utilities.encoding.Cql2SerializerFactory" deserializer="org.cagrid.cql.utilities.encoding.Cql2DeserializerFactory" type="ns1:org.cagrid.cql2.results.CQLResult" qname="ns2:CQLResult" />
OUT>      [java]   <ns3:typeMapping xmlns:ns3="http://xml.apache.org/axis/wsdd/" xmlns:ns1="http://xml.apache.org/axis/wsdd/providers/java" xmlns:ns2="http://CQL.caBIG/2/org.cagrid.cql2.results" encodingStyle="" serializer="org.cagrid.cql.utilities.encoding.Cql2SerializerFactory" deserializer="org.cagrid.cql.utilities.encoding.Cql2DeserializerFactory" type="ns1:org.cagrid.cql2.results.ExtendedCQLResult" qname="ns2:ExtendedCQLResult" />
OUT>      [java]   <ns3:typeMapping xmlns:ns3="http://xml.apache.org/axis/wsdd/" xmlns:ns1="http://xml.apache.org/axis/wsdd/providers/java" xmlns:ns2="http://CQL.caBIG/2/org.cagrid.cql2.results" encodingStyle="" serializer="org.cagrid.cql.utilities.encoding.Cql2SerializerFactory" deserializer="org.cagrid.cql.utilities.encoding.Cql2DeserializerFactory" type="ns1:org.cagrid.cql2.results.TargetAttribute" qname="ns2:TargetAttribute" />
OUT>      [java]   <!-- END CQL 2 TYPE MAPPINGS -->
OUT>      [java] Adding CQL 2 types mapping to wsdd /var/folders/M2/M2eLa4tFElelS2p09b6x7U+++TI/-Tmp-/TestSDK44WithIsoTypesStyleDataService_1316803733626/src/org/cagrid/sdkquery44/test/client/client-config.wsdd
OUT>      [java] Reading CQL 2 types mapping from packaged wsdd
OUT>      [java] Adding types mapping text:
OUT>      [java] 
OUT>      [java] <!-- START CQL 2 TYPE MAPPINGS -->
OUT>      [java]   <ns3:typeMapping xmlns:ns3="http://xml.apache.org/axis/wsdd/" xmlns:ns1="http://xml.apache.org/axis/wsdd/providers/java" xmlns:ns2="http://CQL.caBIG/2/org.cagrid.cql2" encodingStyle="" serializer="org.cagrid.cql.utilities.encoding.Cql2SerializerFactory" deserializer="org.cagrid.cql.utilities.encoding.Cql2DeserializerFactory" type="ns1:org.cagrid.cql2.Aggregation" qname="ns2:Aggregation" />
OUT>      [java]   <ns3:typeMapping xmlns:ns3="http://xml.apache.org/axis/wsdd/" xmlns:ns1="http://xml.apache.org/axis/wsdd/providers/java" xmlns:ns2="http://CQL.caBIG/2/org.cagrid.cql2" encodingStyle="" serializer="org.cagrid.cql.utilities.encoding.Cql2SerializerFactory" deserializer="org.cagrid.cql.utilities.encoding.Cql2DeserializerFactory" type="ns1:org.cagrid.cql2.AssociationPopulationSpecification" qname="ns2:AssociationPopulationSpecification" />
OUT>      [java]   <ns3:typeMapping xmlns:ns3="http://xml.apache.org/axis/wsdd/" xmlns:ns1="http://xml.apache.org/axis/wsdd/providers/java" xmlns:ns2="http://CQL.caBIG/2/org.cagrid.cql2" encodingStyle="" serializer="org.cagrid.cql.utilities.encoding.Cql2SerializerFactory" deserializer="org.cagrid.cql.utilities.encoding.Cql2DeserializerFactory" type="ns1:org.cagrid.cql2.AttributeValue" qname="ns2:AttributeValue" />
OUT>      [java]   <ns3:typeMapping xmlns:ns3="http://xml.apache.org/axis/wsdd/" xmlns:ns1="http://xml.apache.org/axis/wsdd/providers/java" xmlns:ns2="http://CQL.caBIG/2/org.cagrid.cql2" encodingStyle="" serializer="org.cagrid.cql.utilities.encoding.Cql2SerializerFactory" deserializer="org.cagrid.cql.utilities.encoding.Cql2DeserializerFactory" type="ns1:org.cagrid.cql2.BinaryPredicate" qname="ns2:BinaryPredicate" />
OUT>      [java]   <ns3:typeMapping xmlns:ns3="http://xml.apache.org/axis/wsdd/" xmlns:ns1="http://xml.apache.org/axis/wsdd/providers/java" xmlns:ns2="http://CQL.caBIG/2/org.cagrid.cql2" encodingStyle="" serializer="org.cagrid.cql.utilities.encoding.Cql2SerializerFactory" deserializer="org.cagrid.cql.utilities.encoding.Cql2DeserializerFactory" type="ns1:org.cagrid.cql2.CQLAssociatedObject" qname="ns2:CQLAssociatedObject" />
OUT>      [java]   <ns3:typeMapping xmlns:ns3="http://xml.apache.org/axis/wsdd/" xmlns:ns1="http://xml.apache.org/axis/wsdd/providers/java" xmlns:ns2="http://CQL.caBIG/2/org.cagrid.cql2" encodingStyle="" serializer="org.cagrid.cql.utilities.encoding.Cql2SerializerFactory" deserializer="org.cagrid.cql.utilities.encoding.Cql2DeserializerFactory" type="ns1:org.cagrid.cql2.CQLAttribute" qname="ns2:CQLAttribute" />
OUT>      [java]   <ns3:typeMapping xmlns:ns3="http://xml.apache.org/axis/wsdd/" xmlns:ns1="http://xml.apache.org/axis/wsdd/providers/java" xmlns:ns2="http://CQL.caBIG/2/org.cagrid.cql2" encodingStyle="" serializer="org.cagrid.cql.utilities.encoding.Cql2SerializerFactory" deserializer="org.cagrid.cql.utilities.encoding.Cql2DeserializerFactory" type="ns1:org.cagrid.cql2.CQLExtension" qname="ns2:CQLExtension" />
OUT>      [java]   <ns3:typeMapping xmlns:ns3="http://xml.apache.org/axis/wsdd/" xmlns:ns1="http://xml.apache.org/axis/wsdd/providers/java" xmlns:ns2="http://CQL.caBIG/2/org.cagrid.cql2" encodingStyle="" serializer="org.cagrid.cql.utilities.encoding.Cql2SerializerFactory" deserializer="org.cagrid.cql.utilities.encoding.Cql2DeserializerFactory" type="ns1:org.cagrid.cql2.CQLGroup" qname="ns2:CQLGroup" />
OUT>      [java]   <ns3:typeMapping xmlns:ns3="http://xml.apache.org/axis/wsdd/" xmlns:ns1="http://xml.apache.org/axis/wsdd/providers/java" xmlns:ns2="http://CQL.caBIG/2/org.cagrid.cql2" encodingStyle="" serializer="org.cagrid.cql.utilities.encoding.Cql2SerializerFactory" deserializer="org.cagrid.cql.utilities.encoding.Cql2DeserializerFactory" type="ns1:org.cagrid.cql2.CQLObject" qname="ns2:CQLObject" />
OUT>      [java]   <ns3:typeMapping xmlns:ns3="http://xml.apache.org/axis/wsdd/" xmlns:ns1="http://xml.apache.org/axis/wsdd/providers/java" xmlns:ns2="http://CQL.caBIG/2/org.cagrid.cql2" encodingStyle="" serializer="org.cagrid.cql.utilities.encoding.Cql2SerializerFactory" deserializer="org.cagrid.cql.utilities.encoding.Cql2DeserializerFactory" type="ns1:org.cagrid.cql2.CQLQuery" qname="ns2:CQLQuery" />
OUT>      [java]   <ns3:typeMapping xmlns:ns3="http://xml.apache.org/axis/wsdd/" xmlns:ns1="http://xml.apache.org/axis/wsdd/providers/java" xmlns:ns2="http://CQL.caBIG/2/org.cagrid.cql2" encodingStyle="" serializer="org.cagrid.cql.utilities.encoding.Cql2SerializerFactory" deserializer="org.cagrid.cql.utilities.encoding.Cql2DeserializerFactory" type="ns1:org.cagrid.cql2.CQLQueryModifier" qname="ns2:CQLQueryModifier" />
OUT>      [java]   <ns3:typeMapping xmlns:ns3="http://xml.apache.org/axis/wsdd/" xmlns:ns1="http://xml.apache.org/axis/wsdd/providers/java" xmlns:ns2="http://CQL.caBIG/2/org.cagrid.cql2" encodingStyle="" serializer="org.cagrid.cql.utilities.encoding.Cql2SerializerFactory" deserializer="org.cagrid.cql.utilities.encoding.Cql2DeserializerFactory" type="ns1:org.cagrid.cql2.CQLTargetObject" qname="ns2:CQLTargetObject" />
OUT>      [java]   <ns3:typeMapping xmlns:ns3="http://xml.apache.org/axis/wsdd/" xmlns:ns1="http://xml.apache.org/axis/wsdd/providers/java" xmlns:ns2="http://CQL.caBIG/2/org.cagrid.cql2" encodingStyle="" serializer="org.cagrid.cql.utilities.encoding.Cql2SerializerFactory" deserializer="org.cagrid.cql.utilities.encoding.Cql2DeserializerFactory" type="ns1:org.cagrid.cql2.DistinctAttribute" qname="ns2:DistinctAttribute" />
OUT>      [java]   <ns3:typeMapping xmlns:ns3="http://xml.apache.org/axis/wsdd/" xmlns:ns1="http://xml.apache.org/axis/wsdd/providers/java" xmlns:ns2="http://CQL.caBIG/2/org.cagrid.cql2" encodingStyle="" serializer="org.cagrid.cql.utilities.encoding.Cql2SerializerFactory" deserializer="org.cagrid.cql.utilities.encoding.Cql2DeserializerFactory" type="ns1:org.cagrid.cql2.GroupLogicalOperator" qname="ns2:GroupLogicalOperator" />
OUT>      [java]   <ns3:typeMapping xmlns:ns3="http://xml.apache.org/axis/wsdd/" xmlns:ns1="http://xml.apache.org/axis/wsdd/providers/java" xmlns:ns2="http://CQL.caBIG/2/org.cagrid.cql2" encodingStyle="" serializer="org.cagrid.cql.utilities.encoding.Cql2SerializerFactory" deserializer="org.cagrid.cql.utilities.encoding.Cql2DeserializerFactory" type="ns1:org.cagrid.cql2.NamedAssociation" qname="ns2:NamedAssociation" />
OUT>      [java]   <ns3:typeMapping xmlns:ns3="http://xml.apache.org/axis/wsdd/" xmlns:ns1="http://xml.apache.org/axis/wsdd/providers/java" xmlns:ns2="http://CQL.caBIG/2/org.cagrid.cql2" encodingStyle="" serializer="org.cagrid.cql.utilities.encoding.Cql2SerializerFactory" deserializer="org.cagrid.cql.utilities.encoding.Cql2DeserializerFactory" type="ns1:org.cagrid.cql2.NamedAssociationList" qname="ns2:NamedAssociationList" />
OUT>      [java]   <ns3:typeMapping xmlns:ns3="http://xml.apache.org/axis/wsdd/" xmlns:ns1="http://xml.apache.org/axis/wsdd/providers/java" xmlns:ns2="http://CQL.caBIG/2/org.cagrid.cql2" encodingStyle="" serializer="org.cagrid.cql.utilities.encoding.Cql2SerializerFactory" deserializer="org.cagrid.cql.utilities.encoding.Cql2DeserializerFactory" type="ns1:org.cagrid.cql2.NamedAttribute" qname="ns2:NamedAttribute" />
OUT>      [java]   <ns3:typeMapping xmlns:ns3="http://xml.apache.org/axis/wsdd/" xmlns:ns1="http://xml.apache.org/axis/wsdd/providers/java" xmlns:ns2="http://CQL.caBIG/2/org.cagrid.cql2" encodingStyle="" serializer="org.cagrid.cql.utilities.encoding.Cql2SerializerFactory" deserializer="org.cagrid.cql.utilities.encoding.Cql2DeserializerFactory" type="ns1:org.cagrid.cql2.PopulationDepth" qname="ns2:PopulationDepth" />
OUT>      [java]   <ns3:typeMapping xmlns:ns3="http://xml.apache.org/axis/wsdd/" xmlns:ns1="http://xml.apache.org/axis/wsdd/providers/java" xmlns:ns2="http://CQL.caBIG/2/org.cagrid.cql2" encodingStyle="" serializer="org.cagrid.cql.utilities.encoding.Cql2SerializerFactory" deserializer="org.cagrid.cql.utilities.encoding.Cql2DeserializerFactory" type="ns1:org.cagrid.cql2.UnaryPredicate" qname="ns2:UnaryPredicate" />
OUT>      [java]   <!-- CQL 2 results -->
OUT>      [java]   <ns3:typeMapping xmlns:ns3="http://xml.apache.org/axis/wsdd/" xmlns:ns1="http://xml.apache.org/axis/wsdd/providers/java" xmlns:ns2="http://CQL.caBIG/2/org.cagrid.cql2.results" encodingStyle="" serializer="org.cagrid.cql.utilities.encoding.Cql2SerializerFactory" deserializer="org.cagrid.cql.utilities.encoding.Cql2DeserializerFactory" type="ns1:org.cagrid.cql2.results.CQLAggregateResult" qname="ns2:CQLAggregateResult" />
OUT>      [java]   <ns3:typeMapping xmlns:ns3="http://xml.apache.org/axis/wsdd/" xmlns:ns1="http://xml.apache.org/axis/wsdd/providers/java" xmlns:ns2="http://CQL.caBIG/2/org.cagrid.cql2.results" encodingStyle="" serializer="org.cagrid.cql.utilities.encoding.Cql2SerializerFactory" deserializer="org.cagrid.cql.utilities.encoding.Cql2DeserializerFactory" type="ns1:org.cagrid.cql2.results.CQLAttributeResult" qname="ns2:CQLAttributeResult" />
OUT>      [java]   <ns3:typeMapping xmlns:ns3="http://xml.apache.org/axis/wsdd/" xmlns:ns1="http://xml.apache.org/axis/wsdd/providers/java" xmlns:ns2="http://CQL.caBIG/2/org.cagrid.cql2.results" encodingStyle="" serializer="org.cagrid.cql.utilities.encoding.Cql2SerializerFactory" deserializer="org.cagrid.cql.utilities.encoding.Cql2DeserializerFactory" type="ns1:org.cagrid.cql2.results.CQLObjectResult" qname="ns2:CQLObjectResult" />
OUT>      [java]   <ns3:typeMapping xmlns:ns3="http://xml.apache.org/axis/wsdd/" xmlns:ns1="http://xml.apache.org/axis/wsdd/providers/java" xmlns:ns2="http://CQL.caBIG/2/org.cagrid.cql2.results" encodingStyle="" serializer="org.cagrid.cql.utilities.encoding.Cql2SerializerFactory" deserializer="org.cagrid.cql.utilities.encoding.Cql2DeserializerFactory" type="ns1:org.cagrid.cql2.results.CQLQueryResults" qname="ns2:CQLQueryResults" />
OUT>      [java]   <ns3:typeMapping xmlns:ns3="http://xml.apache.org/axis/wsdd/" xmlns:ns1="http://xml.apache.org/axis/wsdd/providers/java" xmlns:ns2="http://CQL.caBIG/2/org.cagrid.cql2.results" encodingStyle="" serializer="org.cagrid.cql.utilities.encoding.Cql2SerializerFactory" deserializer="org.cagrid.cql.utilities.encoding.Cql2DeserializerFactory" type="ns1:org.cagrid.cql2.results.CQLResult" qname="ns2:CQLResult" />
OUT>      [java]   <ns3:typeMapping xmlns:ns3="http://xml.apache.org/axis/wsdd/" xmlns:ns1="http://xml.apache.org/axis/wsdd/providers/java" xmlns:ns2="http://CQL.caBIG/2/org.cagrid.cql2.results" encodingStyle="" serializer="org.cagrid.cql.utilities.encoding.Cql2SerializerFactory" deserializer="org.cagrid.cql.utilities.encoding.Cql2DeserializerFactory" type="ns1:org.cagrid.cql2.results.ExtendedCQLResult" qname="ns2:ExtendedCQLResult" />
OUT>      [java]   <ns3:typeMapping xmlns:ns3="http://xml.apache.org/axis/wsdd/" xmlns:ns1="http://xml.apache.org/axis/wsdd/providers/java" xmlns:ns2="http://CQL.caBIG/2/org.cagrid.cql2.results" encodingStyle="" serializer="org.cagrid.cql.utilities.encoding.Cql2SerializerFactory" deserializer="org.cagrid.cql.utilities.encoding.Cql2DeserializerFactory" type="ns1:org.cagrid.cql2.results.TargetAttribute" qname="ns2:TargetAttribute" />
OUT>      [java]   <!-- END CQL 2 TYPE MAPPINGS -->
OUT> 
OUT> BUILD SUCCESSFUL
OUT> Total time: 18 seconds
OUT> Buildfile: /var/folders/M2/M2eLa4tFElelS2p09b6x7U+++TI/-Tmp-/TestSDK44WithIsoTypesStyleDataService_1316803733626/build.xml
OUT> 
OUT> checkContribTasksDefined:
OUT> 
OUT> defineContribTasks:
OUT> 
OUT> clean:
OUT> 
OUT> preClean:
OUT>    [delete] Deleting directory /var/folders/M2/M2eLa4tFElelS2p09b6x7U+++TI/-Tmp-/TestSDK44WithIsoTypesStyleDataService_1316803733626/build
OUT> 
OUT> postClean:
OUT> 
OUT> checkContribTasksDefined:
OUT> 
OUT> defineContribTasks:
OUT> 
OUT> setGlobus:
OUT> 
OUT> checkGlobus:
OUT>      [echo] Globus: /Users/ervin/Installs/globus/ws-core-4.0.3-sha2/
OUT> 
OUT> defineClasspaths:
OUT> 
OUT> defineExtendedClasspaths:
OUT> 
OUT> init:
OUT> 
OUT> preInit:
OUT>     [mkdir] Created dir: /var/folders/M2/M2eLa4tFElelS2p09b6x7U+++TI/-Tmp-/TestSDK44WithIsoTypesStyleDataService_1316803733626/build
OUT>     [mkdir] Created dir: /var/folders/M2/M2eLa4tFElelS2p09b6x7U+++TI/-Tmp-/TestSDK44WithIsoTypesStyleDataService_1316803733626/build/classes
OUT>     [mkdir] Created dir: /var/folders/M2/M2eLa4tFElelS2p09b6x7U+++TI/-Tmp-/TestSDK44WithIsoTypesStyleDataService_1316803733626/build/test/classes
OUT>     [mkdir] Created dir: /var/folders/M2/M2eLa4tFElelS2p09b6x7U+++TI/-Tmp-/TestSDK44WithIsoTypesStyleDataService_1316803733626/build/lib
OUT>     [mkdir] Created dir: /var/folders/M2/M2eLa4tFElelS2p09b6x7U+++TI/-Tmp-/TestSDK44WithIsoTypesStyleDataService_1316803733626/build/stubs-TestSDK44WithIsoTypesStyleDataService
OUT>     [mkdir] Created dir: /var/folders/M2/M2eLa4tFElelS2p09b6x7U+++TI/-Tmp-/TestSDK44WithIsoTypesStyleDataService_1316803733626/build/stubs-TestSDK44WithIsoTypesStyleDataService/src
OUT>     [mkdir] Created dir: /var/folders/M2/M2eLa4tFElelS2p09b6x7U+++TI/-Tmp-/TestSDK44WithIsoTypesStyleDataService_1316803733626/build/stubs-TestSDK44WithIsoTypesStyleDataService/classes
OUT>     [mkdir] Created dir: /var/folders/M2/M2eLa4tFElelS2p09b6x7U+++TI/-Tmp-/TestSDK44WithIsoTypesStyleDataService_1316803733626/build/schema
OUT>      [copy] Copying 101 files to /var/folders/M2/M2eLa4tFElelS2p09b6x7U+++TI/-Tmp-/TestSDK44WithIsoTypesStyleDataService_1316803733626/build/schema
OUT> 
OUT> postInit:
OUT> 
OUT> stubs:
OUT> 
OUT> preStubs:
OUT>      [echo] Generating stubs for TestSDK44WithIsoTypesStyleDataService.
OUT> 
OUT> checkContribTasksDefined:
OUT> 
OUT> defineContribTasks:
OUT> 
OUT> setGlobus:
OUT> 
OUT> checkGlobus:
OUT>      [echo] Globus: /Users/ervin/Installs/globus/ws-core-4.0.3-sha2/
OUT> 
OUT> defineClasspaths:
OUT> 
OUT> defineExtendedClasspaths:
OUT> 
OUT> init:
OUT> 
OUT> preInit:
OUT> 
OUT> postInit:
OUT> 
OUT> serviceGenerateBindings:
OUT> 
OUT> bindingUptodate:
OUT> 
OUT> generateBinding:
OUT>      [echo] Generating bindings for TestSDK44WithIsoTypesStyleDataService.wsdl
OUT> 
OUT> merge:
OUT> 
OUT> mergePackageMapping:
OUT>      [echo] Merging /var/folders/M2/M2eLa4tFElelS2p09b6x7U+++TI/-Tmp-/TestSDK44WithIsoTypesStyleDataService_1316803733626/namespace2package.mappings
OUT> 
OUT> serviceStubs:
OUT> 
OUT> generateStubs:
OUT>      [echo]  Generating stubs from TestSDK44WithIsoTypesStyleDataService_service.wsdl
OUT>      [java] [main] WARN  utils.JavaUtils  - Unable to find required classes (javax.activation.DataHandler and javax.mail.internet.MimeMultipart). Attachment support is disabled.
OUT>      [java] {http://schemas.xmlsoap.org/ws/2004/03/addressing}Action already exists
OUT>      [java] {uri:iso.org:21090}Narrative already exists
OUT>      [java] {uri:iso.org:21090}text already exists
OUT>      [java] {uri:iso.org:21090}br already exists
OUT>      [java] {uri:iso.org:21090}>br already exists
OUT>      [java] {uri:iso.org:21090}caption already exists
OUT>      [java] {uri:iso.org:21090}>caption already exists
OUT>      [java] {uri:iso.org:21090}col already exists
OUT>      [java] {uri:iso.org:21090}>col already exists
OUT>      [java] {uri:iso.org:21090}>>col>align already exists
OUT>      [java] {uri:iso.org:21090}>>col>valign already exists
OUT>      [java] {uri:iso.org:21090}colgroup already exists
OUT>      [java] {uri:iso.org:21090}>colgroup already exists
OUT>      [java] {uri:iso.org:21090}>>colgroup>align already exists
OUT>      [java] {uri:iso.org:21090}>>colgroup>valign already exists
OUT>      [java] {uri:iso.org:21090}content already exists
OUT>      [java] {uri:iso.org:21090}>content already exists
OUT>      [java] {uri:iso.org:21090}>>content>revised already exists
OUT>      [java] {uri:iso.org:21090}footnote already exists
OUT>      [java] {uri:iso.org:21090}>footnote already exists
OUT>      [java] {uri:iso.org:21090}footnoteRef already exists
OUT>      [java] {uri:iso.org:21090}>footnoteRef already exists
OUT>      [java] {uri:iso.org:21090}item already exists
OUT>      [java] {uri:iso.org:21090}>item already exists
OUT>      [java] {uri:iso.org:21090}linkHtml already exists
OUT>      [java] {uri:iso.org:21090}>linkHtml already exists
OUT>      [java] {uri:iso.org:21090}list already exists
OUT>      [java] {uri:iso.org:21090}>list already exists
OUT>      [java] {uri:iso.org:21090}>>list>listType already exists
OUT>      [java] {uri:iso.org:21090}paragraph already exists
OUT>      [java] {uri:iso.org:21090}>paragraph already exists
OUT>      [java] {uri:iso.org:21090}renderMultiMedia already exists
OUT>      [java] {uri:iso.org:21090}>renderMultiMedia already exists
OUT>      [java] {uri:iso.org:21090}sub already exists
OUT>      [java] {uri:iso.org:21090}sup already exists
OUT>      [java] {uri:iso.org:21090}table already exists
OUT>      [java] {uri:iso.org:21090}>table already exists
OUT>      [java] {uri:iso.org:21090}>>table>frame already exists
OUT>      [java] {uri:iso.org:21090}>>table>rules already exists
OUT>      [java] {uri:iso.org:21090}tbody already exists
OUT>      [java] {uri:iso.org:21090}>tbody already exists
OUT>      [java] {uri:iso.org:21090}>>tbody>align already exists
OUT>      [java] {uri:iso.org:21090}>>tbody>valign already exists
OUT>      [java] {uri:iso.org:21090}td already exists
OUT>      [java] {uri:iso.org:21090}>td already exists
OUT>      [java] {uri:iso.org:21090}>>td>scope already exists
OUT>      [java] {uri:iso.org:21090}>>td>align already exists
OUT>      [java] {uri:iso.org:21090}>>td>valign already exists
OUT>      [java] {uri:iso.org:21090}tfoot already exists
OUT>      [java] {uri:iso.org:21090}>tfoot already exists
OUT>      [java] {uri:iso.org:21090}>>tfoot>align already exists
OUT>      [java] {uri:iso.org:21090}>>tfoot>valign already exists
OUT>      [java] {uri:iso.org:21090}th already exists
OUT>      [java] {uri:iso.org:21090}>th already exists
OUT>      [java] {uri:iso.org:21090}>>th>scope already exists
OUT>      [java] {uri:iso.org:21090}>>th>align already exists
OUT>      [java] {uri:iso.org:21090}>>th>valign already exists
OUT>      [java] {uri:iso.org:21090}thead already exists
OUT>      [java] {uri:iso.org:21090}>thead already exists
OUT>      [java] {uri:iso.org:21090}>>thead>align already exists
OUT>      [java] {uri:iso.org:21090}>>thead>valign already exists
OUT>      [java] {uri:iso.org:21090}tr already exists
OUT>      [java] {uri:iso.org:21090}>tr already exists
OUT>      [java] {uri:iso.org:21090}>>tr>align already exists
OUT>      [java] {uri:iso.org:21090}>>tr>valign already exists
OUT>      [java] {uri:iso.org:21090}NullFlavor already exists
OUT>      [java] {uri:iso.org:21090}UpdateMode already exists
OUT>      [java] {uri:iso.org:21090}Compression already exists
OUT>      [java] {uri:iso.org:21090}IntegrityCheckAlgorithm already exists
OUT>      [java] {uri:iso.org:21090}TelecommunicationAddressUse already exists
OUT>      [java] {uri:iso.org:21090}set_TelecommunicationAddressUse already exists
OUT>      [java] {uri:iso.org:21090}IdentifierScope already exists
OUT>      [java] {uri:iso.org:21090}IdentifierReliability already exists
OUT>      [java] {uri:iso.org:21090}AddressPartType already exists
OUT>      [java] {uri:iso.org:21090}PostalAddressUse already exists
OUT>      [java] {uri:iso.org:21090}set_PostalAddressUse already exists
OUT>      [java] {uri:iso.org:21090}EntityNamePartType already exists
OUT>      [java] {uri:iso.org:21090}EntityNamePartQualifier already exists
OUT>      [java] {uri:iso.org:21090}set_EntityNamePartQualifier already exists
OUT>      [java] {uri:iso.org:21090}EntityNameUse already exists
OUT>      [java] {uri:iso.org:21090}set_EntityNameUse already exists
OUT>      [java] {uri:iso.org:21090}CalendarCycle already exists
OUT>      [java] {uri:iso.org:21090}TimingEvent already exists
OUT>      [java] {uri:iso.org:21090}CodingRationale already exists
OUT>      [java] {uri:iso.org:21090}set_CodingRationale already exists
OUT>      [java] {uri:iso.org:21090}UncertaintyType already exists
OUT>      [java] {uri:iso.org:21090}Uid already exists
OUT>      [java] {uri:iso.org:21090}Uri already exists
OUT>      [java] {uri:iso.org:21090}Code already exists
OUT>      [java] {uri:iso.org:21090}BL already exists
OUT>      [java] {uri:iso.org:21090}ANY already exists
OUT>      [java] {uri:iso.org:21090}HXIT already exists
OUT>      [java] {uri:iso.org:21090}BL.NonNull already exists
OUT>      [java] {uri:iso.org:21090}ED already exists
OUT>      [java] {uri:iso.org:21090}TEL already exists
OUT>      [java] {uri:iso.org:21090}URL already exists
OUT>      [java] {uri:iso.org:21090}QSET_TS already exists
OUT>      [java] {uri:iso.org:21090}ED.Text already exists
OUT>      [java] {uri:iso.org:21090}ED.Image already exists
OUT>      [java] {uri:iso.org:21090}ED.Doc already exists
OUT>      [java] {uri:iso.org:21090}ED.Doc.Ref already exists
OUT>      [java] {uri:iso.org:21090}ED.Doc.Inline already exists
OUT>      [java] {uri:iso.org:21090}ED.Signature already exists
OUT>      [java] {uri:iso.org:21090}ED.Narrative already exists
OUT>      [java] {uri:iso.org:21090}ST already exists
OUT>      [java] {uri:iso.org:21090}ST.NT already exists
OUT>      [java] {uri:iso.org:21090}SC already exists
OUT>      [java] {uri:iso.org:21090}CD already exists
OUT>      [java] {uri:iso.org:21090}CR already exists
OUT>      [java] {uri:iso.org:21090}CD.CV already exists
OUT>      [java] {uri:iso.org:21090}CD.CE already exists
OUT>      [java] {uri:iso.org:21090}CDGroup already exists
OUT>      [java] {uri:iso.org:21090}XReference already exists
OUT>      [java] {uri:iso.org:21090}SC.NT already exists
OUT>      [java] {uri:iso.org:21090}TEL.Email already exists
OUT>      [java] {uri:iso.org:21090}TEL.Person already exists
OUT>      [java] {uri:iso.org:21090}TEL.Phone already exists
OUT>      [java] {uri:iso.org:21090}TEL.Url already exists
OUT>      [java] {uri:iso.org:21090}II already exists
OUT>      [java] {uri:iso.org:21090}CD.CE.None already exists
OUT>      [java] {uri:iso.org:21090}CO already exists
OUT>      [java] {uri:iso.org:21090}QTY already exists
OUT>      [java] {uri:iso.org:21090}CS already exists
OUT>      [java] {uri:iso.org:21090}AD already exists
OUT>      [java] {uri:iso.org:21090}ADXP already exists
OUT>      [java] {uri:iso.org:21090}EN already exists
OUT>      [java] {uri:iso.org:21090}ENXP already exists
OUT>      [java] {uri:iso.org:21090}EN.TN already exists
OUT>      [java] {uri:iso.org:21090}EN.PN already exists
OUT>      [java] {uri:iso.org:21090}EN.ON already exists
OUT>      [java] {uri:iso.org:21090}TS already exists
OUT>      [java] {uri:iso.org:21090}TS.Date already exists
OUT>      [java] {uri:iso.org:21090}TS.Date.Full already exists
OUT>      [java] {uri:iso.org:21090}TS.DateTime already exists
OUT>      [java] {uri:iso.org:21090}TS.DateTime.Full already exists
OUT>      [java] {uri:iso.org:21090}TS.Birth already exists
OUT>      [java] {uri:iso.org:21090}RTO already exists
OUT>      [java] {uri:iso.org:21090}MO already exists
OUT>      [java] {uri:iso.org:21090}PQ already exists
OUT>      [java] {uri:iso.org:21090}PQR already exists
OUT>      [java] {uri:iso.org:21090}PQ.Time already exists
OUT>      [java] {uri:iso.org:21090}REAL already exists
OUT>      [java] {uri:iso.org:21090}INT already exists
OUT>      [java] {uri:iso.org:21090}INT.NonNeg already exists
OUT>      [java] {uri:iso.org:21090}INT.Positive already exists
OUT>      [java] {uri:iso.org:21090}DSET_BL already exists
OUT>      [java] {uri:iso.org:21090}COLL_BL already exists
OUT>      [java] {uri:iso.org:21090}DSET_BL.NonNull already exists
OUT>      [java] {uri:iso.org:21090}COLL_BL.NonNull already exists
OUT>      [java] {uri:iso.org:21090}DSET_ED already exists
OUT>      [java] {uri:iso.org:21090}COLL_ED already exists
OUT>      [java] {uri:iso.org:21090}DSET_ED.Image already exists
OUT>      [java] {uri:iso.org:21090}COLL_ED.Image already exists
OUT>      [java] {uri:iso.org:21090}DSET_ED.Text already exists
OUT>      [java] {uri:iso.org:21090}COLL_ED.Text already exists
OUT>      [java] {uri:iso.org:21090}DSET_ED.Doc already exists
OUT>      [java] {uri:iso.org:21090}COLL_ED.Doc already exists
OUT>      [java] {uri:iso.org:21090}DSET_ED.Doc.Ref already exists
OUT>      [java] {uri:iso.org:21090}COLL_ED.Doc.Ref already exists
OUT>      [java] {uri:iso.org:21090}DSET_ED.Doc.Inline already exists
OUT>      [java] {uri:iso.org:21090}COLL_ED.Doc.Inline already exists
OUT>      [java] {uri:iso.org:21090}DSET_ED.Signature already exists
OUT>      [java] {uri:iso.org:21090}COLL_ED.Signature already exists
OUT>      [java] {uri:iso.org:21090}DSET_ED.Narrative already exists
OUT>      [java] {uri:iso.org:21090}COLL_ED.Narrative already exists
OUT>      [java] {uri:iso.org:21090}DSET_ST already exists
OUT>      [java] {uri:iso.org:21090}COLL_ST already exists
OUT>      [java] {uri:iso.org:21090}DSET_ST.NT already exists
OUT>      [java] {uri:iso.org:21090}COLL_ST.NT already exists
OUT>      [java] {uri:iso.org:21090}DSET_SC already exists
OUT>      [java] {uri:iso.org:21090}COLL_SC already exists
OUT>      [java] {uri:iso.org:21090}DSET_SC.NT already exists
OUT>      [java] {uri:iso.org:21090}COLL_SC.NT already exists
OUT>      [java] {uri:iso.org:21090}DSET_TEL already exists
OUT>      [java] {uri:iso.org:21090}COLL_TEL already exists
OUT>      [java] {uri:iso.org:21090}DSET_TEL.Email already exists
OUT>      [java] {uri:iso.org:21090}COLL_TEL.Email already exists
OUT>      [java] {uri:iso.org:21090}DSET_TEL.Person already exists
OUT>      [java] {uri:iso.org:21090}COLL_TEL.Person already exists
OUT>      [java] {uri:iso.org:21090}DSET_TEL.Phone already exists
OUT>      [java] {uri:iso.org:21090}COLL_TEL.Phone already exists
OUT>      [java] {uri:iso.org:21090}DSET_TEL.Url already exists
OUT>      [java] {uri:iso.org:21090}COLL_TEL.Url already exists
OUT>      [java] {uri:iso.org:21090}DSET_II already exists
OUT>      [java] {uri:iso.org:21090}COLL_II already exists
OUT>      [java] {uri:iso.org:21090}DSET_CD already exists
OUT>      [java] {uri:iso.org:21090}COLL_CD already exists
OUT>      [java] {uri:iso.org:21090}DSET_CD.CE already exists
OUT>      [java] {uri:iso.org:21090}COLL_CD.CE already exists
OUT>      [java] {uri:iso.org:21090}DSET_CD.CE.None already exists
OUT>      [java] {uri:iso.org:21090}COLL_CD.CE.None already exists
OUT>      [java] {uri:iso.org:21090}DSET_CD.CV already exists
OUT>      [java] {uri:iso.org:21090}COLL_CD.CV already exists
OUT>      [java] {uri:iso.org:21090}DSET_CO already exists
OUT>      [java] {uri:iso.org:21090}COLL_CO already exists
OUT>      [java] {uri:iso.org:21090}DSET_CS already exists
OUT>      [java] {uri:iso.org:21090}COLL_CS already exists
OUT>      [java] {uri:iso.org:21090}DSET_AD already exists
OUT>      [java] {uri:iso.org:21090}COLL_AD already exists
OUT>      [java] {uri:iso.org:21090}DSET_EN already exists
OUT>      [java] {uri:iso.org:21090}COLL_EN already exists
OUT>      [java] {uri:iso.org:21090}DSET_EN.TN already exists
OUT>      [java] {uri:iso.org:21090}COLL_EN.TN already exists
OUT>      [java] {uri:iso.org:21090}DSET_EN.PN already exists
OUT>      [java] {uri:iso.org:21090}COLL_EN.PN already exists
OUT>      [java] {uri:iso.org:21090}DSET_EN.ON already exists
OUT>      [java] {uri:iso.org:21090}COLL_EN.ON already exists
OUT>      [java] {uri:iso.org:21090}DSET_TS already exists
OUT>      [java] {uri:iso.org:21090}COLL_TS already exists
OUT>      [java] {uri:iso.org:21090}DSET_TS.Date already exists
OUT>      [java] {uri:iso.org:21090}COLL_TS.Date already exists
OUT>      [java] {uri:iso.org:21090}DSET_TS.Date.Full already exists
OUT>      [java] {uri:iso.org:21090}COLL_TS.Date.Full already exists
OUT>      [java] {uri:iso.org:21090}DSET_TS.DateTime already exists
OUT>      [java] {uri:iso.org:21090}COLL_TS.DateTime already exists
OUT>      [java] {uri:iso.org:21090}DSET_TS.DateTime.Full already exists
OUT>      [java] {uri:iso.org:21090}COLL_TS.DateTime.Full already exists
OUT>      [java] {uri:iso.org:21090}DSET_TS.Birth already exists
OUT>      [java] {uri:iso.org:21090}COLL_TS.Birth already exists
OUT>      [java] {uri:iso.org:21090}DSET_RTO already exists
OUT>      [java] {uri:iso.org:21090}COLL_RTO already exists
OUT>      [java] {uri:iso.org:21090}DSET_MO already exists
OUT>      [java] {uri:iso.org:21090}COLL_MO already exists
OUT>      [java] {uri:iso.org:21090}DSET_PQ already exists
OUT>      [java] {uri:iso.org:21090}COLL_PQ already exists
OUT>      [java] {uri:iso.org:21090}DSET_PQ.Time already exists
OUT>      [java] {uri:iso.org:21090}COLL_PQ.Time already exists
OUT>      [java] {uri:iso.org:21090}DSET_REAL already exists
OUT>      [java] {uri:iso.org:21090}COLL_REAL already exists
OUT>      [java] {uri:iso.org:21090}DSET_INT already exists
OUT>      [java] {uri:iso.org:21090}COLL_INT already exists
OUT>      [java] {uri:iso.org:21090}DSET_INT.NonNeg already exists
OUT>      [java] {uri:iso.org:21090}COLL_INT.NonNeg already exists
OUT>      [java] {uri:iso.org:21090}DSET_INT.Positive already exists
OUT>      [java] {uri:iso.org:21090}COLL_INT.Positive already exists
OUT>      [java] {uri:iso.org:21090}BAG_BL already exists
OUT>      [java] {uri:iso.org:21090}BAG_BL.NonNull already exists
OUT>      [java] {uri:iso.org:21090}BAG_ED already exists
OUT>      [java] {uri:iso.org:21090}BAG_ED.Image already exists
OUT>      [java] {uri:iso.org:21090}BAG_ED.Text already exists
OUT>      [java] {uri:iso.org:21090}BAG_ED.Doc already exists
OUT>      [java] {uri:iso.org:21090}BAG_ED.Doc.Ref already exists
OUT>      [java] {uri:iso.org:21090}BAG_ED.Doc.Inline already exists
OUT>      [java] {uri:iso.org:21090}BAG_ED.Signature already exists
OUT>      [java] {uri:iso.org:21090}BAG_ED.Narrative already exists
OUT>      [java] {uri:iso.org:21090}BAG_ST already exists
OUT>      [java] {uri:iso.org:21090}BAG_ST.NT already exists
OUT>      [java] {uri:iso.org:21090}BAG_SC already exists
OUT>      [java] {uri:iso.org:21090}BAG_SC.NT already exists
OUT>      [java] {uri:iso.org:21090}BAG_TEL already exists
OUT>      [java] {uri:iso.org:21090}BAG_TEL.Email already exists
OUT>      [java] {uri:iso.org:21090}BAG_TEL.Person already exists
OUT>      [java] {uri:iso.org:21090}BAG_TEL.Phone already exists
OUT>      [java] {uri:iso.org:21090}BAG_TEL.Url already exists
OUT>      [java] {uri:iso.org:21090}BAG_II already exists
OUT>      [java] {uri:iso.org:21090}BAG_CD already exists
OUT>      [java] {uri:iso.org:21090}BAG_CD.CE already exists
OUT>      [java] {uri:iso.org:21090}BAG_CD.CE.None already exists
OUT>      [java] {uri:iso.org:21090}BAG_CD.CV already exists
OUT>      [java] {uri:iso.org:21090}BAG_CO already exists
OUT>      [java] {uri:iso.org:21090}BAG_CS already exists
OUT>      [java] {uri:iso.org:21090}BAG_AD already exists
OUT>      [java] {uri:iso.org:21090}BAG_EN already exists
OUT>      [java] {uri:iso.org:21090}BAG_EN.TN already exists
OUT>      [java] {uri:iso.org:21090}BAG_EN.PN already exists
OUT>      [java] {uri:iso.org:21090}BAG_EN.ON already exists
OUT>      [java] {uri:iso.org:21090}BAG_TS already exists
OUT>      [java] {uri:iso.org:21090}BAG_TS.Date already exists
OUT>      [java] {uri:iso.org:21090}BAG_TS.Date.Full already exists
OUT>      [java] {uri:iso.org:21090}BAG_TS.DateTime already exists
OUT>      [java] {uri:iso.org:21090}BAG_TS.DateTime.Full already exists
OUT>      [java] {uri:iso.org:21090}BAG_TS.Birth already exists
OUT>      [java] {uri:iso.org:21090}BAG_RTO already exists
OUT>      [java] {uri:iso.org:21090}BAG_MO already exists
OUT>      [java] {uri:iso.org:21090}BAG_PQ already exists
OUT>      [java] {uri:iso.org:21090}BAG_PQ.Time already exists
OUT>      [java] {uri:iso.org:21090}BAG_REAL already exists
OUT>      [java] {uri:iso.org:21090}BAG_INT already exists
OUT>      [java] {uri:iso.org:21090}BAG_INT.NonNeg already exists
OUT>      [java] {uri:iso.org:21090}BAG_INT.Positive already exists
OUT>      [java] {uri:iso.org:21090}LIST_BL already exists
OUT>      [java] {uri:iso.org:21090}LIST_BL.NonNull already exists
OUT>      [java] {uri:iso.org:21090}LIST_ED already exists
OUT>      [java] {uri:iso.org:21090}LIST_ED.Image already exists
OUT>      [java] {uri:iso.org:21090}LIST_ED.Text already exists
OUT>      [java] {uri:iso.org:21090}LIST_ED.Doc already exists
OUT>      [java] {uri:iso.org:21090}LIST_ED.Doc.Ref already exists
OUT>      [java] {uri:iso.org:21090}LIST_ED.Doc.Inline already exists
OUT>      [java] {uri:iso.org:21090}LIST_ED.Signature already exists
OUT>      [java] {uri:iso.org:21090}LIST_ED.Narrative already exists
OUT>      [java] {uri:iso.org:21090}LIST_ST already exists
OUT>      [java] {uri:iso.org:21090}LIST_ST.NT already exists
OUT>      [java] {uri:iso.org:21090}LIST_SC already exists
OUT>      [java] {uri:iso.org:21090}LIST_SC.NT already exists
OUT>      [java] {uri:iso.org:21090}LIST_TEL already exists
OUT>      [java] {uri:iso.org:21090}LIST_TEL.Email already exists
OUT>      [java] {uri:iso.org:21090}LIST_TEL.Person already exists
OUT>      [java] {uri:iso.org:21090}LIST_TEL.Phone already exists
OUT>      [java] {uri:iso.org:21090}LIST_TEL.Url already exists
OUT>      [java] {uri:iso.org:21090}LIST_II already exists
OUT>      [java] {uri:iso.org:21090}LIST_CD already exists
OUT>      [java] {uri:iso.org:21090}LIST_CD.CE already exists
OUT>      [java] {uri:iso.org:21090}LIST_CD.CE.None already exists
OUT>      [java] {uri:iso.org:21090}LIST_CD.CV already exists
OUT>      [java] {uri:iso.org:21090}LIST_CO already exists
OUT>      [java] {uri:iso.org:21090}LIST_CS already exists
OUT>      [java] {uri:iso.org:21090}LIST_AD already exists
OUT>      [java] {uri:iso.org:21090}LIST_EN already exists
OUT>      [java] {uri:iso.org:21090}LIST_EN.TN already exists
OUT>      [java] {uri:iso.org:21090}LIST_EN.PN already exists
OUT>      [java] {uri:iso.org:21090}LIST_EN.ON already exists
OUT>      [java] {uri:iso.org:21090}LIST_TS already exists
OUT>      [java] {uri:iso.org:21090}LIST_TS.Date already exists
OUT>      [java] {uri:iso.org:21090}LIST_TS.Date.Full already exists
OUT>      [java] {uri:iso.org:21090}LIST_TS.DateTime already exists
OUT>      [java] {uri:iso.org:21090}LIST_TS.DateTime.Full already exists
OUT>      [java] {uri:iso.org:21090}LIST_TS.Birth already exists
OUT>      [java] {uri:iso.org:21090}LIST_RTO already exists
OUT>      [java] {uri:iso.org:21090}LIST_MO already exists
OUT>      [java] {uri:iso.org:21090}LIST_PQ already exists
OUT>      [java] {uri:iso.org:21090}LIST_PQ.Time already exists
OUT>      [java] {uri:iso.org:21090}LIST_REAL already exists
OUT>      [java] {uri:iso.org:21090}LIST_INT already exists
OUT>      [java] {uri:iso.org:21090}LIST_INT.NonNeg already exists
OUT>      [java] {uri:iso.org:21090}LIST_INT.Positive already exists
OUT>      [java] {uri:iso.org:21090}IVL_CO already exists
OUT>      [java] {uri:iso.org:21090}QSET_CO already exists
OUT>      [java] {uri:iso.org:21090}IVL_TS already exists
OUT>      [java] {uri:iso.org:21090}IVL_TS.Date already exists
OUT>      [java] {uri:iso.org:21090}QSET_TS.Date already exists
OUT>      [java] {uri:iso.org:21090}IVL_TS.Date.Full already exists
OUT>      [java] {uri:iso.org:21090}QSET_TS.Date.Full already exists
OUT>      [java] {uri:iso.org:21090}IVL_TS.DateTime already exists
OUT>      [java] {uri:iso.org:21090}QSET_TS.DateTime already exists
OUT>      [java] {uri:iso.org:21090}IVL_TS.DateTime.Full already exists
OUT>      [java] {uri:iso.org:21090}QSET_TS.DateTime.Full already exists
OUT>      [java] {uri:iso.org:21090}IVL_TS.Birth already exists
OUT>      [java] {uri:iso.org:21090}QSET_TS.Birth already exists
OUT>      [java] {uri:iso.org:21090}IVL_RTO already exists
OUT>      [java] {uri:iso.org:21090}QSET_RTO already exists
OUT>      [java] {uri:iso.org:21090}IVL_MO already exists
OUT>      [java] {uri:iso.org:21090}QSET_MO already exists
OUT>      [java] {uri:iso.org:21090}IVL_PQ already exists
OUT>      [java] {uri:iso.org:21090}QSET_PQ already exists
OUT>      [java] {uri:iso.org:21090}IVL_PQ.Time already exists
OUT>      [java] {uri:iso.org:21090}QSET_PQ.Time already exists
OUT>      [java] {uri:iso.org:21090}IVL_REAL already exists
OUT>      [java] {uri:iso.org:21090}QSET_REAL already exists
OUT>      [java] {uri:iso.org:21090}IVL_INT already exists
OUT>      [java] {uri:iso.org:21090}QSET_INT already exists
OUT>      [java] {uri:iso.org:21090}IVL_INT.NonNeg already exists
OUT>      [java] {uri:iso.org:21090}QSET_INT.NonNeg already exists
OUT>      [java] {uri:iso.org:21090}IVL_INT.Positive already exists
OUT>      [java] {uri:iso.org:21090}QSET_INT.Positive already exists
OUT>      [java] {uri:iso.org:21090}IVL.Low_CO already exists
OUT>      [java] {uri:iso.org:21090}IVL.Low_TS already exists
OUT>      [java] {uri:iso.org:21090}IVL.Low_TS.Date already exists
OUT>      [java] {uri:iso.org:21090}IVL.Low_TS.Date.Full already exists
OUT>      [java] {uri:iso.org:21090}IVL.Low_TS.DateTime already exists
OUT>      [java] {uri:iso.org:21090}IVL.Low_TS.DateTime.Full already exists
OUT>      [java] {uri:iso.org:21090}IVL.Low_TS.Birth already exists
OUT>      [java] {uri:iso.org:21090}IVL.Low_RTO already exists
OUT>      [java] {uri:iso.org:21090}IVL.Low_MO already exists
OUT>      [java] {uri:iso.org:21090}IVL.Low_PQ already exists
OUT>      [java] {uri:iso.org:21090}IVL.Low_PQ.Time already exists
OUT>      [java] {uri:iso.org:21090}IVL.Low_REAL already exists
OUT>      [java] {uri:iso.org:21090}IVL.Low_INT already exists
OUT>      [java] {uri:iso.org:21090}IVL.Low_INT.NonNeg already exists
OUT>      [java] {uri:iso.org:21090}IVL.Low_INT.Positive already exists
OUT>      [java] {uri:iso.org:21090}IVL.Width_CO already exists
OUT>      [java] {uri:iso.org:21090}IVL.Width_TS already exists
OUT>      [java] {uri:iso.org:21090}IVL.Width_TS.Date already exists
OUT>      [java] {uri:iso.org:21090}IVL.Width_TS.Date.Full already exists
OUT>      [java] {uri:iso.org:21090}IVL.Width_TS.DateTime already exists
OUT>      [java] {uri:iso.org:21090}IVL.Width_TS.DateTime.Full already exists
OUT>      [java] {uri:iso.org:21090}IVL.Width_TS.Birth already exists
OUT>      [java] {uri:iso.org:21090}IVL.Width_RTO already exists
OUT>      [java] {uri:iso.org:21090}IVL.Width_MO already exists
OUT>      [java] {uri:iso.org:21090}IVL.Width_PQ already exists
OUT>      [java] {uri:iso.org:21090}IVL.Width_PQ.Time already exists
OUT>      [java] {uri:iso.org:21090}IVL.Width_REAL already exists
OUT>      [java] {uri:iso.org:21090}IVL.Width_INT already exists
OUT>      [java] {uri:iso.org:21090}IVL.Width_INT.NonNeg already exists
OUT>      [java] {uri:iso.org:21090}IVL.Width_INT.Positive already exists
OUT>      [java] {uri:iso.org:21090}IVL.High_CO already exists
OUT>      [java] {uri:iso.org:21090}IVL.High_TS already exists
OUT>      [java] {uri:iso.org:21090}IVL.High_TS.Date already exists
OUT>      [java] {uri:iso.org:21090}IVL.High_TS.Date.Full already exists
OUT>      [java] {uri:iso.org:21090}IVL.High_TS.DateTime already exists
OUT>      [java] {uri:iso.org:21090}IVL.High_TS.DateTime.Full already exists
OUT>      [java] {uri:iso.org:21090}IVL.High_TS.Birth already exists
OUT>      [java] {uri:iso.org:21090}IVL.High_RTO already exists
OUT>      [java] {uri:iso.org:21090}IVL.High_MO already exists
OUT>      [java] {uri:iso.org:21090}IVL.High_PQ already exists
OUT>      [java] {uri:iso.org:21090}IVL.High_PQ.Time already exists
OUT>      [java] {uri:iso.org:21090}IVL.High_REAL already exists
OUT>      [java] {uri:iso.org:21090}IVL.High_INT already exists
OUT>      [java] {uri:iso.org:21090}IVL.High_INT.NonNeg already exists
OUT>      [java] {uri:iso.org:21090}IVL.High_INT.Positive already exists
OUT>      [java] {uri:iso.org:21090}SLIST_CO already exists
OUT>      [java] {uri:iso.org:21090}SLIST_TS already exists
OUT>      [java] {uri:iso.org:21090}SLIST_TS.Date already exists
OUT>      [java] {uri:iso.org:21090}SLIST_TS.Date.Full already exists
OUT>      [java] {uri:iso.org:21090}SLIST_TS.DateTime already exists
OUT>      [java] {uri:iso.org:21090}SLIST_TS.DateTime.Full already exists
OUT>      [java] {uri:iso.org:21090}SLIST_TS.Birth already exists
OUT>      [java] {uri:iso.org:21090}SLIST_RTO already exists
OUT>      [java] {uri:iso.org:21090}SLIST_MO already exists
OUT>      [java] {uri:iso.org:21090}SLIST_PQ already exists
OUT>      [java] {uri:iso.org:21090}SLIST_PQ.Time already exists
OUT>      [java] {uri:iso.org:21090}SLIST_REAL already exists
OUT>      [java] {uri:iso.org:21090}SLIST_INT already exists
OUT>      [java] {uri:iso.org:21090}SLIST_INT.NonNeg already exists
OUT>      [java] {uri:iso.org:21090}SLIST_INT.Positive already exists
OUT>      [java] {uri:iso.org:21090}GLIST_CO already exists
OUT>      [java] {uri:iso.org:21090}GLIST_TS already exists
OUT>      [java] {uri:iso.org:21090}GLIST_TS.Date already exists
OUT>      [java] {uri:iso.org:21090}GLIST_TS.Date.Full already exists
OUT>      [java] {uri:iso.org:21090}GLIST_TS.DateTime already exists
OUT>      [java] {uri:iso.org:21090}GLIST_TS.DateTime.Full already exists
OUT>      [java] {uri:iso.org:21090}GLIST_TS.Birth already exists
OUT>      [java] {uri:iso.org:21090}GLIST_RTO already exists
OUT>      [java] {uri:iso.org:21090}GLIST_MO already exists
OUT>      [java] {uri:iso.org:21090}GLIST_PQ already exists
OUT>      [java] {uri:iso.org:21090}GLIST_PQ.Time already exists
OUT>      [java] {uri:iso.org:21090}GLIST_REAL already exists
OUT>      [java] {uri:iso.org:21090}GLIST_INT already exists
OUT>      [java] {uri:iso.org:21090}GLIST_INT.NonNeg already exists
OUT>      [java] {uri:iso.org:21090}GLIST_INT.Positive already exists
OUT>      [java] {uri:iso.org:21090}QSD_CO already exists
OUT>      [java] {uri:iso.org:21090}QSD_TS already exists
OUT>      [java] {uri:iso.org:21090}QSD_TS.Date already exists
OUT>      [java] {uri:iso.org:21090}QSD_TS.Date.Full already exists
OUT>      [java] {uri:iso.org:21090}QSD_TS.DateTime already exists
OUT>      [java] {uri:iso.org:21090}QSD_TS.DateTime.Full already exists
OUT>      [java] {uri:iso.org:21090}QSD_TS.Birth already exists
OUT>      [java] {uri:iso.org:21090}QSD_RTO already exists
OUT>      [java] {uri:iso.org:21090}QSD_MO already exists
OUT>      [java] {uri:iso.org:21090}QSD_PQ already exists
OUT>      [java] {uri:iso.org:21090}QSD_PQ.Time already exists
OUT>      [java] {uri:iso.org:21090}QSD_REAL already exists
OUT>      [java] {uri:iso.org:21090}QSD_INT already exists
OUT>      [java] {uri:iso.org:21090}QSD_INT.NonNeg already exists
OUT>      [java] {uri:iso.org:21090}QSD_INT.Positive already exists
OUT>      [java] {uri:iso.org:21090}QSI_CO already exists
OUT>      [java] {uri:iso.org:21090}QSI_TS already exists
OUT>      [java] {uri:iso.org:21090}QSI_TS.Date already exists
OUT>      [java] {uri:iso.org:21090}QSI_TS.Date.Full already exists
OUT>      [java] {uri:iso.org:21090}QSI_TS.DateTime already exists
OUT>      [java] {uri:iso.org:21090}QSI_TS.DateTime.Full already exists
OUT>      [java] {uri:iso.org:21090}QSI_TS.Birth already exists
OUT>      [java] {uri:iso.org:21090}QSI_RTO already exists
OUT>      [java] {uri:iso.org:21090}QSI_MO already exists
OUT>      [java] {uri:iso.org:21090}QSI_PQ already exists
OUT>      [java] {uri:iso.org:21090}QSI_PQ.Time already exists
OUT>      [java] {uri:iso.org:21090}QSI_REAL already exists
OUT>      [java] {uri:iso.org:21090}QSI_INT already exists
OUT>      [java] {uri:iso.org:21090}QSI_INT.NonNeg already exists
OUT>      [java] {uri:iso.org:21090}QSI_INT.Positive already exists
OUT>      [java] {uri:iso.org:21090}QSU_CO already exists
OUT>      [java] {uri:iso.org:21090}QSU_TS already exists
OUT>      [java] {uri:iso.org:21090}QSU_TS.Date already exists
OUT>      [java] {uri:iso.org:21090}QSU_TS.Date.Full already exists
OUT>      [java] {uri:iso.org:21090}QSU_TS.DateTime already exists
OUT>      [java] {uri:iso.org:21090}QSU_TS.DateTime.Full already exists
OUT>      [java] {uri:iso.org:21090}QSU_TS.Birth already exists
OUT>      [java] {uri:iso.org:21090}QSU_RTO already exists
OUT>      [java] {uri:iso.org:21090}QSU_MO already exists
OUT>      [java] {uri:iso.org:21090}QSU_PQ already exists
OUT>      [java] {uri:iso.org:21090}QSU_PQ.Time already exists
OUT>      [java] {uri:iso.org:21090}QSU_REAL already exists
OUT>      [java] {uri:iso.org:21090}QSU_INT already exists
OUT>      [java] {uri:iso.org:21090}QSU_INT.NonNeg already exists
OUT>      [java] {uri:iso.org:21090}QSU_INT.Positive already exists
OUT>      [java] {uri:iso.org:21090}QSP_CO already exists
OUT>      [java] {uri:iso.org:21090}QSP_TS already exists
OUT>      [java] {uri:iso.org:21090}QSP_TS.Date already exists
OUT>      [java] {uri:iso.org:21090}QSP_TS.Date.Full already exists
OUT>      [java] {uri:iso.org:21090}QSP_TS.DateTime already exists
OUT>      [java] {uri:iso.org:21090}QSP_TS.DateTime.Full already exists
OUT>      [java] {uri:iso.org:21090}QSP_TS.Birth already exists
OUT>      [java] {uri:iso.org:21090}QSP_RTO already exists
OUT>      [java] {uri:iso.org:21090}QSP_MO already exists
OUT>      [java] {uri:iso.org:21090}QSP_PQ already exists
OUT>      [java] {uri:iso.org:21090}QSP_PQ.Time already exists
OUT>      [java] {uri:iso.org:21090}QSP_REAL already exists
OUT>      [java] {uri:iso.org:21090}QSP_INT already exists
OUT>      [java] {uri:iso.org:21090}QSP_INT.NonNeg already exists
OUT>      [java] {uri:iso.org:21090}QSP_INT.Positive already exists
OUT>      [java] {uri:iso.org:21090}QSS_CO already exists
OUT>      [java] {uri:iso.org:21090}QSS_TS already exists
OUT>      [java] {uri:iso.org:21090}QSS_TS.Date already exists
OUT>      [java] {uri:iso.org:21090}QSS_TS.Date.Full already exists
OUT>      [java] {uri:iso.org:21090}QSS_TS.DateTime already exists
OUT>      [java] {uri:iso.org:21090}QSS_TS.DateTime.Full already exists
OUT>      [java] {uri:iso.org:21090}QSS_TS.Birth already exists
OUT>      [java] {uri:iso.org:21090}QSS_RTO already exists
OUT>      [java] {uri:iso.org:21090}QSS_MO already exists
OUT>      [java] {uri:iso.org:21090}QSS_PQ already exists
OUT>      [java] {uri:iso.org:21090}QSS_PQ.Time already exists
OUT>      [java] {uri:iso.org:21090}QSS_REAL already exists
OUT>      [java] {uri:iso.org:21090}QSS_INT already exists
OUT>      [java] {uri:iso.org:21090}QSS_INT.NonNeg already exists
OUT>      [java] {uri:iso.org:21090}QSS_INT.Positive already exists
OUT>      [java] {uri:iso.org:21090}PIVL_TS already exists
OUT>      [java] {uri:iso.org:21090}PIVL_TS.Date already exists
OUT>      [java] {uri:iso.org:21090}PIVL_TS.Date.Full already exists
OUT>      [java] {uri:iso.org:21090}PIVL_TS.DateTime already exists
OUT>      [java] {uri:iso.org:21090}PIVL_TS.DateTime.Full already exists
OUT>      [java] {uri:iso.org:21090}PIVL_TS.Birth already exists
OUT>      [java] {uri:iso.org:21090}EIVL_TS already exists
OUT>      [java] {uri:iso.org:21090}EIVL_TS.Date already exists
OUT>      [java] {uri:iso.org:21090}EIVL_TS.Date.Full already exists
OUT>      [java] {uri:iso.org:21090}EIVL_TS.DateTime already exists
OUT>      [java] {uri:iso.org:21090}EIVL_TS.DateTime.Full already exists
OUT>      [java] {uri:iso.org:21090}EIVL_TS.Birth already exists
OUT>      [java] {uri:iso.org:21090}NPPD_BL already exists
OUT>      [java] {uri:iso.org:21090}UVP_BL already exists
OUT>      [java] {uri:iso.org:21090}NPPD_BL.NonNull already exists
OUT>      [java] {uri:iso.org:21090}UVP_BL.NonNull already exists
OUT>      [java] {uri:iso.org:21090}NPPD_ED already exists
OUT>      [java] {uri:iso.org:21090}UVP_ED already exists
OUT>      [java] {uri:iso.org:21090}NPPD_ED.Image already exists
OUT>      [java] {uri:iso.org:21090}UVP_ED.Image already exists
OUT>      [java] {uri:iso.org:21090}NPPD_ED.Text already exists
OUT>      [java] {uri:iso.org:21090}UVP_ED.Text already exists
OUT>      [java] {uri:iso.org:21090}NPPD_ED.Doc already exists
OUT>      [java] {uri:iso.org:21090}UVP_ED.Doc already exists
OUT>      [java] {uri:iso.org:21090}NPPD_ED.Doc.Ref already exists
OUT>      [java] {uri:iso.org:21090}UVP_ED.Doc.Ref already exists
OUT>      [java] {uri:iso.org:21090}NPPD_ED.Doc.Inline already exists
OUT>      [java] {uri:iso.org:21090}UVP_ED.Doc.Inline already exists
OUT>      [java] {uri:iso.org:21090}NPPD_ED.Signature already exists
OUT>      [java] {uri:iso.org:21090}UVP_ED.Signature already exists
OUT>      [java] {uri:iso.org:21090}NPPD_ED.Narrative already exists
OUT>      [java] {uri:iso.org:21090}UVP_ED.Narrative already exists
OUT>      [java] {uri:iso.org:21090}NPPD_ST already exists
OUT>      [java] {uri:iso.org:21090}UVP_ST already exists
OUT>      [java] {uri:iso.org:21090}NPPD_ST.NT already exists
OUT>      [java] {uri:iso.org:21090}UVP_ST.NT already exists
OUT>      [java] {uri:iso.org:21090}NPPD_SC already exists
OUT>      [java] {uri:iso.org:21090}UVP_SC already exists
OUT>      [java] {uri:iso.org:21090}NPPD_SC.NT already exists
OUT>      [java] {uri:iso.org:21090}UVP_SC.NT already exists
OUT>      [java] {uri:iso.org:21090}NPPD_TEL already exists
OUT>      [java] {uri:iso.org:21090}UVP_TEL already exists
OUT>      [java] {uri:iso.org:21090}NPPD_TEL.Email already exists
OUT>      [java] {uri:iso.org:21090}UVP_TEL.Email already exists
OUT>      [java] {uri:iso.org:21090}NPPD_TEL.Person already exists
OUT>      [java] {uri:iso.org:21090}UVP_TEL.Person already exists
OUT>      [java] {uri:iso.org:21090}NPPD_TEL.Phone already exists
OUT>      [java] {uri:iso.org:21090}UVP_TEL.Phone already exists
OUT>      [java] {uri:iso.org:21090}NPPD_TEL.Url already exists
OUT>      [java] {uri:iso.org:21090}UVP_TEL.Url already exists
OUT>      [java] {uri:iso.org:21090}NPPD_II already exists
OUT>      [java] {uri:iso.org:21090}UVP_II already exists
OUT>      [java] {uri:iso.org:21090}NPPD_CD already exists
OUT>      [java] {uri:iso.org:21090}UVP_CD already exists
OUT>      [java] {uri:iso.org:21090}NPPD_CD.CE already exists
OUT>      [java] {uri:iso.org:21090}UVP_CD.CE already exists
OUT>      [java] {uri:iso.org:21090}NPPD_CD.CE.None already exists
OUT>      [java] {uri:iso.org:21090}UVP_CD.CE.None already exists
OUT>      [java] {uri:iso.org:21090}NPPD_CD.CV already exists
OUT>      [java] {uri:iso.org:21090}UVP_CD.CV already exists
OUT>      [java] {uri:iso.org:21090}NPPD_CO already exists
OUT>      [java] {uri:iso.org:21090}UVP_CO already exists
OUT>      [java] {uri:iso.org:21090}NPPD_CS already exists
OUT>      [java] {uri:iso.org:21090}UVP_CS already exists
OUT>      [java] {uri:iso.org:21090}NPPD_AD already exists
OUT>      [java] {uri:iso.org:21090}UVP_AD already exists
OUT>      [java] {uri:iso.org:21090}NPPD_EN already exists
OUT>      [java] {uri:iso.org:21090}UVP_EN already exists
OUT>      [java] {uri:iso.org:21090}NPPD_EN.TN already exists
OUT>      [java] {uri:iso.org:21090}UVP_EN.TN already exists
OUT>      [java] {uri:iso.org:21090}NPPD_EN.PN already exists
OUT>      [java] {uri:iso.org:21090}UVP_EN.PN already exists
OUT>      [java] {uri:iso.org:21090}NPPD_EN.ON already exists
OUT>      [java] {uri:iso.org:21090}UVP_EN.ON already exists
OUT>      [java] {uri:iso.org:21090}NPPD_TS already exists
OUT>      [java] {uri:iso.org:21090}UVP_TS already exists
OUT>      [java] {uri:iso.org:21090}NPPD_TS.Date already exists
OUT>      [java] {uri:iso.org:21090}UVP_TS.Date already exists
OUT>      [java] {uri:iso.org:21090}NPPD_TS.Date.Full already exists
OUT>      [java] {uri:iso.org:21090}UVP_TS.Date.Full already exists
OUT>      [java] {uri:iso.org:21090}NPPD_TS.DateTime already exists
OUT>      [java] {uri:iso.org:21090}UVP_TS.DateTime already exists
OUT>      [java] {uri:iso.org:21090}NPPD_TS.DateTime.Full already exists
OUT>      [java] {uri:iso.org:21090}UVP_TS.DateTime.Full already exists
OUT>      [java] {uri:iso.org:21090}NPPD_TS.Birth already exists
OUT>      [java] {uri:iso.org:21090}UVP_TS.Birth already exists
OUT>      [java] {uri:iso.org:21090}NPPD_RTO already exists
OUT>      [java] {uri:iso.org:21090}UVP_RTO already exists
OUT>      [java] {uri:iso.org:21090}NPPD_MO already exists
OUT>      [java] {uri:iso.org:21090}UVP_MO already exists
OUT>      [java] {uri:iso.org:21090}NPPD_PQ already exists
OUT>      [java] {uri:iso.org:21090}UVP_PQ already exists
OUT>      [java] {uri:iso.org:21090}NPPD_PQ.Time already exists
OUT>      [java] {uri:iso.org:21090}UVP_PQ.Time already exists
OUT>      [java] {uri:iso.org:21090}NPPD_REAL already exists
OUT>      [java] {uri:iso.org:21090}UVP_REAL already exists
OUT>      [java] {uri:iso.org:21090}NPPD_INT already exists
OUT>      [java] {uri:iso.org:21090}UVP_INT already exists
OUT>      [java] {uri:iso.org:21090}NPPD_INT.NonNeg already exists
OUT>      [java] {uri:iso.org:21090}UVP_INT.NonNeg already exists
OUT>      [java] {uri:iso.org:21090}NPPD_INT.Positive already exists
OUT>      [java] {uri:iso.org:21090}UVP_INT.Positive already exists
OUT>      [java] {uri:iso.org:21090}QSET.BoundedPIVL already exists
OUT>      [java] {uri:iso.org:21090}HIST_BL already exists
OUT>      [java] {uri:iso.org:21090}HIST_BL.NonNull already exists
OUT>      [java] {uri:iso.org:21090}HIST_ED already exists
OUT>      [java] {uri:iso.org:21090}HIST_ED.Image already exists
OUT>      [java] {uri:iso.org:21090}HIST_ED.Text already exists
OUT>      [java] {uri:iso.org:21090}HIST_ED.Doc already exists
OUT>      [java] {uri:iso.org:21090}HIST_ED.Doc.Ref already exists
OUT>      [java] {uri:iso.org:21090}HIST_ED.Doc.Inline already exists
OUT>      [java] {uri:iso.org:21090}HIST_ED.Signature already exists
OUT>      [java] {uri:iso.org:21090}HIST_ED.Narrative already exists
OUT>      [java] {uri:iso.org:21090}HIST_ST already exists
OUT>      [java] {uri:iso.org:21090}HIST_ST.NT already exists
OUT>      [java] {uri:iso.org:21090}HIST_SC already exists
OUT>      [java] {uri:iso.org:21090}HIST_SC.NT already exists
OUT>      [java] {uri:iso.org:21090}HIST_TEL already exists
OUT>      [java] {uri:iso.org:21090}HIST_TEL.Email already exists
OUT>      [java] {uri:iso.org:21090}HIST_TEL.Person already exists
OUT>      [java] {uri:iso.org:21090}HIST_TEL.Phone already exists
OUT>      [java] {uri:iso.org:21090}HIST_TEL.Url already exists
OUT>      [java] {uri:iso.org:21090}HIST_II already exists
OUT>      [java] {uri:iso.org:21090}HIST_CD already exists
OUT>      [java] {uri:iso.org:21090}HIST_CD.CE already exists
OUT>      [java] {uri:iso.org:21090}HIST_CD.CE.None already exists
OUT>      [java] {uri:iso.org:21090}HIST_CD.CV already exists
OUT>      [java] {uri:iso.org:21090}HIST_CO already exists
OUT>      [java] {uri:iso.org:21090}HIST_CS already exists
OUT>      [java] {uri:iso.org:21090}HIST_AD already exists
OUT>      [java] {uri:iso.org:21090}HIST_EN already exists
OUT>      [java] {uri:iso.org:21090}HIST_EN.TN already exists
OUT>      [java] {uri:iso.org:21090}HIST_EN.PN already exists
OUT>      [java] {uri:iso.org:21090}HIST_EN.ON already exists
OUT>      [java] {uri:iso.org:21090}HIST_TS already exists
OUT>      [java] {uri:iso.org:21090}HIST_TS.Date already exists
OUT>      [java] {uri:iso.org:21090}HIST_TS.Date.Full already exists
OUT>      [java] {uri:iso.org:21090}HIST_TS.DateTime already exists
OUT>      [java] {uri:iso.org:21090}HIST_TS.DateTime.Full already exists
OUT>      [java] {uri:iso.org:21090}HIST_TS.Birth already exists
OUT>      [java] {uri:iso.org:21090}HIST_RTO already exists
OUT>      [java] {uri:iso.org:21090}HIST_MO already exists
OUT>      [java] {uri:iso.org:21090}HIST_PQ already exists
OUT>      [java] {uri:iso.org:21090}HIST_PQ.Time already exists
OUT>      [java] {uri:iso.org:21090}HIST_REAL already exists
OUT>      [java] {uri:iso.org:21090}HIST_INT already exists
OUT>      [java] {uri:iso.org:21090}HIST_INT.NonNeg already exists
OUT>      [java] {uri:iso.org:21090}HIST_INT.Positive already exists
OUT>      [java] {http://CQL.caBIG/2/org.cagrid.cql2}CQLExtension already exists
OUT>      [java] {http://CQL.caBIG/2/org.cagrid.cql2}Aggregation already exists
OUT>      [java] {http://docs.oasis-open.org/wsrf/2004/06/wsrf-WS-ResourceLifetime-1.2-draft-01.xsd}CurrentTime already exists
OUT>      [java] {http://docs.oasis-open.org/wsrf/2004/06/wsrf-WS-ResourceLifetime-1.2-draft-01.xsd}TerminationTime already exists
OUT>      [java] {http://docs.oasis-open.org/wsrf/2004/06/wsrf-WS-ResourceLifetime-1.2-draft-01.xsd}TerminationNotification already exists
OUT>      [java] {http://docs.oasis-open.org/wsrf/2004/06/wsrf-WS-ResourceLifetime-1.2-draft-01.xsd}>TerminationNotification already exists
OUT>      [java] {http://docs.oasis-open.org/wsrf/2004/06/wsrf-WS-ResourceProperties-1.2-draft-01.xsd}ResourceProperties already exists
OUT>      [java] {http://docs.oasis-open.org/wsrf/2004/06/wsrf-WS-ResourceProperties-1.2-draft-01.xsd}ResourcePropertyValueChangeNotificationType already exists
OUT>      [java] {http://docs.oasis-open.org/wsrf/2004/06/wsrf-WS-ResourceProperties-1.2-draft-01.xsd}>ResourcePropertyValueChangeNotificationType>OldValue already exists
OUT>      [java] {http://docs.oasis-open.org/wsrf/2004/06/wsrf-WS-ResourceProperties-1.2-draft-01.xsd}>ResourcePropertyValueChangeNotificationType>NewValue already exists
OUT>      [java] {http://docs.oasis-open.org/wsrf/2004/06/wsrf-WS-ResourceProperties-1.2-draft-01.xsd}ResourcePropertyValueChangeNotification already exists
OUT>      [java] {http://docs.oasis-open.org/wsrf/2004/06/wsrf-WS-ResourceProperties-1.2-draft-01.xsd}QueryExpressionType already exists
OUT>      [java] {http://docs.oasis-open.org/wsrf/2004/06/wsrf-WS-ResourceProperties-1.2-draft-01.xsd}QueryExpression already exists
OUT>      [java] {http://docs.oasis-open.org/wsrf/2004/06/wsrf-WS-ResourceProperties-1.2-draft-01.xsd}ResourceProperties already exists
OUT>      [java] {http://docs.oasis-open.org/wsrf/2004/06/wsrf-WS-ResourceProperties-1.2-draft-01.xsd}ResourcePropertyValueChangeNotificationType already exists
OUT>      [java] {http://docs.oasis-open.org/wsrf/2004/06/wsrf-WS-ResourceProperties-1.2-draft-01.xsd}>ResourcePropertyValueChangeNotificationType>OldValue already exists
OUT>      [java] {http://docs.oasis-open.org/wsrf/2004/06/wsrf-WS-ResourceProperties-1.2-draft-01.xsd}>ResourcePropertyValueChangeNotificationType>NewValue already exists
OUT>      [java] {http://docs.oasis-open.org/wsrf/2004/06/wsrf-WS-ResourceProperties-1.2-draft-01.xsd}ResourcePropertyValueChangeNotification already exists
OUT>      [java] {http://docs.oasis-open.org/wsrf/2004/06/wsrf-WS-ResourceProperties-1.2-draft-01.xsd}QueryExpressionType already exists
OUT>      [java] {http://docs.oasis-open.org/wsrf/2004/06/wsrf-WS-ResourceProperties-1.2-draft-01.xsd}QueryExpression already exists
OUT>      [java] {http://docs.oasis-open.org/wsrf/2004/06/wsrf-WS-ResourceProperties-1.2-draft-01.xsd}GetResourceProperty already exists
OUT>      [java] {http://docs.oasis-open.org/wsrf/2004/06/wsrf-WS-ResourceProperties-1.2-draft-01.xsd}GetResourcePropertyResponse already exists
OUT>      [java] {http://docs.oasis-open.org/wsrf/2004/06/wsrf-WS-ResourceProperties-1.2-draft-01.xsd}>GetResourcePropertyResponse already exists
OUT>      [java] {http://docs.oasis-open.org/wsrf/2004/06/wsrf-WS-ResourceProperties-1.2-draft-01.xsd}ResourceUnknownFaultType already exists
OUT>      [java] {http://docs.oasis-open.org/wsrf/2004/06/wsrf-WS-ResourceProperties-1.2-draft-01.xsd}ResourceUnknownFault already exists
OUT>      [java] {http://docs.oasis-open.org/wsrf/2004/06/wsrf-WS-ResourceProperties-1.2-draft-01.xsd}InvalidResourcePropertyQNameFaultType already exists
OUT>      [java] {http://docs.oasis-open.org/wsrf/2004/06/wsrf-WS-ResourceProperties-1.2-draft-01.xsd}InvalidResourcePropertyQNameFault already exists
OUT>      [java] {http://docs.oasis-open.org/wsrf/2004/06/wsrf-WS-ResourceProperties-1.2-draft-01.xsd}GetMultipleResourceProperties already exists
OUT>      [java] {http://docs.oasis-open.org/wsrf/2004/06/wsrf-WS-ResourceProperties-1.2-draft-01.xsd}>GetMultipleResourceProperties already exists
OUT>      [java] {http://docs.oasis-open.org/wsrf/2004/06/wsrf-WS-ResourceProperties-1.2-draft-01.xsd}GetMultipleResourcePropertiesResponse already exists
OUT>      [java] {http://docs.oasis-open.org/wsrf/2004/06/wsrf-WS-ResourceProperties-1.2-draft-01.xsd}>GetMultipleResourcePropertiesResponse already exists
OUT>      [java] {http://docs.oasis-open.org/wsrf/2004/06/wsrf-WS-ResourceProperties-1.2-draft-01.xsd}InsertType already exists
OUT>      [java] {http://docs.oasis-open.org/wsrf/2004/06/wsrf-WS-ResourceProperties-1.2-draft-01.xsd}Insert already exists
OUT>      [java] {http://docs.oasis-open.org/wsrf/2004/06/wsrf-WS-ResourceProperties-1.2-draft-01.xsd}UpdateType already exists
OUT>      [java] {http://docs.oasis-open.org/wsrf/2004/06/wsrf-WS-ResourceProperties-1.2-draft-01.xsd}Update already exists
OUT>      [java] {http://docs.oasis-open.org/wsrf/2004/06/wsrf-WS-ResourceProperties-1.2-draft-01.xsd}DeleteType already exists
OUT>      [java] {http://docs.oasis-open.org/wsrf/2004/06/wsrf-WS-ResourceProperties-1.2-draft-01.xsd}Delete already exists
OUT>      [java] {http://docs.oasis-open.org/wsrf/2004/06/wsrf-WS-ResourceProperties-1.2-draft-01.xsd}SetResourceProperties already exists
OUT>      [java] {http://docs.oasis-open.org/wsrf/2004/06/wsrf-WS-ResourceProperties-1.2-draft-01.xsd}>SetResourceProperties already exists
OUT>      [java] {http://docs.oasis-open.org/wsrf/2004/06/wsrf-WS-ResourceProperties-1.2-draft-01.xsd}SetResourcePropertiesResponse already exists
OUT>      [java] {http://docs.oasis-open.org/wsrf/2004/06/wsrf-WS-ResourceProperties-1.2-draft-01.xsd}>SetResourcePropertiesResponse already exists
OUT>      [java] {http://docs.oasis-open.org/wsrf/2004/06/wsrf-WS-ResourceProperties-1.2-draft-01.xsd}InvalidSetResourcePropertiesRequestContentFaultType already exists
OUT>      [java] {http://docs.oasis-open.org/wsrf/2004/06/wsrf-WS-ResourceProperties-1.2-draft-01.xsd}InvalidSetResourcePropertiesRequestContentFault already exists
OUT>      [java] {http://docs.oasis-open.org/wsrf/2004/06/wsrf-WS-ResourceProperties-1.2-draft-01.xsd}UnableToModifyResourcePropertyFaultType already exists
OUT>      [java] {http://docs.oasis-open.org/wsrf/2004/06/wsrf-WS-ResourceProperties-1.2-draft-01.xsd}UnableToModifyResourcePropertyFault already exists
OUT>      [java] {http://docs.oasis-open.org/wsrf/2004/06/wsrf-WS-ResourceProperties-1.2-draft-01.xsd}SetResourcePropertyRequestFailedFaultType already exists
OUT>      [java] {http://docs.oasis-open.org/wsrf/2004/06/wsrf-WS-ResourceProperties-1.2-draft-01.xsd}SetResourcePropertyRequestFailedFault already exists
OUT>      [java] {http://docs.oasis-open.org/wsrf/2004/06/wsrf-WS-ResourceProperties-1.2-draft-01.xsd}QueryResourceProperties already exists
OUT>      [java] {http://docs.oasis-open.org/wsrf/2004/06/wsrf-WS-ResourceProperties-1.2-draft-01.xsd}>QueryResourceProperties already exists
OUT>      [java] {http://docs.oasis-open.org/wsrf/2004/06/wsrf-WS-ResourceProperties-1.2-draft-01.xsd}QueryResourcePropertiesResponse already exists
OUT>      [java] {http://docs.oasis-open.org/wsrf/2004/06/wsrf-WS-ResourceProperties-1.2-draft-01.xsd}>QueryResourcePropertiesResponse already exists
OUT>      [java] {http://docs.oasis-open.org/wsrf/2004/06/wsrf-WS-ResourceProperties-1.2-draft-01.xsd}UnknownQueryExpressionDialectFaultType already exists
OUT>      [java] {http://docs.oasis-open.org/wsrf/2004/06/wsrf-WS-ResourceProperties-1.2-draft-01.xsd}UnknownQueryExpressionDialectFault already exists
OUT>      [java] {http://docs.oasis-open.org/wsrf/2004/06/wsrf-WS-ResourceProperties-1.2-draft-01.xsd}InvalidQueryExpressionFaultType already exists
OUT>      [java] {http://docs.oasis-open.org/wsrf/2004/06/wsrf-WS-ResourceProperties-1.2-draft-01.xsd}InvalidQueryExpressionFault already exists
OUT>      [java] {http://docs.oasis-open.org/wsrf/2004/06/wsrf-WS-ResourceProperties-1.2-draft-01.xsd}QueryEvaluationErrorFaultType already exists
OUT>      [java] {http://docs.oasis-open.org/wsrf/2004/06/wsrf-WS-ResourceProperties-1.2-draft-01.xsd}QueryEvaluationErrorFault already exists
OUT>      [java] {http://docs.oasis-open.org/wsrf/2004/06/wsrf-WS-ResourceProperties-1.2-draft-01.wsdl}SetResourcePropertiesRequest already exists
OUT>      [java] {http://docs.oasis-open.org/wsrf/2004/06/wsrf-WS-ResourceProperties-1.2-draft-01.wsdl}ResourceUnknownFault already exists
OUT>      [java] {http://docs.oasis-open.org/wsrf/2004/06/wsrf-WS-ResourceProperties-1.2-draft-01.wsdl}SetResourcePropertyRequestFailedFault already exists
OUT>      [java] {http://docs.oasis-open.org/wsrf/2004/06/wsrf-WS-ResourceProperties-1.2-draft-01.wsdl}GetResourcePropertyResponse already exists
OUT>      [java] {http://docs.oasis-open.org/wsrf/2004/06/wsrf-WS-ResourceProperties-1.2-draft-01.wsdl}InvalidQueryExpressionFault already exists
OUT>      [java] {http://docs.oasis-open.org/wsrf/2004/06/wsrf-WS-ResourceProperties-1.2-draft-01.wsdl}UnknownQueryExpressionDialectFault already exists
OUT>      [java] {http://docs.oasis-open.org/wsrf/2004/06/wsrf-WS-ResourceProperties-1.2-draft-01.wsdl}GetMultipleResourcePropertiesRequest already exists
OUT>      [java] {http://docs.oasis-open.org/wsrf/2004/06/wsrf-WS-ResourceProperties-1.2-draft-01.wsdl}UnableToModifyResourcePropertyFault already exists
OUT>      [java] {http://docs.oasis-open.org/wsrf/2004/06/wsrf-WS-ResourceProperties-1.2-draft-01.wsdl}GetResourcePropertyRequest already exists
OUT>      [java] {http://docs.oasis-open.org/wsrf/2004/06/wsrf-WS-ResourceProperties-1.2-draft-01.wsdl}GetMultipleResourcePropertiesResponse already exists
OUT>      [java] {http://docs.oasis-open.org/wsrf/2004/06/wsrf-WS-ResourceProperties-1.2-draft-01.wsdl}QueryResourcePropertiesRequest already exists
OUT>      [java] {http://docs.oasis-open.org/wsrf/2004/06/wsrf-WS-ResourceProperties-1.2-draft-01.wsdl}QueryResourcePropertiesResponse already exists
OUT>      [java] {http://docs.oasis-open.org/wsrf/2004/06/wsrf-WS-ResourceProperties-1.2-draft-01.wsdl}QueryEvaluationErrorFault already exists
OUT>      [java] {http://docs.oasis-open.org/wsrf/2004/06/wsrf-WS-ResourceProperties-1.2-draft-01.wsdl}InvalidResourcePropertyQNameFault already exists
OUT>      [java] {http://docs.oasis-open.org/wsrf/2004/06/wsrf-WS-ResourceProperties-1.2-draft-01.wsdl}SetResourcePropertiesResponse already exists
OUT>      [java] {http://docs.oasis-open.org/wsrf/2004/06/wsrf-WS-ResourceProperties-1.2-draft-01.wsdl}InvalidSetResourcePropertiesRequestContentFault already exists
OUT>      [java] {http://docs.oasis-open.org/wsrf/2004/06/wsrf-WS-ResourceProperties-1.2-draft-01.wsdl}SetResourceProperties already exists
OUT>      [java] {http://docs.oasis-open.org/wsrf/2004/06/wsrf-WS-ResourceProperties-1.2-draft-01.wsdl}QueryResourceProperties already exists
OUT>      [java] {http://docs.oasis-open.org/wsrf/2004/06/wsrf-WS-ResourceProperties-1.2-draft-01.wsdl}GetResourceProperty already exists
OUT>      [java] {http://docs.oasis-open.org/wsrf/2004/06/wsrf-WS-ResourceProperties-1.2-draft-01.wsdl}GetMultipleResourceProperties already exists
OUT>      [java] {http://docs.oasis-open.org/wsrf/2004/06/wsrf-WS-ResourceProperties-1.2-draft-01.xsd}ResourceProperties already exists
OUT>      [java] {http://docs.oasis-open.org/wsrf/2004/06/wsrf-WS-ResourceProperties-1.2-draft-01.xsd}ResourcePropertyValueChangeNotificationType already exists
OUT>      [java] {http://docs.oasis-open.org/wsrf/2004/06/wsrf-WS-ResourceProperties-1.2-draft-01.xsd}>ResourcePropertyValueChangeNotificationType>OldValue already exists
OUT>      [java] {http://docs.oasis-open.org/wsrf/2004/06/wsrf-WS-ResourceProperties-1.2-draft-01.xsd}>ResourcePropertyValueChangeNotificationType>NewValue already exists
OUT>      [java] {http://docs.oasis-open.org/wsrf/2004/06/wsrf-WS-ResourceProperties-1.2-draft-01.xsd}ResourcePropertyValueChangeNotification already exists
OUT>      [java] {http://docs.oasis-open.org/wsrf/2004/06/wsrf-WS-ResourceProperties-1.2-draft-01.xsd}QueryExpressionType already exists
OUT>      [java] {http://docs.oasis-open.org/wsrf/2004/06/wsrf-WS-ResourceProperties-1.2-draft-01.xsd}QueryExpression already exists
OUT>      [java] {http://docs.oasis-open.org/wsrf/2004/06/wsrf-WS-ResourceProperties-1.2-draft-01.xsd}GetResourceProperty already exists
OUT>      [java] {http://docs.oasis-open.org/wsrf/2004/06/wsrf-WS-ResourceProperties-1.2-draft-01.xsd}GetResourcePropertyResponse already exists
OUT>      [java] {http://docs.oasis-open.org/wsrf/2004/06/wsrf-WS-ResourceProperties-1.2-draft-01.xsd}>GetResourcePropertyResponse already exists
OUT>      [java] {http://docs.oasis-open.org/wsrf/2004/06/wsrf-WS-ResourceProperties-1.2-draft-01.xsd}ResourceUnknownFaultType already exists
OUT>      [java] {http://docs.oasis-open.org/wsrf/2004/06/wsrf-WS-ResourceProperties-1.2-draft-01.xsd}ResourceUnknownFault already exists
OUT>      [java] {http://docs.oasis-open.org/wsrf/2004/06/wsrf-WS-ResourceProperties-1.2-draft-01.xsd}InvalidResourcePropertyQNameFaultType already exists
OUT>      [java] {http://docs.oasis-open.org/wsrf/2004/06/wsrf-WS-ResourceProperties-1.2-draft-01.xsd}InvalidResourcePropertyQNameFault already exists
OUT>      [java] {http://docs.oasis-open.org/wsrf/2004/06/wsrf-WS-ResourceProperties-1.2-draft-01.xsd}GetMultipleResourceProperties already exists
OUT>      [java] {http://docs.oasis-open.org/wsrf/2004/06/wsrf-WS-ResourceProperties-1.2-draft-01.xsd}>GetMultipleResourceProperties already exists
OUT>      [java] {http://docs.oasis-open.org/wsrf/2004/06/wsrf-WS-ResourceProperties-1.2-draft-01.xsd}GetMultipleResourcePropertiesResponse already exists
OUT>      [java] {http://docs.oasis-open.org/wsrf/2004/06/wsrf-WS-ResourceProperties-1.2-draft-01.xsd}>GetMultipleResourcePropertiesResponse already exists
OUT>      [java] {http://docs.oasis-open.org/wsrf/2004/06/wsrf-WS-ResourceProperties-1.2-draft-01.xsd}InsertType already exists
OUT>      [java] {http://docs.oasis-open.org/wsrf/2004/06/wsrf-WS-ResourceProperties-1.2-draft-01.xsd}Insert already exists
OUT>      [java] {http://docs.oasis-open.org/wsrf/2004/06/wsrf-WS-ResourceProperties-1.2-draft-01.xsd}UpdateType already exists
OUT>      [java] {http://docs.oasis-open.org/wsrf/2004/06/wsrf-WS-ResourceProperties-1.2-draft-01.xsd}Update already exists
OUT>      [java] {http://docs.oasis-open.org/wsrf/2004/06/wsrf-WS-ResourceProperties-1.2-draft-01.xsd}DeleteType already exists
OUT>      [java] {http://docs.oasis-open.org/wsrf/2004/06/wsrf-WS-ResourceProperties-1.2-draft-01.xsd}Delete already exists
OUT>      [java] {http://docs.oasis-open.org/wsrf/2004/06/wsrf-WS-ResourceProperties-1.2-draft-01.xsd}SetResourceProperties already exists
OUT>      [java] {http://docs.oasis-open.org/wsrf/2004/06/wsrf-WS-ResourceProperties-1.2-draft-01.xsd}>SetResourceProperties already exists
OUT>      [java] {http://docs.oasis-open.org/wsrf/2004/06/wsrf-WS-ResourceProperties-1.2-draft-01.xsd}SetResourcePropertiesResponse already exists
OUT>      [java] {http://docs.oasis-open.org/wsrf/2004/06/wsrf-WS-ResourceProperties-1.2-draft-01.xsd}>SetResourcePropertiesResponse already exists
OUT>      [java] {http://docs.oasis-open.org/wsrf/2004/06/wsrf-WS-ResourceProperties-1.2-draft-01.xsd}InvalidSetResourcePropertiesRequestContentFaultType already exists
OUT>      [java] {http://docs.oasis-open.org/wsrf/2004/06/wsrf-WS-ResourceProperties-1.2-draft-01.xsd}InvalidSetResourcePropertiesRequestContentFault already exists
OUT>      [java] {http://docs.oasis-open.org/wsrf/2004/06/wsrf-WS-ResourceProperties-1.2-draft-01.xsd}UnableToModifyResourcePropertyFaultType already exists
OUT>      [java] {http://docs.oasis-open.org/wsrf/2004/06/wsrf-WS-ResourceProperties-1.2-draft-01.xsd}UnableToModifyResourcePropertyFault already exists
OUT>      [java] {http://docs.oasis-open.org/wsrf/2004/06/wsrf-WS-ResourceProperties-1.2-draft-01.xsd}SetResourcePropertyRequestFailedFaultType already exists
OUT>      [java] {http://docs.oasis-open.org/wsrf/2004/06/wsrf-WS-ResourceProperties-1.2-draft-01.xsd}SetResourcePropertyRequestFailedFault already exists
OUT>      [java] {http://docs.oasis-open.org/wsrf/2004/06/wsrf-WS-ResourceProperties-1.2-draft-01.xsd}QueryResourceProperties already exists
OUT>      [java] {http://docs.oasis-open.org/wsrf/2004/06/wsrf-WS-ResourceProperties-1.2-draft-01.xsd}>QueryResourceProperties already exists
OUT>      [java] {http://docs.oasis-open.org/wsrf/2004/06/wsrf-WS-ResourceProperties-1.2-draft-01.xsd}QueryResourcePropertiesResponse already exists
OUT>      [java] {http://docs.oasis-open.org/wsrf/2004/06/wsrf-WS-ResourceProperties-1.2-draft-01.xsd}>QueryResourcePropertiesResponse already exists
OUT>      [java] {http://docs.oasis-open.org/wsrf/2004/06/wsrf-WS-ResourceProperties-1.2-draft-01.xsd}UnknownQueryExpressionDialectFaultType already exists
OUT>      [java] {http://docs.oasis-open.org/wsrf/2004/06/wsrf-WS-ResourceProperties-1.2-draft-01.xsd}UnknownQueryExpressionDialectFault already exists
OUT>      [java] {http://docs.oasis-open.org/wsrf/2004/06/wsrf-WS-ResourceProperties-1.2-draft-01.xsd}InvalidQueryExpressionFaultType already exists
OUT>      [java] {http://docs.oasis-open.org/wsrf/2004/06/wsrf-WS-ResourceProperties-1.2-draft-01.xsd}InvalidQueryExpressionFault already exists
OUT>      [java] {http://docs.oasis-open.org/wsrf/2004/06/wsrf-WS-ResourceProperties-1.2-draft-01.xsd}QueryEvaluationErrorFaultType already exists
OUT>      [java] {http://docs.oasis-open.org/wsrf/2004/06/wsrf-WS-ResourceProperties-1.2-draft-01.xsd}QueryEvaluationErrorFault already exists
OUT>      [java] {http://docs.oasis-open.org/wsrf/2004/06/wsrf-WS-ResourceProperties-1.2-draft-01.wsdl}SetResourcePropertiesRequest already exists
OUT>      [java] {http://docs.oasis-open.org/wsrf/2004/06/wsrf-WS-ResourceProperties-1.2-draft-01.wsdl}ResourceUnknownFault already exists
OUT>      [java] {http://docs.oasis-open.org/wsrf/2004/06/wsrf-WS-ResourceProperties-1.2-draft-01.wsdl}SetResourcePropertyRequestFailedFault already exists
OUT>      [java] {http://docs.oasis-open.org/wsrf/2004/06/wsrf-WS-ResourceProperties-1.2-draft-01.wsdl}GetResourcePropertyResponse already exists
OUT>      [java] {http://docs.oasis-open.org/wsrf/2004/06/wsrf-WS-ResourceProperties-1.2-draft-01.wsdl}InvalidQueryExpressionFault already exists
OUT>      [java] {http://docs.oasis-open.org/wsrf/2004/06/wsrf-WS-ResourceProperties-1.2-draft-01.wsdl}UnknownQueryExpressionDialectFault already exists
OUT>      [java] {http://docs.oasis-open.org/wsrf/2004/06/wsrf-WS-ResourceProperties-1.2-draft-01.wsdl}GetMultipleResourcePropertiesRequest already exists
OUT>      [java] {http://docs.oasis-open.org/wsrf/2004/06/wsrf-WS-ResourceProperties-1.2-draft-01.wsdl}UnableToModifyResourcePropertyFault already exists
OUT>      [java] {http://docs.oasis-open.org/wsrf/2004/06/wsrf-WS-ResourceProperties-1.2-draft-01.wsdl}GetResourcePropertyRequest already exists
OUT>      [java] {http://docs.oasis-open.org/wsrf/2004/06/wsrf-WS-ResourceProperties-1.2-draft-01.wsdl}GetMultipleResourcePropertiesResponse already exists
OUT>      [java] {http://docs.oasis-open.org/wsrf/2004/06/wsrf-WS-ResourceProperties-1.2-draft-01.wsdl}QueryResourcePropertiesRequest already exists
OUT>      [java] {http://docs.oasis-open.org/wsrf/2004/06/wsrf-WS-ResourceProperties-1.2-draft-01.wsdl}QueryResourcePropertiesResponse already exists
OUT>      [java] {http://docs.oasis-open.org/wsrf/2004/06/wsrf-WS-ResourceProperties-1.2-draft-01.wsdl}QueryEvaluationErrorFault already exists
OUT>      [java] {http://docs.oasis-open.org/wsrf/2004/06/wsrf-WS-ResourceProperties-1.2-draft-01.wsdl}InvalidResourcePropertyQNameFault already exists
OUT>      [java] {http://docs.oasis-open.org/wsrf/2004/06/wsrf-WS-ResourceProperties-1.2-draft-01.wsdl}SetResourcePropertiesResponse already exists
OUT>      [java] {http://docs.oasis-open.org/wsrf/2004/06/wsrf-WS-ResourceProperties-1.2-draft-01.wsdl}InvalidSetResourcePropertiesRequestContentFault already exists
OUT>      [java] {http://docs.oasis-open.org/wsrf/2004/06/wsrf-WS-ResourceProperties-1.2-draft-01.wsdl}SetResourceProperties already exists
OUT>      [java] {http://docs.oasis-open.org/wsrf/2004/06/wsrf-WS-ResourceProperties-1.2-draft-01.wsdl}QueryResourceProperties already exists
OUT>      [java] {http://docs.oasis-open.org/wsrf/2004/06/wsrf-WS-ResourceProperties-1.2-draft-01.wsdl}GetResourceProperty already exists
OUT>      [java] {http://docs.oasis-open.org/wsrf/2004/06/wsrf-WS-ResourceProperties-1.2-draft-01.wsdl}GetMultipleResourceProperties already exists
OUT>      [java] [Thread-2] INFO  toJava.JavaGeneratorFactory  - excluding code generation for non-included QName:{gme://caCORE.caCORE/3.2/gov.nih.nci.cacoresdk.domain.onetomany.unidirectional}LatchKey[0,unbounded]
OUT>      [java] [Thread-2] INFO  toJava.JavaGeneratorFactory  - excluding code generation for non-included QName:{gme://caCORE.caCORE/3.2/gov.nih.nci.cacoresdk.domain.other.differentpackage}Dessert[0,unbounded]
OUT>      [java] [Thread-2] INFO  toJava.JavaGeneratorFactory  - excluding code generation for non-included QName:{gme://caCORE.caCORE/3.2/gov.nih.nci.cacoresdk.domain.inheritance.parentwithassociation}Assistant[0,unbounded]
OUT>      [java] [Thread-2] INFO  toJava.JavaGeneratorFactory  - excluding code generation for non-included QName:{uri:iso.org:21090}tbody[,unbounded]
OUT>      [java] [Thread-2] INFO  toJava.JavaGeneratorFactory  - excluding code generation for non-included QName:{uri:iso.org:21090}colgroup[0,unbounded]
OUT>      [java] [Thread-2] INFO  toJava.JavaGeneratorFactory  - excluding code generation for non-included QName:{gme://caGrid.caBIG/1.0/gov.nih.nci.cagrid.metadata.common}UMLAttribute[0,unbounded]
OUT>      [java] [Thread-2] INFO  toJava.JavaGeneratorFactory  - excluding code generation for non-included QName:{uri:iso.org:21090}col[0,unbounded]
OUT>      [java] [Thread-2] INFO  toJava.JavaGeneratorFactory  - excluding code generation for non-included QName:{gme://caCORE.caCORE/3.2/gov.nih.nci.cacoresdk.domain.inheritance.abstrakt}Pupil[0,unbounded]
OUT>      [java] [Thread-2] INFO  toJava.JavaGeneratorFactory  - excluding code generation for non-included QName:{http://docs.oasis-open.org/wsn/2004/06/wsn-WS-BaseNotification-1.2-draft-01.xsd}Topic[,unbounded]
OUT>      [java] [Thread-2] INFO  toJava.JavaGeneratorFactory  - excluding code generation for non-included QName:{gme://caCORE.caCORE/3.2/gov.nih.nci.cacoresdk.domain.manytomany.bidirectional}Employee[0,unbounded]
OUT>      [java] [Thread-2] INFO  toJava.JavaGeneratorFactory  - excluding code generation for non-included QName:{gme://caCORE.caCORE/3.2/gov.nih.nci.cacoresdk.domain.manytomany.bidirectional}Project[0,unbounded]
OUT>      [java] [Thread-2] INFO  toJava.JavaGeneratorFactory  - excluding code generation for non-included QName:{gme://caCORE.caCORE/3.2/gov.nih.nci.cacoresdk.domain.inheritance.implicit}Tank[0,unbounded]
OUT>      [java] [Thread-2] INFO  toJava.JavaGeneratorFactory  - excluding code generation for non-included QName:{gme://caCORE.caCORE/3.2/gov.nih.nci.cacoresdk.domain.onetomany.unidirectional.withjoin}Button[0,unbounded]
OUT>      [java] [Thread-2] INFO  toJava.JavaGeneratorFactory  - excluding code generation for non-included QName:{gme://caGrid.caBIG/1.0/gov.nih.nci.cagrid.metadata.common}SemanticMetadata[0,unbounded]
OUT>      [java] [Thread-2] INFO  toJava.JavaGeneratorFactory  - excluding code generation for non-included QName:{gme://caCORE.caCORE/3.2/gov.nih.nci.cacoresdk.domain.other.differentpackage.associations}Utensil[0,unbounded]
OUT>      [java] [Thread-2] INFO  toJava.JavaGeneratorFactory  - excluding code generation for non-included QName:{gme://caCORE.caCORE/3.2/gov.nih.nci.cacoresdk.domain.onetomany.selfassociation}Element[0,unbounded]
OUT>      [java] [Thread-2] INFO  toJava.JavaGeneratorFactory  - excluding code generation for non-included QName:{gme://caCORE.caCORE/3.2/gov.nih.nci.cacoresdk.domain.other.levelassociation}Card[0,unbounded]
OUT>      [java] [Thread-2] INFO  toJava.JavaGeneratorFactory  - excluding code generation for non-included QName:{gme://caGrid.caBIG/1.0/gov.nih.nci.cagrid.metadata.service}ServiceContext[,unbounded]
OUT>      [java] [Thread-2] INFO  toJava.JavaGeneratorFactory  - excluding code generation for non-included QName:{gme://caGrid.caBIG/1.0/gov.nih.nci.cagrid.metadata.service}ContextProperty[0,unbounded]
OUT>      [java] [Thread-2] INFO  toJava.JavaGeneratorFactory  - excluding code generation for non-included QName:{gme://caCORE.caCORE/3.2/gov.nih.nci.cacoresdk.domain.inheritance.parentwithassociation.sametable}Luggage[0,unbounded]
OUT>      [java] [Thread-2] INFO  toJava.JavaGeneratorFactory  - excluding code generation for non-included QName:{gme://caGrid.caBIG/1.0/gov.nih.nci.cagrid.metadata.service}Operation[0,unbounded]
OUT>      [java] [Thread-2] INFO  toJava.JavaGeneratorFactory  - excluding code generation for non-included QName:{gme://caGrid.caBIG/1.0/gov.nih.nci.cagrid.metadata.common}PointOfContact[0,unbounded]
OUT>      [java] [Thread-2] INFO  toJava.JavaGeneratorFactory  - excluding code generation for non-included QName:{gme://caCORE.caCORE/3.2/gov.nih.nci.cacoresdk.domain.inheritance.implicit}Substrate[0,unbounded]
OUT>      [java] [Thread-2] INFO  toJava.JavaGeneratorFactory  - excluding code generation for non-included QName:{gme://caGrid.caBIG/1.0/gov.nih.nci.cagrid.metadata.service}InputParameter[0,unbounded]
OUT>      [java] [Thread-2] INFO  toJava.JavaGeneratorFactory  - excluding code generation for non-included QName:{gme://caCORE.caCORE/3.2/gov.nih.nci.cacoresdk.domain.onetomany.bidirectional}HardDrive[0,unbounded]
OUT>      [java] [Thread-2] INFO  toJava.JavaGeneratorFactory  - excluding code generation for non-included QName:{gme://caGrid.caBIG/1.0/gov.nih.nci.cagrid.metadata.service}Fault[0,unbounded]
OUT>      [java] [Thread-2] INFO  toJava.JavaGeneratorFactory  - excluding code generation for non-included QName:{gme://caCORE.caCORE/3.2/gov.nih.nci.cacoresdk.domain.other.levelassociation}Suit[0,unbounded]
OUT>      [java] [Thread-2] INFO  toJava.JavaGeneratorFactory  - excluding code generation for non-included QName:{uri:iso.org:21090}item[,unbounded]
OUT>      [java] [Thread-2] INFO  toJava.JavaGeneratorFactory  - excluding code generation for non-included QName:{gme://caCORE.caCORE/3.2/gov.nih.nci.cacoresdk.domain.manytomany.unidirectional}Author[0,unbounded]
OUT>      [java] [Thread-2] INFO  toJava.JavaGeneratorFactory  - excluding code generation for non-included QName:{gme://caGrid.caBIG/1.0/gov.nih.nci.cagrid.metadata.common}Enumeration[0,unbounded]
OUT>      [java] [Thread-2] INFO  toJava.JavaGeneratorFactory  - excluding code generation for non-included QName:{gme://caGrid.caBIG/1.0/gov.nih.nci.cagrid.metadata.security}Operation[0,unbounded]
OUT>      [java] [Thread-2] INFO  toJava.JavaGeneratorFactory  - excluding code generation for non-included QName:{gme://caCORE.caCORE/3.2/gov.nih.nci.cacoresdk.domain.onetomany.bidirectional.withjoin}Passanger[0,unbounded]
OUT>      [java] [Thread-2] INFO  toJava.JavaGeneratorFactory  - excluding code generation for non-included QName:{http://docs.oasis-open.org/wsn/2004/06/wsn-WS-BaseNotification-1.2-draft-01.xsd}TopicExpressionDialects[,unbounded]
OUT>      [java] [Thread-2] INFO  toJava.JavaGeneratorFactory  - excluding code generation for non-included QName:{gme://caCORE.caCORE/3.2/gov.nih.nci.cacoresdk.domain.inheritance.twolevelinheritance.sametablerootlevel}ScientificCalculator
OUT>      [java] [Thread-2] INFO  toJava.JavaGeneratorFactory  - excluding code generation for non-included QName:{http://docs.oasis-open.org/wsn/2004/06/wsn-WS-BaseNotification-1.2-draft-01.xsd}NotificationMessageHolderType
OUT>      [java] [Thread-2] INFO  toJava.JavaGeneratorFactory  - excluding code generation for non-included QName:{http://docs.oasis-open.org/wsrf/2004/06/wsrf-WS-ResourceLifetime-1.2-draft-01.xsd}>SetTerminationTimeResponse
OUT>      [java] [Thread-2] INFO  toJava.JavaGeneratorFactory  - excluding code generation for non-included QName:{gme://caCORE.caCORE/3.2/gov.nih.nci.cacoresdk.domain.inheritance.implicit}DiscusFish
OUT>      [java] [Thread-2] INFO  toJava.JavaGeneratorFactory  - excluding code generation for non-included QName:{uri:iso.org:21090}LIST_CD.CE.None
OUT>      [java] [Thread-2] INFO  toJava.JavaGeneratorFactory  - excluding code generation for non-included QName:{http://schemas.xmlsoap.org/ws/2004/03/addressing}AttributedURI
OUT>      [java] [Thread-2] INFO  toJava.JavaGeneratorFactory  - excluding code generation for non-included QName:{uri:iso.org:21090}UVP_CS
OUT>      [java] [Thread-2] INFO  toJava.JavaGeneratorFactory  - excluding code generation for non-included QName:{uri:iso.org:21090}DSET_EN.TN
OUT>      [java] [Thread-2] INFO  toJava.JavaGeneratorFactory  - excluding code generation for non-included QName:{uri:iso.org:21090}CO[0,0]
OUT>      [java] [Thread-2] INFO  toJava.JavaGeneratorFactory  - excluding code generation for non-included QName:{uri:iso.org:21090}BAG_PQ
OUT>      [java] [Thread-2] INFO  toJava.JavaGeneratorFactory  - excluding code generation for non-included QName:{http://CQL.caBIG/2/org.cagrid.cql2}BinaryPredicate
OUT>      [java] [Thread-2] INFO  toJava.JavaGeneratorFactory  - excluding code generation for non-included QName:{uri:iso.org:21090}UVP_EN.TN
OUT>      [java] [Thread-2] INFO  toJava.JavaGeneratorFactory  - excluding code generation for non-included QName:{http://docs.oasis-open.org/wsn/2004/06/wsn-WS-BaseNotification-1.2-draft-01.xsd}>NotificationProducerRP
OUT>      [java] [Thread-2] INFO  toJava.JavaGeneratorFactory  - excluding code generation for non-included QName:{uri:iso.org:21090}GLIST_MO
OUT>      [java] [Thread-2] INFO  toJava.JavaGeneratorFactory  - excluding code generation for non-included QName:{uri:iso.org:21090}IVL.Low_TS.DateTime.Full
OUT>      [java] [Thread-2] INFO  toJava.JavaGeneratorFactory  - excluding code generation for non-included QName:{uri:iso.org:21090}HIST_ED.Signature
OUT>      [java] [Thread-2] INFO  toJava.JavaGeneratorFactory  - excluding code generation for non-included QName:{gme://caCORE.caCORE/3.2/gov.nih.nci.cacoresdk.domain.manytoone.unidirectional.withjoin}Album
OUT>      [java] [Thread-2] INFO  toJava.JavaGeneratorFactory  - excluding code generation for non-included QName:{uri:iso.org:21090}QSS_TS.Date.Full
OUT>      [java] [Thread-2] INFO  toJava.JavaGeneratorFactory  - excluding code generation for non-included QName:{gme://caCORE.caCORE/3.2/gov.nih.nci.cacoresdk.domain.other.datatype}CdDataType
OUT>      [java] [Thread-2] INFO  toJava.JavaGeneratorFactory  - excluding code generation for non-included QName:{uri:iso.org:21090}UVP_CO
OUT>      [java] [Thread-2] INFO  toJava.JavaGeneratorFactory  - excluding code generation for non-included QName:{http://CQL.caBIG/2/org.cagrid.cql2}UnaryPredicate
OUT>      [java] [Thread-2] INFO  toJava.JavaGeneratorFactory  - excluding code generation for non-included QName:{gme://caCORE.caCORE/3.2/gov.nih.nci.cacoresdk.domain.manytomany.unidirectional}Book
OUT>      [java] [Thread-2] INFO  toJava.JavaGeneratorFactory  - excluding code generation for non-included QName:{uri:iso.org:21090}PIVL_TS.Date.Full
OUT>      [java] [Thread-2] INFO  toJava.JavaGeneratorFactory  - excluding code generation for non-included QName:{uri:iso.org:21090}DSET_SC
OUT>      [java] [Thread-2] INFO  toJava.JavaGeneratorFactory  - excluding code generation for non-included QName:{uri:iso.org:21090}UVP_CD
OUT>      [java] [Thread-2] INFO  toJava.JavaGeneratorFactory  - excluding code generation for non-included QName:{uri:iso.org:21090}DSET_RTO
OUT>      [java] [Thread-2] INFO  toJava.JavaGeneratorFactory  - excluding code generation for non-included QName:{gme://caCORE.caCORE/3.2/gov.nih.nci.cacoresdk.domain.inheritance.twolevelinheritance}Monitor
OUT>      [java] [Thread-2] INFO  toJava.JavaGeneratorFactory  - excluding code generation for non-included QName:{uri:iso.org:21090}>>td>scope
OUT>      [java] [Thread-2] INFO  toJava.JavaGeneratorFactory  - excluding code generation for non-included QName:{gme://caGrid.caBIG/1.0/gov.nih.nci.cagrid.metadata.security}GSITransport
OUT>      [java] [Thread-2] INFO  toJava.JavaGeneratorFactory  - excluding code generation for non-included QName:{uri:iso.org:21090}HIST_II
OUT>      [java] [Thread-2] INFO  toJava.JavaGeneratorFactory  - excluding code generation for non-included QName:{uri:iso.org:21090}BAG_INT.Positive
OUT>      [java] [Thread-2] INFO  toJava.JavaGeneratorFactory  - excluding code generation for non-included QName:{uri:iso.org:21090}QSI_REAL
OUT>      [java] [Thread-2] INFO  toJava.JavaGeneratorFactory  - excluding code generation for non-included QName:{uri:iso.org:21090}DSET_ST
OUT>      [java] [Thread-2] INFO  toJava.JavaGeneratorFactory  - excluding code generation for non-included QName:{uri:iso.org:21090}UVP_BL
OUT>      [java] [Thread-2] INFO  toJava.JavaGeneratorFactory  - excluding code generation for non-included QName:{uri:iso.org:21090}QSU_TS.DateTime
OUT>      [java] [Thread-2] INFO  toJava.JavaGeneratorFactory  - excluding code generation for non-included QName:{gme://caCORE.caCORE/3.2/gov.nih.nci.cacoresdk.domain.inheritance.twolevelinheritance.sametable}PresidentialGovt
OUT>      [java] [Thread-2] INFO  toJava.JavaGeneratorFactory  - excluding code generation for non-included QName:{uri:iso.org:21090}UVP_TS.Date
OUT>      [java] [Thread-2] INFO  toJava.JavaGeneratorFactory  - excluding code generation for non-included QName:{gme://caCORE.caCORE/3.2/gov.nih.nci.cacoresdk.domain.other.datatype}>AllDataType>stringCollection
OUT>      [java] [Thread-2] INFO  toJava.JavaGeneratorFactory  - excluding code generation for non-included QName:{gme://caCORE.caCORE/3.2/gov.nih.nci.cacoresdk.domain.other.datatype}IvlPqDataType
OUT>      [java] [Thread-2] INFO  toJava.JavaGeneratorFactory  - excluding code generation for non-included QName:{uri:iso.org:21090}QSET_MO[0,unbounded]
OUT>      [java] [Thread-2] INFO  toJava.JavaGeneratorFactory  - excluding code generation for non-included QName:{uri:iso.org:21090}IVL.Width_INT
OUT>      [java] [Thread-2] INFO  toJava.JavaGeneratorFactory  - excluding code generation for non-included QName:{gme://caCORE.caCORE/3.2/gov.nih.nci.cacoresdk.domain.onetomany.unidirectional}LatchKey
OUT>      [java] [Thread-2] INFO  toJava.JavaGeneratorFactory  - excluding code generation for non-included QName:{uri:iso.org:21090}PIVL_TS
OUT>      [java] [Thread-2] INFO  toJava.JavaGeneratorFactory  - excluding code generation for non-included QName:{gme://caCORE.caCORE/3.2/gov.nih.nci.cacoresdk.domain.inheritance.multiplechild}UndergraduateStudent
OUT>      [java] [Thread-2] INFO  toJava.JavaGeneratorFactory  - excluding code generation for non-included QName:{uri:iso.org:21090}NPPD_SC.NT
OUT>      [java] [Thread-2] INFO  toJava.JavaGeneratorFactory  - excluding code generation for non-included QName:{uri:iso.org:21090}QSU_CO
OUT>      [java] [Thread-2] INFO  toJava.JavaGeneratorFactory  - excluding code generation for non-included QName:{uri:iso.org:21090}HIST_EN.ON
OUT>      [java] [Thread-2] INFO  toJava.JavaGeneratorFactory  - excluding code generation for non-included QName:{uri:iso.org:21090}COLL_INT.Positive
OUT>      [java] [Thread-2] INFO  toJava.JavaGeneratorFactory  - excluding code generation for non-included QName:{uri:iso.org:21090}UpdateMode
OUT>      [java] [Thread-2] INFO  toJava.JavaGeneratorFactory  - excluding code generation for non-included QName:{uri:iso.org:21090}DSET_TS
OUT>      [java] [Thread-2] INFO  toJava.JavaGeneratorFactory  - excluding code generation for non-included QName:{uri:iso.org:21090}BAG_TS.Date
OUT>      [java] [Thread-2] INFO  toJava.JavaGeneratorFactory  - excluding code generation for non-included QName:{uri:iso.org:21090}CO[0,unbounded]
OUT>      [java] [Thread-2] INFO  toJava.JavaGeneratorFactory  - excluding code generation for non-included QName:{uri:iso.org:21090}UVP_ED.Signature[0,unbounded]
OUT>      [java] [Thread-2] INFO  toJava.JavaGeneratorFactory  - excluding code generation for non-included QName:{uri:iso.org:21090}CDGroup[0,unbounded]
OUT>      [java] [Thread-2] INFO  toJava.JavaGeneratorFactory  - excluding code generation for non-included QName:{uri:iso.org:21090}QSD_TS.DateTime.Full
OUT>      [java] [Thread-2] INFO  toJava.JavaGeneratorFactory  - excluding code generation for non-included QName:{uri:iso.org:21090}UVP_AD
OUT>      [java] [Thread-2] INFO  toJava.JavaGeneratorFactory  - excluding code generation for non-included QName:{http://docs.oasis-open.org/wsn/2004/06/wsn-WS-BaseNotification-1.2-draft-01.xsd}NotificationMessageHolderType[,unbounded]
OUT>      [java] [Thread-2] INFO  toJava.JavaGeneratorFactory  - excluding code generation for non-included QName:{uri:iso.org:21090}DSET_MO
OUT>      [java] [Thread-2] INFO  toJava.JavaGeneratorFactory  - excluding code generation for non-included QName:{uri:iso.org:21090}DSET_EN.ON
OUT>      [java] [Thread-2] INFO  toJava.JavaGeneratorFactory  - excluding code generation for non-included QName:{uri:iso.org:21090}UVP_INT.Positive[0,unbounded]
OUT>      [java] [Thread-2] INFO  toJava.JavaGeneratorFactory  - excluding code generation for non-included QName:{uri:iso.org:21090}DSET_SC.NT
OUT>      [java] [Thread-2] INFO  toJava.JavaGeneratorFactory  - excluding code generation for non-included QName:{uri:iso.org:21090}IVL.Width_INT.NonNeg
OUT>      [java] [Thread-2] INFO  toJava.JavaGeneratorFactory  - excluding code generation for non-included QName:{uri:iso.org:21090}UVP_RTO[0,unbounded]
OUT>      [java] [Thread-2] INFO  toJava.JavaGeneratorFactory  - excluding code generation for non-included QName:{uri:iso.org:21090}>paragraph
OUT>      [java] [Thread-2] INFO  toJava.JavaGeneratorFactory  - excluding code generation for non-included QName:{uri:iso.org:21090}UVP_TEL[0,unbounded]
OUT>      [java] [Thread-2] INFO  toJava.JavaGeneratorFactory  - excluding code generation for non-included QName:{gme://caCORE.caCORE/3.2/gov.nih.nci.cacoresdk.domain.onetomany.unidirectional.withjoin}>Shirt>buttonCollection
OUT>      [java] [Thread-2] INFO  toJava.JavaGeneratorFactory  - excluding code generation for non-included QName:{http://docs.oasis-open.org/wsrf/2004/06/wsrf-WS-ResourceProperties-1.2-draft-01.xsd}SetResourcePropertyRequestFailedFaultType
OUT>      [java] [Thread-2] INFO  toJava.JavaGeneratorFactory  - excluding code generation for non-included QName:{uri:iso.org:21090}BAG_ED.Doc.Inline
OUT>      [java] [Thread-2] INFO  toJava.JavaGeneratorFactory  - excluding code generation for non-included QName:{uri:iso.org:21090}COLL_TS.Birth
OUT>      [java] [Thread-2] INFO  toJava.JavaGeneratorFactory  - excluding code generation for non-included QName:{gme://caCORE.caCORE/3.2/gov.nih.nci.cacoresdk.domain.onetoone.bidirectional}Product
OUT>      [java] [Thread-2] INFO  toJava.JavaGeneratorFactory  - excluding code generation for non-included QName:{uri:iso.org:21090}IVL.High_TS.Date.Full
OUT>      [java] [Thread-2] INFO  toJava.JavaGeneratorFactory  - excluding code generation for non-included QName:{uri:iso.org:21090}INT.NonNeg[0,0]
OUT>      [java] [Thread-2] INFO  toJava.JavaGeneratorFactory  - excluding code generation for non-included QName:{uri:iso.org:21090}DSET_EN.PN
OUT>      [java] [Thread-2] INFO  toJava.JavaGeneratorFactory  - excluding code generation for non-included QName:{uri:iso.org:21090}UVP_ST.NT[0,unbounded]
OUT>      [java] [Thread-2] INFO  toJava.JavaGeneratorFactory  - excluding code generation for non-included QName:{uri:iso.org:21090}SLIST_INT.Positive
OUT>      [java] [Thread-2] INFO  toJava.JavaGeneratorFactory  - excluding code generation for non-included QName:{gme://caCORE.caCORE/3.2/gov.nih.nci.cacoresdk.domain.inheritance.childwithassociation}Cash
OUT>      [java] [Thread-2] INFO  toJava.JavaGeneratorFactory  - excluding code generation for non-included QName:{uri:iso.org:21090}UVP_SC.NT
OUT>      [java] [Thread-2] INFO  toJava.JavaGeneratorFactory  - excluding code generation for non-included QName:{uri:iso.org:21090}NPPD_TS.DateTime.Full
OUT>      [java] [Thread-2] INFO  toJava.JavaGeneratorFactory  - excluding code generation for non-included QName:{uri:iso.org:21090}ADXP[0,unbounded]
OUT>      [java] [Thread-2] INFO  toJava.JavaGeneratorFactory  - excluding code generation for non-included QName:{gme://caCORE.caCORE/3.2/gov.nih.nci.cacoresdk.domain.inheritance.parentwithassociation.sametable}HardTopType
OUT>      [java] [Thread-2] INFO  toJava.JavaGeneratorFactory  - excluding code generation for non-included QName:{uri:iso.org:21090}DSET_TEL.Email
OUT>      [java] [Thread-2] INFO  toJava.JavaGeneratorFactory  - excluding code generation for non-included QName:{uri:iso.org:21090}BAG_PQ.Time
OUT>      [java] [Thread-2] INFO  toJava.JavaGeneratorFactory  - excluding code generation for non-included QName:{uri:iso.org:21090}GLIST_REAL
OUT>      [java] [Thread-2] INFO  toJava.JavaGeneratorFactory  - excluding code generation for non-included QName:{uri:iso.org:21090}SLIST_CO
OUT>      [java] [Thread-2] INFO  toJava.JavaGeneratorFactory  - excluding code generation for non-included QName:{uri:iso.org:21090}UVP_AD[0,unbounded]
OUT>      [java] [Thread-2] INFO  toJava.JavaGeneratorFactory  - excluding code generation for non-included QName:{uri:iso.org:21090}BAG_INT.NonNeg
OUT>      [java] [Thread-2] INFO  toJava.JavaGeneratorFactory  - excluding code generation for non-included QName:{uri:iso.org:21090}HIST_MO
OUT>      [java] [Thread-2] INFO  toJava.JavaGeneratorFactory  - excluding code generation for non-included QName:{uri:iso.org:21090}>>thead>align
OUT>      [java] [Thread-2] INFO  toJava.JavaGeneratorFactory  - excluding code generation for non-included QName:{http://CQL.caBIG/2/org.cagrid.cql2}NamedAssociation[0,unbounded]
OUT>      [java] [Thread-2] INFO  toJava.JavaGeneratorFactory  - excluding code generation for non-included QName:{uri:iso.org:21090}DSET_ED.Signature
OUT>      [java] [Thread-2] INFO  toJava.JavaGeneratorFactory  - excluding code generation for non-included QName:{uri:iso.org:21090}ENXP
OUT>      [java] [Thread-2] INFO  toJava.JavaGeneratorFactory  - excluding code generation for non-included QName:{gme://caCORE.caCORE/3.2/gov.nih.nci.cacoresdk.domain.inheritance.twolevelinheritance}Display
OUT>      [java] [Thread-2] INFO  toJava.JavaGeneratorFactory  - excluding code generation for non-included QName:{uri:iso.org:21090}>>tfoot>valign
OUT>      [java] [Thread-2] INFO  toJava.JavaGeneratorFactory  - excluding code generation for non-included QName:{uri:iso.org:21090}QSET_CO[0,unbounded]
OUT>      [java] [Thread-2] INFO  toJava.JavaGeneratorFactory  - excluding code generation for non-included QName:{uri:iso.org:21090}>>col>valign
OUT>      [java] [Thread-2] INFO  toJava.JavaGeneratorFactory  - excluding code generation for non-included QName:{uri:iso.org:21090}BAG_CD.CE
OUT>      [java] [Thread-2] INFO  toJava.JavaGeneratorFactory  - excluding code generation for non-included QName:{uri:iso.org:21090}NPPD_AD
OUT>      [java] [Thread-2] INFO  toJava.JavaGeneratorFactory  - excluding code generation for non-included QName:{gme://caCORE.caCORE/3.2/gov.nih.nci.cacoresdk.domain.inheritance.twolevelinheritance.sametablerootlevel}GraphicCalculator
OUT>      [java] [Thread-2] INFO  toJava.JavaGeneratorFactory  - excluding code generation for non-included QName:{uri:iso.org:21090}>>thead>valign
OUT>      [java] [Thread-2] INFO  toJava.JavaGeneratorFactory  - excluding code generation for non-included QName:{gme://caCORE.caCORE/3.2/gov.nih.nci.cacoresdk.domain.inheritance.twolevelinheritance.sametablerootlevel}Calculator
OUT>      [java] [Thread-2] INFO  toJava.JavaGeneratorFactory  - excluding code generation for non-included QName:{uri:iso.org:21090}GLIST_TS.DateTime
OUT>      [java] [Thread-2] INFO  toJava.JavaGeneratorFactory  - excluding code generation for non-included QName:{gme://caCORE.caCORE/3.2/gov.nih.nci.cacoresdk.domain.other.datatype}EnPnDataType
OUT>      [java] [Thread-2] INFO  toJava.JavaGeneratorFactory  - excluding code generation for non-included QName:{uri:iso.org:21090}BAG_BL.NonNull
OUT>      [java] [Thread-2] INFO  toJava.JavaGeneratorFactory  - excluding code generation for non-included QName:{uri:iso.org:21090}IVL.High_REAL
OUT>      [java] [Thread-2] INFO  toJava.JavaGeneratorFactory  - excluding code generation for non-included QName:{uri:iso.org:21090}DSET_PQ
OUT>      [java] [Thread-2] INFO  toJava.JavaGeneratorFactory  - excluding code generation for non-included QName:{uri:iso.org:21090}UVP_TEL.Phone[0,unbounded]
OUT>      [java] [Thread-2] INFO  toJava.JavaGeneratorFactory  - excluding code generation for non-included QName:{gme://caGrid.caBIG/1.0/gov.nih.nci.cagrid.metadata.security}>ServiceSecurityMetadata>operations
OUT>      [java] [Thread-2] INFO  toJava.JavaGeneratorFactory  - excluding code generation for non-included QName:{http://docs.oasis-open.org/wsrf/2004/06/wsrf-WS-ResourceProperties-1.2-draft-01.xsd}>SetResourcePropertiesResponse
OUT>      [java] [Thread-2] INFO  toJava.JavaGeneratorFactory  - excluding code generation for non-included QName:{uri:iso.org:21090}>>content>revised
OUT>      [java] [Thread-2] INFO  toJava.JavaGeneratorFactory  - excluding code generation for non-included QName:{uri:iso.org:21090}TS.DateTime.Full
OUT>      [java] [Thread-2] INFO  toJava.JavaGeneratorFactory  - excluding code generation for non-included QName:{http://docs.oasis-open.org/wsrf/2004/06/wsrf-WS-ResourceProperties-1.2-draft-01.xsd}UnableToModifyResourcePropertyFaultType
OUT>      [java] [Thread-2] INFO  toJava.JavaGeneratorFactory  - excluding code generation for non-included QName:{uri:iso.org:21090}set_EntityNameUse
OUT>      [java] [Thread-2] INFO  toJava.JavaGeneratorFactory  - excluding code generation for non-included QName:{uri:iso.org:21090}NPPD_BL
OUT>      [java] [Thread-2] INFO  toJava.JavaGeneratorFactory  - excluding code generation for non-included QName:{gme://caCORE.caCORE/3.2/gov.nih.nci.cacoresdk.domain.inheritance.childwithassociation}Credit
OUT>      [java] [Thread-2] INFO  toJava.JavaGeneratorFactory  - excluding code generation for non-included QName:{uri:iso.org:21090}IVL.High_TS.DateTime
OUT>      [java] [Thread-2] INFO  toJava.JavaGeneratorFactory  - excluding code generation for non-included QName:{uri:iso.org:21090}BAG_MO
OUT>      [java] [Thread-2] INFO  toJava.JavaGeneratorFactory  - excluding code generation for non-included QName:{http://docs.oasis-open.org/wsn/2004/06/wsn-WS-BaseNotification-1.2-draft-01.xsd}ResourceUnknownFaultType
OUT>      [java] [Thread-2] INFO  toJava.JavaGeneratorFactory  - excluding code generation for non-included QName:{uri:iso.org:21090}DSET_INT.NonNeg
OUT>      [java] [Thread-2] INFO  toJava.JavaGeneratorFactory  - excluding code generation for non-included QName:{gme://caCORE.caCORE/3.2/gov.nih.nci.cacoresdk.domain.other.primarykey}FloatKey
OUT>      [java] [Thread-2] INFO  toJava.JavaGeneratorFactory  - excluding code generation for non-included QName:{gme://caCORE.caCORE/3.2/gov.nih.nci.cacoresdk.domain.inheritance.twolevelinheritance}LCDMonitor
OUT>      [java] [Thread-2] INFO  toJava.JavaGeneratorFactory  - excluding code generation for non-included QName:{uri:iso.org:21090}COLL_ED.Doc.Ref
OUT>      [java] [Thread-2] INFO  toJava.JavaGeneratorFactory  - excluding code generation for non-included QName:{uri:iso.org:21090}QSET_TS.DateTime
OUT>      [java] [Thread-2] INFO  toJava.JavaGeneratorFactory  - excluding code generation for non-included QName:{uri:iso.org:21090}IVL.Low_REAL
OUT>      [java] [Thread-2] INFO  toJava.JavaGeneratorFactory  - excluding code generation for non-included QName:{uri:iso.org:21090}NPPD_ED.Signature
OUT>      [java] [Thread-2] INFO  toJava.JavaGeneratorFactory  - excluding code generation for non-included QName:{uri:iso.org:21090}TEL.Phone
OUT>      [java] [Thread-2] INFO  toJava.JavaGeneratorFactory  - excluding code generation for non-included QName:{uri:iso.org:21090}UVP_TS.DateTime[0,unbounded]
OUT>      [java] [Thread-2] INFO  toJava.JavaGeneratorFactory  - excluding code generation for non-included QName:{uri:iso.org:21090}LIST_INT
OUT>      [java] [Thread-2] INFO  toJava.JavaGeneratorFactory  - excluding code generation for non-included QName:{uri:iso.org:21090}HIST_TS.Birth
OUT>      [java] [Thread-2] INFO  toJava.JavaGeneratorFactory  - excluding code generation for non-included QName:{uri:iso.org:21090}GLIST_TS
OUT>      [java] [Thread-2] INFO  toJava.JavaGeneratorFactory  - excluding code generation for non-included QName:{gme://caCORE.caCORE/3.2/gov.nih.nci.cacoresdk.domain.other.datatype}AdDataType
OUT>      [java] [Thread-2] INFO  toJava.JavaGeneratorFactory  - excluding code generation for non-included QName:{uri:iso.org:21090}URL
OUT>      [java] [Thread-2] INFO  toJava.JavaGeneratorFactory  - excluding code generation for non-included QName:{uri:iso.org:21090}CalendarCycle
OUT>      [java] [Thread-2] INFO  toJava.JavaGeneratorFactory  - excluding code generation for non-included QName:{gme://caGrid.caBIG/1.0/gov.nih.nci.cagrid.metadata.common}Address
OUT>      [java] [Thread-2] INFO  toJava.JavaGeneratorFactory  - excluding code generation for non-included QName:{uri:iso.org:21090}COLL_TS.Date
OUT>      [java] [Thread-2] INFO  toJava.JavaGeneratorFactory  - excluding code generation for non-included QName:{gme://caCORE.caCORE/3.2/gov.nih.nci.cacoresdk.domain.other.primarykey}FloatPrimitiveKey
OUT>      [java] [Thread-2] INFO  toJava.JavaGeneratorFactory  - excluding code generation for non-included QName:{uri:iso.org:21090}PQR
OUT>      [java] [Thread-2] INFO  toJava.JavaGeneratorFactory  - excluding code generation for non-included QName:{uri:iso.org:21090}DSET_TEL.Url
OUT>      [java] [Thread-2] INFO  toJava.JavaGeneratorFactory  - excluding code generation for non-included QName:{uri:iso.org:21090}QSET_TS.Birth[0,unbounded]
OUT>      [java] [Thread-2] INFO  toJava.JavaGeneratorFactory  - excluding code generation for non-included QName:{uri:iso.org:21090}UVP_INT.NonNeg
OUT>      [java] [Thread-2] INFO  toJava.JavaGeneratorFactory  - excluding code generation for non-included QName:{http://schemas.xmlsoap.org/ws/2004/03/addressing}ServiceNameType
OUT>      [java] [Thread-2] INFO  toJava.JavaGeneratorFactory  - excluding code generation for non-included QName:{http://CQL.caBIG/2/org.cagrid.cql2}NamedAttribute
OUT>      [java] [Thread-2] INFO  toJava.JavaGeneratorFactory  - excluding code generation for non-included QName:{uri:iso.org:21090}REAL[0,0]
OUT>      [java] [Thread-2] INFO  toJava.JavaGeneratorFactory  - excluding code generation for non-included QName:{uri:iso.org:21090}>thead
OUT>      [java] [Thread-2] INFO  toJava.JavaGeneratorFactory  - excluding code generation for non-included QName:{http://docs.oasis-open.org/wsrf/2004/06/wsrf-WS-ResourceProperties-1.2-draft-01.xsd}>GetResourcePropertyResponse
OUT>      [java] [Thread-2] INFO  toJava.JavaGeneratorFactory  - excluding code generation for non-included QName:{uri:iso.org:21090}NPPD_BL.NonNull
OUT>      [java] [Thread-2] INFO  toJava.JavaGeneratorFactory  - excluding code generation for non-included QName:{uri:iso.org:21090}DSET_TS.Birth
OUT>      [java] [Thread-2] INFO  toJava.JavaGeneratorFactory  - excluding code generation for non-included QName:{uri:iso.org:21090}IVL_INT.Positive
OUT>      [java] [Thread-2] INFO  toJava.JavaGeneratorFactory  - excluding code generation for non-included QName:{gme://caCORE.caCORE/3.2/gov.nih.nci.cacoresdk.domain.other.datatype}EdTextDataType
OUT>      [java] [Thread-2] INFO  toJava.JavaGeneratorFactory  - excluding code generation for non-included QName:{gme://caCORE.caCORE/3.2/gov.nih.nci.cacoresdk.domain.other.datatype}StNtDataType
OUT>      [java] [Thread-2] INFO  toJava.JavaGeneratorFactory  - excluding code generation for non-included QName:{uri:iso.org:21090}DSET_TS.Date.Full
OUT>      [java] [Thread-2] INFO  toJava.JavaGeneratorFactory  - excluding code generation for non-included QName:{http://docs.oasis-open.org/wsrf/2004/06/wsrf-WS-ResourceProperties-1.2-draft-01.xsd}UnknownQueryExpressionDialectFaultType
OUT>      [java] [Thread-2] INFO  toJava.JavaGeneratorFactory  - excluding code generation for non-included QName:{gme://caCORE.caCORE/3.2/gov.nih.nci.cacoresdk.domain.inheritance.parentwithassociation.sametable}SoftTop
OUT>      [java] [Thread-2] INFO  toJava.JavaGeneratorFactory  - excluding code generation for non-included QName:{gme://caCORE.caCORE/3.2/gov.nih.nci.cacoresdk.domain.inheritance.abstrakt}PrivateTeacher
OUT>      [java] [Thread-2] INFO  toJava.JavaGeneratorFactory  - excluding code generation for non-included QName:{uri:iso.org:21090}QSS_CO
OUT>      [java] [Thread-2] INFO  toJava.JavaGeneratorFactory  - excluding code generation for non-included QName:{uri:iso.org:21090}COLL_EN.TN
OUT>      [java] [Thread-2] INFO  toJava.JavaGeneratorFactory  - excluding code generation for non-included QName:{uri:iso.org:21090}EIVL_TS.Birth
OUT>      [java] [Thread-2] INFO  toJava.JavaGeneratorFactory  - excluding code generation for non-included QName:{uri:iso.org:21090}ST.NT[0,unbounded]
OUT>      [java] [Thread-2] INFO  toJava.JavaGeneratorFactory  - excluding code generation for non-included QName:{gme://caCORE.caCORE/3.2/gov.nih.nci.cacoresdk.domain.other.datatype}DsetCdDataType
OUT>      [java] [Thread-2] INFO  toJava.JavaGeneratorFactory  - excluding code generation for non-included QName:{uri:iso.org:21090}UVP_TEL
OUT>      [java] [Thread-2] INFO  toJava.JavaGeneratorFactory  - excluding code generation for non-included QName:{uri:iso.org:21090}HIST_TS.DateTime.Full
OUT>      [java] [Thread-2] INFO  toJava.JavaGeneratorFactory  - excluding code generation for non-included QName:{uri:iso.org:21090}BAG_II
OUT>      [java] [Thread-2] INFO  toJava.JavaGeneratorFactory  - excluding code generation for non-included QName:{uri:iso.org:21090}HIST_AD
OUT>      [java] [Thread-2] INFO  toJava.JavaGeneratorFactory  - excluding code generation for non-included QName:{gme://caCORE.caCORE/3.2/gov.nih.nci.cacoresdk.domain.onetoone.multipleassociation.withjoin}Bride
OUT>      [java] [Thread-2] INFO  toJava.JavaGeneratorFactory  - excluding code generation for non-included QName:{uri:iso.org:21090}UVP_MO[0,unbounded]
OUT>      [java] [Thread-2] INFO  toJava.JavaGeneratorFactory  - excluding code generation for non-included QName:{uri:iso.org:21090}UVP_II
OUT>      [java] [Thread-2] INFO  toJava.JavaGeneratorFactory  - excluding code generation for non-included QName:{uri:iso.org:21090}INT.NonNeg
OUT>      [java] [Thread-2] INFO  toJava.JavaGeneratorFactory  - excluding code generation for non-included QName:{uri:iso.org:21090}IVL.Width_PQ.Time
OUT>      [java] [Thread-2] INFO  toJava.JavaGeneratorFactory  - excluding code generation for non-included QName:{uri:iso.org:21090}BL[0,unbounded]
OUT>      [java] [Thread-2] INFO  toJava.JavaGeneratorFactory  - excluding code generation for non-included QName:{gme://caGrid.caBIG/1.0/gov.nih.nci.cagrid.metadata.common}UMLAttribute
OUT>      [java] [Thread-2] INFO  toJava.JavaGeneratorFactory  - excluding code generation for non-included QName:{uri:iso.org:21090}LIST_INT.Positive
OUT>      [java] [Thread-2] INFO  toJava.JavaGeneratorFactory  - excluding code generation for non-included QName:{uri:iso.org:21090}BAG_ED.Doc
OUT>      [java] [Thread-2] INFO  toJava.JavaGeneratorFactory  - excluding code generation for non-included QName:{http://org.cagrid.dataservice.cql/QueryLanguageSupport}Cql2SupportType
OUT>      [java] [Thread-2] INFO  toJava.JavaGeneratorFactory  - excluding code generation for non-included QName:{http://docs.oasis-open.org/wsrf/2004/06/wsrf-WS-BaseFaults-1.2-draft-01.xsd}>BaseFaultType>Description[0,unbounded]
OUT>      [java] [Thread-2] INFO  toJava.JavaGeneratorFactory  - excluding code generation for non-included QName:{http://docs.oasis-open.org/wsrf/2004/06/wsrf-WS-ResourceProperties-1.2-draft-01.xsd}>QueryResourceProperties
OUT>      [java] [Thread-2] INFO  toJava.JavaGeneratorFactory  - excluding code generation for non-included QName:{gme://caCORE.caCORE/3.2/gov.nih.nci.cacoresdk.domain.other.primarykey}NoIdKey
OUT>      [java] [Thread-2] INFO  toJava.JavaGeneratorFactory  - excluding code generation for non-included QName:{uri:iso.org:21090}UVP_ED.Doc[0,unbounded]
OUT>      [java] [Thread-2] INFO  toJava.JavaGeneratorFactory  - excluding code generation for non-included QName:{http://docs.oasis-open.org/wsrf/2004/06/wsrf-WS-ResourceLifetime-1.2-draft-01.xsd}>TerminationNotification
OUT>      [java] [Thread-2] INFO  toJava.JavaGeneratorFactory  - excluding code generation for non-included QName:{http://schemas.xmlsoap.org/ws/2004/03/addressing}ReferencePropertiesType
OUT>      [java] [Thread-2] INFO  toJava.JavaGeneratorFactory  - excluding code generation for non-included QName:{uri:iso.org:21090}UVP_CD[0,unbounded]
OUT>      [java] [Thread-2] INFO  toJava.JavaGeneratorFactory  - excluding code generation for non-included QName:{gme://caCORE.caCORE/3.2/gov.nih.nci.cacoresdk.domain.onetoone.unidirectional.withjoin}Bag
OUT>      [java] [Thread-2] INFO  toJava.JavaGeneratorFactory  - excluding code generation for non-included QName:{uri:iso.org:21090}COLL_ST.NT
OUT>      [java] [Thread-2] INFO  toJava.JavaGeneratorFactory  - excluding code generation for non-included QName:{http://docs.oasis-open.org/wsn/2004/06/wsn-WS-BaseNotification-1.2-draft-01.xsd}ResumeFailedFaultType
OUT>      [java] [Thread-2] INFO  toJava.JavaGeneratorFactory  - excluding code generation for non-included QName:{uri:iso.org:21090}AddressPartType
OUT>      [java] [Thread-2] INFO  toJava.JavaGeneratorFactory  - excluding code generation for non-included QName:{uri:iso.org:21090}QSS_TS.DateTime
OUT>      [java] [Thread-2] INFO  toJava.JavaGeneratorFactory  - excluding code generation for non-included QName:{uri:iso.org:21090}QSET_REAL[0,unbounded]
OUT>      [java] [Thread-2] INFO  toJava.JavaGeneratorFactory  - excluding code generation for non-included QName:{uri:iso.org:21090}UVP_TS.DateTime.Full[0,unbounded]
OUT>      [java] [Thread-2] INFO  toJava.JavaGeneratorFactory  - excluding code generation for non-included QName:{uri:iso.org:21090}HIST_BL
OUT>      [java] [Thread-2] INFO  toJava.JavaGeneratorFactory  - excluding code generation for non-included QName:{uri:iso.org:21090}RTO
OUT>      [java] [Thread-2] INFO  toJava.JavaGeneratorFactory  - excluding code generation for non-included QName:{gme://caCORE.caCORE/3.2/gov.nih.nci.cacoresdk.domain.other.datatype}AllDataType
OUT>      [java] [Thread-2] INFO  toJava.JavaGeneratorFactory  - excluding code generation for non-included QName:{uri:iso.org:21090}HIST_CD
OUT>      [java] [Thread-2] INFO  toJava.JavaGeneratorFactory  - excluding code generation for non-included QName:{gme://caCORE.caCORE/3.2/gov.nih.nci.cacoresdk.domain.inheritance.multiplechild.sametable}Organization
OUT>      [java] [Thread-2] INFO  toJava.JavaGeneratorFactory  - excluding code generation for non-included QName:{uri:iso.org:21090}COLL_CD.CV
OUT>      [java] [Thread-2] INFO  toJava.JavaGeneratorFactory  - excluding code generation for non-included QName:{uri:iso.org:21090}UVP_EN.PN
OUT>      [java] [Thread-2] INFO  toJava.JavaGeneratorFactory  - excluding code generation for non-included QName:{uri:iso.org:21090}BAG_CO
OUT>      [java] [Thread-2] INFO  toJava.JavaGeneratorFactory  - excluding code generation for non-included QName:{uri:iso.org:21090}BAG_TEL.Url
OUT>      [java] [Thread-2] INFO  toJava.JavaGeneratorFactory  - excluding code generation for non-included QName:{gme://caCORE.caCORE/3.2/gov.nih.nci.cacoresdk.domain.inheritance.implicit}>TankAccessory>tankCollection
OUT>      [java] [Thread-2] INFO  toJava.JavaGeneratorFactory  - excluding code generation for non-included QName:{uri:iso.org:21090}IVL.Width_TS.Birth
OUT>      [java] [Thread-2] INFO  toJava.JavaGeneratorFactory  - excluding code generation for non-included QName:{uri:iso.org:21090}PQ.Time[0,unbounded]
OUT>      [java] [Thread-2] INFO  toJava.JavaGeneratorFactory  - excluding code generation for non-included QName:{uri:iso.org:21090}DSET_ED.Doc.Ref
OUT>      [java] [Thread-2] INFO  toJava.JavaGeneratorFactory  - excluding code generation for non-included QName:{uri:iso.org:21090}DSET_BL.NonNull
OUT>      [java] [Thread-2] INFO  toJava.JavaGeneratorFactory  - excluding code generation for non-included QName:{uri:iso.org:21090}GLIST_PQ
OUT>      [java] [Thread-2] INFO  toJava.JavaGeneratorFactory  - excluding code generation for non-included QName:{uri:iso.org:21090}BAG_CS
OUT>      [java] [Thread-2] INFO  toJava.JavaGeneratorFactory  - excluding code generation for non-included QName:{gme://caCORE.caCORE/3.2/gov.nih.nci.cacoresdk.domain.inheritance.parentwithassociation}Professor
OUT>      [java] [Thread-2] INFO  toJava.JavaGeneratorFactory  - excluding code generation for non-included QName:{uri:iso.org:21090}UVP_ED.Narrative
OUT>      [java] [Thread-2] INFO  toJava.JavaGeneratorFactory  - excluding code generation for non-included QName:{uri:iso.org:21090}HIST_CO
OUT>      [java] [Thread-2] INFO  toJava.JavaGeneratorFactory  - excluding code generation for non-included QName:{uri:iso.org:21090}BAG_CD
OUT>      [java] [Thread-2] INFO  toJava.JavaGeneratorFactory  - excluding code generation for non-included QName:{uri:iso.org:21090}HIST_CS
OUT>      [java] [Thread-2] INFO  toJava.JavaGeneratorFactory  - excluding code generation for non-included QName:{uri:iso.org:21090}BAG_TEL.Person
OUT>      [java] [Thread-2] INFO  toJava.JavaGeneratorFactory  - excluding code generation for non-included QName:{uri:iso.org:21090}COLL_EN.ON
OUT>      [java] [Thread-2] INFO  toJava.JavaGeneratorFactory  - excluding code generation for non-included QName:{gme://caCORE.caCORE/3.2/gov.nih.nci.cacoresdk.domain.other.differentpackage.associations}>Utensil>dessertCollection
OUT>      [java] [Thread-2] INFO  toJava.JavaGeneratorFactory  - excluding code generation for non-included QName:{http://docs.oasis-open.org/wsrf/2004/06/wsrf-WS-BaseFaults-1.2-draft-01.xsd}BaseFaultType
OUT>      [java] [Thread-2] INFO  toJava.JavaGeneratorFactory  - excluding code generation for non-included QName:{uri:iso.org:21090}DSET_CD.CE
OUT>      [java] [Thread-2] INFO  toJava.JavaGeneratorFactory  - excluding code generation for non-included QName:{http://docs.oasis-open.org/wsrf/2004/06/wsrf-WS-ResourceProperties-1.2-draft-01.xsd}>QueryResourcePropertiesResponse
OUT>      [java] [Thread-2] INFO  toJava.JavaGeneratorFactory  - excluding code generation for non-included QName:{uri:iso.org:21090}IVL.Low_TS.Date.Full
OUT>      [java] [Thread-2] INFO  toJava.JavaGeneratorFactory  - excluding code generation for non-included QName:{uri:iso.org:21090}UVP_INT.NonNeg[0,unbounded]
OUT>      [java] [Thread-2] INFO  toJava.JavaGeneratorFactory  - excluding code generation for non-included QName:{uri:iso.org:21090}HIST_TS.Date
OUT>      [java] [Thread-2] INFO  toJava.JavaGeneratorFactory  - excluding code generation for non-included QName:{uri:iso.org:21090}PQ[0,0]
OUT>      [java] [Thread-2] INFO  toJava.JavaGeneratorFactory  - excluding code generation for non-included QName:{uri:iso.org:21090}BAG_BL
OUT>      [java] [Thread-2] INFO  toJava.JavaGeneratorFactory  - excluding code generation for non-included QName:{http://docs.oasis-open.org/wsn/2004/06/wsn-WS-BaseNotification-1.2-draft-01.xsd}>Subscribe
OUT>      [java] [Thread-2] INFO  toJava.JavaGeneratorFactory  - excluding code generation for non-included QName:{gme://caGrid.caBIG/1.0/gov.nih.nci.cagrid.metadata.security}GSISecureMessage
OUT>      [java] [Thread-2] INFO  toJava.JavaGeneratorFactory  - excluding code generation for non-included QName:{uri:iso.org:21090}UVP_EN.ON
OUT>      [java] [Thread-2] INFO  toJava.JavaGeneratorFactory  - excluding code generation for non-included QName:{uri:iso.org:21090}DSET_CD.CV
OUT>      [java] [Thread-2] INFO  toJava.JavaGeneratorFactory  - excluding code generation for non-included QName:{uri:iso.org:21090}BAG_SC.NT
OUT>      [java] [Thread-2] INFO  toJava.JavaGeneratorFactory  - excluding code generation for non-included QName:{uri:iso.org:21090}COLL_EN.PN
OUT>      [java] [Thread-2] INFO  toJava.JavaGeneratorFactory  - excluding code generation for non-included QName:{uri:iso.org:21090}UVP_CD.CE.None[0,unbounded]
OUT>      [java] [Thread-2] INFO  toJava.JavaGeneratorFactory  - excluding code generation for non-included QName:{gme://caCORE.caCORE/3.2/gov.nih.nci.cacoresdk.domain.manytomany.bidirectional}>Employee>projectCollection
OUT>      [java] [Thread-2] INFO  toJava.JavaGeneratorFactory  - excluding code generation for non-included QName:{uri:iso.org:21090}LIST_ED.Signature
OUT>      [java] [Thread-2] INFO  toJava.JavaGeneratorFactory  - excluding code generation for non-included QName:{uri:iso.org:21090}HIST_ED
OUT>      [java] [Thread-2] INFO  toJava.JavaGeneratorFactory  - excluding code generation for non-included QName:{uri:iso.org:21090}QTY[0,0]
OUT>      [java] [Thread-2] INFO  toJava.JavaGeneratorFactory  - excluding code generation for non-included QName:{uri:iso.org:21090}PQ[0,unbounded]
OUT>      [java] [Thread-2] INFO  toJava.JavaGeneratorFactory  - excluding code generation for non-included QName:{uri:iso.org:21090}>>tr>align
OUT>      [java] [Thread-2] INFO  toJava.JavaGeneratorFactory  - excluding code generation for non-included QName:{uri:iso.org:21090}GLIST_INT.NonNeg
OUT>      [java] [Thread-2] INFO  toJava.JavaGeneratorFactory  - excluding code generation for non-included QName:{uri:iso.org:21090}DSET_REAL
OUT>      [java] [Thread-2] INFO  toJava.JavaGeneratorFactory  - excluding code generation for non-included QName:{uri:iso.org:21090}PIVL_TS.Date
OUT>      [java] [Thread-2] INFO  toJava.JavaGeneratorFactory  - excluding code generation for non-included QName:{uri:iso.org:21090}BAG_EN
OUT>      [java] [Thread-2] INFO  toJava.JavaGeneratorFactory  - excluding code generation for non-included QName:{uri:iso.org:21090}BAG_ED.Signature
OUT>      [java] [Thread-2] INFO  toJava.JavaGeneratorFactory  - excluding code generation for non-included QName:{uri:iso.org:21090}LIST_ED.Text
OUT>      [java] [Thread-2] INFO  toJava.JavaGeneratorFactory  - excluding code generation for non-included QName:{gme://caGrid.caBIG/1.0/gov.nih.nci.cagrid.metadata.service}ServiceContext
OUT>      [java] [Thread-2] INFO  toJava.JavaGeneratorFactory  - excluding code generation for non-included QName:{uri:iso.org:21090}COLL_BL.NonNull
OUT>      [java] [Thread-2] INFO  toJava.JavaGeneratorFactory  - excluding code generation for non-included QName:{uri:iso.org:21090}HIST_INT.Positive
OUT>      [java] [Thread-2] INFO  toJava.JavaGeneratorFactory  - excluding code generation for non-included QName:{uri:iso.org:21090}UVP_EN
OUT>      [java] [Thread-2] INFO  toJava.JavaGeneratorFactory  - excluding code generation for non-included QName:{uri:iso.org:21090}HIST_EN
OUT>      [java] [Thread-2] INFO  toJava.JavaGeneratorFactory  - excluding code generation for non-included QName:{uri:iso.org:21090}BAG_ED
OUT>      [java] [Thread-2] INFO  toJava.JavaGeneratorFactory  - excluding code generation for non-included QName:{uri:iso.org:21090}COLL_INT
OUT>      [java] [Thread-2] INFO  toJava.JavaGeneratorFactory  - excluding code generation for non-included QName:{gme://caCORE.caCORE/3.2/gov.nih.nci.cacoresdk.domain.other.primarykey}DoubleKey
OUT>      [java] [Thread-2] INFO  toJava.JavaGeneratorFactory  - excluding code generation for non-included QName:{gme://caGrid.caBIG/1.0/gov.nih.nci.cagrid.metadata.security}None
OUT>      [java] [Thread-2] INFO  toJava.JavaGeneratorFactory  - excluding code generation for non-included QName:{uri:iso.org:21090}BAG_REAL
OUT>      [java] [Thread-2] INFO  toJava.JavaGeneratorFactory  - excluding code generation for non-included QName:{uri:iso.org:21090}IVL.Width_CO
OUT>      [java] [Thread-2] INFO  toJava.JavaGeneratorFactory  - excluding code generation for non-included QName:{gme://caCORE.caCORE/3.2/gov.nih.nci.cacoresdk.domain.inheritance.parentwithassociation}AssociateProfessor
OUT>      [java] [Thread-2] INFO  toJava.JavaGeneratorFactory  - excluding code generation for non-included QName:{uri:iso.org:21090}>>colgroup>align
OUT>      [java] [Thread-2] INFO  toJava.JavaGeneratorFactory  - excluding code generation for non-included QName:{gme://caCORE.caCORE/3.2/gov.nih.nci.cacoresdk.domain.inheritance.onechild}Human
OUT>      [java] [Thread-2] INFO  toJava.JavaGeneratorFactory  - excluding code generation for non-included QName:{gme://caGrid.caBIG/1.0/gov.nih.nci.cagrid.metadata.service}>ServiceContext>contextPropertyCollection
OUT>      [java] [Thread-2] INFO  toJava.JavaGeneratorFactory  - excluding code generation for non-included QName:{uri:iso.org:21090}UVP_ED
OUT>      [java] [Thread-2] INFO  toJava.JavaGeneratorFactory  - excluding code generation for non-included QName:{gme://caCORE.caCORE/3.2/gov.nih.nci.cacoresdk.domain.manytomany.unidirectional}>Book>authorCollection
OUT>      [java] [Thread-2] INFO  toJava.JavaGeneratorFactory  - excluding code generation for non-included QName:{gme://caCORE.caCORE/3.2/gov.nih.nci.cacoresdk.domain.other.primarykey}IntegerPrimitiveKey
OUT>      [java] [Thread-2] INFO  toJava.JavaGeneratorFactory  - excluding code generation for non-included QName:{uri:iso.org:21090}COLL_SC
OUT>      [java] [Thread-2] INFO  toJava.JavaGeneratorFactory  - excluding code generation for non-included QName:{http://docs.oasis-open.org/wsn/2004/06/wsn-WS-BaseNotification-1.2-draft-01.xsd}SubscribeCreationFailedFaultType
OUT>      [java] [Thread-2] INFO  toJava.JavaGeneratorFactory  - excluding code generation for non-included QName:{uri:iso.org:21090}INT[0,0]
OUT>      [java] [Thread-2] INFO  toJava.JavaGeneratorFactory  - excluding code generation for non-included QName:{uri:iso.org:21090}>>th>align
OUT>      [java] [Thread-2] INFO  toJava.JavaGeneratorFactory  - excluding code generation for non-included QName:{uri:iso.org:21090}UVP_SC
OUT>      [java] [Thread-2] INFO  toJava.JavaGeneratorFactory  - excluding code generation for non-included QName:{gme://caGrid.caBIG/1.0/gov.nih.nci.cagrid.metadata.service}Operation
OUT>      [java] [Thread-2] INFO  toJava.JavaGeneratorFactory  - excluding code generation for non-included QName:{uri:iso.org:21090}IVL.Low_INT
OUT>      [java] [Thread-2] INFO  toJava.JavaGeneratorFactory  - excluding code generation for non-included QName:{uri:iso.org:21090}NPPD_INT
OUT>      [java] [Thread-2] INFO  toJava.JavaGeneratorFactory  - excluding code generation for non-included QName:{uri:iso.org:21090}QSU_TS.Birth
OUT>      [java] [Thread-2] INFO  toJava.JavaGeneratorFactory  - excluding code generation for non-included QName:{uri:iso.org:21090}NPPD_REAL
OUT>      [java] [Thread-2] INFO  toJava.JavaGeneratorFactory  - excluding code generation for non-included QName:{uri:iso.org:21090}COLL_ED.Doc.Inline
OUT>      [java] [Thread-2] INFO  toJava.JavaGeneratorFactory  - excluding code generation for non-included QName:{uri:iso.org:21090}COLL_ST
OUT>      [java] [Thread-2] INFO  toJava.JavaGeneratorFactory  - excluding code generation for non-included QName:{uri:iso.org:21090}QSET_INT
OUT>      [java] [Thread-2] INFO  toJava.JavaGeneratorFactory  - excluding code generation for non-included QName:{gme://caGrid.caBIG/1.0/gov.nih.nci.cagrid.metadata.service}>Service>pointOfContactCollection
OUT>      [java] [Thread-2] INFO  toJava.JavaGeneratorFactory  - excluding code generation for non-included QName:{uri:iso.org:21090}TS.Date
OUT>      [java] [Thread-2] INFO  toJava.JavaGeneratorFactory  - excluding code generation for non-included QName:{uri:iso.org:21090}ED.Narrative
OUT>      [java] [Thread-2] INFO  toJava.JavaGeneratorFactory  - excluding code generation for non-included QName:{uri:iso.org:21090}UVP_ST
OUT>      [java] [Thread-2] INFO  toJava.JavaGeneratorFactory  - excluding code generation for non-included QName:{http://docs.oasis-open.org/wsn/2004/06/wsn-WS-BaseNotification-1.2-draft-01.xsd}InvalidTopicExpressionFaultType
OUT>      [java] [Thread-2] INFO  toJava.JavaGeneratorFactory  - excluding code generation for non-included QName:{uri:iso.org:21090}IVL_CO
OUT>      [java] [Thread-2] INFO  toJava.JavaGeneratorFactory  - excluding code generation for non-included QName:{uri:iso.org:21090}>content
OUT>      [java] [Thread-2] INFO  toJava.JavaGeneratorFactory  - excluding code generation for non-included QName:{uri:iso.org:21090}UVP_TEL.Person
OUT>      [java] [Thread-2] INFO  toJava.JavaGeneratorFactory  - excluding code generation for non-included QName:{http://docs.oasis-open.org/wsn/2004/06/wsn-WS-BaseNotification-1.2-draft-01.xsd}>SubscriptionManagerRP
OUT>      [java] [Thread-2] INFO  toJava.JavaGeneratorFactory  - excluding code generation for non-included QName:{gme://caGrid.caBIG/1.0/gov.nih.nci.cagrid.metadata.service}>Operation>faultCollection
OUT>      [java] [Thread-2] INFO  toJava.JavaGeneratorFactory  - excluding code generation for non-included QName:{gme://caCORE.caCORE/3.2/gov.nih.nci.cacoresdk.domain.manytoone.unidirectional}Restaurant
OUT>      [java] [Thread-2] INFO  toJava.JavaGeneratorFactory  - excluding code generation for non-included QName:{uri:iso.org:21090}IVL_INT.NonNeg
OUT>      [java] [Thread-2] INFO  toJava.JavaGeneratorFactory  - excluding code generation for non-included QName:{uri:iso.org:21090}UVP_TS
OUT>      [java] [Thread-2] INFO  toJava.JavaGeneratorFactory  - excluding code generation for non-included QName:{uri:iso.org:21090}COLL_SC.NT
OUT>      [java] [Thread-2] INFO  toJava.JavaGeneratorFactory  - excluding code generation for non-included QName:{uri:iso.org:21090}IVL.Low_RTO
OUT>      [java] [Thread-2] INFO  toJava.JavaGeneratorFactory  - excluding code generation for non-included QName:{uri:iso.org:21090}QSD_MO
OUT>      [java] [Thread-2] INFO  toJava.JavaGeneratorFactory  - excluding code generation for non-included QName:{http://CQL.caBIG/2/org.cagrid.cql2}NamedAssociationList
OUT>      [java] [Thread-2] INFO  toJava.JavaGeneratorFactory  - excluding code generation for non-included QName:{uri:iso.org:21090}COLL_TS
OUT>      [java] [Thread-2] INFO  toJava.JavaGeneratorFactory  - excluding code generation for non-included QName:{uri:iso.org:21090}EN.TN
OUT>      [java] [Thread-2] INFO  toJava.JavaGeneratorFactory  - excluding code generation for non-included QName:{uri:iso.org:21090}PIVL_TS.Birth
OUT>      [java] [Thread-2] INFO  toJava.JavaGeneratorFactory  - excluding code generation for non-included QName:{http://CQL.caBIG/2/org.cagrid.cql2}CQLAttribute
OUT>      [java] [Thread-2] INFO  toJava.JavaGeneratorFactory  - excluding code generation for non-included QName:{uri:iso.org:21090}Narrative
OUT>      [java] [Thread-2] INFO  toJava.JavaGeneratorFactory  - excluding code generation for non-included QName:{uri:iso.org:21090}QSU_TS
OUT>      [java] [Thread-2] INFO  toJava.JavaGeneratorFactory  - excluding code generation for non-included QName:{uri:iso.org:21090}QSU_INT.Positive
OUT>      [java] [Thread-2] INFO  toJava.JavaGeneratorFactory  - excluding code generation for non-included QName:{uri:iso.org:21090}HIST_TEL.Email
OUT>      [java] [Thread-2] INFO  toJava.JavaGeneratorFactory  - excluding code generation for non-included QName:{gme://caCORE.caCORE/3.2/gov.nih.nci.cacoresdk.domain.other.datatype}IiDataType
OUT>      [java] [Thread-2] INFO  toJava.JavaGeneratorFactory  - excluding code generation for non-included QName:{uri:iso.org:21090}QSP_PQ
OUT>      [java] [Thread-2] INFO  toJava.JavaGeneratorFactory  - excluding code generation for non-included QName:{uri:iso.org:21090}IVL.High_TS.DateTime.Full
OUT>      [java] [Thread-2] INFO  toJava.JavaGeneratorFactory  - excluding code generation for non-included QName:{uri:iso.org:21090}ED.Text
OUT>      [java] [Thread-2] INFO  toJava.JavaGeneratorFactory  - excluding code generation for non-included QName:{uri:iso.org:21090}TS.Date[0,unbounded]
OUT>      [java] [Thread-2] INFO  toJava.JavaGeneratorFactory  - excluding code generation for non-included QName:{uri:iso.org:21090}QSU_TS.Date.Full
OUT>      [java] [Thread-2] INFO  toJava.JavaGeneratorFactory  - excluding code generation for non-included QName:{uri:iso.org:21090}ST[0,0]
OUT>      [java] [Thread-2] INFO  toJava.JavaGeneratorFactory  - excluding code generation for non-included QName:{uri:iso.org:21090}NPPD_TS.Date.Full
OUT>      [java] [Thread-2] INFO  toJava.JavaGeneratorFactory  - excluding code generation for non-included QName:{gme://caCORE.caCORE/3.2/gov.nih.nci.cacoresdk.domain.other.differentpackage}Dessert
OUT>      [java] [Thread-2] INFO  toJava.JavaGeneratorFactory  - excluding code generation for non-included QName:{uri:iso.org:21090}QSD_PQ
OUT>      [java] [Thread-2] INFO  toJava.JavaGeneratorFactory  - excluding code generation for non-included QName:{uri:iso.org:21090}QSET_INT.NonNeg
OUT>      [java] [Thread-2] INFO  toJava.JavaGeneratorFactory  - excluding code generation for non-included QName:{gme://caCORE.caCORE/3.2/gov.nih.nci.cacoresdk.domain.inheritance.parentwithassociation.sametable}>Wheel>luggage
OUT>      [java] [Thread-2] INFO  toJava.JavaGeneratorFactory  - excluding code generation for non-included QName:{http://schemas.xmlsoap.org/ws/2004/03/addressing}EndpointReferenceType
OUT>      [java] [Thread-2] INFO  toJava.JavaGeneratorFactory  - excluding code generation for non-included QName:{uri:iso.org:21090}QSP_MO
OUT>      [java] [Thread-2] INFO  toJava.JavaGeneratorFactory  - excluding code generation for non-included QName:{uri:iso.org:21090}QSET_INT.Positive[0,unbounded]
OUT>      [java] [Thread-2] INFO  toJava.JavaGeneratorFactory  - excluding code generation for non-included QName:{uri:iso.org:21090}COLL_CD.CE
OUT>      [java] [Thread-2] INFO  toJava.JavaGeneratorFactory  - excluding code generation for non-included QName:{gme://caGrid.caBIG/1.0/gov.nih.nci.cagrid.metadata.common}>ResearchCenter>pointOfContactCollection
OUT>      [java] [Thread-2] INFO  toJava.JavaGeneratorFactory  - excluding code generation for non-included QName:{uri:iso.org:21090}DSET_TS.Date
OUT>      [java] [Thread-2] INFO  toJava.JavaGeneratorFactory  - excluding code generation for non-included QName:{uri:iso.org:21090}SLIST_TS.DateTime
OUT>      [java] [Thread-2] INFO  toJava.JavaGeneratorFactory  - excluding code generation for non-included QName:{uri:iso.org:21090}NPPD_MO
OUT>      [java] [Thread-2] INFO  toJava.JavaGeneratorFactory  - excluding code generation for non-included QName:{uri:iso.org:21090}IVL_TS.DateTime
OUT>      [java] [Thread-2] INFO  toJava.JavaGeneratorFactory  - excluding code generation for non-included QName:{uri:iso.org:21090}QSS_TS.Date
OUT>      [java] [Thread-2] INFO  toJava.JavaGeneratorFactory  - excluding code generation for non-included QName:{uri:iso.org:21090}NPPD_CD.CE
OUT>      [java] [Thread-2] INFO  toJava.JavaGeneratorFactory  - excluding code generation for non-included QName:{gme://caCORE.caCORE/3.2/gov.nih.nci.cacoresdk.domain.inheritance.multiplechild.sametable}PvtOrganization
OUT>      [java] [Thread-2] INFO  toJava.JavaGeneratorFactory  - excluding code generation for non-included QName:{http://CQL.caBIG/2/org.cagrid.cql2}CQLGroup[,unbounded]
OUT>      [java] [Thread-2] INFO  toJava.JavaGeneratorFactory  - excluding code generation for non-included QName:{uri:iso.org:21090}SLIST_TS.Birth
OUT>      [java] [Thread-2] INFO  toJava.JavaGeneratorFactory  - excluding code generation for non-included QName:{uri:iso.org:21090}EIVL_TS.DateTime
OUT>      [java] [Thread-2] INFO  toJava.JavaGeneratorFactory  - excluding code generation for non-included QName:{uri:iso.org:21090}NPPD_CD.CV
OUT>      [java] [Thread-2] INFO  toJava.JavaGeneratorFactory  - excluding code generation for non-included QName:{uri:iso.org:21090}IVL.Width_REAL
OUT>      [java] [Thread-2] INFO  toJava.JavaGeneratorFactory  - excluding code generation for non-included QName:{uri:iso.org:21090}IVL.Width_TS.Date.Full
OUT>      [java] [Thread-2] INFO  toJava.JavaGeneratorFactory  - excluding code generation for non-included QName:{gme://caGrid.caBIG/1.0/gov.nih.nci.cagrid.metadata}ServiceMetadata
OUT>      [java] [Thread-2] INFO  toJava.JavaGeneratorFactory  - excluding code generation for non-included QName:{uri:iso.org:21090}EN.PN
OUT>      [java] [Thread-2] INFO  toJava.JavaGeneratorFactory  - excluding code generation for non-included QName:{uri:iso.org:21090}LIST_TS.Date
OUT>      [java] [Thread-2] INFO  toJava.JavaGeneratorFactory  - excluding code generation for non-included QName:{uri:iso.org:21090}BAG_RTO
OUT>      [java] [Thread-2] INFO  toJava.JavaGeneratorFactory  - excluding code generation for non-included QName:{uri:iso.org:21090}NPPD_PQ
OUT>      [java] [Thread-2] INFO  toJava.JavaGeneratorFactory  - excluding code generation for non-included QName:{uri:iso.org:21090}LIST_PQ.Time
OUT>      [java] [Thread-2] INFO  toJava.JavaGeneratorFactory  - excluding code generation for non-included QName:{uri:iso.org:21090}NPPD_ED.Doc.Inline
OUT>      [java] [Thread-2] INFO  toJava.JavaGeneratorFactory  - excluding code generation for non-included QName:{uri:iso.org:21090}IVL.Width_TS.Date
OUT>      [java] [Thread-2] INFO  toJava.JavaGeneratorFactory  - excluding code generation for non-included QName:{uri:iso.org:21090}QSS_TS
OUT>      [java] [Thread-2] INFO  toJava.JavaGeneratorFactory  - excluding code generation for non-included QName:{uri:iso.org:21090}UVP_EN.ON[0,unbounded]
OUT>      [java] [Thread-2] INFO  toJava.JavaGeneratorFactory  - excluding code generation for non-included QName:{uri:iso.org:21090}EN.ON
OUT>      [java] [Thread-2] INFO  toJava.JavaGeneratorFactory  - excluding code generation for non-included QName:{uri:iso.org:21090}UVP_ED.Image[0,unbounded]
OUT>      [java] [Thread-2] INFO  toJava.JavaGeneratorFactory  - excluding code generation for non-included QName:{gme://caCORE.caCORE/3.2/gov.nih.nci.cacoresdk.domain.inheritance.childwithassociation.sametable}DesignerShoes
OUT>      [java] [Thread-2] INFO  toJava.JavaGeneratorFactory  - excluding code generation for non-included QName:{uri:iso.org:21090}HIST_ED.Doc.Inline
OUT>      [java] [Thread-2] INFO  toJava.JavaGeneratorFactory  - excluding code generation for non-included QName:{uri:iso.org:21090}NPPD_TEL.Url
OUT>      [java] [Thread-2] INFO  toJava.JavaGeneratorFactory  - excluding code generation for non-included QName:{uri:iso.org:21090}QSP_TS
OUT>      [java] [Thread-2] INFO  toJava.JavaGeneratorFactory  - excluding code generation for non-included QName:{uri:iso.org:21090}UVP_PQ
OUT>      [java] [Thread-2] INFO  toJava.JavaGeneratorFactory  - excluding code generation for non-included QName:{gme://caCORE.caCORE/3.2/gov.nih.nci.cacoresdk.domain.other.levelassociation}>Suit>cardCollection
OUT>      [java] [Thread-2] INFO  toJava.JavaGeneratorFactory  - excluding code generation for non-included QName:{uri:iso.org:21090}QSS_RTO
OUT>      [java] [Thread-2] INFO  toJava.JavaGeneratorFactory  - excluding code generation for non-included QName:{uri:iso.org:21090}QSU_PQ
OUT>      [java] [Thread-2] INFO  toJava.JavaGeneratorFactory  - excluding code generation for non-included QName:{uri:iso.org:21090}EIVL_TS.DateTime.Full
OUT>      [java] [Thread-2] INFO  toJava.JavaGeneratorFactory  - excluding code generation for non-included QName:{http://docs.oasis-open.org/wsn/2004/06/wsn-WS-BaseNotification-1.2-draft-01.xsd}>PauseSubscription
OUT>      [java] [Thread-2] INFO  toJava.JavaGeneratorFactory  - excluding code generation for non-included QName:{uri:iso.org:21090}COLL_PQ
OUT>      [java] [Thread-2] INFO  toJava.JavaGeneratorFactory  - excluding code generation for non-included QName:{uri:iso.org:21090}>table
OUT>      [java] [Thread-2] INFO  toJava.JavaGeneratorFactory  - excluding code generation for non-included QName:{gme://caCORE.caCORE/3.2/gov.nih.nci.cacoresdk.domain.onetoone.unidirectional}Person
OUT>      [java] [Thread-2] INFO  toJava.JavaGeneratorFactory  - excluding code generation for non-included QName:{http://docs.oasis-open.org/wsrf/2004/06/wsrf-WS-ResourceProperties-1.2-draft-01.xsd}UpdateType
OUT>      [java] [Thread-2] INFO  toJava.JavaGeneratorFactory  - excluding code generation for non-included QName:{uri:iso.org:21090}QSI_TS.DateTime
OUT>      [java] [Thread-2] INFO  toJava.JavaGeneratorFactory  - excluding code generation for non-included QName:{uri:iso.org:21090}HIST_CD.CE.None
OUT>      [java] [Thread-2] INFO  toJava.JavaGeneratorFactory  - excluding code generation for non-included QName:{uri:iso.org:21090}QSET_TS.Birth
OUT>      [java] [Thread-2] INFO  toJava.JavaGeneratorFactory  - excluding code generation for non-included QName:{uri:iso.org:21090}IVL.Width_TS.DateTime.Full
OUT>      [java] [Thread-2] INFO  toJava.JavaGeneratorFactory  - excluding code generation for non-included QName:{uri:iso.org:21090}UVP_ED.Doc
OUT>      [java] [Thread-2] INFO  toJava.JavaGeneratorFactory  - excluding code generation for non-included QName:{gme://caCORE.caCORE/3.2/gov.nih.nci.cacoresdk.domain.inheritance.multiplechild}GraduateStudent
OUT>      [java] [Thread-2] INFO  toJava.JavaGeneratorFactory  - excluding code generation for non-included QName:{uri:iso.org:21090}QSET_INT.NonNeg[0,unbounded]
OUT>      [java] [Thread-2] INFO  toJava.JavaGeneratorFactory  - excluding code generation for non-included QName:{uri:iso.org:21090}QSI_RTO
OUT>      [java] [Thread-2] INFO  toJava.JavaGeneratorFactory  - excluding code generation for non-included QName:{uri:iso.org:21090}UVP_MO
OUT>      [java] [Thread-2] INFO  toJava.JavaGeneratorFactory  - excluding code generation for non-included QName:{uri:iso.org:21090}UVP_TEL.Phone
OUT>      [java] [Thread-2] INFO  toJava.JavaGeneratorFactory  - excluding code generation for non-included QName:{uri:iso.org:21090}NPPD_SC
OUT>      [java] [Thread-2] INFO  toJava.JavaGeneratorFactory  - excluding code generation for non-included QName:{uri:iso.org:21090}QSET.BoundedPIVL
OUT>      [java] [Thread-2] INFO  toJava.JavaGeneratorFactory  - excluding code generation for non-included QName:{uri:iso.org:21090}BL.NonNull
OUT>      [java] [Thread-2] INFO  toJava.JavaGeneratorFactory  - excluding code generation for non-included QName:{uri:iso.org:21090}QSU_REAL
OUT>      [java] [Thread-2] INFO  toJava.JavaGeneratorFactory  - excluding code generation for non-included QName:{uri:iso.org:21090}COLL_ED.Doc
OUT>      [java] [Thread-2] INFO  toJava.JavaGeneratorFactory  - excluding code generation for non-included QName:{uri:iso.org:21090}COLL_INT.NonNeg
OUT>      [java] [Thread-2] INFO  toJava.JavaGeneratorFactory  - excluding code generation for non-included QName:{uri:iso.org:21090}UVP_SC[0,unbounded]
OUT>      [java] [Thread-2] INFO  toJava.JavaGeneratorFactory  - excluding code generation for non-included QName:{gme://caCORE.caCORE/3.2/gov.nih.nci.cacoresdk.domain.onetomany.bidirectional}>Computer>hardDriveCollection
OUT>      [java] [Thread-2] INFO  toJava.JavaGeneratorFactory  - excluding code generation for non-included QName:{uri:iso.org:21090}QSS_PQ
OUT>      [java] [Thread-2] INFO  toJava.JavaGeneratorFactory  - excluding code generation for non-included QName:{uri:iso.org:21090}UVP_REAL
OUT>      [java] [Thread-2] INFO  toJava.JavaGeneratorFactory  - excluding code generation for non-included QName:{uri:iso.org:21090}QSU_MO
OUT>      [java] [Thread-2] INFO  toJava.JavaGeneratorFactory  - excluding code generation for non-included QName:{uri:iso.org:21090}UVP_TEL.Person[0,unbounded]
OUT>      [java] [Thread-2] INFO  toJava.JavaGeneratorFactory  - excluding code generation for non-included QName:{uri:iso.org:21090}NPPD_PQ.Time
OUT>      [java] [Thread-2] INFO  toJava.JavaGeneratorFactory  - excluding code generation for non-included QName:{http://docs.oasis-open.org/wsrf/2004/06/wsrf-WS-ResourceProperties-1.2-draft-01.xsd}>SetResourceProperties
OUT>      [java] [Thread-2] INFO  toJava.JavaGeneratorFactory  - excluding code generation for non-included QName:{uri:iso.org:21090}BAG_CD.CV
OUT>      [java] [Thread-2] INFO  toJava.JavaGeneratorFactory  - excluding code generation for non-included QName:{uri:iso.org:21090}IVL.Width_MO
OUT>      [java] [Thread-2] INFO  toJava.JavaGeneratorFactory  - excluding code generation for non-included QName:{uri:iso.org:21090}TimingEvent
OUT>      [java] [Thread-2] INFO  toJava.JavaGeneratorFactory  - excluding code generation for non-included QName:{uri:iso.org:21090}COLL_ED.Narrative
OUT>      [java] [Thread-2] INFO  toJava.JavaGeneratorFactory  - excluding code generation for non-included QName:{http://CQL.caBIG/2/org.cagrid.cql2}NamedAttribute[,unbounded]
OUT>      [java] [Thread-2] INFO  toJava.JavaGeneratorFactory  - excluding code generation for non-included QName:{gme://caCORE.caCORE/3.2/gov.nih.nci.cacoresdk.domain.other.primarykey}StringKey
OUT>      [java] [Thread-2] INFO  toJava.JavaGeneratorFactory  - excluding code generation for non-included QName:{uri:iso.org:21090}BAG_ED.Image
OUT>      [java] [Thread-2] INFO  toJava.JavaGeneratorFactory  - excluding code generation for non-included QName:{http://docs.oasis-open.org/wsrf/2004/06/wsrf-WS-BaseFaults-1.2-draft-01.xsd}>BaseFaultType>ErrorCode
OUT>      [java] [Thread-2] INFO  toJava.JavaGeneratorFactory  - excluding code generation for non-included QName:{http://CQL.caBIG/2/org.cagrid.cql2.results}CQLAttributeResult
OUT>      [java] [Thread-2] INFO  toJava.JavaGeneratorFactory  - excluding code generation for non-included QName:{uri:iso.org:21090}UVP_TS.Birth
OUT>      [java] [Thread-2] INFO  toJava.JavaGeneratorFactory  - excluding code generation for non-included QName:{gme://caCORE.caCORE/3.2/gov.nih.nci.cacoresdk.domain.inheritance.implicit}Substrate
OUT>      [java] [Thread-2] INFO  toJava.JavaGeneratorFactory  - excluding code generation for non-included QName:{uri:iso.org:21090}TEL
OUT>      [java] [Thread-2] INFO  toJava.JavaGeneratorFactory  - excluding code generation for non-included QName:{uri:iso.org:21090}QSU_TS.DateTime.Full
OUT>      [java] [Thread-2] INFO  toJava.JavaGeneratorFactory  - excluding code generation for non-included QName:{gme://caCORE.caCORE/3.2/gov.nih.nci.cacoresdk.domain.inheritance.parentwithassociation}Assistant
OUT>      [java] [Thread-2] INFO  toJava.JavaGeneratorFactory  - excluding code generation for non-included QName:{uri:iso.org:21090}NPPD_CS
OUT>      [java] [Thread-2] INFO  toJava.JavaGeneratorFactory  - excluding code generation for non-included QName:{uri:iso.org:21090}NPPD_RTO
OUT>      [java] [Thread-2] INFO  toJava.JavaGeneratorFactory  - excluding code generation for non-included QName:{gme://caCORE.caCORE/3.2/gov.nih.nci.cacoresdk.domain.inheritance.abstrakt}Pupil
OUT>      [java] [Thread-2] INFO  toJava.JavaGeneratorFactory  - excluding code generation for non-included QName:{uri:iso.org:21090}GLIST_CO
OUT>      [java] [Thread-2] INFO  toJava.JavaGeneratorFactory  - excluding code generation for non-included QName:{gme://caCORE.caCORE/3.2/gov.nih.nci.cacoresdk.domain.other.primarykey}LongKey
OUT>      [java] [Thread-2] INFO  toJava.JavaGeneratorFactory  - excluding code generation for non-included QName:{uri:iso.org:21090}NPPD_CO
OUT>      [java] [Thread-2] INFO  toJava.JavaGeneratorFactory  - excluding code generation for non-included QName:{uri:iso.org:21090}LIST_TS.Date.Full
OUT>      [java] [Thread-2] INFO  toJava.JavaGeneratorFactory  - excluding code generation for non-included QName:{uri:iso.org:21090}NPPD_CD
OUT>      [java] [Thread-2] INFO  toJava.JavaGeneratorFactory  - excluding code generation for non-included QName:{gme://caGrid.caBIG/1.0/gov.nih.nci.cagrid.metadata.common}SemanticMetadata
OUT>      [java] [Thread-2] INFO  toJava.JavaGeneratorFactory  - excluding code generation for non-included QName:{uri:iso.org:21090}IVL.Width_TS.DateTime
OUT>      [java] [Thread-2] INFO  toJava.JavaGeneratorFactory  - excluding code generation for non-included QName:{uri:iso.org:21090}HIST_EN.TN
OUT>      [java] [Thread-2] INFO  toJava.JavaGeneratorFactory  - excluding code generation for non-included QName:{http://CQL.caBIG/2/org.cagrid.cql2}PopulationDepth
OUT>      [java] [Thread-2] INFO  toJava.JavaGeneratorFactory  - excluding code generation for non-included QName:{uri:iso.org:21090}UncertaintyType
OUT>      [java] [Thread-2] INFO  toJava.JavaGeneratorFactory  - excluding code generation for non-included QName:{uri:iso.org:21090}LIST_ED.Doc.Inline
OUT>      [java] [Thread-2] INFO  toJava.JavaGeneratorFactory  - excluding code generation for non-included QName:{uri:iso.org:21090}TEL[0,0]
OUT>      [java] [Thread-2] INFO  toJava.JavaGeneratorFactory  - excluding code generation for non-included QName:{uri:iso.org:21090}LIST_AD
OUT>      [java] [Thread-2] INFO  toJava.JavaGeneratorFactory  - excluding code generation for non-included QName:{uri:iso.org:21090}UVP_TEL.Url[0,unbounded]
OUT>      [java] [Thread-2] INFO  toJava.JavaGeneratorFactory  - excluding code generation for non-included QName:{uri:iso.org:21090}UVP_SC.NT[0,unbounded]
OUT>      [java] [Thread-2] INFO  toJava.JavaGeneratorFactory  - excluding code generation for non-included QName:{gme://caCORE.caCORE/3.2/gov.nih.nci.cacoresdk.domain.other.datatype}PqDataType
OUT>      [java] [Thread-2] INFO  toJava.JavaGeneratorFactory  - excluding code generation for non-included QName:{uri:iso.org:21090}SC.NT[0,unbounded]
OUT>      [java] [Thread-2] INFO  toJava.JavaGeneratorFactory  - excluding code generation for non-included QName:{uri:iso.org:21090}IVL.Low_INT.Positive
OUT>      [java] [Thread-2] INFO  toJava.JavaGeneratorFactory  - excluding code generation for non-included QName:{uri:iso.org:21090}EIVL_TS.Date.Full
OUT>      [java] [Thread-2] INFO  toJava.JavaGeneratorFactory  - excluding code generation for non-included QName:{gme://caCORE.caCORE/3.2/gov.nih.nci.cacoresdk.domain.other.levelassociation}Hand
OUT>      [java] [Thread-2] INFO  toJava.JavaGeneratorFactory  - excluding code generation for non-included QName:{gme://caCORE.caCORE/3.2/gov.nih.nci.cacoresdk.domain.other.primarykey}CharacterPrimitiveKey
OUT>      [java] [Thread-2] INFO  toJava.JavaGeneratorFactory  - excluding code generation for non-included QName:{uri:iso.org:21090}TS[0,unbounded]
OUT>      [java] [Thread-2] INFO  toJava.JavaGeneratorFactory  - excluding code generation for non-included QName:{uri:iso.org:21090}>list
OUT>      [java] [Thread-2] INFO  toJava.JavaGeneratorFactory  - excluding code generation for non-included QName:{uri:iso.org:21090}COLL_ED.Signature
OUT>      [java] [Thread-2] INFO  toJava.JavaGeneratorFactory  - excluding code generation for non-included QName:{uri:iso.org:21090}QSP_PQ.Time
OUT>      [java] [Thread-2] INFO  toJava.JavaGeneratorFactory  - excluding code generation for non-included QName:{uri:iso.org:21090}UVP_INT
OUT>      [java] [Thread-2] INFO  toJava.JavaGeneratorFactory  - excluding code generation for non-included QName:{uri:iso.org:21090}RTO[0,0]
OUT>      [java] [Thread-2] INFO  toJava.JavaGeneratorFactory  - excluding code generation for non-included QName:{uri:iso.org:21090}GLIST_RTO
OUT>      [java] [Thread-2] INFO  toJava.JavaGeneratorFactory  - excluding code generation for non-included QName:{gme://caCORE.caCORE/3.2/gov.nih.nci.cacoresdk.domain.inheritance.parentwithassociation}>Professor>assistantCollection
OUT>      [java] [Thread-2] INFO  toJava.JavaGeneratorFactory  - excluding code generation for non-included QName:{uri:iso.org:21090}NPPD_EN
OUT>      [java] [Thread-2] INFO  toJava.JavaGeneratorFactory  - excluding code generation for non-included QName:{uri:iso.org:21090}II[0,unbounded]
OUT>      [java] [Thread-2] INFO  toJava.JavaGeneratorFactory  - excluding code generation for non-included QName:{uri:iso.org:21090}NPPD_ED
OUT>      [java] [Thread-2] INFO  toJava.JavaGeneratorFactory  - excluding code generation for non-included QName:{uri:iso.org:21090}BAG_ED.Text
OUT>      [java] [Thread-2] INFO  toJava.JavaGeneratorFactory  - excluding code generation for non-included QName:{http://CQL.caBIG/2/org.cagrid.cql2}NamedAssociation
OUT>      [java] [Thread-2] INFO  toJava.JavaGeneratorFactory  - excluding code generation for non-included QName:{uri:iso.org:21090}COLL_TEL
OUT>      [java] [Thread-2] INFO  toJava.JavaGeneratorFactory  - excluding code generation for non-included QName:{http://CQL.caBIG/2/org.cagrid.cql2}Aggregation
OUT>      [java] [Thread-2] INFO  toJava.JavaGeneratorFactory  - excluding code generation for non-included QName:{http://CQL.caBIG/2/org.cagrid.cql2.results}TargetAttribute[,unbounded]
OUT>      [java] [Thread-2] INFO  toJava.JavaGeneratorFactory  - excluding code generation for non-included QName:{uri:iso.org:21090}>linkHtml
OUT>      [java] [Thread-2] INFO  toJava.JavaGeneratorFactory  - excluding code generation for non-included QName:{http://schemas.xmlsoap.org/ws/2004/03/addressing}Relationship
OUT>      [java] [Thread-2] INFO  toJava.JavaGeneratorFactory  - excluding code generation for non-included QName:{uri:iso.org:21090}UVP_ST.NT
OUT>      [java] [Thread-2] INFO  toJava.JavaGeneratorFactory  - excluding code generation for non-included QName:{uri:iso.org:21090}LIST_CO
OUT>      [java] [Thread-2] INFO  toJava.JavaGeneratorFactory  - excluding code generation for non-included QName:{http://docs.oasis-open.org/wsrf/2004/06/wsrf-WS-BaseFaults-1.2-draft-01.xsd}BaseFaultType[0,unbounded]
OUT>      [java] [Thread-2] INFO  toJava.JavaGeneratorFactory  - excluding code generation for non-included QName:{uri:iso.org:21090}UVP_PQ.Time
OUT>      [java] [Thread-2] INFO  toJava.JavaGeneratorFactory  - excluding code generation for non-included QName:{uri:iso.org:21090}SLIST_TS.Date.Full
OUT>      [java] [Thread-2] INFO  toJava.JavaGeneratorFactory  - excluding code generation for non-included QName:{uri:iso.org:21090}BAG_ST
OUT>      [java] [Thread-2] INFO  toJava.JavaGeneratorFactory  - excluding code generation for non-included QName:{uri:iso.org:21090}UVP_RTO
OUT>      [java] [Thread-2] INFO  toJava.JavaGeneratorFactory  - excluding code generation for non-included QName:{uri:iso.org:21090}UVP_TEL.Email
OUT>      [java] [Thread-2] INFO  toJava.JavaGeneratorFactory  - excluding code generation for non-included QName:{gme://caCORE.caCORE/3.2/gov.nih.nci.cacoresdk.domain.other.primarykey}StringPrimitiveKey
OUT>      [java] [Thread-2] INFO  toJava.JavaGeneratorFactory  - excluding code generation for non-included QName:{uri:iso.org:21090}GLIST_INT
OUT>      [java] [Thread-2] INFO  toJava.JavaGeneratorFactory  - excluding code generation for non-included QName:{uri:iso.org:21090}LIST_CD
OUT>      [java] [Thread-2] INFO  toJava.JavaGeneratorFactory  - excluding code generation for non-included QName:{uri:iso.org:21090}QSU_INT.NonNeg
OUT>      [java] [Thread-2] INFO  toJava.JavaGeneratorFactory  - excluding code generation for non-included QName:{uri:iso.org:21090}BAG_SC
OUT>      [java] [Thread-2] INFO  toJava.JavaGeneratorFactory  - excluding code generation for non-included QName:{uri:iso.org:21090}UVP_CD.CV[0,unbounded]
OUT>      [java] [Thread-2] INFO  toJava.JavaGeneratorFactory  - excluding code generation for non-included QName:{uri:iso.org:21090}LIST_CS
OUT>      [java] [Thread-2] INFO  toJava.JavaGeneratorFactory  - excluding code generation for non-included QName:{uri:iso.org:21090}UVP_CD.CE[0,unbounded]
OUT>      [java] [Thread-2] INFO  toJava.JavaGeneratorFactory  - excluding code generation for non-included QName:{gme://caCORE.caCORE/3.2/gov.nih.nci.cacoresdk.domain.inheritance.abstrakt}Teacher
OUT>      [java] [Thread-2] INFO  toJava.JavaGeneratorFactory  - excluding code generation for non-included QName:{uri:iso.org:21090}NPPD_CD.CE.None
OUT>      [java] [Thread-2] INFO  toJava.JavaGeneratorFactory  - excluding code generation for non-included QName:{uri:iso.org:21090}LIST_BL
OUT>      [java] [Thread-2] INFO  toJava.JavaGeneratorFactory  - excluding code generation for non-included QName:{uri:iso.org:21090}>>td>valign
OUT>      [java] [Thread-2] INFO  toJava.JavaGeneratorFactory  - excluding code generation for non-included QName:{uri:iso.org:21090}BAG_TS
OUT>      [java] [Thread-2] INFO  toJava.JavaGeneratorFactory  - excluding code generation for non-included QName:{uri:iso.org:21090}DSET_ED.Image
OUT>      [java] [Thread-2] INFO  toJava.JavaGeneratorFactory  - excluding code generation for non-included QName:{uri:iso.org:21090}IVL.Width_PQ
OUT>      [java] [Thread-2] INFO  toJava.JavaGeneratorFactory  - excluding code generation for non-included QName:{uri:iso.org:21090}HIST_EN.PN
OUT>      [java] [Thread-2] INFO  toJava.JavaGeneratorFactory  - excluding code generation for non-included QName:{uri:iso.org:21090}TS.Date.Full[0,unbounded]
OUT>      [java] [Thread-2] INFO  toJava.JavaGeneratorFactory  - excluding code generation for non-included QName:{uri:iso.org:21090}QSS_MO
OUT>      [java] [Thread-2] INFO  toJava.JavaGeneratorFactory  - excluding code generation for non-included QName:{uri:iso.org:21090}CD[0,0]
OUT>      [java] [Thread-2] INFO  toJava.JavaGeneratorFactory  - excluding code generation for non-included QName:{uri:iso.org:21090}DSET_CD.CE.None
OUT>      [java] [Thread-2] INFO  toJava.JavaGeneratorFactory  - excluding code generation for non-included QName:{uri:iso.org:21090}UVP_PQ.Time[0,unbounded]
OUT>      [java] [Thread-2] INFO  toJava.JavaGeneratorFactory  - excluding code generation for non-included QName:{uri:iso.org:21090}>>colgroup>valign
OUT>      [java] [Thread-2] INFO  toJava.JavaGeneratorFactory  - excluding code generation for non-included QName:{uri:iso.org:21090}CD.CE.None
OUT>      [java] [Thread-2] INFO  toJava.JavaGeneratorFactory  - excluding code generation for non-included QName:{http://docs.oasis-open.org/wsn/2004/06/wsn-WS-BaseNotification-1.2-draft-01.xsd}>ResumeSubscription
OUT>      [java] [Thread-2] INFO  toJava.JavaGeneratorFactory  - excluding code generation for non-included QName:{gme://caGrid.caBIG/1.0/gov.nih.nci.cagrid.metadata.security}ServiceSecurityMetadata
OUT>      [java] [Thread-2] INFO  toJava.JavaGeneratorFactory  - excluding code generation for non-included QName:{uri:iso.org:21090}QSD_REAL
OUT>      [java] [Thread-2] INFO  toJava.JavaGeneratorFactory  - excluding code generation for non-included QName:{gme://caGrid.caBIG/1.0/gov.nih.nci.cagrid.metadata.service}>Operation>inputParameterCollection
OUT>      [java] [Thread-2] INFO  toJava.JavaGeneratorFactory  - excluding code generation for non-included QName:{uri:iso.org:21090}LIST_EN
OUT>      [java] [Thread-2] INFO  toJava.JavaGeneratorFactory  - excluding code generation for non-included QName:{uri:iso.org:21090}DSET_TEL.Person
OUT>      [java] [Thread-2] INFO  toJava.JavaGeneratorFactory  - excluding code generation for non-included QName:{uri:iso.org:21090}QSI_TS.Date.Full
OUT>      [java] [Thread-2] INFO  toJava.JavaGeneratorFactory  - excluding code generation for non-included QName:{http://CQL.caBIG/2/org.cagrid.cql2.results}ExtendedCQLResult
OUT>      [java] [Thread-2] INFO  toJava.JavaGeneratorFactory  - excluding code generation for non-included QName:{gme://caCORE.caCORE/3.2/gov.nih.nci.cacoresdk.domain.other.datatype}BlNonNullDataType
OUT>      [java] [Thread-2] INFO  toJava.JavaGeneratorFactory  - excluding code generation for non-included QName:{gme://caCORE.caCORE/3.2/gov.nih.nci.cacoresdk.domain.onetomany.bidirectional.withjoin}Passanger
OUT>      [java] [Thread-2] INFO  toJava.JavaGeneratorFactory  - excluding code generation for non-included QName:{uri:iso.org:21090}QSD_CO
OUT>      [java] [Thread-2] INFO  toJava.JavaGeneratorFactory  - excluding code generation for non-included QName:{uri:iso.org:21090}LIST_ED
OUT>      [java] [Thread-2] INFO  toJava.JavaGeneratorFactory  - excluding code generation for non-included QName:{uri:iso.org:21090}QSD_TS
OUT>      [java] [Thread-2] INFO  toJava.JavaGeneratorFactory  - excluding code generation for non-included QName:{uri:iso.org:21090}QSP_TS.Date.Full
OUT>      [java] [Thread-2] INFO  toJava.JavaGeneratorFactory  - excluding code generation for non-included QName:{uri:iso.org:21090}COLL_TEL.Url
OUT>      [java] [Thread-2] INFO  toJava.JavaGeneratorFactory  - excluding code generation for non-included QName:{uri:iso.org:21090}QSET_RTO
OUT>      [java] [Thread-2] INFO  toJava.JavaGeneratorFactory  - excluding code generation for non-included QName:{gme://caCORE.caCORE/3.2/gov.nih.nci.cacoresdk.domain.onetoone.bidirectional}OrderLine
OUT>      [java] [Thread-2] INFO  toJava.JavaGeneratorFactory  - excluding code generation for non-included QName:{http://schemas.xmlsoap.org/ws/2004/03/addressing}ReplyAfterType
OUT>      [java] [Thread-2] INFO  toJava.JavaGeneratorFactory  - excluding code generation for non-included QName:{uri:iso.org:21090}NPPD_ED.Image
OUT>      [java] [Thread-2] INFO  toJava.JavaGeneratorFactory  - excluding code generation for non-included QName:{uri:iso.org:21090}BAG_TS.Birth
OUT>      [java] [Thread-2] INFO  toJava.JavaGeneratorFactory  - excluding code generation for non-included QName:{uri:iso.org:21090}IVL.Width_INT.Positive
OUT>      [java] [Thread-2] INFO  toJava.JavaGeneratorFactory  - excluding code generation for non-included QName:{uri:iso.org:21090}IVL_INT
OUT>      [java] [Thread-2] INFO  toJava.JavaGeneratorFactory  - excluding code generation for non-included QName:{uri:iso.org:21090}COLL_CD.CE.None
OUT>      [java] [Thread-2] INFO  toJava.JavaGeneratorFactory  - excluding code generation for non-included QName:{uri:iso.org:21090}ST[0,unbounded]
OUT>      [java] [Thread-2] INFO  toJava.JavaGeneratorFactory  - excluding code generation for non-included QName:{uri:iso.org:21090}>tbody
OUT>      [java] [Thread-2] INFO  toJava.JavaGeneratorFactory  - excluding code generation for non-included QName:{uri:iso.org:21090}BAG_TS.DateTime
OUT>      [java] [Thread-2] INFO  toJava.JavaGeneratorFactory  - excluding code generation for non-included QName:{http://docs.oasis-open.org/wsrf/2004/06/wsrf-WS-ResourceProperties-1.2-draft-01.xsd}InvalidQueryExpressionFaultType
OUT>      [java] [Thread-2] INFO  toJava.JavaGeneratorFactory  - excluding code generation for non-included QName:{uri:iso.org:21090}IVL.Low_PQ.Time
OUT>      [java] [Thread-2] INFO  toJava.JavaGeneratorFactory  - excluding code generation for non-included QName:{http://docs.oasis-open.org/wsrf/2004/06/wsrf-WS-BaseFaults-1.2-draft-01.xsd}>BaseFaultType>Description
OUT>      [java] [Thread-2] INFO  toJava.JavaGeneratorFactory  - excluding code generation for non-included QName:{uri:iso.org:21090}IVL.High_RTO
OUT>      [java] [Thread-2] INFO  toJava.JavaGeneratorFactory  - excluding code generation for non-included QName:{uri:iso.org:21090}HIST_ED.Text
OUT>      [java] [Thread-2] INFO  toJava.JavaGeneratorFactory  - excluding code generation for non-included QName:{uri:iso.org:21090}NPPD_II
OUT>      [java] [Thread-2] INFO  toJava.JavaGeneratorFactory  - excluding code generation for non-included QName:{uri:iso.org:21090}NPPD_ED.Narrative
OUT>      [java] [Thread-2] INFO  toJava.JavaGeneratorFactory  - excluding code generation for non-included QName:{gme://caCORE.caCORE/3.2/gov.nih.nci.cacoresdk.domain.inheritance.implicit}FishTank
OUT>      [java] [Thread-2] INFO  toJava.JavaGeneratorFactory  - excluding code generation for non-included QName:{uri:iso.org:21090}set_EntityNamePartQualifier
OUT>      [java] [Thread-2] INFO  toJava.JavaGeneratorFactory  - excluding code generation for non-included QName:{http://docs.oasis-open.org/wsn/2004/06/wsn-WS-BaseNotification-1.2-draft-01.xsd}>Notify
OUT>      [java] [Thread-2] INFO  toJava.JavaGeneratorFactory  - excluding code generation for non-included QName:{uri:iso.org:21090}MO[0,0]
OUT>      [java] [Thread-2] INFO  toJava.JavaGeneratorFactory  - excluding code generation for non-included QName:{gme://caCORE.caCORE/3.2/gov.nih.nci.cacoresdk.domain.onetoone.multipleassociation}Child
OUT>      [java] [Thread-2] INFO  toJava.JavaGeneratorFactory  - excluding code generation for non-included QName:{uri:iso.org:21090}IVL.High_MO
OUT>      [java] [Thread-2] INFO  toJava.JavaGeneratorFactory  - excluding code generation for non-included QName:{uri:iso.org:21090}>renderMultiMedia
OUT>      [java] [Thread-2] INFO  toJava.JavaGeneratorFactory  - excluding code generation for non-included QName:{uri:iso.org:21090}CD.CV[0,unbounded]
OUT>      [java] [Thread-2] INFO  toJava.JavaGeneratorFactory  - excluding code generation for non-included QName:{http://docs.oasis-open.org/wsn/2004/06/wsn-WS-BaseNotification-1.2-draft-01.xsd}>GetCurrentMessage
OUT>      [java] [Thread-2] INFO  toJava.JavaGeneratorFactory  - excluding code generation for non-included QName:{http://docs.oasis-open.org/wsrf/2004/06/wsrf-WS-ResourceProperties-1.2-draft-01.xsd}QueryExpressionType
OUT>      [java] [Thread-2] INFO  toJava.JavaGeneratorFactory  - excluding code generation for non-included QName:{gme://caCORE.caCORE/3.2/gov.nih.nci.cacoresdk.domain.onetomany.bidirectional}HardDrive
OUT>      [java] [Thread-2] INFO  toJava.JavaGeneratorFactory  - excluding code generation for non-included QName:{uri:iso.org:21090}QSET_TS.Date
OUT>      [java] [Thread-2] INFO  toJava.JavaGeneratorFactory  - excluding code generation for non-included QName:{uri:iso.org:21090}COLL_II
OUT>      [java] [Thread-2] INFO  toJava.JavaGeneratorFactory  - excluding code generation for non-included QName:{uri:iso.org:21090}UVP_TS.Date.Full[0,unbounded]
OUT>      [java] [Thread-2] INFO  toJava.JavaGeneratorFactory  - excluding code generation for non-included QName:{http://CQL.caBIG/2/org.cagrid.cql2}CQLExtension[,unbounded]
OUT>      [java] [Thread-2] INFO  toJava.JavaGeneratorFactory  - excluding code generation for non-included QName:{uri:iso.org:21090}TEL.Email[0,unbounded]
OUT>      [java] [Thread-2] INFO  toJava.JavaGeneratorFactory  - excluding code generation for non-included QName:{uri:iso.org:21090}IVL_PQ
OUT>      [java] [Thread-2] INFO  toJava.JavaGeneratorFactory  - excluding code generation for non-included QName:{uri:iso.org:21090}DSET_INT.Positive
OUT>      [java] [Thread-2] INFO  toJava.JavaGeneratorFactory  - excluding code generation for non-included QName:{uri:iso.org:21090}GLIST_PQ.Time
OUT>      [java] [Thread-2] INFO  toJava.JavaGeneratorFactory  - excluding code generation for non-included QName:{uri:iso.org:21090}QSD_TS.Date
OUT>      [java] [Thread-2] INFO  toJava.JavaGeneratorFactory  - excluding code generation for non-included QName:{uri:iso.org:21090}GLIST_TS.Birth
OUT>      [java] [Thread-2] INFO  toJava.JavaGeneratorFactory  - excluding code generation for non-included QName:{http://docs.oasis-open.org/wsrf/2004/06/wsrf-WS-ResourceProperties-1.2-draft-01.xsd}QueryEvaluationErrorFaultType
OUT>      [java] [Thread-2] INFO  toJava.JavaGeneratorFactory  - excluding code generation for non-included QName:{uri:iso.org:21090}UVP_TS.DateTime
OUT>      [java] [Thread-2] INFO  toJava.JavaGeneratorFactory  - excluding code generation for non-included QName:{gme://caCORE.caCORE/3.2/gov.nih.nci.cacoresdk.domain.inheritance.abstrakt}>Teacher>pupilCollection
OUT>      [java] [Thread-2] INFO  toJava.JavaGeneratorFactory  - excluding code generation for non-included QName:{uri:iso.org:21090}LIST_MO
OUT>      [java] [Thread-2] INFO  toJava.JavaGeneratorFactory  - excluding code generation for non-included QName:{uri:iso.org:21090}NPPD_TEL.Phone
OUT>      [java] [Thread-2] INFO  toJava.JavaGeneratorFactory  - excluding code generation for non-included QName:{uri:iso.org:21090}QSD_INT
OUT>      [java] [Thread-2] INFO  toJava.JavaGeneratorFactory  - excluding code generation for non-included QName:{uri:iso.org:21090}ENXP[0,unbounded]
OUT>      [java] [Thread-2] INFO  toJava.JavaGeneratorFactory  - excluding code generation for non-included QName:{uri:iso.org:21090}REAL
OUT>      [java] [Thread-2] INFO  toJava.JavaGeneratorFactory  - excluding code generation for non-included QName:{http://docs.oasis-open.org/wsrf/2004/06/wsrf-WS-ResourceLifetime-1.2-draft-01.xsd}ResourceNotDestroyedFaultType
OUT>      [java] [Thread-2] INFO  toJava.JavaGeneratorFactory  - excluding code generation for non-included QName:{gme://caCORE.caCORE/3.2/gov.nih.nci.cacoresdk.domain.onetoone.multipleassociation}Parent
OUT>      [java] [Thread-2] INFO  toJava.JavaGeneratorFactory  - excluding code generation for non-included QName:{gme://caCORE.caCORE/3.2/gov.nih.nci.cacoresdk.domain.inheritance.onechild.sametable}Note
OUT>      [java] [Thread-2] INFO  toJava.JavaGeneratorFactory  - excluding code generation for non-included QName:{uri:iso.org:21090}QSET_PQ.Time[0,unbounded]
OUT>      [java] [Thread-2] INFO  toJava.JavaGeneratorFactory  - excluding code generation for non-included QName:{gme://caCORE.caCORE/3.2/gov.nih.nci.cacoresdk.domain.manytomany.bidirectional}Project
OUT>      [java] [Thread-2] INFO  toJava.JavaGeneratorFactory  - excluding code generation for non-included QName:{uri:iso.org:21090}GLIST_TS.Date
OUT>      [java] [Thread-2] INFO  toJava.JavaGeneratorFactory  - excluding code generation for non-included QName:{http://gov.nih.nci.cagrid.data/DataServiceExceptions}QueryProcessingExceptionType
OUT>      [java] [Thread-2] INFO  toJava.JavaGeneratorFactory  - excluding code generation for non-included QName:{http://docs.oasis-open.org/wsn/2004/06/wsn-WS-BaseNotification-1.2-draft-01.xsd}>SubscribeResponse
OUT>      [java] [Thread-2] INFO  toJava.JavaGeneratorFactory  - excluding code generation for non-included QName:{uri:iso.org:21090}COLL_ED.Image
OUT>      [java] [Thread-2] INFO  toJava.JavaGeneratorFactory  - excluding code generation for non-included QName:{uri:iso.org:21090}QSET_TS.Date[0,unbounded]
OUT>      [java] [Thread-2] INFO  toJava.JavaGeneratorFactory  - excluding code generation for non-included QName:{uri:iso.org:21090}NPPD_TEL
OUT>      [java] [Thread-2] INFO  toJava.JavaGeneratorFactory  - excluding code generation for non-included QName:{uri:iso.org:21090}IdentifierReliability
OUT>      [java] [Thread-2] INFO  toJava.JavaGeneratorFactory  - excluding code generation for non-included QName:{uri:iso.org:21090}NPPD_EN.ON
OUT>      [java] [Thread-2] INFO  toJava.JavaGeneratorFactory  - excluding code generation for non-included QName:{gme://caGrid.caBIG/1.0/gov.nih.nci.cagrid.metadata}>ServiceMetadata>hostingResearchCenter
OUT>      [java] [Thread-2] INFO  toJava.JavaGeneratorFactory  - excluding code generation for non-included QName:{gme://caCORE.caCORE/3.2/gov.nih.nci.cacoresdk.domain.other.datatype}DsetAdDataType
OUT>      [java] [Thread-2] INFO  toJava.JavaGeneratorFactory  - excluding code generation for non-included QName:{uri:iso.org:21090}QSI_MO
OUT>      [java] [Thread-2] INFO  toJava.JavaGeneratorFactory  - excluding code generation for non-included QName:{uri:iso.org:21090}IVL.Width_TS
OUT>      [java] [Thread-2] INFO  toJava.JavaGeneratorFactory  - excluding code generation for non-included QName:{uri:iso.org:21090}TEL.Person
OUT>      [java] [Thread-2] INFO  toJava.JavaGeneratorFactory  - excluding code generation for non-included QName:{gme://caCORE.caCORE/3.2/gov.nih.nci.cacoresdk.domain.other.datatype}IvlRealDataType
OUT>      [java] [Thread-2] INFO  toJava.JavaGeneratorFactory  - excluding code generation for non-included QName:{uri:iso.org:21090}IVL_TS
OUT>      [java] [Thread-2] INFO  toJava.JavaGeneratorFactory  - excluding code generation for non-included QName:{uri:iso.org:21090}QSP_INT.NonNeg
OUT>      [java] [Thread-2] INFO  toJava.JavaGeneratorFactory  - excluding code generation for non-included QName:{gme://caCORE.caCORE/3.2/gov.nih.nci.cacoresdk.domain.manytoone.unidirectional}Chef
OUT>      [java] [Thread-2] INFO  toJava.JavaGeneratorFactory  - excluding code generation for non-included QName:{uri:iso.org:21090}IVL_TS.DateTime.Full
OUT>      [java] [Thread-2] INFO  toJava.JavaGeneratorFactory  - excluding code generation for non-included QName:{uri:iso.org:21090}UVP_ED.Text
OUT>      [java] [Thread-2] INFO  toJava.JavaGeneratorFactory  - excluding code generation for non-included QName:{gme://caCORE.caCORE/3.2/gov.nih.nci.cacoresdk.domain.other.primarykey}CharacterKey
OUT>      [java] [Thread-2] INFO  toJava.JavaGeneratorFactory  - excluding code generation for non-included QName:{uri:iso.org:21090}NPPD_INT.Positive
OUT>      [java] [Thread-2] INFO  toJava.JavaGeneratorFactory  - excluding code generation for non-included QName:{uri:iso.org:21090}IVL.High_PQ
OUT>      [java] [Thread-2] INFO  toJava.JavaGeneratorFactory  - excluding code generation for non-included QName:{gme://caCORE.caCORE/3.2/gov.nih.nci.cacoresdk.domain.inheritance.twolevelinheritance}CRTMonitor
OUT>      [java] [Thread-2] INFO  toJava.JavaGeneratorFactory  - excluding code generation for non-included QName:{uri:iso.org:21090}ED.Text[0,unbounded]
OUT>      [java] [Thread-2] INFO  toJava.JavaGeneratorFactory  - excluding code generation for non-included QName:{gme://caCORE.caCORE/3.2/gov.nih.nci.cacoresdk.domain.onetoone.bidirectional.withjoin}Chain
OUT>      [java] [Thread-2] INFO  toJava.JavaGeneratorFactory  - excluding code generation for non-included QName:{uri:iso.org:21090}TS.DateTime
OUT>      [java] [Thread-2] INFO  toJava.JavaGeneratorFactory  - excluding code generation for non-included QName:{uri:iso.org:21090}COLL_TEL.Phone
OUT>      [java] [Thread-2] INFO  toJava.JavaGeneratorFactory  - excluding code generation for non-included QName:{uri:iso.org:21090}IVL.High_PQ.Time
OUT>      [java] [Thread-2] INFO  toJava.JavaGeneratorFactory  - excluding code generation for non-included QName:{uri:iso.org:21090}QSS_PQ.Time
OUT>      [java] [Thread-2] INFO  toJava.JavaGeneratorFactory  - excluding code generation for non-included QName:{uri:iso.org:21090}DSET_ED.Narrative
OUT>      [java] [Thread-2] INFO  toJava.JavaGeneratorFactory  - excluding code generation for non-included QName:{uri:iso.org:21090}UVP_TS.Date.Full
OUT>      [java] [Thread-2] INFO  toJava.JavaGeneratorFactory  - excluding code generation for non-included QName:{uri:iso.org:21090}UVP_ED.Doc.Inline[0,unbounded]
OUT>      [java] [Thread-2] INFO  toJava.JavaGeneratorFactory  - excluding code generation for non-included QName:{uri:iso.org:21090}TS
OUT>      [java] [Thread-2] INFO  toJava.JavaGeneratorFactory  - excluding code generation for non-included QName:{uri:iso.org:21090}ED.Signature[0,unbounded]
OUT>      [java] [Thread-2] INFO  toJava.JavaGeneratorFactory  - excluding code generation for non-included QName:{uri:iso.org:21090}CD.CE.None[0,unbounded]
OUT>      [java] [Thread-2] INFO  toJava.JavaGeneratorFactory  - excluding code generation for non-included QName:{uri:iso.org:21090}IVL_RTO
OUT>      [java] [Thread-2] INFO  toJava.JavaGeneratorFactory  - excluding code generation for non-included QName:{uri:iso.org:21090}BL.NonNull[0,unbounded]
OUT>      [java] [Thread-2] INFO  toJava.JavaGeneratorFactory  - excluding code generation for non-included QName:{uri:iso.org:21090}BAG_TEL.Phone
OUT>      [java] [Thread-2] INFO  toJava.JavaGeneratorFactory  - excluding code generation for non-included QName:{uri:iso.org:21090}ST
OUT>      [java] [Thread-2] INFO  toJava.JavaGeneratorFactory  - excluding code generation for non-included QName:{uri:iso.org:21090}ST.NT
OUT>      [java] [Thread-2] INFO  toJava.JavaGeneratorFactory  - excluding code generation for non-included QName:{uri:iso.org:21090}COLL_MO
OUT>      [java] [Thread-2] INFO  toJava.JavaGeneratorFactory  - excluding code generation for non-included QName:{uri:iso.org:21090}UVP_INT.Positive
OUT>      [java] [Thread-2] INFO  toJava.JavaGeneratorFactory  - excluding code generation for non-included QName:{gme://caCORE.caCORE/3.2/gov.nih.nci.cacoresdk.domain.inheritance.twolevelinheritance.sametable}CommunistGovt
OUT>      [java] [Thread-2] INFO  toJava.JavaGeneratorFactory  - excluding code generation for non-included QName:{gme://caCORE.caCORE/3.2/gov.nih.nci.cacoresdk.domain.onetomany.unidirectional.withjoin}Shirt
OUT>      [java] [Thread-2] INFO  toJava.JavaGeneratorFactory  - excluding code generation for non-included QName:{uri:iso.org:21090}EN.TN[0,unbounded]
OUT>      [java] [Thread-2] INFO  toJava.JavaGeneratorFactory  - excluding code generation for non-included QName:{http://docs.oasis-open.org/wsrf/2004/06/wsrf-WS-ResourceProperties-1.2-draft-01.xsd}>ResourcePropertyValueChangeNotificationType>OldValue
OUT>      [java] [Thread-2] INFO  toJava.JavaGeneratorFactory  - excluding code generation for non-included QName:{uri:iso.org:21090}TS.Birth[0,unbounded]
OUT>      [java] [Thread-2] INFO  toJava.JavaGeneratorFactory  - excluding code generation for non-included QName:{uri:iso.org:21090}UVP_ED[0,unbounded]
OUT>      [java] [Thread-2] INFO  toJava.JavaGeneratorFactory  - excluding code generation for non-included QName:{uri:iso.org:21090}SC
OUT>      [java] [Thread-2] INFO  toJava.JavaGeneratorFactory  - excluding code generation for non-included QName:{gme://caCORE.caCORE/3.2/gov.nih.nci.cacoresdk.domain.other.levelassociation}>Deck>suitCollection
OUT>      [java] [Thread-2] INFO  toJava.JavaGeneratorFactory  - excluding code generation for non-included QName:{uri:iso.org:21090}LIST_II
OUT>      [java] [Thread-2] INFO  toJava.JavaGeneratorFactory  - excluding code generation for non-included QName:{uri:iso.org:21090}PQ.Time
OUT>      [java] [Thread-2] INFO  toJava.JavaGeneratorFactory  - excluding code generation for non-included QName:{gme://caCORE.caCORE/3.2/gov.nih.nci.cacoresdk.domain.other.datatype}TelPhoneDataType
OUT>      [java] [Thread-2] INFO  toJava.JavaGeneratorFactory  - excluding code generation for non-included QName:{uri:iso.org:21090}IVL_MO
OUT>      [java] [Thread-2] INFO  toJava.JavaGeneratorFactory  - excluding code generation for non-included QName:{uri:iso.org:21090}BAG_TEL
OUT>      [java] [Thread-2] INFO  toJava.JavaGeneratorFactory  - excluding code generation for non-included QName:{uri:iso.org:21090}HIST_ED.Narrative
OUT>      [java] [Thread-2] INFO  toJava.JavaGeneratorFactory  - excluding code generation for non-included QName:{uri:iso.org:21090}ED.Doc.Inline[0,unbounded]
OUT>      [java] [Thread-2] INFO  toJava.JavaGeneratorFactory  - excluding code generation for non-included QName:{http://CQL.caBIG/2/org.cagrid.cql2.results}CQLResult
OUT>      [java] [Thread-2] INFO  toJava.JavaGeneratorFactory  - excluding code generation for non-included QName:{http://docs.oasis-open.org/wsn/2004/06/wsn-WS-BaseNotification-1.2-draft-01.xsd}>ResumeSubscriptionResponse
OUT>      [java] [Thread-2] INFO  toJava.JavaGeneratorFactory  - excluding code generation for non-included QName:{uri:iso.org:21090}set_CodingRationale
OUT>      [java] [Thread-2] INFO  toJava.JavaGeneratorFactory  - excluding code generation for non-included QName:{gme://caCORE.caCORE/3.2/gov.nih.nci.cacoresdk.domain.inheritance.childwithassociation.sametable}SportsShoes
OUT>      [java] [Thread-2] INFO  toJava.JavaGeneratorFactory  - excluding code generation for non-included QName:{uri:iso.org:21090}>>tr>valign
OUT>      [java] [Thread-2] INFO  toJava.JavaGeneratorFactory  - excluding code generation for non-included QName:{uri:iso.org:21090}IVL.Width_RTO
OUT>      [java] [Thread-2] INFO  toJava.JavaGeneratorFactory  - excluding code generation for non-included QName:{uri:iso.org:21090}SLIST_INT
OUT>      [java] [Thread-2] INFO  toJava.JavaGeneratorFactory  - excluding code generation for non-included QName:{uri:iso.org:21090}IVL.Low_TS
OUT>      [java] [Thread-2] INFO  toJava.JavaGeneratorFactory  - excluding code generation for non-included QName:{uri:iso.org:21090}NPPD_INT.NonNeg
OUT>      [java] [Thread-2] INFO  toJava.JavaGeneratorFactory  - excluding code generation for non-included QName:{uri:iso.org:21090}QSD_RTO
OUT>      [java] [Thread-2] INFO  toJava.JavaGeneratorFactory  - excluding code generation for non-included QName:{uri:iso.org:21090}COLL_REAL
OUT>      [java] [Thread-2] INFO  toJava.JavaGeneratorFactory  - excluding code generation for non-included QName:{uri:iso.org:21090}LIST_TEL.Email
OUT>      [java] [Thread-2] INFO  toJava.JavaGeneratorFactory  - excluding code generation for non-included QName:{uri:iso.org:21090}IVL_REAL
OUT>      [java] [Thread-2] INFO  toJava.JavaGeneratorFactory  - excluding code generation for non-included QName:{uri:iso.org:21090}NPPD_TS
OUT>      [java] [Thread-2] INFO  toJava.JavaGeneratorFactory  - excluding code generation for non-included QName:{uri:iso.org:21090}QSD_TS.DateTime
OUT>      [java] [Thread-2] INFO  toJava.JavaGeneratorFactory  - excluding code generation for non-included QName:{uri:iso.org:21090}IVL.Low_TS.Date
OUT>      [java] [Thread-2] INFO  toJava.JavaGeneratorFactory  - excluding code generation for non-included QName:{gme://caCORE.caCORE/3.2/gov.nih.nci.cacoresdk.domain.onetomany.selfassociation}Element
OUT>      [java] [Thread-2] INFO  toJava.JavaGeneratorFactory  - excluding code generation for non-included QName:{http://CQL.caBIG/2/org.cagrid.cql2.results}CQLObjectResult
OUT>      [java] [Thread-2] INFO  toJava.JavaGeneratorFactory  - excluding code generation for non-included QName:{uri:iso.org:21090}BAG_TEL.Email
OUT>      [java] [Thread-2] INFO  toJava.JavaGeneratorFactory  - excluding code generation for non-included QName:{uri:iso.org:21090}UVP_CD.CE
OUT>      [java] [Thread-2] INFO  toJava.JavaGeneratorFactory  - excluding code generation for non-included QName:{gme://caCORE.caCORE/3.2/gov.nih.nci.cacoresdk.domain.other.datatype}EdDataType
OUT>      [java] [Thread-2] INFO  toJava.JavaGeneratorFactory  - excluding code generation for non-included QName:{uri:iso.org:21090}>item
OUT>      [java] [Thread-2] INFO  toJava.JavaGeneratorFactory  - excluding code generation for non-included QName:{http://docs.oasis-open.org/wsrf/2004/06/wsrf-WS-ResourceLifetime-1.2-draft-01.xsd}UnableToSetTerminationTimeFaultType
OUT>      [java] [Thread-2] INFO  toJava.JavaGeneratorFactory  - excluding code generation for non-included QName:{uri:iso.org:21090}ED.Doc.Ref[0,unbounded]
OUT>      [java] [Thread-2] INFO  toJava.JavaGeneratorFactory  - excluding code generation for non-included QName:{uri:iso.org:21090}QSP_INT.Positive
OUT>      [java] [Thread-2] INFO  toJava.JavaGeneratorFactory  - excluding code generation for non-included QName:{gme://caGrid.caBIG/1.0/gov.nih.nci.cagrid.metadata.security}GSISecureConversation
OUT>      [java] [Thread-2] INFO  toJava.JavaGeneratorFactory  - excluding code generation for non-included QName:{gme://caCORE.caCORE/3.2/gov.nih.nci.cacoresdk.domain.inheritance.childwithassociation.sametable}Designer
OUT>      [java] [Thread-2] INFO  toJava.JavaGeneratorFactory  - excluding code generation for non-included QName:{uri:iso.org:21090}NPPD_ST
OUT>      [java] [Thread-2] INFO  toJava.JavaGeneratorFactory  - excluding code generation for non-included QName:{uri:iso.org:21090}UVP_CD.CV
OUT>      [java] [Thread-2] INFO  toJava.JavaGeneratorFactory  - excluding code generation for non-included QName:{uri:iso.org:21090}QSP_CO
OUT>      [java] [Thread-2] INFO  toJava.JavaGeneratorFactory  - excluding code generation for non-included QName:{gme://caCORE.caCORE/3.2/gov.nih.nci.cacoresdk.domain.onetomany.unidirectional.withjoin}Button
OUT>      [java] [Thread-2] INFO  toJava.JavaGeneratorFactory  - excluding code generation for non-included QName:{gme://caGrid.caBIG/1.0/gov.nih.nci.cagrid.metadata.service}>Service>serviceContextCollection
OUT>      [java] [Thread-2] INFO  toJava.JavaGeneratorFactory  - excluding code generation for non-included QName:{gme://caCORE.caCORE/3.2/gov.nih.nci.cacoresdk.domain.other.datatype}TelEmailDataType
OUT>      [java] [Thread-2] INFO  toJava.JavaGeneratorFactory  - excluding code generation for non-included QName:{uri:iso.org:21090}EN.PN[0,unbounded]
OUT>      [java] [Thread-2] INFO  toJava.JavaGeneratorFactory  - excluding code generation for non-included QName:{uri:iso.org:21090}UVP_CO[0,unbounded]
OUT>      [java] [Thread-2] INFO  toJava.JavaGeneratorFactory  - excluding code generation for non-included QName:{gme://caCORE.caCORE/3.2/gov.nih.nci.cacoresdk.domain.inheritance.parentwithassociation}AssistantProfessor
OUT>      [java] [Thread-2] INFO  toJava.JavaGeneratorFactory  - excluding code generation for non-included QName:{uri:iso.org:21090}LIST_ED.Narrative
OUT>      [java] [Thread-2] INFO  toJava.JavaGeneratorFactory  - excluding code generation for non-included QName:{http://schemas.xmlsoap.org/ws/2004/03/addressing}FaultSubcodeValues
OUT>      [java] [Thread-2] INFO  toJava.JavaGeneratorFactory  - excluding code generation for non-included QName:{uri:iso.org:21090}IVL.High_TS
OUT>      [java] [Thread-2] INFO  toJava.JavaGeneratorFactory  - excluding code generation for non-included QName:{uri:iso.org:21090}QSET_PQ[0,unbounded]
OUT>      [java] [Thread-2] INFO  toJava.JavaGeneratorFactory  - excluding code generation for non-included QName:{uri:iso.org:21090}EntityNamePartType
OUT>      [java] [Thread-2] INFO  toJava.JavaGeneratorFactory  - excluding code generation for non-included QName:{uri:iso.org:21090}PQ
OUT>      [java] [Thread-2] INFO  toJava.JavaGeneratorFactory  - excluding code generation for non-included QName:{uri:iso.org:21090}QSI_PQ
OUT>      [java] [Thread-2] INFO  toJava.JavaGeneratorFactory  - excluding code generation for non-included QName:{uri:iso.org:21090}QSP_TS.Birth
OUT>      [java] [Thread-2] INFO  toJava.JavaGeneratorFactory  - excluding code generation for non-included QName:{uri:iso.org:21090}>>table>rules
OUT>      [java] [Thread-2] INFO  toJava.JavaGeneratorFactory  - excluding code generation for non-included QName:{gme://caCORE.caCORE/3.2/gov.nih.nci.cacoresdk.domain.onetoone.multipleassociation.withjoin}InLaw
OUT>      [java] [Thread-2] INFO  toJava.JavaGeneratorFactory  - excluding code generation for non-included QName:{gme://caCORE.caCORE/3.2/gov.nih.nci.cacoresdk.domain.inheritance.twolevelinheritance.sametable}DemocraticGovt
OUT>      [java] [Thread-2] INFO  toJava.JavaGeneratorFactory  - excluding code generation for non-included QName:{uri:iso.org:21090}>>col>align
OUT>      [java] [Thread-2] INFO  toJava.JavaGeneratorFactory  - excluding code generation for non-included QName:{uri:iso.org:21090}COLL_AD
OUT>      [java] [Thread-2] INFO  toJava.JavaGeneratorFactory  - excluding code generation for non-included QName:{uri:iso.org:21090}ED.Image
OUT>      [java] [Thread-2] INFO  toJava.JavaGeneratorFactory  - excluding code generation for non-included QName:{gme://caCORE.caCORE/3.2/gov.nih.nci.cacoresdk.domain.other.levelassociation}Card
OUT>      [java] [Thread-2] INFO  toJava.JavaGeneratorFactory  - excluding code generation for non-included QName:{gme://caCORE.caCORE/3.2/gov.nih.nci.cacoresdk.domain.inheritance.twolevelinheritance.sametablerootlevel}FinancialCalculator
OUT>      [java] [Thread-2] INFO  toJava.JavaGeneratorFactory  - excluding code generation for non-included QName:{uri:iso.org:21090}QSD_PQ.Time
OUT>      [java] [Thread-2] INFO  toJava.JavaGeneratorFactory  - excluding code generation for non-included QName:{uri:iso.org:21090}HIST_TS.Date.Full
OUT>      [java] [Thread-2] INFO  toJava.JavaGeneratorFactory  - excluding code generation for non-included QName:{uri:iso.org:21090}UVP_ED.Text[0,unbounded]
OUT>      [java] [Thread-2] INFO  toJava.JavaGeneratorFactory  - excluding code generation for non-included QName:{uri:iso.org:21090}QTY
OUT>      [java] [Thread-2] INFO  toJava.JavaGeneratorFactory  - excluding code generation for non-included QName:{http://CQL.caBIG/2/org.cagrid.cql2}DistinctAttribute
OUT>      [java] [Thread-2] INFO  toJava.JavaGeneratorFactory  - excluding code generation for non-included QName:{gme://caCORE.caCORE/3.2/gov.nih.nci.cacoresdk.domain.other.differentpackage.associations}IceCream
OUT>      [java] [Thread-2] INFO  toJava.JavaGeneratorFactory  - excluding code generation for non-included QName:{uri:iso.org:21090}UVP_TS.DateTime.Full
OUT>      [java] [Thread-2] INFO  toJava.JavaGeneratorFactory  - excluding code generation for non-included QName:{uri:iso.org:21090}REAL[0,unbounded]
OUT>      [java] [Thread-2] INFO  toJava.JavaGeneratorFactory  - excluding code generation for non-included QName:{uri:iso.org:21090}LIST_TS
OUT>      [java] [Thread-2] INFO  toJava.JavaGeneratorFactory  - excluding code generation for non-included QName:{gme://caCORE.caCORE/3.2/gov.nih.nci.cacoresdk.domain.onetomany.bidirectional.withjoin}Flight
OUT>      [java] [Thread-2] INFO  toJava.JavaGeneratorFactory  - excluding code generation for non-included QName:{uri:iso.org:21090}SLIST_INT.NonNeg
OUT>      [java] [Thread-2] INFO  toJava.JavaGeneratorFactory  - excluding code generation for non-included QName:{uri:iso.org:21090}SLIST_TS
OUT>      [java] [Thread-2] INFO  toJava.JavaGeneratorFactory  - excluding code generation for non-included QName:{uri:iso.org:21090}HIST_PQ.Time
OUT>      [java] [Thread-2] INFO  toJava.JavaGeneratorFactory  - excluding code generation for non-included QName:{uri:iso.org:21090}LIST_ST.NT
OUT>      [java] [Thread-2] INFO  toJava.JavaGeneratorFactory  - excluding code generation for non-included QName:{uri:iso.org:21090}BAG_CD.CE.None
OUT>      [java] [Thread-2] INFO  toJava.JavaGeneratorFactory  - excluding code generation for non-included QName:{uri:iso.org:21090}LIST_EN.TN
OUT>      [java] [Thread-2] INFO  toJava.JavaGeneratorFactory  - excluding code generation for non-included QName:{uri:iso.org:21090}SLIST_RTO
OUT>      [java] [Thread-2] INFO  toJava.JavaGeneratorFactory  - excluding code generation for non-included QName:{uri:iso.org:21090}BAG_ST.NT
OUT>      [java] [Thread-2] INFO  toJava.JavaGeneratorFactory  - excluding code generation for non-included QName:{gme://caCORE.caCORE/3.2/gov.nih.nci.cacoresdk.domain.other.differentpackage}>Dessert>utensilCollection
OUT>      [java] [Thread-2] INFO  toJava.JavaGeneratorFactory  - excluding code generation for non-included QName:{uri:iso.org:21090}UVP_ED.Doc.Ref
OUT>      [java] [Thread-2] INFO  toJava.JavaGeneratorFactory  - excluding code generation for non-included QName:{http://docs.oasis-open.org/wsn/2004/06/wsn-WS-BaseNotification-1.2-draft-01.xsd}NoCurrentMessageOnTopicFaultType
OUT>      [java] [Thread-2] INFO  toJava.JavaGeneratorFactory  - excluding code generation for non-included QName:{uri:iso.org:21090}UVP_ED.Image
OUT>      [java] [Thread-2] INFO  toJava.JavaGeneratorFactory  - excluding code generation for non-included QName:{uri:iso.org:21090}LIST_TEL.Person
OUT>      [java] [Thread-2] INFO  toJava.JavaGeneratorFactory  - excluding code generation for non-included QName:{uri:iso.org:21090}COLL_BL
OUT>      [java] [Thread-2] INFO  toJava.JavaGeneratorFactory  - excluding code generation for non-included QName:{uri:iso.org:21090}BAG_ED.Doc.Ref
OUT>      [java] [Thread-2] INFO  toJava.JavaGeneratorFactory  - excluding code generation for non-included QName:{uri:iso.org:21090}IVL_TS.Date
OUT>      [java] [Thread-2] INFO  toJava.JavaGeneratorFactory  - excluding code generation for non-included QName:{uri:iso.org:21090}UVP_CD.CE.None
OUT>      [java] [Thread-2] INFO  toJava.JavaGeneratorFactory  - excluding code generation for non-included QName:{http://CQL.caBIG/2/org.cagrid.cql2}CQLQueryModifier
OUT>      [java] [Thread-2] INFO  toJava.JavaGeneratorFactory  - excluding code generation for non-included QName:{uri:iso.org:21090}>caption
OUT>      [java] [Thread-2] INFO  toJava.JavaGeneratorFactory  - excluding code generation for non-included QName:{uri:iso.org:21090}QSS_INT
OUT>      [java] [Thread-2] INFO  toJava.JavaGeneratorFactory  - excluding code generation for non-included QName:{http://docs.oasis-open.org/wsrf/2004/06/wsrf-WS-ResourceLifetime-1.2-draft-01.xsd}>DestroyResponse
OUT>      [java] [Thread-2] INFO  toJava.JavaGeneratorFactory  - excluding code generation for non-included QName:{gme://caCORE.caCORE/3.2/gov.nih.nci.cacoresdk.domain.inheritance.multiplechild.sametable}GovtOrganization
OUT>      [java] [Thread-2] INFO  toJava.JavaGeneratorFactory  - excluding code generation for non-included QName:{uri:iso.org:21090}TS.Birth[0,0]
OUT>      [java] [Thread-2] INFO  toJava.JavaGeneratorFactory  - excluding code generation for non-included QName:{uri:iso.org:21090}ED.Doc
OUT>      [java] [Thread-2] INFO  toJava.JavaGeneratorFactory  - excluding code generation for non-included QName:{http://org.cagrid.dataservice.cql/QueryLanguageSupport}>QueryLanguageSupport>CQL2Support
OUT>      [java] [Thread-2] INFO  toJava.JavaGeneratorFactory  - excluding code generation for non-included QName:{uri:iso.org:21090}IVL.Low_MO
OUT>      [java] [Thread-2] INFO  toJava.JavaGeneratorFactory  - excluding code generation for non-included QName:{uri:iso.org:21090}NPPD_EN.TN
OUT>      [java] [Thread-2] INFO  toJava.JavaGeneratorFactory  - excluding code generation for non-included QName:{gme://caCORE.caCORE/3.2/gov.nih.nci.cacoresdk.domain.other.datatype}IvlIntDataType
OUT>      [java] [Thread-2] INFO  toJava.JavaGeneratorFactory  - excluding code generation for non-included QName:{http://docs.oasis-open.org/wsrf/2004/06/wsrf-WS-ResourceProperties-1.2-draft-01.xsd}InvalidResourcePropertyQNameFaultType
OUT>      [java] [Thread-2] INFO  toJava.JavaGeneratorFactory  - excluding code generation for non-included QName:{uri:iso.org:21090}LIST_SC
OUT>      [java] [Thread-2] INFO  toJava.JavaGeneratorFactory  - excluding code generation for non-included QName:{uri:iso.org:21090}LIST_ED.Image
OUT>      [java] [Thread-2] INFO  toJava.JavaGeneratorFactory  - excluding code generation for non-included QName:{uri:iso.org:21090}INT.Positive[0,0]
OUT>      [java] [Thread-2] INFO  toJava.JavaGeneratorFactory  - excluding code generation for non-included QName:{gme://caCORE.caCORE/3.2/gov.nih.nci.cacoresdk.domain.other.datatype}EnDataType
OUT>      [java] [Thread-2] INFO  toJava.JavaGeneratorFactory  - excluding code generation for non-included QName:{http://gov.nih.nci.cagrid.data/DataServiceExceptions}MalformedQueryExceptionType
OUT>      [java] [Thread-2] INFO  toJava.JavaGeneratorFactory  - excluding code generation for non-included QName:{uri:iso.org:21090}UVP_PQ[0,unbounded]
OUT>      [java] [Thread-2] INFO  toJava.JavaGeneratorFactory  - excluding code generation for non-included QName:{uri:iso.org:21090}IVL.High_INT.Positive
OUT>      [java] [Thread-2] INFO  toJava.JavaGeneratorFactory  - excluding code generation for non-included QName:{uri:iso.org:21090}COLL_TS.DateTime.Full
OUT>      [java] [Thread-2] INFO  toJava.JavaGeneratorFactory  - excluding code generation for non-included QName:{gme://caGrid.caBIG/1.0/gov.nih.nci.cagrid.metadata.service}InputParameter
OUT>      [java] [Thread-2] INFO  toJava.JavaGeneratorFactory  - excluding code generation for non-included QName:{gme://caCORE.caCORE/3.2/gov.nih.nci.cacoresdk.domain.inheritance.onechild.sametable}Currency
OUT>      [java] [Thread-2] INFO  toJava.JavaGeneratorFactory  - excluding code generation for non-included QName:{uri:iso.org:21090}UVP_BL[0,unbounded]
OUT>      [java] [Thread-2] INFO  toJava.JavaGeneratorFactory  - excluding code generation for non-included QName:{gme://caCORE.caCORE/3.2/gov.nih.nci.cacoresdk.domain.other.datatype}TelDataType
OUT>      [java] [Thread-2] INFO  toJava.JavaGeneratorFactory  - excluding code generation for non-included QName:{uri:iso.org:21090}IVL.Low_PQ
OUT>      [java] [Thread-2] INFO  toJava.JavaGeneratorFactory  - excluding code generation for non-included QName:{gme://caCORE.caCORE/3.2/gov.nih.nci.cacoresdk.domain.inheritance.implicit}FreshwaterFishTank
OUT>      [java] [Thread-2] INFO  toJava.JavaGeneratorFactory  - excluding code generation for non-included QName:{uri:iso.org:21090}LIST_EN.PN
OUT>      [java] [Thread-2] INFO  toJava.JavaGeneratorFactory  - excluding code generation for non-included QName:{uri:iso.org:21090}NPPD_ED.Doc
OUT>      [java] [Thread-2] INFO  toJava.JavaGeneratorFactory  - excluding code generation for non-included QName:{uri:iso.org:21090}QSI_TS
OUT>      [java] [Thread-2] INFO  toJava.JavaGeneratorFactory  - excluding code generation for non-included QName:{uri:iso.org:21090}BAG_TS.Date.Full
OUT>      [java] [Thread-2] INFO  toJava.JavaGeneratorFactory  - excluding code generation for non-included QName:{gme://caCORE.caCORE/3.2/gov.nih.nci.cacoresdk.domain.other.primarykey}IntegerKey
OUT>      [java] [Thread-2] INFO  toJava.JavaGeneratorFactory  - excluding code generation for non-included QName:{gme://caGrid.caBIG/1.0/gov.nih.nci.cagrid.metadata}>ServiceMetadata>serviceDescription
OUT>      [java] [Thread-2] INFO  toJava.JavaGeneratorFactory  - excluding code generation for non-included QName:{uri:iso.org:21090}LIST_ST
OUT>      [java] [Thread-2] INFO  toJava.JavaGeneratorFactory  - excluding code generation for non-included QName:{uri:iso.org:21090}LIST_REAL
OUT>      [java] [Thread-2] INFO  toJava.JavaGeneratorFactory  - excluding code generation for non-included QName:{uri:iso.org:21090}HIST_ED.Image
OUT>      [java] [Thread-2] INFO  toJava.JavaGeneratorFactory  - excluding code generation for non-included QName:{uri:iso.org:21090}HIST_TEL
OUT>      [java] [Thread-2] INFO  toJava.JavaGeneratorFactory  - excluding code generation for non-included QName:{gme://caCORE.caCORE/3.2/gov.nih.nci.cacoresdk.domain.onetomany.selfassociation}>Element>childCollection
OUT>      [java] [Thread-2] INFO  toJava.JavaGeneratorFactory  - excluding code generation for non-included QName:{uri:iso.org:21090}TEL.Phone[0,unbounded]
OUT>      [java] [Thread-2] INFO  toJava.JavaGeneratorFactory  - excluding code generation for non-included QName:{uri:iso.org:21090}LIST_RTO
OUT>      [java] [Thread-2] INFO  toJava.JavaGeneratorFactory  - excluding code generation for non-included QName:{uri:iso.org:21090}QSET_TS[0,unbounded]
OUT>      [java] [Thread-2] INFO  toJava.JavaGeneratorFactory  - excluding code generation for non-included QName:{uri:iso.org:21090}LIST_TS.DateTime
OUT>      [java] [Thread-2] INFO  toJava.JavaGeneratorFactory  - excluding code generation for non-included QName:{http://docs.oasis-open.org/wsrf/2004/06/wsrf-WS-ResourceLifetime-1.2-draft-01.xsd}ResourceUnknownFaultType
OUT>      [java] [Thread-2] INFO  toJava.JavaGeneratorFactory  - excluding code generation for non-included QName:{uri:iso.org:21090}EntityNameUse
OUT>      [java] [Thread-2] INFO  toJava.JavaGeneratorFactory  - excluding code generation for non-included QName:{gme://caCORE.caCORE/3.2/gov.nih.nci.cacoresdk.domain.other.validationtype}AllValidationType
OUT>      [java] [Thread-2] INFO  toJava.JavaGeneratorFactory  - excluding code generation for non-included QName:{http://CQL.caBIG/2/org.cagrid.cql2.results}CQLAggregateResult
OUT>      [java] [Thread-2] INFO  toJava.JavaGeneratorFactory  - excluding code generation for non-included QName:{uri:iso.org:21090}COLL_EN
OUT>      [java] [Thread-2] INFO  toJava.JavaGeneratorFactory  - excluding code generation for non-included QName:{uri:iso.org:21090}HIST_CD.CE
OUT>      [java] [Thread-2] INFO  toJava.JavaGeneratorFactory  - excluding code generation for non-included QName:{uri:iso.org:21090}COLL_ED
OUT>      [java] [Thread-2] INFO  toJava.JavaGeneratorFactory  - excluding code generation for non-included QName:{uri:iso.org:21090}LIST_EN.ON
OUT>      [java] [Thread-2] INFO  toJava.JavaGeneratorFactory  - excluding code generation for non-included QName:{uri:iso.org:21090}QSP_RTO
OUT>      [java] [Thread-2] INFO  toJava.JavaGeneratorFactory  - excluding code generation for non-included QName:{uri:iso.org:21090}TelecommunicationAddressUse
OUT>      [java] [Thread-2] INFO  toJava.JavaGeneratorFactory  - excluding code generation for non-included QName:{gme://caCORE.caCORE/3.2/gov.nih.nci.cacoresdk.domain.inheritance.implicit}Tank
OUT>      [java] [Thread-2] INFO  toJava.JavaGeneratorFactory  - excluding code generation for non-included QName:{gme://caCORE.caCORE/3.2/gov.nih.nci.cacoresdk.domain.other.datatype}IvlTsDataType
OUT>      [java] [Thread-2] INFO  toJava.JavaGeneratorFactory  - excluding code generation for non-included QName:{http://org.cagrid.dataservice.cql/QueryLanguageSupport}QueryLanguageSupport
OUT>      [java] [Thread-2] INFO  toJava.JavaGeneratorFactory  - excluding code generation for non-included QName:{uri:iso.org:21090}HIST_ED.Doc
OUT>      [java] [Thread-2] INFO  toJava.JavaGeneratorFactory  - excluding code generation for non-included QName:{uri:iso.org:21090}LIST_INT.NonNeg
OUT>      [java] [Thread-2] INFO  toJava.JavaGeneratorFactory  - excluding code generation for non-included QName:{uri:iso.org:21090}UVP_REAL[0,unbounded]
OUT>      [java] [Thread-2] INFO  toJava.JavaGeneratorFactory  - excluding code generation for non-included QName:{uri:iso.org:21090}LIST_PQ
OUT>      [java] [Thread-2] INFO  toJava.JavaGeneratorFactory  - excluding code generation for non-included QName:{gme://caGrid.caBIG/1.0/gov.nih.nci.cagrid.metadata.common}>ValueDomain>enumerationCollection
OUT>      [java] [Thread-2] INFO  toJava.JavaGeneratorFactory  - excluding code generation for non-included QName:{uri:iso.org:21090}PostalAddressUse
OUT>      [java] [Thread-2] INFO  toJava.JavaGeneratorFactory  - excluding code generation for non-included QName:{gme://caCORE.caCORE/3.2/gov.nih.nci.cacoresdk.domain.inheritance.parentwithassociation.sametable}Luggage
OUT>      [java] [Thread-2] INFO  toJava.JavaGeneratorFactory  - excluding code generation for non-included QName:{gme://caGrid.caBIG/1.0/gov.nih.nci.cagrid.metadata.common}ResearchCenterDescription
OUT>      [java] [Thread-2] INFO  toJava.JavaGeneratorFactory  - excluding code generation for non-included QName:{uri:iso.org:21090}ANY
OUT>      [java] [Thread-2] INFO  toJava.JavaGeneratorFactory  - excluding code generation for non-included QName:{http://docs.oasis-open.org/wsrf/2004/06/wsrf-WS-ResourceProperties-1.2-draft-01.xsd}ResourcePropertyValueChangeNotificationType
OUT>      [java] [Thread-2] INFO  toJava.JavaGeneratorFactory  - excluding code generation for non-included QName:{uri:iso.org:21090}ADXP
OUT>      [java] [Thread-2] INFO  toJava.JavaGeneratorFactory  - excluding code generation for non-included QName:{gme://caCORE.caCORE/3.2/gov.nih.nci.cacoresdk.domain.other.datatype}BlDataType
OUT>      [java] [Thread-2] INFO  toJava.JavaGeneratorFactory  - excluding code generation for non-included QName:{gme://caCORE.caCORE/3.2/gov.nih.nci.cacoresdk.domain.other.datatype}TsDataType
OUT>      [java] [Thread-2] INFO  toJava.JavaGeneratorFactory  - excluding code generation for non-included QName:{uri:iso.org:21090}PIVL_TS.DateTime.Full
OUT>      [java] [Thread-2] INFO  toJava.JavaGeneratorFactory  - excluding code generation for non-included QName:{uri:iso.org:21090}QSET_CO
OUT>      [java] [Thread-2] INFO  toJava.JavaGeneratorFactory  - excluding code generation for non-included QName:{uri:iso.org:21090}IVL.High_INT.NonNeg
OUT>      [java] [Thread-2] INFO  toJava.JavaGeneratorFactory  - excluding code generation for non-included QName:{uri:iso.org:21090}TEL.Email
OUT>      [java] [Thread-2] INFO  toJava.JavaGeneratorFactory  - excluding code generation for non-included QName:{uri:iso.org:21090}QSS_INT.Positive
OUT>      [java] [Thread-2] INFO  toJava.JavaGeneratorFactory  - excluding code generation for non-included QName:{uri:iso.org:21090}NPPD_EN.PN
OUT>      [java] [Thread-2] INFO  toJava.JavaGeneratorFactory  - excluding code generation for non-included QName:{gme://caCORE.caCORE/3.2/gov.nih.nci.cacoresdk.domain.inheritance.parentwithassociation.sametable}Wheel
OUT>      [java] [Thread-2] INFO  toJava.JavaGeneratorFactory  - excluding code generation for non-included QName:{http://docs.oasis-open.org/wsn/2004/06/wsn-WS-BaseNotification-1.2-draft-01.xsd}TopicExpressionType
OUT>      [java] [Thread-2] INFO  toJava.JavaGeneratorFactory  - excluding code generation for non-included QName:{uri:iso.org:21090}BAG_TS.DateTime.Full
OUT>      [java] [Thread-2] INFO  toJava.JavaGeneratorFactory  - excluding code generation for non-included QName:{uri:iso.org:21090}ED.Doc.Inline
OUT>      [java] [Thread-2] INFO  toJava.JavaGeneratorFactory  - excluding code generation for non-included QName:{uri:iso.org:21090}COLL_CO
OUT>      [java] [Thread-2] INFO  toJava.JavaGeneratorFactory  - excluding code generation for non-included QName:{http://CQL.caBIG/2/org.cagrid.cql2}CQLGroup
OUT>      [java] [Thread-2] INFO  toJava.JavaGeneratorFactory  - excluding code generation for non-included QName:{gme://caGrid.caBIG/1.0/gov.nih.nci.cagrid.metadata.security}CommunicationMechanism
OUT>      [java] [Thread-2] INFO  toJava.JavaGeneratorFactory  - excluding code generation for non-included QName:{uri:iso.org:21090}TEL[0,unbounded]
OUT>      [java] [Thread-2] INFO  toJava.JavaGeneratorFactory  - excluding code generation for non-included QName:{uri:iso.org:21090}COLL_CD
OUT>      [java] [Thread-2] INFO  toJava.JavaGeneratorFactory  - excluding code generation for non-included QName:{http://schemas.xmlsoap.org/ws/2004/03/addressing}RelationshipTypeValues
OUT>      [java] [Thread-2] INFO  toJava.JavaGeneratorFactory  - excluding code generation for non-included QName:{uri:iso.org:21090}EntityNamePartQualifier
OUT>      [java] [Thread-2] INFO  toJava.JavaGeneratorFactory  - excluding code generation for non-included QName:{uri:iso.org:21090}LIST_ED.Doc
OUT>      [java] [Thread-2] INFO  toJava.JavaGeneratorFactory  - excluding code generation for non-included QName:{gme://caCORE.caCORE/3.2/gov.nih.nci.cacoresdk.domain.inheritance.childwithassociation}Bank
OUT>      [java] [Thread-2] INFO  toJava.JavaGeneratorFactory  - excluding code generation for non-included QName:{http://docs.oasis-open.org/wsn/2004/06/wsn-WS-BaseNotification-1.2-draft-01.xsd}>GetCurrentMessageResponse
OUT>      [java] [Thread-2] INFO  toJava.JavaGeneratorFactory  - excluding code generation for non-included QName:{uri:iso.org:21090}QSET_TS.DateTime.Full
OUT>      [java] [Thread-2] INFO  toJava.JavaGeneratorFactory  - excluding code generation for non-included QName:{uri:iso.org:21090}DSET_TEL
OUT>      [java] [Thread-2] INFO  toJava.JavaGeneratorFactory  - excluding code generation for non-included QName:{uri:iso.org:21090}ED[0,0]
OUT>      [java] [Thread-2] INFO  toJava.JavaGeneratorFactory  - excluding code generation for non-included QName:{uri:iso.org:21090}IVL.Low_TS.Birth
OUT>      [java] [Thread-2] INFO  toJava.JavaGeneratorFactory  - excluding code generation for non-included QName:{gme://caCORE.caCORE/3.2/gov.nih.nci.cacoresdk.domain.inheritance.twolevelinheritance.sametable}Goverment
OUT>      [java] [Thread-2] INFO  toJava.JavaGeneratorFactory  - excluding code generation for non-included QName:{gme://caCORE.caCORE/3.2/gov.nih.nci.cacoresdk.domain.other.datatype}IntDataType
OUT>      [java] [Thread-2] INFO  toJava.JavaGeneratorFactory  - excluding code generation for non-included QName:{uri:iso.org:21090}QSET_INT[0,unbounded]
OUT>      [java] [Thread-2] INFO  toJava.JavaGeneratorFactory  - excluding code generation for non-included QName:{uri:iso.org:21090}DSET_ED.Doc.Inline
OUT>      [java] [Thread-2] INFO  toJava.JavaGeneratorFactory  - excluding code generation for non-included QName:{uri:iso.org:21090}UVP_EN.PN[0,unbounded]
OUT>      [java] [Thread-2] INFO  toJava.JavaGeneratorFactory  - excluding code generation for non-included QName:{uri:iso.org:21090}IVL.High_TS.Birth
OUT>      [java] [Thread-2] INFO  toJava.JavaGeneratorFactory  - excluding code generation for non-included QName:{http://CQL.caBIG/2/org.cagrid.cql2}CQLAttribute[,unbounded]
OUT>      [java] [Thread-2] INFO  toJava.JavaGeneratorFactory  - excluding code generation for non-included QName:{uri:iso.org:21090}IVL_TS.Birth
OUT>      [java] [Thread-2] INFO  toJava.JavaGeneratorFactory  - excluding code generation for non-included QName:{uri:iso.org:21090}HIST_CD.CV
OUT>      [java] [Thread-2] INFO  toJava.JavaGeneratorFactory  - excluding code generation for non-included QName:{uri:iso.org:21090}>br
OUT>      [java] [Thread-2] INFO  toJava.JavaGeneratorFactory  - excluding code generation for non-included QName:{uri:iso.org:21090}LIST_TS.Birth
OUT>      [java] [Thread-2] INFO  toJava.JavaGeneratorFactory  - excluding code generation for non-included QName:{http://CQL.caBIG/2/org.cagrid.cql2}CQLObject
OUT>      [java] [Thread-2] INFO  toJava.JavaGeneratorFactory  - excluding code generation for non-included QName:{uri:iso.org:21090}UVP_BL.NonNull[0,unbounded]
OUT>      [java] [Thread-2] INFO  toJava.JavaGeneratorFactory  - excluding code generation for non-included QName:{uri:iso.org:21090}SLIST_TS.DateTime.Full
OUT>      [java] [Thread-2] INFO  toJava.JavaGeneratorFactory  - excluding code generation for non-included QName:{uri:iso.org:21090}>>td>align
OUT>      [java] [Thread-2] INFO  toJava.JavaGeneratorFactory  - excluding code generation for non-included QName:{uri:iso.org:21090}UVP_TEL.Email[0,unbounded]
OUT>      [java] [Thread-2] INFO  toJava.JavaGeneratorFactory  - excluding code generation for non-included QName:{uri:iso.org:21090}COLL_CS
OUT>      [java] [Thread-2] INFO  toJava.JavaGeneratorFactory  - excluding code generation for non-included QName:{uri:iso.org:21090}NPPD_ED.Text
OUT>      [java] [Thread-2] INFO  toJava.JavaGeneratorFactory  - excluding code generation for non-included QName:{uri:iso.org:21090}UVP_ED.Signature
OUT>      [java] [Thread-2] INFO  toJava.JavaGeneratorFactory  - excluding code generation for non-included QName:{gme://caCORE.caCORE/3.2/gov.nih.nci.cacoresdk.domain.inheritance.parentwithassociation.sametable}HardTop
OUT>      [java] [Thread-2] INFO  toJava.JavaGeneratorFactory  - excluding code generation for non-included QName:{uri:iso.org:21090}>footnoteRef
OUT>      [java] [Thread-2] INFO  toJava.JavaGeneratorFactory  - excluding code generation for non-included QName:{uri:iso.org:21090}QSET_TS.Date.Full
OUT>      [java] [Thread-2] INFO  toJava.JavaGeneratorFactory  - excluding code generation for non-included QName:{uri:iso.org:21090}>>tfoot>align
OUT>      [java] [Thread-2] INFO  toJava.JavaGeneratorFactory  - excluding code generation for non-included QName:{uri:iso.org:21090}NPPD_TS.Date
OUT>      [java] [Thread-2] INFO  toJava.JavaGeneratorFactory  - excluding code generation for non-included QName:{uri:iso.org:21090}MO[0,unbounded]
OUT>      [java] [Thread-2] INFO  toJava.JavaGeneratorFactory  - excluding code generation for non-included QName:{uri:iso.org:21090}QSET_TS.DateTime[0,unbounded]
OUT>      [java] [Thread-2] INFO  toJava.JavaGeneratorFactory  - excluding code generation for non-included QName:{uri:iso.org:21090}DSET_TS.DateTime.Full
OUT>      [java] [Thread-2] INFO  toJava.JavaGeneratorFactory  - excluding code generation for non-included QName:{uri:iso.org:21090}SLIST_REAL
OUT>      [java] [Thread-2] INFO  toJava.JavaGeneratorFactory  - excluding code generation for non-included QName:{uri:iso.org:21090}BAG_AD
OUT>      [java] [Thread-2] INFO  toJava.JavaGeneratorFactory  - excluding code generation for non-included QName:{http://docs.oasis-open.org/wsn/2004/06/wsn-WS-BaseNotification-1.2-draft-01.xsd}TopicPathDialectUnknownFaultType
OUT>      [java] [Thread-2] INFO  toJava.JavaGeneratorFactory  - excluding code generation for non-included QName:{uri:iso.org:21090}SLIST_MO
OUT>      [java] [Thread-2] INFO  toJava.JavaGeneratorFactory  - excluding code generation for non-included QName:{http://docs.oasis-open.org/wsrf/2004/06/wsrf-WS-ResourceLifetime-1.2-draft-01.xsd}>SetTerminationTime
OUT>      [java] [Thread-2] INFO  toJava.JavaGeneratorFactory  - excluding code generation for non-included QName:{http://CQL.caBIG/2/org.cagrid.cql2}CQLExtension
OUT>      [java] [Thread-2] INFO  toJava.JavaGeneratorFactory  - excluding code generation for non-included QName:{uri:iso.org:21090}ED.Doc[0,unbounded]
OUT>      [java] [Thread-2] INFO  toJava.JavaGeneratorFactory  - excluding code generation for non-included QName:{gme://caCORE.caCORE/3.2/gov.nih.nci.cacoresdk.domain.inheritance.implicit}SaltwaterFishTank
OUT>      [java] [Thread-2] INFO  toJava.JavaGeneratorFactory  - excluding code generation for non-included QName:{uri:iso.org:21090}TS[0,0]
OUT>      [java] [Thread-2] INFO  toJava.JavaGeneratorFactory  - excluding code generation for non-included QName:{uri:iso.org:21090}INT
OUT>      [java] [Thread-2] INFO  toJava.JavaGeneratorFactory  - excluding code generation for non-included QName:{uri:iso.org:21090}EIVL_TS
OUT>      [java] [Thread-2] INFO  toJava.JavaGeneratorFactory  - excluding code generation for non-included QName:{uri:iso.org:21090}DSET_CD
OUT>      [java] [Thread-2] INFO  toJava.JavaGeneratorFactory  - excluding code generation for non-included QName:{uri:iso.org:21090}COLL_ED.Text
OUT>      [java] [Thread-2] INFO  toJava.JavaGeneratorFactory  - excluding code generation for non-included QName:{uri:iso.org:21090}LIST_TEL
OUT>      [java] [Thread-2] INFO  toJava.JavaGeneratorFactory  - excluding code generation for non-included QName:{uri:iso.org:21090}IdentifierScope
OUT>      [java] [Thread-2] INFO  toJava.JavaGeneratorFactory  - excluding code generation for non-included QName:{uri:iso.org:21090}QSU_PQ.Time
OUT>      [java] [Thread-2] INFO  toJava.JavaGeneratorFactory  - excluding code generation for non-included QName:{uri:iso.org:21090}TS.Birth
OUT>      [java] [Thread-2] INFO  toJava.JavaGeneratorFactory  - excluding code generation for non-included QName:{uri:iso.org:21090}QSI_PQ.Time
OUT>      [java] [Thread-2] INFO  toJava.JavaGeneratorFactory  - excluding code generation for non-included QName:{uri:iso.org:21090}PIVL_TS.DateTime
OUT>      [java] [Thread-2] INFO  toJava.JavaGeneratorFactory  - excluding code generation for non-included QName:{gme://caCORE.caCORE/3.2/gov.nih.nci.cacoresdk.domain.other.datatype}DsetTelDataType
OUT>      [java] [Thread-2] INFO  toJava.JavaGeneratorFactory  - excluding code generation for non-included QName:{uri:iso.org:21090}DSET_CO
OUT>      [java] [Thread-2] INFO  toJava.JavaGeneratorFactory  - excluding code generation for non-included QName:{uri:iso.org:21090}DSET_CS
OUT>      [java] [Thread-2] INFO  toJava.JavaGeneratorFactory  - excluding code generation for non-included QName:{uri:iso.org:21090}>>table>frame
OUT>      [java] [Thread-2] INFO  toJava.JavaGeneratorFactory  - excluding code generation for non-included QName:{uri:iso.org:21090}NPPD_TS.Birth
OUT>      [java] [Thread-2] INFO  toJava.JavaGeneratorFactory  - excluding code generation for non-included QName:{uri:iso.org:21090}>footnote
OUT>      [java] [Thread-2] INFO  toJava.JavaGeneratorFactory  - excluding code generation for non-included QName:{uri:iso.org:21090}INT.NonNeg[0,unbounded]
OUT>      [java] [Thread-2] INFO  toJava.JavaGeneratorFactory  - excluding code generation for non-included QName:{uri:iso.org:21090}IVL.High_TS.Date
OUT>      [java] [Thread-2] INFO  toJava.JavaGeneratorFactory  - excluding code generation for non-included QName:{uri:iso.org:21090}UVP_BL.NonNull
OUT>      [java] [Thread-2] INFO  toJava.JavaGeneratorFactory  - excluding code generation for non-included QName:{uri:iso.org:21090}CD[0,unbounded]
OUT>      [java] [Thread-2] INFO  toJava.JavaGeneratorFactory  - excluding code generation for non-included QName:{uri:iso.org:21090}QSET_PQ
OUT>      [java] [Thread-2] INFO  toJava.JavaGeneratorFactory  - excluding code generation for non-included QName:{uri:iso.org:21090}QSET_TS.Date.Full[0,unbounded]
OUT>      [java] [Thread-2] INFO  toJava.JavaGeneratorFactory  - excluding code generation for non-included QName:{uri:iso.org:21090}NullFlavor
OUT>      [java] [Thread-2] INFO  toJava.JavaGeneratorFactory  - excluding code generation for non-included QName:{uri:iso.org:21090}SC.NT
OUT>      [java] [Thread-2] INFO  toJava.JavaGeneratorFactory  - excluding code generation for non-included QName:{uri:iso.org:21090}UVP_II[0,unbounded]
OUT>      [java] [Thread-2] INFO  toJava.JavaGeneratorFactory  - excluding code generation for non-included QName:{uri:iso.org:21090}COLL_TS.DateTime
OUT>      [java] [Thread-2] INFO  toJava.JavaGeneratorFactory  - excluding code generation for non-included QName:{uri:iso.org:21090}EN[0,unbounded]
OUT>      [java] [Thread-2] INFO  toJava.JavaGeneratorFactory  - excluding code generation for non-included QName:{uri:iso.org:21090}>>th>scope
OUT>      [java] [Thread-2] INFO  toJava.JavaGeneratorFactory  - excluding code generation for non-included QName:{gme://caCORE.caCORE/3.2/gov.nih.nci.cacoresdk.domain.manytomany.bidirectional}Employee
OUT>      [java] [Thread-2] INFO  toJava.JavaGeneratorFactory  - excluding code generation for non-included QName:{uri:iso.org:21090}BAG_EN.TN
OUT>      [java] [Thread-2] INFO  toJava.JavaGeneratorFactory  - excluding code generation for non-included QName:{uri:iso.org:21090}TS.Date[0,0]
OUT>      [java] [Thread-2] INFO  toJava.JavaGeneratorFactory  - excluding code generation for non-included QName:{uri:iso.org:21090}SLIST_TS.Date
OUT>      [java] [Thread-2] INFO  toJava.JavaGeneratorFactory  - excluding code generation for non-included QName:{uri:iso.org:21090}DSET_ED.Doc
OUT>      [java] [Thread-2] INFO  toJava.JavaGeneratorFactory  - excluding code generation for non-included QName:{gme://caCORE.caCORE/3.2/gov.nih.nci.cacoresdk.domain.other.datatype}RealDataType
OUT>      [java] [Thread-2] INFO  toJava.JavaGeneratorFactory  - excluding code generation for non-included QName:{uri:iso.org:21090}DSET_BL
OUT>      [java] [Thread-2] INFO  toJava.JavaGeneratorFactory  - excluding code generation for non-included QName:{uri:iso.org:21090}ED
OUT>      [java] [Thread-2] INFO  toJava.JavaGeneratorFactory  - excluding code generation for non-included QName:{uri:iso.org:21090}QSET_INT.Positive
OUT>      [java] [Thread-2] INFO  toJava.JavaGeneratorFactory  - excluding code generation for non-included QName:{uri:iso.org:21090}QSET_TS.DateTime.Full[0,unbounded]
OUT>      [java] [Thread-2] INFO  toJava.JavaGeneratorFactory  - excluding code generation for non-included QName:{uri:iso.org:21090}QSP_INT
OUT>      [java] [Thread-2] INFO  toJava.JavaGeneratorFactory  - excluding code generation for non-included QName:{uri:iso.org:21090}DSET_AD
OUT>      [java] [Thread-2] INFO  toJava.JavaGeneratorFactory  - excluding code generation for non-included QName:{uri:iso.org:21090}COLL_TEL.Person
OUT>      [java] [Thread-2] INFO  toJava.JavaGeneratorFactory  - excluding code generation for non-included QName:{uri:iso.org:21090}>>list>listType
OUT>      [java] [Thread-2] INFO  toJava.JavaGeneratorFactory  - excluding code generation for non-included QName:{uri:iso.org:21090}UVP_ST[0,unbounded]
OUT>      [java] [Thread-2] INFO  toJava.JavaGeneratorFactory  - excluding code generation for non-included QName:{uri:iso.org:21090}UVP_ED.Narrative[0,unbounded]
OUT>      [java] [Thread-2] INFO  toJava.JavaGeneratorFactory  - excluding code generation for non-included QName:{uri:iso.org:21090}IVL.Low_TS.DateTime
OUT>      [java] [Thread-2] INFO  toJava.JavaGeneratorFactory  - excluding code generation for non-included QName:{uri:iso.org:21090}CDGroup
OUT>      [java] [Thread-2] INFO  toJava.JavaGeneratorFactory  - excluding code generation for non-included QName:{uri:iso.org:21090}HIST_REAL
OUT>      [java] [Thread-2] INFO  toJava.JavaGeneratorFactory  - excluding code generation for non-included QName:{uri:iso.org:21090}COLL_PQ.Time
OUT>      [java] [Thread-2] INFO  toJava.JavaGeneratorFactory  - excluding code generation for non-included QName:{uri:iso.org:21090}EN
OUT>      [java] [Thread-2] INFO  toJava.JavaGeneratorFactory  - excluding code generation for non-included QName:{uri:iso.org:21090}LIST_TS.DateTime.Full
OUT>      [java] [Thread-2] INFO  toJava.JavaGeneratorFactory  - excluding code generation for non-included QName:{uri:iso.org:21090}COLL_RTO
OUT>      [java] [Thread-2] INFO  toJava.JavaGeneratorFactory  - excluding code generation for non-included QName:{uri:iso.org:21090}EIVL_TS.Date
OUT>      [java] [Thread-2] INFO  toJava.JavaGeneratorFactory  - excluding code generation for non-included QName:{uri:iso.org:21090}QSU_INT
OUT>      [java] [Thread-2] INFO  toJava.JavaGeneratorFactory  - excluding code generation for non-included QName:{http://CQL.caBIG/2/org.cagrid.cql2.results}CQLAttributeResult[0,unbounded]
OUT>      [java] [Thread-2] INFO  toJava.JavaGeneratorFactory  - excluding code generation for non-included QName:{uri:iso.org:21090}UVP_INT[0,unbounded]
OUT>      [java] [Thread-2] INFO  toJava.JavaGeneratorFactory  - excluding code generation for non-included QName:{gme://caGrid.caBIG/1.0/gov.nih.nci.cagrid.metadata.common}Enumeration
OUT>      [java] [Thread-2] INFO  toJava.JavaGeneratorFactory  - excluding code generation for non-included QName:{uri:iso.org:21090}LIST_BL.NonNull
OUT>      [java] [Thread-2] INFO  toJava.JavaGeneratorFactory  - excluding code generation for non-included QName:{uri:iso.org:21090}>>tbody>valign
OUT>      [java] [Thread-2] INFO  toJava.JavaGeneratorFactory  - excluding code generation for non-included QName:{uri:iso.org:21090}HXIT
OUT>      [java] [Thread-2] INFO  toJava.JavaGeneratorFactory  - excluding code generation for non-included QName:{http://docs.oasis-open.org/wsn/2004/06/wsn-WS-BaseNotification-1.2-draft-01.xsd}>PauseSubscriptionResponse
OUT>      [java] [Thread-2] INFO  toJava.JavaGeneratorFactory  - excluding code generation for non-included QName:{uri:iso.org:21090}TEL.Url
OUT>      [java] [Thread-2] INFO  toJava.JavaGeneratorFactory  - excluding code generation for non-included QName:{gme://caGrid.caBIG/1.0/gov.nih.nci.cagrid.metadata.service}Service
OUT>      [java] [Thread-2] INFO  toJava.JavaGeneratorFactory  - excluding code generation for non-included QName:{gme://caGrid.caBIG/1.0/gov.nih.nci.cagrid.metadata.common}UMLClass
OUT>      [java] [Thread-2] INFO  toJava.JavaGeneratorFactory  - excluding code generation for non-included QName:{gme://caGrid.caBIG/1.0/gov.nih.nci.cagrid.metadata.common}>UMLClass>umlAttributeCollection
OUT>      [java] [Thread-2] INFO  toJava.JavaGeneratorFactory  - excluding code generation for non-included QName:{uri:iso.org:21090}set_TelecommunicationAddressUse
OUT>      [java] [Thread-2] INFO  toJava.JavaGeneratorFactory  - excluding code generation for non-included QName:{gme://caCORE.caCORE/3.2/gov.nih.nci.cacoresdk.domain.other.levelassociation}Suit
OUT>      [java] [Thread-2] INFO  toJava.JavaGeneratorFactory  - excluding code generation for non-included QName:{uri:iso.org:21090}HIST_TS.DateTime
OUT>      [java] [Thread-2] INFO  toJava.JavaGeneratorFactory  - excluding code generation for non-included QName:{uri:iso.org:21090}UVP_TS.Birth[0,unbounded]
OUT>      [java] [Thread-2] INFO  toJava.JavaGeneratorFactory  - excluding code generation for non-included QName:{uri:iso.org:21090}set_PostalAddressUse
OUT>      [java] [Thread-2] INFO  toJava.JavaGeneratorFactory  - excluding code generation for non-included QName:{uri:iso.org:21090}QSD_INT.Positive
OUT>      [java] [Thread-2] INFO  toJava.JavaGeneratorFactory  - excluding code generation for non-included QName:{uri:iso.org:21090}QSU_RTO
OUT>      [java] [Thread-2] INFO  toJava.JavaGeneratorFactory  - excluding code generation for non-included QName:{http://CQL.caBIG/2/org.cagrid.cql2}CQLAssociatedObject
OUT>      [java] [Thread-2] INFO  toJava.JavaGeneratorFactory  - excluding code generation for non-included QName:{uri:iso.org:21090}HIST_INT.NonNeg
OUT>      [java] [Thread-2] INFO  toJava.JavaGeneratorFactory  - excluding code generation for non-included QName:{uri:iso.org:21090}>>th>valign
OUT>      [java] [Thread-2] INFO  toJava.JavaGeneratorFactory  - excluding code generation for non-included QName:{uri:iso.org:21090}BL
OUT>      [java] [Thread-2] INFO  toJava.JavaGeneratorFactory  - excluding code generation for non-included QName:{uri:iso.org:21090}QSS_TS.Birth
OUT>      [java] [Thread-2] INFO  toJava.JavaGeneratorFactory  - excluding code generation for non-included QName:{uri:iso.org:21090}SLIST_PQ
OUT>      [java] [Thread-2] INFO  toJava.JavaGeneratorFactory  - excluding code generation for non-included QName:{http://CQL.caBIG/2/org.cagrid.cql2}AssociationPopulationSpecification
OUT>      [java] [Thread-2] INFO  toJava.JavaGeneratorFactory  - excluding code generation for non-included QName:{gme://caGrid.caBIG/1.0/gov.nih.nci.cagrid.metadata.common}ResearchCenter
OUT>      [java] [Thread-2] INFO  toJava.JavaGeneratorFactory  - excluding code generation for non-included QName:{uri:iso.org:21090}GLIST_TS.Date.Full
OUT>      [java] [Thread-2] INFO  toJava.JavaGeneratorFactory  - excluding code generation for non-included QName:{uri:iso.org:21090}LIST_TEL.Phone
OUT>      [java] [Thread-2] INFO  toJava.JavaGeneratorFactory  - excluding code generation for non-included QName:{gme://caCORE.caCORE/3.2/gov.nih.nci.cacoresdk.domain.inheritance.implicit}TankAccessory
OUT>      [java] [Thread-2] INFO  toJava.JavaGeneratorFactory  - excluding code generation for non-included QName:{uri:iso.org:21090}UVP_EN.TN[0,unbounded]
OUT>      [java] [Thread-2] INFO  toJava.JavaGeneratorFactory  - excluding code generation for non-included QName:{uri:iso.org:21090}BAG_EN.ON
OUT>      [java] [Thread-2] INFO  toJava.JavaGeneratorFactory  - excluding code generation for non-included QName:{uri:iso.org:21090}NPPD_TEL.Person
OUT>      [java] [Thread-2] INFO  toJava.JavaGeneratorFactory  - excluding code generation for non-included QName:{uri:iso.org:21090}CS
OUT>      [java] [Thread-2] INFO  toJava.JavaGeneratorFactory  - excluding code generation for non-included QName:{uri:iso.org:21090}LIST_SC.NT
OUT>      [java] [Thread-2] INFO  toJava.JavaGeneratorFactory  - excluding code generation for non-included QName:{uri:iso.org:21090}CR
OUT>      [java] [Thread-2] INFO  toJava.JavaGeneratorFactory  - excluding code generation for non-included QName:{uri:iso.org:21090}CO
OUT>      [java] [Thread-2] INFO  toJava.JavaGeneratorFactory  - excluding code generation for non-included QName:{uri:iso.org:21090}TS.DateTime.Full[0,0]
OUT>      [java] [Thread-2] INFO  toJava.JavaGeneratorFactory  - excluding code generation for non-included QName:{uri:iso.org:21090}HIST_BL.NonNull
OUT>      [java] [Thread-2] INFO  toJava.JavaGeneratorFactory  - excluding code generation for non-included QName:{http://docs.oasis-open.org/wsrf/2004/06/wsrf-WS-ResourceProperties-1.2-draft-01.xsd}>GetMultipleResourceProperties
OUT>      [java] [Thread-2] INFO  toJava.JavaGeneratorFactory  - excluding code generation for non-included QName:{http://CQL.caBIG/2/org.cagrid.cql2.results}CQLQueryResults
OUT>      [java] [Thread-2] INFO  toJava.JavaGeneratorFactory  - excluding code generation for non-included QName:{uri:iso.org:21090}ED[0,unbounded]
OUT>      [java] [Thread-2] INFO  toJava.JavaGeneratorFactory  - excluding code generation for non-included QName:{uri:iso.org:21090}UVP_CS[0,unbounded]
OUT>      [java] [Thread-2] INFO  toJava.JavaGeneratorFactory  - excluding code generation for non-included QName:{http://docs.oasis-open.org/wsrf/2004/06/wsrf-WS-ResourceProperties-1.2-draft-01.xsd}InvalidSetResourcePropertiesRequestContentFaultType
OUT>      [java] [Thread-2] INFO  toJava.JavaGeneratorFactory  - excluding code generation for non-included QName:{uri:iso.org:21090}CD
OUT>      [java] [Thread-2] INFO  toJava.JavaGeneratorFactory  - excluding code generation for non-included QName:{uri:iso.org:21090}QSI_INT
OUT>      [java] [Thread-2] INFO  toJava.JavaGeneratorFactory  - excluding code generation for non-included QName:{http://docs.oasis-open.org/wsrf/2004/06/wsrf-WS-ResourceProperties-1.2-draft-01.xsd}DeleteType
OUT>      [java] [Thread-2] INFO  toJava.JavaGeneratorFactory  - excluding code generation for non-included QName:{gme://caCORE.caCORE/3.2/gov.nih.nci.cacoresdk.domain.onetomany.bidirectional.withjoin}>Flight>passangerCollection
OUT>      [java] [Thread-2] INFO  toJava.JavaGeneratorFactory  - excluding code generation for non-included QName:{uri:iso.org:21090}UVP_ED.Doc.Ref[0,unbounded]
OUT>      [java] [Thread-2] INFO  toJava.JavaGeneratorFactory  - excluding code generation for non-included QName:{gme://caCORE.caCORE/3.2/gov.nih.nci.cacoresdk.domain.inheritance.twolevelinheritance.sametable}ParliamantaryGovt
OUT>      [java] [Thread-2] INFO  toJava.JavaGeneratorFactory  - excluding code generation for non-included QName:{gme://caCORE.caCORE/3.2/gov.nih.nci.cacoresdk.domain.onetoone.unidirectional}Address
OUT>      [java] [Thread-2] INFO  toJava.JavaGeneratorFactory  - excluding code generation for non-included QName:{uri:iso.org:21090}LIST_CD.CE
OUT>      [java] [Thread-2] INFO  toJava.JavaGeneratorFactory  - excluding code generation for non-included QName:{uri:iso.org:21090}ED.Image[0,unbounded]
OUT>      [java] [Thread-2] INFO  toJava.JavaGeneratorFactory  - excluding code generation for non-included QName:{uri:iso.org:21090}BAG_EN.PN
OUT>      [java] [Thread-2] INFO  toJava.JavaGeneratorFactory  - excluding code generation for non-included QName:{uri:iso.org:21090}QSET_MO
OUT>      [java] [Thread-2] INFO  toJava.JavaGeneratorFactory  - excluding code generation for non-included QName:{uri:iso.org:21090}QSP_TS.DateTime
OUT>      [java] [Thread-2] INFO  toJava.JavaGeneratorFactory  - excluding code generation for non-included QName:{uri:iso.org:21090}NPPD_TS.DateTime
OUT>      [java] [Thread-2] INFO  toJava.JavaGeneratorFactory  - excluding code generation for non-included QName:{uri:iso.org:21090}TS.DateTime[0,unbounded]
OUT>      [java] [Thread-2] INFO  toJava.JavaGeneratorFactory  - excluding code generation for non-included QName:{uri:iso.org:21090}HIST_SC.NT
OUT>      [java] [Thread-2] INFO  toJava.JavaGeneratorFactory  - excluding code generation for non-included QName:{uri:iso.org:21090}LIST_CD.CV
OUT>      [java] [Thread-2] INFO  toJava.JavaGeneratorFactory  - excluding code generation for non-included QName:{uri:iso.org:21090}XReference
OUT>      [java] [Thread-2] INFO  toJava.JavaGeneratorFactory  - excluding code generation for non-included QName:{gme://caCORE.caCORE/3.2/gov.nih.nci.cacoresdk.domain.other.datatype}EnOnDataType
OUT>      [java] [Thread-2] INFO  toJava.JavaGeneratorFactory  - excluding code generation for non-included QName:{http://CQL.caBIG/2/org.cagrid.cql2}AttributeValue
OUT>      [java] [Thread-2] INFO  toJava.JavaGeneratorFactory  - excluding code generation for non-included QName:{uri:iso.org:21090}QSS_TS.DateTime.Full
OUT>      [java] [Thread-2] INFO  toJava.JavaGeneratorFactory  - excluding code generation for non-included QName:{uri:iso.org:21090}QSI_TS.DateTime.Full
OUT>      [java] [Thread-2] INFO  toJava.JavaGeneratorFactory  - excluding code generation for non-included QName:{uri:iso.org:21090}ED.Narrative[0,unbounded]
OUT>      [java] [Thread-2] INFO  toJava.JavaGeneratorFactory  - excluding code generation for non-included QName:{uri:iso.org:21090}HIST_TEL.Url
OUT>      [java] [Thread-2] INFO  toJava.JavaGeneratorFactory  - excluding code generation for non-included QName:{uri:iso.org:21090}CR[0,unbounded]
OUT>      [java] [Thread-2] INFO  toJava.JavaGeneratorFactory  - excluding code generation for non-included QName:{uri:iso.org:21090}RTO[0,unbounded]
OUT>      [java] [Thread-2] INFO  toJava.JavaGeneratorFactory  - excluding code generation for non-included QName:{uri:iso.org:21090}QSET_REAL
OUT>      [java] [Thread-2] INFO  toJava.JavaGeneratorFactory  - excluding code generation for non-included QName:{gme://caCORE.caCORE/3.2/gov.nih.nci.cacoresdk.domain.other.datatype}StDataType
OUT>      [java] [Thread-2] INFO  toJava.JavaGeneratorFactory  - excluding code generation for non-included QName:{uri:iso.org:21090}QSI_INT.Positive
OUT>      [java] [Thread-2] INFO  toJava.JavaGeneratorFactory  - excluding code generation for non-included QName:{uri:iso.org:21090}IVL.High_CO
OUT>      [java] [Thread-2] INFO  toJava.JavaGeneratorFactory  - excluding code generation for non-included QName:{gme://caCORE.caCORE/3.2/gov.nih.nci.cacoresdk.domain.onetomany.unidirectional}KeyChain
OUT>      [java] [Thread-2] INFO  toJava.JavaGeneratorFactory  - excluding code generation for non-included QName:{uri:iso.org:21090}EN.ON[0,unbounded]
OUT>      [java] [Thread-2] INFO  toJava.JavaGeneratorFactory  - excluding code generation for non-included QName:{gme://caCORE.caCORE/3.2/gov.nih.nci.cacoresdk.domain.inheritance.childwithassociation.sametable}Shoes
OUT>      [java] [Thread-2] INFO  toJava.JavaGeneratorFactory  - excluding code generation for non-included QName:{uri:iso.org:21090}DSET_TEL.Phone
OUT>      [java] [Thread-2] INFO  toJava.JavaGeneratorFactory  - excluding code generation for non-included QName:{gme://caGrid.caBIG/1.0/gov.nih.nci.cagrid.metadata.service}CaDSRRegistration
OUT>      [java] [Thread-2] INFO  toJava.JavaGeneratorFactory  - excluding code generation for non-included QName:{uri:iso.org:21090}NPPD_ST.NT
OUT>      [java] [Thread-2] INFO  toJava.JavaGeneratorFactory  - excluding code generation for non-included QName:{uri:iso.org:21090}INT.Positive[0,unbounded]
OUT>      [java] [Thread-2] INFO  toJava.JavaGeneratorFactory  - excluding code generation for non-included QName:{uri:iso.org:21090}COLL_TEL.Email
OUT>      [java] [Thread-2] INFO  toJava.JavaGeneratorFactory  - excluding code generation for non-included QName:{uri:iso.org:21090}AD
OUT>      [java] [Thread-2] INFO  toJava.JavaGeneratorFactory  - excluding code generation for non-included QName:{uri:iso.org:21090}IVL.Low_CO
OUT>      [java] [Thread-2] INFO  toJava.JavaGeneratorFactory  - excluding code generation for non-included QName:{uri:iso.org:21090}QSI_TS.Date
OUT>      [java] [Thread-2] INFO  toJava.JavaGeneratorFactory  - excluding code generation for non-included QName:{gme://caGrid.caBIG/1.0/gov.nih.nci.cagrid.metadata.security}CommunicationStyle
OUT>      [java] [Thread-2] INFO  toJava.JavaGeneratorFactory  - excluding code generation for non-included QName:{gme://caGrid.caBIG/1.0/gov.nih.nci.cagrid.metadata.service}Output
OUT>      [java] [Thread-2] INFO  toJava.JavaGeneratorFactory  - excluding code generation for non-included QName:{http://docs.oasis-open.org/wsrf/2004/06/wsrf-WS-ResourceProperties-1.2-draft-01.xsd}>ResourcePropertyValueChangeNotificationType>NewValue
OUT>      [java] [Thread-2] INFO  toJava.JavaGeneratorFactory  - excluding code generation for non-included QName:{uri:iso.org:21090}NPPD_ED.Doc.Ref
OUT>      [java] [Thread-2] INFO  toJava.JavaGeneratorFactory  - excluding code generation for non-included QName:{http://docs.oasis-open.org/wsrf/2004/06/wsrf-WS-ResourceProperties-1.2-draft-01.xsd}ResourceUnknownFaultType
OUT>      [java] [Thread-2] INFO  toJava.JavaGeneratorFactory  - excluding code generation for non-included QName:{http://docs.oasis-open.org/wsrf/2004/06/wsrf-WS-ResourceProperties-1.2-draft-01.xsd}>GetMultipleResourcePropertiesResponse
OUT>      [java] [Thread-2] INFO  toJava.JavaGeneratorFactory  - excluding code generation for non-included QName:{uri:iso.org:21090}QSS_INT.NonNeg
OUT>      [java] [Thread-2] INFO  toJava.JavaGeneratorFactory  - excluding code generation for non-included QName:{uri:iso.org:21090}PQR[0,unbounded]
OUT>      [java] [Thread-2] INFO  toJava.JavaGeneratorFactory  - excluding code generation for non-included QName:{uri:iso.org:21090}BAG_ED.Narrative
OUT>      [java] [Thread-2] INFO  toJava.JavaGeneratorFactory  - excluding code generation for non-included QName:{uri:iso.org:21090}DSET_TS.DateTime
OUT>      [java] [Thread-2] INFO  toJava.JavaGeneratorFactory  - excluding code generation for non-included QName:{uri:iso.org:21090}HIST_ED.Doc.Ref
OUT>      [java] [Thread-2] INFO  toJava.JavaGeneratorFactory  - excluding code generation for non-included QName:{gme://caGrid.caBIG/1.0/gov.nih.nci.cagrid.metadata.service}>ServiceContext>operationCollection
OUT>      [java] [Thread-2] INFO  toJava.JavaGeneratorFactory  - excluding code generation for non-included QName:{gme://caCORE.caCORE/3.2/gov.nih.nci.cacoresdk.domain.manytomany.bidirectional}>Project>employeeCollection
OUT>      [java] [Thread-2] INFO  toJava.JavaGeneratorFactory  - excluding code generation for non-included QName:{gme://caCORE.caCORE/3.2/gov.nih.nci.cacoresdk.domain.interfaze}Dog
OUT>      [java] [Thread-2] INFO  toJava.JavaGeneratorFactory  - excluding code generation for non-included QName:{uri:iso.org:21090}TS.Date.Full[0,0]
OUT>      [java] [Thread-2] INFO  toJava.JavaGeneratorFactory  - excluding code generation for non-included QName:{uri:iso.org:21090}GLIST_TS.DateTime.Full
OUT>      [java] [Thread-2] INFO  toJava.JavaGeneratorFactory  - excluding code generation for non-included QName:{uri:iso.org:21090}QSD_INT.NonNeg
OUT>      [java] [Thread-2] INFO  toJava.JavaGeneratorFactory  - excluding code generation for non-included QName:{gme://caGrid.caBIG/1.0/gov.nih.nci.cagrid.metadata.security}Operation
OUT>      [java] [Thread-2] INFO  toJava.JavaGeneratorFactory  - excluding code generation for non-included QName:{uri:iso.org:21090}TEL.Person[0,unbounded]
OUT>      [java] [Thread-2] INFO  toJava.JavaGeneratorFactory  - excluding code generation for non-included QName:{gme://caCORE.caCORE/3.2/gov.nih.nci.cacoresdk.domain.other.datatype}TelUrlDataType
OUT>      [java] [Thread-2] INFO  toJava.JavaGeneratorFactory  - excluding code generation for non-included QName:{uri:iso.org:21090}HIST_RTO
OUT>      [java] [Thread-2] INFO  toJava.JavaGeneratorFactory  - excluding code generation for non-included QName:{uri:iso.org:21090}QSP_REAL
OUT>      [java] [Thread-2] INFO  toJava.JavaGeneratorFactory  - excluding code generation for non-included QName:{uri:iso.org:21090}COLL_TS.Date.Full
OUT>      [java] [Thread-2] INFO  toJava.JavaGeneratorFactory  - excluding code generation for non-included QName:{uri:iso.org:21090}TEL.Url[0,unbounded]
OUT>      [java] [Thread-2] INFO  toJava.JavaGeneratorFactory  - excluding code generation for non-included QName:{uri:iso.org:21090}>tfoot
OUT>      [java] [Thread-2] INFO  toJava.JavaGeneratorFactory  - excluding code generation for non-included QName:{uri:iso.org:21090}IVL_TS.Date.Full
OUT>      [java] [Thread-2] INFO  toJava.JavaGeneratorFactory  - excluding code generation for non-included QName:{gme://caCORE.caCORE/3.2/gov.nih.nci.cacoresdk.domain.inheritance.implicit}Fish
OUT>      [java] [Thread-2] INFO  toJava.JavaGeneratorFactory  - excluding code generation for non-included QName:{gme://caCORE.caCORE/3.2/gov.nih.nci.cacoresdk.domain.manytomany.unidirectional}Author
OUT>      [java] [Thread-2] INFO  toJava.JavaGeneratorFactory  - excluding code generation for non-included QName:{gme://caCORE.caCORE/3.2/gov.nih.nci.cacoresdk.domain.inheritance.childwithassociation}Payment
OUT>      [java] [Thread-2] INFO  toJava.JavaGeneratorFactory  - excluding code generation for non-included QName:{uri:iso.org:21090}DSET_INT
OUT>      [java] [Thread-2] INFO  toJava.JavaGeneratorFactory  - excluding code generation for non-included QName:{uri:iso.org:21090}QSET_PQ.Time
OUT>      [java] [Thread-2] INFO  toJava.JavaGeneratorFactory  - excluding code generation for non-included QName:{http://docs.oasis-open.org/wsrf/2004/06/wsrf-WS-ResourceLifetime-1.2-draft-01.xsd}TerminationTimeChangeRejectedFaultType
OUT>      [java] [Thread-2] INFO  toJava.JavaGeneratorFactory  - excluding code generation for non-included QName:{uri:iso.org:21090}UVP_TEL.Url
OUT>      [java] [Thread-2] INFO  toJava.JavaGeneratorFactory  - excluding code generation for non-included QName:{uri:iso.org:21090}CodingRationale
OUT>      [java] [Thread-2] INFO  toJava.JavaGeneratorFactory  - excluding code generation for non-included QName:{gme://caGrid.caBIG/1.0/gov.nih.nci.cagrid.metadata.common}PointOfContact
OUT>      [java] [Thread-2] INFO  toJava.JavaGeneratorFactory  - excluding code generation for non-included QName:{gme://caCORE.caCORE/3.2/gov.nih.nci.cacoresdk.domain.onetoone.bidirectional.withjoin}Pendant
OUT>      [java] [Thread-2] INFO  toJava.JavaGeneratorFactory  - excluding code generation for non-included QName:{uri:iso.org:21090}HIST_PQ
OUT>      [java] [Thread-2] INFO  toJava.JavaGeneratorFactory  - excluding code generation for non-included QName:{http://CQL.caBIG/2/org.cagrid.cql2}CQLQuery
OUT>      [java] [Thread-2] INFO  toJava.JavaGeneratorFactory  - excluding code generation for non-included QName:{gme://caCORE.caCORE/3.2/gov.nih.nci.cacoresdk.domain.manytoone.unidirectional.withjoin}Song
OUT>      [java] [Thread-2] INFO  toJava.JavaGeneratorFactory  - excluding code generation for non-included QName:{gme://caCORE.caCORE/3.2/gov.nih.nci.cacoresdk.domain.inheritance.implicit}AngelFish
OUT>      [java] [Thread-2] INFO  toJava.JavaGeneratorFactory  - excluding code generation for non-included QName:{uri:iso.org:21090}QSI_TS.Birth
OUT>      [java] [Thread-2] INFO  toJava.JavaGeneratorFactory  - excluding code generation for non-included QName:{gme://caCORE.caCORE/3.2/gov.nih.nci.cacoresdk.domain.other.levelassociation}>Hand>cardCollection
OUT>      [java] [Thread-2] INFO  toJava.JavaGeneratorFactory  - excluding code generation for non-included QName:{gme://caCORE.caCORE/3.2/gov.nih.nci.cacoresdk.domain.other.datatype}DsetIiDataType
OUT>      [java] [Thread-2] INFO  toJava.JavaGeneratorFactory  - excluding code generation for non-included QName:{uri:iso.org:21090}QSI_CO
OUT>      [java] [Thread-2] INFO  toJava.JavaGeneratorFactory  - excluding code generation for non-included QName:{uri:iso.org:21090}QSET_RTO[0,unbounded]
OUT>      [java] [Thread-2] INFO  toJava.JavaGeneratorFactory  - excluding code generation for non-included QName:{gme://caCORE.caCORE/3.2/gov.nih.nci.cacoresdk.domain.inheritance.multiplechild}Student
OUT>      [java] [Thread-2] INFO  toJava.JavaGeneratorFactory  - excluding code generation for non-included QName:{uri:iso.org:21090}AD[0,unbounded]
OUT>      [java] [Thread-2] INFO  toJava.JavaGeneratorFactory  - excluding code generation for non-included QName:{http://schemas.xmlsoap.org/ws/2004/03/addressing}AttributedQName
OUT>      [java] [Thread-2] INFO  toJava.JavaGeneratorFactory  - excluding code generation for non-included QName:{uri:iso.org:21090}MO
OUT>      [java] [Thread-2] INFO  toJava.JavaGeneratorFactory  - excluding code generation for non-included QName:{uri:iso.org:21090}>col
OUT>      [java] [Thread-2] INFO  toJava.JavaGeneratorFactory  - excluding code generation for non-included QName:{gme://caCORE.caCORE/3.2/gov.nih.nci.cacoresdk.domain.onetoone.unidirectional.withjoin}Handle
OUT>      [java] [Thread-2] INFO  toJava.JavaGeneratorFactory  - excluding code generation for non-included QName:{uri:iso.org:21090}DSET_ED.Text
OUT>      [java] [Thread-2] INFO  toJava.JavaGeneratorFactory  - excluding code generation for non-included QName:{uri:iso.org:21090}QSU_TS.Date
OUT>      [java] [Thread-2] INFO  toJava.JavaGeneratorFactory  - excluding code generation for non-included QName:{uri:iso.org:21090}TS.DateTime.Full[0,unbounded]
OUT>      [java] [Thread-2] INFO  toJava.JavaGeneratorFactory  - excluding code generation for non-included QName:{http://CQL.caBIG/2/org.cagrid.cql2}CQLTargetObject
OUT>      [java] [Thread-2] INFO  toJava.JavaGeneratorFactory  - excluding code generation for non-included QName:{uri:iso.org:21090}DSET_II
OUT>      [java] [Thread-2] INFO  toJava.JavaGeneratorFactory  - excluding code generation for non-included QName:{uri:iso.org:21090}QSD_TS.Date.Full
OUT>      [java] [Thread-2] INFO  toJava.JavaGeneratorFactory  - excluding code generation for non-included QName:{uri:iso.org:21090}UVP_EN[0,unbounded]
OUT>      [java] [Thread-2] INFO  toJava.JavaGeneratorFactory  - excluding code generation for non-included QName:{http://docs.oasis-open.org/wsrf/2004/06/wsrf-WS-ResourceLifetime-1.2-draft-01.xsd}>ScheduledResourceTerminationRP
OUT>      [java] [Thread-2] INFO  toJava.JavaGeneratorFactory  - excluding code generation for non-included QName:{http://docs.oasis-open.org/wsrf/2004/06/wsrf-WS-ResourceLifetime-1.2-draft-01.xsd}>Destroy
OUT>      [java] [Thread-2] INFO  toJava.JavaGeneratorFactory  - excluding code generation for non-included QName:{gme://caCORE.caCORE/3.2/gov.nih.nci.cacoresdk.domain.other.differentpackage.associations}Pie
OUT>      [java] [Thread-2] INFO  toJava.JavaGeneratorFactory  - excluding code generation for non-included QName:{uri:iso.org:21090}UVP_TS[0,unbounded]
OUT>      [java] [Thread-2] INFO  toJava.JavaGeneratorFactory  - excluding code generation for non-included QName:{gme://caGrid.caBIG/1.0/gov.nih.nci.cagrid.metadata.common}ValueDomain
OUT>      [java] [Thread-2] INFO  toJava.JavaGeneratorFactory  - excluding code generation for non-included QName:{uri:iso.org:21090}HIST_ST.NT
OUT>      [java] [Thread-2] INFO  toJava.JavaGeneratorFactory  - excluding code generation for non-included QName:{uri:iso.org:21090}LIST_TEL.Url
OUT>      [java] [Thread-2] INFO  toJava.JavaGeneratorFactory  - excluding code generation for non-included QName:{uri:iso.org:21090}PQR[0,0]
OUT>      [java] [Thread-2] INFO  toJava.JavaGeneratorFactory  - excluding code generation for non-included QName:{uri:iso.org:21090}SLIST_PQ.Time
OUT>      [java] [Thread-2] INFO  toJava.JavaGeneratorFactory  - excluding code generation for non-included QName:{uri:iso.org:21090}IVL_PQ.Time
OUT>      [java] [Thread-2] INFO  toJava.JavaGeneratorFactory  - excluding code generation for non-included QName:{uri:iso.org:21090}QSI_INT.NonNeg
OUT>      [java] [Thread-2] INFO  toJava.JavaGeneratorFactory  - excluding code generation for non-included QName:{http://docs.oasis-open.org/wsn/2004/06/wsn-WS-BaseNotification-1.2-draft-01.xsd}PauseFailedFaultType
OUT>      [java] [Thread-2] INFO  toJava.JavaGeneratorFactory  - excluding code generation for non-included QName:{uri:iso.org:21090}QSP_TS.DateTime.Full
OUT>      [java] [Thread-2] INFO  toJava.JavaGeneratorFactory  - excluding code generation for non-included QName:{uri:iso.org:21090}IVL.High_INT
OUT>      [java] [Thread-2] INFO  toJava.JavaGeneratorFactory  - excluding code generation for non-included QName:{uri:iso.org:21090}BAG_INT
OUT>      [java] [Thread-2] INFO  toJava.JavaGeneratorFactory  - excluding code generation for non-included QName:{uri:iso.org:21090}IntegrityCheckAlgorithm
OUT>      [java] [Thread-2] INFO  toJava.JavaGeneratorFactory  - excluding code generation for non-included QName:{uri:iso.org:21090}QSET_TS
OUT>      [java] [Thread-2] INFO  toJava.JavaGeneratorFactory  - excluding code generation for non-included QName:{gme://caCORE.caCORE/3.2/gov.nih.nci.cacoresdk.domain.onetomany.bidirectional}Computer
OUT>      [java] [Thread-2] INFO  toJava.JavaGeneratorFactory  - excluding code generation for non-included QName:{gme://caCORE.caCORE/3.2/gov.nih.nci.cacoresdk.domain.other.differentpackage.associations}Utensil
OUT>      [java] [Thread-2] INFO  toJava.JavaGeneratorFactory  - excluding code generation for non-included QName:{uri:iso.org:21090}Compression
OUT>      [java] [Thread-2] INFO  toJava.JavaGeneratorFactory  - excluding code generation for non-included QName:{http://CQL.caBIG/2/org.cagrid.cql2.results}CQLObjectResult[0,unbounded]
OUT>      [java] [Thread-2] INFO  toJava.JavaGeneratorFactory  - excluding code generation for non-included QName:{uri:iso.org:21090}INT[0,unbounded]
OUT>      [java] [Thread-2] INFO  toJava.JavaGeneratorFactory  - excluding code generation for non-included QName:{uri:iso.org:21090}CD.CE[0,unbounded]
OUT>      [java] [Thread-2] INFO  toJava.JavaGeneratorFactory  - excluding code generation for non-included QName:{gme://caGrid.caBIG/1.0/gov.nih.nci.cagrid.metadata.service}ContextProperty
OUT>      [java] [Thread-2] INFO  toJava.JavaGeneratorFactory  - excluding code generation for non-included QName:{http://docs.oasis-open.org/wsn/2004/06/wsn-WS-BaseNotification-1.2-draft-01.xsd}TopicNotSupportedFaultType
OUT>      [java] [Thread-2] INFO  toJava.JavaGeneratorFactory  - excluding code generation for non-included QName:{http://CQL.caBIG/2/org.cagrid.cql2}CQLAssociatedObject[,unbounded]
OUT>      [java] [Thread-2] INFO  toJava.JavaGeneratorFactory  - excluding code generation for non-included QName:{uri:iso.org:21090}PQ.Time[0,0]
OUT>      [java] [Thread-2] INFO  toJava.JavaGeneratorFactory  - excluding code generation for non-included QName:{gme://caCORE.caCORE/3.2/gov.nih.nci.cacoresdk.domain.other.primarykey}DoublePrimitiveKey
OUT>      [java] [Thread-2] INFO  toJava.JavaGeneratorFactory  - excluding code generation for non-included QName:{uri:iso.org:21090}UVP_ED.Doc.Inline
OUT>      [java] [Thread-2] INFO  toJava.JavaGeneratorFactory  - excluding code generation for non-included QName:{uri:iso.org:21090}GLIST_INT.Positive
OUT>      [java] [Thread-2] INFO  toJava.JavaGeneratorFactory  - excluding code generation for non-included QName:{gme://caCORE.caCORE/3.2/gov.nih.nci.cacoresdk.domain.inheritance.implicit}>SaltwaterFishTank>substrateCollection
OUT>      [java] [Thread-2] INFO  toJava.JavaGeneratorFactory  - excluding code generation for non-included QName:{uri:iso.org:21090}HIST_INT
OUT>      [java] [Thread-2] INFO  toJava.JavaGeneratorFactory  - excluding code generation for non-included QName:{uri:iso.org:21090}IVL.Low_INT.NonNeg
OUT>      [java] [Thread-2] INFO  toJava.JavaGeneratorFactory  - excluding code generation for non-included QName:{uri:iso.org:21090}>>tbody>align
OUT>      [java] [Thread-2] INFO  toJava.JavaGeneratorFactory  - excluding code generation for non-included QName:{uri:iso.org:21090}CD.CV
OUT>      [java] [Thread-2] INFO  toJava.JavaGeneratorFactory  - excluding code generation for non-included QName:{gme://caCORE.caCORE/3.2/gov.nih.nci.cacoresdk.domain.inheritance.onechild}Mammal
OUT>      [java] [Thread-2] INFO  toJava.JavaGeneratorFactory  - excluding code generation for non-included QName:{uri:iso.org:21090}ED.Doc.Ref
OUT>      [java] [Thread-2] INFO  toJava.JavaGeneratorFactory  - excluding code generation for non-included QName:{uri:iso.org:21090}QSS_REAL
OUT>      [java] [Thread-2] INFO  toJava.JavaGeneratorFactory  - excluding code generation for non-included QName:{gme://caCORE.caCORE/3.2/gov.nih.nci.cacoresdk.domain.other.primarykey}LongPrimitiveKey
OUT>      [java] [Thread-2] INFO  toJava.JavaGeneratorFactory  - excluding code generation for non-included QName:{uri:iso.org:21090}TS.Date.Full
OUT>      [java] [Thread-2] INFO  toJava.JavaGeneratorFactory  - excluding code generation for non-included QName:{uri:iso.org:21090}ED.Signature
OUT>      [java] [Thread-2] INFO  toJava.JavaGeneratorFactory  - excluding code generation for non-included QName:{gme://caCORE.caCORE/3.2/gov.nih.nci.cacoresdk.domain.inheritance.parentwithassociation}TenuredProfessor
OUT>      [java] [Thread-2] INFO  toJava.JavaGeneratorFactory  - excluding code generation for non-included QName:{uri:iso.org:21090}CS[0,unbounded]
OUT>      [java] [Thread-2] INFO  toJava.JavaGeneratorFactory  - excluding code generation for non-included QName:{uri:iso.org:21090}HIST_TS
OUT>      [java] [Thread-2] INFO  toJava.JavaGeneratorFactory  - excluding code generation for non-included QName:{uri:iso.org:21090}UVP_TS.Date[0,unbounded]
OUT>      [java] [Thread-2] INFO  toJava.JavaGeneratorFactory  - excluding code generation for non-included QName:{uri:iso.org:21090}NPPD_TEL.Email
OUT>      [java] [Thread-2] INFO  toJava.JavaGeneratorFactory  - excluding code generation for non-included QName:{gme://caCORE.caCORE/3.2/gov.nih.nci.cacoresdk.domain.other.datatype}ScDataType
OUT>      [java] [Thread-2] INFO  toJava.JavaGeneratorFactory  - excluding code generation for non-included QName:{uri:iso.org:21090}SC[0,unbounded]
OUT>      [java] [Thread-2] INFO  toJava.JavaGeneratorFactory  - excluding code generation for non-included QName:{http://CQL.caBIG/2/org.cagrid.cql2.results}TargetAttribute
OUT>      [java] [Thread-2] INFO  toJava.JavaGeneratorFactory  - excluding code generation for non-included QName:{gme://caGrid.caBIG/1.0/gov.nih.nci.cagrid.metadata.security}protectionLevelType
OUT>      [java] [Thread-2] INFO  toJava.JavaGeneratorFactory  - excluding code generation for non-included QName:{uri:iso.org:21090}HIST_TEL.Person
OUT>      [java] [Thread-2] INFO  toJava.JavaGeneratorFactory  - excluding code generation for non-included QName:{uri:iso.org:21090}>tr
OUT>      [java] [Thread-2] INFO  toJava.JavaGeneratorFactory  - excluding code generation for non-included QName:{uri:iso.org:21090}INT.Positive
OUT>      [java] [Thread-2] INFO  toJava.JavaGeneratorFactory  - excluding code generation for non-included QName:{uri:iso.org:21090}>th
OUT>      [java] [Thread-2] INFO  toJava.JavaGeneratorFactory  - excluding code generation for non-included QName:{uri:iso.org:21090}II
OUT>      [java] [Thread-2] INFO  toJava.JavaGeneratorFactory  - excluding code generation for non-included QName:{uri:iso.org:21090}CD.CE
OUT>      [java] [Thread-2] INFO  toJava.JavaGeneratorFactory  - excluding code generation for non-included QName:{uri:iso.org:21090}QSP_TS.Date
OUT>      [java] [Thread-2] INFO  toJava.JavaGeneratorFactory  - excluding code generation for non-included QName:{uri:iso.org:21090}HIST_SC
OUT>      [java] [Thread-2] INFO  toJava.JavaGeneratorFactory  - excluding code generation for non-included QName:{http://docs.oasis-open.org/wsrf/2004/06/wsrf-WS-ResourceProperties-1.2-draft-01.xsd}InsertType
OUT>      [java] [Thread-2] INFO  toJava.JavaGeneratorFactory  - excluding code generation for non-included QName:{uri:iso.org:21090}LIST_ED.Doc.Ref
OUT>      [java] [Thread-2] INFO  toJava.JavaGeneratorFactory  - excluding code generation for non-included QName:{uri:iso.org:21090}DSET_ST.NT
OUT>      [java] [Thread-2] INFO  toJava.JavaGeneratorFactory  - excluding code generation for non-included QName:{uri:iso.org:21090}TS.DateTime[0,0]
OUT>      [java] [Thread-2] INFO  toJava.JavaGeneratorFactory  - excluding code generation for non-included QName:{uri:iso.org:21090}HIST_TEL.Phone
OUT>      [java] [Thread-2] INFO  toJava.JavaGeneratorFactory  - excluding code generation for non-included QName:{uri:iso.org:21090}>td
OUT>      [java] [Thread-2] INFO  toJava.JavaGeneratorFactory  - excluding code generation for non-included QName:{gme://caCORE.caCORE/3.2/gov.nih.nci.cacoresdk.domain.other.datatype}TelPersonDataType
OUT>      [java] [Thread-2] INFO  toJava.JavaGeneratorFactory  - excluding code generation for non-included QName:{uri:iso.org:21090}DSET_EN
OUT>      [java] [Thread-2] INFO  toJava.JavaGeneratorFactory  - excluding code generation for non-included QName:{gme://caGrid.caBIG/1.0/gov.nih.nci.cagrid.metadata.service}Fault
OUT>      [java] [Thread-2] INFO  toJava.JavaGeneratorFactory  - excluding code generation for non-included QName:{uri:iso.org:21090}HIST_ST
OUT>      [java] [Thread-2] INFO  toJava.JavaGeneratorFactory  - excluding code generation for non-included QName:{uri:iso.org:21090}DSET_PQ.Time
OUT>      [java] [Thread-2] INFO  toJava.JavaGeneratorFactory  - excluding code generation for non-included QName:{http://CQL.caBIG/2/org.cagrid.cql2}GroupLogicalOperator
OUT>      [java] [Thread-2] INFO  toJava.JavaGeneratorFactory  - excluding code generation for non-included QName:{uri:iso.org:21090}DSET_ED
OUT>      [java] [Thread-2] INFO  toJava.JavaGeneratorFactory  - excluding code generation for non-included QName:{uri:iso.org:21090}QSD_TS.Birth
OUT>      [java] [Thread-2] INFO  toJava.JavaGeneratorFactory  - excluding code generation for non-included QName:{gme://caCORE.caCORE/3.2/gov.nih.nci.cacoresdk.domain.other.levelassociation}Deck
OUT>      [java] [Thread-2] INFO  toJava.JavaGeneratorFactory  - excluding code generation for non-included QName:{gme://caCORE.caCORE/3.2/gov.nih.nci.cacoresdk.domain.onetomany.unidirectional}>KeyChain>keyCollection
OUT>      [java] [Thread-2] INFO  toJava.JavaGeneratorFactory  - excluding code generation for non-included QName:{uri:iso.org:21090}>colgroup
OUT>      [java] [Thread-2] INFO  toJava.JavaGeneratorFactory  - excluding code generation for non-included QName:{http://docs.oasis-open.org/wsrf/2004/06/wsrf-WS-ResourceProperties-1.2-draft-01.wsdl}QueryResourcePropertiesRequest
OUT>      [java] [Thread-2] INFO  toJava.JavaGeneratorFactory  - excluding code generation for non-included QName:{http://docs.oasis-open.org/wsn/2004/06/wsn-WS-BaseNotification-1.2-draft-01.wsdl}NoCurrentMessageOnTopicFault
OUT>      [java] [Thread-2] INFO  toJava.JavaGeneratorFactory  - excluding code generation for non-included QName:{http://docs.oasis-open.org/wsn/2004/06/wsn-WS-BaseNotification-1.2-draft-01.wsdl}SubscribeRequest
OUT>      [java] [Thread-2] INFO  toJava.JavaGeneratorFactory  - excluding code generation for non-included QName:{http://docs.oasis-open.org/wsn/2004/06/wsn-WS-BaseNotification-1.2-draft-01.wsdl}NotificationProducer
OUT>      [java] [Thread-2] INFO  toJava.JavaGeneratorFactory  - excluding code generation for non-included QName:{http://docs.oasis-open.org/wsrf/2004/06/wsrf-WS-ResourceProperties-1.2-draft-01.wsdl}QueryResourceProperties
OUT>      [java] [Thread-2] INFO  toJava.JavaGeneratorFactory  - excluding code generation for non-included QName:{http://docs.oasis-open.org/wsn/2004/06/wsn-WS-BaseNotification-1.2-draft-01.wsdl}TopicNotSupportedFault
OUT>      [java] [Thread-2] INFO  toJava.JavaGeneratorFactory  - excluding code generation for non-included QName:{http://docs.oasis-open.org/wsn/2004/06/wsn-WS-BaseNotification-1.2-draft-01.wsdl}ResumeFailedFault
OUT>      [java] [Thread-2] INFO  toJava.JavaGeneratorFactory  - excluding code generation for non-included QName:{http://docs.oasis-open.org/wsrf/2004/06/wsrf-WS-ResourceProperties-1.2-draft-01.wsdl}SetResourcePropertyRequestFailedFault
OUT>      [java] [Thread-2] INFO  toJava.JavaGeneratorFactory  - excluding code generation for non-included QName:{http://docs.oasis-open.org/wsrf/2004/06/wsrf-WS-ResourceLifetime-1.2-draft-01.wsdl}UnableToSetTerminationTimeFault
OUT>      [java] [Thread-2] INFO  toJava.JavaGeneratorFactory  - excluding code generation for non-included QName:{http://docs.oasis-open.org/wsrf/2004/06/wsrf-WS-ResourceProperties-1.2-draft-01.wsdl}ResourceUnknownFault
OUT>      [java] [Thread-2] INFO  toJava.JavaGeneratorFactory  - excluding code generation for non-included QName:{http://docs.oasis-open.org/wsrf/2004/06/wsrf-WS-ResourceProperties-1.2-draft-01.wsdl}InvalidSetResourcePropertiesRequestContentFault
OUT>      [java] [Thread-2] INFO  toJava.JavaGeneratorFactory  - excluding code generation for non-included QName:{http://docs.oasis-open.org/wsrf/2004/06/wsrf-WS-ResourceProperties-1.2-draft-01.wsdl}QueryResourcePropertiesResponse
OUT>      [java] [Thread-2] INFO  toJava.JavaGeneratorFactory  - excluding code generation for non-included QName:{http://docs.oasis-open.org/wsrf/2004/06/wsrf-WS-ResourceProperties-1.2-draft-01.wsdl}GetResourceProperty
OUT>      [java] [Thread-2] INFO  toJava.JavaGeneratorFactory  - excluding code generation for non-included QName:{http://docs.oasis-open.org/wsrf/2004/06/wsrf-WS-ResourceProperties-1.2-draft-01.wsdl}SetResourcePropertiesRequest
OUT>      [java] [Thread-2] INFO  toJava.JavaGeneratorFactory  - excluding code generation for non-included QName:{http://docs.oasis-open.org/wsrf/2004/06/wsrf-WS-ResourceProperties-1.2-draft-01.wsdl}GetResourcePropertyResponse
OUT>      [java] [Thread-2] INFO  toJava.JavaGeneratorFactory  - excluding code generation for non-included QName:{http://docs.oasis-open.org/wsrf/2004/06/wsrf-WS-ResourceProperties-1.2-draft-01.wsdl}GetResourcePropertyRequest
OUT>      [java] [Thread-2] INFO  toJava.JavaGeneratorFactory  - excluding code generation for non-included QName:{http://docs.oasis-open.org/wsrf/2004/06/wsrf-WS-ResourceProperties-1.2-draft-01.wsdl}GetMultipleResourcePropertiesRequest
OUT>      [java] [Thread-2] INFO  toJava.JavaGeneratorFactory  - excluding code generation for non-included QName:{http://docs.oasis-open.org/wsrf/2004/06/wsrf-WS-ResourceProperties-1.2-draft-01.wsdl}InvalidResourcePropertyQNameFault
OUT>      [java] [Thread-2] INFO  toJava.JavaGeneratorFactory  - excluding code generation for non-included QName:{http://docs.oasis-open.org/wsn/2004/06/wsn-WS-BaseNotification-1.2-draft-01.wsdl}ResumeSubscriptionRequest
OUT>      [java] [Thread-2] INFO  toJava.JavaGeneratorFactory  - excluding code generation for non-included QName:{http://docs.oasis-open.org/wsn/2004/06/wsn-WS-BaseNotification-1.2-draft-01.wsdl}InvalidTopicExpressionFault
OUT>      [java] [Thread-2] INFO  toJava.JavaGeneratorFactory  - excluding code generation for non-included QName:{http://docs.oasis-open.org/wsn/2004/06/wsn-WS-BaseNotification-1.2-draft-01.wsdl}PauseFailedFault
OUT>      [java] [Thread-2] INFO  toJava.JavaGeneratorFactory  - excluding code generation for non-included QName:{http://docs.oasis-open.org/wsrf/2004/06/wsrf-WS-ResourceLifetime-1.2-draft-01.wsdl}DestroyRequest
OUT>      [java] [Thread-2] INFO  toJava.JavaGeneratorFactory  - excluding code generation for non-included QName:{http://docs.oasis-open.org/wsrf/2004/06/wsrf-WS-ResourceLifetime-1.2-draft-01.wsdl}DestroyResponse
OUT>      [java] [Thread-2] INFO  toJava.JavaGeneratorFactory  - excluding code generation for non-included QName:{http://docs.oasis-open.org/wsrf/2004/06/wsrf-WS-ResourceLifetime-1.2-draft-01.wsdl}ResourceNotDestroyedFault
OUT>      [java] [Thread-2] INFO  toJava.JavaGeneratorFactory  - excluding code generation for non-included QName:{http://docs.oasis-open.org/wsrf/2004/06/wsrf-WS-BaseFaults-1.2-draft-01.wsdl}BaseFaultMessage
OUT>      [java] [Thread-2] INFO  toJava.JavaGeneratorFactory  - excluding code generation for non-included QName:{http://docs.oasis-open.org/wsrf/2004/06/wsrf-WS-ResourceProperties-1.2-draft-01.wsdl}GetMultipleResourcePropertiesResponse
OUT>      [java] [Thread-2] INFO  toJava.JavaGeneratorFactory  - excluding code generation for non-included QName:{http://docs.oasis-open.org/wsn/2004/06/wsn-WS-BaseNotification-1.2-draft-01.wsdl}PauseSubscriptionRequest
OUT>      [java] [Thread-2] INFO  toJava.JavaGeneratorFactory  - excluding code generation for non-included QName:{http://docs.oasis-open.org/wsn/2004/06/wsn-WS-BaseNotification-1.2-draft-01.wsdl}GetCurrentMessageResponse
OUT>      [java] [Thread-2] INFO  toJava.JavaGeneratorFactory  - excluding code generation for non-included QName:{http://docs.oasis-open.org/wsrf/2004/06/wsrf-WS-ResourceProperties-1.2-draft-01.wsdl}QueryEvaluationErrorFault
OUT>      [java] [Thread-2] INFO  toJava.JavaGeneratorFactory  - excluding code generation for non-included QName:{http://docs.oasis-open.org/wsn/2004/06/wsn-WS-BaseNotification-1.2-draft-01.wsdl}ResumeSubscriptionResponse
OUT>      [java] [Thread-2] INFO  toJava.JavaGeneratorFactory  - excluding code generation for non-included QName:{http://docs.oasis-open.org/wsrf/2004/06/wsrf-WS-ResourceLifetime-1.2-draft-01.wsdl}ResourceUnknownFault
OUT>      [java] [Thread-2] INFO  toJava.JavaGeneratorFactory  - excluding code generation for non-included QName:{http://docs.oasis-open.org/wsrf/2004/06/wsrf-WS-ResourceProperties-1.2-draft-01.wsdl}InvalidQueryExpressionFault
OUT>      [java] [Thread-2] INFO  toJava.JavaGeneratorFactory  - excluding code generation for non-included QName:{http://docs.oasis-open.org/wsrf/2004/06/wsrf-WS-ResourceProperties-1.2-draft-01.wsdl}UnknownQueryExpressionDialectFault
OUT>      [java] [Thread-2] INFO  toJava.JavaGeneratorFactory  - excluding code generation for non-included QName:{http://docs.oasis-open.org/wsrf/2004/06/wsrf-WS-ResourceProperties-1.2-draft-01.wsdl}GetMultipleResourceProperties
OUT>      [java] [Thread-2] INFO  toJava.JavaGeneratorFactory  - excluding code generation for non-included QName:{http://docs.oasis-open.org/wsn/2004/06/wsn-WS-BaseNotification-1.2-draft-01.wsdl}GetCurrentMessageRequest
OUT>      [java] [Thread-2] INFO  toJava.JavaGeneratorFactory  - excluding code generation for non-included QName:{http://docs.oasis-open.org/wsn/2004/06/wsn-WS-BaseNotification-1.2-draft-01.wsdl}SubscribeResponse
OUT>      [java] [Thread-2] INFO  toJava.JavaGeneratorFactory  - excluding code generation for non-included QName:{http://docs.oasis-open.org/wsn/2004/06/wsn-WS-BaseNotification-1.2-draft-01.wsdl}SubscriptionManager
OUT>      [java] [Thread-2] INFO  toJava.JavaGeneratorFactory  - excluding code generation for non-included QName:{http://docs.oasis-open.org/wsn/2004/06/wsn-WS-BaseNotification-1.2-draft-01.wsdl}Notify
OUT>      [java] [Thread-2] INFO  toJava.JavaGeneratorFactory  - excluding code generation for non-included QName:{http://docs.oasis-open.org/wsrf/2004/06/wsrf-WS-ResourceLifetime-1.2-draft-01.wsdl}TerminationTimeChangeRejectedFault
OUT>      [java] [Thread-2] INFO  toJava.JavaGeneratorFactory  - excluding code generation for non-included QName:{http://docs.oasis-open.org/wsn/2004/06/wsn-WS-BaseNotification-1.2-draft-01.wsdl}NotificationConsumer
OUT>      [java] [Thread-2] INFO  toJava.JavaGeneratorFactory  - excluding code generation for non-included QName:{http://docs.oasis-open.org/wsrf/2004/06/wsrf-WS-ResourceLifetime-1.2-draft-01.wsdl}ScheduledResourceTermination
OUT>      [java] [Thread-2] INFO  toJava.JavaGeneratorFactory  - excluding code generation for non-included QName:{http://docs.oasis-open.org/wsn/2004/06/wsn-WS-BaseNotification-1.2-draft-01.wsdl}PauseSubscriptionResponse
OUT>      [java] [Thread-2] INFO  toJava.JavaGeneratorFactory  - excluding code generation for non-included QName:{http://docs.oasis-open.org/wsn/2004/06/wsn-WS-BaseNotification-1.2-draft-01.wsdl}TopicPathDialectUnknownFault
OUT>      [java] [Thread-2] INFO  toJava.JavaGeneratorFactory  - excluding code generation for non-included QName:{http://docs.oasis-open.org/wsrf/2004/06/wsrf-WS-ResourceProperties-1.2-draft-01.wsdl}UnableToModifyResourcePropertyFault
OUT>      [java] [Thread-2] INFO  toJava.JavaGeneratorFactory  - excluding code generation for non-included QName:{http://docs.oasis-open.org/wsrf/2004/06/wsrf-WS-ResourceProperties-1.2-draft-01.wsdl}SetResourcePropertiesResponse
OUT>      [java] [Thread-2] INFO  toJava.JavaGeneratorFactory  - excluding code generation for non-included QName:{http://docs.oasis-open.org/wsrf/2004/06/wsrf-WS-ResourceLifetime-1.2-draft-01.wsdl}ImmediateResourceTermination
OUT>      [java] [Thread-2] INFO  toJava.JavaGeneratorFactory  - excluding code generation for non-included QName:{http://docs.oasis-open.org/wsrf/2004/06/wsrf-WS-ResourceLifetime-1.2-draft-01.wsdl}SetTerminationTimeResponse
OUT>      [java] [Thread-2] INFO  toJava.JavaGeneratorFactory  - excluding code generation for non-included QName:{http://docs.oasis-open.org/wsn/2004/06/wsn-WS-BaseNotification-1.2-draft-01.wsdl}ResourceUnknownFault
OUT>      [java] [Thread-2] INFO  toJava.JavaGeneratorFactory  - excluding code generation for non-included QName:{http://docs.oasis-open.org/wsn/2004/06/wsn-WS-BaseNotification-1.2-draft-01.wsdl}SubscribeCreationFailedFault
OUT>      [java] [Thread-2] INFO  toJava.JavaGeneratorFactory  - excluding code generation for non-included QName:{http://docs.oasis-open.org/wsrf/2004/06/wsrf-WS-ResourceLifetime-1.2-draft-01.wsdl}SetTerminationTimeRequest
OUT>      [java] [Thread-2] INFO  toJava.JavaGeneratorFactory  - excluding code generation for non-included QName:{http://docs.oasis-open.org/wsrf/2004/06/wsrf-WS-ResourceProperties-1.2-draft-01.wsdl}SetResourceProperties
OUT> 
OUT> stubGenerationPostProcessor:
OUT> Warning: Reference tasks.run.classpath has not been set at runtime, but was found during
OUT> build file parsing, attempting to resolve. Future versions of Ant may support
OUT>  referencing ids defined in non-executed targets.
OUT> Warning: Reference tasks.run.extended.classpath has not been set at runtime, but was found during
OUT> build file parsing, attempting to resolve. Future versions of Ant may support
OUT>  referencing ids defined in non-executed targets.
OUT> 
OUT> postStubs:
OUT>      [java] 14:49:38,020 WARN  [JavaUtils] Unable to find required classes (javax.activation.DataHandler and javax.mail.internet.MimeMultipart). Attachment support is disabled.
OUT> 
OUT> compileStubs:
OUT> 
OUT> preCompileStubs:
OUT>     [javac] Compiling 49 source files to /var/folders/M2/M2eLa4tFElelS2p09b6x7U+++TI/-Tmp-/TestSDK44WithIsoTypesStyleDataService_1316803733626/build/stubs-TestSDK44WithIsoTypesStyleDataService/classes
OUT>     [javac] Note: Some input files use unchecked or unsafe operations.
OUT>     [javac] Note: Recompile with -Xlint:unchecked for details.
OUT> 
OUT> postCompileStubs:
OUT> 
OUT> jarStubs:
OUT> 
OUT> preJarStubs:
OUT>       [jar] Building jar: /var/folders/M2/M2eLa4tFElelS2p09b6x7U+++TI/-Tmp-/TestSDK44WithIsoTypesStyleDataService_1316803733626/build/lib/TestSDK44WithIsoTypesStyleDataService-stubs.jar
OUT> 
OUT> postJarStubs:
OUT> 
OUT> compile:
OUT> 
OUT> preCompile:
OUT>     [javac] Compiling 15 source files to /var/folders/M2/M2eLa4tFElelS2p09b6x7U+++TI/-Tmp-/TestSDK44WithIsoTypesStyleDataService_1316803733626/build/classes
OUT>     [javac] Note: Some input files use or override a deprecated API.
OUT>     [javac] Note: Recompile with -Xlint:deprecation for details.
OUT>      [copy] Copying 16 files to /var/folders/M2/M2eLa4tFElelS2p09b6x7U+++TI/-Tmp-/TestSDK44WithIsoTypesStyleDataService_1316803733626/build/classes
OUT> 
OUT> postCompile:
OUT> 
OUT> jar:
OUT> 
OUT> preJar:
OUT>       [jar] Building jar: /var/folders/M2/M2eLa4tFElelS2p09b6x7U+++TI/-Tmp-/TestSDK44WithIsoTypesStyleDataService_1316803733626/build/lib/TestSDK44WithIsoTypesStyleDataService-client.jar
OUT>       [jar] Building jar: /var/folders/M2/M2eLa4tFElelS2p09b6x7U+++TI/-Tmp-/TestSDK44WithIsoTypesStyleDataService_1316803733626/build/lib/TestSDK44WithIsoTypesStyleDataService-service.jar
OUT>       [jar] Building jar: /var/folders/M2/M2eLa4tFElelS2p09b6x7U+++TI/-Tmp-/TestSDK44WithIsoTypesStyleDataService_1316803733626/build/lib/TestSDK44WithIsoTypesStyleDataService-common.jar
OUT> 
OUT> postJar:
OUT> 
OUT> compileTests:
OUT> 
OUT> preCompileTests:
OUT> 
OUT> postCompileTests:
OUT> 
OUT> jarTests:
OUT> 
OUT> preJarTests:
OUT>       [jar] Building MANIFEST-only jar: /var/folders/M2/M2eLa4tFElelS2p09b6x7U+++TI/-Tmp-/TestSDK44WithIsoTypesStyleDataService_1316803733626/build/lib/TestSDK44WithIsoTypesStyleDataService-tests.jar
OUT> 
OUT> postJarTests:
OUT> 
OUT> jars:
OUT> 
OUT> all:
OUT> 
OUT> BUILD SUCCESSFUL
OUT> Total time: 18 seconds

> UnpackContainerStep (org.cagrid.tests.data.styles.cacore44.integration.story.SDK44StyleLocalApiStory)


> DeployServiceStep (org.cagrid.tests.data.styles.cacore44.integration.story.SDK44StyleLocalApiStory)


> StartContainerStep (org.cagrid.tests.data.styles.cacore44.integration.story.SDK44StyleLocalApiStory)

Command environment:

TERM=xterm
ANT_OPTS=-Xmx1024m -Xms512m
com.apple.java.jvmMode=client
SHLVL=4
JAVA_HOME=/System/Library/Frameworks/JavaVM.framework/Versions/CurrentJDK/Home
__CF_USER_TEXT_ENCODING=0x1F5:0:0
HOSTTYPE=intel-mac
REMOTEHOST=
PWD=/Users/ervin/Projects/caGrid/caGrid-1_5_release/Software/core/integration-tests/projects/sdk44StyleTests
HOST=David-Ervins-MacBook-Pro-2.local
XTERM_VERSION=XTerm(251)
LOGNAME=ervin
WINDOWID=12582925
CVS_RSH=ssh
MACHTYPE=x86_64
SSH_AUTH_SOCK=/tmp/launch-vWyEtK/Listeners
SHELL=/bin/tcsh
GROUP=staff
EDITOR=nano
TMPDIR=/var/folders/M2/M2eLa4tFElelS2p09b6x7U+++TI/-Tmp-/
X11_PREFS_DOMAIN=org.x.X11
PATH=/Users/ervin/Installs/ant/apache-ant-1.7.1//bin:/opt/local/bin:/opt/local/sbin:/System/Library/Frameworks/JavaVM.framework/Versions/CurrentJDK/Home/bin:/Users/ervin/Installs/ant/apache-ant-1.7.1/bin:/Users/ervin/Installs/ant/apache-ant-1.8.2//bin:/opt/local/bin:/opt/local/sbin:/System/Library/Frameworks/JavaVM.framework/Versions/CurrentJDK/Home/bin:/Users/ervin/Installs/ant/apache-ant-1.7.1/bin:/opt/local/bin:/opt/local/sbin:/System/Library/Frameworks/JavaVM.framework/Versions/CurrentJDK/Home/bin:/Users/ervin/Installs/ant/apache-ant-1.7.1/bin:/usr/bin:/bin:/usr/sbin:/sbin:/usr/local/bin:/usr/X11/bin:/usr/X11/bin
COMMAND_MODE=unix2003
DISPLAY=/tmp/launch-p86Jm1/org.x:0
USER=ervin
ANT_HOME=/Users/ervin/Installs/ant/apache-ant-1.7.1/
JAVA_MAIN_CLASS_17340=org.apache.tools.ant.launch.Launcher
com.apple.java.jvmTask=CommandLine_Manual.java.java
CATALINA_HOME=/Users/ervin/Projects/caGrid/caGrid-1_5_release/Software/core/caGrid/projects/introduce/tmp/Tomcat4099313048783133736tmp
HOME=/Users/ervin
XTERM_SHELL=/bin/tcsh
GLOBUS_LOCATION=/Users/ervin/Installs/globus/ws-core-4.0.3-sha2/
JAVA_MAIN_CLASS_17382=org.apache.tools.ant.taskdefs.optional.junit.JUnitTestRunner
Apple_PubSub_Socket_Render=/tmp/launch-goK2fm/Render
XTERM_LOCALE=C
OSTYPE=darwin
VENDOR=apple
OUT> 14:50:01,803 WARN  [JavaUtils] Unable to find required classes (javax.activation.DataHandler and javax.mail.internet.MimeMultipart). Attachment support is disabled.

> InvokeDataServiceStep (org.cagrid.tests.data.styles.cacore44.integration.story.SDK44StyleLocalApiStory)

Base dir is /Users/ervin/Projects/caGrid/caGrid-1_5_release/Software/core/integration-tests/projects/sdk44StyleTests
Queries dir is /Users/ervin/Projects/caGrid/caGrid-1_5_release/Software/core/integration-tests/projects/sdk44StyleTests/resources/testQueries
Query files? sure!
Gold results dir is /Users/ervin/Projects/caGrid/caGrid-1_5_release/Software/core/integration-tests/projects/sdk44StyleTests/resources/testGoldResults
Testing query file allPayments.xml
	Gold results file is gold_allPayments.xml
OUT> 14:50:17,624 INFO  [Environment] Hibernate 3.2.0
OUT> 14:50:17,626 INFO  [Environment] hibernate.properties not found
OUT> 14:50:17,627 INFO  [Environment] Bytecode provider name : cglib
OUT> 14:50:17,630 INFO  [Environment] using JDK 1.4 java.sql.Timestamp handling
OUT> 14:50:17,667 INFO  [Configuration] configuring from url: jar:file:/Users/ervin/Projects/caGrid/caGrid-1_5_release/Software/core/caGrid/projects/introduce/tmp/Tomcat4099313048783133736tmp/webapps/wsrf/WEB-INF/lib/isoExample-orm.jar!/hibernate.cfg.xml
OUT> 14:50:17,704 INFO  [Configuration] Reading mappings from resource: gov/nih/nci/cacoresdk/domain/inheritance/abstrakt/Pupil.hbm.xml
OUT> 14:50:17,752 INFO  [HbmBinder] Mapping class: gov.nih.nci.cacoresdk.domain.inheritance.abstrakt.Pupil -> PUPIL
OUT> 14:50:17,762 INFO  [Configuration] Reading mappings from resource: gov/nih/nci/cacoresdk/domain/inheritance/abstrakt/Teacher.hbm.xml
OUT> 14:50:17,778 INFO  [HbmBinder] Mapping class: gov.nih.nci.cacoresdk.domain.inheritance.abstrakt.Teacher -> TEACHER
OUT> 14:50:17,800 INFO  [HbmBinder] Mapping joined-subclass: gov.nih.nci.cacoresdk.domain.inheritance.abstrakt.PrivateTeacher -> PRIVATE_TEACHER
OUT> 14:50:17,803 INFO  [Configuration] Reading mappings from resource: gov/nih/nci/cacoresdk/domain/inheritance/childwithassociation/Payment.hbm.xml
OUT> 14:50:17,815 INFO  [HbmBinder] Mapping class: gov.nih.nci.cacoresdk.domain.inheritance.childwithassociation.Payment -> PAYMENT
OUT> 14:50:17,815 INFO  [HbmBinder] Mapping joined-subclass: gov.nih.nci.cacoresdk.domain.inheritance.childwithassociation.Credit -> CREDIT
OUT> 14:50:17,859 INFO  [HbmBinder] Mapping joined-subclass: gov.nih.nci.cacoresdk.domain.inheritance.childwithassociation.Cash -> CASH
OUT> 14:50:17,859 INFO  [Configuration] Reading mappings from resource: gov/nih/nci/cacoresdk/domain/inheritance/childwithassociation/Bank.hbm.xml
OUT> 14:50:17,870 INFO  [HbmBinder] Mapping class: gov.nih.nci.cacoresdk.domain.inheritance.childwithassociation.Bank -> BANK
OUT> 14:50:17,871 INFO  [Configuration] Reading mappings from resource: gov/nih/nci/cacoresdk/domain/inheritance/childwithassociation/sametable/Shoes.hbm.xml
OUT> 14:50:17,881 INFO  [HbmBinder] Mapping class: gov.nih.nci.cacoresdk.domain.inheritance.childwithassociation.sametable.Shoes -> SHOES
OUT> 14:50:17,884 INFO  [HbmBinder] Mapping subclass: gov.nih.nci.cacoresdk.domain.inheritance.childwithassociation.sametable.SportsShoes -> SHOES
OUT> 14:50:17,885 INFO  [HbmBinder] Mapping subclass: gov.nih.nci.cacoresdk.domain.inheritance.childwithassociation.sametable.DesignerShoes -> SHOES
OUT> 14:50:17,885 INFO  [Configuration] Reading mappings from resource: gov/nih/nci/cacoresdk/domain/inheritance/childwithassociation/sametable/Designer.hbm.xml
OUT> 14:50:17,894 INFO  [HbmBinder] Mapping class: gov.nih.nci.cacoresdk.domain.inheritance.childwithassociation.sametable.Designer -> DESIGNER
OUT> 14:50:17,895 INFO  [Configuration] Reading mappings from resource: gov/nih/nci/cacoresdk/domain/inheritance/implicit/Substrate.hbm.xml
OUT> 14:50:17,905 INFO  [HbmBinder] Mapping class: gov.nih.nci.cacoresdk.domain.inheritance.implicit.Substrate -> SUBSTRATE
OUT> 14:50:17,905 INFO  [Configuration] Reading mappings from resource: gov/nih/nci/cacoresdk/domain/inheritance/implicit/TankAccessory.hbm.xml
OUT> 14:50:17,919 INFO  [HbmBinder] Mapping class: gov.nih.nci.cacoresdk.domain.inheritance.implicit.TankAccessory -> TANK_ACCESSORY
OUT> 14:50:17,919 INFO  [HbmBinder] Mapping collection: gov.nih.nci.cacoresdk.domain.inheritance.implicit.TankAccessory.tankCollection -> TANK_TANK_ACCESSORY
OUT> 14:50:17,919 INFO  [Configuration] Reading mappings from resource: gov/nih/nci/cacoresdk/domain/inheritance/implicit/Fish.hbm.xml
OUT> 14:50:17,930 INFO  [HbmBinder] Mapping class: gov.nih.nci.cacoresdk.domain.inheritance.implicit.Fish -> FISH
OUT> 14:50:17,931 INFO  [HbmBinder] Mapping subclass: gov.nih.nci.cacoresdk.domain.inheritance.implicit.DiscusFish -> FISH
OUT> 14:50:17,931 INFO  [HbmBinder] Mapping subclass: gov.nih.nci.cacoresdk.domain.inheritance.implicit.AngelFish -> FISH
OUT> 14:50:17,931 INFO  [Configuration] Reading mappings from resource: gov/nih/nci/cacoresdk/domain/inheritance/multiplechild/Student.hbm.xml
OUT> 14:50:17,945 INFO  [HbmBinder] Mapping class: gov.nih.nci.cacoresdk.domain.inheritance.multiplechild.Student -> STUDENT
OUT> 14:50:17,945 INFO  [HbmBinder] Mapping joined-subclass: gov.nih.nci.cacoresdk.domain.inheritance.multiplechild.UndergraduateStudent -> UNDERGRADUATE_STUDENT
OUT> 14:50:17,945 INFO  [HbmBinder] Mapping joined-subclass: gov.nih.nci.cacoresdk.domain.inheritance.multiplechild.GraduateStudent -> GRADUATE_STUDENT
OUT> 14:50:17,946 INFO  [Configuration] Reading mappings from resource: gov/nih/nci/cacoresdk/domain/inheritance/multiplechild/sametable/Organization.hbm.xml
OUT> 14:50:17,961 INFO  [HbmBinder] Mapping class: gov.nih.nci.cacoresdk.domain.inheritance.multiplechild.sametable.Organization -> ORGANIZATION
OUT> 14:50:17,961 INFO  [HbmBinder] Mapping subclass: gov.nih.nci.cacoresdk.domain.inheritance.multiplechild.sametable.PvtOrganization -> ORGANIZATION
OUT> 14:50:17,961 INFO  [HbmBinder] Mapping subclass: gov.nih.nci.cacoresdk.domain.inheritance.multiplechild.sametable.GovtOrganization -> ORGANIZATION
OUT> 14:50:17,961 INFO  [Configuration] Reading mappings from resource: gov/nih/nci/cacoresdk/domain/inheritance/onechild/Mammal.hbm.xml
OUT> 14:50:17,973 INFO  [HbmBinder] Mapping class: gov.nih.nci.cacoresdk.domain.inheritance.onechild.Mammal -> MAMMAL
OUT> 14:50:17,973 INFO  [HbmBinder] Mapping joined-subclass: gov.nih.nci.cacoresdk.domain.inheritance.onechild.Human -> HUMAN
OUT> 14:50:17,974 INFO  [Configuration] Reading mappings from resource: gov/nih/nci/cacoresdk/domain/inheritance/onechild/sametable/Currency.hbm.xml
OUT> 14:50:17,985 INFO  [HbmBinder] Mapping class: gov.nih.nci.cacoresdk.domain.inheritance.onechild.sametable.Currency -> CURRENCY
OUT> 14:50:17,985 INFO  [HbmBinder] Mapping subclass: gov.nih.nci.cacoresdk.domain.inheritance.onechild.sametable.Note -> CURRENCY
OUT> 14:50:17,985 INFO  [Configuration] Reading mappings from resource: gov/nih/nci/cacoresdk/domain/inheritance/parentwithassociation/Professor.hbm.xml
OUT> 14:50:17,998 INFO  [HbmBinder] Mapping class: gov.nih.nci.cacoresdk.domain.inheritance.parentwithassociation.Professor -> PROFESSOR
OUT> 14:50:17,998 INFO  [HbmBinder] Mapping joined-subclass: gov.nih.nci.cacoresdk.domain.inheritance.parentwithassociation.TenuredProfessor -> TENURED_PROFESSOR
OUT> 14:50:17,998 INFO  [HbmBinder] Mapping joined-subclass: gov.nih.nci.cacoresdk.domain.inheritance.parentwithassociation.AssistantProfessor -> ASSISTANT_PROFESSOR
OUT> 14:50:17,998 INFO  [HbmBinder] Mapping joined-subclass: gov.nih.nci.cacoresdk.domain.inheritance.parentwithassociation.AssociateProfessor -> ASSOCIATE_PROFESSOR
OUT> 14:50:17,999 INFO  [Configuration] Reading mappings from resource: gov/nih/nci/cacoresdk/domain/inheritance/parentwithassociation/Assistant.hbm.xml
OUT> 14:50:18,009 INFO  [HbmBinder] Mapping class: gov.nih.nci.cacoresdk.domain.inheritance.parentwithassociation.Assistant -> ASSISTANT
OUT> 14:50:18,009 INFO  [Configuration] Reading mappings from resource: gov/nih/nci/cacoresdk/domain/inheritance/parentwithassociation/sametable/Luggage.hbm.xml
OUT> 14:50:18,021 INFO  [HbmBinder] Mapping class: gov.nih.nci.cacoresdk.domain.inheritance.parentwithassociation.sametable.Luggage -> LUGGAGE
OUT> 14:50:18,021 INFO  [HbmBinder] Mapping subclass: gov.nih.nci.cacoresdk.domain.inheritance.parentwithassociation.sametable.HardTop -> LUGGAGE
OUT> 14:50:18,021 INFO  [HbmBinder] Mapping subclass: gov.nih.nci.cacoresdk.domain.inheritance.parentwithassociation.sametable.HardTopType -> LUGGAGE
OUT> 14:50:18,022 INFO  [HbmBinder] Mapping subclass: gov.nih.nci.cacoresdk.domain.inheritance.parentwithassociation.sametable.SoftTop -> LUGGAGE
OUT> 14:50:18,022 INFO  [Configuration] Reading mappings from resource: gov/nih/nci/cacoresdk/domain/inheritance/parentwithassociation/sametable/Wheel.hbm.xml
OUT> 14:50:18,032 INFO  [HbmBinder] Mapping class: gov.nih.nci.cacoresdk.domain.inheritance.parentwithassociation.sametable.Wheel -> WHEEL
OUT> 14:50:18,033 INFO  [Configuration] Reading mappings from resource: gov/nih/nci/cacoresdk/domain/inheritance/twolevelinheritance/Display.hbm.xml
OUT> 14:50:18,042 INFO  [HbmBinder] Mapping class: gov.nih.nci.cacoresdk.domain.inheritance.twolevelinheritance.Display -> DISPLAY
OUT> 14:50:18,043 INFO  [HbmBinder] Mapping joined-subclass: gov.nih.nci.cacoresdk.domain.inheritance.twolevelinheritance.Monitor -> MONITOR
OUT> 14:50:18,043 INFO  [HbmBinder] Mapping joined-subclass: gov.nih.nci.cacoresdk.domain.inheritance.twolevelinheritance.CRTMonitor -> CRT_MONITOR
OUT> 14:50:18,044 INFO  [HbmBinder] Mapping joined-subclass: gov.nih.nci.cacoresdk.domain.inheritance.twolevelinheritance.LCDMonitor -> LCD_MONITOR
OUT> 14:50:18,044 INFO  [Configuration] Reading mappings from resource: gov/nih/nci/cacoresdk/domain/inheritance/twolevelinheritance/sametable/Goverment.hbm.xml
OUT> 14:50:18,053 INFO  [HbmBinder] Mapping class: gov.nih.nci.cacoresdk.domain.inheritance.twolevelinheritance.sametable.Goverment -> GOVERMENT
OUT> 14:50:18,053 INFO  [HbmBinder] Mapping subclass: gov.nih.nci.cacoresdk.domain.inheritance.twolevelinheritance.sametable.DemocraticGovt -> GOVERMENT
OUT> 14:50:18,054 INFO  [HbmBinder] Mapping subclass: gov.nih.nci.cacoresdk.domain.inheritance.twolevelinheritance.sametable.ParliamantaryGovt -> GOVERMENT
OUT> 14:50:18,054 INFO  [HbmBinder] Mapping subclass: gov.nih.nci.cacoresdk.domain.inheritance.twolevelinheritance.sametable.PresidentialGovt -> GOVERMENT
OUT> 14:50:18,054 INFO  [HbmBinder] Mapping subclass: gov.nih.nci.cacoresdk.domain.inheritance.twolevelinheritance.sametable.CommunistGovt -> GOVERMENT
OUT> 14:50:18,054 INFO  [Configuration] Reading mappings from resource: gov/nih/nci/cacoresdk/domain/inheritance/twolevelinheritance/sametablerootlevel/Calculator.hbm.xml
OUT> 14:50:18,063 INFO  [HbmBinder] Mapping class: gov.nih.nci.cacoresdk.domain.inheritance.twolevelinheritance.sametablerootlevel.Calculator -> CALCULATOR
OUT> 14:50:18,064 INFO  [HbmBinder] Mapping subclass: gov.nih.nci.cacoresdk.domain.inheritance.twolevelinheritance.sametablerootlevel.ScientificCalculator -> CALCULATOR
OUT> 14:50:18,064 INFO  [HbmBinder] Mapping subclass: gov.nih.nci.cacoresdk.domain.inheritance.twolevelinheritance.sametablerootlevel.GraphicCalculator -> CALCULATOR
OUT> 14:50:18,065 INFO  [HbmBinder] Mapping class join: gov.nih.nci.cacoresdk.domain.inheritance.twolevelinheritance.sametablerootlevel.GraphicCalculator -> GRAPHIC_CALCULATOR
OUT> 14:50:18,065 INFO  [HbmBinder] Mapping subclass: gov.nih.nci.cacoresdk.domain.inheritance.twolevelinheritance.sametablerootlevel.FinancialCalculator -> CALCULATOR
OUT> 14:50:18,066 INFO  [Configuration] Reading mappings from resource: gov/nih/nci/cacoresdk/domain/interfaze/Dog.hbm.xml
OUT> 14:50:18,077 INFO  [HbmBinder] Mapping class: gov.nih.nci.cacoresdk.domain.interfaze.Dog -> DOG
OUT> 14:50:18,078 INFO  [Configuration] Reading mappings from resource: gov/nih/nci/cacoresdk/domain/manytomany/bidirectional/Project.hbm.xml
OUT> 14:50:18,087 INFO  [HbmBinder] Mapping class: gov.nih.nci.cacoresdk.domain.manytomany.bidirectional.Project -> PROJECT
OUT> 14:50:18,087 INFO  [HbmBinder] Mapping collection: gov.nih.nci.cacoresdk.domain.manytomany.bidirectional.Project.employeeCollection -> EMPLOYEE_PROJECT
OUT> 14:50:18,087 INFO  [Configuration] Reading mappings from resource: gov/nih/nci/cacoresdk/domain/manytomany/bidirectional/Employee.hbm.xml
OUT> 14:50:18,097 INFO  [HbmBinder] Mapping class: gov.nih.nci.cacoresdk.domain.manytomany.bidirectional.Employee -> EMPLOYEE
OUT> 14:50:18,098 INFO  [HbmBinder] Mapping collection: gov.nih.nci.cacoresdk.domain.manytomany.bidirectional.Employee.projectCollection -> EMPLOYEE_PROJECT
OUT> 14:50:18,098 INFO  [Configuration] Reading mappings from resource: gov/nih/nci/cacoresdk/domain/manytomany/unidirectional/Book.hbm.xml
OUT> 14:50:18,108 INFO  [HbmBinder] Mapping class: gov.nih.nci.cacoresdk.domain.manytomany.unidirectional.Book -> BOOK
OUT> 14:50:18,108 INFO  [HbmBinder] Mapping collection: gov.nih.nci.cacoresdk.domain.manytomany.unidirectional.Book.authorCollection -> AUTHOR_BOOK
OUT> 14:50:18,108 INFO  [Configuration] Reading mappings from resource: gov/nih/nci/cacoresdk/domain/manytomany/unidirectional/Author.hbm.xml
OUT> 14:50:18,118 INFO  [HbmBinder] Mapping class: gov.nih.nci.cacoresdk.domain.manytomany.unidirectional.Author -> AUTHOR
OUT> 14:50:18,118 INFO  [Configuration] Reading mappings from resource: gov/nih/nci/cacoresdk/domain/manytoone/unidirectional/Chef.hbm.xml
OUT> 14:50:18,128 INFO  [HbmBinder] Mapping class: gov.nih.nci.cacoresdk.domain.manytoone.unidirectional.Chef -> CHEF
OUT> 14:50:18,129 INFO  [Configuration] Reading mappings from resource: gov/nih/nci/cacoresdk/domain/manytoone/unidirectional/Restaurant.hbm.xml
OUT> 14:50:18,139 INFO  [HbmBinder] Mapping class: gov.nih.nci.cacoresdk.domain.manytoone.unidirectional.Restaurant -> RESTAURANT
OUT> 14:50:18,139 INFO  [Configuration] Reading mappings from resource: gov/nih/nci/cacoresdk/domain/manytoone/unidirectional/withjoin/Album.hbm.xml
OUT> 14:50:18,149 INFO  [HbmBinder] Mapping class: gov.nih.nci.cacoresdk.domain.manytoone.unidirectional.withjoin.Album -> ALBUM
OUT> 14:50:18,149 INFO  [Configuration] Reading mappings from resource: gov/nih/nci/cacoresdk/domain/manytoone/unidirectional/withjoin/Song.hbm.xml
OUT> 14:50:18,160 INFO  [HbmBinder] Mapping class: gov.nih.nci.cacoresdk.domain.manytoone.unidirectional.withjoin.Song -> SONG
OUT> 14:50:18,160 INFO  [HbmBinder] Mapping class join: gov.nih.nci.cacoresdk.domain.manytoone.unidirectional.withjoin.Song -> ALBUM_SONG
OUT> 14:50:18,160 INFO  [Configuration] Reading mappings from resource: gov/nih/nci/cacoresdk/domain/onetomany/bidirectional/HardDrive.hbm.xml
OUT> 14:50:18,170 INFO  [HbmBinder] Mapping class: gov.nih.nci.cacoresdk.domain.onetomany.bidirectional.HardDrive -> HARD_DRIVE
OUT> 14:50:18,170 INFO  [Configuration] Reading mappings from resource: gov/nih/nci/cacoresdk/domain/onetomany/bidirectional/Computer.hbm.xml
OUT> 14:50:18,181 INFO  [HbmBinder] Mapping class: gov.nih.nci.cacoresdk.domain.onetomany.bidirectional.Computer -> COMPUTER
OUT> 14:50:18,181 INFO  [Configuration] Reading mappings from resource: gov/nih/nci/cacoresdk/domain/onetomany/bidirectional/withjoin/Passanger.hbm.xml
OUT> 14:50:18,191 INFO  [HbmBinder] Mapping class: gov.nih.nci.cacoresdk.domain.onetomany.bidirectional.withjoin.Passanger -> PASSANGER
OUT> 14:50:18,192 INFO  [HbmBinder] Mapping class join: gov.nih.nci.cacoresdk.domain.onetomany.bidirectional.withjoin.Passanger -> FLIGHT_PASSANGER
OUT> 14:50:18,192 INFO  [Configuration] Reading mappings from resource: gov/nih/nci/cacoresdk/domain/onetomany/bidirectional/withjoin/Flight.hbm.xml
OUT> 14:50:18,202 INFO  [HbmBinder] Mapping class: gov.nih.nci.cacoresdk.domain.onetomany.bidirectional.withjoin.Flight -> FLIGHT
OUT> 14:50:18,202 INFO  [HbmBinder] Mapping collection: gov.nih.nci.cacoresdk.domain.onetomany.bidirectional.withjoin.Flight.passangerCollection -> FLIGHT_PASSANGER
OUT> 14:50:18,203 INFO  [Configuration] Reading mappings from resource: gov/nih/nci/cacoresdk/domain/onetomany/selfassociation/Element.hbm.xml
OUT> 14:50:18,213 INFO  [HbmBinder] Mapping class: gov.nih.nci.cacoresdk.domain.onetomany.selfassociation.Element -> ELEMENT
OUT> 14:50:18,213 INFO  [Configuration] Reading mappings from resource: gov/nih/nci/cacoresdk/domain/onetomany/unidirectional/LatchKey.hbm.xml
OUT> 14:50:18,224 INFO  [HbmBinder] Mapping class: gov.nih.nci.cacoresdk.domain.onetomany.unidirectional.LatchKey -> LATCH_KEY
OUT> 14:50:18,224 INFO  [Configuration] Reading mappings from resource: gov/nih/nci/cacoresdk/domain/onetomany/unidirectional/KeyChain.hbm.xml
OUT> 14:50:18,235 INFO  [HbmBinder] Mapping class: gov.nih.nci.cacoresdk.domain.onetomany.unidirectional.KeyChain -> KEYCHAIN
OUT> 14:50:18,235 INFO  [Configuration] Reading mappings from resource: gov/nih/nci/cacoresdk/domain/onetomany/unidirectional/withjoin/Shirt.hbm.xml
OUT> 14:50:18,246 INFO  [HbmBinder] Mapping class: gov.nih.nci.cacoresdk.domain.onetomany.unidirectional.withjoin.Shirt -> SHIRT
OUT> 14:50:18,246 INFO  [HbmBinder] Mapping collection: gov.nih.nci.cacoresdk.domain.onetomany.unidirectional.withjoin.Shirt.buttonCollection -> SHIRT_BUTTON
OUT> 14:50:18,246 INFO  [Configuration] Reading mappings from resource: gov/nih/nci/cacoresdk/domain/onetomany/unidirectional/withjoin/Button.hbm.xml
OUT> 14:50:18,256 INFO  [HbmBinder] Mapping class: gov.nih.nci.cacoresdk.domain.onetomany.unidirectional.withjoin.Button -> BUTTON
OUT> 14:50:18,256 INFO  [Configuration] Reading mappings from resource: gov/nih/nci/cacoresdk/domain/onetoone/bidirectional/OrderLine.hbm.xml
OUT> 14:50:18,266 INFO  [HbmBinder] Mapping class: gov.nih.nci.cacoresdk.domain.onetoone.bidirectional.OrderLine -> ORDERLINE
OUT> 14:50:18,268 INFO  [Configuration] Reading mappings from resource: gov/nih/nci/cacoresdk/domain/onetoone/bidirectional/Product.hbm.xml
OUT> 14:50:18,278 INFO  [HbmBinder] Mapping class: gov.nih.nci.cacoresdk.domain.onetoone.bidirectional.Product -> PRODUCT
OUT> 14:50:18,278 INFO  [Configuration] Reading mappings from resource: gov/nih/nci/cacoresdk/domain/onetoone/bidirectional/withjoin/Chain.hbm.xml
OUT> 14:50:18,291 INFO  [HbmBinder] Mapping class: gov.nih.nci.cacoresdk.domain.onetoone.bidirectional.withjoin.Chain -> CHAIN
OUT> 14:50:18,291 INFO  [HbmBinder] Mapping class join: gov.nih.nci.cacoresdk.domain.onetoone.bidirectional.withjoin.Chain -> CHAIN_PENDANT
OUT> 14:50:18,291 INFO  [Configuration] Reading mappings from resource: gov/nih/nci/cacoresdk/domain/onetoone/bidirectional/withjoin/Pendant.hbm.xml
OUT> 14:50:18,302 INFO  [HbmBinder] Mapping class: gov.nih.nci.cacoresdk.domain.onetoone.bidirectional.withjoin.Pendant -> PENDANT
OUT> 14:50:18,302 INFO  [HbmBinder] Mapping class join: gov.nih.nci.cacoresdk.domain.onetoone.bidirectional.withjoin.Pendant -> CHAIN_PENDANT
OUT> 14:50:18,302 INFO  [Configuration] Reading mappings from resource: gov/nih/nci/cacoresdk/domain/onetoone/multipleassociation/Parent.hbm.xml
OUT> 14:50:18,313 INFO  [HbmBinder] Mapping class: gov.nih.nci.cacoresdk.domain.onetoone.multipleassociation.Parent -> PARENT
OUT> 14:50:18,313 INFO  [Configuration] Reading mappings from resource: gov/nih/nci/cacoresdk/domain/onetoone/multipleassociation/Child.hbm.xml
OUT> 14:50:18,323 INFO  [HbmBinder] Mapping class: gov.nih.nci.cacoresdk.domain.onetoone.multipleassociation.Child -> CHILD
OUT> 14:50:18,323 INFO  [Configuration] Reading mappings from resource: gov/nih/nci/cacoresdk/domain/onetoone/multipleassociation/withjoin/InLaw.hbm.xml
OUT> 14:50:18,332 INFO  [HbmBinder] Mapping class: gov.nih.nci.cacoresdk.domain.onetoone.multipleassociation.withjoin.InLaw -> IN_LAW
OUT> 14:50:18,333 INFO  [Configuration] Reading mappings from resource: gov/nih/nci/cacoresdk/domain/onetoone/multipleassociation/withjoin/Bride.hbm.xml
OUT> 14:50:18,342 INFO  [HbmBinder] Mapping class: gov.nih.nci.cacoresdk.domain.onetoone.multipleassociation.withjoin.Bride -> BRIDE
OUT> 14:50:18,343 INFO  [HbmBinder] Mapping class join: gov.nih.nci.cacoresdk.domain.onetoone.multipleassociation.withjoin.Bride -> BRIDE_FATHER_IN_LAW
OUT> 14:50:18,343 INFO  [HbmBinder] Mapping class join: gov.nih.nci.cacoresdk.domain.onetoone.multipleassociation.withjoin.Bride -> BRIDE_MOTHER_IN_LAW
OUT> 14:50:18,343 INFO  [Configuration] Reading mappings from resource: gov/nih/nci/cacoresdk/domain/onetoone/unidirectional/Person.hbm.xml
OUT> 14:50:18,352 INFO  [HbmBinder] Mapping class: gov.nih.nci.cacoresdk.domain.onetoone.unidirectional.Person -> PERSON
OUT> 14:50:18,352 INFO  [Configuration] Reading mappings from resource: gov/nih/nci/cacoresdk/domain/onetoone/unidirectional/Address.hbm.xml
OUT> 14:50:18,360 INFO  [HbmBinder] Mapping class: gov.nih.nci.cacoresdk.domain.onetoone.unidirectional.Address -> ADDRESS
OUT> 14:50:18,360 INFO  [Configuration] Reading mappings from resource: gov/nih/nci/cacoresdk/domain/onetoone/unidirectional/withjoin/Handle.hbm.xml
OUT> 14:50:18,368 INFO  [HbmBinder] Mapping class: gov.nih.nci.cacoresdk.domain.onetoone.unidirectional.withjoin.Handle -> HANDLE
OUT> 14:50:18,369 INFO  [Configuration] Reading mappings from resource: gov/nih/nci/cacoresdk/domain/onetoone/unidirectional/withjoin/Bag.hbm.xml
OUT> 14:50:18,377 INFO  [HbmBinder] Mapping class: gov.nih.nci.cacoresdk.domain.onetoone.unidirectional.withjoin.Bag -> BAG
OUT> 14:50:18,377 INFO  [HbmBinder] Mapping class join: gov.nih.nci.cacoresdk.domain.onetoone.unidirectional.withjoin.Bag -> BAG_HANDLE
OUT> 14:50:18,377 INFO  [Configuration] Reading mappings from resource: gov/nih/nci/cacoresdk/domain/other/datatype/DsetCdDataType.hbm.xml
OUT> 14:50:18,388 INFO  [HbmBinder] Mapping class: gov.nih.nci.cacoresdk.domain.other.datatype.DsetCdDataType -> DSET_CD
OUT> 14:50:18,388 INFO  [HbmBinder] Mapping collection: gov.nih.nci.cacoresdk.domain.other.datatype.DsetCdDataType.value1.item -> DSET_CD_VALUE1
OUT> 14:50:18,388 INFO  [HbmBinder] Mapping collection: gov.nih.nci.cacoresdk.domain.other.datatype.DsetCdDataType.value2.item -> DSET_CD_VALUE2
OUT> 14:50:18,388 INFO  [HbmBinder] Mapping collection: gov.nih.nci.cacoresdk.domain.other.datatype.DsetCdDataType.value3.item -> DSET_CD_VALUE3
OUT> 14:50:18,388 INFO  [HbmBinder] Mapping collection: gov.nih.nci.cacoresdk.domain.other.datatype.DsetCdDataType.value4.item -> DSET_CD_VALUE4
OUT> 14:50:18,388 INFO  [HbmBinder] Mapping collection: gov.nih.nci.cacoresdk.domain.other.datatype.DsetCdDataType.value5.item -> DSET_CD_VALUE5
OUT> 14:50:18,389 INFO  [HbmBinder] Mapping collection: gov.nih.nci.cacoresdk.domain.other.datatype.DsetCdDataType.value7.item -> DSET_CD_CD_VALUE7
OUT> 14:50:18,392 INFO  [HbmBinder] Mapping class: _xxEntityxx_gov_nih_nci_cacoresdk_domain_other_datatype_DsetCdDataType_value6 -> DSET_CD_VALUE6
OUT> 14:50:18,392 INFO  [HbmBinder] Mapping class: _xxEntityxx_gov_nih_nci_cacoresdk_domain_other_datatype_DsetCdDataType_value7 -> DSET_CD_VALUE7
OUT> 14:50:18,392 INFO  [Configuration] Reading mappings from resource: gov/nih/nci/cacoresdk/domain/other/datatype/EnDataType.hbm.xml
OUT> 14:50:18,402 INFO  [HbmBinder] Mapping class: gov.nih.nci.cacoresdk.domain.other.datatype.EnDataType -> EN_DATATYPE
OUT> 14:50:18,404 INFO  [Configuration] Reading mappings from resource: gov/nih/nci/cacoresdk/domain/other/datatype/BlNonNullDataType.hbm.xml
OUT> 14:50:18,412 INFO  [HbmBinder] Mapping class: gov.nih.nci.cacoresdk.domain.other.datatype.BlNonNullDataType -> BL_NONNULL_DATATYPE
OUT> 14:50:18,412 INFO  [Configuration] Reading mappings from resource: gov/nih/nci/cacoresdk/domain/other/datatype/TelEmailDataType.hbm.xml
OUT> 14:50:18,420 INFO  [HbmBinder] Mapping class: gov.nih.nci.cacoresdk.domain.other.datatype.TelEmailDataType -> TEL_EMAIL_DATATYPE
OUT> 14:50:18,420 INFO  [Configuration] Reading mappings from resource: gov/nih/nci/cacoresdk/domain/other/datatype/PqDataType.hbm.xml
OUT> 14:50:18,428 INFO  [HbmBinder] Mapping class: gov.nih.nci.cacoresdk.domain.other.datatype.PqDataType -> PQ_DATATYPE
OUT> 14:50:18,429 INFO  [Configuration] Reading mappings from resource: gov/nih/nci/cacoresdk/domain/other/datatype/EnOnDataType.hbm.xml
OUT> 14:50:18,436 INFO  [HbmBinder] Mapping class: gov.nih.nci.cacoresdk.domain.other.datatype.EnOnDataType -> EN_ON_DATATYPE
OUT> 14:50:18,437 INFO  [Configuration] Reading mappings from resource: gov/nih/nci/cacoresdk/domain/other/datatype/IvlIntDataType.hbm.xml
OUT> 14:50:18,444 INFO  [HbmBinder] Mapping class: gov.nih.nci.cacoresdk.domain.other.datatype.IvlIntDataType -> IVL_INT
OUT> 14:50:18,444 INFO  [Configuration] Reading mappings from resource: gov/nih/nci/cacoresdk/domain/other/datatype/IvlTsDataType.hbm.xml
OUT> 14:50:18,453 INFO  [HbmBinder] Mapping class: gov.nih.nci.cacoresdk.domain.other.datatype.IvlTsDataType -> IVL_TS
OUT> 14:50:18,454 INFO  [Configuration] Reading mappings from resource: gov/nih/nci/cacoresdk/domain/other/datatype/TelPhoneDataType.hbm.xml
OUT> 14:50:18,461 INFO  [HbmBinder] Mapping class: gov.nih.nci.cacoresdk.domain.other.datatype.TelPhoneDataType -> TEL_PHONE_DATATYPE
OUT> 14:50:18,461 INFO  [Configuration] Reading mappings from resource: gov/nih/nci/cacoresdk/domain/other/datatype/AllDataType.hbm.xml
OUT> 14:50:18,469 INFO  [HbmBinder] Mapping class: gov.nih.nci.cacoresdk.domain.other.datatype.AllDataType -> ALL_DATA_TYPE
OUT> 14:50:18,470 INFO  [HbmBinder] Mapping collection: gov.nih.nci.cacoresdk.domain.other.datatype.AllDataType.stringCollection -> ALL_DATA_TYPE_STRING_COLL
OUT> 14:50:18,470 INFO  [Configuration] Reading mappings from resource: gov/nih/nci/cacoresdk/domain/other/datatype/IntDataType.hbm.xml
OUT> 14:50:18,477 INFO  [HbmBinder] Mapping class: gov.nih.nci.cacoresdk.domain.other.datatype.IntDataType -> INT_DATATYPE
OUT> 14:50:18,477 INFO  [Configuration] Reading mappings from resource: gov/nih/nci/cacoresdk/domain/other/datatype/DsetTelDataType.hbm.xml
OUT> 14:50:18,485 INFO  [HbmBinder] Mapping class: gov.nih.nci.cacoresdk.domain.other.datatype.DsetTelDataType -> DSET_TEL
OUT> 14:50:18,486 INFO  [HbmBinder] Mapping collection: gov.nih.nci.cacoresdk.domain.other.datatype.DsetTelDataType.value1.item -> DSET_TEL_VALUE1
OUT> 14:50:18,486 INFO  [HbmBinder] Mapping collection: gov.nih.nci.cacoresdk.domain.other.datatype.DsetTelDataType.value3.item -> DSET_TEL_TEL_VALUE_3
OUT> 14:50:18,486 INFO  [HbmBinder] Mapping class: _xxEntityxx_gov_nih_nci_cacoresdk_domain_other_datatype_DsetTelDataType_value2 -> DSET_TEL_VALUE2
OUT> 14:50:18,486 INFO  [HbmBinder] Mapping class: _xxEntityxx_gov_nih_nci_cacoresdk_domain_other_datatype_DsetTelDataType_value3 -> DSET_TEL_VALUE3
OUT> 14:50:18,486 INFO  [Configuration] Reading mappings from resource: gov/nih/nci/cacoresdk/domain/other/datatype/TelPersonDataType.hbm.xml
OUT> 14:50:18,494 INFO  [HbmBinder] Mapping class: gov.nih.nci.cacoresdk.domain.other.datatype.TelPersonDataType -> TEL_PERSON_DATATYPE
OUT> 14:50:18,495 INFO  [Configuration] Reading mappings from resource: gov/nih/nci/cacoresdk/domain/other/datatype/IiDataType.hbm.xml
OUT> 14:50:18,504 INFO  [HbmBinder] Mapping class: gov.nih.nci.cacoresdk.domain.other.datatype.IiDataType -> II_DATATYPE
OUT> 14:50:18,505 INFO  [Configuration] Reading mappings from resource: gov/nih/nci/cacoresdk/domain/other/datatype/IvlRealDataType.hbm.xml
OUT> 14:50:18,511 INFO  [HbmBinder] Mapping class: gov.nih.nci.cacoresdk.domain.other.datatype.IvlRealDataType -> IVL_REAL
OUT> 14:50:18,512 INFO  [Configuration] Reading mappings from resource: gov/nih/nci/cacoresdk/domain/other/datatype/DsetAdDataType.hbm.xml
OUT> 14:50:18,522 INFO  [HbmBinder] Mapping class: gov.nih.nci.cacoresdk.domain.other.datatype.DsetAdDataType -> DSET_AD_DATATYPE
OUT> 14:50:18,523 INFO  [HbmBinder] Mapping collection: gov.nih.nci.cacoresdk.domain.other.datatype.DsetAdDataType.value1.item -> DSET_AD_VALUE1
OUT> 14:50:18,523 INFO  [HbmBinder] Mapping collection: gov.nih.nci.cacoresdk.domain.other.datatype.DsetAdDataType.value2.item -> DSET_AD_VALUE2
OUT> 14:50:18,523 INFO  [HbmBinder] Mapping collection: gov.nih.nci.cacoresdk.domain.other.datatype.DsetAdDataType.value3.item -> DSET_AD_VALUE3
OUT> 14:50:18,523 INFO  [HbmBinder] Mapping collection: gov.nih.nci.cacoresdk.domain.other.datatype.DsetAdDataType.value4.item -> DSET_AD_VALUE4
OUT> 14:50:18,523 INFO  [HbmBinder] Mapping collection: gov.nih.nci.cacoresdk.domain.other.datatype.DsetAdDataType.value5.item -> DSET_AD_VALUE5
OUT> 14:50:18,523 INFO  [HbmBinder] Mapping collection: gov.nih.nci.cacoresdk.domain.other.datatype.DsetAdDataType.value6.item -> DSET_AD_VALUE6
OUT> 14:50:18,524 INFO  [HbmBinder] Mapping collection: gov.nih.nci.cacoresdk.domain.other.datatype.DsetAdDataType.value8.item -> DSET_AD_DSET_AD_VALUE8
OUT> 14:50:18,524 INFO  [HbmBinder] Mapping class: _xxEntityxx_gov_nih_nci_cacoresdk_domain_other_datatype_DsetAdDataType_value7 -> DSET_AD_VALUE7
OUT> 14:50:18,524 INFO  [HbmBinder] Mapping class: _xxEntityxx_gov_nih_nci_cacoresdk_domain_other_datatype_DsetAdDataType_value8 -> DSET_AD_VALUE8
OUT> 14:50:18,524 INFO  [Configuration] Reading mappings from resource: gov/nih/nci/cacoresdk/domain/other/datatype/IvlPqDataType.hbm.xml
OUT> 14:50:18,530 INFO  [HbmBinder] Mapping class: gov.nih.nci.cacoresdk.domain.other.datatype.IvlPqDataType -> IVL_PQ
OUT> 14:50:18,531 INFO  [Configuration] Reading mappings from resource: gov/nih/nci/cacoresdk/domain/other/datatype/EnPnDataType.hbm.xml
OUT> 14:50:18,536 INFO  [HbmBinder] Mapping class: gov.nih.nci.cacoresdk.domain.other.datatype.EnPnDataType -> EN_PN_DATATYPE
OUT> 14:50:18,536 INFO  [Configuration] Reading mappings from resource: gov/nih/nci/cacoresdk/domain/other/datatype/RealDataType.hbm.xml
OUT> 14:50:18,544 INFO  [HbmBinder] Mapping class: gov.nih.nci.cacoresdk.domain.other.datatype.RealDataType -> REAL_DATATYPE
OUT> 14:50:18,544 INFO  [Configuration] Reading mappings from resource: gov/nih/nci/cacoresdk/domain/other/datatype/EdDataType.hbm.xml
OUT> 14:50:18,551 INFO  [HbmBinder] Mapping class: gov.nih.nci.cacoresdk.domain.other.datatype.EdDataType -> ED_DATATYPE
OUT> 14:50:18,551 INFO  [Configuration] Reading mappings from resource: gov/nih/nci/cacoresdk/domain/other/datatype/TsDataType.hbm.xml
OUT> 14:50:18,556 INFO  [HbmBinder] Mapping class: gov.nih.nci.cacoresdk.domain.other.datatype.TsDataType -> TS_DATATYPE
OUT> 14:50:18,557 INFO  [Configuration] Reading mappings from resource: gov/nih/nci/cacoresdk/domain/other/datatype/AdDataType.hbm.xml
OUT> 14:50:18,567 INFO  [HbmBinder] Mapping class: gov.nih.nci.cacoresdk.domain.other.datatype.AdDataType -> AD_DATATYPE
OUT> 14:50:18,569 INFO  [HbmBinder] Mapping class join: gov.nih.nci.cacoresdk.domain.other.datatype.AdDataType -> AD_DATATYPE_VALUE7
OUT> 14:50:18,570 INFO  [HbmBinder] Mapping class join: gov.nih.nci.cacoresdk.domain.other.datatype.AdDataType -> AD_AD_DATATYPE_VALUE9
OUT> 14:50:18,570 INFO  [HbmBinder] Mapping class: _xxEntityxx_gov_nih_nci_cacoresdk_domain_other_datatype_AdDataType_value8 -> AD_DATATYPE_VALUE8
OUT> 14:50:18,570 INFO  [HbmBinder] Mapping class: _xxEntityxx_gov_nih_nci_cacoresdk_domain_other_datatype_AdDataType_value9 -> AD_DATATYPE_VALUE9
OUT> 14:50:18,571 INFO  [Configuration] Reading mappings from resource: gov/nih/nci/cacoresdk/domain/other/datatype/ScDataType.hbm.xml
OUT> 14:50:18,576 INFO  [HbmBinder] Mapping class: gov.nih.nci.cacoresdk.domain.other.datatype.ScDataType -> SC_DATATYPE
OUT> 14:50:18,577 INFO  [Configuration] Reading mappings from resource: gov/nih/nci/cacoresdk/domain/other/datatype/StNtDataType.hbm.xml
OUT> 14:50:18,582 INFO  [HbmBinder] Mapping class: gov.nih.nci.cacoresdk.domain.other.datatype.StNtDataType -> ST_NT_DATATYPE
OUT> 14:50:18,582 INFO  [Configuration] Reading mappings from resource: gov/nih/nci/cacoresdk/domain/other/datatype/StDataType.hbm.xml
OUT> 14:50:18,587 INFO  [HbmBinder] Mapping class: gov.nih.nci.cacoresdk.domain.other.datatype.StDataType -> ST_DATATYPE
OUT> 14:50:18,587 INFO  [Configuration] Reading mappings from resource: gov/nih/nci/cacoresdk/domain/other/datatype/DsetIiDataType.hbm.xml
OUT> 14:50:18,594 INFO  [HbmBinder] Mapping class: gov.nih.nci.cacoresdk.domain.other.datatype.DsetIiDataType -> DSET_II
OUT> 14:50:18,595 INFO  [HbmBinder] Mapping collection: gov.nih.nci.cacoresdk.domain.other.datatype.DsetIiDataType.value1.item -> DSET_II_VALUE1
OUT> 14:50:18,595 INFO  [HbmBinder] Mapping collection: gov.nih.nci.cacoresdk.domain.other.datatype.DsetIiDataType.value2.item -> DSET_II_VALUE2
OUT> 14:50:18,595 INFO  [HbmBinder] Mapping collection: gov.nih.nci.cacoresdk.domain.other.datatype.DsetIiDataType.value3.item -> DSET_II_VALUE3
OUT> 14:50:18,595 INFO  [HbmBinder] Mapping collection: gov.nih.nci.cacoresdk.domain.other.datatype.DsetIiDataType.value4.item -> DSET_II_VALUE4
OUT> 14:50:18,595 INFO  [HbmBinder] Mapping collection: gov.nih.nci.cacoresdk.domain.other.datatype.DsetIiDataType.value6.item -> DSET_II_II_VALUE6
OUT> 14:50:18,595 INFO  [HbmBinder] Mapping class: _xxEntityxx_gov_nih_nci_cacoresdk_domain_other_datatype_DsetIiDataType_value5 -> DSET_II_VALUE5
OUT> 14:50:18,595 INFO  [HbmBinder] Mapping class: _xxEntityxx_gov_nih_nci_cacoresdk_domain_other_datatype_DsetIiDataType_value6 -> DSET_II_VALUE6
OUT> 14:50:18,595 INFO  [Configuration] Reading mappings from resource: gov/nih/nci/cacoresdk/domain/other/datatype/EdTextDataType.hbm.xml
OUT> 14:50:18,600 INFO  [HbmBinder] Mapping class: gov.nih.nci.cacoresdk.domain.other.datatype.EdTextDataType -> ED_TEXT_DATATYPE
OUT> 14:50:18,601 INFO  [Configuration] Reading mappings from resource: gov/nih/nci/cacoresdk/domain/other/datatype/CdDataType.hbm.xml
OUT> 14:50:18,609 INFO  [HbmBinder] Mapping class: gov.nih.nci.cacoresdk.domain.other.datatype.CdDataType -> CD_DATATYPE
OUT> 14:50:18,610 INFO  [HbmBinder] Mapping class join: gov.nih.nci.cacoresdk.domain.other.datatype.CdDataType -> CD_DATATYPE_VALUE6
OUT> 14:50:18,610 INFO  [HbmBinder] Mapping class join: gov.nih.nci.cacoresdk.domain.other.datatype.CdDataType -> CD_CD_DATATYPE_VALUE8
OUT> 14:50:18,610 INFO  [HbmBinder] Mapping class: _xxEntityxx_gov_nih_nci_cacoresdk_domain_other_datatype_CdDataType_value7 -> CD_DATATYPE_VALUE7
OUT> 14:50:18,611 INFO  [HbmBinder] Mapping class: _xxEntityxx_gov_nih_nci_cacoresdk_domain_other_datatype_CdDataType_value8 -> CD_DATATYPE_VALUE8
OUT> 14:50:18,611 INFO  [Configuration] Reading mappings from resource: gov/nih/nci/cacoresdk/domain/other/datatype/TelUrlDataType.hbm.xml
OUT> 14:50:18,616 INFO  [HbmBinder] Mapping class: gov.nih.nci.cacoresdk.domain.other.datatype.TelUrlDataType -> TEL_URL_DATATYPE
OUT> 14:50:18,616 INFO  [Configuration] Reading mappings from resource: gov/nih/nci/cacoresdk/domain/other/datatype/TelDataType.hbm.xml
OUT> 14:50:18,621 INFO  [HbmBinder] Mapping class: gov.nih.nci.cacoresdk.domain.other.datatype.TelDataType -> TEL_DATATYPE
OUT> 14:50:18,621 INFO  [Configuration] Reading mappings from resource: gov/nih/nci/cacoresdk/domain/other/datatype/BlDataType.hbm.xml
OUT> 14:50:18,626 INFO  [HbmBinder] Mapping class: gov.nih.nci.cacoresdk.domain.other.datatype.BlDataType -> BL_DATATYPE
OUT> 14:50:18,627 INFO  [Configuration] Reading mappings from resource: gov/nih/nci/cacoresdk/domain/other/differentpackage/Dessert.hbm.xml
OUT> 14:50:18,635 INFO  [HbmBinder] Mapping class: gov.nih.nci.cacoresdk.domain.other.differentpackage.Dessert -> DESSERT
OUT> 14:50:18,635 INFO  [HbmBinder] Mapping collection: gov.nih.nci.cacoresdk.domain.other.differentpackage.Dessert.utensilCollection -> DESSERT_UTENSIL
OUT> 14:50:18,635 INFO  [HbmBinder] Mapping subclass: gov.nih.nci.cacoresdk.domain.other.differentpackage.associations.Pie -> DESSERT
OUT> 14:50:18,635 INFO  [HbmBinder] Mapping subclass: gov.nih.nci.cacoresdk.domain.other.differentpackage.associations.IceCream -> DESSERT
OUT> 14:50:18,635 INFO  [Configuration] Reading mappings from resource: gov/nih/nci/cacoresdk/domain/other/differentpackage/associations/Utensil.hbm.xml
OUT> 14:50:18,641 INFO  [HbmBinder] Mapping class: gov.nih.nci.cacoresdk.domain.other.differentpackage.associations.Utensil -> UTENSIL
OUT> 14:50:18,641 INFO  [HbmBinder] Mapping collection: gov.nih.nci.cacoresdk.domain.other.differentpackage.associations.Utensil.dessertCollection -> DESSERT_UTENSIL
OUT> 14:50:18,641 INFO  [Configuration] Reading mappings from resource: gov/nih/nci/cacoresdk/domain/other/levelassociation/Card.hbm.xml
OUT> 14:50:18,645 INFO  [HbmBinder] Mapping class: gov.nih.nci.cacoresdk.domain.other.levelassociation.Card -> CARD
OUT> 14:50:18,646 INFO  [Configuration] Reading mappings from resource: gov/nih/nci/cacoresdk/domain/other/levelassociation/Deck.hbm.xml
OUT> 14:50:18,650 INFO  [HbmBinder] Mapping class: gov.nih.nci.cacoresdk.domain.other.levelassociation.Deck -> DECK
OUT> 14:50:18,651 INFO  [Configuration] Reading mappings from resource: gov/nih/nci/cacoresdk/domain/other/levelassociation/Hand.hbm.xml
OUT> 14:50:18,655 INFO  [HbmBinder] Mapping class: gov.nih.nci.cacoresdk.domain.other.levelassociation.Hand -> HAND
OUT> 14:50:18,655 INFO  [HbmBinder] Mapping collection: gov.nih.nci.cacoresdk.domain.other.levelassociation.Hand.cardCollection -> HAND_CARD
OUT> 14:50:18,655 INFO  [Configuration] Reading mappings from resource: gov/nih/nci/cacoresdk/domain/other/levelassociation/Suit.hbm.xml
OUT> 14:50:18,660 INFO  [HbmBinder] Mapping class: gov.nih.nci.cacoresdk.domain.other.levelassociation.Suit -> SUIT
OUT> 14:50:18,660 INFO  [Configuration] Reading mappings from resource: gov/nih/nci/cacoresdk/domain/other/primarykey/StringKey.hbm.xml
OUT> 14:50:18,665 INFO  [HbmBinder] Mapping class: gov.nih.nci.cacoresdk.domain.other.primarykey.StringKey -> STRING_KEY
OUT> 14:50:18,665 INFO  [Configuration] Reading mappings from resource: gov/nih/nci/cacoresdk/domain/other/primarykey/IntegerKey.hbm.xml
OUT> 14:50:18,669 INFO  [HbmBinder] Mapping class: gov.nih.nci.cacoresdk.domain.other.primarykey.IntegerKey -> INTEGER_KEY
OUT> 14:50:18,670 INFO  [Configuration] Reading mappings from resource: gov/nih/nci/cacoresdk/domain/other/primarykey/LongPrimitiveKey.hbm.xml
OUT> 14:50:18,674 INFO  [HbmBinder] Mapping class: gov.nih.nci.cacoresdk.domain.other.primarykey.LongPrimitiveKey -> LONG_PRIMITIVE_KEY
OUT> 14:50:18,674 INFO  [Configuration] Reading mappings from resource: gov/nih/nci/cacoresdk/domain/other/primarykey/StringPrimitiveKey.hbm.xml
OUT> 14:50:18,678 INFO  [HbmBinder] Mapping class: gov.nih.nci.cacoresdk.domain.other.primarykey.StringPrimitiveKey -> STRING_PRIMITIVE_KEY
OUT> 14:50:18,678 INFO  [Configuration] Reading mappings from resource: gov/nih/nci/cacoresdk/domain/other/primarykey/FloatPrimitiveKey.hbm.xml
OUT> 14:50:18,683 INFO  [HbmBinder] Mapping class: gov.nih.nci.cacoresdk.domain.other.primarykey.FloatPrimitiveKey -> FLOAT_PRIMITIVE_KEY
OUT> 14:50:18,683 INFO  [Configuration] Reading mappings from resource: gov/nih/nci/cacoresdk/domain/other/primarykey/CharacterKey.hbm.xml
OUT> 14:50:18,687 INFO  [HbmBinder] Mapping class: gov.nih.nci.cacoresdk.domain.other.primarykey.CharacterKey -> CHARACTER_KEY
OUT> 14:50:18,687 INFO  [Configuration] Reading mappings from resource: gov/nih/nci/cacoresdk/domain/other/primarykey/FloatKey.hbm.xml
OUT> 14:50:18,692 INFO  [HbmBinder] Mapping class: gov.nih.nci.cacoresdk.domain.other.primarykey.FloatKey -> FLOAT_KEY
OUT> 14:50:18,692 INFO  [Configuration] Reading mappings from resource: gov/nih/nci/cacoresdk/domain/other/primarykey/LongKey.hbm.xml
OUT> 14:50:18,696 INFO  [HbmBinder] Mapping class: gov.nih.nci.cacoresdk.domain.other.primarykey.LongKey -> LONG_KEY
OUT> 14:50:18,696 INFO  [Configuration] Reading mappings from resource: gov/nih/nci/cacoresdk/domain/other/primarykey/CharacterPrimitiveKey.hbm.xml
OUT> 14:50:18,706 INFO  [HbmBinder] Mapping class: gov.nih.nci.cacoresdk.domain.other.primarykey.CharacterPrimitiveKey -> CHARACTER_PRIMITIVE_KEY
OUT> 14:50:18,706 INFO  [Configuration] Reading mappings from resource: gov/nih/nci/cacoresdk/domain/other/primarykey/NoIdKey.hbm.xml
OUT> 14:50:18,711 INFO  [HbmBinder] Mapping class: gov.nih.nci.cacoresdk.domain.other.primarykey.NoIdKey -> NO_ID_KEY
OUT> 14:50:18,711 INFO  [Configuration] Reading mappings from resource: gov/nih/nci/cacoresdk/domain/other/primarykey/DoubleKey.hbm.xml
OUT> 14:50:18,716 INFO  [HbmBinder] Mapping class: gov.nih.nci.cacoresdk.domain.other.primarykey.DoubleKey -> DOUBLE_KEY
OUT> 14:50:18,716 INFO  [Configuration] Reading mappings from resource: gov/nih/nci/cacoresdk/domain/other/primarykey/IntegerPrimitiveKey.hbm.xml
OUT> 14:50:18,721 INFO  [HbmBinder] Mapping class: gov.nih.nci.cacoresdk.domain.other.primarykey.IntegerPrimitiveKey -> INTEGER_PRIMITIVE_KEY
OUT> 14:50:18,721 INFO  [Configuration] Reading mappings from resource: gov/nih/nci/cacoresdk/domain/other/primarykey/DoublePrimitiveKey.hbm.xml
OUT> 14:50:18,725 INFO  [HbmBinder] Mapping class: gov.nih.nci.cacoresdk.domain.other.primarykey.DoublePrimitiveKey -> DOUBLE_PRIMITIVE_KEY
OUT> 14:50:18,726 INFO  [Configuration] Reading mappings from resource: gov/nih/nci/cacoresdk/domain/other/validationtype/AllValidationType.hbm.xml
OUT> 14:50:18,730 INFO  [HbmBinder] Mapping class: gov.nih.nci.cacoresdk.domain.other.validationtype.AllValidationType -> ALL_VALIDATION_TYPE
OUT> 14:50:18,731 INFO  [Configuration] Reading mappings from resource: gov/nih/nci/cacoresdk/domain/inheritance/implicit/SaltwaterFishTank.hbm.xml
OUT> 14:50:18,735 INFO  [HbmBinder] Mapping class: gov.nih.nci.cacoresdk.domain.inheritance.implicit.SaltwaterFishTank -> SALTWATER_FISH_TANK
OUT> 14:50:18,736 INFO  [HbmBinder] Mapping collection: gov.nih.nci.cacoresdk.domain.inheritance.implicit.SaltwaterFishTank.substrateCollection -> SALTWATER_FISH_TANK_SUBSTRATE
OUT> 14:50:18,736 INFO  [Configuration] Reading mappings from resource: gov/nih/nci/cacoresdk/domain/inheritance/implicit/FreshwaterFishTank.hbm.xml
OUT> 14:50:18,740 INFO  [HbmBinder] Mapping class: gov.nih.nci.cacoresdk.domain.inheritance.implicit.FreshwaterFishTank -> FRESHWATER_FISH_TANK
OUT> 14:50:18,740 INFO  [Configuration] Configured SessionFactory: null
OUT> 14:50:18,741 INFO  [HbmBinder] Mapping collection: gov.nih.nci.cacoresdk.domain.inheritance.abstrakt.Teacher.pupilCollection -> PUPIL
OUT> 14:50:18,741 INFO  [HbmBinder] Mapping collection: gov.nih.nci.cacoresdk.domain.inheritance.parentwithassociation.Professor.assistantCollection -> ASSISTANT
OUT> 14:50:18,741 INFO  [HbmBinder] Mapping collection: gov.nih.nci.cacoresdk.domain.inheritance.parentwithassociation.sametable.Wheel.luggage -> LUGGAGE
OUT> 14:50:18,742 INFO  [HbmBinder] Mapping collection: gov.nih.nci.cacoresdk.domain.onetomany.bidirectional.Computer.hardDriveCollection -> HARD_DRIVE
OUT> 14:50:18,742 INFO  [HbmBinder] Mapping collection: gov.nih.nci.cacoresdk.domain.onetomany.selfassociation.Element.childCollection -> ELEMENT
OUT> 14:50:18,742 INFO  [HbmBinder] Mapping collection: gov.nih.nci.cacoresdk.domain.onetomany.unidirectional.KeyChain.keyCollection -> LATCH_KEY
OUT> 14:50:18,743 INFO  [HbmBinder] Mapping collection: gov.nih.nci.cacoresdk.domain.other.datatype.DsetCdDataType.value6.item -> DSET_CD_VALUE6
OUT> 14:50:18,744 INFO  [HbmBinder] Mapping collection: gov.nih.nci.cacoresdk.domain.other.datatype.DsetTelDataType.value2.item -> DSET_TEL_VALUE2
OUT> 14:50:18,746 INFO  [HbmBinder] Mapping collection: gov.nih.nci.cacoresdk.domain.other.datatype.DsetAdDataType.value7.item -> DSET_AD_VALUE7
OUT> 14:50:18,747 INFO  [HbmBinder] Mapping collection: gov.nih.nci.cacoresdk.domain.other.datatype.DsetIiDataType.value5.item -> DSET_II_VALUE5
OUT> 14:50:18,748 INFO  [HbmBinder] Mapping collection: gov.nih.nci.cacoresdk.domain.other.levelassociation.Deck.suitCollection -> SUIT
OUT> 14:50:18,748 INFO  [HbmBinder] Mapping collection: gov.nih.nci.cacoresdk.domain.other.levelassociation.Suit.cardCollection -> CARD
OUT> 14:50:18,866 INFO  [ConnectionProviderFactory] Initializing connection provider: org.hibernate.connection.C3P0ConnectionProvider
OUT> 14:50:18,867 INFO  [C3P0ConnectionProvider] C3P0 using driver: com.mysql.jdbc.Driver at URL: jdbc:mysql://localhost:3306/sdk44_with_iso
OUT> 14:50:18,867 INFO  [C3P0ConnectionProvider] Connection properties: {user=root, password=****}
OUT> 14:50:18,867 INFO  [C3P0ConnectionProvider] autocommit mode: false
OUT> 14:50:18,907 INFO  [C3P0Registry] Initializing c3p0-0.9.0 [built 11-July-2005 00:43:29 -0400; debug? true; trace: 10]
OUT> 14:50:18,907 INFO  [C3P0Registry] Initializing c3p0-0.9.0 [built 11-July-2005 00:43:29 -0400; debug? true; trace: 10]
OUT> 14:50:19,038 INFO  [PoolBackedDataSource] Initializing c3p0 pool... com.mchange.v2.c3p0.PoolBackedDataSource@6d5bd16 [ connectionPoolDataSource -> com.mchange.v2.c3p0.WrapperConnectionPoolDataSource@3e6e9145 [ acquireIncrement -> 2, acquireRetryAttempts -> 30, acquireRetryDelay -> 1000, autoCommitOnClose -> false, automaticTestTable -> null, breakAfterAcquireFailure -> false, checkoutTimeout -> 0, connectionTesterClassName -> com.mchange.v2.c3p0.impl.DefaultConnectionTester, factoryClassLocation -> null, forceIgnoreUnresolvedTransactions -> false, identityToken -> 3e6e9145, idleConnectionTestPeriod -> 3000, initialPoolSize -> 2, maxIdleTime -> 5000, maxPoolSize -> 10, maxStatements -> 100, maxStatementsPerConnection -> 0, minPoolSize -> 2, nestedDataSource -> com.mchange.v2.c3p0.DriverManagerDataSource@6083dc9b [ description -> null, driverClass -> null, factoryClassLocation -> null, identityToken -> 6083dc9b, jdbcUrl -> jdbc:mysql://localhost:3306/sdk44_with_iso, properties -> {user=******, password=******} ], preferredTestQuery -> null, propertyCycle -> 300, testConnectionOnCheckin -> false, testConnectionOnCheckout -> false, usesTraditionalReflectiveProxies -> false ], factoryClassLocation -> null, identityToken -> 6d5bd16, numHelperThreads -> 3 ]
OUT> 14:50:19,038 INFO  [PoolBackedDataSource] Initializing c3p0 pool... com.mchange.v2.c3p0.PoolBackedDataSource@6d5bd16 [ connectionPoolDataSource -> com.mchange.v2.c3p0.WrapperConnectionPoolDataSource@3e6e9145 [ acquireIncrement -> 2, acquireRetryAttempts -> 30, acquireRetryDelay -> 1000, autoCommitOnClose -> false, automaticTestTable -> null, breakAfterAcquireFailure -> false, checkoutTimeout -> 0, connectionTesterClassName -> com.mchange.v2.c3p0.impl.DefaultConnectionTester, factoryClassLocation -> null, forceIgnoreUnresolvedTransactions -> false, identityToken -> 3e6e9145, idleConnectionTestPeriod -> 3000, initialPoolSize -> 2, maxIdleTime -> 5000, maxPoolSize -> 10, maxStatements -> 100, maxStatementsPerConnection -> 0, minPoolSize -> 2, nestedDataSource -> com.mchange.v2.c3p0.DriverManagerDataSource@6083dc9b [ description -> null, driverClass -> null, factoryClassLocation -> null, identityToken -> 6083dc9b, jdbcUrl -> jdbc:mysql://localhost:3306/sdk44_with_iso, properties -> {user=******, password=******} ], preferredTestQuery -> null, propertyCycle -> 300, testConnectionOnCheckin -> false, testConnectionOnCheckout -> false, usesTraditionalReflectiveProxies -> false ], factoryClassLocation -> null, identityToken -> 6d5bd16, numHelperThreads -> 3 ]
OUT> 14:50:19,189 INFO  [SettingsFactory] RDBMS: MySQL, version: 5.1.44
OUT> 14:50:19,189 INFO  [SettingsFactory] JDBC driver: MySQL-AB JDBC Driver, version: mysql-connector-java-5.0.8 ( Revision: ${svn.Revision} )
OUT> 14:50:19,204 INFO  [Dialect] Using dialect: org.hibernate.dialect.MySQLDialect
OUT> 14:50:19,207 INFO  [TransactionFactoryFactory] Transaction strategy: org.springframework.orm.hibernate3.SpringTransactionFactory
OUT> 14:50:19,207 INFO  [TransactionManagerLookupFactory] No TransactionManagerLookup configured (in JTA environment, use of read-write or transactional second-level cache is not recommended)
OUT> 14:50:19,207 INFO  [SettingsFactory] Automatic flush during beforeCompletion(): disabled
OUT> 14:50:19,207 INFO  [SettingsFactory] Automatic session close at end of transaction: disabled
OUT> 14:50:19,208 INFO  [SettingsFactory] JDBC batch size: 15
OUT> 14:50:19,208 INFO  [SettingsFactory] JDBC batch updates for versioned data: enabled
OUT> 14:50:19,208 INFO  [SettingsFactory] Scrollable result sets: enabled
OUT> 14:50:19,208 INFO  [SettingsFactory] JDBC3 getGeneratedKeys(): enabled
OUT> 14:50:19,208 INFO  [SettingsFactory] Connection release mode: auto
OUT> 14:50:19,209 INFO  [SettingsFactory] Maximum outer join fetch depth: 1
OUT> 14:50:19,209 INFO  [SettingsFactory] Default batch fetch size: 1
OUT> 14:50:19,209 INFO  [SettingsFactory] Generate SQL with comments: disabled
OUT> 14:50:19,209 INFO  [SettingsFactory] Order SQL updates by primary key: disabled
OUT> 14:50:19,209 INFO  [SettingsFactory] Query translator: org.hibernate.hql.ast.ASTQueryTranslatorFactory
OUT> 14:50:19,211 INFO  [ASTQueryTranslatorFactory] Using ASTQueryTranslatorFactory
OUT> 14:50:19,211 INFO  [SettingsFactory] Query language substitutions: {}
OUT> 14:50:19,211 INFO  [SettingsFactory] JPA-QL strict compliance: disabled
OUT> 14:50:19,211 INFO  [SettingsFactory] Second-level cache: enabled
OUT> 14:50:19,211 INFO  [SettingsFactory] Query cache: disabled
OUT> 14:50:19,211 INFO  [SettingsFactory] Cache provider: org.hibernate.cache.EhCacheProvider
OUT> 14:50:19,213 INFO  [SettingsFactory] Optimize cache for minimal puts: disabled
OUT> 14:50:19,213 INFO  [SettingsFactory] Structured second-level cache entries: disabled
OUT> 14:50:19,217 INFO  [SettingsFactory] Statistics: disabled
OUT> 14:50:19,217 INFO  [SettingsFactory] Deleted entity synthetic identifier rollback: disabled
OUT> 14:50:19,217 INFO  [SettingsFactory] Default entity-mode: pojo
OUT> 14:50:19,235 INFO  [SessionFactoryImpl] building session factory
OUT> 14:50:20,022 WARN  [EhCacheProvider] Could not find configuration [gov.nih.nci.cacoresdk.domain.other.datatype.AllDataType.stringCollection]; using defaults.
OUT> 14:50:20,125 INFO  [SessionFactoryObjectFactory] Not binding factory to JNDI, no JNDI name configured
OUT> 14:50:20,706 INFO  [Configuration] configuring from resource: /hibernate.cfg.xml
OUT> 14:50:20,707 INFO  [Configuration] Configuration resource: /hibernate.cfg.xml
OUT> 14:50:20,709 INFO  [Configuration] Reading mappings from resource: gov/nih/nci/cacoresdk/domain/inheritance/abstrakt/Pupil.hbm.xml
OUT> 14:50:20,712 INFO  [HbmBinder] Mapping class: gov.nih.nci.cacoresdk.domain.inheritance.abstrakt.Pupil -> PUPIL
OUT> 14:50:20,712 INFO  [Configuration] Reading mappings from resource: gov/nih/nci/cacoresdk/domain/inheritance/abstrakt/Teacher.hbm.xml
OUT> 14:50:20,715 INFO  [HbmBinder] Mapping class: gov.nih.nci.cacoresdk.domain.inheritance.abstrakt.Teacher -> TEACHER
OUT> 14:50:20,715 INFO  [HbmBinder] Mapping joined-subclass: gov.nih.nci.cacoresdk.domain.inheritance.abstrakt.PrivateTeacher -> PRIVATE_TEACHER
OUT> 14:50:20,715 INFO  [Configuration] Reading mappings from resource: gov/nih/nci/cacoresdk/domain/inheritance/childwithassociation/Payment.hbm.xml
OUT> 14:50:20,719 INFO  [HbmBinder] Mapping class: gov.nih.nci.cacoresdk.domain.inheritance.childwithassociation.Payment -> PAYMENT
OUT> 14:50:20,720 INFO  [HbmBinder] Mapping joined-subclass: gov.nih.nci.cacoresdk.domain.inheritance.childwithassociation.Credit -> CREDIT
OUT> 14:50:20,720 INFO  [HbmBinder] Mapping joined-subclass: gov.nih.nci.cacoresdk.domain.inheritance.childwithassociation.Cash -> CASH
OUT> 14:50:20,720 INFO  [Configuration] Reading mappings from resource: gov/nih/nci/cacoresdk/domain/inheritance/childwithassociation/Bank.hbm.xml
OUT> 14:50:20,723 INFO  [HbmBinder] Mapping class: gov.nih.nci.cacoresdk.domain.inheritance.childwithassociation.Bank -> BANK
OUT> 14:50:20,723 INFO  [Configuration] Reading mappings from resource: gov/nih/nci/cacoresdk/domain/inheritance/childwithassociation/sametable/Shoes.hbm.xml
OUT> 14:50:20,726 INFO  [HbmBinder] Mapping class: gov.nih.nci.cacoresdk.domain.inheritance.childwithassociation.sametable.Shoes -> SHOES
OUT> 14:50:20,727 INFO  [HbmBinder] Mapping subclass: gov.nih.nci.cacoresdk.domain.inheritance.childwithassociation.sametable.SportsShoes -> SHOES
OUT> 14:50:20,727 INFO  [HbmBinder] Mapping subclass: gov.nih.nci.cacoresdk.domain.inheritance.childwithassociation.sametable.DesignerShoes -> SHOES
OUT> 14:50:20,727 INFO  [Configuration] Reading mappings from resource: gov/nih/nci/cacoresdk/domain/inheritance/childwithassociation/sametable/Designer.hbm.xml
OUT> 14:50:20,730 INFO  [HbmBinder] Mapping class: gov.nih.nci.cacoresdk.domain.inheritance.childwithassociation.sametable.Designer -> DESIGNER
OUT> 14:50:20,730 INFO  [Configuration] Reading mappings from resource: gov/nih/nci/cacoresdk/domain/inheritance/implicit/Substrate.hbm.xml
OUT> 14:50:20,733 INFO  [HbmBinder] Mapping class: gov.nih.nci.cacoresdk.domain.inheritance.implicit.Substrate -> SUBSTRATE
OUT> 14:50:20,733 INFO  [Configuration] Reading mappings from resource: gov/nih/nci/cacoresdk/domain/inheritance/implicit/TankAccessory.hbm.xml
OUT> 14:50:20,736 INFO  [HbmBinder] Mapping class: gov.nih.nci.cacoresdk.domain.inheritance.implicit.TankAccessory -> TANK_ACCESSORY
OUT> 14:50:20,737 INFO  [HbmBinder] Mapping collection: gov.nih.nci.cacoresdk.domain.inheritance.implicit.TankAccessory.tankCollection -> TANK_TANK_ACCESSORY
OUT> 14:50:20,737 INFO  [Configuration] Reading mappings from resource: gov/nih/nci/cacoresdk/domain/inheritance/implicit/Fish.hbm.xml
OUT> 14:50:20,740 INFO  [HbmBinder] Mapping class: gov.nih.nci.cacoresdk.domain.inheritance.implicit.Fish -> FISH
OUT> 14:50:20,741 INFO  [HbmBinder] Mapping subclass: gov.nih.nci.cacoresdk.domain.inheritance.implicit.DiscusFish -> FISH
OUT> 14:50:20,741 INFO  [HbmBinder] Mapping subclass: gov.nih.nci.cacoresdk.domain.inheritance.implicit.AngelFish -> FISH
OUT> 14:50:20,741 INFO  [Configuration] Reading mappings from resource: gov/nih/nci/cacoresdk/domain/inheritance/multiplechild/Student.hbm.xml
OUT> 14:50:20,744 INFO  [HbmBinder] Mapping class: gov.nih.nci.cacoresdk.domain.inheritance.multiplechild.Student -> STUDENT
OUT> 14:50:20,745 INFO  [HbmBinder] Mapping joined-subclass: gov.nih.nci.cacoresdk.domain.inheritance.multiplechild.UndergraduateStudent -> UNDERGRADUATE_STUDENT
OUT> 14:50:20,745 INFO  [HbmBinder] Mapping joined-subclass: gov.nih.nci.cacoresdk.domain.inheritance.multiplechild.GraduateStudent -> GRADUATE_STUDENT
OUT> 14:50:20,745 INFO  [Configuration] Reading mappings from resource: gov/nih/nci/cacoresdk/domain/inheritance/multiplechild/sametable/Organization.hbm.xml
OUT> 14:50:20,748 INFO  [HbmBinder] Mapping class: gov.nih.nci.cacoresdk.domain.inheritance.multiplechild.sametable.Organization -> ORGANIZATION
OUT> 14:50:20,749 INFO  [HbmBinder] Mapping subclass: gov.nih.nci.cacoresdk.domain.inheritance.multiplechild.sametable.PvtOrganization -> ORGANIZATION
OUT> 14:50:20,749 INFO  [HbmBinder] Mapping subclass: gov.nih.nci.cacoresdk.domain.inheritance.multiplechild.sametable.GovtOrganization -> ORGANIZATION
OUT> 14:50:20,749 INFO  [Configuration] Reading mappings from resource: gov/nih/nci/cacoresdk/domain/inheritance/onechild/Mammal.hbm.xml
OUT> 14:50:20,752 INFO  [HbmBinder] Mapping class: gov.nih.nci.cacoresdk.domain.inheritance.onechild.Mammal -> MAMMAL
OUT> 14:50:20,752 INFO  [HbmBinder] Mapping joined-subclass: gov.nih.nci.cacoresdk.domain.inheritance.onechild.Human -> HUMAN
OUT> 14:50:20,753 INFO  [Configuration] Reading mappings from resource: gov/nih/nci/cacoresdk/domain/inheritance/onechild/sametable/Currency.hbm.xml
OUT> 14:50:20,756 INFO  [HbmBinder] Mapping class: gov.nih.nci.cacoresdk.domain.inheritance.onechild.sametable.Currency -> CURRENCY
OUT> 14:50:20,756 INFO  [HbmBinder] Mapping subclass: gov.nih.nci.cacoresdk.domain.inheritance.onechild.sametable.Note -> CURRENCY
OUT> 14:50:20,756 INFO  [Configuration] Reading mappings from resource: gov/nih/nci/cacoresdk/domain/inheritance/parentwithassociation/Professor.hbm.xml
OUT> 14:50:20,761 INFO  [HbmBinder] Mapping class: gov.nih.nci.cacoresdk.domain.inheritance.parentwithassociation.Professor -> PROFESSOR
OUT> 14:50:20,761 INFO  [HbmBinder] Mapping joined-subclass: gov.nih.nci.cacoresdk.domain.inheritance.parentwithassociation.TenuredProfessor -> TENURED_PROFESSOR
OUT> 14:50:20,762 INFO  [HbmBinder] Mapping joined-subclass: gov.nih.nci.cacoresdk.domain.inheritance.parentwithassociation.AssistantProfessor -> ASSISTANT_PROFESSOR
OUT> 14:50:20,762 INFO  [HbmBinder] Mapping joined-subclass: gov.nih.nci.cacoresdk.domain.inheritance.parentwithassociation.AssociateProfessor -> ASSOCIATE_PROFESSOR
OUT> 14:50:20,762 INFO  [Configuration] Reading mappings from resource: gov/nih/nci/cacoresdk/domain/inheritance/parentwithassociation/Assistant.hbm.xml
OUT> 14:50:20,765 INFO  [HbmBinder] Mapping class: gov.nih.nci.cacoresdk.domain.inheritance.parentwithassociation.Assistant -> ASSISTANT
OUT> 14:50:20,765 INFO  [Configuration] Reading mappings from resource: gov/nih/nci/cacoresdk/domain/inheritance/parentwithassociation/sametable/Luggage.hbm.xml
OUT> 14:50:20,769 INFO  [HbmBinder] Mapping class: gov.nih.nci.cacoresdk.domain.inheritance.parentwithassociation.sametable.Luggage -> LUGGAGE
OUT> 14:50:20,769 INFO  [HbmBinder] Mapping subclass: gov.nih.nci.cacoresdk.domain.inheritance.parentwithassociation.sametable.HardTop -> LUGGAGE
OUT> 14:50:20,769 INFO  [HbmBinder] Mapping subclass: gov.nih.nci.cacoresdk.domain.inheritance.parentwithassociation.sametable.HardTopType -> LUGGAGE
OUT> 14:50:20,770 INFO  [HbmBinder] Mapping subclass: gov.nih.nci.cacoresdk.domain.inheritance.parentwithassociation.sametable.SoftTop -> LUGGAGE
OUT> 14:50:20,770 INFO  [Configuration] Reading mappings from resource: gov/nih/nci/cacoresdk/domain/inheritance/parentwithassociation/sametable/Wheel.hbm.xml
OUT> 14:50:20,773 INFO  [HbmBinder] Mapping class: gov.nih.nci.cacoresdk.domain.inheritance.parentwithassociation.sametable.Wheel -> WHEEL
OUT> 14:50:20,773 INFO  [Configuration] Reading mappings from resource: gov/nih/nci/cacoresdk/domain/inheritance/twolevelinheritance/Display.hbm.xml
OUT> 14:50:20,777 INFO  [HbmBinder] Mapping class: gov.nih.nci.cacoresdk.domain.inheritance.twolevelinheritance.Display -> DISPLAY
OUT> 14:50:20,777 INFO  [HbmBinder] Mapping joined-subclass: gov.nih.nci.cacoresdk.domain.inheritance.twolevelinheritance.Monitor -> MONITOR
OUT> 14:50:20,778 INFO  [HbmBinder] Mapping joined-subclass: gov.nih.nci.cacoresdk.domain.inheritance.twolevelinheritance.CRTMonitor -> CRT_MONITOR
OUT> 14:50:20,778 INFO  [HbmBinder] Mapping joined-subclass: gov.nih.nci.cacoresdk.domain.inheritance.twolevelinheritance.LCDMonitor -> LCD_MONITOR
OUT> 14:50:20,778 INFO  [Configuration] Reading mappings from resource: gov/nih/nci/cacoresdk/domain/inheritance/twolevelinheritance/sametable/Goverment.hbm.xml
OUT> 14:50:20,782 INFO  [HbmBinder] Mapping class: gov.nih.nci.cacoresdk.domain.inheritance.twolevelinheritance.sametable.Goverment -> GOVERMENT
OUT> 14:50:20,782 INFO  [HbmBinder] Mapping subclass: gov.nih.nci.cacoresdk.domain.inheritance.twolevelinheritance.sametable.DemocraticGovt -> GOVERMENT
OUT> 14:50:20,782 INFO  [HbmBinder] Mapping subclass: gov.nih.nci.cacoresdk.domain.inheritance.twolevelinheritance.sametable.ParliamantaryGovt -> GOVERMENT
OUT> 14:50:20,782 INFO  [HbmBinder] Mapping subclass: gov.nih.nci.cacoresdk.domain.inheritance.twolevelinheritance.sametable.PresidentialGovt -> GOVERMENT
OUT> 14:50:20,782 INFO  [HbmBinder] Mapping subclass: gov.nih.nci.cacoresdk.domain.inheritance.twolevelinheritance.sametable.CommunistGovt -> GOVERMENT
OUT> 14:50:20,782 INFO  [Configuration] Reading mappings from resource: gov/nih/nci/cacoresdk/domain/inheritance/twolevelinheritance/sametablerootlevel/Calculator.hbm.xml
OUT> 14:50:20,786 INFO  [HbmBinder] Mapping class: gov.nih.nci.cacoresdk.domain.inheritance.twolevelinheritance.sametablerootlevel.Calculator -> CALCULATOR
OUT> 14:50:20,786 INFO  [HbmBinder] Mapping subclass: gov.nih.nci.cacoresdk.domain.inheritance.twolevelinheritance.sametablerootlevel.ScientificCalculator -> CALCULATOR
OUT> 14:50:20,786 INFO  [HbmBinder] Mapping subclass: gov.nih.nci.cacoresdk.domain.inheritance.twolevelinheritance.sametablerootlevel.GraphicCalculator -> CALCULATOR
OUT> 14:50:20,786 INFO  [HbmBinder] Mapping class join: gov.nih.nci.cacoresdk.domain.inheritance.twolevelinheritance.sametablerootlevel.GraphicCalculator -> GRAPHIC_CALCULATOR
OUT> 14:50:20,786 INFO  [HbmBinder] Mapping subclass: gov.nih.nci.cacoresdk.domain.inheritance.twolevelinheritance.sametablerootlevel.FinancialCalculator -> CALCULATOR
OUT> 14:50:20,786 INFO  [Configuration] Reading mappings from resource: gov/nih/nci/cacoresdk/domain/interfaze/Dog.hbm.xml
OUT> 14:50:20,789 INFO  [HbmBinder] Mapping class: gov.nih.nci.cacoresdk.domain.interfaze.Dog -> DOG
OUT> 14:50:20,790 INFO  [Configuration] Reading mappings from resource: gov/nih/nci/cacoresdk/domain/manytomany/bidirectional/Project.hbm.xml
OUT> 14:50:20,793 INFO  [HbmBinder] Mapping class: gov.nih.nci.cacoresdk.domain.manytomany.bidirectional.Project -> PROJECT
OUT> 14:50:20,793 INFO  [HbmBinder] Mapping collection: gov.nih.nci.cacoresdk.domain.manytomany.bidirectional.Project.employeeCollection -> EMPLOYEE_PROJECT
OUT> 14:50:20,793 INFO  [Configuration] Reading mappings from resource: gov/nih/nci/cacoresdk/domain/manytomany/bidirectional/Employee.hbm.xml
OUT> 14:50:20,796 INFO  [HbmBinder] Mapping class: gov.nih.nci.cacoresdk.domain.manytomany.bidirectional.Employee -> EMPLOYEE
OUT> 14:50:20,797 INFO  [HbmBinder] Mapping collection: gov.nih.nci.cacoresdk.domain.manytomany.bidirectional.Employee.projectCollection -> EMPLOYEE_PROJECT
OUT> 14:50:20,797 INFO  [Configuration] Reading mappings from resource: gov/nih/nci/cacoresdk/domain/manytomany/unidirectional/Book.hbm.xml
OUT> 14:50:20,800 INFO  [HbmBinder] Mapping class: gov.nih.nci.cacoresdk.domain.manytomany.unidirectional.Book -> BOOK
OUT> 14:50:20,800 INFO  [HbmBinder] Mapping collection: gov.nih.nci.cacoresdk.domain.manytomany.unidirectional.Book.authorCollection -> AUTHOR_BOOK
OUT> 14:50:20,800 INFO  [Configuration] Reading mappings from resource: gov/nih/nci/cacoresdk/domain/manytomany/unidirectional/Author.hbm.xml
OUT> 14:50:20,803 INFO  [HbmBinder] Mapping class: gov.nih.nci.cacoresdk.domain.manytomany.unidirectional.Author -> AUTHOR
OUT> 14:50:20,803 INFO  [Configuration] Reading mappings from resource: gov/nih/nci/cacoresdk/domain/manytoone/unidirectional/Chef.hbm.xml
OUT> 14:50:20,806 INFO  [HbmBinder] Mapping class: gov.nih.nci.cacoresdk.domain.manytoone.unidirectional.Chef -> CHEF
OUT> 14:50:20,806 INFO  [Configuration] Reading mappings from resource: gov/nih/nci/cacoresdk/domain/manytoone/unidirectional/Restaurant.hbm.xml
OUT> 14:50:20,810 INFO  [HbmBinder] Mapping class: gov.nih.nci.cacoresdk.domain.manytoone.unidirectional.Restaurant -> RESTAURANT
OUT> 14:50:20,811 INFO  [Configuration] Reading mappings from resource: gov/nih/nci/cacoresdk/domain/manytoone/unidirectional/withjoin/Album.hbm.xml
OUT> 14:50:20,813 INFO  [HbmBinder] Mapping class: gov.nih.nci.cacoresdk.domain.manytoone.unidirectional.withjoin.Album -> ALBUM
OUT> 14:50:20,814 INFO  [Configuration] Reading mappings from resource: gov/nih/nci/cacoresdk/domain/manytoone/unidirectional/withjoin/Song.hbm.xml
OUT> 14:50:20,816 INFO  [HbmBinder] Mapping class: gov.nih.nci.cacoresdk.domain.manytoone.unidirectional.withjoin.Song -> SONG
OUT> 14:50:20,817 INFO  [HbmBinder] Mapping class join: gov.nih.nci.cacoresdk.domain.manytoone.unidirectional.withjoin.Song -> ALBUM_SONG
OUT> 14:50:20,817 INFO  [Configuration] Reading mappings from resource: gov/nih/nci/cacoresdk/domain/onetomany/bidirectional/HardDrive.hbm.xml
OUT> 14:50:20,820 INFO  [HbmBinder] Mapping class: gov.nih.nci.cacoresdk.domain.onetomany.bidirectional.HardDrive -> HARD_DRIVE
OUT> 14:50:20,821 INFO  [Configuration] Reading mappings from resource: gov/nih/nci/cacoresdk/domain/onetomany/bidirectional/Computer.hbm.xml
OUT> 14:50:20,823 INFO  [HbmBinder] Mapping class: gov.nih.nci.cacoresdk.domain.onetomany.bidirectional.Computer -> COMPUTER
OUT> 14:50:20,824 INFO  [Configuration] Reading mappings from resource: gov/nih/nci/cacoresdk/domain/onetomany/bidirectional/withjoin/Passanger.hbm.xml
OUT> 14:50:20,827 INFO  [HbmBinder] Mapping class: gov.nih.nci.cacoresdk.domain.onetomany.bidirectional.withjoin.Passanger -> PASSANGER
OUT> 14:50:20,827 INFO  [HbmBinder] Mapping class join: gov.nih.nci.cacoresdk.domain.onetomany.bidirectional.withjoin.Passanger -> FLIGHT_PASSANGER
OUT> 14:50:20,827 INFO  [Configuration] Reading mappings from resource: gov/nih/nci/cacoresdk/domain/onetomany/bidirectional/withjoin/Flight.hbm.xml
OUT> 14:50:20,831 INFO  [HbmBinder] Mapping class: gov.nih.nci.cacoresdk.domain.onetomany.bidirectional.withjoin.Flight -> FLIGHT
OUT> 14:50:20,831 INFO  [HbmBinder] Mapping collection: gov.nih.nci.cacoresdk.domain.onetomany.bidirectional.withjoin.Flight.passangerCollection -> FLIGHT_PASSANGER
OUT> 14:50:20,831 INFO  [Configuration] Reading mappings from resource: gov/nih/nci/cacoresdk/domain/onetomany/selfassociation/Element.hbm.xml
OUT> 14:50:20,834 INFO  [HbmBinder] Mapping class: gov.nih.nci.cacoresdk.domain.onetomany.selfassociation.Element -> ELEMENT
OUT> 14:50:20,834 INFO  [Configuration] Reading mappings from resource: gov/nih/nci/cacoresdk/domain/onetomany/unidirectional/LatchKey.hbm.xml
OUT> 14:50:20,837 INFO  [HbmBinder] Mapping class: gov.nih.nci.cacoresdk.domain.onetomany.unidirectional.LatchKey -> LATCH_KEY
OUT> 14:50:20,837 INFO  [Configuration] Reading mappings from resource: gov/nih/nci/cacoresdk/domain/onetomany/unidirectional/KeyChain.hbm.xml
OUT> 14:50:20,841 INFO  [HbmBinder] Mapping class: gov.nih.nci.cacoresdk.domain.onetomany.unidirectional.KeyChain -> KEYCHAIN
OUT> 14:50:20,841 INFO  [Configuration] Reading mappings from resource: gov/nih/nci/cacoresdk/domain/onetomany/unidirectional/withjoin/Shirt.hbm.xml
OUT> 14:50:20,844 INFO  [HbmBinder] Mapping class: gov.nih.nci.cacoresdk.domain.onetomany.unidirectional.withjoin.Shirt -> SHIRT
OUT> 14:50:20,844 INFO  [HbmBinder] Mapping collection: gov.nih.nci.cacoresdk.domain.onetomany.unidirectional.withjoin.Shirt.buttonCollection -> SHIRT_BUTTON
OUT> 14:50:20,844 INFO  [Configuration] Reading mappings from resource: gov/nih/nci/cacoresdk/domain/onetomany/unidirectional/withjoin/Button.hbm.xml
OUT> 14:50:20,847 INFO  [HbmBinder] Mapping class: gov.nih.nci.cacoresdk.domain.onetomany.unidirectional.withjoin.Button -> BUTTON
OUT> 14:50:20,847 INFO  [Configuration] Reading mappings from resource: gov/nih/nci/cacoresdk/domain/onetoone/bidirectional/OrderLine.hbm.xml
OUT> 14:50:20,850 INFO  [HbmBinder] Mapping class: gov.nih.nci.cacoresdk.domain.onetoone.bidirectional.OrderLine -> ORDERLINE
OUT> 14:50:20,850 INFO  [Configuration] Reading mappings from resource: gov/nih/nci/cacoresdk/domain/onetoone/bidirectional/Product.hbm.xml
OUT> 14:50:20,853 INFO  [HbmBinder] Mapping class: gov.nih.nci.cacoresdk.domain.onetoone.bidirectional.Product -> PRODUCT
OUT> 14:50:20,853 INFO  [Configuration] Reading mappings from resource: gov/nih/nci/cacoresdk/domain/onetoone/bidirectional/withjoin/Chain.hbm.xml
OUT> 14:50:20,863 INFO  [HbmBinder] Mapping class: gov.nih.nci.cacoresdk.domain.onetoone.bidirectional.withjoin.Chain -> CHAIN
OUT> 14:50:20,864 INFO  [HbmBinder] Mapping class join: gov.nih.nci.cacoresdk.domain.onetoone.bidirectional.withjoin.Chain -> CHAIN_PENDANT
OUT> 14:50:20,864 INFO  [Configuration] Reading mappings from resource: gov/nih/nci/cacoresdk/domain/onetoone/bidirectional/withjoin/Pendant.hbm.xml
OUT> 14:50:20,868 INFO  [HbmBinder] Mapping class: gov.nih.nci.cacoresdk.domain.onetoone.bidirectional.withjoin.Pendant -> PENDANT
OUT> 14:50:20,868 INFO  [HbmBinder] Mapping class join: gov.nih.nci.cacoresdk.domain.onetoone.bidirectional.withjoin.Pendant -> CHAIN_PENDANT
OUT> 14:50:20,868 INFO  [Configuration] Reading mappings from resource: gov/nih/nci/cacoresdk/domain/onetoone/multipleassociation/Parent.hbm.xml
OUT> 14:50:20,872 INFO  [HbmBinder] Mapping class: gov.nih.nci.cacoresdk.domain.onetoone.multipleassociation.Parent -> PARENT
OUT> 14:50:20,873 INFO  [Configuration] Reading mappings from resource: gov/nih/nci/cacoresdk/domain/onetoone/multipleassociation/Child.hbm.xml
OUT> 14:50:20,875 INFO  [HbmBinder] Mapping class: gov.nih.nci.cacoresdk.domain.onetoone.multipleassociation.Child -> CHILD
OUT> 14:50:20,876 INFO  [Configuration] Reading mappings from resource: gov/nih/nci/cacoresdk/domain/onetoone/multipleassociation/withjoin/InLaw.hbm.xml
OUT> 14:50:20,879 INFO  [HbmBinder] Mapping class: gov.nih.nci.cacoresdk.domain.onetoone.multipleassociation.withjoin.InLaw -> IN_LAW
OUT> 14:50:20,879 INFO  [Configuration] Reading mappings from resource: gov/nih/nci/cacoresdk/domain/onetoone/multipleassociation/withjoin/Bride.hbm.xml
OUT> 14:50:20,881 INFO  [HbmBinder] Mapping class: gov.nih.nci.cacoresdk.domain.onetoone.multipleassociation.withjoin.Bride -> BRIDE
OUT> 14:50:20,882 INFO  [HbmBinder] Mapping class join: gov.nih.nci.cacoresdk.domain.onetoone.multipleassociation.withjoin.Bride -> BRIDE_FATHER_IN_LAW
OUT> 14:50:20,882 INFO  [HbmBinder] Mapping class join: gov.nih.nci.cacoresdk.domain.onetoone.multipleassociation.withjoin.Bride -> BRIDE_MOTHER_IN_LAW
OUT> 14:50:20,883 INFO  [Configuration] Reading mappings from resource: gov/nih/nci/cacoresdk/domain/onetoone/unidirectional/Person.hbm.xml
OUT> 14:50:20,887 INFO  [HbmBinder] Mapping class: gov.nih.nci.cacoresdk.domain.onetoone.unidirectional.Person -> PERSON
OUT> 14:50:20,887 INFO  [Configuration] Reading mappings from resource: gov/nih/nci/cacoresdk/domain/onetoone/unidirectional/Address.hbm.xml
OUT> 14:50:20,891 INFO  [HbmBinder] Mapping class: gov.nih.nci.cacoresdk.domain.onetoone.unidirectional.Address -> ADDRESS
OUT> 14:50:20,892 INFO  [Configuration] Reading mappings from resource: gov/nih/nci/cacoresdk/domain/onetoone/unidirectional/withjoin/Handle.hbm.xml
OUT> 14:50:20,896 INFO  [HbmBinder] Mapping class: gov.nih.nci.cacoresdk.domain.onetoone.unidirectional.withjoin.Handle -> HANDLE
OUT> 14:50:20,896 INFO  [Configuration] Reading mappings from resource: gov/nih/nci/cacoresdk/domain/onetoone/unidirectional/withjoin/Bag.hbm.xml
OUT> 14:50:20,900 INFO  [HbmBinder] Mapping class: gov.nih.nci.cacoresdk.domain.onetoone.unidirectional.withjoin.Bag -> BAG
OUT> 14:50:20,901 INFO  [HbmBinder] Mapping class join: gov.nih.nci.cacoresdk.domain.onetoone.unidirectional.withjoin.Bag -> BAG_HANDLE
OUT> 14:50:20,901 INFO  [Configuration] Reading mappings from resource: gov/nih/nci/cacoresdk/domain/other/datatype/DsetCdDataType.hbm.xml
OUT> 14:50:20,905 INFO  [HbmBinder] Mapping class: gov.nih.nci.cacoresdk.domain.other.datatype.DsetCdDataType -> DSET_CD
OUT> 14:50:20,905 INFO  [HbmBinder] Mapping collection: gov.nih.nci.cacoresdk.domain.other.datatype.DsetCdDataType.value1.item -> DSET_CD_VALUE1
OUT> 14:50:20,906 INFO  [HbmBinder] Mapping collection: gov.nih.nci.cacoresdk.domain.other.datatype.DsetCdDataType.value2.item -> DSET_CD_VALUE2
OUT> 14:50:20,906 INFO  [HbmBinder] Mapping collection: gov.nih.nci.cacoresdk.domain.other.datatype.DsetCdDataType.value3.item -> DSET_CD_VALUE3
OUT> 14:50:20,906 INFO  [HbmBinder] Mapping collection: gov.nih.nci.cacoresdk.domain.other.datatype.DsetCdDataType.value4.item -> DSET_CD_VALUE4
OUT> 14:50:20,906 INFO  [HbmBinder] Mapping collection: gov.nih.nci.cacoresdk.domain.other.datatype.DsetCdDataType.value5.item -> DSET_CD_VALUE5
OUT> 14:50:20,906 INFO  [HbmBinder] Mapping collection: gov.nih.nci.cacoresdk.domain.other.datatype.DsetCdDataType.value7.item -> DSET_CD_CD_VALUE7
OUT> 14:50:20,907 INFO  [HbmBinder] Mapping class: _xxEntityxx_gov_nih_nci_cacoresdk_domain_other_datatype_DsetCdDataType_value6 -> DSET_CD_VALUE6
OUT> 14:50:20,907 INFO  [HbmBinder] Mapping class: _xxEntityxx_gov_nih_nci_cacoresdk_domain_other_datatype_DsetCdDataType_value7 -> DSET_CD_VALUE7
OUT> 14:50:20,907 INFO  [Configuration] Reading mappings from resource: gov/nih/nci/cacoresdk/domain/other/datatype/EnDataType.hbm.xml
OUT> 14:50:20,911 INFO  [HbmBinder] Mapping class: gov.nih.nci.cacoresdk.domain.other.datatype.EnDataType -> EN_DATATYPE
OUT> 14:50:20,913 INFO  [Configuration] Reading mappings from resource: gov/nih/nci/cacoresdk/domain/other/datatype/BlNonNullDataType.hbm.xml
OUT> 14:50:20,916 INFO  [HbmBinder] Mapping class: gov.nih.nci.cacoresdk.domain.other.datatype.BlNonNullDataType -> BL_NONNULL_DATATYPE
OUT> 14:50:20,916 INFO  [Configuration] Reading mappings from resource: gov/nih/nci/cacoresdk/domain/other/datatype/TelEmailDataType.hbm.xml
OUT> 14:50:20,920 INFO  [HbmBinder] Mapping class: gov.nih.nci.cacoresdk.domain.other.datatype.TelEmailDataType -> TEL_EMAIL_DATATYPE
OUT> 14:50:20,921 INFO  [Configuration] Reading mappings from resource: gov/nih/nci/cacoresdk/domain/other/datatype/PqDataType.hbm.xml
OUT> 14:50:20,923 INFO  [HbmBinder] Mapping class: gov.nih.nci.cacoresdk.domain.other.datatype.PqDataType -> PQ_DATATYPE
OUT> 14:50:20,924 INFO  [Configuration] Reading mappings from resource: gov/nih/nci/cacoresdk/domain/other/datatype/EnOnDataType.hbm.xml
OUT> 14:50:20,926 INFO  [HbmBinder] Mapping class: gov.nih.nci.cacoresdk.domain.other.datatype.EnOnDataType -> EN_ON_DATATYPE
OUT> 14:50:20,926 INFO  [Configuration] Reading mappings from resource: gov/nih/nci/cacoresdk/domain/other/datatype/IvlIntDataType.hbm.xml
OUT> 14:50:20,928 INFO  [HbmBinder] Mapping class: gov.nih.nci.cacoresdk.domain.other.datatype.IvlIntDataType -> IVL_INT
OUT> 14:50:20,930 INFO  [Configuration] Reading mappings from resource: gov/nih/nci/cacoresdk/domain/other/datatype/IvlTsDataType.hbm.xml
OUT> 14:50:20,932 INFO  [HbmBinder] Mapping class: gov.nih.nci.cacoresdk.domain.other.datatype.IvlTsDataType -> IVL_TS
OUT> 14:50:20,933 INFO  [Configuration] Reading mappings from resource: gov/nih/nci/cacoresdk/domain/other/datatype/TelPhoneDataType.hbm.xml
OUT> 14:50:20,935 INFO  [HbmBinder] Mapping class: gov.nih.nci.cacoresdk.domain.other.datatype.TelPhoneDataType -> TEL_PHONE_DATATYPE
OUT> 14:50:20,936 INFO  [Configuration] Reading mappings from resource: gov/nih/nci/cacoresdk/domain/other/datatype/AllDataType.hbm.xml
OUT> 14:50:20,938 INFO  [HbmBinder] Mapping class: gov.nih.nci.cacoresdk.domain.other.datatype.AllDataType -> ALL_DATA_TYPE
OUT> 14:50:20,940 INFO  [HbmBinder] Mapping collection: gov.nih.nci.cacoresdk.domain.other.datatype.AllDataType.stringCollection -> ALL_DATA_TYPE_STRING_COLL
OUT> 14:50:20,940 INFO  [Configuration] Reading mappings from resource: gov/nih/nci/cacoresdk/domain/other/datatype/IntDataType.hbm.xml
OUT> 14:50:20,942 INFO  [HbmBinder] Mapping class: gov.nih.nci.cacoresdk.domain.other.datatype.IntDataType -> INT_DATATYPE
OUT> 14:50:20,943 INFO  [Configuration] Reading mappings from resource: gov/nih/nci/cacoresdk/domain/other/datatype/DsetTelDataType.hbm.xml
OUT> 14:50:20,945 INFO  [HbmBinder] Mapping class: gov.nih.nci.cacoresdk.domain.other.datatype.DsetTelDataType -> DSET_TEL
OUT> 14:50:20,945 INFO  [HbmBinder] Mapping collection: gov.nih.nci.cacoresdk.domain.other.datatype.DsetTelDataType.value1.item -> DSET_TEL_VALUE1
OUT> 14:50:20,946 INFO  [HbmBinder] Mapping collection: gov.nih.nci.cacoresdk.domain.other.datatype.DsetTelDataType.value3.item -> DSET_TEL_TEL_VALUE_3
OUT> 14:50:20,946 INFO  [HbmBinder] Mapping class: _xxEntityxx_gov_nih_nci_cacoresdk_domain_other_datatype_DsetTelDataType_value2 -> DSET_TEL_VALUE2
OUT> 14:50:20,946 INFO  [HbmBinder] Mapping class: _xxEntityxx_gov_nih_nci_cacoresdk_domain_other_datatype_DsetTelDataType_value3 -> DSET_TEL_VALUE3
OUT> 14:50:20,946 INFO  [Configuration] Reading mappings from resource: gov/nih/nci/cacoresdk/domain/other/datatype/TelPersonDataType.hbm.xml
OUT> 14:50:20,949 INFO  [HbmBinder] Mapping class: gov.nih.nci.cacoresdk.domain.other.datatype.TelPersonDataType -> TEL_PERSON_DATATYPE
OUT> 14:50:20,949 INFO  [Configuration] Reading mappings from resource: gov/nih/nci/cacoresdk/domain/other/datatype/IiDataType.hbm.xml
OUT> 14:50:20,952 INFO  [HbmBinder] Mapping class: gov.nih.nci.cacoresdk.domain.other.datatype.IiDataType -> II_DATATYPE
OUT> 14:50:20,953 INFO  [Configuration] Reading mappings from resource: gov/nih/nci/cacoresdk/domain/other/datatype/IvlRealDataType.hbm.xml
OUT> 14:50:20,956 INFO  [HbmBinder] Mapping class: gov.nih.nci.cacoresdk.domain.other.datatype.IvlRealDataType -> IVL_REAL
OUT> 14:50:20,957 INFO  [Configuration] Reading mappings from resource: gov/nih/nci/cacoresdk/domain/other/datatype/DsetAdDataType.hbm.xml
OUT> 14:50:20,962 INFO  [HbmBinder] Mapping class: gov.nih.nci.cacoresdk.domain.other.datatype.DsetAdDataType -> DSET_AD_DATATYPE
OUT> 14:50:20,962 INFO  [HbmBinder] Mapping collection: gov.nih.nci.cacoresdk.domain.other.datatype.DsetAdDataType.value1.item -> DSET_AD_VALUE1
OUT> 14:50:20,962 INFO  [HbmBinder] Mapping collection: gov.nih.nci.cacoresdk.domain.other.datatype.DsetAdDataType.value2.item -> DSET_AD_VALUE2
OUT> 14:50:20,963 INFO  [HbmBinder] Mapping collection: gov.nih.nci.cacoresdk.domain.other.datatype.DsetAdDataType.value3.item -> DSET_AD_VALUE3
OUT> 14:50:20,963 INFO  [HbmBinder] Mapping collection: gov.nih.nci.cacoresdk.domain.other.datatype.DsetAdDataType.value4.item -> DSET_AD_VALUE4
OUT> 14:50:20,963 INFO  [HbmBinder] Mapping collection: gov.nih.nci.cacoresdk.domain.other.datatype.DsetAdDataType.value5.item -> DSET_AD_VALUE5
OUT> 14:50:20,963 INFO  [HbmBinder] Mapping collection: gov.nih.nci.cacoresdk.domain.other.datatype.DsetAdDataType.value6.item -> DSET_AD_VALUE6
OUT> 14:50:20,964 INFO  [HbmBinder] Mapping collection: gov.nih.nci.cacoresdk.domain.other.datatype.DsetAdDataType.value8.item -> DSET_AD_DSET_AD_VALUE8
OUT> 14:50:20,964 INFO  [HbmBinder] Mapping class: _xxEntityxx_gov_nih_nci_cacoresdk_domain_other_datatype_DsetAdDataType_value7 -> DSET_AD_VALUE7
OUT> 14:50:20,965 INFO  [HbmBinder] Mapping class: _xxEntityxx_gov_nih_nci_cacoresdk_domain_other_datatype_DsetAdDataType_value8 -> DSET_AD_VALUE8
OUT> 14:50:20,965 INFO  [Configuration] Reading mappings from resource: gov/nih/nci/cacoresdk/domain/other/datatype/IvlPqDataType.hbm.xml
OUT> 14:50:20,968 INFO  [HbmBinder] Mapping class: gov.nih.nci.cacoresdk.domain.other.datatype.IvlPqDataType -> IVL_PQ
OUT> 14:50:20,969 INFO  [Configuration] Reading mappings from resource: gov/nih/nci/cacoresdk/domain/other/datatype/EnPnDataType.hbm.xml
OUT> 14:50:20,971 INFO  [HbmBinder] Mapping class: gov.nih.nci.cacoresdk.domain.other.datatype.EnPnDataType -> EN_PN_DATATYPE
OUT> 14:50:20,971 INFO  [Configuration] Reading mappings from resource: gov/nih/nci/cacoresdk/domain/other/datatype/RealDataType.hbm.xml
OUT> 14:50:20,973 INFO  [HbmBinder] Mapping class: gov.nih.nci.cacoresdk.domain.other.datatype.RealDataType -> REAL_DATATYPE
OUT> 14:50:20,973 INFO  [Configuration] Reading mappings from resource: gov/nih/nci/cacoresdk/domain/other/datatype/EdDataType.hbm.xml
OUT> 14:50:20,975 INFO  [HbmBinder] Mapping class: gov.nih.nci.cacoresdk.domain.other.datatype.EdDataType -> ED_DATATYPE
OUT> 14:50:20,975 INFO  [Configuration] Reading mappings from resource: gov/nih/nci/cacoresdk/domain/other/datatype/TsDataType.hbm.xml
OUT> 14:50:20,977 INFO  [HbmBinder] Mapping class: gov.nih.nci.cacoresdk.domain.other.datatype.TsDataType -> TS_DATATYPE
OUT> 14:50:20,977 INFO  [Configuration] Reading mappings from resource: gov/nih/nci/cacoresdk/domain/other/datatype/AdDataType.hbm.xml
OUT> 14:50:20,981 INFO  [HbmBinder] Mapping class: gov.nih.nci.cacoresdk.domain.other.datatype.AdDataType -> AD_DATATYPE
OUT> 14:50:20,983 INFO  [HbmBinder] Mapping class join: gov.nih.nci.cacoresdk.domain.other.datatype.AdDataType -> AD_DATATYPE_VALUE7
OUT> 14:50:20,983 INFO  [HbmBinder] Mapping class join: gov.nih.nci.cacoresdk.domain.other.datatype.AdDataType -> AD_AD_DATATYPE_VALUE9
OUT> 14:50:20,983 INFO  [HbmBinder] Mapping class: _xxEntityxx_gov_nih_nci_cacoresdk_domain_other_datatype_AdDataType_value8 -> AD_DATATYPE_VALUE8
OUT> 14:50:20,983 INFO  [HbmBinder] Mapping class: _xxEntityxx_gov_nih_nci_cacoresdk_domain_other_datatype_AdDataType_value9 -> AD_DATATYPE_VALUE9
OUT> 14:50:20,984 INFO  [Configuration] Reading mappings from resource: gov/nih/nci/cacoresdk/domain/other/datatype/ScDataType.hbm.xml
OUT> 14:50:20,986 INFO  [HbmBinder] Mapping class: gov.nih.nci.cacoresdk.domain.other.datatype.ScDataType -> SC_DATATYPE
OUT> 14:50:20,986 INFO  [Configuration] Reading mappings from resource: gov/nih/nci/cacoresdk/domain/other/datatype/StNtDataType.hbm.xml
OUT> 14:50:20,988 INFO  [HbmBinder] Mapping class: gov.nih.nci.cacoresdk.domain.other.datatype.StNtDataType -> ST_NT_DATATYPE
OUT> 14:50:20,988 INFO  [Configuration] Reading mappings from resource: gov/nih/nci/cacoresdk/domain/other/datatype/StDataType.hbm.xml
OUT> 14:50:20,990 INFO  [HbmBinder] Mapping class: gov.nih.nci.cacoresdk.domain.other.datatype.StDataType -> ST_DATATYPE
OUT> 14:50:20,990 INFO  [Configuration] Reading mappings from resource: gov/nih/nci/cacoresdk/domain/other/datatype/DsetIiDataType.hbm.xml
OUT> 14:50:20,993 INFO  [HbmBinder] Mapping class: gov.nih.nci.cacoresdk.domain.other.datatype.DsetIiDataType -> DSET_II
OUT> 14:50:20,993 INFO  [HbmBinder] Mapping collection: gov.nih.nci.cacoresdk.domain.other.datatype.DsetIiDataType.value1.item -> DSET_II_VALUE1
OUT> 14:50:20,993 INFO  [HbmBinder] Mapping collection: gov.nih.nci.cacoresdk.domain.other.datatype.DsetIiDataType.value2.item -> DSET_II_VALUE2
OUT> 14:50:20,993 INFO  [HbmBinder] Mapping collection: gov.nih.nci.cacoresdk.domain.other.datatype.DsetIiDataType.value3.item -> DSET_II_VALUE3
OUT> 14:50:20,993 INFO  [HbmBinder] Mapping collection: gov.nih.nci.cacoresdk.domain.other.datatype.DsetIiDataType.value4.item -> DSET_II_VALUE4
OUT> 14:50:20,993 INFO  [HbmBinder] Mapping collection: gov.nih.nci.cacoresdk.domain.other.datatype.DsetIiDataType.value6.item -> DSET_II_II_VALUE6
OUT> 14:50:20,993 INFO  [HbmBinder] Mapping class: _xxEntityxx_gov_nih_nci_cacoresdk_domain_other_datatype_DsetIiDataType_value5 -> DSET_II_VALUE5
OUT> 14:50:20,993 INFO  [HbmBinder] Mapping class: _xxEntityxx_gov_nih_nci_cacoresdk_domain_other_datatype_DsetIiDataType_value6 -> DSET_II_VALUE6
OUT> 14:50:20,993 INFO  [Configuration] Reading mappings from resource: gov/nih/nci/cacoresdk/domain/other/datatype/EdTextDataType.hbm.xml
OUT> 14:50:20,995 INFO  [HbmBinder] Mapping class: gov.nih.nci.cacoresdk.domain.other.datatype.EdTextDataType -> ED_TEXT_DATATYPE
OUT> 14:50:20,995 INFO  [Configuration] Reading mappings from resource: gov/nih/nci/cacoresdk/domain/other/datatype/CdDataType.hbm.xml
OUT> 14:50:20,999 INFO  [HbmBinder] Mapping class: gov.nih.nci.cacoresdk.domain.other.datatype.CdDataType -> CD_DATATYPE
OUT> 14:50:20,999 INFO  [HbmBinder] Mapping class join: gov.nih.nci.cacoresdk.domain.other.datatype.CdDataType -> CD_DATATYPE_VALUE6
OUT> 14:50:21,000 INFO  [HbmBinder] Mapping class join: gov.nih.nci.cacoresdk.domain.other.datatype.CdDataType -> CD_CD_DATATYPE_VALUE8
OUT> 14:50:21,000 INFO  [HbmBinder] Mapping class: _xxEntityxx_gov_nih_nci_cacoresdk_domain_other_datatype_CdDataType_value7 -> CD_DATATYPE_VALUE7
OUT> 14:50:21,000 INFO  [HbmBinder] Mapping class: _xxEntityxx_gov_nih_nci_cacoresdk_domain_other_datatype_CdDataType_value8 -> CD_DATATYPE_VALUE8
OUT> 14:50:21,000 INFO  [Configuration] Reading mappings from resource: gov/nih/nci/cacoresdk/domain/other/datatype/TelUrlDataType.hbm.xml
OUT> 14:50:21,002 INFO  [HbmBinder] Mapping class: gov.nih.nci.cacoresdk.domain.other.datatype.TelUrlDataType -> TEL_URL_DATATYPE
OUT> 14:50:21,002 INFO  [Configuration] Reading mappings from resource: gov/nih/nci/cacoresdk/domain/other/datatype/TelDataType.hbm.xml
OUT> 14:50:21,004 INFO  [HbmBinder] Mapping class: gov.nih.nci.cacoresdk.domain.other.datatype.TelDataType -> TEL_DATATYPE
OUT> 14:50:21,004 INFO  [Configuration] Reading mappings from resource: gov/nih/nci/cacoresdk/domain/other/datatype/BlDataType.hbm.xml
OUT> 14:50:21,006 INFO  [HbmBinder] Mapping class: gov.nih.nci.cacoresdk.domain.other.datatype.BlDataType -> BL_DATATYPE
OUT> 14:50:21,006 INFO  [Configuration] Reading mappings from resource: gov/nih/nci/cacoresdk/domain/other/differentpackage/Dessert.hbm.xml
OUT> 14:50:21,008 INFO  [HbmBinder] Mapping class: gov.nih.nci.cacoresdk.domain.other.differentpackage.Dessert -> DESSERT
OUT> 14:50:21,008 INFO  [HbmBinder] Mapping collection: gov.nih.nci.cacoresdk.domain.other.differentpackage.Dessert.utensilCollection -> DESSERT_UTENSIL
OUT> 14:50:21,008 INFO  [HbmBinder] Mapping subclass: gov.nih.nci.cacoresdk.domain.other.differentpackage.associations.Pie -> DESSERT
OUT> 14:50:21,008 INFO  [HbmBinder] Mapping subclass: gov.nih.nci.cacoresdk.domain.other.differentpackage.associations.IceCream -> DESSERT
OUT> 14:50:21,008 INFO  [Configuration] Reading mappings from resource: gov/nih/nci/cacoresdk/domain/other/differentpackage/associations/Utensil.hbm.xml
OUT> 14:50:21,010 INFO  [HbmBinder] Mapping class: gov.nih.nci.cacoresdk.domain.other.differentpackage.associations.Utensil -> UTENSIL
OUT> 14:50:21,010 INFO  [HbmBinder] Mapping collection: gov.nih.nci.cacoresdk.domain.other.differentpackage.associations.Utensil.dessertCollection -> DESSERT_UTENSIL
OUT> 14:50:21,010 INFO  [Configuration] Reading mappings from resource: gov/nih/nci/cacoresdk/domain/other/levelassociation/Card.hbm.xml
OUT> 14:50:21,012 INFO  [HbmBinder] Mapping class: gov.nih.nci.cacoresdk.domain.other.levelassociation.Card -> CARD
OUT> 14:50:21,012 INFO  [Configuration] Reading mappings from resource: gov/nih/nci/cacoresdk/domain/other/levelassociation/Deck.hbm.xml
OUT> 14:50:21,014 INFO  [HbmBinder] Mapping class: gov.nih.nci.cacoresdk.domain.other.levelassociation.Deck -> DECK
OUT> 14:50:21,014 INFO  [Configuration] Reading mappings from resource: gov/nih/nci/cacoresdk/domain/other/levelassociation/Hand.hbm.xml
OUT> 14:50:21,016 INFO  [HbmBinder] Mapping class: gov.nih.nci.cacoresdk.domain.other.levelassociation.Hand -> HAND
OUT> 14:50:21,016 INFO  [HbmBinder] Mapping collection: gov.nih.nci.cacoresdk.domain.other.levelassociation.Hand.cardCollection -> HAND_CARD
OUT> 14:50:21,016 INFO  [Configuration] Reading mappings from resource: gov/nih/nci/cacoresdk/domain/other/levelassociation/Suit.hbm.xml
OUT> 14:50:21,021 INFO  [HbmBinder] Mapping class: gov.nih.nci.cacoresdk.domain.other.levelassociation.Suit -> SUIT
OUT> 14:50:21,022 INFO  [Configuration] Reading mappings from resource: gov/nih/nci/cacoresdk/domain/other/primarykey/StringKey.hbm.xml
OUT> 14:50:21,023 INFO  [HbmBinder] Mapping class: gov.nih.nci.cacoresdk.domain.other.primarykey.StringKey -> STRING_KEY
OUT> 14:50:21,024 INFO  [Configuration] Reading mappings from resource: gov/nih/nci/cacoresdk/domain/other/primarykey/IntegerKey.hbm.xml
OUT> 14:50:21,026 INFO  [HbmBinder] Mapping class: gov.nih.nci.cacoresdk.domain.other.primarykey.IntegerKey -> INTEGER_KEY
OUT> 14:50:21,026 INFO  [Configuration] Reading mappings from resource: gov/nih/nci/cacoresdk/domain/other/primarykey/LongPrimitiveKey.hbm.xml
OUT> 14:50:21,028 INFO  [HbmBinder] Mapping class: gov.nih.nci.cacoresdk.domain.other.primarykey.LongPrimitiveKey -> LONG_PRIMITIVE_KEY
OUT> 14:50:21,028 INFO  [Configuration] Reading mappings from resource: gov/nih/nci/cacoresdk/domain/other/primarykey/StringPrimitiveKey.hbm.xml
OUT> 14:50:21,030 INFO  [HbmBinder] Mapping class: gov.nih.nci.cacoresdk.domain.other.primarykey.StringPrimitiveKey -> STRING_PRIMITIVE_KEY
OUT> 14:50:21,030 INFO  [Configuration] Reading mappings from resource: gov/nih/nci/cacoresdk/domain/other/primarykey/FloatPrimitiveKey.hbm.xml
OUT> 14:50:21,031 INFO  [HbmBinder] Mapping class: gov.nih.nci.cacoresdk.domain.other.primarykey.FloatPrimitiveKey -> FLOAT_PRIMITIVE_KEY
OUT> 14:50:21,031 INFO  [Configuration] Reading mappings from resource: gov/nih/nci/cacoresdk/domain/other/primarykey/CharacterKey.hbm.xml
OUT> 14:50:21,033 INFO  [HbmBinder] Mapping class: gov.nih.nci.cacoresdk.domain.other.primarykey.CharacterKey -> CHARACTER_KEY
OUT> 14:50:21,033 INFO  [Configuration] Reading mappings from resource: gov/nih/nci/cacoresdk/domain/other/primarykey/FloatKey.hbm.xml
OUT> 14:50:21,034 INFO  [HbmBinder] Mapping class: gov.nih.nci.cacoresdk.domain.other.primarykey.FloatKey -> FLOAT_KEY
OUT> 14:50:21,034 INFO  [Configuration] Reading mappings from resource: gov/nih/nci/cacoresdk/domain/other/primarykey/LongKey.hbm.xml
OUT> 14:50:21,036 INFO  [HbmBinder] Mapping class: gov.nih.nci.cacoresdk.domain.other.primarykey.LongKey -> LONG_KEY
OUT> 14:50:21,036 INFO  [Configuration] Reading mappings from resource: gov/nih/nci/cacoresdk/domain/other/primarykey/CharacterPrimitiveKey.hbm.xml
OUT> 14:50:21,038 INFO  [HbmBinder] Mapping class: gov.nih.nci.cacoresdk.domain.other.primarykey.CharacterPrimitiveKey -> CHARACTER_PRIMITIVE_KEY
OUT> 14:50:21,038 INFO  [Configuration] Reading mappings from resource: gov/nih/nci/cacoresdk/domain/other/primarykey/NoIdKey.hbm.xml
OUT> 14:50:21,040 INFO  [HbmBinder] Mapping class: gov.nih.nci.cacoresdk.domain.other.primarykey.NoIdKey -> NO_ID_KEY
OUT> 14:50:21,040 INFO  [Configuration] Reading mappings from resource: gov/nih/nci/cacoresdk/domain/other/primarykey/DoubleKey.hbm.xml
OUT> 14:50:21,041 INFO  [HbmBinder] Mapping class: gov.nih.nci.cacoresdk.domain.other.primarykey.DoubleKey -> DOUBLE_KEY
OUT> 14:50:21,041 INFO  [Configuration] Reading mappings from resource: gov/nih/nci/cacoresdk/domain/other/primarykey/IntegerPrimitiveKey.hbm.xml
OUT> 14:50:21,043 INFO  [HbmBinder] Mapping class: gov.nih.nci.cacoresdk.domain.other.primarykey.IntegerPrimitiveKey -> INTEGER_PRIMITIVE_KEY
OUT> 14:50:21,043 INFO  [Configuration] Reading mappings from resource: gov/nih/nci/cacoresdk/domain/other/primarykey/DoublePrimitiveKey.hbm.xml
OUT> 14:50:21,044 INFO  [HbmBinder] Mapping class: gov.nih.nci.cacoresdk.domain.other.primarykey.DoublePrimitiveKey -> DOUBLE_PRIMITIVE_KEY
OUT> 14:50:21,044 INFO  [Configuration] Reading mappings from resource: gov/nih/nci/cacoresdk/domain/other/validationtype/AllValidationType.hbm.xml
OUT> 14:50:21,046 INFO  [HbmBinder] Mapping class: gov.nih.nci.cacoresdk.domain.other.validationtype.AllValidationType -> ALL_VALIDATION_TYPE
OUT> 14:50:21,046 INFO  [Configuration] Reading mappings from resource: gov/nih/nci/cacoresdk/domain/inheritance/implicit/SaltwaterFishTank.hbm.xml
OUT> 14:50:21,048 INFO  [HbmBinder] Mapping class: gov.nih.nci.cacoresdk.domain.inheritance.implicit.SaltwaterFishTank -> SALTWATER_FISH_TANK
OUT> 14:50:21,049 INFO  [HbmBinder] Mapping collection: gov.nih.nci.cacoresdk.domain.inheritance.implicit.SaltwaterFishTank.substrateCollection -> SALTWATER_FISH_TANK_SUBSTRATE
OUT> 14:50:21,049 INFO  [Configuration] Reading mappings from resource: gov/nih/nci/cacoresdk/domain/inheritance/implicit/FreshwaterFishTank.hbm.xml
OUT> 14:50:21,050 INFO  [HbmBinder] Mapping class: gov.nih.nci.cacoresdk.domain.inheritance.implicit.FreshwaterFishTank -> FRESHWATER_FISH_TANK
OUT> 14:50:21,050 INFO  [Configuration] Configured SessionFactory: null
Testing query file allSuperclass.xml
	Gold results file is gold_allSuperclass.xml
Testing query file associationNotNull.xml
	Gold results file is gold_associationNotNull.xml
Testing query file associationWithAttributeEqual.xml
	Gold results file is gold_associationWithAttributeEqual.xml
Testing query file associationWithGroup.xml
	Gold results file is gold_associationWithGroup.xml
Testing query file blNonNullValue.xml
	Gold results file is gold_blNonNullValue.xml
Testing query file cdDataTypeCodeNotNull.xml
	Gold results file is gold_cdDataTypeCodeNotNull.xml
Testing query file cdDataTypeCodeSystemAttribute.xml
	Gold results file is gold_cdDataTypeCodeSystemAttribute.xml
Testing query file countAssociationNotNull.xml
	Gold results file is gold_countAssociationNotNull.xml
Testing query file dsetCdCodeAttributeEqual.xml
	Gold results file is gold_dsetCdCodeAttributeEqual.xml
Testing query file dsetCdEdText.xml
	Gold results file is gold_dsetCdEdText.xml
Testing query file dsetCdEdTextValue.xml
	Gold results file is gold_dsetCdEdTextValue.xml
Testing query file dsetCdNullFlavor.xml
	Gold results file is gold_dsetCdNullFlavor.xml
Testing query file dsetTelAttributeValue.xml
	Gold results file is gold_dsetTelAttributeValue.xml
Testing query file groupOfAssociationsUsingAnd.xml
	Gold results file is gold_groupOfAssociationsUsingAnd.xml
Testing query file groupOfAssociationsUsingOr.xml
	Gold results file is gold_groupOfAssociationsUsingOr.xml
Testing query file groupOfAttributesUsingAnd.xml
	Gold results file is gold_groupOfAttributesUsingAnd.xml
Testing query file groupOfAttributesUsingOr.xml
	Gold results file is gold_groupOfAttributesUsingOr.xml
Testing query file iiRootValue.xml
	Gold results file is gold_iiRootValue.xml
Testing query file ivlIntAttribute.xml
	Gold results file is gold_ivlIntAttribute.xml
Testing query file ivlIntLowClosed.xml
	Gold results file is gold_ivlIntLowClosed.xml
Testing query file ivlPqWidth.xml
	Gold results file is gold_ivlPqWidth.xml
Testing query file ivlTsWidthNullFlavor.xml
	Gold results file is gold_ivlTsWidthNullFlavor.xml
Testing query file nestedAssociations.xml
	Gold results file is gold_nestedAssociations.xml
Testing query file nestedAssociationsNoRoleNames.xml
	Gold results file is gold_nestedAssociationsNoRoleNames.xml
Testing query file nestedGroups.xml
	Gold results file is gold_nestedGroups.xml
Testing query file pqUnitAttribute.xml
	Gold results file is gold_pqUnitAttribute.xml
Testing query file realDataTypeValue.xml
	Gold results file is gold_realDataTypeValue.xml
Testing query file scDataTypeCdCodeSystemAttributeEqual.xml
	Gold results file is gold_scDataTypeCdCodeSystemAttributeEqual.xml
Testing query file undergraduateStudentWithName.xml
	Gold results file is gold_undergraduateStudentWithName.xml

> InvokeCql2DataServiceStep (org.cagrid.tests.data.styles.cacore44.integration.story.SDK44StyleLocalApiStory)

Testing query file allPayments.xml
	Gold results file is gold_allPayments.xml
OUT> 14:51:00,220 INFO  [Configuration] configuring from resource: /hibernate.cfg.xml
OUT> 14:51:00,221 INFO  [Configuration] Configuration resource: /hibernate.cfg.xml
OUT> 14:51:00,223 INFO  [Configuration] Reading mappings from resource: gov/nih/nci/cacoresdk/domain/inheritance/abstrakt/Pupil.hbm.xml
OUT> 14:51:00,228 INFO  [HbmBinder] Mapping class: gov.nih.nci.cacoresdk.domain.inheritance.abstrakt.Pupil -> PUPIL
OUT> 14:51:00,229 INFO  [Configuration] Reading mappings from resource: gov/nih/nci/cacoresdk/domain/inheritance/abstrakt/Teacher.hbm.xml
OUT> 14:51:00,235 INFO  [HbmBinder] Mapping class: gov.nih.nci.cacoresdk.domain.inheritance.abstrakt.Teacher -> TEACHER
OUT> 14:51:00,236 INFO  [HbmBinder] Mapping joined-subclass: gov.nih.nci.cacoresdk.domain.inheritance.abstrakt.PrivateTeacher -> PRIVATE_TEACHER
OUT> 14:51:00,237 INFO  [Configuration] Reading mappings from resource: gov/nih/nci/cacoresdk/domain/inheritance/childwithassociation/Payment.hbm.xml
OUT> 14:51:00,256 INFO  [HbmBinder] Mapping class: gov.nih.nci.cacoresdk.domain.inheritance.childwithassociation.Payment -> PAYMENT
OUT> 14:51:00,256 INFO  [HbmBinder] Mapping joined-subclass: gov.nih.nci.cacoresdk.domain.inheritance.childwithassociation.Credit -> CREDIT
OUT> 14:51:00,257 INFO  [HbmBinder] Mapping joined-subclass: gov.nih.nci.cacoresdk.domain.inheritance.childwithassociation.Cash -> CASH
OUT> 14:51:00,257 INFO  [Configuration] Reading mappings from resource: gov/nih/nci/cacoresdk/domain/inheritance/childwithassociation/Bank.hbm.xml
OUT> 14:51:00,263 INFO  [HbmBinder] Mapping class: gov.nih.nci.cacoresdk.domain.inheritance.childwithassociation.Bank -> BANK
OUT> 14:51:00,263 INFO  [Configuration] Reading mappings from resource: gov/nih/nci/cacoresdk/domain/inheritance/childwithassociation/sametable/Shoes.hbm.xml
OUT> 14:51:00,270 INFO  [HbmBinder] Mapping class: gov.nih.nci.cacoresdk.domain.inheritance.childwithassociation.sametable.Shoes -> SHOES
OUT> 14:51:00,270 INFO  [HbmBinder] Mapping subclass: gov.nih.nci.cacoresdk.domain.inheritance.childwithassociation.sametable.SportsShoes -> SHOES
OUT> 14:51:00,271 INFO  [HbmBinder] Mapping subclass: gov.nih.nci.cacoresdk.domain.inheritance.childwithassociation.sametable.DesignerShoes -> SHOES
OUT> 14:51:00,271 INFO  [Configuration] Reading mappings from resource: gov/nih/nci/cacoresdk/domain/inheritance/childwithassociation/sametable/Designer.hbm.xml
OUT> 14:51:00,278 INFO  [HbmBinder] Mapping class: gov.nih.nci.cacoresdk.domain.inheritance.childwithassociation.sametable.Designer -> DESIGNER
OUT> 14:51:00,278 INFO  [Configuration] Reading mappings from resource: gov/nih/nci/cacoresdk/domain/inheritance/implicit/Substrate.hbm.xml
OUT> 14:51:00,285 INFO  [HbmBinder] Mapping class: gov.nih.nci.cacoresdk.domain.inheritance.implicit.Substrate -> SUBSTRATE
OUT> 14:51:00,285 INFO  [Configuration] Reading mappings from resource: gov/nih/nci/cacoresdk/domain/inheritance/implicit/TankAccessory.hbm.xml
OUT> 14:51:00,291 INFO  [HbmBinder] Mapping class: gov.nih.nci.cacoresdk.domain.inheritance.implicit.TankAccessory -> TANK_ACCESSORY
OUT> 14:51:00,291 INFO  [HbmBinder] Mapping collection: gov.nih.nci.cacoresdk.domain.inheritance.implicit.TankAccessory.tankCollection -> TANK_TANK_ACCESSORY
OUT> 14:51:00,291 INFO  [Configuration] Reading mappings from resource: gov/nih/nci/cacoresdk/domain/inheritance/implicit/Fish.hbm.xml
OUT> 14:51:00,295 INFO  [HbmBinder] Mapping class: gov.nih.nci.cacoresdk.domain.inheritance.implicit.Fish -> FISH
OUT> 14:51:00,295 INFO  [HbmBinder] Mapping subclass: gov.nih.nci.cacoresdk.domain.inheritance.implicit.DiscusFish -> FISH
OUT> 14:51:00,295 INFO  [HbmBinder] Mapping subclass: gov.nih.nci.cacoresdk.domain.inheritance.implicit.AngelFish -> FISH
OUT> 14:51:00,295 INFO  [Configuration] Reading mappings from resource: gov/nih/nci/cacoresdk/domain/inheritance/multiplechild/Student.hbm.xml
OUT> 14:51:00,299 INFO  [HbmBinder] Mapping class: gov.nih.nci.cacoresdk.domain.inheritance.multiplechild.Student -> STUDENT
OUT> 14:51:00,299 INFO  [HbmBinder] Mapping joined-subclass: gov.nih.nci.cacoresdk.domain.inheritance.multiplechild.UndergraduateStudent -> UNDERGRADUATE_STUDENT
OUT> 14:51:00,299 INFO  [HbmBinder] Mapping joined-subclass: gov.nih.nci.cacoresdk.domain.inheritance.multiplechild.GraduateStudent -> GRADUATE_STUDENT
OUT> 14:51:00,299 INFO  [Configuration] Reading mappings from resource: gov/nih/nci/cacoresdk/domain/inheritance/multiplechild/sametable/Organization.hbm.xml
OUT> 14:51:00,303 INFO  [HbmBinder] Mapping class: gov.nih.nci.cacoresdk.domain.inheritance.multiplechild.sametable.Organization -> ORGANIZATION
OUT> 14:51:00,303 INFO  [HbmBinder] Mapping subclass: gov.nih.nci.cacoresdk.domain.inheritance.multiplechild.sametable.PvtOrganization -> ORGANIZATION
OUT> 14:51:00,303 INFO  [HbmBinder] Mapping subclass: gov.nih.nci.cacoresdk.domain.inheritance.multiplechild.sametable.GovtOrganization -> ORGANIZATION
OUT> 14:51:00,303 INFO  [Configuration] Reading mappings from resource: gov/nih/nci/cacoresdk/domain/inheritance/onechild/Mammal.hbm.xml
OUT> 14:51:00,306 INFO  [HbmBinder] Mapping class: gov.nih.nci.cacoresdk.domain.inheritance.onechild.Mammal -> MAMMAL
OUT> 14:51:00,306 INFO  [HbmBinder] Mapping joined-subclass: gov.nih.nci.cacoresdk.domain.inheritance.onechild.Human -> HUMAN
OUT> 14:51:00,307 INFO  [Configuration] Reading mappings from resource: gov/nih/nci/cacoresdk/domain/inheritance/onechild/sametable/Currency.hbm.xml
OUT> 14:51:00,310 INFO  [HbmBinder] Mapping class: gov.nih.nci.cacoresdk.domain.inheritance.onechild.sametable.Currency -> CURRENCY
OUT> 14:51:00,310 INFO  [HbmBinder] Mapping subclass: gov.nih.nci.cacoresdk.domain.inheritance.onechild.sametable.Note -> CURRENCY
OUT> 14:51:00,310 INFO  [Configuration] Reading mappings from resource: gov/nih/nci/cacoresdk/domain/inheritance/parentwithassociation/Professor.hbm.xml
OUT> 14:51:00,315 INFO  [HbmBinder] Mapping class: gov.nih.nci.cacoresdk.domain.inheritance.parentwithassociation.Professor -> PROFESSOR
OUT> 14:51:00,315 INFO  [HbmBinder] Mapping joined-subclass: gov.nih.nci.cacoresdk.domain.inheritance.parentwithassociation.TenuredProfessor -> TENURED_PROFESSOR
OUT> 14:51:00,315 INFO  [HbmBinder] Mapping joined-subclass: gov.nih.nci.cacoresdk.domain.inheritance.parentwithassociation.AssistantProfessor -> ASSISTANT_PROFESSOR
OUT> 14:51:00,316 INFO  [HbmBinder] Mapping joined-subclass: gov.nih.nci.cacoresdk.domain.inheritance.parentwithassociation.AssociateProfessor -> ASSOCIATE_PROFESSOR
OUT> 14:51:00,316 INFO  [Configuration] Reading mappings from resource: gov/nih/nci/cacoresdk/domain/inheritance/parentwithassociation/Assistant.hbm.xml
OUT> 14:51:00,321 INFO  [HbmBinder] Mapping class: gov.nih.nci.cacoresdk.domain.inheritance.parentwithassociation.Assistant -> ASSISTANT
OUT> 14:51:00,321 INFO  [Configuration] Reading mappings from resource: gov/nih/nci/cacoresdk/domain/inheritance/parentwithassociation/sametable/Luggage.hbm.xml
OUT> 14:51:00,326 INFO  [HbmBinder] Mapping class: gov.nih.nci.cacoresdk.domain.inheritance.parentwithassociation.sametable.Luggage -> LUGGAGE
OUT> 14:51:00,326 INFO  [HbmBinder] Mapping subclass: gov.nih.nci.cacoresdk.domain.inheritance.parentwithassociation.sametable.HardTop -> LUGGAGE
OUT> 14:51:00,326 INFO  [HbmBinder] Mapping subclass: gov.nih.nci.cacoresdk.domain.inheritance.parentwithassociation.sametable.HardTopType -> LUGGAGE
OUT> 14:51:00,327 INFO  [HbmBinder] Mapping subclass: gov.nih.nci.cacoresdk.domain.inheritance.parentwithassociation.sametable.SoftTop -> LUGGAGE
OUT> 14:51:00,327 INFO  [Configuration] Reading mappings from resource: gov/nih/nci/cacoresdk/domain/inheritance/parentwithassociation/sametable/Wheel.hbm.xml
OUT> 14:51:00,331 INFO  [HbmBinder] Mapping class: gov.nih.nci.cacoresdk.domain.inheritance.parentwithassociation.sametable.Wheel -> WHEEL
OUT> 14:51:00,332 INFO  [Configuration] Reading mappings from resource: gov/nih/nci/cacoresdk/domain/inheritance/twolevelinheritance/Display.hbm.xml
OUT> 14:51:00,335 INFO  [HbmBinder] Mapping class: gov.nih.nci.cacoresdk.domain.inheritance.twolevelinheritance.Display -> DISPLAY
OUT> 14:51:00,336 INFO  [HbmBinder] Mapping joined-subclass: gov.nih.nci.cacoresdk.domain.inheritance.twolevelinheritance.Monitor -> MONITOR
OUT> 14:51:00,336 INFO  [HbmBinder] Mapping joined-subclass: gov.nih.nci.cacoresdk.domain.inheritance.twolevelinheritance.CRTMonitor -> CRT_MONITOR
OUT> 14:51:00,336 INFO  [HbmBinder] Mapping joined-subclass: gov.nih.nci.cacoresdk.domain.inheritance.twolevelinheritance.LCDMonitor -> LCD_MONITOR
OUT> 14:51:00,336 INFO  [Configuration] Reading mappings from resource: gov/nih/nci/cacoresdk/domain/inheritance/twolevelinheritance/sametable/Goverment.hbm.xml
OUT> 14:51:00,340 INFO  [HbmBinder] Mapping class: gov.nih.nci.cacoresdk.domain.inheritance.twolevelinheritance.sametable.Goverment -> GOVERMENT
OUT> 14:51:00,340 INFO  [HbmBinder] Mapping subclass: gov.nih.nci.cacoresdk.domain.inheritance.twolevelinheritance.sametable.DemocraticGovt -> GOVERMENT
OUT> 14:51:00,340 INFO  [HbmBinder] Mapping subclass: gov.nih.nci.cacoresdk.domain.inheritance.twolevelinheritance.sametable.ParliamantaryGovt -> GOVERMENT
OUT> 14:51:00,340 INFO  [HbmBinder] Mapping subclass: gov.nih.nci.cacoresdk.domain.inheritance.twolevelinheritance.sametable.PresidentialGovt -> GOVERMENT
OUT> 14:51:00,340 INFO  [HbmBinder] Mapping subclass: gov.nih.nci.cacoresdk.domain.inheritance.twolevelinheritance.sametable.CommunistGovt -> GOVERMENT
OUT> 14:51:00,341 INFO  [Configuration] Reading mappings from resource: gov/nih/nci/cacoresdk/domain/inheritance/twolevelinheritance/sametablerootlevel/Calculator.hbm.xml
OUT> 14:51:00,344 INFO  [HbmBinder] Mapping class: gov.nih.nci.cacoresdk.domain.inheritance.twolevelinheritance.sametablerootlevel.Calculator -> CALCULATOR
OUT> 14:51:00,344 INFO  [HbmBinder] Mapping subclass: gov.nih.nci.cacoresdk.domain.inheritance.twolevelinheritance.sametablerootlevel.ScientificCalculator -> CALCULATOR
OUT> 14:51:00,344 INFO  [HbmBinder] Mapping subclass: gov.nih.nci.cacoresdk.domain.inheritance.twolevelinheritance.sametablerootlevel.GraphicCalculator -> CALCULATOR
OUT> 14:51:00,345 INFO  [HbmBinder] Mapping class join: gov.nih.nci.cacoresdk.domain.inheritance.twolevelinheritance.sametablerootlevel.GraphicCalculator -> GRAPHIC_CALCULATOR
OUT> 14:51:00,345 INFO  [HbmBinder] Mapping subclass: gov.nih.nci.cacoresdk.domain.inheritance.twolevelinheritance.sametablerootlevel.FinancialCalculator -> CALCULATOR
OUT> 14:51:00,345 INFO  [Configuration] Reading mappings from resource: gov/nih/nci/cacoresdk/domain/interfaze/Dog.hbm.xml
OUT> 14:51:00,348 INFO  [HbmBinder] Mapping class: gov.nih.nci.cacoresdk.domain.interfaze.Dog -> DOG
OUT> 14:51:00,349 INFO  [Configuration] Reading mappings from resource: gov/nih/nci/cacoresdk/domain/manytomany/bidirectional/Project.hbm.xml
OUT> 14:51:00,352 INFO  [HbmBinder] Mapping class: gov.nih.nci.cacoresdk.domain.manytomany.bidirectional.Project -> PROJECT
OUT> 14:51:00,352 INFO  [HbmBinder] Mapping collection: gov.nih.nci.cacoresdk.domain.manytomany.bidirectional.Project.employeeCollection -> EMPLOYEE_PROJECT
OUT> 14:51:00,352 INFO  [Configuration] Reading mappings from resource: gov/nih/nci/cacoresdk/domain/manytomany/bidirectional/Employee.hbm.xml
OUT> 14:51:00,355 INFO  [HbmBinder] Mapping class: gov.nih.nci.cacoresdk.domain.manytomany.bidirectional.Employee -> EMPLOYEE
OUT> 14:51:00,356 INFO  [HbmBinder] Mapping collection: gov.nih.nci.cacoresdk.domain.manytomany.bidirectional.Employee.projectCollection -> EMPLOYEE_PROJECT
OUT> 14:51:00,356 INFO  [Configuration] Reading mappings from resource: gov/nih/nci/cacoresdk/domain/manytomany/unidirectional/Book.hbm.xml
OUT> 14:51:00,358 INFO  [HbmBinder] Mapping class: gov.nih.nci.cacoresdk.domain.manytomany.unidirectional.Book -> BOOK
OUT> 14:51:00,359 INFO  [HbmBinder] Mapping collection: gov.nih.nci.cacoresdk.domain.manytomany.unidirectional.Book.authorCollection -> AUTHOR_BOOK
OUT> 14:51:00,359 INFO  [Configuration] Reading mappings from resource: gov/nih/nci/cacoresdk/domain/manytomany/unidirectional/Author.hbm.xml
OUT> 14:51:00,361 INFO  [HbmBinder] Mapping class: gov.nih.nci.cacoresdk.domain.manytomany.unidirectional.Author -> AUTHOR
OUT> 14:51:00,361 INFO  [Configuration] Reading mappings from resource: gov/nih/nci/cacoresdk/domain/manytoone/unidirectional/Chef.hbm.xml
OUT> 14:51:00,364 INFO  [HbmBinder] Mapping class: gov.nih.nci.cacoresdk.domain.manytoone.unidirectional.Chef -> CHEF
OUT> 14:51:00,364 INFO  [Configuration] Reading mappings from resource: gov/nih/nci/cacoresdk/domain/manytoone/unidirectional/Restaurant.hbm.xml
OUT> 14:51:00,366 INFO  [HbmBinder] Mapping class: gov.nih.nci.cacoresdk.domain.manytoone.unidirectional.Restaurant -> RESTAURANT
OUT> 14:51:00,367 INFO  [Configuration] Reading mappings from resource: gov/nih/nci/cacoresdk/domain/manytoone/unidirectional/withjoin/Album.hbm.xml
OUT> 14:51:00,371 INFO  [HbmBinder] Mapping class: gov.nih.nci.cacoresdk.domain.manytoone.unidirectional.withjoin.Album -> ALBUM
OUT> 14:51:00,371 INFO  [Configuration] Reading mappings from resource: gov/nih/nci/cacoresdk/domain/manytoone/unidirectional/withjoin/Song.hbm.xml
OUT> 14:51:00,375 INFO  [HbmBinder] Mapping class: gov.nih.nci.cacoresdk.domain.manytoone.unidirectional.withjoin.Song -> SONG
OUT> 14:51:00,375 INFO  [HbmBinder] Mapping class join: gov.nih.nci.cacoresdk.domain.manytoone.unidirectional.withjoin.Song -> ALBUM_SONG
OUT> 14:51:00,375 INFO  [Configuration] Reading mappings from resource: gov/nih/nci/cacoresdk/domain/onetomany/bidirectional/HardDrive.hbm.xml
OUT> 14:51:00,378 INFO  [HbmBinder] Mapping class: gov.nih.nci.cacoresdk.domain.onetomany.bidirectional.HardDrive -> HARD_DRIVE
OUT> 14:51:00,379 INFO  [Configuration] Reading mappings from resource: gov/nih/nci/cacoresdk/domain/onetomany/bidirectional/Computer.hbm.xml
OUT> 14:51:00,381 INFO  [HbmBinder] Mapping class: gov.nih.nci.cacoresdk.domain.onetomany.bidirectional.Computer -> COMPUTER
OUT> 14:51:00,382 INFO  [Configuration] Reading mappings from resource: gov/nih/nci/cacoresdk/domain/onetomany/bidirectional/withjoin/Passanger.hbm.xml
OUT> 14:51:00,384 INFO  [HbmBinder] Mapping class: gov.nih.nci.cacoresdk.domain.onetomany.bidirectional.withjoin.Passanger -> PASSANGER
OUT> 14:51:00,384 INFO  [HbmBinder] Mapping class join: gov.nih.nci.cacoresdk.domain.onetomany.bidirectional.withjoin.Passanger -> FLIGHT_PASSANGER
OUT> 14:51:00,385 INFO  [Configuration] Reading mappings from resource: gov/nih/nci/cacoresdk/domain/onetomany/bidirectional/withjoin/Flight.hbm.xml
OUT> 14:51:00,387 INFO  [HbmBinder] Mapping class: gov.nih.nci.cacoresdk.domain.onetomany.bidirectional.withjoin.Flight -> FLIGHT
OUT> 14:51:00,387 INFO  [HbmBinder] Mapping collection: gov.nih.nci.cacoresdk.domain.onetomany.bidirectional.withjoin.Flight.passangerCollection -> FLIGHT_PASSANGER
OUT> 14:51:00,387 INFO  [Configuration] Reading mappings from resource: gov/nih/nci/cacoresdk/domain/onetomany/selfassociation/Element.hbm.xml
OUT> 14:51:00,390 INFO  [HbmBinder] Mapping class: gov.nih.nci.cacoresdk.domain.onetomany.selfassociation.Element -> ELEMENT
OUT> 14:51:00,390 INFO  [Configuration] Reading mappings from resource: gov/nih/nci/cacoresdk/domain/onetomany/unidirectional/LatchKey.hbm.xml
OUT> 14:51:00,393 INFO  [HbmBinder] Mapping class: gov.nih.nci.cacoresdk.domain.onetomany.unidirectional.LatchKey -> LATCH_KEY
OUT> 14:51:00,393 INFO  [Configuration] Reading mappings from resource: gov/nih/nci/cacoresdk/domain/onetomany/unidirectional/KeyChain.hbm.xml
OUT> 14:51:00,396 INFO  [HbmBinder] Mapping class: gov.nih.nci.cacoresdk.domain.onetomany.unidirectional.KeyChain -> KEYCHAIN
OUT> 14:51:00,396 INFO  [Configuration] Reading mappings from resource: gov/nih/nci/cacoresdk/domain/onetomany/unidirectional/withjoin/Shirt.hbm.xml
OUT> 14:51:00,398 INFO  [HbmBinder] Mapping class: gov.nih.nci.cacoresdk.domain.onetomany.unidirectional.withjoin.Shirt -> SHIRT
OUT> 14:51:00,399 INFO  [HbmBinder] Mapping collection: gov.nih.nci.cacoresdk.domain.onetomany.unidirectional.withjoin.Shirt.buttonCollection -> SHIRT_BUTTON
OUT> 14:51:00,399 INFO  [Configuration] Reading mappings from resource: gov/nih/nci/cacoresdk/domain/onetomany/unidirectional/withjoin/Button.hbm.xml
OUT> 14:51:00,401 INFO  [HbmBinder] Mapping class: gov.nih.nci.cacoresdk.domain.onetomany.unidirectional.withjoin.Button -> BUTTON
OUT> 14:51:00,402 INFO  [Configuration] Reading mappings from resource: gov/nih/nci/cacoresdk/domain/onetoone/bidirectional/OrderLine.hbm.xml
OUT> 14:51:00,404 INFO  [HbmBinder] Mapping class: gov.nih.nci.cacoresdk.domain.onetoone.bidirectional.OrderLine -> ORDERLINE
OUT> 14:51:00,405 INFO  [Configuration] Reading mappings from resource: gov/nih/nci/cacoresdk/domain/onetoone/bidirectional/Product.hbm.xml
OUT> 14:51:00,408 INFO  [HbmBinder] Mapping class: gov.nih.nci.cacoresdk.domain.onetoone.bidirectional.Product -> PRODUCT
OUT> 14:51:00,408 INFO  [Configuration] Reading mappings from resource: gov/nih/nci/cacoresdk/domain/onetoone/bidirectional/withjoin/Chain.hbm.xml
OUT> 14:51:00,411 INFO  [HbmBinder] Mapping class: gov.nih.nci.cacoresdk.domain.onetoone.bidirectional.withjoin.Chain -> CHAIN
OUT> 14:51:00,412 INFO  [HbmBinder] Mapping class join: gov.nih.nci.cacoresdk.domain.onetoone.bidirectional.withjoin.Chain -> CHAIN_PENDANT
OUT> 14:51:00,412 INFO  [Configuration] Reading mappings from resource: gov/nih/nci/cacoresdk/domain/onetoone/bidirectional/withjoin/Pendant.hbm.xml
OUT> 14:51:00,415 INFO  [HbmBinder] Mapping class: gov.nih.nci.cacoresdk.domain.onetoone.bidirectional.withjoin.Pendant -> PENDANT
OUT> 14:51:00,415 INFO  [HbmBinder] Mapping class join: gov.nih.nci.cacoresdk.domain.onetoone.bidirectional.withjoin.Pendant -> CHAIN_PENDANT
OUT> 14:51:00,415 INFO  [Configuration] Reading mappings from resource: gov/nih/nci/cacoresdk/domain/onetoone/multipleassociation/Parent.hbm.xml
OUT> 14:51:00,418 INFO  [HbmBinder] Mapping class: gov.nih.nci.cacoresdk.domain.onetoone.multipleassociation.Parent -> PARENT
OUT> 14:51:00,419 INFO  [Configuration] Reading mappings from resource: gov/nih/nci/cacoresdk/domain/onetoone/multipleassociation/Child.hbm.xml
OUT> 14:51:00,422 INFO  [HbmBinder] Mapping class: gov.nih.nci.cacoresdk.domain.onetoone.multipleassociation.Child -> CHILD
OUT> 14:51:00,422 INFO  [Configuration] Reading mappings from resource: gov/nih/nci/cacoresdk/domain/onetoone/multipleassociation/withjoin/InLaw.hbm.xml
OUT> 14:51:00,425 INFO  [HbmBinder] Mapping class: gov.nih.nci.cacoresdk.domain.onetoone.multipleassociation.withjoin.InLaw -> IN_LAW
OUT> 14:51:00,425 INFO  [Configuration] Reading mappings from resource: gov/nih/nci/cacoresdk/domain/onetoone/multipleassociation/withjoin/Bride.hbm.xml
OUT> 14:51:00,428 INFO  [HbmBinder] Mapping class: gov.nih.nci.cacoresdk.domain.onetoone.multipleassociation.withjoin.Bride -> BRIDE
OUT> 14:51:00,429 INFO  [HbmBinder] Mapping class join: gov.nih.nci.cacoresdk.domain.onetoone.multipleassociation.withjoin.Bride -> BRIDE_FATHER_IN_LAW
OUT> 14:51:00,429 INFO  [HbmBinder] Mapping class join: gov.nih.nci.cacoresdk.domain.onetoone.multipleassociation.withjoin.Bride -> BRIDE_MOTHER_IN_LAW
OUT> 14:51:00,429 INFO  [Configuration] Reading mappings from resource: gov/nih/nci/cacoresdk/domain/onetoone/unidirectional/Person.hbm.xml
OUT> 14:51:00,432 INFO  [HbmBinder] Mapping class: gov.nih.nci.cacoresdk.domain.onetoone.unidirectional.Person -> PERSON
OUT> 14:51:00,432 INFO  [Configuration] Reading mappings from resource: gov/nih/nci/cacoresdk/domain/onetoone/unidirectional/Address.hbm.xml
OUT> 14:51:00,435 INFO  [HbmBinder] Mapping class: gov.nih.nci.cacoresdk.domain.onetoone.unidirectional.Address -> ADDRESS
OUT> 14:51:00,435 INFO  [Configuration] Reading mappings from resource: gov/nih/nci/cacoresdk/domain/onetoone/unidirectional/withjoin/Handle.hbm.xml
OUT> 14:51:00,438 INFO  [HbmBinder] Mapping class: gov.nih.nci.cacoresdk.domain.onetoone.unidirectional.withjoin.Handle -> HANDLE
OUT> 14:51:00,438 INFO  [Configuration] Reading mappings from resource: gov/nih/nci/cacoresdk/domain/onetoone/unidirectional/withjoin/Bag.hbm.xml
OUT> 14:51:00,441 INFO  [HbmBinder] Mapping class: gov.nih.nci.cacoresdk.domain.onetoone.unidirectional.withjoin.Bag -> BAG
OUT> 14:51:00,441 INFO  [HbmBinder] Mapping class join: gov.nih.nci.cacoresdk.domain.onetoone.unidirectional.withjoin.Bag -> BAG_HANDLE
OUT> 14:51:00,441 INFO  [Configuration] Reading mappings from resource: gov/nih/nci/cacoresdk/domain/other/datatype/DsetCdDataType.hbm.xml
OUT> 14:51:00,446 INFO  [HbmBinder] Mapping class: gov.nih.nci.cacoresdk.domain.other.datatype.DsetCdDataType -> DSET_CD
OUT> 14:51:00,446 INFO  [HbmBinder] Mapping collection: gov.nih.nci.cacoresdk.domain.other.datatype.DsetCdDataType.value1.item -> DSET_CD_VALUE1
OUT> 14:51:00,446 INFO  [HbmBinder] Mapping collection: gov.nih.nci.cacoresdk.domain.other.datatype.DsetCdDataType.value2.item -> DSET_CD_VALUE2
OUT> 14:51:00,446 INFO  [HbmBinder] Mapping collection: gov.nih.nci.cacoresdk.domain.other.datatype.DsetCdDataType.value3.item -> DSET_CD_VALUE3
OUT> 14:51:00,446 INFO  [HbmBinder] Mapping collection: gov.nih.nci.cacoresdk.domain.other.datatype.DsetCdDataType.value4.item -> DSET_CD_VALUE4
OUT> 14:51:00,446 INFO  [HbmBinder] Mapping collection: gov.nih.nci.cacoresdk.domain.other.datatype.DsetCdDataType.value5.item -> DSET_CD_VALUE5
OUT> 14:51:00,446 INFO  [HbmBinder] Mapping collection: gov.nih.nci.cacoresdk.domain.other.datatype.DsetCdDataType.value7.item -> DSET_CD_CD_VALUE7
OUT> 14:51:00,446 INFO  [HbmBinder] Mapping class: _xxEntityxx_gov_nih_nci_cacoresdk_domain_other_datatype_DsetCdDataType_value6 -> DSET_CD_VALUE6
OUT> 14:51:00,446 INFO  [HbmBinder] Mapping class: _xxEntityxx_gov_nih_nci_cacoresdk_domain_other_datatype_DsetCdDataType_value7 -> DSET_CD_VALUE7
OUT> 14:51:00,446 INFO  [Configuration] Reading mappings from resource: gov/nih/nci/cacoresdk/domain/other/datatype/EnDataType.hbm.xml
OUT> 14:51:00,450 INFO  [HbmBinder] Mapping class: gov.nih.nci.cacoresdk.domain.other.datatype.EnDataType -> EN_DATATYPE
OUT> 14:51:00,451 INFO  [Configuration] Reading mappings from resource: gov/nih/nci/cacoresdk/domain/other/datatype/BlNonNullDataType.hbm.xml
OUT> 14:51:00,454 INFO  [HbmBinder] Mapping class: gov.nih.nci.cacoresdk.domain.other.datatype.BlNonNullDataType -> BL_NONNULL_DATATYPE
OUT> 14:51:00,454 INFO  [Configuration] Reading mappings from resource: gov/nih/nci/cacoresdk/domain/other/datatype/TelEmailDataType.hbm.xml
OUT> 14:51:00,460 INFO  [HbmBinder] Mapping class: gov.nih.nci.cacoresdk.domain.other.datatype.TelEmailDataType -> TEL_EMAIL_DATATYPE
OUT> 14:51:00,461 INFO  [Configuration] Reading mappings from resource: gov/nih/nci/cacoresdk/domain/other/datatype/PqDataType.hbm.xml
OUT> 14:51:00,464 INFO  [HbmBinder] Mapping class: gov.nih.nci.cacoresdk.domain.other.datatype.PqDataType -> PQ_DATATYPE
OUT> 14:51:00,465 INFO  [Configuration] Reading mappings from resource: gov/nih/nci/cacoresdk/domain/other/datatype/EnOnDataType.hbm.xml
OUT> 14:51:00,470 INFO  [HbmBinder] Mapping class: gov.nih.nci.cacoresdk.domain.other.datatype.EnOnDataType -> EN_ON_DATATYPE
OUT> 14:51:00,470 INFO  [Configuration] Reading mappings from resource: gov/nih/nci/cacoresdk/domain/other/datatype/IvlIntDataType.hbm.xml
OUT> 14:51:00,474 INFO  [HbmBinder] Mapping class: gov.nih.nci.cacoresdk.domain.other.datatype.IvlIntDataType -> IVL_INT
OUT> 14:51:00,475 INFO  [Configuration] Reading mappings from resource: gov/nih/nci/cacoresdk/domain/other/datatype/IvlTsDataType.hbm.xml
OUT> 14:51:00,478 INFO  [HbmBinder] Mapping class: gov.nih.nci.cacoresdk.domain.other.datatype.IvlTsDataType -> IVL_TS
OUT> 14:51:00,479 INFO  [Configuration] Reading mappings from resource: gov/nih/nci/cacoresdk/domain/other/datatype/TelPhoneDataType.hbm.xml
OUT> 14:51:00,481 INFO  [HbmBinder] Mapping class: gov.nih.nci.cacoresdk.domain.other.datatype.TelPhoneDataType -> TEL_PHONE_DATATYPE
OUT> 14:51:00,482 INFO  [Configuration] Reading mappings from resource: gov/nih/nci/cacoresdk/domain/other/datatype/AllDataType.hbm.xml
OUT> 14:51:00,485 INFO  [HbmBinder] Mapping class: gov.nih.nci.cacoresdk.domain.other.datatype.AllDataType -> ALL_DATA_TYPE
OUT> 14:51:00,486 INFO  [HbmBinder] Mapping collection: gov.nih.nci.cacoresdk.domain.other.datatype.AllDataType.stringCollection -> ALL_DATA_TYPE_STRING_COLL
OUT> 14:51:00,486 INFO  [Configuration] Reading mappings from resource: gov/nih/nci/cacoresdk/domain/other/datatype/IntDataType.hbm.xml
OUT> 14:51:00,491 INFO  [HbmBinder] Mapping class: gov.nih.nci.cacoresdk.domain.other.datatype.IntDataType -> INT_DATATYPE
OUT> 14:51:00,492 INFO  [Configuration] Reading mappings from resource: gov/nih/nci/cacoresdk/domain/other/datatype/DsetTelDataType.hbm.xml
OUT> 14:51:00,496 INFO  [HbmBinder] Mapping class: gov.nih.nci.cacoresdk.domain.other.datatype.DsetTelDataType -> DSET_TEL
OUT> 14:51:00,497 INFO  [HbmBinder] Mapping collection: gov.nih.nci.cacoresdk.domain.other.datatype.DsetTelDataType.value1.item -> DSET_TEL_VALUE1
OUT> 14:51:00,497 INFO  [HbmBinder] Mapping collection: gov.nih.nci.cacoresdk.domain.other.datatype.DsetTelDataType.value3.item -> DSET_TEL_TEL_VALUE_3
OUT> 14:51:00,497 INFO  [HbmBinder] Mapping class: _xxEntityxx_gov_nih_nci_cacoresdk_domain_other_datatype_DsetTelDataType_value2 -> DSET_TEL_VALUE2
OUT> 14:51:00,497 INFO  [HbmBinder] Mapping class: _xxEntityxx_gov_nih_nci_cacoresdk_domain_other_datatype_DsetTelDataType_value3 -> DSET_TEL_VALUE3
OUT> 14:51:00,497 INFO  [Configuration] Reading mappings from resource: gov/nih/nci/cacoresdk/domain/other/datatype/TelPersonDataType.hbm.xml
OUT> 14:51:00,500 INFO  [HbmBinder] Mapping class: gov.nih.nci.cacoresdk.domain.other.datatype.TelPersonDataType -> TEL_PERSON_DATATYPE
OUT> 14:51:00,500 INFO  [Configuration] Reading mappings from resource: gov/nih/nci/cacoresdk/domain/other/datatype/IiDataType.hbm.xml
OUT> 14:51:00,504 INFO  [HbmBinder] Mapping class: gov.nih.nci.cacoresdk.domain.other.datatype.IiDataType -> II_DATATYPE
OUT> 14:51:00,505 INFO  [Configuration] Reading mappings from resource: gov/nih/nci/cacoresdk/domain/other/datatype/IvlRealDataType.hbm.xml
OUT> 14:51:00,508 INFO  [HbmBinder] Mapping class: gov.nih.nci.cacoresdk.domain.other.datatype.IvlRealDataType -> IVL_REAL
OUT> 14:51:00,509 INFO  [Configuration] Reading mappings from resource: gov/nih/nci/cacoresdk/domain/other/datatype/DsetAdDataType.hbm.xml
OUT> 14:51:00,516 INFO  [HbmBinder] Mapping class: gov.nih.nci.cacoresdk.domain.other.datatype.DsetAdDataType -> DSET_AD_DATATYPE
OUT> 14:51:00,516 INFO  [HbmBinder] Mapping collection: gov.nih.nci.cacoresdk.domain.other.datatype.DsetAdDataType.value1.item -> DSET_AD_VALUE1
OUT> 14:51:00,516 INFO  [HbmBinder] Mapping collection: gov.nih.nci.cacoresdk.domain.other.datatype.DsetAdDataType.value2.item -> DSET_AD_VALUE2
OUT> 14:51:00,516 INFO  [HbmBinder] Mapping collection: gov.nih.nci.cacoresdk.domain.other.datatype.DsetAdDataType.value3.item -> DSET_AD_VALUE3
OUT> 14:51:00,516 INFO  [HbmBinder] Mapping collection: gov.nih.nci.cacoresdk.domain.other.datatype.DsetAdDataType.value4.item -> DSET_AD_VALUE4
OUT> 14:51:00,516 INFO  [HbmBinder] Mapping collection: gov.nih.nci.cacoresdk.domain.other.datatype.DsetAdDataType.value5.item -> DSET_AD_VALUE5
OUT> 14:51:00,517 INFO  [HbmBinder] Mapping collection: gov.nih.nci.cacoresdk.domain.other.datatype.DsetAdDataType.value6.item -> DSET_AD_VALUE6
OUT> 14:51:00,517 INFO  [HbmBinder] Mapping collection: gov.nih.nci.cacoresdk.domain.other.datatype.DsetAdDataType.value8.item -> DSET_AD_DSET_AD_VALUE8
OUT> 14:51:00,517 INFO  [HbmBinder] Mapping class: _xxEntityxx_gov_nih_nci_cacoresdk_domain_other_datatype_DsetAdDataType_value7 -> DSET_AD_VALUE7
OUT> 14:51:00,517 INFO  [HbmBinder] Mapping class: _xxEntityxx_gov_nih_nci_cacoresdk_domain_other_datatype_DsetAdDataType_value8 -> DSET_AD_VALUE8
OUT> 14:51:00,517 INFO  [Configuration] Reading mappings from resource: gov/nih/nci/cacoresdk/domain/other/datatype/IvlPqDataType.hbm.xml
OUT> 14:51:00,521 INFO  [HbmBinder] Mapping class: gov.nih.nci.cacoresdk.domain.other.datatype.IvlPqDataType -> IVL_PQ
OUT> 14:51:00,522 INFO  [Configuration] Reading mappings from resource: gov/nih/nci/cacoresdk/domain/other/datatype/EnPnDataType.hbm.xml
OUT> 14:51:00,525 INFO  [HbmBinder] Mapping class: gov.nih.nci.cacoresdk.domain.other.datatype.EnPnDataType -> EN_PN_DATATYPE
OUT> 14:51:00,525 INFO  [Configuration] Reading mappings from resource: gov/nih/nci/cacoresdk/domain/other/datatype/RealDataType.hbm.xml
OUT> 14:51:00,528 INFO  [HbmBinder] Mapping class: gov.nih.nci.cacoresdk.domain.other.datatype.RealDataType -> REAL_DATATYPE
OUT> 14:51:00,528 INFO  [Configuration] Reading mappings from resource: gov/nih/nci/cacoresdk/domain/other/datatype/EdDataType.hbm.xml
OUT> 14:51:00,531 INFO  [HbmBinder] Mapping class: gov.nih.nci.cacoresdk.domain.other.datatype.EdDataType -> ED_DATATYPE
OUT> 14:51:00,531 INFO  [Configuration] Reading mappings from resource: gov/nih/nci/cacoresdk/domain/other/datatype/TsDataType.hbm.xml
OUT> 14:51:00,535 INFO  [HbmBinder] Mapping class: gov.nih.nci.cacoresdk.domain.other.datatype.TsDataType -> TS_DATATYPE
OUT> 14:51:00,535 INFO  [Configuration] Reading mappings from resource: gov/nih/nci/cacoresdk/domain/other/datatype/AdDataType.hbm.xml
OUT> 14:51:00,541 INFO  [HbmBinder] Mapping class: gov.nih.nci.cacoresdk.domain.other.datatype.AdDataType -> AD_DATATYPE
OUT> 14:51:00,543 INFO  [HbmBinder] Mapping class join: gov.nih.nci.cacoresdk.domain.other.datatype.AdDataType -> AD_DATATYPE_VALUE7
OUT> 14:51:00,543 INFO  [HbmBinder] Mapping class join: gov.nih.nci.cacoresdk.domain.other.datatype.AdDataType -> AD_AD_DATATYPE_VALUE9
OUT> 14:51:00,544 INFO  [HbmBinder] Mapping class: _xxEntityxx_gov_nih_nci_cacoresdk_domain_other_datatype_AdDataType_value8 -> AD_DATATYPE_VALUE8
OUT> 14:51:00,544 INFO  [HbmBinder] Mapping class: _xxEntityxx_gov_nih_nci_cacoresdk_domain_other_datatype_AdDataType_value9 -> AD_DATATYPE_VALUE9
OUT> 14:51:00,544 INFO  [Configuration] Reading mappings from resource: gov/nih/nci/cacoresdk/domain/other/datatype/ScDataType.hbm.xml
OUT> 14:51:00,548 INFO  [HbmBinder] Mapping class: gov.nih.nci.cacoresdk.domain.other.datatype.ScDataType -> SC_DATATYPE
OUT> 14:51:00,548 INFO  [Configuration] Reading mappings from resource: gov/nih/nci/cacoresdk/domain/other/datatype/StNtDataType.hbm.xml
OUT> 14:51:00,551 INFO  [HbmBinder] Mapping class: gov.nih.nci.cacoresdk.domain.other.datatype.StNtDataType -> ST_NT_DATATYPE
OUT> 14:51:00,551 INFO  [Configuration] Reading mappings from resource: gov/nih/nci/cacoresdk/domain/other/datatype/StDataType.hbm.xml
OUT> 14:51:00,554 INFO  [HbmBinder] Mapping class: gov.nih.nci.cacoresdk.domain.other.datatype.StDataType -> ST_DATATYPE
OUT> 14:51:00,554 INFO  [Configuration] Reading mappings from resource: gov/nih/nci/cacoresdk/domain/other/datatype/DsetIiDataType.hbm.xml
OUT> 14:51:00,558 INFO  [HbmBinder] Mapping class: gov.nih.nci.cacoresdk.domain.other.datatype.DsetIiDataType -> DSET_II
OUT> 14:51:00,558 INFO  [HbmBinder] Mapping collection: gov.nih.nci.cacoresdk.domain.other.datatype.DsetIiDataType.value1.item -> DSET_II_VALUE1
OUT> 14:51:00,559 INFO  [HbmBinder] Mapping collection: gov.nih.nci.cacoresdk.domain.other.datatype.DsetIiDataType.value2.item -> DSET_II_VALUE2
OUT> 14:51:00,559 INFO  [HbmBinder] Mapping collection: gov.nih.nci.cacoresdk.domain.other.datatype.DsetIiDataType.value3.item -> DSET_II_VALUE3
OUT> 14:51:00,559 INFO  [HbmBinder] Mapping collection: gov.nih.nci.cacoresdk.domain.other.datatype.DsetIiDataType.value4.item -> DSET_II_VALUE4
OUT> 14:51:00,559 INFO  [HbmBinder] Mapping collection: gov.nih.nci.cacoresdk.domain.other.datatype.DsetIiDataType.value6.item -> DSET_II_II_VALUE6
OUT> 14:51:00,559 INFO  [HbmBinder] Mapping class: _xxEntityxx_gov_nih_nci_cacoresdk_domain_other_datatype_DsetIiDataType_value5 -> DSET_II_VALUE5
OUT> 14:51:00,559 INFO  [HbmBinder] Mapping class: _xxEntityxx_gov_nih_nci_cacoresdk_domain_other_datatype_DsetIiDataType_value6 -> DSET_II_VALUE6
OUT> 14:51:00,559 INFO  [Configuration] Reading mappings from resource: gov/nih/nci/cacoresdk/domain/other/datatype/EdTextDataType.hbm.xml
OUT> 14:51:00,562 INFO  [HbmBinder] Mapping class: gov.nih.nci.cacoresdk.domain.other.datatype.EdTextDataType -> ED_TEXT_DATATYPE
OUT> 14:51:00,563 INFO  [Configuration] Reading mappings from resource: gov/nih/nci/cacoresdk/domain/other/datatype/CdDataType.hbm.xml
OUT> 14:51:00,568 INFO  [HbmBinder] Mapping class: gov.nih.nci.cacoresdk.domain.other.datatype.CdDataType -> CD_DATATYPE
OUT> 14:51:00,569 INFO  [HbmBinder] Mapping class join: gov.nih.nci.cacoresdk.domain.other.datatype.CdDataType -> CD_DATATYPE_VALUE6
OUT> 14:51:00,569 INFO  [HbmBinder] Mapping class join: gov.nih.nci.cacoresdk.domain.other.datatype.CdDataType -> CD_CD_DATATYPE_VALUE8
OUT> 14:51:00,570 INFO  [HbmBinder] Mapping class: _xxEntityxx_gov_nih_nci_cacoresdk_domain_other_datatype_CdDataType_value7 -> CD_DATATYPE_VALUE7
OUT> 14:51:00,570 INFO  [HbmBinder] Mapping class: _xxEntityxx_gov_nih_nci_cacoresdk_domain_other_datatype_CdDataType_value8 -> CD_DATATYPE_VALUE8
OUT> 14:51:00,570 INFO  [Configuration] Reading mappings from resource: gov/nih/nci/cacoresdk/domain/other/datatype/TelUrlDataType.hbm.xml
OUT> 14:51:00,573 INFO  [HbmBinder] Mapping class: gov.nih.nci.cacoresdk.domain.other.datatype.TelUrlDataType -> TEL_URL_DATATYPE
OUT> 14:51:00,574 INFO  [Configuration] Reading mappings from resource: gov/nih/nci/cacoresdk/domain/other/datatype/TelDataType.hbm.xml
OUT> 14:51:00,577 INFO  [HbmBinder] Mapping class: gov.nih.nci.cacoresdk.domain.other.datatype.TelDataType -> TEL_DATATYPE
OUT> 14:51:00,577 INFO  [Configuration] Reading mappings from resource: gov/nih/nci/cacoresdk/domain/other/datatype/BlDataType.hbm.xml
OUT> 14:51:00,580 INFO  [HbmBinder] Mapping class: gov.nih.nci.cacoresdk.domain.other.datatype.BlDataType -> BL_DATATYPE
OUT> 14:51:00,580 INFO  [Configuration] Reading mappings from resource: gov/nih/nci/cacoresdk/domain/other/differentpackage/Dessert.hbm.xml
OUT> 14:51:00,583 INFO  [HbmBinder] Mapping class: gov.nih.nci.cacoresdk.domain.other.differentpackage.Dessert -> DESSERT
OUT> 14:51:00,583 INFO  [HbmBinder] Mapping collection: gov.nih.nci.cacoresdk.domain.other.differentpackage.Dessert.utensilCollection -> DESSERT_UTENSIL
OUT> 14:51:00,583 INFO  [HbmBinder] Mapping subclass: gov.nih.nci.cacoresdk.domain.other.differentpackage.associations.Pie -> DESSERT
OUT> 14:51:00,583 INFO  [HbmBinder] Mapping subclass: gov.nih.nci.cacoresdk.domain.other.differentpackage.associations.IceCream -> DESSERT
OUT> 14:51:00,584 INFO  [Configuration] Reading mappings from resource: gov/nih/nci/cacoresdk/domain/other/differentpackage/associations/Utensil.hbm.xml
OUT> 14:51:00,587 INFO  [HbmBinder] Mapping class: gov.nih.nci.cacoresdk.domain.other.differentpackage.associations.Utensil -> UTENSIL
OUT> 14:51:00,587 INFO  [HbmBinder] Mapping collection: gov.nih.nci.cacoresdk.domain.other.differentpackage.associations.Utensil.dessertCollection -> DESSERT_UTENSIL
OUT> 14:51:00,587 INFO  [Configuration] Reading mappings from resource: gov/nih/nci/cacoresdk/domain/other/levelassociation/Card.hbm.xml
OUT> 14:51:00,590 INFO  [HbmBinder] Mapping class: gov.nih.nci.cacoresdk.domain.other.levelassociation.Card -> CARD
OUT> 14:51:00,590 INFO  [Configuration] Reading mappings from resource: gov/nih/nci/cacoresdk/domain/other/levelassociation/Deck.hbm.xml
OUT> 14:51:00,593 INFO  [HbmBinder] Mapping class: gov.nih.nci.cacoresdk.domain.other.levelassociation.Deck -> DECK
OUT> 14:51:00,593 INFO  [Configuration] Reading mappings from resource: gov/nih/nci/cacoresdk/domain/other/levelassociation/Hand.hbm.xml
OUT> 14:51:00,596 INFO  [HbmBinder] Mapping class: gov.nih.nci.cacoresdk.domain.other.levelassociation.Hand -> HAND
OUT> 14:51:00,596 INFO  [HbmBinder] Mapping collection: gov.nih.nci.cacoresdk.domain.other.levelassociation.Hand.cardCollection -> HAND_CARD
OUT> 14:51:00,596 INFO  [Configuration] Reading mappings from resource: gov/nih/nci/cacoresdk/domain/other/levelassociation/Suit.hbm.xml
OUT> 14:51:00,599 INFO  [HbmBinder] Mapping class: gov.nih.nci.cacoresdk.domain.other.levelassociation.Suit -> SUIT
OUT> 14:51:00,599 INFO  [Configuration] Reading mappings from resource: gov/nih/nci/cacoresdk/domain/other/primarykey/StringKey.hbm.xml
OUT> 14:51:00,602 INFO  [HbmBinder] Mapping class: gov.nih.nci.cacoresdk.domain.other.primarykey.StringKey -> STRING_KEY
OUT> 14:51:00,602 INFO  [Configuration] Reading mappings from resource: gov/nih/nci/cacoresdk/domain/other/primarykey/IntegerKey.hbm.xml
OUT> 14:51:00,605 INFO  [HbmBinder] Mapping class: gov.nih.nci.cacoresdk.domain.other.primarykey.IntegerKey -> INTEGER_KEY
OUT> 14:51:00,605 INFO  [Configuration] Reading mappings from resource: gov/nih/nci/cacoresdk/domain/other/primarykey/LongPrimitiveKey.hbm.xml
OUT> 14:51:00,608 INFO  [HbmBinder] Mapping class: gov.nih.nci.cacoresdk.domain.other.primarykey.LongPrimitiveKey -> LONG_PRIMITIVE_KEY
OUT> 14:51:00,608 INFO  [Configuration] Reading mappings from resource: gov/nih/nci/cacoresdk/domain/other/primarykey/StringPrimitiveKey.hbm.xml
OUT> 14:51:00,610 INFO  [HbmBinder] Mapping class: gov.nih.nci.cacoresdk.domain.other.primarykey.StringPrimitiveKey -> STRING_PRIMITIVE_KEY
OUT> 14:51:00,610 INFO  [Configuration] Reading mappings from resource: gov/nih/nci/cacoresdk/domain/other/primarykey/FloatPrimitiveKey.hbm.xml
OUT> 14:51:00,613 INFO  [HbmBinder] Mapping class: gov.nih.nci.cacoresdk.domain.other.primarykey.FloatPrimitiveKey -> FLOAT_PRIMITIVE_KEY
OUT> 14:51:00,613 INFO  [Configuration] Reading mappings from resource: gov/nih/nci/cacoresdk/domain/other/primarykey/CharacterKey.hbm.xml
OUT> 14:51:00,615 INFO  [HbmBinder] Mapping class: gov.nih.nci.cacoresdk.domain.other.primarykey.CharacterKey -> CHARACTER_KEY
OUT> 14:51:00,615 INFO  [Configuration] Reading mappings from resource: gov/nih/nci/cacoresdk/domain/other/primarykey/FloatKey.hbm.xml
OUT> 14:51:00,617 INFO  [HbmBinder] Mapping class: gov.nih.nci.cacoresdk.domain.other.primarykey.FloatKey -> FLOAT_KEY
OUT> 14:51:00,617 INFO  [Configuration] Reading mappings from resource: gov/nih/nci/cacoresdk/domain/other/primarykey/LongKey.hbm.xml
OUT> 14:51:00,619 INFO  [HbmBinder] Mapping class: gov.nih.nci.cacoresdk.domain.other.primarykey.LongKey -> LONG_KEY
OUT> 14:51:00,619 INFO  [Configuration] Reading mappings from resource: gov/nih/nci/cacoresdk/domain/other/primarykey/CharacterPrimitiveKey.hbm.xml
OUT> 14:51:00,621 INFO  [HbmBinder] Mapping class: gov.nih.nci.cacoresdk.domain.other.primarykey.CharacterPrimitiveKey -> CHARACTER_PRIMITIVE_KEY
OUT> 14:51:00,621 INFO  [Configuration] Reading mappings from resource: gov/nih/nci/cacoresdk/domain/other/primarykey/NoIdKey.hbm.xml
OUT> 14:51:00,624 INFO  [HbmBinder] Mapping class: gov.nih.nci.cacoresdk.domain.other.primarykey.NoIdKey -> NO_ID_KEY
OUT> 14:51:00,624 INFO  [Configuration] Reading mappings from resource: gov/nih/nci/cacoresdk/domain/other/primarykey/DoubleKey.hbm.xml
OUT> 14:51:00,626 INFO  [HbmBinder] Mapping class: gov.nih.nci.cacoresdk.domain.other.primarykey.DoubleKey -> DOUBLE_KEY
OUT> 14:51:00,626 INFO  [Configuration] Reading mappings from resource: gov/nih/nci/cacoresdk/domain/other/primarykey/IntegerPrimitiveKey.hbm.xml
OUT> 14:51:00,628 INFO  [HbmBinder] Mapping class: gov.nih.nci.cacoresdk.domain.other.primarykey.IntegerPrimitiveKey -> INTEGER_PRIMITIVE_KEY
OUT> 14:51:00,628 INFO  [Configuration] Reading mappings from resource: gov/nih/nci/cacoresdk/domain/other/primarykey/DoublePrimitiveKey.hbm.xml
OUT> 14:51:00,629 INFO  [HbmBinder] Mapping class: gov.nih.nci.cacoresdk.domain.other.primarykey.DoublePrimitiveKey -> DOUBLE_PRIMITIVE_KEY
OUT> 14:51:00,630 INFO  [Configuration] Reading mappings from resource: gov/nih/nci/cacoresdk/domain/other/validationtype/AllValidationType.hbm.xml
OUT> 14:51:00,633 INFO  [HbmBinder] Mapping class: gov.nih.nci.cacoresdk.domain.other.validationtype.AllValidationType -> ALL_VALIDATION_TYPE
OUT> 14:51:00,633 INFO  [Configuration] Reading mappings from resource: gov/nih/nci/cacoresdk/domain/inheritance/implicit/SaltwaterFishTank.hbm.xml
OUT> 14:51:00,643 INFO  [HbmBinder] Mapping class: gov.nih.nci.cacoresdk.domain.inheritance.implicit.SaltwaterFishTank -> SALTWATER_FISH_TANK
OUT> 14:51:00,643 INFO  [HbmBinder] Mapping collection: gov.nih.nci.cacoresdk.domain.inheritance.implicit.SaltwaterFishTank.substrateCollection -> SALTWATER_FISH_TANK_SUBSTRATE
OUT> 14:51:00,643 INFO  [Configuration] Reading mappings from resource: gov/nih/nci/cacoresdk/domain/inheritance/implicit/FreshwaterFishTank.hbm.xml
OUT> 14:51:00,645 INFO  [HbmBinder] Mapping class: gov.nih.nci.cacoresdk.domain.inheritance.implicit.FreshwaterFishTank -> FRESHWATER_FISH_TANK
OUT> 14:51:00,645 INFO  [Configuration] Configured SessionFactory: null
Testing query file allSuperclass.xml
	Gold results file is gold_allSuperclass.xml
Testing query file associationNotNull.xml
	Gold results file is gold_associationNotNull.xml
Testing query file associationWithAttributeEqual.xml
	Gold results file is gold_associationWithAttributeEqual.xml
Testing query file associationWithGroup.xml
	Gold results file is gold_associationWithGroup.xml
Testing query file blNonNullValue.xml
	Gold results file is gold_blNonNullValue.xml
Testing query file cdDataTypeCodeNotNull.xml
	Gold results file is gold_cdDataTypeCodeNotNull.xml
Testing query file cdDataTypeCodeSystemAttribute.xml
	Gold results file is gold_cdDataTypeCodeSystemAttribute.xml
Testing query file countAssociationNotNull.xml
	Gold results file is gold_countAssociationNotNull.xml
Testing query file dsetCdCodeAttributeEqual.xml
	Gold results file is gold_dsetCdCodeAttributeEqual.xml
Testing query file dsetCdEdText.xml
	Gold results file is gold_dsetCdEdText.xml
Testing query file dsetCdEdTextValue.xml
	Gold results file is gold_dsetCdEdTextValue.xml
Testing query file dsetCdNullFlavor.xml
	Gold results file is gold_dsetCdNullFlavor.xml
Testing query file dsetTelAttributeValue.xml
	Gold results file is gold_dsetTelAttributeValue.xml
Testing query file groupOfAssociationsUsingAnd.xml
	Gold results file is gold_groupOfAssociationsUsingAnd.xml
Testing query file groupOfAssociationsUsingOr.xml
	Gold results file is gold_groupOfAssociationsUsingOr.xml
Testing query file groupOfAttributesUsingAnd.xml
	Gold results file is gold_groupOfAttributesUsingAnd.xml
Testing query file groupOfAttributesUsingOr.xml
	Gold results file is gold_groupOfAttributesUsingOr.xml
Testing query file iiRootValue.xml
	Gold results file is gold_iiRootValue.xml
Testing query file ivlIntAttribute.xml
	Gold results file is gold_ivlIntAttribute.xml
Testing query file ivlIntLowClosed.xml
	Gold results file is gold_ivlIntLowClosed.xml
Testing query file ivlPqWidth.xml
	Gold results file is gold_ivlPqWidth.xml
Testing query file ivlTsWidthNullFlavor.xml
	Gold results file is gold_ivlTsWidthNullFlavor.xml
Testing query file nestedAssociations.xml
	Gold results file is gold_nestedAssociations.xml
Testing query file nestedAssociationsNoRoleNames.xml
	Gold results file is gold_nestedAssociationsNoRoleNames.xml
Testing query file nestedGroups.xml
	Gold results file is gold_nestedGroups.xml
Testing query file pqUnitAttribute.xml
	Gold results file is gold_pqUnitAttribute.xml
Testing query file realDataTypeValue.xml
	Gold results file is gold_realDataTypeValue.xml
Testing query file scDataTypeCdCodeSystemAttributeEqual.xml
	Gold results file is gold_scDataTypeCdCodeSystemAttributeEqual.xml
Testing query file undergraduateStudentWithName.xml
	Gold results file is gold_undergraduateStudentWithName.xml
STORY: org.cagrid.tests.data.styles.cacore44.integration.story.SDK44StyleLocalApiStory COMPLETE. Tearing down
OUT> Exception in thread "Thread-41" java.lang.NullPointerException
OUT> 	at org.apache.log4j.LogManager.getLogger(LogManager.java:188)
OUT> 	at org.apache.log4j.Logger.getLogger(Logger.java:104)
OUT> 	at org.apache.commons.logging.impl.Log4JLogger.getLogger(Log4JLogger.java:283)
OUT> 	at org.apache.commons.logging.impl.Log4JLogger.isInfoEnabled(Log4JLogger.java:317)
OUT> 	at net.sf.ehcache.CacheManager$1.run(CacheManager.java:502)

===============================================
STORY: org.cagrid.tests.data.styles.cacore44.integration.story.SDK44StyleRemoteApiStory
STORY: org.cagrid.tests.data.styles.cacore44.integration.story.SDK44StyleRemoteApiStory setting up

> UnpackContainerStep (org.cagrid.tests.data.styles.cacore44.integration.story.SDK44StyleRemoteApiStory)


> DeployExampleProjectStep (org.cagrid.tests.data.styles.cacore44.integration.story.SDK44StyleRemoteApiStory)


> CreateDataServiceStep (org.cagrid.tests.data.styles.cacore44.integration.story.SDK44StyleRemoteApiStory)

OUT> Buildfile: /Users/ervin/Projects/caGrid/caGrid-1_5_release/Software/core/caGrid/projects/introduce/build.xml
OUT> 
OUT> createService:
OUT> 
OUT> setGlobus:
OUT> 
OUT> checkGlobus:
OUT>      [echo] Globus: /Users/ervin/Installs/globus/ws-core-4.0.3-sha2/
OUT> 
OUT> checkLoadPropertiesFile:
OUT> 
OUT> checkInputProps:
OUT> 
OUT> prepareSkeleton:
OUT> 
OUT> copySkeleton:
OUT>      [copy] Copying 43 files to /var/folders/M2/M2eLa4tFElelS2p09b6x7U+++TI/-Tmp-/TestSDK44WithIsoTypesStyleDataService_1316803880820
OUT> [propertyfile] Creating new property file: /var/folders/M2/M2eLa4tFElelS2p09b6x7U+++TI/-Tmp-/TestSDK44WithIsoTypesStyleDataService_1316803880820/introduce.properties
OUT> [createSkeleton] Unable to find required classes (javax.activation.DataHandler and javax.mail.internet.MimeMultipart). Attachment support is disabled.
OUT> [createSkeleton] Loading configuration for Portal Configuration from /Users/ervin/.cagrid/grape/introducePortal-conf.xml
OUT> [createSkeleton] Loading configuration for Service Creation Defaults from /Users/ervin/.cagrid/grape/introduceServiceDefaults-conf.xml
OUT> [createSkeleton] Loading configuration for Global Extension Properties from /Users/ervin/.cagrid/grape/introduceGlobalExtensionProperties-conf.xml
OUT> [createSkeleton] Loading extension: /Users/ervin/Projects/caGrid/caGrid-1_5_release/Software/core/caGrid/projects/introduce/./extensions/bdt/extension.xml
OUT> [createSkeleton] Loading extension: /Users/ervin/Projects/caGrid/caGrid-1_5_release/Software/core/caGrid/projects/introduce/./extensions/caDSR-discovery/extension.xml
OUT> [createSkeleton] Loading extension: /Users/ervin/Projects/caGrid/caGrid-1_5_release/Software/core/caGrid/projects/introduce/./extensions/cagrid_creation_viewer/extension.xml
OUT> [createSkeleton] Loading extension: /Users/ervin/Projects/caGrid/caGrid-1_5_release/Software/core/caGrid/projects/introduce/./extensions/cagrid_gaards_ui/extension.xml
OUT> [createSkeleton] Loading extension: /Users/ervin/Projects/caGrid/caGrid-1_5_release/Software/core/caGrid/projects/introduce/./extensions/cagrid_metadata/extension.xml
OUT> [createSkeleton] Loading extension: /Users/ervin/Projects/caGrid/caGrid-1_5_release/Software/core/caGrid/projects/introduce/./extensions/caGrid_Transfer/extension.xml
OUT> [createSkeleton] Loading extension: /Users/ervin/Projects/caGrid/caGrid-1_5_release/Software/core/caGrid/projects/introduce/./extensions/cagrid_wsEnum/extension.xml
OUT> [createSkeleton] Loading extension: /Users/ervin/Projects/caGrid/caGrid-1_5_release/Software/core/caGrid/projects/introduce/./extensions/csm_auth/extension.xml
OUT> [createSkeleton] Loading extension: /Users/ervin/Projects/caGrid/caGrid-1_5_release/Software/core/caGrid/projects/introduce/./extensions/data/extension.xml
OUT> [createSkeleton] Loading extension: /Users/ervin/Projects/caGrid/caGrid-1_5_release/Software/core/caGrid/projects/introduce/./extensions/domainmodel_viewer/extension.xml
OUT> [createSkeleton] Loading extension: /Users/ervin/Projects/caGrid/caGrid-1_5_release/Software/core/caGrid/projects/introduce/./extensions/enforce_auth/extension.xml
OUT> [createSkeleton] Loading extension: /Users/ervin/Projects/caGrid/caGrid-1_5_release/Software/core/caGrid/projects/introduce/./extensions/file_discovery/extension.xml
OUT> [createSkeleton] Loading extension: /Users/ervin/Projects/caGrid/caGrid-1_5_release/Software/core/caGrid/projects/introduce/./extensions/globus_discovery/extension.xml
OUT> [createSkeleton] Loading extension: /Users/ervin/Projects/caGrid/caGrid-1_5_release/Software/core/caGrid/projects/introduce/./extensions/gme-discovery/extension.xml
OUT> [createSkeleton] Loading extension: /Users/ervin/Projects/caGrid/caGrid-1_5_release/Software/core/caGrid/projects/introduce/./extensions/gridgrouper_auth/extension.xml
OUT> [createSkeleton] Loading extension: /Users/ervin/Projects/caGrid/caGrid-1_5_release/Software/core/caGrid/projects/introduce/./extensions/ISO21090-discovery/extension.xml
OUT> [createSkeleton] Loading extension: /Users/ervin/Projects/caGrid/caGrid-1_5_release/Software/core/caGrid/projects/introduce/./extensions/sdk_discovery/extension.xml
OUT> [createSkeleton] Loading extension: /Users/ervin/Projects/caGrid/caGrid-1_5_release/Software/core/caGrid/projects/introduce/./extensions/service_webapp/extension.xml
OUT> [createSkeleton] Loading extension: /Users/ervin/Projects/caGrid/caGrid-1_5_release/Software/core/caGrid/projects/introduce/./extensions/servicemetadata_editor/extension.xml
OUT> [createSkeleton] Creating new source code in : /var/folders/M2/M2eLa4tFElelS2p09b6x7U+++TI/-Tmp-/TestSDK44WithIsoTypesStyleDataService_1316803880820/src
OUT> [createSkeleton] Loading configuration for Portal Configuration from /Users/ervin/.cagrid/grape/introducePortal-conf.xml
OUT> [createSkeleton] Loading configuration for Service Creation Defaults from /Users/ervin/.cagrid/grape/introduceServiceDefaults-conf.xml
OUT> [createSkeleton] Loading configuration for Global Extension Properties from /Users/ervin/.cagrid/grape/introduceGlobalExtensionProperties-conf.xml
OUT> [createSkeleton] Getting namespaces from schema /var/folders/M2/M2eLa4tFElelS2p09b6x7U+++TI/-Tmp-/TestSDK44WithIsoTypesStyleDataService_1316803880820/schema/TestSDK44WithIsoTypesStyleDataService/./xsd/cagrid/types/security/security.xsd
OUT> [createSkeleton] Getting namespaces from schema /var/folders/M2/M2eLa4tFElelS2p09b6x7U+++TI/-Tmp-/TestSDK44WithIsoTypesStyleDataService_1316803880820/schema/TestSDK44WithIsoTypesStyleDataService/./TestSDK44WithIsoTypesStyleDataServiceTypes.xsd
OUT> [createSkeleton] Searching for classpath libraries: /var/folders/M2/M2eLa4tFElelS2p09b6x7U+++TI/-Tmp-/TestSDK44WithIsoTypesStyleDataService_1316803880820/lib
OUT> 
OUT> setActivePath:
OUT> 
OUT> createService:
OUT> 
OUT> BUILD SUCCESSFUL
OUT> Total time: 1 second
Using remote API
I think the remote client dir is /Users/ervin/Projects/caGrid/caGrid-1_5_release/Software/core/integration-tests/projects/sdk44StyleTests/ext/dependencies/cacore/unpacked/iso-example-project/target/dist/exploded/output/isoExample/package/remote-client
I think the local client dir is /Users/ervin/Projects/caGrid/caGrid-1_5_release/Software/core/integration-tests/projects/sdk44StyleTests/ext/dependencies/cacore/unpacked/iso-example-project/target/dist/exploded/output/isoExample/package/local-client
OUT> Buildfile: /Users/ervin/Projects/caGrid/caGrid-1_5_release/Software/core/caGrid/projects/introduce/build.xml
OUT> 
OUT> postCreateService:
OUT> 
OUT> postCreateService:
OUT> [postCreateSkeleton] Unable to find required classes (javax.activation.DataHandler and javax.mail.internet.MimeMultipart). Attachment support is disabled.
OUT> [postCreateSkeleton] Loading configuration for Portal Configuration from /Users/ervin/.cagrid/grape/introducePortal-conf.xml
OUT> [postCreateSkeleton] Loading configuration for Service Creation Defaults from /Users/ervin/.cagrid/grape/introduceServiceDefaults-conf.xml
OUT> [postCreateSkeleton] Loading configuration for Global Extension Properties from /Users/ervin/.cagrid/grape/introduceGlobalExtensionProperties-conf.xml
OUT> [postCreateSkeleton] Loading extension: /Users/ervin/Projects/caGrid/caGrid-1_5_release/Software/core/caGrid/projects/introduce/./extensions/bdt/extension.xml
OUT> [postCreateSkeleton] Loading extension: /Users/ervin/Projects/caGrid/caGrid-1_5_release/Software/core/caGrid/projects/introduce/./extensions/caDSR-discovery/extension.xml
OUT> [postCreateSkeleton] Loading extension: /Users/ervin/Projects/caGrid/caGrid-1_5_release/Software/core/caGrid/projects/introduce/./extensions/cagrid_creation_viewer/extension.xml
OUT> [postCreateSkeleton] Loading extension: /Users/ervin/Projects/caGrid/caGrid-1_5_release/Software/core/caGrid/projects/introduce/./extensions/cagrid_gaards_ui/extension.xml
OUT> [postCreateSkeleton] Loading extension: /Users/ervin/Projects/caGrid/caGrid-1_5_release/Software/core/caGrid/projects/introduce/./extensions/cagrid_metadata/extension.xml
OUT> [postCreateSkeleton] Loading extension: /Users/ervin/Projects/caGrid/caGrid-1_5_release/Software/core/caGrid/projects/introduce/./extensions/caGrid_Transfer/extension.xml
OUT> [postCreateSkeleton] Loading extension: /Users/ervin/Projects/caGrid/caGrid-1_5_release/Software/core/caGrid/projects/introduce/./extensions/cagrid_wsEnum/extension.xml
OUT> [postCreateSkeleton] Loading extension: /Users/ervin/Projects/caGrid/caGrid-1_5_release/Software/core/caGrid/projects/introduce/./extensions/csm_auth/extension.xml
OUT> [postCreateSkeleton] Loading extension: /Users/ervin/Projects/caGrid/caGrid-1_5_release/Software/core/caGrid/projects/introduce/./extensions/data/extension.xml
OUT> [postCreateSkeleton] Loading extension: /Users/ervin/Projects/caGrid/caGrid-1_5_release/Software/core/caGrid/projects/introduce/./extensions/domainmodel_viewer/extension.xml
OUT> [postCreateSkeleton] Loading extension: /Users/ervin/Projects/caGrid/caGrid-1_5_release/Software/core/caGrid/projects/introduce/./extensions/enforce_auth/extension.xml
OUT> [postCreateSkeleton] Loading extension: /Users/ervin/Projects/caGrid/caGrid-1_5_release/Software/core/caGrid/projects/introduce/./extensions/file_discovery/extension.xml
OUT> [postCreateSkeleton] Loading extension: /Users/ervin/Projects/caGrid/caGrid-1_5_release/Software/core/caGrid/projects/introduce/./extensions/globus_discovery/extension.xml
OUT> [postCreateSkeleton] Loading extension: /Users/ervin/Projects/caGrid/caGrid-1_5_release/Software/core/caGrid/projects/introduce/./extensions/gme-discovery/extension.xml
OUT> [postCreateSkeleton] Loading extension: /Users/ervin/Projects/caGrid/caGrid-1_5_release/Software/core/caGrid/projects/introduce/./extensions/gridgrouper_auth/extension.xml
OUT> [postCreateSkeleton] Loading extension: /Users/ervin/Projects/caGrid/caGrid-1_5_release/Software/core/caGrid/projects/introduce/./extensions/ISO21090-discovery/extension.xml
OUT> [postCreateSkeleton] Loading extension: /Users/ervin/Projects/caGrid/caGrid-1_5_release/Software/core/caGrid/projects/introduce/./extensions/sdk_discovery/extension.xml
OUT> [postCreateSkeleton] Loading extension: /Users/ervin/Projects/caGrid/caGrid-1_5_release/Software/core/caGrid/projects/introduce/./extensions/service_webapp/extension.xml
OUT> [postCreateSkeleton] Loading extension: /Users/ervin/Projects/caGrid/caGrid-1_5_release/Software/core/caGrid/projects/introduce/./extensions/servicemetadata_editor/extension.xml
OUT> [postCreateSkeleton] Copying schemas to /var/folders/M2/M2eLa4tFElelS2p09b6x7U+++TI/-Tmp-/TestSDK44WithIsoTypesStyleDataService_1316803880820/schema/TestSDK44WithIsoTypesStyleDataService/xsd
OUT> [postCreateSkeleton] Copying schema from /Users/ervin/Projects/caGrid/caGrid-1_5_release/Software/core/caGrid/projects/introduce/./extensions/cagrid_metadata/schema/cagrid/types/caGridMetadata.xsd
OUT> [postCreateSkeleton] Saving schema to /var/folders/M2/M2eLa4tFElelS2p09b6x7U+++TI/-Tmp-/TestSDK44WithIsoTypesStyleDataService_1316803880820/schema/TestSDK44WithIsoTypesStyleDataService/xsd/cagrid/types/caGridMetadata.xsd
OUT> [postCreateSkeleton] Copying schema from /Users/ervin/Projects/caGrid/caGrid-1_5_release/Software/core/caGrid/projects/introduce/./extensions/cagrid_metadata/schema/cagrid/types/common/common.xsd
OUT> [postCreateSkeleton] Saving schema to /var/folders/M2/M2eLa4tFElelS2p09b6x7U+++TI/-Tmp-/TestSDK44WithIsoTypesStyleDataService_1316803880820/schema/TestSDK44WithIsoTypesStyleDataService/xsd/cagrid/types/common/common.xsd
OUT> [postCreateSkeleton] Copying schema from /Users/ervin/Projects/caGrid/caGrid-1_5_release/Software/core/caGrid/projects/introduce/./extensions/cagrid_metadata/schema/cagrid/types/data/data.xsd
OUT> [postCreateSkeleton] Saving schema to /var/folders/M2/M2eLa4tFElelS2p09b6x7U+++TI/-Tmp-/TestSDK44WithIsoTypesStyleDataService_1316803880820/schema/TestSDK44WithIsoTypesStyleDataService/xsd/cagrid/types/data/data.xsd
OUT> [postCreateSkeleton] Copying schema from /Users/ervin/Projects/caGrid/caGrid-1_5_release/Software/core/caGrid/projects/introduce/./extensions/cagrid_metadata/schema/cagrid/types/security/security.xsd
OUT> [postCreateSkeleton] Saving schema to /var/folders/M2/M2eLa4tFElelS2p09b6x7U+++TI/-Tmp-/TestSDK44WithIsoTypesStyleDataService_1316803880820/schema/TestSDK44WithIsoTypesStyleDataService/xsd/cagrid/types/security/security.xsd
OUT> [postCreateSkeleton] Copying schema from /Users/ervin/Projects/caGrid/caGrid-1_5_release/Software/core/caGrid/projects/introduce/./extensions/cagrid_metadata/schema/cagrid/types/service/servicemodel.xsd
OUT> [postCreateSkeleton] Saving schema to /var/folders/M2/M2eLa4tFElelS2p09b6x7U+++TI/-Tmp-/TestSDK44WithIsoTypesStyleDataService_1316803880820/schema/TestSDK44WithIsoTypesStyleDataService/xsd/cagrid/types/service/servicemodel.xsd
OUT> [postCreateSkeleton] Modifying namespace definitions
OUT> [postCreateSkeleton] Copying schemas to /var/folders/M2/M2eLa4tFElelS2p09b6x7U+++TI/-Tmp-/TestSDK44WithIsoTypesStyleDataService_1316803880820/schema/TestSDK44WithIsoTypesStyleDataService
OUT> [postCreateSkeleton] Namespace already exists and is being ignored: gme://caGrid.caBIG/1.0/gov.nih.nci.cagrid.metadata
OUT> [postCreateSkeleton] java.lang.Throwable
OUT> [postCreateSkeleton] 	at gov.nih.nci.cagrid.introduce.common.CommonTools.addNamespace(CommonTools.java:1055)
OUT> [postCreateSkeleton] 	at gov.nih.nci.cagrid.data.creation.DataServiceQueryOperationProviderCreator.addDataServiceNamespaces(DataServiceQueryOperationProviderCreator.java:201)
OUT> [postCreateSkeleton] 	at gov.nih.nci.cagrid.data.creation.DataServiceQueryOperationProviderCreator.postCreate(DataServiceQueryOperationProviderCreator.java:97)
OUT> [postCreateSkeleton] 	at gov.nih.nci.cagrid.introduce.creator.SkeletonPostCreator.execute(SkeletonPostCreator.java:79)
OUT> [postCreateSkeleton] 	at org.apache.tools.ant.UnknownElement.execute(UnknownElement.java:288)
OUT> [postCreateSkeleton] 	at sun.reflect.GeneratedMethodAccessor1.invoke(Unknown Source)
OUT> [postCreateSkeleton] 	at sun.reflect.DelegatingMethodAccessorImpl.invoke(DelegatingMethodAccessorImpl.java:25)
OUT> [postCreateSkeleton] 	at java.lang.reflect.Method.invoke(Method.java:597)
OUT> [postCreateSkeleton] 	at org.apache.tools.ant.dispatch.DispatchUtils.execute(DispatchUtils.java:106)
OUT> [postCreateSkeleton] 	at org.apache.tools.ant.Task.perform(Task.java:348)
OUT> [postCreateSkeleton] 	at org.apache.tools.ant.Target.execute(Target.java:357)
OUT> [postCreateSkeleton] 	at org.apache.tools.ant.Target.performTasks(Target.java:385)
OUT> [postCreateSkeleton] 	at org.apache.tools.ant.Project.executeSortedTargets(Project.java:1337)
OUT> [postCreateSkeleton] 	at org.apache.tools.ant.helper.SingleCheckExecutor.executeTargets(SingleCheckExecutor.java:38)
OUT> [postCreateSkeleton] 	at org.apache.tools.ant.Project.executeTargets(Project.java:1189)
OUT> [postCreateSkeleton] 	at org.apache.tools.ant.taskdefs.Ant.execute(Ant.java:416)
OUT> [postCreateSkeleton] 	at org.apache.tools.ant.UnknownElement.execute(UnknownElement.java:288)
OUT> [postCreateSkeleton] 	at sun.reflect.GeneratedMethodAccessor1.invoke(Unknown Source)
OUT> [postCreateSkeleton] 	at sun.reflect.DelegatingMethodAccessorImpl.invoke(DelegatingMethodAccessorImpl.java:25)
OUT> [postCreateSkeleton] 	at java.lang.reflect.Method.invoke(Method.java:597)
OUT> [postCreateSkeleton] 	at org.apache.tools.ant.dispatch.DispatchUtils.execute(DispatchUtils.java:106)
OUT> [postCreateSkeleton] 	at org.apache.tools.ant.Task.perform(Task.java:348)
OUT> [postCreateSkeleton] 	at org.apache.tools.ant.Target.execute(Target.java:357)
OUT> [postCreateSkeleton] 	at org.apache.tools.ant.Target.performTasks(Target.java:385)
OUT> [postCreateSkeleton] 	at org.apache.tools.ant.Project.executeSortedTargets(Project.java:1337)
OUT> [postCreateSkeleton] 	at org.apache.tools.ant.Project.executeTarget(Project.java:1306)
OUT> [postCreateSkeleton] 	at org.apache.tools.ant.helper.DefaultExecutor.executeTargets(DefaultExecutor.java:41)
OUT> [postCreateSkeleton] 	at org.apache.tools.ant.Project.executeTargets(Project.java:1189)
OUT> [postCreateSkeleton] 	at org.apache.tools.ant.Main.runBuild(Main.java:758)
OUT> [postCreateSkeleton] 	at org.apache.tools.ant.Main.startAnt(Main.java:217)
OUT> [postCreateSkeleton] 	at org.apache.tools.ant.launch.Launcher.run(Launcher.java:257)
OUT> [postCreateSkeleton] 	at org.apache.tools.ant.launch.Launcher.main(Launcher.java:104)
OUT> [postCreateSkeleton] queryProcessorClass property is already defined as 
OUT> [postCreateSkeleton] cql2QueryProcessorClass property is already defined as org.cagrid.data.sdkquery44.processor.cql2.SDK44CQL2QueryProcessor
OUT> [postCreateSkeleton] Editing client config wsdd at /var/folders/M2/M2eLa4tFElelS2p09b6x7U+++TI/-Tmp-/TestSDK44WithIsoTypesStyleDataService_1316803880820/src/org/cagrid/sdkquery44/test/client/client-config.wsdd
OUT> [postCreateSkeleton] Editing server config wsdd at /var/folders/M2/M2eLa4tFElelS2p09b6x7U+++TI/-Tmp-/TestSDK44WithIsoTypesStyleDataService_1316803880820/server-config.wsdd
OUT> [postCreateSkeleton] Castor mapping file /var/folders/M2/M2eLa4tFElelS2p09b6x7U+++TI/-Tmp-/TestSDK44WithIsoTypesStyleDataService_1316803880820/src/org/cagrid/sdkquery44/test/TestSDK44WithIsoTypesStyleDataService-xml-mapping.xml not found... this is OK if you're using JaxB serialization
OUT> 
OUT> checkResyncInputProps:
OUT> 
OUT> prepareResyncSkeleton:
OUT> 
OUT> resyncService:
OUT>      [java] Unable to find required classes (javax.activation.DataHandler and javax.mail.internet.MimeMultipart). Attachment support is disabled.
OUT>      [java] Previous properties file /var/folders/M2/M2eLa4tFElelS2p09b6x7U+++TI/-Tmp-/TestSDK44WithIsoTypesStyleDataService_1316803880820/introduce.properties.prev did not exist
OUT>      [java] Getting namespaces from schema /var/folders/M2/M2eLa4tFElelS2p09b6x7U+++TI/-Tmp-/TestSDK44WithIsoTypesStyleDataService_1316803880820/schema/TestSDK44WithIsoTypesStyleDataService/gov.nih.nci.cacoresdk.domain.inheritance.abstrakt.xsd
OUT>      [java] adding namepace uri:iso.org:21090
OUT>      [java] Getting namespaces from schema /private/var/folders/M2/M2eLa4tFElelS2p09b6x7U+++TI/-Tmp-/TestSDK44WithIsoTypesStyleDataService_1316803880820/schema/TestSDK44WithIsoTypesStyleDataService/ISO_datatypes_Narrative.xsd
OUT>      [java] Getting namespaces from schema /var/folders/M2/M2eLa4tFElelS2p09b6x7U+++TI/-Tmp-/TestSDK44WithIsoTypesStyleDataService_1316803880820/schema/TestSDK44WithIsoTypesStyleDataService/gov.nih.nci.cacoresdk.domain.inheritance.childwithassociation.sametable.xsd
OUT>      [java] Getting namespaces from schema /private/var/folders/M2/M2eLa4tFElelS2p09b6x7U+++TI/-Tmp-/TestSDK44WithIsoTypesStyleDataService_1316803880820/schema/TestSDK44WithIsoTypesStyleDataService/ISO_datatypes_Narrative.xsd
OUT>      [java] Getting namespaces from schema /var/folders/M2/M2eLa4tFElelS2p09b6x7U+++TI/-Tmp-/TestSDK44WithIsoTypesStyleDataService_1316803880820/schema/TestSDK44WithIsoTypesStyleDataService/gov.nih.nci.cacoresdk.domain.inheritance.childwithassociation.xsd
OUT>      [java] Getting namespaces from schema /private/var/folders/M2/M2eLa4tFElelS2p09b6x7U+++TI/-Tmp-/TestSDK44WithIsoTypesStyleDataService_1316803880820/schema/TestSDK44WithIsoTypesStyleDataService/ISO_datatypes_Narrative.xsd
OUT>      [java] Getting namespaces from schema /var/folders/M2/M2eLa4tFElelS2p09b6x7U+++TI/-Tmp-/TestSDK44WithIsoTypesStyleDataService_1316803880820/schema/TestSDK44WithIsoTypesStyleDataService/gov.nih.nci.cacoresdk.domain.inheritance.implicit.xsd
OUT>      [java] Getting namespaces from schema /private/var/folders/M2/M2eLa4tFElelS2p09b6x7U+++TI/-Tmp-/TestSDK44WithIsoTypesStyleDataService_1316803880820/schema/TestSDK44WithIsoTypesStyleDataService/ISO_datatypes_Narrative.xsd
OUT>      [java] Getting namespaces from schema /var/folders/M2/M2eLa4tFElelS2p09b6x7U+++TI/-Tmp-/TestSDK44WithIsoTypesStyleDataService_1316803880820/schema/TestSDK44WithIsoTypesStyleDataService/gov.nih.nci.cacoresdk.domain.inheritance.multiplechild.sametable.xsd
OUT>      [java] Getting namespaces from schema /private/var/folders/M2/M2eLa4tFElelS2p09b6x7U+++TI/-Tmp-/TestSDK44WithIsoTypesStyleDataService_1316803880820/schema/TestSDK44WithIsoTypesStyleDataService/ISO_datatypes_Narrative.xsd
OUT>      [java] Getting namespaces from schema /var/folders/M2/M2eLa4tFElelS2p09b6x7U+++TI/-Tmp-/TestSDK44WithIsoTypesStyleDataService_1316803880820/schema/TestSDK44WithIsoTypesStyleDataService/gov.nih.nci.cacoresdk.domain.inheritance.multiplechild.xsd
OUT>      [java] Getting namespaces from schema /private/var/folders/M2/M2eLa4tFElelS2p09b6x7U+++TI/-Tmp-/TestSDK44WithIsoTypesStyleDataService_1316803880820/schema/TestSDK44WithIsoTypesStyleDataService/ISO_datatypes_Narrative.xsd
OUT>      [java] Getting namespaces from schema /var/folders/M2/M2eLa4tFElelS2p09b6x7U+++TI/-Tmp-/TestSDK44WithIsoTypesStyleDataService_1316803880820/schema/TestSDK44WithIsoTypesStyleDataService/gov.nih.nci.cacoresdk.domain.inheritance.onechild.sametable.xsd
OUT>      [java] Getting namespaces from schema /private/var/folders/M2/M2eLa4tFElelS2p09b6x7U+++TI/-Tmp-/TestSDK44WithIsoTypesStyleDataService_1316803880820/schema/TestSDK44WithIsoTypesStyleDataService/ISO_datatypes_Narrative.xsd
OUT>      [java] Getting namespaces from schema /var/folders/M2/M2eLa4tFElelS2p09b6x7U+++TI/-Tmp-/TestSDK44WithIsoTypesStyleDataService_1316803880820/schema/TestSDK44WithIsoTypesStyleDataService/gov.nih.nci.cacoresdk.domain.inheritance.onechild.xsd
OUT>      [java] Getting namespaces from schema /private/var/folders/M2/M2eLa4tFElelS2p09b6x7U+++TI/-Tmp-/TestSDK44WithIsoTypesStyleDataService_1316803880820/schema/TestSDK44WithIsoTypesStyleDataService/ISO_datatypes_Narrative.xsd
OUT>      [java] Getting namespaces from schema /var/folders/M2/M2eLa4tFElelS2p09b6x7U+++TI/-Tmp-/TestSDK44WithIsoTypesStyleDataService_1316803880820/schema/TestSDK44WithIsoTypesStyleDataService/gov.nih.nci.cacoresdk.domain.inheritance.parentwithassociation.sametable.xsd
OUT>      [java] Getting namespaces from schema /private/var/folders/M2/M2eLa4tFElelS2p09b6x7U+++TI/-Tmp-/TestSDK44WithIsoTypesStyleDataService_1316803880820/schema/TestSDK44WithIsoTypesStyleDataService/ISO_datatypes_Narrative.xsd
OUT>      [java] Getting namespaces from schema /var/folders/M2/M2eLa4tFElelS2p09b6x7U+++TI/-Tmp-/TestSDK44WithIsoTypesStyleDataService_1316803880820/schema/TestSDK44WithIsoTypesStyleDataService/gov.nih.nci.cacoresdk.domain.inheritance.parentwithassociation.xsd
OUT>      [java] Getting namespaces from schema /private/var/folders/M2/M2eLa4tFElelS2p09b6x7U+++TI/-Tmp-/TestSDK44WithIsoTypesStyleDataService_1316803880820/schema/TestSDK44WithIsoTypesStyleDataService/ISO_datatypes_Narrative.xsd
OUT>      [java] Getting namespaces from schema /var/folders/M2/M2eLa4tFElelS2p09b6x7U+++TI/-Tmp-/TestSDK44WithIsoTypesStyleDataService_1316803880820/schema/TestSDK44WithIsoTypesStyleDataService/gov.nih.nci.cacoresdk.domain.inheritance.twolevelinheritance.sametable.xsd
OUT>      [java] Getting namespaces from schema /private/var/folders/M2/M2eLa4tFElelS2p09b6x7U+++TI/-Tmp-/TestSDK44WithIsoTypesStyleDataService_1316803880820/schema/TestSDK44WithIsoTypesStyleDataService/ISO_datatypes_Narrative.xsd
OUT>      [java] Getting namespaces from schema /var/folders/M2/M2eLa4tFElelS2p09b6x7U+++TI/-Tmp-/TestSDK44WithIsoTypesStyleDataService_1316803880820/schema/TestSDK44WithIsoTypesStyleDataService/gov.nih.nci.cacoresdk.domain.inheritance.twolevelinheritance.sametablerootlevel.xsd
OUT>      [java] Getting namespaces from schema /private/var/folders/M2/M2eLa4tFElelS2p09b6x7U+++TI/-Tmp-/TestSDK44WithIsoTypesStyleDataService_1316803880820/schema/TestSDK44WithIsoTypesStyleDataService/ISO_datatypes_Narrative.xsd
OUT>      [java] Getting namespaces from schema /var/folders/M2/M2eLa4tFElelS2p09b6x7U+++TI/-Tmp-/TestSDK44WithIsoTypesStyleDataService_1316803880820/schema/TestSDK44WithIsoTypesStyleDataService/gov.nih.nci.cacoresdk.domain.inheritance.twolevelinheritance.xsd
OUT>      [java] Getting namespaces from schema /private/var/folders/M2/M2eLa4tFElelS2p09b6x7U+++TI/-Tmp-/TestSDK44WithIsoTypesStyleDataService_1316803880820/schema/TestSDK44WithIsoTypesStyleDataService/ISO_datatypes_Narrative.xsd
OUT>      [java] Getting namespaces from schema /var/folders/M2/M2eLa4tFElelS2p09b6x7U+++TI/-Tmp-/TestSDK44WithIsoTypesStyleDataService_1316803880820/schema/TestSDK44WithIsoTypesStyleDataService/gov.nih.nci.cacoresdk.domain.interfaze.xsd
OUT>      [java] Getting namespaces from schema /private/var/folders/M2/M2eLa4tFElelS2p09b6x7U+++TI/-Tmp-/TestSDK44WithIsoTypesStyleDataService_1316803880820/schema/TestSDK44WithIsoTypesStyleDataService/ISO_datatypes_Narrative.xsd
OUT>      [java] Getting namespaces from schema /var/folders/M2/M2eLa4tFElelS2p09b6x7U+++TI/-Tmp-/TestSDK44WithIsoTypesStyleDataService_1316803880820/schema/TestSDK44WithIsoTypesStyleDataService/gov.nih.nci.cacoresdk.domain.manytomany.bidirectional.xsd
OUT>      [java] Getting namespaces from schema /private/var/folders/M2/M2eLa4tFElelS2p09b6x7U+++TI/-Tmp-/TestSDK44WithIsoTypesStyleDataService_1316803880820/schema/TestSDK44WithIsoTypesStyleDataService/ISO_datatypes_Narrative.xsd
OUT>      [java] Getting namespaces from schema /var/folders/M2/M2eLa4tFElelS2p09b6x7U+++TI/-Tmp-/TestSDK44WithIsoTypesStyleDataService_1316803880820/schema/TestSDK44WithIsoTypesStyleDataService/gov.nih.nci.cacoresdk.domain.manytomany.unidirectional.xsd
OUT>      [java] Getting namespaces from schema /private/var/folders/M2/M2eLa4tFElelS2p09b6x7U+++TI/-Tmp-/TestSDK44WithIsoTypesStyleDataService_1316803880820/schema/TestSDK44WithIsoTypesStyleDataService/ISO_datatypes_Narrative.xsd
OUT>      [java] Getting namespaces from schema /var/folders/M2/M2eLa4tFElelS2p09b6x7U+++TI/-Tmp-/TestSDK44WithIsoTypesStyleDataService_1316803880820/schema/TestSDK44WithIsoTypesStyleDataService/gov.nih.nci.cacoresdk.domain.manytoone.unidirectional.withjoin.xsd
OUT>      [java] Getting namespaces from schema /private/var/folders/M2/M2eLa4tFElelS2p09b6x7U+++TI/-Tmp-/TestSDK44WithIsoTypesStyleDataService_1316803880820/schema/TestSDK44WithIsoTypesStyleDataService/ISO_datatypes_Narrative.xsd
OUT>      [java] Getting namespaces from schema /var/folders/M2/M2eLa4tFElelS2p09b6x7U+++TI/-Tmp-/TestSDK44WithIsoTypesStyleDataService_1316803880820/schema/TestSDK44WithIsoTypesStyleDataService/gov.nih.nci.cacoresdk.domain.manytoone.unidirectional.xsd
OUT>      [java] Getting namespaces from schema /private/var/folders/M2/M2eLa4tFElelS2p09b6x7U+++TI/-Tmp-/TestSDK44WithIsoTypesStyleDataService_1316803880820/schema/TestSDK44WithIsoTypesStyleDataService/ISO_datatypes_Narrative.xsd
OUT>      [java] Getting namespaces from schema /var/folders/M2/M2eLa4tFElelS2p09b6x7U+++TI/-Tmp-/TestSDK44WithIsoTypesStyleDataService_1316803880820/schema/TestSDK44WithIsoTypesStyleDataService/gov.nih.nci.cacoresdk.domain.onetomany.bidirectional.withjoin.xsd
OUT>      [java] Getting namespaces from schema /private/var/folders/M2/M2eLa4tFElelS2p09b6x7U+++TI/-Tmp-/TestSDK44WithIsoTypesStyleDataService_1316803880820/schema/TestSDK44WithIsoTypesStyleDataService/ISO_datatypes_Narrative.xsd
OUT>      [java] Getting namespaces from schema /var/folders/M2/M2eLa4tFElelS2p09b6x7U+++TI/-Tmp-/TestSDK44WithIsoTypesStyleDataService_1316803880820/schema/TestSDK44WithIsoTypesStyleDataService/gov.nih.nci.cacoresdk.domain.onetomany.bidirectional.xsd
OUT>      [java] Getting namespaces from schema /private/var/folders/M2/M2eLa4tFElelS2p09b6x7U+++TI/-Tmp-/TestSDK44WithIsoTypesStyleDataService_1316803880820/schema/TestSDK44WithIsoTypesStyleDataService/ISO_datatypes_Narrative.xsd
OUT>      [java] Getting namespaces from schema /var/folders/M2/M2eLa4tFElelS2p09b6x7U+++TI/-Tmp-/TestSDK44WithIsoTypesStyleDataService_1316803880820/schema/TestSDK44WithIsoTypesStyleDataService/gov.nih.nci.cacoresdk.domain.onetomany.selfassociation.xsd
OUT>      [java] Getting namespaces from schema /private/var/folders/M2/M2eLa4tFElelS2p09b6x7U+++TI/-Tmp-/TestSDK44WithIsoTypesStyleDataService_1316803880820/schema/TestSDK44WithIsoTypesStyleDataService/ISO_datatypes_Narrative.xsd
OUT>      [java] Getting namespaces from schema /var/folders/M2/M2eLa4tFElelS2p09b6x7U+++TI/-Tmp-/TestSDK44WithIsoTypesStyleDataService_1316803880820/schema/TestSDK44WithIsoTypesStyleDataService/gov.nih.nci.cacoresdk.domain.onetomany.unidirectional.withjoin.xsd
OUT>      [java] Getting namespaces from schema /private/var/folders/M2/M2eLa4tFElelS2p09b6x7U+++TI/-Tmp-/TestSDK44WithIsoTypesStyleDataService_1316803880820/schema/TestSDK44WithIsoTypesStyleDataService/ISO_datatypes_Narrative.xsd
OUT>      [java] Getting namespaces from schema /var/folders/M2/M2eLa4tFElelS2p09b6x7U+++TI/-Tmp-/TestSDK44WithIsoTypesStyleDataService_1316803880820/schema/TestSDK44WithIsoTypesStyleDataService/gov.nih.nci.cacoresdk.domain.onetomany.unidirectional.xsd
OUT>      [java] Getting namespaces from schema /private/var/folders/M2/M2eLa4tFElelS2p09b6x7U+++TI/-Tmp-/TestSDK44WithIsoTypesStyleDataService_1316803880820/schema/TestSDK44WithIsoTypesStyleDataService/ISO_datatypes_Narrative.xsd
OUT>      [java] Getting namespaces from schema /var/folders/M2/M2eLa4tFElelS2p09b6x7U+++TI/-Tmp-/TestSDK44WithIsoTypesStyleDataService_1316803880820/schema/TestSDK44WithIsoTypesStyleDataService/gov.nih.nci.cacoresdk.domain.onetoone.bidirectional.withjoin.xsd
OUT>      [java] Getting namespaces from schema /private/var/folders/M2/M2eLa4tFElelS2p09b6x7U+++TI/-Tmp-/TestSDK44WithIsoTypesStyleDataService_1316803880820/schema/TestSDK44WithIsoTypesStyleDataService/ISO_datatypes_Narrative.xsd
OUT>      [java] Getting namespaces from schema /var/folders/M2/M2eLa4tFElelS2p09b6x7U+++TI/-Tmp-/TestSDK44WithIsoTypesStyleDataService_1316803880820/schema/TestSDK44WithIsoTypesStyleDataService/gov.nih.nci.cacoresdk.domain.onetoone.bidirectional.xsd
OUT>      [java] Getting namespaces from schema /private/var/folders/M2/M2eLa4tFElelS2p09b6x7U+++TI/-Tmp-/TestSDK44WithIsoTypesStyleDataService_1316803880820/schema/TestSDK44WithIsoTypesStyleDataService/ISO_datatypes_Narrative.xsd
OUT>      [java] Getting namespaces from schema /var/folders/M2/M2eLa4tFElelS2p09b6x7U+++TI/-Tmp-/TestSDK44WithIsoTypesStyleDataService_1316803880820/schema/TestSDK44WithIsoTypesStyleDataService/gov.nih.nci.cacoresdk.domain.onetoone.multipleassociation.withjoin.xsd
OUT>      [java] Getting namespaces from schema /private/var/folders/M2/M2eLa4tFElelS2p09b6x7U+++TI/-Tmp-/TestSDK44WithIsoTypesStyleDataService_1316803880820/schema/TestSDK44WithIsoTypesStyleDataService/ISO_datatypes_Narrative.xsd
OUT>      [java] Getting namespaces from schema /var/folders/M2/M2eLa4tFElelS2p09b6x7U+++TI/-Tmp-/TestSDK44WithIsoTypesStyleDataService_1316803880820/schema/TestSDK44WithIsoTypesStyleDataService/gov.nih.nci.cacoresdk.domain.onetoone.multipleassociation.xsd
OUT>      [java] Getting namespaces from schema /private/var/folders/M2/M2eLa4tFElelS2p09b6x7U+++TI/-Tmp-/TestSDK44WithIsoTypesStyleDataService_1316803880820/schema/TestSDK44WithIsoTypesStyleDataService/ISO_datatypes_Narrative.xsd
OUT>      [java] Getting namespaces from schema /var/folders/M2/M2eLa4tFElelS2p09b6x7U+++TI/-Tmp-/TestSDK44WithIsoTypesStyleDataService_1316803880820/schema/TestSDK44WithIsoTypesStyleDataService/gov.nih.nci.cacoresdk.domain.onetoone.unidirectional.withjoin.xsd
OUT>      [java] Getting namespaces from schema /private/var/folders/M2/M2eLa4tFElelS2p09b6x7U+++TI/-Tmp-/TestSDK44WithIsoTypesStyleDataService_1316803880820/schema/TestSDK44WithIsoTypesStyleDataService/ISO_datatypes_Narrative.xsd
OUT>      [java] Getting namespaces from schema /var/folders/M2/M2eLa4tFElelS2p09b6x7U+++TI/-Tmp-/TestSDK44WithIsoTypesStyleDataService_1316803880820/schema/TestSDK44WithIsoTypesStyleDataService/gov.nih.nci.cacoresdk.domain.onetoone.unidirectional.xsd
OUT>      [java] Getting namespaces from schema /private/var/folders/M2/M2eLa4tFElelS2p09b6x7U+++TI/-Tmp-/TestSDK44WithIsoTypesStyleDataService_1316803880820/schema/TestSDK44WithIsoTypesStyleDataService/ISO_datatypes_Narrative.xsd
OUT>      [java] Getting namespaces from schema /var/folders/M2/M2eLa4tFElelS2p09b6x7U+++TI/-Tmp-/TestSDK44WithIsoTypesStyleDataService_1316803880820/schema/TestSDK44WithIsoTypesStyleDataService/gov.nih.nci.cacoresdk.domain.other.datatype.xsd
OUT>      [java] Getting namespaces from schema /private/var/folders/M2/M2eLa4tFElelS2p09b6x7U+++TI/-Tmp-/TestSDK44WithIsoTypesStyleDataService_1316803880820/schema/TestSDK44WithIsoTypesStyleDataService/ISO_datatypes_Narrative.xsd
OUT>      [java] Getting namespaces from schema /var/folders/M2/M2eLa4tFElelS2p09b6x7U+++TI/-Tmp-/TestSDK44WithIsoTypesStyleDataService_1316803880820/schema/TestSDK44WithIsoTypesStyleDataService/gov.nih.nci.cacoresdk.domain.other.differentpackage.associations.xsd
OUT>      [java] adding namepace gme://caCORE.caCORE/3.2/gov.nih.nci.cacoresdk.domain.other.differentpackage
OUT>      [java] Getting namespaces from schema /private/var/folders/M2/M2eLa4tFElelS2p09b6x7U+++TI/-Tmp-/TestSDK44WithIsoTypesStyleDataService_1316803880820/schema/TestSDK44WithIsoTypesStyleDataService/gov.nih.nci.cacoresdk.domain.other.differentpackage.xsd
OUT>      [java] Getting namespaces from schema /private/var/folders/M2/M2eLa4tFElelS2p09b6x7U+++TI/-Tmp-/TestSDK44WithIsoTypesStyleDataService_1316803880820/schema/TestSDK44WithIsoTypesStyleDataService/gov.nih.nci.cacoresdk.domain.other.differentpackage.associations.xsd
OUT>      [java] WARNING: Schema imports contain circular references. /private/var/folders/M2/M2eLa4tFElelS2p09b6x7U+++TI/-Tmp-/TestSDK44WithIsoTypesStyleDataService_1316803880820/schema/TestSDK44WithIsoTypesStyleDataService/gov.nih.nci.cacoresdk.domain.other.differentpackage.associations.xsd
OUT>      [java] Getting namespaces from schema /private/var/folders/M2/M2eLa4tFElelS2p09b6x7U+++TI/-Tmp-/TestSDK44WithIsoTypesStyleDataService_1316803880820/schema/TestSDK44WithIsoTypesStyleDataService/ISO_datatypes_Narrative.xsd
OUT>      [java] WARNING: Schema imports contain circular references. /private/var/folders/M2/M2eLa4tFElelS2p09b6x7U+++TI/-Tmp-/TestSDK44WithIsoTypesStyleDataService_1316803880820/schema/TestSDK44WithIsoTypesStyleDataService/gov.nih.nci.cacoresdk.domain.other.differentpackage.xsd
OUT>      [java] WARNING: Schema imports contain circular references. /var/folders/M2/M2eLa4tFElelS2p09b6x7U+++TI/-Tmp-/TestSDK44WithIsoTypesStyleDataService_1316803880820/schema/TestSDK44WithIsoTypesStyleDataService/gov.nih.nci.cacoresdk.domain.other.differentpackage.associations.xsd
OUT>      [java] Getting namespaces from schema /var/folders/M2/M2eLa4tFElelS2p09b6x7U+++TI/-Tmp-/TestSDK44WithIsoTypesStyleDataService_1316803880820/schema/TestSDK44WithIsoTypesStyleDataService/gov.nih.nci.cacoresdk.domain.other.differentpackage.xsd
OUT>      [java] Getting namespaces from schema /private/var/folders/M2/M2eLa4tFElelS2p09b6x7U+++TI/-Tmp-/TestSDK44WithIsoTypesStyleDataService_1316803880820/schema/TestSDK44WithIsoTypesStyleDataService/gov.nih.nci.cacoresdk.domain.other.differentpackage.associations.xsd
OUT>      [java] Getting namespaces from schema /private/var/folders/M2/M2eLa4tFElelS2p09b6x7U+++TI/-Tmp-/TestSDK44WithIsoTypesStyleDataService_1316803880820/schema/TestSDK44WithIsoTypesStyleDataService/gov.nih.nci.cacoresdk.domain.other.differentpackage.xsd
OUT>      [java] WARNING: Schema imports contain circular references. /private/var/folders/M2/M2eLa4tFElelS2p09b6x7U+++TI/-Tmp-/TestSDK44WithIsoTypesStyleDataService_1316803880820/schema/TestSDK44WithIsoTypesStyleDataService/gov.nih.nci.cacoresdk.domain.other.differentpackage.xsd
OUT>      [java] Getting namespaces from schema /private/var/folders/M2/M2eLa4tFElelS2p09b6x7U+++TI/-Tmp-/TestSDK44WithIsoTypesStyleDataService_1316803880820/schema/TestSDK44WithIsoTypesStyleDataService/ISO_datatypes_Narrative.xsd
OUT>      [java] WARNING: Schema imports contain circular references. /private/var/folders/M2/M2eLa4tFElelS2p09b6x7U+++TI/-Tmp-/TestSDK44WithIsoTypesStyleDataService_1316803880820/schema/TestSDK44WithIsoTypesStyleDataService/gov.nih.nci.cacoresdk.domain.other.differentpackage.associations.xsd
OUT>      [java] WARNING: Schema imports contain circular references. /var/folders/M2/M2eLa4tFElelS2p09b6x7U+++TI/-Tmp-/TestSDK44WithIsoTypesStyleDataService_1316803880820/schema/TestSDK44WithIsoTypesStyleDataService/gov.nih.nci.cacoresdk.domain.other.differentpackage.xsd
OUT>      [java] Getting namespaces from schema /var/folders/M2/M2eLa4tFElelS2p09b6x7U+++TI/-Tmp-/TestSDK44WithIsoTypesStyleDataService_1316803880820/schema/TestSDK44WithIsoTypesStyleDataService/gov.nih.nci.cacoresdk.domain.other.levelassociation.xsd
OUT>      [java] Getting namespaces from schema /private/var/folders/M2/M2eLa4tFElelS2p09b6x7U+++TI/-Tmp-/TestSDK44WithIsoTypesStyleDataService_1316803880820/schema/TestSDK44WithIsoTypesStyleDataService/ISO_datatypes_Narrative.xsd
OUT>      [java] Getting namespaces from schema /var/folders/M2/M2eLa4tFElelS2p09b6x7U+++TI/-Tmp-/TestSDK44WithIsoTypesStyleDataService_1316803880820/schema/TestSDK44WithIsoTypesStyleDataService/gov.nih.nci.cacoresdk.domain.other.primarykey.xsd
OUT>      [java] Getting namespaces from schema /private/var/folders/M2/M2eLa4tFElelS2p09b6x7U+++TI/-Tmp-/TestSDK44WithIsoTypesStyleDataService_1316803880820/schema/TestSDK44WithIsoTypesStyleDataService/ISO_datatypes_Narrative.xsd
OUT>      [java] Getting namespaces from schema /var/folders/M2/M2eLa4tFElelS2p09b6x7U+++TI/-Tmp-/TestSDK44WithIsoTypesStyleDataService_1316803880820/schema/TestSDK44WithIsoTypesStyleDataService/gov.nih.nci.cacoresdk.domain.other.validationtype.xsd
OUT>      [java] Getting namespaces from schema /private/var/folders/M2/M2eLa4tFElelS2p09b6x7U+++TI/-Tmp-/TestSDK44WithIsoTypesStyleDataService_1316803880820/schema/TestSDK44WithIsoTypesStyleDataService/ISO_datatypes_Narrative.xsd
OUT>      [java] Getting namespaces from schema /var/folders/M2/M2eLa4tFElelS2p09b6x7U+++TI/-Tmp-/TestSDK44WithIsoTypesStyleDataService_1316803880820/schema/TestSDK44WithIsoTypesStyleDataService/./ISO_extensions.xsd
OUT>      [java] Getting namespaces from schema /var/folders/M2/M2eLa4tFElelS2p09b6x7U+++TI/-Tmp-/TestSDK44WithIsoTypesStyleDataService_1316803880820/schema/TestSDK44WithIsoTypesStyleDataService/./CQLQueryComponents.xsd
OUT>      [java] Getting namespaces from schema /var/folders/M2/M2eLa4tFElelS2p09b6x7U+++TI/-Tmp-/TestSDK44WithIsoTypesStyleDataService_1316803880820/schema/TestSDK44WithIsoTypesStyleDataService/./CQLQueryResults.xsd
OUT>      [java] Getting namespaces from schema /private/var/folders/M2/M2eLa4tFElelS2p09b6x7U+++TI/-Tmp-/TestSDK44WithIsoTypesStyleDataService_1316803880820/schema/TestSDK44WithIsoTypesStyleDataService/Aggregations.xsd
OUT>      [java] Synchronizing with pre processing extensions
OUT>      [java] Loading configuration for Portal Configuration from /Users/ervin/.cagrid/grape/introducePortal-conf.xml
OUT>      [java] Loading configuration for Service Creation Defaults from /Users/ervin/.cagrid/grape/introduceServiceDefaults-conf.xml
OUT>      [java] Loading configuration for Global Extension Properties from /Users/ervin/.cagrid/grape/introduceGlobalExtensionProperties-conf.xml
OUT>      [java] Loading extension: /Users/ervin/Projects/caGrid/caGrid-1_5_release/Software/core/caGrid/projects/introduce/./extensions/bdt/extension.xml
OUT>      [java] Loading extension: /Users/ervin/Projects/caGrid/caGrid-1_5_release/Software/core/caGrid/projects/introduce/./extensions/caDSR-discovery/extension.xml
OUT>      [java] Loading extension: /Users/ervin/Projects/caGrid/caGrid-1_5_release/Software/core/caGrid/projects/introduce/./extensions/cagrid_creation_viewer/extension.xml
OUT>      [java] Loading extension: /Users/ervin/Projects/caGrid/caGrid-1_5_release/Software/core/caGrid/projects/introduce/./extensions/cagrid_gaards_ui/extension.xml
OUT>      [java] Loading extension: /Users/ervin/Projects/caGrid/caGrid-1_5_release/Software/core/caGrid/projects/introduce/./extensions/cagrid_metadata/extension.xml
OUT>      [java] Loading extension: /Users/ervin/Projects/caGrid/caGrid-1_5_release/Software/core/caGrid/projects/introduce/./extensions/caGrid_Transfer/extension.xml
OUT>      [java] Loading extension: /Users/ervin/Projects/caGrid/caGrid-1_5_release/Software/core/caGrid/projects/introduce/./extensions/cagrid_wsEnum/extension.xml
OUT>      [java] Loading extension: /Users/ervin/Projects/caGrid/caGrid-1_5_release/Software/core/caGrid/projects/introduce/./extensions/csm_auth/extension.xml
OUT>      [java] Loading extension: /Users/ervin/Projects/caGrid/caGrid-1_5_release/Software/core/caGrid/projects/introduce/./extensions/data/extension.xml
OUT>      [java] Loading extension: /Users/ervin/Projects/caGrid/caGrid-1_5_release/Software/core/caGrid/projects/introduce/./extensions/domainmodel_viewer/extension.xml
OUT>      [java] Loading extension: /Users/ervin/Projects/caGrid/caGrid-1_5_release/Software/core/caGrid/projects/introduce/./extensions/enforce_auth/extension.xml
OUT>      [java] Loading extension: /Users/ervin/Projects/caGrid/caGrid-1_5_release/Software/core/caGrid/projects/introduce/./extensions/file_discovery/extension.xml
OUT>      [java] Loading extension: /Users/ervin/Projects/caGrid/caGrid-1_5_release/Software/core/caGrid/projects/introduce/./extensions/globus_discovery/extension.xml
OUT>      [java] Loading extension: /Users/ervin/Projects/caGrid/caGrid-1_5_release/Software/core/caGrid/projects/introduce/./extensions/gme-discovery/extension.xml
OUT>      [java] Loading extension: /Users/ervin/Projects/caGrid/caGrid-1_5_release/Software/core/caGrid/projects/introduce/./extensions/gridgrouper_auth/extension.xml
OUT>      [java] Loading extension: /Users/ervin/Projects/caGrid/caGrid-1_5_release/Software/core/caGrid/projects/introduce/./extensions/ISO21090-discovery/extension.xml
OUT>      [java] Loading extension: /Users/ervin/Projects/caGrid/caGrid-1_5_release/Software/core/caGrid/projects/introduce/./extensions/sdk_discovery/extension.xml
OUT>      [java] Loading extension: /Users/ervin/Projects/caGrid/caGrid-1_5_release/Software/core/caGrid/projects/introduce/./extensions/service_webapp/extension.xml
OUT>      [java] Loading extension: /Users/ervin/Projects/caGrid/caGrid-1_5_release/Software/core/caGrid/projects/introduce/./extensions/servicemetadata_editor/extension.xml
OUT>      [java] Set service metadata file location to:serviceMetadata.xml
OUT>      [java] Found existing domain model resource property
OUT>      [java] Found existing domain model resource property
OUT>      [java] Domain model source determined to be preBuilt
OUT>      [java] Imported operation's WSDL not found in service directory, using WSDL from globus...
OUT>      [java] Looking for namespace prefix for message wsrpw:GetMultipleResourcePropertiesRequest
OUT>      [java] Setting message GetMultipleResourcePropertiesRequest nsPrefix: wsrpw
OUT>      [java] Looking for namespace prefix for message wsrpw:GetMultipleResourcePropertiesResponse
OUT>      [java] Setting message GetMultipleResourcePropertiesResponse nsPrefix: wsrpw
OUT>      [java] Looking for namespace prefix for message wsrpw:ResourceUnknownFault
OUT>      [java] Setting message ResourceUnknownFault nsPrefix: wsrpw
OUT>      [java] Looking for namespace prefix for message wsrpw:InvalidResourcePropertyQNameFault
OUT>      [java] Setting message InvalidResourcePropertyQNameFault nsPrefix: wsrpw
OUT>      [java] Imported operation's WSDL not found in service directory, using WSDL from globus...
OUT>      [java] Looking for namespace prefix for message wsrpw:GetResourcePropertyRequest
OUT>      [java] Setting message GetResourcePropertyRequest nsPrefix: wsrpw
OUT>      [java] Looking for namespace prefix for message wsrpw:GetResourcePropertyResponse
OUT>      [java] Setting message GetResourcePropertyResponse nsPrefix: wsrpw
OUT>      [java] Looking for namespace prefix for message wsrpw:ResourceUnknownFault
OUT>      [java] Setting message ResourceUnknownFault nsPrefix: wsrpw
OUT>      [java] Looking for namespace prefix for message wsrpw:InvalidResourcePropertyQNameFault
OUT>      [java] Setting message InvalidResourcePropertyQNameFault nsPrefix: wsrpw
OUT>      [java] Imported operation's WSDL not found in service directory, using WSDL from globus...
OUT>      [java] Looking for namespace prefix for message wsrpw:QueryResourcePropertiesRequest
OUT>      [java] Setting message QueryResourcePropertiesRequest nsPrefix: wsrpw
OUT>      [java] Looking for namespace prefix for message wsrpw:QueryResourcePropertiesResponse
OUT>      [java] Setting message QueryResourcePropertiesResponse nsPrefix: wsrpw
OUT>      [java] Looking for namespace prefix for message wsrpw:ResourceUnknownFault
OUT>      [java] Setting message ResourceUnknownFault nsPrefix: wsrpw
OUT>      [java] Looking for namespace prefix for message wsrpw:InvalidResourcePropertyQNameFault
OUT>      [java] Setting message InvalidResourcePropertyQNameFault nsPrefix: wsrpw
OUT>      [java] Looking for namespace prefix for message wsrpw:UnknownQueryExpressionDialectFault
OUT>      [java] Setting message UnknownQueryExpressionDialectFault nsPrefix: wsrpw
OUT>      [java] Looking for namespace prefix for message wsrpw:InvalidQueryExpressionFault
OUT>      [java] Setting message InvalidQueryExpressionFault nsPrefix: wsrpw
OUT>      [java] Looking for namespace prefix for message wsrpw:QueryEvaluationErrorFault
OUT>      [java] Setting message QueryEvaluationErrorFault nsPrefix: wsrpw
OUT>      [java] Looking for namespace prefix for message tns:GetServiceSecurityMetadataRequest
OUT>      [java] Setting message GetServiceSecurityMetadataRequest nsPrefix: wns1
OUT>      [java] Looking for namespace prefix for message tns:GetServiceSecurityMetadataResponse
OUT>      [java] Setting message GetServiceSecurityMetadataResponse nsPrefix: wns1
OUT>      [java] Looking for namespace prefix for message tns:QueryRequest
OUT>      [java] Setting message QueryRequest nsPrefix: wns2
OUT>      [java] Looking for namespace prefix for message tns:QueryResponse
OUT>      [java] Setting message QueryResponse nsPrefix: wns2
OUT>      [java] Looking for namespace prefix for message tns:QueryProcessingExceptionFaultMessage
OUT>      [java] Setting message QueryProcessingExceptionFaultMessage nsPrefix: wns2
OUT>      [java] Looking for namespace prefix for message tns:MalformedQueryExceptionFaultMessage
OUT>      [java] Setting message MalformedQueryExceptionFaultMessage nsPrefix: wns2
OUT>      [java] Looking for namespace prefix for message tns:ExecuteQueryRequest
OUT>      [java] Setting message ExecuteQueryRequest nsPrefix: wns3
OUT>      [java] Looking for namespace prefix for message tns:ExecuteQueryResponse
OUT>      [java] Setting message ExecuteQueryResponse nsPrefix: wns3
OUT>      [java] Looking for namespace prefix for message tns:MalformedQueryExceptionFaultMessage
OUT>      [java] Setting message MalformedQueryExceptionFaultMessage nsPrefix: wns3
OUT>      [java] Looking for namespace prefix for message tns:QueryProcessingExceptionFaultMessage
OUT>      [java] Setting message QueryProcessingExceptionFaultMessage nsPrefix: wns3
OUT>      [java] Getting namespaces from schema /var/folders/M2/M2eLa4tFElelS2p09b6x7U+++TI/-Tmp-/TestSDK44WithIsoTypesStyleDataService_1316803880820/schema/TestSDK44WithIsoTypesStyleDataService/gov.nih.nci.cacoresdk.domain.inheritance.implicit.xsd
OUT>      [java] adding namepace uri:iso.org:21090
OUT>      [java] Getting namespaces from schema /private/var/folders/M2/M2eLa4tFElelS2p09b6x7U+++TI/-Tmp-/TestSDK44WithIsoTypesStyleDataService_1316803880820/schema/TestSDK44WithIsoTypesStyleDataService/ISO_datatypes_Narrative.xsd
OUT>      [java] Getting namespaces from schema /var/folders/M2/M2eLa4tFElelS2p09b6x7U+++TI/-Tmp-/TestSDK44WithIsoTypesStyleDataService_1316803880820/schema/TestSDK44WithIsoTypesStyleDataService/./TestSDK44WithIsoTypesStyleDataService_CQLResultTypes.xsd
OUT>      [java] Getting namespaces from schema /var/folders/M2/M2eLa4tFElelS2p09b6x7U+++TI/-Tmp-/TestSDK44WithIsoTypesStyleDataService_1316803880820/schema/TestSDK44WithIsoTypesStyleDataService/gov.nih.nci.cacoresdk.domain.inheritance.childwithassociation.sametable.xsd
OUT>      [java] Getting namespaces from schema /private/var/folders/M2/M2eLa4tFElelS2p09b6x7U+++TI/-Tmp-/TestSDK44WithIsoTypesStyleDataService_1316803880820/schema/TestSDK44WithIsoTypesStyleDataService/ISO_datatypes_Narrative.xsd
OUT>      [java] Getting namespaces from schema /var/folders/M2/M2eLa4tFElelS2p09b6x7U+++TI/-Tmp-/TestSDK44WithIsoTypesStyleDataService_1316803880820/schema/TestSDK44WithIsoTypesStyleDataService/gov.nih.nci.cacoresdk.domain.inheritance.parentwithassociation.xsd
OUT>      [java] Getting namespaces from schema /private/var/folders/M2/M2eLa4tFElelS2p09b6x7U+++TI/-Tmp-/TestSDK44WithIsoTypesStyleDataService_1316803880820/schema/TestSDK44WithIsoTypesStyleDataService/ISO_datatypes_Narrative.xsd
OUT>      [java] Getting namespaces from schema /var/folders/M2/M2eLa4tFElelS2p09b6x7U+++TI/-Tmp-/TestSDK44WithIsoTypesStyleDataService_1316803880820/schema/TestSDK44WithIsoTypesStyleDataService/./xsd/cagrid/types/service/servicemodel.xsd
OUT>      [java] adding namepace gme://caGrid.caBIG/1.0/gov.nih.nci.cagrid.metadata.common
OUT>      [java] Getting namespaces from schema /private/var/folders/M2/M2eLa4tFElelS2p09b6x7U+++TI/-Tmp-/TestSDK44WithIsoTypesStyleDataService_1316803880820/schema/TestSDK44WithIsoTypesStyleDataService/xsd/cagrid/types/common/common.xsd
OUT>      [java] Getting namespaces from schema /var/folders/M2/M2eLa4tFElelS2p09b6x7U+++TI/-Tmp-/TestSDK44WithIsoTypesStyleDataService_1316803880820/schema/TestSDK44WithIsoTypesStyleDataService/./xsd/cagrid/types/data/data.xsd
OUT>      [java] Getting namespaces from schema /private/var/folders/M2/M2eLa4tFElelS2p09b6x7U+++TI/-Tmp-/TestSDK44WithIsoTypesStyleDataService_1316803880820/schema/TestSDK44WithIsoTypesStyleDataService/xsd/cagrid/types/common/common.xsd
OUT>      [java] Getting namespaces from schema /var/folders/M2/M2eLa4tFElelS2p09b6x7U+++TI/-Tmp-/TestSDK44WithIsoTypesStyleDataService_1316803880820/schema/TestSDK44WithIsoTypesStyleDataService/gov.nih.nci.cacoresdk.domain.onetomany.bidirectional.withjoin.xsd
OUT>      [java] Getting namespaces from schema /private/var/folders/M2/M2eLa4tFElelS2p09b6x7U+++TI/-Tmp-/TestSDK44WithIsoTypesStyleDataService_1316803880820/schema/TestSDK44WithIsoTypesStyleDataService/ISO_datatypes_Narrative.xsd
OUT>      [java] Getting namespaces from schema /var/folders/M2/M2eLa4tFElelS2p09b6x7U+++TI/-Tmp-/TestSDK44WithIsoTypesStyleDataService_1316803880820/schema/TestSDK44WithIsoTypesStyleDataService/gov.nih.nci.cacoresdk.domain.onetoone.multipleassociation.xsd
OUT>      [java] Getting namespaces from schema /private/var/folders/M2/M2eLa4tFElelS2p09b6x7U+++TI/-Tmp-/TestSDK44WithIsoTypesStyleDataService_1316803880820/schema/TestSDK44WithIsoTypesStyleDataService/ISO_datatypes_Narrative.xsd
OUT>      [java] Getting namespaces from schema /var/folders/M2/M2eLa4tFElelS2p09b6x7U+++TI/-Tmp-/TestSDK44WithIsoTypesStyleDataService_1316803880820/schema/TestSDK44WithIsoTypesStyleDataService/./QueryLanguageSupportMetadata.xsd
OUT>      [java] adding namepace http://CQL.caBIG/2/org.cagrid.cql2.extensionsupport
OUT>      [java] Getting namespaces from schema /private/var/folders/M2/M2eLa4tFElelS2p09b6x7U+++TI/-Tmp-/TestSDK44WithIsoTypesStyleDataService_1316803880820/schema/TestSDK44WithIsoTypesStyleDataService/CQLSupportedExtensions.xsd
OUT>      [java] Getting namespaces from schema /var/folders/M2/M2eLa4tFElelS2p09b6x7U+++TI/-Tmp-/TestSDK44WithIsoTypesStyleDataService_1316803880820/schema/TestSDK44WithIsoTypesStyleDataService/gov.nih.nci.cacoresdk.domain.onetomany.bidirectional.xsd
OUT>      [java] Getting namespaces from schema /private/var/folders/M2/M2eLa4tFElelS2p09b6x7U+++TI/-Tmp-/TestSDK44WithIsoTypesStyleDataService_1316803880820/schema/TestSDK44WithIsoTypesStyleDataService/ISO_datatypes_Narrative.xsd
OUT>      [java] Getting namespaces from schema /var/folders/M2/M2eLa4tFElelS2p09b6x7U+++TI/-Tmp-/TestSDK44WithIsoTypesStyleDataService_1316803880820/schema/TestSDK44WithIsoTypesStyleDataService/gov.nih.nci.cacoresdk.domain.inheritance.multiplechild.xsd
OUT>      [java] Getting namespaces from schema /private/var/folders/M2/M2eLa4tFElelS2p09b6x7U+++TI/-Tmp-/TestSDK44WithIsoTypesStyleDataService_1316803880820/schema/TestSDK44WithIsoTypesStyleDataService/ISO_datatypes_Narrative.xsd
OUT>      [java] Getting namespaces from schema /var/folders/M2/M2eLa4tFElelS2p09b6x7U+++TI/-Tmp-/TestSDK44WithIsoTypesStyleDataService_1316803880820/schema/TestSDK44WithIsoTypesStyleDataService/./CQLQueryComponents.xsd
OUT>      [java] Getting namespaces from schema /var/folders/M2/M2eLa4tFElelS2p09b6x7U+++TI/-Tmp-/TestSDK44WithIsoTypesStyleDataService_1316803880820/schema/TestSDK44WithIsoTypesStyleDataService/gov.nih.nci.cacoresdk.domain.inheritance.multiplechild.sametable.xsd
OUT>      [java] Getting namespaces from schema /private/var/folders/M2/M2eLa4tFElelS2p09b6x7U+++TI/-Tmp-/TestSDK44WithIsoTypesStyleDataService_1316803880820/schema/TestSDK44WithIsoTypesStyleDataService/ISO_datatypes_Narrative.xsd
OUT>      [java] Getting namespaces from schema /var/folders/M2/M2eLa4tFElelS2p09b6x7U+++TI/-Tmp-/TestSDK44WithIsoTypesStyleDataService_1316803880820/schema/TestSDK44WithIsoTypesStyleDataService/gov.nih.nci.cacoresdk.domain.inheritance.parentwithassociation.sametable.xsd
OUT>      [java] Getting namespaces from schema /private/var/folders/M2/M2eLa4tFElelS2p09b6x7U+++TI/-Tmp-/TestSDK44WithIsoTypesStyleDataService_1316803880820/schema/TestSDK44WithIsoTypesStyleDataService/ISO_datatypes_Narrative.xsd
OUT>      [java] Getting namespaces from schema /var/folders/M2/M2eLa4tFElelS2p09b6x7U+++TI/-Tmp-/TestSDK44WithIsoTypesStyleDataService_1316803880820/schema/TestSDK44WithIsoTypesStyleDataService/gov.nih.nci.cacoresdk.domain.inheritance.abstrakt.xsd
OUT>      [java] Getting namespaces from schema /private/var/folders/M2/M2eLa4tFElelS2p09b6x7U+++TI/-Tmp-/TestSDK44WithIsoTypesStyleDataService_1316803880820/schema/TestSDK44WithIsoTypesStyleDataService/ISO_datatypes_Narrative.xsd
OUT>      [java] Getting namespaces from schema /var/folders/M2/M2eLa4tFElelS2p09b6x7U+++TI/-Tmp-/TestSDK44WithIsoTypesStyleDataService_1316803880820/schema/TestSDK44WithIsoTypesStyleDataService/gov.nih.nci.cacoresdk.domain.manytomany.bidirectional.xsd
OUT>      [java] Getting namespaces from schema /private/var/folders/M2/M2eLa4tFElelS2p09b6x7U+++TI/-Tmp-/TestSDK44WithIsoTypesStyleDataService_1316803880820/schema/TestSDK44WithIsoTypesStyleDataService/ISO_datatypes_Narrative.xsd
OUT>      [java] Getting namespaces from schema /var/folders/M2/M2eLa4tFElelS2p09b6x7U+++TI/-Tmp-/TestSDK44WithIsoTypesStyleDataService_1316803880820/schema/TestSDK44WithIsoTypesStyleDataService/gov.nih.nci.cacoresdk.domain.onetomany.selfassociation.xsd
OUT>      [java] Getting namespaces from schema /private/var/folders/M2/M2eLa4tFElelS2p09b6x7U+++TI/-Tmp-/TestSDK44WithIsoTypesStyleDataService_1316803880820/schema/TestSDK44WithIsoTypesStyleDataService/ISO_datatypes_Narrative.xsd
OUT>      [java] Getting namespaces from schema /var/folders/M2/M2eLa4tFElelS2p09b6x7U+++TI/-Tmp-/TestSDK44WithIsoTypesStyleDataService_1316803880820/schema/TestSDK44WithIsoTypesStyleDataService/./xsd/cagrid/types/security/security.xsd
OUT>      [java] Getting namespaces from schema /var/folders/M2/M2eLa4tFElelS2p09b6x7U+++TI/-Tmp-/TestSDK44WithIsoTypesStyleDataService_1316803880820/schema/TestSDK44WithIsoTypesStyleDataService/gov.nih.nci.cacoresdk.domain.other.primarykey.xsd
OUT>      [java] Getting namespaces from schema /private/var/folders/M2/M2eLa4tFElelS2p09b6x7U+++TI/-Tmp-/TestSDK44WithIsoTypesStyleDataService_1316803880820/schema/TestSDK44WithIsoTypesStyleDataService/ISO_datatypes_Narrative.xsd
OUT>      [java] Getting namespaces from schema /var/folders/M2/M2eLa4tFElelS2p09b6x7U+++TI/-Tmp-/TestSDK44WithIsoTypesStyleDataService_1316803880820/schema/TestSDK44WithIsoTypesStyleDataService/gov.nih.nci.cacoresdk.domain.other.differentpackage.xsd
OUT>      [java] adding namepace gme://caCORE.caCORE/3.2/gov.nih.nci.cacoresdk.domain.other.differentpackage.associations
OUT>      [java] Getting namespaces from schema /private/var/folders/M2/M2eLa4tFElelS2p09b6x7U+++TI/-Tmp-/TestSDK44WithIsoTypesStyleDataService_1316803880820/schema/TestSDK44WithIsoTypesStyleDataService/gov.nih.nci.cacoresdk.domain.other.differentpackage.associations.xsd
OUT>      [java] adding namepace gme://caCORE.caCORE/3.2/gov.nih.nci.cacoresdk.domain.other.differentpackage
OUT>      [java] Getting namespaces from schema /private/var/folders/M2/M2eLa4tFElelS2p09b6x7U+++TI/-Tmp-/TestSDK44WithIsoTypesStyleDataService_1316803880820/schema/TestSDK44WithIsoTypesStyleDataService/gov.nih.nci.cacoresdk.domain.other.differentpackage.xsd
OUT>      [java] WARNING: Schema imports contain circular references. /private/var/folders/M2/M2eLa4tFElelS2p09b6x7U+++TI/-Tmp-/TestSDK44WithIsoTypesStyleDataService_1316803880820/schema/TestSDK44WithIsoTypesStyleDataService/gov.nih.nci.cacoresdk.domain.other.differentpackage.xsd
OUT>      [java] Getting namespaces from schema /private/var/folders/M2/M2eLa4tFElelS2p09b6x7U+++TI/-Tmp-/TestSDK44WithIsoTypesStyleDataService_1316803880820/schema/TestSDK44WithIsoTypesStyleDataService/ISO_datatypes_Narrative.xsd
OUT>      [java] WARNING: Schema imports contain circular references. /private/var/folders/M2/M2eLa4tFElelS2p09b6x7U+++TI/-Tmp-/TestSDK44WithIsoTypesStyleDataService_1316803880820/schema/TestSDK44WithIsoTypesStyleDataService/gov.nih.nci.cacoresdk.domain.other.differentpackage.associations.xsd
OUT>      [java] WARNING: Schema imports contain circular references. /var/folders/M2/M2eLa4tFElelS2p09b6x7U+++TI/-Tmp-/TestSDK44WithIsoTypesStyleDataService_1316803880820/schema/TestSDK44WithIsoTypesStyleDataService/gov.nih.nci.cacoresdk.domain.other.differentpackage.xsd
OUT>      [java] Getting namespaces from schema /var/folders/M2/M2eLa4tFElelS2p09b6x7U+++TI/-Tmp-/TestSDK44WithIsoTypesStyleDataService_1316803880820/schema/TestSDK44WithIsoTypesStyleDataService/./xsd/cagrid/types/caGridMetadata.xsd
OUT>      [java] Getting namespaces from schema /private/var/folders/M2/M2eLa4tFElelS2p09b6x7U+++TI/-Tmp-/TestSDK44WithIsoTypesStyleDataService_1316803880820/schema/TestSDK44WithIsoTypesStyleDataService/xsd/cagrid/types/common/common.xsd
OUT>      [java] adding namepace gme://caGrid.caBIG/1.0/gov.nih.nci.cagrid.metadata.service
OUT>      [java] Getting namespaces from schema /private/var/folders/M2/M2eLa4tFElelS2p09b6x7U+++TI/-Tmp-/TestSDK44WithIsoTypesStyleDataService_1316803880820/schema/TestSDK44WithIsoTypesStyleDataService/xsd/cagrid/types/service/servicemodel.xsd
OUT>      [java] WARNING: Schema imports contain circular references. /private/var/folders/M2/M2eLa4tFElelS2p09b6x7U+++TI/-Tmp-/TestSDK44WithIsoTypesStyleDataService_1316803880820/schema/TestSDK44WithIsoTypesStyleDataService/xsd/cagrid/types/service/servicemodel.xsd
OUT>      [java] Getting namespaces from schema /var/folders/M2/M2eLa4tFElelS2p09b6x7U+++TI/-Tmp-/TestSDK44WithIsoTypesStyleDataService_1316803880820/schema/TestSDK44WithIsoTypesStyleDataService/gov.nih.nci.cacoresdk.domain.inheritance.childwithassociation.xsd
OUT>      [java] Getting namespaces from schema /private/var/folders/M2/M2eLa4tFElelS2p09b6x7U+++TI/-Tmp-/TestSDK44WithIsoTypesStyleDataService_1316803880820/schema/TestSDK44WithIsoTypesStyleDataService/ISO_datatypes_Narrative.xsd
OUT>      [java] Getting namespaces from schema /var/folders/M2/M2eLa4tFElelS2p09b6x7U+++TI/-Tmp-/TestSDK44WithIsoTypesStyleDataService_1316803880820/schema/TestSDK44WithIsoTypesStyleDataService/gov.nih.nci.cacoresdk.domain.onetoone.bidirectional.xsd
OUT>      [java] Getting namespaces from schema /private/var/folders/M2/M2eLa4tFElelS2p09b6x7U+++TI/-Tmp-/TestSDK44WithIsoTypesStyleDataService_1316803880820/schema/TestSDK44WithIsoTypesStyleDataService/ISO_datatypes_Narrative.xsd
OUT>      [java] Getting namespaces from schema /var/folders/M2/M2eLa4tFElelS2p09b6x7U+++TI/-Tmp-/TestSDK44WithIsoTypesStyleDataService_1316803880820/schema/TestSDK44WithIsoTypesStyleDataService/./CQLQueryResults.xsd
OUT>      [java] adding namepace http://CQL.caBIG/2/org.cagrid.cql2
OUT>      [java] Getting namespaces from schema /private/var/folders/M2/M2eLa4tFElelS2p09b6x7U+++TI/-Tmp-/TestSDK44WithIsoTypesStyleDataService_1316803880820/schema/TestSDK44WithIsoTypesStyleDataService/Aggregations.xsd
OUT>      [java] Getting namespaces from schema /var/folders/M2/M2eLa4tFElelS2p09b6x7U+++TI/-Tmp-/TestSDK44WithIsoTypesStyleDataService_1316803880820/schema/TestSDK44WithIsoTypesStyleDataService/gov.nih.nci.cacoresdk.domain.onetoone.unidirectional.withjoin.xsd
OUT>      [java] Getting namespaces from schema /private/var/folders/M2/M2eLa4tFElelS2p09b6x7U+++TI/-Tmp-/TestSDK44WithIsoTypesStyleDataService_1316803880820/schema/TestSDK44WithIsoTypesStyleDataService/ISO_datatypes_Narrative.xsd
OUT>      [java] Getting namespaces from schema /var/folders/M2/M2eLa4tFElelS2p09b6x7U+++TI/-Tmp-/TestSDK44WithIsoTypesStyleDataService_1316803880820/schema/TestSDK44WithIsoTypesStyleDataService/gov.nih.nci.cacoresdk.domain.inheritance.onechild.xsd
OUT>      [java] Getting namespaces from schema /private/var/folders/M2/M2eLa4tFElelS2p09b6x7U+++TI/-Tmp-/TestSDK44WithIsoTypesStyleDataService_1316803880820/schema/TestSDK44WithIsoTypesStyleDataService/ISO_datatypes_Narrative.xsd
OUT>      [java] Getting namespaces from schema /var/folders/M2/M2eLa4tFElelS2p09b6x7U+++TI/-Tmp-/TestSDK44WithIsoTypesStyleDataService_1316803880820/schema/TestSDK44WithIsoTypesStyleDataService/gov.nih.nci.cacoresdk.domain.onetoone.unidirectional.xsd
OUT>      [java] Getting namespaces from schema /private/var/folders/M2/M2eLa4tFElelS2p09b6x7U+++TI/-Tmp-/TestSDK44WithIsoTypesStyleDataService_1316803880820/schema/TestSDK44WithIsoTypesStyleDataService/ISO_datatypes_Narrative.xsd
OUT>      [java] Getting namespaces from schema /var/folders/M2/M2eLa4tFElelS2p09b6x7U+++TI/-Tmp-/TestSDK44WithIsoTypesStyleDataService_1316803880820/schema/TestSDK44WithIsoTypesStyleDataService/gov.nih.nci.cacoresdk.domain.inheritance.onechild.sametable.xsd
OUT>      [java] Getting namespaces from schema /private/var/folders/M2/M2eLa4tFElelS2p09b6x7U+++TI/-Tmp-/TestSDK44WithIsoTypesStyleDataService_1316803880820/schema/TestSDK44WithIsoTypesStyleDataService/ISO_datatypes_Narrative.xsd
OUT>      [java] Getting namespaces from schema /var/folders/M2/M2eLa4tFElelS2p09b6x7U+++TI/-Tmp-/TestSDK44WithIsoTypesStyleDataService_1316803880820/schema/TestSDK44WithIsoTypesStyleDataService/gov.nih.nci.cacoresdk.domain.onetoone.multipleassociation.withjoin.xsd
OUT>      [java] Getting namespaces from schema /private/var/folders/M2/M2eLa4tFElelS2p09b6x7U+++TI/-Tmp-/TestSDK44WithIsoTypesStyleDataService_1316803880820/schema/TestSDK44WithIsoTypesStyleDataService/ISO_datatypes_Narrative.xsd
OUT>      [java] Getting namespaces from schema /var/folders/M2/M2eLa4tFElelS2p09b6x7U+++TI/-Tmp-/TestSDK44WithIsoTypesStyleDataService_1316803880820/schema/TestSDK44WithIsoTypesStyleDataService/./ISO_extensions.xsd
OUT>      [java] Getting namespaces from schema /var/folders/M2/M2eLa4tFElelS2p09b6x7U+++TI/-Tmp-/TestSDK44WithIsoTypesStyleDataService_1316803880820/schema/TestSDK44WithIsoTypesStyleDataService/gov.nih.nci.cacoresdk.domain.onetomany.unidirectional.xsd
OUT>      [java] Getting namespaces from schema /private/var/folders/M2/M2eLa4tFElelS2p09b6x7U+++TI/-Tmp-/TestSDK44WithIsoTypesStyleDataService_1316803880820/schema/TestSDK44WithIsoTypesStyleDataService/ISO_datatypes_Narrative.xsd
OUT>      [java] Getting namespaces from schema /var/folders/M2/M2eLa4tFElelS2p09b6x7U+++TI/-Tmp-/TestSDK44WithIsoTypesStyleDataService_1316803880820/schema/TestSDK44WithIsoTypesStyleDataService/./TestSDK44WithIsoTypesStyleDataServiceTypes.xsd
OUT>      [java] Getting namespaces from schema /var/folders/M2/M2eLa4tFElelS2p09b6x7U+++TI/-Tmp-/TestSDK44WithIsoTypesStyleDataService_1316803880820/schema/TestSDK44WithIsoTypesStyleDataService/gov.nih.nci.cacoresdk.domain.manytoone.unidirectional.xsd
OUT>      [java] Getting namespaces from schema /private/var/folders/M2/M2eLa4tFElelS2p09b6x7U+++TI/-Tmp-/TestSDK44WithIsoTypesStyleDataService_1316803880820/schema/TestSDK44WithIsoTypesStyleDataService/ISO_datatypes_Narrative.xsd
OUT>      [java] Getting namespaces from schema /var/folders/M2/M2eLa4tFElelS2p09b6x7U+++TI/-Tmp-/TestSDK44WithIsoTypesStyleDataService_1316803880820/schema/TestSDK44WithIsoTypesStyleDataService/gov.nih.nci.cacoresdk.domain.inheritance.twolevelinheritance.sametable.xsd
OUT>      [java] Getting namespaces from schema /private/var/folders/M2/M2eLa4tFElelS2p09b6x7U+++TI/-Tmp-/TestSDK44WithIsoTypesStyleDataService_1316803880820/schema/TestSDK44WithIsoTypesStyleDataService/ISO_datatypes_Narrative.xsd
OUT>      [java] Getting namespaces from schema /var/folders/M2/M2eLa4tFElelS2p09b6x7U+++TI/-Tmp-/TestSDK44WithIsoTypesStyleDataService_1316803880820/schema/TestSDK44WithIsoTypesStyleDataService/gov.nih.nci.cacoresdk.domain.other.validationtype.xsd
OUT>      [java] Getting namespaces from schema /private/var/folders/M2/M2eLa4tFElelS2p09b6x7U+++TI/-Tmp-/TestSDK44WithIsoTypesStyleDataService_1316803880820/schema/TestSDK44WithIsoTypesStyleDataService/ISO_datatypes_Narrative.xsd
OUT>      [java] Getting namespaces from schema /var/folders/M2/M2eLa4tFElelS2p09b6x7U+++TI/-Tmp-/TestSDK44WithIsoTypesStyleDataService_1316803880820/schema/TestSDK44WithIsoTypesStyleDataService/gov.nih.nci.cacoresdk.domain.onetoone.bidirectional.withjoin.xsd
OUT>      [java] Getting namespaces from schema /private/var/folders/M2/M2eLa4tFElelS2p09b6x7U+++TI/-Tmp-/TestSDK44WithIsoTypesStyleDataService_1316803880820/schema/TestSDK44WithIsoTypesStyleDataService/ISO_datatypes_Narrative.xsd
OUT>      [java] Getting namespaces from schema /var/folders/M2/M2eLa4tFElelS2p09b6x7U+++TI/-Tmp-/TestSDK44WithIsoTypesStyleDataService_1316803880820/schema/TestSDK44WithIsoTypesStyleDataService/gov.nih.nci.cacoresdk.domain.other.differentpackage.associations.xsd
OUT>      [java] Getting namespaces from schema /private/var/folders/M2/M2eLa4tFElelS2p09b6x7U+++TI/-Tmp-/TestSDK44WithIsoTypesStyleDataService_1316803880820/schema/TestSDK44WithIsoTypesStyleDataService/gov.nih.nci.cacoresdk.domain.other.differentpackage.xsd
OUT>      [java] Getting namespaces from schema /private/var/folders/M2/M2eLa4tFElelS2p09b6x7U+++TI/-Tmp-/TestSDK44WithIsoTypesStyleDataService_1316803880820/schema/TestSDK44WithIsoTypesStyleDataService/gov.nih.nci.cacoresdk.domain.other.differentpackage.associations.xsd
OUT>      [java] WARNING: Schema imports contain circular references. /private/var/folders/M2/M2eLa4tFElelS2p09b6x7U+++TI/-Tmp-/TestSDK44WithIsoTypesStyleDataService_1316803880820/schema/TestSDK44WithIsoTypesStyleDataService/gov.nih.nci.cacoresdk.domain.other.differentpackage.associations.xsd
OUT>      [java] Getting namespaces from schema /private/var/folders/M2/M2eLa4tFElelS2p09b6x7U+++TI/-Tmp-/TestSDK44WithIsoTypesStyleDataService_1316803880820/schema/TestSDK44WithIsoTypesStyleDataService/ISO_datatypes_Narrative.xsd
OUT>      [java] WARNING: Schema imports contain circular references. /private/var/folders/M2/M2eLa4tFElelS2p09b6x7U+++TI/-Tmp-/TestSDK44WithIsoTypesStyleDataService_1316803880820/schema/TestSDK44WithIsoTypesStyleDataService/gov.nih.nci.cacoresdk.domain.other.differentpackage.xsd
OUT>      [java] WARNING: Schema imports contain circular references. /var/folders/M2/M2eLa4tFElelS2p09b6x7U+++TI/-Tmp-/TestSDK44WithIsoTypesStyleDataService_1316803880820/schema/TestSDK44WithIsoTypesStyleDataService/gov.nih.nci.cacoresdk.domain.other.differentpackage.associations.xsd
OUT>      [java] Getting namespaces from schema /var/folders/M2/M2eLa4tFElelS2p09b6x7U+++TI/-Tmp-/TestSDK44WithIsoTypesStyleDataService_1316803880820/schema/TestSDK44WithIsoTypesStyleDataService/gov.nih.nci.cacoresdk.domain.interfaze.xsd
OUT>      [java] Getting namespaces from schema /private/var/folders/M2/M2eLa4tFElelS2p09b6x7U+++TI/-Tmp-/TestSDK44WithIsoTypesStyleDataService_1316803880820/schema/TestSDK44WithIsoTypesStyleDataService/ISO_datatypes_Narrative.xsd
OUT>      [java] Getting namespaces from schema /var/folders/M2/M2eLa4tFElelS2p09b6x7U+++TI/-Tmp-/TestSDK44WithIsoTypesStyleDataService_1316803880820/schema/TestSDK44WithIsoTypesStyleDataService/gov.nih.nci.cacoresdk.domain.onetomany.unidirectional.withjoin.xsd
OUT>      [java] Getting namespaces from schema /private/var/folders/M2/M2eLa4tFElelS2p09b6x7U+++TI/-Tmp-/TestSDK44WithIsoTypesStyleDataService_1316803880820/schema/TestSDK44WithIsoTypesStyleDataService/ISO_datatypes_Narrative.xsd
OUT>      [java] Getting namespaces from schema /var/folders/M2/M2eLa4tFElelS2p09b6x7U+++TI/-Tmp-/TestSDK44WithIsoTypesStyleDataService_1316803880820/schema/TestSDK44WithIsoTypesStyleDataService/gov.nih.nci.cacoresdk.domain.inheritance.twolevelinheritance.sametablerootlevel.xsd
OUT>      [java] Getting namespaces from schema /private/var/folders/M2/M2eLa4tFElelS2p09b6x7U+++TI/-Tmp-/TestSDK44WithIsoTypesStyleDataService_1316803880820/schema/TestSDK44WithIsoTypesStyleDataService/ISO_datatypes_Narrative.xsd
OUT>      [java] Getting namespaces from schema /var/folders/M2/M2eLa4tFElelS2p09b6x7U+++TI/-Tmp-/TestSDK44WithIsoTypesStyleDataService_1316803880820/schema/TestSDK44WithIsoTypesStyleDataService/gov.nih.nci.cacoresdk.domain.inheritance.twolevelinheritance.xsd
OUT>      [java] Getting namespaces from schema /private/var/folders/M2/M2eLa4tFElelS2p09b6x7U+++TI/-Tmp-/TestSDK44WithIsoTypesStyleDataService_1316803880820/schema/TestSDK44WithIsoTypesStyleDataService/ISO_datatypes_Narrative.xsd
OUT>      [java] Getting namespaces from schema /var/folders/M2/M2eLa4tFElelS2p09b6x7U+++TI/-Tmp-/TestSDK44WithIsoTypesStyleDataService_1316803880820/schema/TestSDK44WithIsoTypesStyleDataService/./DataServiceExceptions.xsd
OUT>      [java] Getting namespaces from schema /var/folders/M2/M2eLa4tFElelS2p09b6x7U+++TI/-Tmp-/TestSDK44WithIsoTypesStyleDataService_1316803880820/schema/TestSDK44WithIsoTypesStyleDataService/gov.nih.nci.cacoresdk.domain.other.datatype.xsd
OUT>      [java] Getting namespaces from schema /private/var/folders/M2/M2eLa4tFElelS2p09b6x7U+++TI/-Tmp-/TestSDK44WithIsoTypesStyleDataService_1316803880820/schema/TestSDK44WithIsoTypesStyleDataService/ISO_datatypes_Narrative.xsd
OUT>      [java] Getting namespaces from schema /var/folders/M2/M2eLa4tFElelS2p09b6x7U+++TI/-Tmp-/TestSDK44WithIsoTypesStyleDataService_1316803880820/schema/TestSDK44WithIsoTypesStyleDataService/./xsd/cagrid/types/common/common.xsd
OUT>      [java] Getting namespaces from schema /var/folders/M2/M2eLa4tFElelS2p09b6x7U+++TI/-Tmp-/TestSDK44WithIsoTypesStyleDataService_1316803880820/schema/TestSDK44WithIsoTypesStyleDataService/./1_gov.nih.nci.cagrid.CQLResultSet.xsd
OUT>      [java] Getting namespaces from schema /var/folders/M2/M2eLa4tFElelS2p09b6x7U+++TI/-Tmp-/TestSDK44WithIsoTypesStyleDataService_1316803880820/schema/TestSDK44WithIsoTypesStyleDataService/gov.nih.nci.cacoresdk.domain.manytomany.unidirectional.xsd
OUT>      [java] Getting namespaces from schema /private/var/folders/M2/M2eLa4tFElelS2p09b6x7U+++TI/-Tmp-/TestSDK44WithIsoTypesStyleDataService_1316803880820/schema/TestSDK44WithIsoTypesStyleDataService/ISO_datatypes_Narrative.xsd
OUT>      [java] Getting namespaces from schema /var/folders/M2/M2eLa4tFElelS2p09b6x7U+++TI/-Tmp-/TestSDK44WithIsoTypesStyleDataService_1316803880820/schema/TestSDK44WithIsoTypesStyleDataService/gov.nih.nci.cacoresdk.domain.other.levelassociation.xsd
OUT>      [java] Getting namespaces from schema /private/var/folders/M2/M2eLa4tFElelS2p09b6x7U+++TI/-Tmp-/TestSDK44WithIsoTypesStyleDataService_1316803880820/schema/TestSDK44WithIsoTypesStyleDataService/ISO_datatypes_Narrative.xsd
OUT>      [java] Getting namespaces from schema /var/folders/M2/M2eLa4tFElelS2p09b6x7U+++TI/-Tmp-/TestSDK44WithIsoTypesStyleDataService_1316803880820/schema/TestSDK44WithIsoTypesStyleDataService/gov.nih.nci.cacoresdk.domain.manytoone.unidirectional.withjoin.xsd
OUT>      [java] Getting namespaces from schema /private/var/folders/M2/M2eLa4tFElelS2p09b6x7U+++TI/-Tmp-/TestSDK44WithIsoTypesStyleDataService_1316803880820/schema/TestSDK44WithIsoTypesStyleDataService/ISO_datatypes_Narrative.xsd
OUT>      [java] Getting namespaces from schema /var/folders/M2/M2eLa4tFElelS2p09b6x7U+++TI/-Tmp-/TestSDK44WithIsoTypesStyleDataService_1316803880820/schema/TestSDK44WithIsoTypesStyleDataService/./1_gov.nih.nci.cagrid.CQLQuery.xsd
OUT>      [java] OUT> Buildfile: /var/folders/M2/M2eLa4tFElelS2p09b6x7U+++TI/-Tmp-/TestSDK44WithIsoTypesStyleDataService_1316803880820/build.xml
OUT>      [java] OUT> 
OUT>      [java] OUT> checkContribTasksDefined:
OUT>      [java] OUT> 
OUT>      [java] OUT> defineContribTasks:
OUT>      [java] OUT> 
OUT>      [java] OUT> clean:
OUT>      [java] OUT> 
OUT>      [java] OUT> preClean:
OUT>      [java] OUT> 
OUT>      [java] OUT> postClean:
OUT>      [java] OUT> 
OUT>      [java] OUT> checkContribTasksDefined:
OUT>      [java] OUT> 
OUT>      [java] OUT> defineContribTasks:
OUT>      [java] OUT> 
OUT>      [java] OUT> setGlobus:
OUT>      [java] OUT> 
OUT>      [java] OUT> checkGlobus:
OUT>      [java] OUT>      [echo] Globus: /Users/ervin/Installs/globus/ws-core-4.0.3-sha2/
OUT>      [java] OUT> 
OUT>      [java] OUT> defineClasspaths:
OUT>      [java] OUT> 
OUT>      [java] OUT> defineExtendedClasspaths:
OUT>      [java] OUT> 
OUT>      [java] OUT> init:
OUT>      [java] OUT> 
OUT>      [java] OUT> preInit:
OUT>      [java] OUT>     [mkdir] Created dir: /var/folders/M2/M2eLa4tFElelS2p09b6x7U+++TI/-Tmp-/TestSDK44WithIsoTypesStyleDataService_1316803880820/build
OUT>      [java] OUT>     [mkdir] Created dir: /var/folders/M2/M2eLa4tFElelS2p09b6x7U+++TI/-Tmp-/TestSDK44WithIsoTypesStyleDataService_1316803880820/build/classes
OUT>      [java] OUT>     [mkdir] Created dir: /var/folders/M2/M2eLa4tFElelS2p09b6x7U+++TI/-Tmp-/TestSDK44WithIsoTypesStyleDataService_1316803880820/build/test/classes
OUT>      [java] OUT>     [mkdir] Created dir: /var/folders/M2/M2eLa4tFElelS2p09b6x7U+++TI/-Tmp-/TestSDK44WithIsoTypesStyleDataService_1316803880820/test/logs
OUT>      [java] OUT>     [mkdir] Created dir: /var/folders/M2/M2eLa4tFElelS2p09b6x7U+++TI/-Tmp-/TestSDK44WithIsoTypesStyleDataService_1316803880820/build/lib
OUT>      [java] OUT>     [mkdir] Created dir: /var/folders/M2/M2eLa4tFElelS2p09b6x7U+++TI/-Tmp-/TestSDK44WithIsoTypesStyleDataService_1316803880820/build/stubs-TestSDK44WithIsoTypesStyleDataService
OUT>      [java] OUT>     [mkdir] Created dir: /var/folders/M2/M2eLa4tFElelS2p09b6x7U+++TI/-Tmp-/TestSDK44WithIsoTypesStyleDataService_1316803880820/build/stubs-TestSDK44WithIsoTypesStyleDataService/src
OUT>      [java] OUT>     [mkdir] Created dir: /var/folders/M2/M2eLa4tFElelS2p09b6x7U+++TI/-Tmp-/TestSDK44WithIsoTypesStyleDataService_1316803880820/build/stubs-TestSDK44WithIsoTypesStyleDataService/classes
OUT>      [java] OUT>     [mkdir] Created dir: /var/folders/M2/M2eLa4tFElelS2p09b6x7U+++TI/-Tmp-/TestSDK44WithIsoTypesStyleDataService_1316803880820/build/schema
OUT>      [java] OUT>      [copy] Copying 101 files to /var/folders/M2/M2eLa4tFElelS2p09b6x7U+++TI/-Tmp-/TestSDK44WithIsoTypesStyleDataService_1316803880820/build/schema
OUT>      [java] OUT> 
OUT>      [java] OUT> postInit:
OUT>      [java] OUT> 
OUT>      [java] OUT> merge:
OUT>      [java] OUT> 
OUT>      [java] OUT> mergePackageMapping:
OUT>      [java] OUT>      [echo] Merging /var/folders/M2/M2eLa4tFElelS2p09b6x7U+++TI/-Tmp-/TestSDK44WithIsoTypesStyleDataService_1316803880820/namespace2package.mappings
OUT>      [java] OUT> 
OUT>      [java] OUT> BUILD SUCCESSFUL
OUT>      [java] OUT> Total time: 0 seconds
OUT>      [java] Set WSDL 2 Java parser timeout to 90000 ms
OUT>      [java] excluding code generation for non-included QName:{gme://caCORE.caCORE/3.2/gov.nih.nci.cacoresdk.domain.onetomany.unidirectional}LatchKey[0,unbounded]
OUT>      [java] excluding code generation for non-included QName:{gme://caCORE.caCORE/3.2/gov.nih.nci.cacoresdk.domain.other.differentpackage}Dessert[0,unbounded]
OUT>      [java] excluding code generation for non-included QName:{gme://caCORE.caCORE/3.2/gov.nih.nci.cacoresdk.domain.inheritance.parentwithassociation}Assistant[0,unbounded]
OUT>      [java] excluding code generation for non-included QName:{uri:iso.org:21090}tbody[,unbounded]
OUT>      [java] excluding code generation for non-included QName:{uri:iso.org:21090}colgroup[0,unbounded]
OUT>      [java] excluding code generation for non-included QName:{gme://caGrid.caBIG/1.0/gov.nih.nci.cagrid.metadata.common}UMLAttribute[0,unbounded]
OUT>      [java] excluding code generation for non-included QName:{uri:iso.org:21090}col[0,unbounded]
OUT>      [java] excluding code generation for non-included QName:{gme://caCORE.caCORE/3.2/gov.nih.nci.cacoresdk.domain.inheritance.abstrakt}Pupil[0,unbounded]
OUT>      [java] excluding code generation for non-included QName:{gme://caCORE.caCORE/3.2/gov.nih.nci.cacoresdk.domain.manytomany.bidirectional}Employee[0,unbounded]
OUT>      [java] excluding code generation for non-included QName:{gme://caCORE.caCORE/3.2/gov.nih.nci.cacoresdk.domain.manytomany.bidirectional}Project[0,unbounded]
OUT>      [java] excluding code generation for non-included QName:{gme://caCORE.caCORE/3.2/gov.nih.nci.cacoresdk.domain.inheritance.implicit}Tank[0,unbounded]
OUT>      [java] excluding code generation for non-included QName:{gme://caCORE.caCORE/3.2/gov.nih.nci.cacoresdk.domain.onetomany.unidirectional.withjoin}Button[0,unbounded]
OUT>      [java] excluding code generation for non-included QName:{gme://caGrid.caBIG/1.0/gov.nih.nci.cagrid.metadata.common}SemanticMetadata[0,unbounded]
OUT>      [java] excluding code generation for non-included QName:{gme://caCORE.caCORE/3.2/gov.nih.nci.cacoresdk.domain.other.differentpackage.associations}Utensil[0,unbounded]
OUT>      [java] excluding code generation for non-included QName:{gme://caCORE.caCORE/3.2/gov.nih.nci.cacoresdk.domain.onetomany.selfassociation}Element[0,unbounded]
OUT>      [java] excluding code generation for non-included QName:{gme://caCORE.caCORE/3.2/gov.nih.nci.cacoresdk.domain.other.levelassociation}Card[0,unbounded]
OUT>      [java] excluding code generation for non-included QName:{gme://caGrid.caBIG/1.0/gov.nih.nci.cagrid.metadata.service}ServiceContext[,unbounded]
OUT>      [java] excluding code generation for non-included QName:{gme://caGrid.caBIG/1.0/gov.nih.nci.cagrid.metadata.service}ContextProperty[0,unbounded]
OUT>      [java] excluding code generation for non-included QName:{gme://caCORE.caCORE/3.2/gov.nih.nci.cacoresdk.domain.inheritance.parentwithassociation.sametable}Luggage[0,unbounded]
OUT>      [java] excluding code generation for non-included QName:{gme://caGrid.caBIG/1.0/gov.nih.nci.cagrid.metadata.service}Operation[0,unbounded]
OUT>      [java] excluding code generation for non-included QName:{gme://caGrid.caBIG/1.0/gov.nih.nci.cagrid.metadata.common}PointOfContact[0,unbounded]
OUT>      [java] excluding code generation for non-included QName:{gme://caCORE.caCORE/3.2/gov.nih.nci.cacoresdk.domain.inheritance.implicit}Substrate[0,unbounded]
OUT>      [java] excluding code generation for non-included QName:{gme://caGrid.caBIG/1.0/gov.nih.nci.cagrid.metadata.service}InputParameter[0,unbounded]
OUT>      [java] excluding code generation for non-included QName:{gme://caCORE.caCORE/3.2/gov.nih.nci.cacoresdk.domain.onetomany.bidirectional}HardDrive[0,unbounded]
OUT>      [java] excluding code generation for non-included QName:{gme://caGrid.caBIG/1.0/gov.nih.nci.cagrid.metadata.service}Fault[0,unbounded]
OUT>      [java] excluding code generation for non-included QName:{gme://caCORE.caCORE/3.2/gov.nih.nci.cacoresdk.domain.other.levelassociation}Suit[0,unbounded]
OUT>      [java] excluding code generation for non-included QName:{uri:iso.org:21090}item[,unbounded]
OUT>      [java] excluding code generation for non-included QName:{gme://caCORE.caCORE/3.2/gov.nih.nci.cacoresdk.domain.manytomany.unidirectional}Author[0,unbounded]
OUT>      [java] excluding code generation for non-included QName:{gme://caGrid.caBIG/1.0/gov.nih.nci.cagrid.metadata.common}Enumeration[0,unbounded]
OUT>      [java] excluding code generation for non-included QName:{gme://caGrid.caBIG/1.0/gov.nih.nci.cagrid.metadata.security}Operation[0,unbounded]
OUT>      [java] excluding code generation for non-included QName:{gme://caCORE.caCORE/3.2/gov.nih.nci.cacoresdk.domain.onetomany.bidirectional.withjoin}Passanger[0,unbounded]
OUT>      [java] excluding code generation for non-included QName:{gme://caCORE.caCORE/3.2/gov.nih.nci.cacoresdk.domain.inheritance.twolevelinheritance.sametablerootlevel}ScientificCalculator
OUT>      [java] excluding code generation for non-included QName:{gme://caCORE.caCORE/3.2/gov.nih.nci.cacoresdk.domain.inheritance.implicit}DiscusFish
OUT>      [java] excluding code generation for non-included QName:{uri:iso.org:21090}LIST_CD.CE.None
OUT>      [java] excluding code generation for non-included QName:{uri:iso.org:21090}UVP_CS
OUT>      [java] excluding code generation for non-included QName:{uri:iso.org:21090}DSET_EN.TN
OUT>      [java] excluding code generation for non-included QName:{uri:iso.org:21090}CO[0,0]
OUT>      [java] excluding code generation for non-included QName:{uri:iso.org:21090}BAG_PQ
OUT>      [java] excluding code generation for non-included QName:{http://CQL.caBIG/2/org.cagrid.cql2}BinaryPredicate
OUT>      [java] excluding code generation for non-included QName:{uri:iso.org:21090}UVP_EN.TN
OUT>      [java] excluding code generation for non-included QName:{uri:iso.org:21090}GLIST_MO
OUT>      [java] excluding code generation for non-included QName:{uri:iso.org:21090}IVL.Low_TS.DateTime.Full
OUT>      [java] excluding code generation for non-included QName:{uri:iso.org:21090}HIST_ED.Signature
OUT>      [java] excluding code generation for non-included QName:{gme://caCORE.caCORE/3.2/gov.nih.nci.cacoresdk.domain.manytoone.unidirectional.withjoin}Album
OUT>      [java] excluding code generation for non-included QName:{uri:iso.org:21090}QSS_TS.Date.Full
OUT>      [java] excluding code generation for non-included QName:{gme://caCORE.caCORE/3.2/gov.nih.nci.cacoresdk.domain.other.datatype}CdDataType
OUT>      [java] excluding code generation for non-included QName:{uri:iso.org:21090}UVP_CO
OUT>      [java] excluding code generation for non-included QName:{http://CQL.caBIG/2/org.cagrid.cql2}UnaryPredicate
OUT>      [java] excluding code generation for non-included QName:{gme://caCORE.caCORE/3.2/gov.nih.nci.cacoresdk.domain.manytomany.unidirectional}Book
OUT>      [java] excluding code generation for non-included QName:{uri:iso.org:21090}PIVL_TS.Date.Full
OUT>      [java] excluding code generation for non-included QName:{uri:iso.org:21090}DSET_SC
OUT>      [java] excluding code generation for non-included QName:{uri:iso.org:21090}UVP_CD
OUT>      [java] excluding code generation for non-included QName:{uri:iso.org:21090}DSET_RTO
OUT>      [java] excluding code generation for non-included QName:{gme://caCORE.caCORE/3.2/gov.nih.nci.cacoresdk.domain.inheritance.twolevelinheritance}Monitor
OUT>      [java] excluding code generation for non-included QName:{uri:iso.org:21090}>>td>scope
OUT>      [java] excluding code generation for non-included QName:{gme://caGrid.caBIG/1.0/gov.nih.nci.cagrid.metadata.security}GSITransport
OUT>      [java] excluding code generation for non-included QName:{uri:iso.org:21090}HIST_II
OUT>      [java] excluding code generation for non-included QName:{uri:iso.org:21090}BAG_INT.Positive
OUT>      [java] excluding code generation for non-included QName:{uri:iso.org:21090}QSI_REAL
OUT>      [java] excluding code generation for non-included QName:{uri:iso.org:21090}DSET_ST
OUT>      [java] excluding code generation for non-included QName:{uri:iso.org:21090}UVP_BL
OUT>      [java] excluding code generation for non-included QName:{uri:iso.org:21090}QSU_TS.DateTime
OUT>      [java] excluding code generation for non-included QName:{gme://caCORE.caCORE/3.2/gov.nih.nci.cacoresdk.domain.inheritance.twolevelinheritance.sametable}PresidentialGovt
OUT>      [java] excluding code generation for non-included QName:{uri:iso.org:21090}UVP_TS.Date
OUT>      [java] excluding code generation for non-included QName:{gme://caCORE.caCORE/3.2/gov.nih.nci.cacoresdk.domain.other.datatype}>AllDataType>stringCollection
OUT>      [java] excluding code generation for non-included QName:{gme://caCORE.caCORE/3.2/gov.nih.nci.cacoresdk.domain.other.datatype}IvlPqDataType
OUT>      [java] excluding code generation for non-included QName:{uri:iso.org:21090}QSET_MO[0,unbounded]
OUT>      [java] excluding code generation for non-included QName:{uri:iso.org:21090}IVL.Width_INT
OUT>      [java] excluding code generation for non-included QName:{gme://caCORE.caCORE/3.2/gov.nih.nci.cacoresdk.domain.onetomany.unidirectional}LatchKey
OUT>      [java] excluding code generation for non-included QName:{uri:iso.org:21090}PIVL_TS
OUT>      [java] excluding code generation for non-included QName:{gme://caCORE.caCORE/3.2/gov.nih.nci.cacoresdk.domain.inheritance.multiplechild}UndergraduateStudent
OUT>      [java] excluding code generation for non-included QName:{uri:iso.org:21090}NPPD_SC.NT
OUT>      [java] excluding code generation for non-included QName:{uri:iso.org:21090}QSU_CO
OUT>      [java] excluding code generation for non-included QName:{uri:iso.org:21090}HIST_EN.ON
OUT>      [java] excluding code generation for non-included QName:{uri:iso.org:21090}COLL_INT.Positive
OUT>      [java] excluding code generation for non-included QName:{uri:iso.org:21090}UpdateMode
OUT>      [java] excluding code generation for non-included QName:{uri:iso.org:21090}DSET_TS
OUT>      [java] excluding code generation for non-included QName:{uri:iso.org:21090}BAG_TS.Date
OUT>      [java] excluding code generation for non-included QName:{uri:iso.org:21090}CO[0,unbounded]
OUT>      [java] excluding code generation for non-included QName:{uri:iso.org:21090}UVP_ED.Signature[0,unbounded]
OUT>      [java] excluding code generation for non-included QName:{uri:iso.org:21090}CDGroup[0,unbounded]
OUT>      [java] excluding code generation for non-included QName:{uri:iso.org:21090}QSD_TS.DateTime.Full
OUT>      [java] excluding code generation for non-included QName:{uri:iso.org:21090}UVP_AD
OUT>      [java] excluding code generation for non-included QName:{uri:iso.org:21090}DSET_MO
OUT>      [java] excluding code generation for non-included QName:{uri:iso.org:21090}DSET_EN.ON
OUT>      [java] excluding code generation for non-included QName:{uri:iso.org:21090}UVP_INT.Positive[0,unbounded]
OUT>      [java] excluding code generation for non-included QName:{uri:iso.org:21090}DSET_SC.NT
OUT>      [java] excluding code generation for non-included QName:{uri:iso.org:21090}IVL.Width_INT.NonNeg
OUT>      [java] excluding code generation for non-included QName:{uri:iso.org:21090}UVP_RTO[0,unbounded]
OUT>      [java] excluding code generation for non-included QName:{uri:iso.org:21090}>paragraph
OUT>      [java] excluding code generation for non-included QName:{uri:iso.org:21090}UVP_TEL[0,unbounded]
OUT>      [java] excluding code generation for non-included QName:{gme://caCORE.caCORE/3.2/gov.nih.nci.cacoresdk.domain.onetomany.unidirectional.withjoin}>Shirt>buttonCollection
OUT>      [java] excluding code generation for non-included QName:{uri:iso.org:21090}BAG_ED.Doc.Inline
OUT>      [java] excluding code generation for non-included QName:{uri:iso.org:21090}COLL_TS.Birth
OUT>      [java] excluding code generation for non-included QName:{gme://caCORE.caCORE/3.2/gov.nih.nci.cacoresdk.domain.onetoone.bidirectional}Product
OUT>      [java] excluding code generation for non-included QName:{uri:iso.org:21090}IVL.High_TS.Date.Full
OUT>      [java] excluding code generation for non-included QName:{uri:iso.org:21090}INT.NonNeg[0,0]
OUT>      [java] excluding code generation for non-included QName:{uri:iso.org:21090}DSET_EN.PN
OUT>      [java] excluding code generation for non-included QName:{uri:iso.org:21090}UVP_ST.NT[0,unbounded]
OUT>      [java] excluding code generation for non-included QName:{uri:iso.org:21090}SLIST_INT.Positive
OUT>      [java] excluding code generation for non-included QName:{gme://caCORE.caCORE/3.2/gov.nih.nci.cacoresdk.domain.inheritance.childwithassociation}Cash
OUT>      [java] excluding code generation for non-included QName:{uri:iso.org:21090}UVP_SC.NT
OUT>      [java] excluding code generation for non-included QName:{uri:iso.org:21090}NPPD_TS.DateTime.Full
OUT>      [java] excluding code generation for non-included QName:{uri:iso.org:21090}ADXP[0,unbounded]
OUT>      [java] excluding code generation for non-included QName:{gme://caCORE.caCORE/3.2/gov.nih.nci.cacoresdk.domain.inheritance.parentwithassociation.sametable}HardTopType
OUT>      [java] excluding code generation for non-included QName:{uri:iso.org:21090}DSET_TEL.Email
OUT>      [java] excluding code generation for non-included QName:{uri:iso.org:21090}BAG_PQ.Time
OUT>      [java] excluding code generation for non-included QName:{uri:iso.org:21090}GLIST_REAL
OUT>      [java] excluding code generation for non-included QName:{uri:iso.org:21090}SLIST_CO
OUT>      [java] excluding code generation for non-included QName:{uri:iso.org:21090}UVP_AD[0,unbounded]
OUT>      [java] excluding code generation for non-included QName:{uri:iso.org:21090}BAG_INT.NonNeg
OUT>      [java] excluding code generation for non-included QName:{uri:iso.org:21090}HIST_MO
OUT>      [java] excluding code generation for non-included QName:{uri:iso.org:21090}>>thead>align
OUT>      [java] excluding code generation for non-included QName:{http://CQL.caBIG/2/org.cagrid.cql2}NamedAssociation[0,unbounded]
OUT>      [java] excluding code generation for non-included QName:{uri:iso.org:21090}DSET_ED.Signature
OUT>      [java] excluding code generation for non-included QName:{uri:iso.org:21090}ENXP
OUT>      [java] excluding code generation for non-included QName:{gme://caCORE.caCORE/3.2/gov.nih.nci.cacoresdk.domain.inheritance.twolevelinheritance}Display
OUT>      [java] excluding code generation for non-included QName:{uri:iso.org:21090}>>tfoot>valign
OUT>      [java] excluding code generation for non-included QName:{uri:iso.org:21090}QSET_CO[0,unbounded]
OUT>      [java] excluding code generation for non-included QName:{uri:iso.org:21090}>>col>valign
OUT>      [java] excluding code generation for non-included QName:{uri:iso.org:21090}BAG_CD.CE
OUT>      [java] excluding code generation for non-included QName:{uri:iso.org:21090}NPPD_AD
OUT>      [java] excluding code generation for non-included QName:{gme://caCORE.caCORE/3.2/gov.nih.nci.cacoresdk.domain.inheritance.twolevelinheritance.sametablerootlevel}GraphicCalculator
OUT>      [java] excluding code generation for non-included QName:{uri:iso.org:21090}>>thead>valign
OUT>      [java] excluding code generation for non-included QName:{gme://caCORE.caCORE/3.2/gov.nih.nci.cacoresdk.domain.inheritance.twolevelinheritance.sametablerootlevel}Calculator
OUT>      [java] excluding code generation for non-included QName:{uri:iso.org:21090}GLIST_TS.DateTime
OUT>      [java] excluding code generation for non-included QName:{gme://caCORE.caCORE/3.2/gov.nih.nci.cacoresdk.domain.other.datatype}EnPnDataType
OUT>      [java] excluding code generation for non-included QName:{uri:iso.org:21090}BAG_BL.NonNull
OUT>      [java] excluding code generation for non-included QName:{uri:iso.org:21090}IVL.High_REAL
OUT>      [java] excluding code generation for non-included QName:{uri:iso.org:21090}DSET_PQ
OUT>      [java] excluding code generation for non-included QName:{uri:iso.org:21090}UVP_TEL.Phone[0,unbounded]
OUT>      [java] excluding code generation for non-included QName:{gme://caGrid.caBIG/1.0/gov.nih.nci.cagrid.metadata.security}>ServiceSecurityMetadata>operations
OUT>      [java] excluding code generation for non-included QName:{uri:iso.org:21090}>>content>revised
OUT>      [java] excluding code generation for non-included QName:{uri:iso.org:21090}TS.DateTime.Full
OUT>      [java] excluding code generation for non-included QName:{uri:iso.org:21090}set_EntityNameUse
OUT>      [java] excluding code generation for non-included QName:{uri:iso.org:21090}NPPD_BL
OUT>      [java] excluding code generation for non-included QName:{gme://caCORE.caCORE/3.2/gov.nih.nci.cacoresdk.domain.inheritance.childwithassociation}Credit
OUT>      [java] excluding code generation for non-included QName:{uri:iso.org:21090}IVL.High_TS.DateTime
OUT>      [java] excluding code generation for non-included QName:{uri:iso.org:21090}BAG_MO
OUT>      [java] excluding code generation for non-included QName:{uri:iso.org:21090}DSET_INT.NonNeg
OUT>      [java] excluding code generation for non-included QName:{gme://caCORE.caCORE/3.2/gov.nih.nci.cacoresdk.domain.inheritance.twolevelinheritance}LCDMonitor
OUT>      [java] excluding code generation for non-included QName:{gme://caCORE.caCORE/3.2/gov.nih.nci.cacoresdk.domain.other.primarykey}FloatKey
OUT>      [java] excluding code generation for non-included QName:{uri:iso.org:21090}COLL_ED.Doc.Ref
OUT>      [java] excluding code generation for non-included QName:{uri:iso.org:21090}QSET_TS.DateTime
OUT>      [java] excluding code generation for non-included QName:{uri:iso.org:21090}IVL.Low_REAL
OUT>      [java] excluding code generation for non-included QName:{uri:iso.org:21090}NPPD_ED.Signature
OUT>      [java] excluding code generation for non-included QName:{uri:iso.org:21090}TEL.Phone
OUT>      [java] excluding code generation for non-included QName:{uri:iso.org:21090}UVP_TS.DateTime[0,unbounded]
OUT>      [java] excluding code generation for non-included QName:{uri:iso.org:21090}LIST_INT
OUT>      [java] excluding code generation for non-included QName:{uri:iso.org:21090}HIST_TS.Birth
OUT>      [java] excluding code generation for non-included QName:{uri:iso.org:21090}GLIST_TS
OUT>      [java] excluding code generation for non-included QName:{gme://caCORE.caCORE/3.2/gov.nih.nci.cacoresdk.domain.other.datatype}AdDataType
OUT>      [java] excluding code generation for non-included QName:{uri:iso.org:21090}URL
OUT>      [java] excluding code generation for non-included QName:{uri:iso.org:21090}CalendarCycle
OUT>      [java] excluding code generation for non-included QName:{gme://caGrid.caBIG/1.0/gov.nih.nci.cagrid.metadata.common}Address
OUT>      [java] excluding code generation for non-included QName:{uri:iso.org:21090}COLL_TS.Date
OUT>      [java] excluding code generation for non-included QName:{gme://caCORE.caCORE/3.2/gov.nih.nci.cacoresdk.domain.other.primarykey}FloatPrimitiveKey
OUT>      [java] excluding code generation for non-included QName:{uri:iso.org:21090}PQR
OUT>      [java] excluding code generation for non-included QName:{uri:iso.org:21090}DSET_TEL.Url
OUT>      [java] excluding code generation for non-included QName:{uri:iso.org:21090}QSET_TS.Birth[0,unbounded]
OUT>      [java] excluding code generation for non-included QName:{uri:iso.org:21090}UVP_INT.NonNeg
OUT>      [java] excluding code generation for non-included QName:{http://CQL.caBIG/2/org.cagrid.cql2}NamedAttribute
OUT>      [java] excluding code generation for non-included QName:{uri:iso.org:21090}REAL[0,0]
OUT>      [java] excluding code generation for non-included QName:{uri:iso.org:21090}>thead
OUT>      [java] excluding code generation for non-included QName:{uri:iso.org:21090}NPPD_BL.NonNull
OUT>      [java] excluding code generation for non-included QName:{uri:iso.org:21090}DSET_TS.Birth
OUT>      [java] excluding code generation for non-included QName:{uri:iso.org:21090}IVL_INT.Positive
OUT>      [java] excluding code generation for non-included QName:{gme://caCORE.caCORE/3.2/gov.nih.nci.cacoresdk.domain.other.datatype}EdTextDataType
OUT>      [java] excluding code generation for non-included QName:{gme://caCORE.caCORE/3.2/gov.nih.nci.cacoresdk.domain.other.datatype}StNtDataType
OUT>      [java] excluding code generation for non-included QName:{uri:iso.org:21090}DSET_TS.Date.Full
OUT>      [java] excluding code generation for non-included QName:{gme://caCORE.caCORE/3.2/gov.nih.nci.cacoresdk.domain.inheritance.abstrakt}PrivateTeacher
OUT>      [java] excluding code generation for non-included QName:{gme://caCORE.caCORE/3.2/gov.nih.nci.cacoresdk.domain.inheritance.parentwithassociation.sametable}SoftTop
OUT>      [java] excluding code generation for non-included QName:{uri:iso.org:21090}QSS_CO
OUT>      [java] excluding code generation for non-included QName:{uri:iso.org:21090}COLL_EN.TN
OUT>      [java] excluding code generation for non-included QName:{uri:iso.org:21090}EIVL_TS.Birth
OUT>      [java] excluding code generation for non-included QName:{uri:iso.org:21090}ST.NT[0,unbounded]
OUT>      [java] excluding code generation for non-included QName:{gme://caCORE.caCORE/3.2/gov.nih.nci.cacoresdk.domain.other.datatype}DsetCdDataType
OUT>      [java] excluding code generation for non-included QName:{uri:iso.org:21090}UVP_TEL
OUT>      [java] excluding code generation for non-included QName:{uri:iso.org:21090}HIST_TS.DateTime.Full
OUT>      [java] excluding code generation for non-included QName:{uri:iso.org:21090}BAG_II
OUT>      [java] excluding code generation for non-included QName:{uri:iso.org:21090}HIST_AD
OUT>      [java] excluding code generation for non-included QName:{gme://caCORE.caCORE/3.2/gov.nih.nci.cacoresdk.domain.onetoone.multipleassociation.withjoin}Bride
OUT>      [java] excluding code generation for non-included QName:{uri:iso.org:21090}UVP_MO[0,unbounded]
OUT>      [java] excluding code generation for non-included QName:{uri:iso.org:21090}UVP_II
OUT>      [java] excluding code generation for non-included QName:{uri:iso.org:21090}INT.NonNeg
OUT>      [java] excluding code generation for non-included QName:{uri:iso.org:21090}IVL.Width_PQ.Time
OUT>      [java] excluding code generation for non-included QName:{uri:iso.org:21090}BL[0,unbounded]
OUT>      [java] excluding code generation for non-included QName:{gme://caGrid.caBIG/1.0/gov.nih.nci.cagrid.metadata.common}UMLAttribute
OUT>      [java] excluding code generation for non-included QName:{uri:iso.org:21090}LIST_INT.Positive
OUT>      [java] excluding code generation for non-included QName:{uri:iso.org:21090}BAG_ED.Doc
OUT>      [java] excluding code generation for non-included QName:{http://org.cagrid.dataservice.cql/QueryLanguageSupport}Cql2SupportType
OUT>      [java] excluding code generation for non-included QName:{gme://caCORE.caCORE/3.2/gov.nih.nci.cacoresdk.domain.other.primarykey}NoIdKey
OUT>      [java] excluding code generation for non-included QName:{uri:iso.org:21090}UVP_ED.Doc[0,unbounded]
OUT>      [java] excluding code generation for non-included QName:{uri:iso.org:21090}UVP_CD[0,unbounded]
OUT>      [java] excluding code generation for non-included QName:{gme://caCORE.caCORE/3.2/gov.nih.nci.cacoresdk.domain.onetoone.unidirectional.withjoin}Bag
OUT>      [java] excluding code generation for non-included QName:{uri:iso.org:21090}COLL_ST.NT
OUT>      [java] excluding code generation for non-included QName:{uri:iso.org:21090}AddressPartType
OUT>      [java] excluding code generation for non-included QName:{uri:iso.org:21090}QSS_TS.DateTime
OUT>      [java] excluding code generation for non-included QName:{uri:iso.org:21090}QSET_REAL[0,unbounded]
OUT>      [java] excluding code generation for non-included QName:{uri:iso.org:21090}UVP_TS.DateTime.Full[0,unbounded]
OUT>      [java] excluding code generation for non-included QName:{uri:iso.org:21090}HIST_BL
OUT>      [java] excluding code generation for non-included QName:{uri:iso.org:21090}RTO
OUT>      [java] excluding code generation for non-included QName:{gme://caCORE.caCORE/3.2/gov.nih.nci.cacoresdk.domain.other.datatype}AllDataType
OUT>      [java] excluding code generation for non-included QName:{uri:iso.org:21090}HIST_CD
OUT>      [java] excluding code generation for non-included QName:{gme://caCORE.caCORE/3.2/gov.nih.nci.cacoresdk.domain.inheritance.multiplechild.sametable}Organization
OUT>      [java] excluding code generation for non-included QName:{uri:iso.org:21090}COLL_CD.CV
OUT>      [java] excluding code generation for non-included QName:{uri:iso.org:21090}UVP_EN.PN
OUT>      [java] excluding code generation for non-included QName:{uri:iso.org:21090}BAG_CO
OUT>      [java] excluding code generation for non-included QName:{uri:iso.org:21090}BAG_TEL.Url
OUT>      [java] excluding code generation for non-included QName:{gme://caCORE.caCORE/3.2/gov.nih.nci.cacoresdk.domain.inheritance.implicit}>TankAccessory>tankCollection
OUT>      [java] excluding code generation for non-included QName:{uri:iso.org:21090}IVL.Width_TS.Birth
OUT>      [java] excluding code generation for non-included QName:{uri:iso.org:21090}PQ.Time[0,unbounded]
OUT>      [java] excluding code generation for non-included QName:{uri:iso.org:21090}DSET_ED.Doc.Ref
OUT>      [java] excluding code generation for non-included QName:{uri:iso.org:21090}DSET_BL.NonNull
OUT>      [java] excluding code generation for non-included QName:{uri:iso.org:21090}GLIST_PQ
OUT>      [java] excluding code generation for non-included QName:{uri:iso.org:21090}BAG_CS
OUT>      [java] excluding code generation for non-included QName:{gme://caCORE.caCORE/3.2/gov.nih.nci.cacoresdk.domain.inheritance.parentwithassociation}Professor
OUT>      [java] excluding code generation for non-included QName:{uri:iso.org:21090}UVP_ED.Narrative
OUT>      [java] excluding code generation for non-included QName:{uri:iso.org:21090}HIST_CO
OUT>      [java] excluding code generation for non-included QName:{uri:iso.org:21090}BAG_CD
OUT>      [java] excluding code generation for non-included QName:{uri:iso.org:21090}HIST_CS
OUT>      [java] excluding code generation for non-included QName:{uri:iso.org:21090}BAG_TEL.Person
OUT>      [java] excluding code generation for non-included QName:{uri:iso.org:21090}COLL_EN.ON
OUT>      [java] excluding code generation for non-included QName:{gme://caCORE.caCORE/3.2/gov.nih.nci.cacoresdk.domain.other.differentpackage.associations}>Utensil>dessertCollection
OUT>      [java] excluding code generation for non-included QName:{uri:iso.org:21090}DSET_CD.CE
OUT>      [java] excluding code generation for non-included QName:{uri:iso.org:21090}IVL.Low_TS.Date.Full
OUT>      [java] excluding code generation for non-included QName:{uri:iso.org:21090}UVP_INT.NonNeg[0,unbounded]
OUT>      [java] excluding code generation for non-included QName:{uri:iso.org:21090}HIST_TS.Date
OUT>      [java] excluding code generation for non-included QName:{uri:iso.org:21090}PQ[0,0]
OUT>      [java] excluding code generation for non-included QName:{uri:iso.org:21090}BAG_BL
OUT>      [java] excluding code generation for non-included QName:{gme://caGrid.caBIG/1.0/gov.nih.nci.cagrid.metadata.security}GSISecureMessage
OUT>      [java] excluding code generation for non-included QName:{uri:iso.org:21090}UVP_EN.ON
OUT>      [java] excluding code generation for non-included QName:{uri:iso.org:21090}DSET_CD.CV
OUT>      [java] excluding code generation for non-included QName:{uri:iso.org:21090}BAG_SC.NT
OUT>      [java] excluding code generation for non-included QName:{uri:iso.org:21090}COLL_EN.PN
OUT>      [java] excluding code generation for non-included QName:{uri:iso.org:21090}UVP_CD.CE.None[0,unbounded]
OUT>      [java] excluding code generation for non-included QName:{gme://caCORE.caCORE/3.2/gov.nih.nci.cacoresdk.domain.manytomany.bidirectional}>Employee>projectCollection
OUT>      [java] excluding code generation for non-included QName:{uri:iso.org:21090}LIST_ED.Signature
OUT>      [java] excluding code generation for non-included QName:{uri:iso.org:21090}HIST_ED
OUT>      [java] excluding code generation for non-included QName:{uri:iso.org:21090}QTY[0,0]
OUT>      [java] excluding code generation for non-included QName:{uri:iso.org:21090}PQ[0,unbounded]
OUT>      [java] excluding code generation for non-included QName:{uri:iso.org:21090}>>tr>align
OUT>      [java] excluding code generation for non-included QName:{uri:iso.org:21090}GLIST_INT.NonNeg
OUT>      [java] excluding code generation for non-included QName:{uri:iso.org:21090}DSET_REAL
OUT>      [java] excluding code generation for non-included QName:{uri:iso.org:21090}PIVL_TS.Date
OUT>      [java] excluding code generation for non-included QName:{uri:iso.org:21090}BAG_EN
OUT>      [java] excluding code generation for non-included QName:{uri:iso.org:21090}BAG_ED.Signature
OUT>      [java] excluding code generation for non-included QName:{uri:iso.org:21090}LIST_ED.Text
OUT>      [java] excluding code generation for non-included QName:{gme://caGrid.caBIG/1.0/gov.nih.nci.cagrid.metadata.service}ServiceContext
OUT>      [java] excluding code generation for non-included QName:{uri:iso.org:21090}COLL_BL.NonNull
OUT>      [java] excluding code generation for non-included QName:{uri:iso.org:21090}HIST_INT.Positive
OUT>      [java] excluding code generation for non-included QName:{uri:iso.org:21090}UVP_EN
OUT>      [java] excluding code generation for non-included QName:{uri:iso.org:21090}HIST_EN
OUT>      [java] excluding code generation for non-included QName:{uri:iso.org:21090}BAG_ED
OUT>      [java] excluding code generation for non-included QName:{uri:iso.org:21090}COLL_INT
OUT>      [java] excluding code generation for non-included QName:{gme://caCORE.caCORE/3.2/gov.nih.nci.cacoresdk.domain.other.primarykey}DoubleKey
OUT>      [java] excluding code generation for non-included QName:{gme://caGrid.caBIG/1.0/gov.nih.nci.cagrid.metadata.security}None
OUT>      [java] excluding code generation for non-included QName:{uri:iso.org:21090}BAG_REAL
OUT>      [java] excluding code generation for non-included QName:{uri:iso.org:21090}IVL.Width_CO
OUT>      [java] excluding code generation for non-included QName:{gme://caCORE.caCORE/3.2/gov.nih.nci.cacoresdk.domain.inheritance.parentwithassociation}AssociateProfessor
OUT>      [java] excluding code generation for non-included QName:{uri:iso.org:21090}>>colgroup>align
OUT>      [java] excluding code generation for non-included QName:{gme://caCORE.caCORE/3.2/gov.nih.nci.cacoresdk.domain.inheritance.onechild}Human
OUT>      [java] excluding code generation for non-included QName:{gme://caGrid.caBIG/1.0/gov.nih.nci.cagrid.metadata.service}>ServiceContext>contextPropertyCollection
OUT>      [java] excluding code generation for non-included QName:{uri:iso.org:21090}UVP_ED
OUT>      [java] excluding code generation for non-included QName:{gme://caCORE.caCORE/3.2/gov.nih.nci.cacoresdk.domain.manytomany.unidirectional}>Book>authorCollection
OUT>      [java] excluding code generation for non-included QName:{gme://caCORE.caCORE/3.2/gov.nih.nci.cacoresdk.domain.other.primarykey}IntegerPrimitiveKey
OUT>      [java] excluding code generation for non-included QName:{uri:iso.org:21090}COLL_SC
OUT>      [java] excluding code generation for non-included QName:{uri:iso.org:21090}INT[0,0]
OUT>      [java] excluding code generation for non-included QName:{uri:iso.org:21090}>>th>align
OUT>      [java] excluding code generation for non-included QName:{uri:iso.org:21090}UVP_SC
OUT>      [java] excluding code generation for non-included QName:{gme://caGrid.caBIG/1.0/gov.nih.nci.cagrid.metadata.service}Operation
OUT>      [java] excluding code generation for non-included QName:{uri:iso.org:21090}IVL.Low_INT
OUT>      [java] excluding code generation for non-included QName:{uri:iso.org:21090}NPPD_INT
OUT>      [java] excluding code generation for non-included QName:{uri:iso.org:21090}QSU_TS.Birth
OUT>      [java] excluding code generation for non-included QName:{uri:iso.org:21090}NPPD_REAL
OUT>      [java] excluding code generation for non-included QName:{uri:iso.org:21090}COLL_ED.Doc.Inline
OUT>      [java] excluding code generation for non-included QName:{uri:iso.org:21090}COLL_ST
OUT>      [java] excluding code generation for non-included QName:{uri:iso.org:21090}QSET_INT
OUT>      [java] excluding code generation for non-included QName:{gme://caGrid.caBIG/1.0/gov.nih.nci.cagrid.metadata.service}>Service>pointOfContactCollection
OUT>      [java] excluding code generation for non-included QName:{uri:iso.org:21090}TS.Date
OUT>      [java] excluding code generation for non-included QName:{uri:iso.org:21090}ED.Narrative
OUT>      [java] excluding code generation for non-included QName:{uri:iso.org:21090}UVP_ST
OUT>      [java] excluding code generation for non-included QName:{uri:iso.org:21090}IVL_CO
OUT>      [java] excluding code generation for non-included QName:{uri:iso.org:21090}>content
OUT>      [java] excluding code generation for non-included QName:{uri:iso.org:21090}UVP_TEL.Person
OUT>      [java] excluding code generation for non-included QName:{gme://caCORE.caCORE/3.2/gov.nih.nci.cacoresdk.domain.manytoone.unidirectional}Restaurant
OUT>      [java] excluding code generation for non-included QName:{gme://caGrid.caBIG/1.0/gov.nih.nci.cagrid.metadata.service}>Operation>faultCollection
OUT>      [java] excluding code generation for non-included QName:{uri:iso.org:21090}IVL_INT.NonNeg
OUT>      [java] excluding code generation for non-included QName:{uri:iso.org:21090}UVP_TS
OUT>      [java] excluding code generation for non-included QName:{uri:iso.org:21090}COLL_SC.NT
OUT>      [java] excluding code generation for non-included QName:{uri:iso.org:21090}IVL.Low_RTO
OUT>      [java] excluding code generation for non-included QName:{uri:iso.org:21090}QSD_MO
OUT>      [java] excluding code generation for non-included QName:{http://CQL.caBIG/2/org.cagrid.cql2}NamedAssociationList
OUT>      [java] excluding code generation for non-included QName:{uri:iso.org:21090}COLL_TS
OUT>      [java] excluding code generation for non-included QName:{uri:iso.org:21090}EN.TN
OUT>      [java] excluding code generation for non-included QName:{uri:iso.org:21090}PIVL_TS.Birth
OUT>      [java] excluding code generation for non-included QName:{http://CQL.caBIG/2/org.cagrid.cql2}CQLAttribute
OUT>      [java] excluding code generation for non-included QName:{uri:iso.org:21090}Narrative
OUT>      [java] excluding code generation for non-included QName:{uri:iso.org:21090}QSU_TS
OUT>      [java] excluding code generation for non-included QName:{uri:iso.org:21090}QSU_INT.Positive
OUT>      [java] excluding code generation for non-included QName:{uri:iso.org:21090}HIST_TEL.Email
OUT>      [java] excluding code generation for non-included QName:{gme://caCORE.caCORE/3.2/gov.nih.nci.cacoresdk.domain.other.datatype}IiDataType
OUT>      [java] excluding code generation for non-included QName:{uri:iso.org:21090}QSP_PQ
OUT>      [java] excluding code generation for non-included QName:{uri:iso.org:21090}IVL.High_TS.DateTime.Full
OUT>      [java] excluding code generation for non-included QName:{uri:iso.org:21090}ED.Text
OUT>      [java] excluding code generation for non-included QName:{uri:iso.org:21090}TS.Date[0,unbounded]
OUT>      [java] excluding code generation for non-included QName:{uri:iso.org:21090}QSU_TS.Date.Full
OUT>      [java] excluding code generation for non-included QName:{uri:iso.org:21090}ST[0,0]
OUT>      [java] excluding code generation for non-included QName:{uri:iso.org:21090}NPPD_TS.Date.Full
OUT>      [java] excluding code generation for non-included QName:{gme://caCORE.caCORE/3.2/gov.nih.nci.cacoresdk.domain.other.differentpackage}Dessert
OUT>      [java] excluding code generation for non-included QName:{uri:iso.org:21090}QSD_PQ
OUT>      [java] excluding code generation for non-included QName:{uri:iso.org:21090}QSET_INT.NonNeg
OUT>      [java] excluding code generation for non-included QName:{gme://caCORE.caCORE/3.2/gov.nih.nci.cacoresdk.domain.inheritance.parentwithassociation.sametable}>Wheel>luggage
OUT>      [java] excluding code generation for non-included QName:{uri:iso.org:21090}QSP_MO
OUT>      [java] excluding code generation for non-included QName:{uri:iso.org:21090}QSET_INT.Positive[0,unbounded]
OUT>      [java] excluding code generation for non-included QName:{uri:iso.org:21090}COLL_CD.CE
OUT>      [java] excluding code generation for non-included QName:{gme://caGrid.caBIG/1.0/gov.nih.nci.cagrid.metadata.common}>ResearchCenter>pointOfContactCollection
OUT>      [java] excluding code generation for non-included QName:{uri:iso.org:21090}DSET_TS.Date
OUT>      [java] excluding code generation for non-included QName:{uri:iso.org:21090}SLIST_TS.DateTime
OUT>      [java] excluding code generation for non-included QName:{uri:iso.org:21090}NPPD_MO
OUT>      [java] excluding code generation for non-included QName:{uri:iso.org:21090}IVL_TS.DateTime
OUT>      [java] excluding code generation for non-included QName:{uri:iso.org:21090}QSS_TS.Date
OUT>      [java] excluding code generation for non-included QName:{uri:iso.org:21090}NPPD_CD.CE
OUT>      [java] excluding code generation for non-included QName:{gme://caCORE.caCORE/3.2/gov.nih.nci.cacoresdk.domain.inheritance.multiplechild.sametable}PvtOrganization
OUT>      [java] excluding code generation for non-included QName:{http://CQL.caBIG/2/org.cagrid.cql2}CQLGroup[,unbounded]
OUT>      [java] excluding code generation for non-included QName:{uri:iso.org:21090}SLIST_TS.Birth
OUT>      [java] excluding code generation for non-included QName:{uri:iso.org:21090}EIVL_TS.DateTime
OUT>      [java] excluding code generation for non-included QName:{uri:iso.org:21090}NPPD_CD.CV
OUT>      [java] excluding code generation for non-included QName:{uri:iso.org:21090}IVL.Width_REAL
OUT>      [java] excluding code generation for non-included QName:{uri:iso.org:21090}IVL.Width_TS.Date.Full
OUT>      [java] excluding code generation for non-included QName:{gme://caGrid.caBIG/1.0/gov.nih.nci.cagrid.metadata}ServiceMetadata
OUT>      [java] excluding code generation for non-included QName:{uri:iso.org:21090}EN.PN
OUT>      [java] excluding code generation for non-included QName:{uri:iso.org:21090}LIST_TS.Date
OUT>      [java] excluding code generation for non-included QName:{uri:iso.org:21090}BAG_RTO
OUT>      [java] excluding code generation for non-included QName:{uri:iso.org:21090}NPPD_PQ
OUT>      [java] excluding code generation for non-included QName:{uri:iso.org:21090}LIST_PQ.Time
OUT>      [java] excluding code generation for non-included QName:{uri:iso.org:21090}NPPD_ED.Doc.Inline
OUT>      [java] excluding code generation for non-included QName:{uri:iso.org:21090}IVL.Width_TS.Date
OUT>      [java] excluding code generation for non-included QName:{uri:iso.org:21090}QSS_TS
OUT>      [java] excluding code generation for non-included QName:{uri:iso.org:21090}UVP_EN.ON[0,unbounded]
OUT>      [java] excluding code generation for non-included QName:{uri:iso.org:21090}EN.ON
OUT>      [java] excluding code generation for non-included QName:{uri:iso.org:21090}UVP_ED.Image[0,unbounded]
OUT>      [java] excluding code generation for non-included QName:{gme://caCORE.caCORE/3.2/gov.nih.nci.cacoresdk.domain.inheritance.childwithassociation.sametable}DesignerShoes
OUT>      [java] excluding code generation for non-included QName:{uri:iso.org:21090}HIST_ED.Doc.Inline
OUT>      [java] excluding code generation for non-included QName:{uri:iso.org:21090}NPPD_TEL.Url
OUT>      [java] excluding code generation for non-included QName:{uri:iso.org:21090}QSP_TS
OUT>      [java] excluding code generation for non-included QName:{uri:iso.org:21090}UVP_PQ
OUT>      [java] excluding code generation for non-included QName:{gme://caCORE.caCORE/3.2/gov.nih.nci.cacoresdk.domain.other.levelassociation}>Suit>cardCollection
OUT>      [java] excluding code generation for non-included QName:{uri:iso.org:21090}QSS_RTO
OUT>      [java] excluding code generation for non-included QName:{uri:iso.org:21090}QSU_PQ
OUT>      [java] excluding code generation for non-included QName:{uri:iso.org:21090}EIVL_TS.DateTime.Full
OUT>      [java] excluding code generation for non-included QName:{uri:iso.org:21090}COLL_PQ
OUT>      [java] excluding code generation for non-included QName:{uri:iso.org:21090}>table
OUT>      [java] excluding code generation for non-included QName:{gme://caCORE.caCORE/3.2/gov.nih.nci.cacoresdk.domain.onetoone.unidirectional}Person
OUT>      [java] excluding code generation for non-included QName:{uri:iso.org:21090}QSI_TS.DateTime
OUT>      [java] excluding code generation for non-included QName:{uri:iso.org:21090}HIST_CD.CE.None
OUT>      [java] excluding code generation for non-included QName:{uri:iso.org:21090}QSET_TS.Birth
OUT>      [java] excluding code generation for non-included QName:{uri:iso.org:21090}IVL.Width_TS.DateTime.Full
OUT>      [java] excluding code generation for non-included QName:{uri:iso.org:21090}UVP_ED.Doc
OUT>      [java] excluding code generation for non-included QName:{gme://caCORE.caCORE/3.2/gov.nih.nci.cacoresdk.domain.inheritance.multiplechild}GraduateStudent
OUT>      [java] excluding code generation for non-included QName:{uri:iso.org:21090}QSET_INT.NonNeg[0,unbounded]
OUT>      [java] excluding code generation for non-included QName:{uri:iso.org:21090}QSI_RTO
OUT>      [java] excluding code generation for non-included QName:{uri:iso.org:21090}UVP_MO
OUT>      [java] excluding code generation for non-included QName:{uri:iso.org:21090}UVP_TEL.Phone
OUT>      [java] excluding code generation for non-included QName:{uri:iso.org:21090}NPPD_SC
OUT>      [java] excluding code generation for non-included QName:{uri:iso.org:21090}QSET.BoundedPIVL
OUT>      [java] excluding code generation for non-included QName:{uri:iso.org:21090}BL.NonNull
OUT>      [java] excluding code generation for non-included QName:{uri:iso.org:21090}QSU_REAL
OUT>      [java] excluding code generation for non-included QName:{uri:iso.org:21090}COLL_ED.Doc
OUT>      [java] excluding code generation for non-included QName:{uri:iso.org:21090}COLL_INT.NonNeg
OUT>      [java] excluding code generation for non-included QName:{uri:iso.org:21090}UVP_SC[0,unbounded]
OUT>      [java] excluding code generation for non-included QName:{gme://caCORE.caCORE/3.2/gov.nih.nci.cacoresdk.domain.onetomany.bidirectional}>Computer>hardDriveCollection
OUT>      [java] excluding code generation for non-included QName:{uri:iso.org:21090}QSS_PQ
OUT>      [java] excluding code generation for non-included QName:{uri:iso.org:21090}UVP_REAL
OUT>      [java] excluding code generation for non-included QName:{uri:iso.org:21090}QSU_MO
OUT>      [java] excluding code generation for non-included QName:{uri:iso.org:21090}UVP_TEL.Person[0,unbounded]
OUT>      [java] excluding code generation for non-included QName:{uri:iso.org:21090}NPPD_PQ.Time
OUT>      [java] excluding code generation for non-included QName:{uri:iso.org:21090}BAG_CD.CV
OUT>      [java] excluding code generation for non-included QName:{uri:iso.org:21090}IVL.Width_MO
OUT>      [java] excluding code generation for non-included QName:{uri:iso.org:21090}TimingEvent
OUT>      [java] excluding code generation for non-included QName:{uri:iso.org:21090}COLL_ED.Narrative
OUT>      [java] excluding code generation for non-included QName:{gme://caCORE.caCORE/3.2/gov.nih.nci.cacoresdk.domain.other.primarykey}StringKey
OUT>      [java] excluding code generation for non-included QName:{http://CQL.caBIG/2/org.cagrid.cql2}NamedAttribute[,unbounded]
OUT>      [java] excluding code generation for non-included QName:{uri:iso.org:21090}BAG_ED.Image
OUT>      [java] excluding code generation for non-included QName:{http://CQL.caBIG/2/org.cagrid.cql2.results}CQLAttributeResult
OUT>      [java] excluding code generation for non-included QName:{uri:iso.org:21090}UVP_TS.Birth
OUT>      [java] excluding code generation for non-included QName:{gme://caCORE.caCORE/3.2/gov.nih.nci.cacoresdk.domain.inheritance.implicit}Substrate
OUT>      [java] excluding code generation for non-included QName:{uri:iso.org:21090}TEL
OUT>      [java] excluding code generation for non-included QName:{uri:iso.org:21090}QSU_TS.DateTime.Full
OUT>      [java] excluding code generation for non-included QName:{gme://caCORE.caCORE/3.2/gov.nih.nci.cacoresdk.domain.inheritance.parentwithassociation}Assistant
OUT>      [java] excluding code generation for non-included QName:{uri:iso.org:21090}NPPD_CS
OUT>      [java] excluding code generation for non-included QName:{uri:iso.org:21090}NPPD_RTO
OUT>      [java] excluding code generation for non-included QName:{gme://caCORE.caCORE/3.2/gov.nih.nci.cacoresdk.domain.inheritance.abstrakt}Pupil
OUT>      [java] excluding code generation for non-included QName:{uri:iso.org:21090}GLIST_CO
OUT>      [java] excluding code generation for non-included QName:{gme://caCORE.caCORE/3.2/gov.nih.nci.cacoresdk.domain.other.primarykey}LongKey
OUT>      [java] excluding code generation for non-included QName:{uri:iso.org:21090}NPPD_CO
OUT>      [java] excluding code generation for non-included QName:{uri:iso.org:21090}LIST_TS.Date.Full
OUT>      [java] excluding code generation for non-included QName:{uri:iso.org:21090}NPPD_CD
OUT>      [java] excluding code generation for non-included QName:{gme://caGrid.caBIG/1.0/gov.nih.nci.cagrid.metadata.common}SemanticMetadata
OUT>      [java] excluding code generation for non-included QName:{uri:iso.org:21090}IVL.Width_TS.DateTime
OUT>      [java] excluding code generation for non-included QName:{uri:iso.org:21090}HIST_EN.TN
OUT>      [java] excluding code generation for non-included QName:{http://CQL.caBIG/2/org.cagrid.cql2}PopulationDepth
OUT>      [java] excluding code generation for non-included QName:{uri:iso.org:21090}UncertaintyType
OUT>      [java] excluding code generation for non-included QName:{uri:iso.org:21090}LIST_ED.Doc.Inline
OUT>      [java] excluding code generation for non-included QName:{uri:iso.org:21090}TEL[0,0]
OUT>      [java] excluding code generation for non-included QName:{uri:iso.org:21090}LIST_AD
OUT>      [java] excluding code generation for non-included QName:{uri:iso.org:21090}UVP_TEL.Url[0,unbounded]
OUT>      [java] excluding code generation for non-included QName:{uri:iso.org:21090}UVP_SC.NT[0,unbounded]
OUT>      [java] excluding code generation for non-included QName:{gme://caCORE.caCORE/3.2/gov.nih.nci.cacoresdk.domain.other.datatype}PqDataType
OUT>      [java] excluding code generation for non-included QName:{uri:iso.org:21090}SC.NT[0,unbounded]
OUT>      [java] excluding code generation for non-included QName:{uri:iso.org:21090}IVL.Low_INT.Positive
OUT>      [java] excluding code generation for non-included QName:{uri:iso.org:21090}EIVL_TS.Date.Full
OUT>      [java] excluding code generation for non-included QName:{gme://caCORE.caCORE/3.2/gov.nih.nci.cacoresdk.domain.other.levelassociation}Hand
OUT>      [java] excluding code generation for non-included QName:{gme://caCORE.caCORE/3.2/gov.nih.nci.cacoresdk.domain.other.primarykey}CharacterPrimitiveKey
OUT>      [java] excluding code generation for non-included QName:{uri:iso.org:21090}TS[0,unbounded]
OUT>      [java] excluding code generation for non-included QName:{uri:iso.org:21090}>list
OUT>      [java] excluding code generation for non-included QName:{uri:iso.org:21090}COLL_ED.Signature
OUT>      [java] excluding code generation for non-included QName:{uri:iso.org:21090}QSP_PQ.Time
OUT>      [java] excluding code generation for non-included QName:{uri:iso.org:21090}UVP_INT
OUT>      [java] excluding code generation for non-included QName:{uri:iso.org:21090}RTO[0,0]
OUT>      [java] excluding code generation for non-included QName:{uri:iso.org:21090}GLIST_RTO
OUT>      [java] excluding code generation for non-included QName:{gme://caCORE.caCORE/3.2/gov.nih.nci.cacoresdk.domain.inheritance.parentwithassociation}>Professor>assistantCollection
OUT>      [java] excluding code generation for non-included QName:{uri:iso.org:21090}NPPD_EN
OUT>      [java] excluding code generation for non-included QName:{uri:iso.org:21090}II[0,unbounded]
OUT>      [java] excluding code generation for non-included QName:{uri:iso.org:21090}NPPD_ED
OUT>      [java] excluding code generation for non-included QName:{uri:iso.org:21090}BAG_ED.Text
OUT>      [java] excluding code generation for non-included QName:{http://CQL.caBIG/2/org.cagrid.cql2}NamedAssociation
OUT>      [java] excluding code generation for non-included QName:{uri:iso.org:21090}COLL_TEL
OUT>      [java] excluding code generation for non-included QName:{http://CQL.caBIG/2/org.cagrid.cql2}Aggregation
OUT>      [java] excluding code generation for non-included QName:{http://CQL.caBIG/2/org.cagrid.cql2.results}TargetAttribute[,unbounded]
OUT>      [java] excluding code generation for non-included QName:{uri:iso.org:21090}>linkHtml
OUT>      [java] excluding code generation for non-included QName:{uri:iso.org:21090}UVP_ST.NT
OUT>      [java] excluding code generation for non-included QName:{uri:iso.org:21090}LIST_CO
OUT>      [java] excluding code generation for non-included QName:{uri:iso.org:21090}UVP_PQ.Time
OUT>      [java] excluding code generation for non-included QName:{uri:iso.org:21090}SLIST_TS.Date.Full
OUT>      [java] excluding code generation for non-included QName:{uri:iso.org:21090}BAG_ST
OUT>      [java] excluding code generation for non-included QName:{uri:iso.org:21090}UVP_RTO
OUT>      [java] excluding code generation for non-included QName:{uri:iso.org:21090}UVP_TEL.Email
OUT>      [java] excluding code generation for non-included QName:{gme://caCORE.caCORE/3.2/gov.nih.nci.cacoresdk.domain.other.primarykey}StringPrimitiveKey
OUT>      [java] excluding code generation for non-included QName:{uri:iso.org:21090}GLIST_INT
OUT>      [java] excluding code generation for non-included QName:{uri:iso.org:21090}LIST_CD
OUT>      [java] excluding code generation for non-included QName:{uri:iso.org:21090}QSU_INT.NonNeg
OUT>      [java] excluding code generation for non-included QName:{uri:iso.org:21090}BAG_SC
OUT>      [java] excluding code generation for non-included QName:{uri:iso.org:21090}UVP_CD.CV[0,unbounded]
OUT>      [java] excluding code generation for non-included QName:{uri:iso.org:21090}LIST_CS
OUT>      [java] excluding code generation for non-included QName:{uri:iso.org:21090}UVP_CD.CE[0,unbounded]
OUT>      [java] excluding code generation for non-included QName:{gme://caCORE.caCORE/3.2/gov.nih.nci.cacoresdk.domain.inheritance.abstrakt}Teacher
OUT>      [java] excluding code generation for non-included QName:{uri:iso.org:21090}NPPD_CD.CE.None
OUT>      [java] excluding code generation for non-included QName:{uri:iso.org:21090}LIST_BL
OUT>      [java] excluding code generation for non-included QName:{uri:iso.org:21090}>>td>valign
OUT>      [java] excluding code generation for non-included QName:{uri:iso.org:21090}BAG_TS
OUT>      [java] excluding code generation for non-included QName:{uri:iso.org:21090}DSET_ED.Image
OUT>      [java] excluding code generation for non-included QName:{uri:iso.org:21090}IVL.Width_PQ
OUT>      [java] excluding code generation for non-included QName:{uri:iso.org:21090}HIST_EN.PN
OUT>      [java] excluding code generation for non-included QName:{uri:iso.org:21090}TS.Date.Full[0,unbounded]
OUT>      [java] excluding code generation for non-included QName:{uri:iso.org:21090}QSS_MO
OUT>      [java] excluding code generation for non-included QName:{uri:iso.org:21090}CD[0,0]
OUT>      [java] excluding code generation for non-included QName:{uri:iso.org:21090}DSET_CD.CE.None
OUT>      [java] excluding code generation for non-included QName:{uri:iso.org:21090}UVP_PQ.Time[0,unbounded]
OUT>      [java] excluding code generation for non-included QName:{uri:iso.org:21090}>>colgroup>valign
OUT>      [java] excluding code generation for non-included QName:{uri:iso.org:21090}CD.CE.None
OUT>      [java] excluding code generation for non-included QName:{gme://caGrid.caBIG/1.0/gov.nih.nci.cagrid.metadata.security}ServiceSecurityMetadata
OUT>      [java] excluding code generation for non-included QName:{uri:iso.org:21090}QSD_REAL
OUT>      [java] excluding code generation for non-included QName:{gme://caGrid.caBIG/1.0/gov.nih.nci.cagrid.metadata.service}>Operation>inputParameterCollection
OUT>      [java] excluding code generation for non-included QName:{uri:iso.org:21090}LIST_EN
OUT>      [java] excluding code generation for non-included QName:{uri:iso.org:21090}DSET_TEL.Person
OUT>      [java] excluding code generation for non-included QName:{uri:iso.org:21090}QSI_TS.Date.Full
OUT>      [java] excluding code generation for non-included QName:{gme://caCORE.caCORE/3.2/gov.nih.nci.cacoresdk.domain.other.datatype}BlNonNullDataType
OUT>      [java] excluding code generation for non-included QName:{http://CQL.caBIG/2/org.cagrid.cql2.results}ExtendedCQLResult
OUT>      [java] excluding code generation for non-included QName:{gme://caCORE.caCORE/3.2/gov.nih.nci.cacoresdk.domain.onetomany.bidirectional.withjoin}Passanger
OUT>      [java] excluding code generation for non-included QName:{uri:iso.org:21090}QSD_CO
OUT>      [java] excluding code generation for non-included QName:{uri:iso.org:21090}LIST_ED
OUT>      [java] excluding code generation for non-included QName:{uri:iso.org:21090}QSD_TS
OUT>      [java] excluding code generation for non-included QName:{uri:iso.org:21090}QSP_TS.Date.Full
OUT>      [java] excluding code generation for non-included QName:{uri:iso.org:21090}COLL_TEL.Url
OUT>      [java] excluding code generation for non-included QName:{uri:iso.org:21090}QSET_RTO
OUT>      [java] excluding code generation for non-included QName:{gme://caCORE.caCORE/3.2/gov.nih.nci.cacoresdk.domain.onetoone.bidirectional}OrderLine
OUT>      [java] excluding code generation for non-included QName:{uri:iso.org:21090}NPPD_ED.Image
OUT>      [java] excluding code generation for non-included QName:{uri:iso.org:21090}BAG_TS.Birth
OUT>      [java] excluding code generation for non-included QName:{uri:iso.org:21090}IVL.Width_INT.Positive
OUT>      [java] excluding code generation for non-included QName:{uri:iso.org:21090}IVL_INT
OUT>      [java] excluding code generation for non-included QName:{uri:iso.org:21090}COLL_CD.CE.None
OUT>      [java] excluding code generation for non-included QName:{uri:iso.org:21090}ST[0,unbounded]
OUT>      [java] excluding code generation for non-included QName:{uri:iso.org:21090}>tbody
OUT>      [java] excluding code generation for non-included QName:{uri:iso.org:21090}BAG_TS.DateTime
OUT>      [java] excluding code generation for non-included QName:{uri:iso.org:21090}IVL.Low_PQ.Time
OUT>      [java] excluding code generation for non-included QName:{uri:iso.org:21090}IVL.High_RTO
OUT>      [java] excluding code generation for non-included QName:{uri:iso.org:21090}HIST_ED.Text
OUT>      [java] excluding code generation for non-included QName:{uri:iso.org:21090}NPPD_II
OUT>      [java] excluding code generation for non-included QName:{uri:iso.org:21090}NPPD_ED.Narrative
OUT>      [java] excluding code generation for non-included QName:{gme://caCORE.caCORE/3.2/gov.nih.nci.cacoresdk.domain.inheritance.implicit}FishTank
OUT>      [java] excluding code generation for non-included QName:{uri:iso.org:21090}set_EntityNamePartQualifier
OUT>      [java] excluding code generation for non-included QName:{uri:iso.org:21090}MO[0,0]
OUT>      [java] excluding code generation for non-included QName:{gme://caCORE.caCORE/3.2/gov.nih.nci.cacoresdk.domain.onetoone.multipleassociation}Child
OUT>      [java] excluding code generation for non-included QName:{uri:iso.org:21090}IVL.High_MO
OUT>      [java] excluding code generation for non-included QName:{uri:iso.org:21090}>renderMultiMedia
OUT>      [java] excluding code generation for non-included QName:{uri:iso.org:21090}CD.CV[0,unbounded]
OUT>      [java] excluding code generation for non-included QName:{gme://caCORE.caCORE/3.2/gov.nih.nci.cacoresdk.domain.onetomany.bidirectional}HardDrive
OUT>      [java] excluding code generation for non-included QName:{uri:iso.org:21090}QSET_TS.Date
OUT>      [java] excluding code generation for non-included QName:{uri:iso.org:21090}COLL_II
OUT>      [java] excluding code generation for non-included QName:{uri:iso.org:21090}UVP_TS.Date.Full[0,unbounded]
OUT>      [java] excluding code generation for non-included QName:{http://CQL.caBIG/2/org.cagrid.cql2}CQLExtension[,unbounded]
OUT>      [java] excluding code generation for non-included QName:{uri:iso.org:21090}TEL.Email[0,unbounded]
OUT>      [java] excluding code generation for non-included QName:{uri:iso.org:21090}IVL_PQ
OUT>      [java] excluding code generation for non-included QName:{uri:iso.org:21090}DSET_INT.Positive
OUT>      [java] excluding code generation for non-included QName:{uri:iso.org:21090}GLIST_PQ.Time
OUT>      [java] excluding code generation for non-included QName:{uri:iso.org:21090}QSD_TS.Date
OUT>      [java] excluding code generation for non-included QName:{uri:iso.org:21090}GLIST_TS.Birth
OUT>      [java] excluding code generation for non-included QName:{uri:iso.org:21090}UVP_TS.DateTime
OUT>      [java] excluding code generation for non-included QName:{gme://caCORE.caCORE/3.2/gov.nih.nci.cacoresdk.domain.inheritance.abstrakt}>Teacher>pupilCollection
OUT>      [java] excluding code generation for non-included QName:{uri:iso.org:21090}LIST_MO
OUT>      [java] excluding code generation for non-included QName:{uri:iso.org:21090}NPPD_TEL.Phone
OUT>      [java] excluding code generation for non-included QName:{uri:iso.org:21090}QSD_INT
OUT>      [java] excluding code generation for non-included QName:{uri:iso.org:21090}ENXP[0,unbounded]
OUT>      [java] excluding code generation for non-included QName:{uri:iso.org:21090}REAL
OUT>      [java] excluding code generation for non-included QName:{gme://caCORE.caCORE/3.2/gov.nih.nci.cacoresdk.domain.inheritance.onechild.sametable}Note
OUT>      [java] excluding code generation for non-included QName:{gme://caCORE.caCORE/3.2/gov.nih.nci.cacoresdk.domain.onetoone.multipleassociation}Parent
OUT>      [java] excluding code generation for non-included QName:{uri:iso.org:21090}QSET_PQ.Time[0,unbounded]
OUT>      [java] excluding code generation for non-included QName:{gme://caCORE.caCORE/3.2/gov.nih.nci.cacoresdk.domain.manytomany.bidirectional}Project
OUT>      [java] excluding code generation for non-included QName:{uri:iso.org:21090}GLIST_TS.Date
OUT>      [java] excluding code generation for non-included QName:{http://gov.nih.nci.cagrid.data/DataServiceExceptions}QueryProcessingExceptionType
OUT>      [java] excluding code generation for non-included QName:{uri:iso.org:21090}COLL_ED.Image
OUT>      [java] excluding code generation for non-included QName:{uri:iso.org:21090}QSET_TS.Date[0,unbounded]
OUT>      [java] excluding code generation for non-included QName:{uri:iso.org:21090}NPPD_TEL
OUT>      [java] excluding code generation for non-included QName:{uri:iso.org:21090}IdentifierReliability
OUT>      [java] excluding code generation for non-included QName:{uri:iso.org:21090}NPPD_EN.ON
OUT>      [java] excluding code generation for non-included QName:{gme://caGrid.caBIG/1.0/gov.nih.nci.cagrid.metadata}>ServiceMetadata>hostingResearchCenter
OUT>      [java] excluding code generation for non-included QName:{gme://caCORE.caCORE/3.2/gov.nih.nci.cacoresdk.domain.other.datatype}DsetAdDataType
OUT>      [java] excluding code generation for non-included QName:{uri:iso.org:21090}QSI_MO
OUT>      [java] excluding code generation for non-included QName:{uri:iso.org:21090}IVL.Width_TS
OUT>      [java] excluding code generation for non-included QName:{uri:iso.org:21090}TEL.Person
OUT>      [java] excluding code generation for non-included QName:{gme://caCORE.caCORE/3.2/gov.nih.nci.cacoresdk.domain.other.datatype}IvlRealDataType
OUT>      [java] excluding code generation for non-included QName:{uri:iso.org:21090}IVL_TS
OUT>      [java] excluding code generation for non-included QName:{uri:iso.org:21090}QSP_INT.NonNeg
OUT>      [java] excluding code generation for non-included QName:{gme://caCORE.caCORE/3.2/gov.nih.nci.cacoresdk.domain.manytoone.unidirectional}Chef
OUT>      [java] excluding code generation for non-included QName:{uri:iso.org:21090}IVL_TS.DateTime.Full
OUT>      [java] excluding code generation for non-included QName:{uri:iso.org:21090}UVP_ED.Text
OUT>      [java] excluding code generation for non-included QName:{gme://caCORE.caCORE/3.2/gov.nih.nci.cacoresdk.domain.other.primarykey}CharacterKey
OUT>      [java] excluding code generation for non-included QName:{uri:iso.org:21090}NPPD_INT.Positive
OUT>      [java] excluding code generation for non-included QName:{uri:iso.org:21090}IVL.High_PQ
OUT>      [java] excluding code generation for non-included QName:{gme://caCORE.caCORE/3.2/gov.nih.nci.cacoresdk.domain.inheritance.twolevelinheritance}CRTMonitor
OUT>      [java] excluding code generation for non-included QName:{uri:iso.org:21090}ED.Text[0,unbounded]
OUT>      [java] excluding code generation for non-included QName:{gme://caCORE.caCORE/3.2/gov.nih.nci.cacoresdk.domain.onetoone.bidirectional.withjoin}Chain
OUT>      [java] excluding code generation for non-included QName:{uri:iso.org:21090}TS.DateTime
OUT>      [java] excluding code generation for non-included QName:{uri:iso.org:21090}COLL_TEL.Phone
OUT>      [java] excluding code generation for non-included QName:{uri:iso.org:21090}IVL.High_PQ.Time
OUT>      [java] excluding code generation for non-included QName:{uri:iso.org:21090}QSS_PQ.Time
OUT>      [java] excluding code generation for non-included QName:{uri:iso.org:21090}DSET_ED.Narrative
OUT>      [java] excluding code generation for non-included QName:{uri:iso.org:21090}UVP_TS.Date.Full
OUT>      [java] excluding code generation for non-included QName:{uri:iso.org:21090}UVP_ED.Doc.Inline[0,unbounded]
OUT>      [java] excluding code generation for non-included QName:{uri:iso.org:21090}TS
OUT>      [java] excluding code generation for non-included QName:{uri:iso.org:21090}ED.Signature[0,unbounded]
OUT>      [java] excluding code generation for non-included QName:{uri:iso.org:21090}CD.CE.None[0,unbounded]
OUT>      [java] excluding code generation for non-included QName:{uri:iso.org:21090}IVL_RTO
OUT>      [java] excluding code generation for non-included QName:{uri:iso.org:21090}BL.NonNull[0,unbounded]
OUT>      [java] excluding code generation for non-included QName:{uri:iso.org:21090}BAG_TEL.Phone
OUT>      [java] excluding code generation for non-included QName:{uri:iso.org:21090}ST
OUT>      [java] excluding code generation for non-included QName:{uri:iso.org:21090}ST.NT
OUT>      [java] excluding code generation for non-included QName:{uri:iso.org:21090}COLL_MO
OUT>      [java] excluding code generation for non-included QName:{uri:iso.org:21090}UVP_INT.Positive
OUT>      [java] excluding code generation for non-included QName:{gme://caCORE.caCORE/3.2/gov.nih.nci.cacoresdk.domain.inheritance.twolevelinheritance.sametable}CommunistGovt
OUT>      [java] excluding code generation for non-included QName:{gme://caCORE.caCORE/3.2/gov.nih.nci.cacoresdk.domain.onetomany.unidirectional.withjoin}Shirt
OUT>      [java] excluding code generation for non-included QName:{uri:iso.org:21090}EN.TN[0,unbounded]
OUT>      [java] excluding code generation for non-included QName:{uri:iso.org:21090}TS.Birth[0,unbounded]
OUT>      [java] excluding code generation for non-included QName:{uri:iso.org:21090}UVP_ED[0,unbounded]
OUT>      [java] excluding code generation for non-included QName:{uri:iso.org:21090}SC
OUT>      [java] excluding code generation for non-included QName:{gme://caCORE.caCORE/3.2/gov.nih.nci.cacoresdk.domain.other.levelassociation}>Deck>suitCollection
OUT>      [java] excluding code generation for non-included QName:{uri:iso.org:21090}LIST_II
OUT>      [java] excluding code generation for non-included QName:{uri:iso.org:21090}PQ.Time
OUT>      [java] excluding code generation for non-included QName:{gme://caCORE.caCORE/3.2/gov.nih.nci.cacoresdk.domain.other.datatype}TelPhoneDataType
OUT>      [java] excluding code generation for non-included QName:{uri:iso.org:21090}IVL_MO
OUT>      [java] excluding code generation for non-included QName:{uri:iso.org:21090}BAG_TEL
OUT>      [java] excluding code generation for non-included QName:{uri:iso.org:21090}HIST_ED.Narrative
OUT>      [java] excluding code generation for non-included QName:{uri:iso.org:21090}ED.Doc.Inline[0,unbounded]
OUT>      [java] excluding code generation for non-included QName:{http://CQL.caBIG/2/org.cagrid.cql2.results}CQLResult
OUT>      [java] excluding code generation for non-included QName:{uri:iso.org:21090}set_CodingRationale
OUT>      [java] excluding code generation for non-included QName:{gme://caCORE.caCORE/3.2/gov.nih.nci.cacoresdk.domain.inheritance.childwithassociation.sametable}SportsShoes
OUT>      [java] excluding code generation for non-included QName:{uri:iso.org:21090}>>tr>valign
OUT>      [java] excluding code generation for non-included QName:{uri:iso.org:21090}IVL.Width_RTO
OUT>      [java] excluding code generation for non-included QName:{uri:iso.org:21090}SLIST_INT
OUT>      [java] excluding code generation for non-included QName:{uri:iso.org:21090}IVL.Low_TS
OUT>      [java] excluding code generation for non-included QName:{uri:iso.org:21090}NPPD_INT.NonNeg
OUT>      [java] excluding code generation for non-included QName:{uri:iso.org:21090}QSD_RTO
OUT>      [java] excluding code generation for non-included QName:{uri:iso.org:21090}COLL_REAL
OUT>      [java] excluding code generation for non-included QName:{uri:iso.org:21090}LIST_TEL.Email
OUT>      [java] excluding code generation for non-included QName:{uri:iso.org:21090}IVL_REAL
OUT>      [java] excluding code generation for non-included QName:{uri:iso.org:21090}NPPD_TS
OUT>      [java] excluding code generation for non-included QName:{uri:iso.org:21090}QSD_TS.DateTime
OUT>      [java] excluding code generation for non-included QName:{uri:iso.org:21090}IVL.Low_TS.Date
OUT>      [java] excluding code generation for non-included QName:{gme://caCORE.caCORE/3.2/gov.nih.nci.cacoresdk.domain.onetomany.selfassociation}Element
OUT>      [java] excluding code generation for non-included QName:{http://CQL.caBIG/2/org.cagrid.cql2.results}CQLObjectResult
OUT>      [java] excluding code generation for non-included QName:{uri:iso.org:21090}BAG_TEL.Email
OUT>      [java] excluding code generation for non-included QName:{uri:iso.org:21090}UVP_CD.CE
OUT>      [java] excluding code generation for non-included QName:{gme://caCORE.caCORE/3.2/gov.nih.nci.cacoresdk.domain.other.datatype}EdDataType
OUT>      [java] excluding code generation for non-included QName:{uri:iso.org:21090}>item
OUT>      [java] excluding code generation for non-included QName:{uri:iso.org:21090}ED.Doc.Ref[0,unbounded]
OUT>      [java] excluding code generation for non-included QName:{uri:iso.org:21090}QSP_INT.Positive
OUT>      [java] excluding code generation for non-included QName:{gme://caGrid.caBIG/1.0/gov.nih.nci.cagrid.metadata.security}GSISecureConversation
OUT>      [java] excluding code generation for non-included QName:{gme://caCORE.caCORE/3.2/gov.nih.nci.cacoresdk.domain.inheritance.childwithassociation.sametable}Designer
OUT>      [java] excluding code generation for non-included QName:{uri:iso.org:21090}NPPD_ST
OUT>      [java] excluding code generation for non-included QName:{uri:iso.org:21090}UVP_CD.CV
OUT>      [java] excluding code generation for non-included QName:{uri:iso.org:21090}QSP_CO
OUT>      [java] excluding code generation for non-included QName:{gme://caCORE.caCORE/3.2/gov.nih.nci.cacoresdk.domain.onetomany.unidirectional.withjoin}Button
OUT>      [java] excluding code generation for non-included QName:{gme://caCORE.caCORE/3.2/gov.nih.nci.cacoresdk.domain.other.datatype}TelEmailDataType
OUT>      [java] excluding code generation for non-included QName:{gme://caGrid.caBIG/1.0/gov.nih.nci.cagrid.metadata.service}>Service>serviceContextCollection
OUT>      [java] excluding code generation for non-included QName:{uri:iso.org:21090}EN.PN[0,unbounded]
OUT>      [java] excluding code generation for non-included QName:{uri:iso.org:21090}UVP_CO[0,unbounded]
OUT>      [java] excluding code generation for non-included QName:{gme://caCORE.caCORE/3.2/gov.nih.nci.cacoresdk.domain.inheritance.parentwithassociation}AssistantProfessor
OUT>      [java] excluding code generation for non-included QName:{uri:iso.org:21090}LIST_ED.Narrative
OUT>      [java] excluding code generation for non-included QName:{uri:iso.org:21090}IVL.High_TS
OUT>      [java] excluding code generation for non-included QName:{uri:iso.org:21090}QSET_PQ[0,unbounded]
OUT>      [java] excluding code generation for non-included QName:{uri:iso.org:21090}EntityNamePartType
OUT>      [java] excluding code generation for non-included QName:{uri:iso.org:21090}PQ
OUT>      [java] excluding code generation for non-included QName:{uri:iso.org:21090}QSI_PQ
OUT>      [java] excluding code generation for non-included QName:{uri:iso.org:21090}QSP_TS.Birth
OUT>      [java] excluding code generation for non-included QName:{uri:iso.org:21090}>>table>rules
OUT>      [java] excluding code generation for non-included QName:{gme://caCORE.caCORE/3.2/gov.nih.nci.cacoresdk.domain.inheritance.twolevelinheritance.sametable}DemocraticGovt
OUT>      [java] excluding code generation for non-included QName:{gme://caCORE.caCORE/3.2/gov.nih.nci.cacoresdk.domain.onetoone.multipleassociation.withjoin}InLaw
OUT>      [java] excluding code generation for non-included QName:{uri:iso.org:21090}>>col>align
OUT>      [java] excluding code generation for non-included QName:{uri:iso.org:21090}COLL_AD
OUT>      [java] excluding code generation for non-included QName:{uri:iso.org:21090}ED.Image
OUT>      [java] excluding code generation for non-included QName:{gme://caCORE.caCORE/3.2/gov.nih.nci.cacoresdk.domain.other.levelassociation}Card
OUT>      [java] excluding code generation for non-included QName:{gme://caCORE.caCORE/3.2/gov.nih.nci.cacoresdk.domain.inheritance.twolevelinheritance.sametablerootlevel}FinancialCalculator
OUT>      [java] excluding code generation for non-included QName:{uri:iso.org:21090}QSD_PQ.Time
OUT>      [java] excluding code generation for non-included QName:{uri:iso.org:21090}HIST_TS.Date.Full
OUT>      [java] excluding code generation for non-included QName:{uri:iso.org:21090}UVP_ED.Text[0,unbounded]
OUT>      [java] excluding code generation for non-included QName:{uri:iso.org:21090}QTY
OUT>      [java] excluding code generation for non-included QName:{gme://caCORE.caCORE/3.2/gov.nih.nci.cacoresdk.domain.other.differentpackage.associations}IceCream
OUT>      [java] excluding code generation for non-included QName:{http://CQL.caBIG/2/org.cagrid.cql2}DistinctAttribute
OUT>      [java] excluding code generation for non-included QName:{uri:iso.org:21090}UVP_TS.DateTime.Full
OUT>      [java] excluding code generation for non-included QName:{uri:iso.org:21090}REAL[0,unbounded]
OUT>      [java] excluding code generation for non-included QName:{uri:iso.org:21090}LIST_TS
OUT>      [java] excluding code generation for non-included QName:{gme://caCORE.caCORE/3.2/gov.nih.nci.cacoresdk.domain.onetomany.bidirectional.withjoin}Flight
OUT>      [java] excluding code generation for non-included QName:{uri:iso.org:21090}SLIST_INT.NonNeg
OUT>      [java] excluding code generation for non-included QName:{uri:iso.org:21090}SLIST_TS
OUT>      [java] excluding code generation for non-included QName:{uri:iso.org:21090}HIST_PQ.Time
OUT>      [java] excluding code generation for non-included QName:{uri:iso.org:21090}LIST_ST.NT
OUT>      [java] excluding code generation for non-included QName:{uri:iso.org:21090}BAG_CD.CE.None
OUT>      [java] excluding code generation for non-included QName:{uri:iso.org:21090}LIST_EN.TN
OUT>      [java] excluding code generation for non-included QName:{uri:iso.org:21090}SLIST_RTO
OUT>      [java] excluding code generation for non-included QName:{uri:iso.org:21090}BAG_ST.NT
OUT>      [java] excluding code generation for non-included QName:{gme://caCORE.caCORE/3.2/gov.nih.nci.cacoresdk.domain.other.differentpackage}>Dessert>utensilCollection
OUT>      [java] excluding code generation for non-included QName:{uri:iso.org:21090}UVP_ED.Doc.Ref
OUT>      [java] excluding code generation for non-included QName:{uri:iso.org:21090}UVP_ED.Image
OUT>      [java] excluding code generation for non-included QName:{uri:iso.org:21090}LIST_TEL.Person
OUT>      [java] excluding code generation for non-included QName:{uri:iso.org:21090}COLL_BL
OUT>      [java] excluding code generation for non-included QName:{uri:iso.org:21090}BAG_ED.Doc.Ref
OUT>      [java] excluding code generation for non-included QName:{uri:iso.org:21090}IVL_TS.Date
OUT>      [java] excluding code generation for non-included QName:{uri:iso.org:21090}UVP_CD.CE.None
OUT>      [java] excluding code generation for non-included QName:{http://CQL.caBIG/2/org.cagrid.cql2}CQLQueryModifier
OUT>      [java] excluding code generation for non-included QName:{uri:iso.org:21090}>caption
OUT>      [java] excluding code generation for non-included QName:{uri:iso.org:21090}QSS_INT
OUT>      [java] excluding code generation for non-included QName:{gme://caCORE.caCORE/3.2/gov.nih.nci.cacoresdk.domain.inheritance.multiplechild.sametable}GovtOrganization
OUT>      [java] excluding code generation for non-included QName:{uri:iso.org:21090}TS.Birth[0,0]
OUT>      [java] excluding code generation for non-included QName:{uri:iso.org:21090}ED.Doc
OUT>      [java] excluding code generation for non-included QName:{http://org.cagrid.dataservice.cql/QueryLanguageSupport}>QueryLanguageSupport>CQL2Support
OUT>      [java] excluding code generation for non-included QName:{uri:iso.org:21090}IVL.Low_MO
OUT>      [java] excluding code generation for non-included QName:{uri:iso.org:21090}NPPD_EN.TN
OUT>      [java] excluding code generation for non-included QName:{gme://caCORE.caCORE/3.2/gov.nih.nci.cacoresdk.domain.other.datatype}IvlIntDataType
OUT>      [java] excluding code generation for non-included QName:{uri:iso.org:21090}LIST_SC
OUT>      [java] excluding code generation for non-included QName:{uri:iso.org:21090}LIST_ED.Image
OUT>      [java] excluding code generation for non-included QName:{uri:iso.org:21090}INT.Positive[0,0]
OUT>      [java] excluding code generation for non-included QName:{gme://caCORE.caCORE/3.2/gov.nih.nci.cacoresdk.domain.other.datatype}EnDataType
OUT>      [java] excluding code generation for non-included QName:{http://gov.nih.nci.cagrid.data/DataServiceExceptions}MalformedQueryExceptionType
OUT>      [java] excluding code generation for non-included QName:{uri:iso.org:21090}UVP_PQ[0,unbounded]
OUT>      [java] excluding code generation for non-included QName:{uri:iso.org:21090}IVL.High_INT.Positive
OUT>      [java] excluding code generation for non-included QName:{uri:iso.org:21090}COLL_TS.DateTime.Full
OUT>      [java] excluding code generation for non-included QName:{gme://caGrid.caBIG/1.0/gov.nih.nci.cagrid.metadata.service}InputParameter
OUT>      [java] excluding code generation for non-included QName:{gme://caCORE.caCORE/3.2/gov.nih.nci.cacoresdk.domain.inheritance.onechild.sametable}Currency
OUT>      [java] excluding code generation for non-included QName:{uri:iso.org:21090}UVP_BL[0,unbounded]
OUT>      [java] excluding code generation for non-included QName:{gme://caCORE.caCORE/3.2/gov.nih.nci.cacoresdk.domain.other.datatype}TelDataType
OUT>      [java] excluding code generation for non-included QName:{uri:iso.org:21090}IVL.Low_PQ
OUT>      [java] excluding code generation for non-included QName:{gme://caCORE.caCORE/3.2/gov.nih.nci.cacoresdk.domain.inheritance.implicit}FreshwaterFishTank
OUT>      [java] excluding code generation for non-included QName:{uri:iso.org:21090}LIST_EN.PN
OUT>      [java] excluding code generation for non-included QName:{uri:iso.org:21090}NPPD_ED.Doc
OUT>      [java] excluding code generation for non-included QName:{uri:iso.org:21090}QSI_TS
OUT>      [java] excluding code generation for non-included QName:{uri:iso.org:21090}BAG_TS.Date.Full
OUT>      [java] excluding code generation for non-included QName:{gme://caCORE.caCORE/3.2/gov.nih.nci.cacoresdk.domain.other.primarykey}IntegerKey
OUT>      [java] excluding code generation for non-included QName:{gme://caGrid.caBIG/1.0/gov.nih.nci.cagrid.metadata}>ServiceMetadata>serviceDescription
OUT>      [java] excluding code generation for non-included QName:{uri:iso.org:21090}LIST_ST
OUT>      [java] excluding code generation for non-included QName:{uri:iso.org:21090}LIST_REAL
OUT>      [java] excluding code generation for non-included QName:{uri:iso.org:21090}HIST_ED.Image
OUT>      [java] excluding code generation for non-included QName:{uri:iso.org:21090}HIST_TEL
OUT>      [java] excluding code generation for non-included QName:{gme://caCORE.caCORE/3.2/gov.nih.nci.cacoresdk.domain.onetomany.selfassociation}>Element>childCollection
OUT>      [java] excluding code generation for non-included QName:{uri:iso.org:21090}TEL.Phone[0,unbounded]
OUT>      [java] excluding code generation for non-included QName:{uri:iso.org:21090}LIST_RTO
OUT>      [java] excluding code generation for non-included QName:{uri:iso.org:21090}QSET_TS[0,unbounded]
OUT>      [java] excluding code generation for non-included QName:{uri:iso.org:21090}LIST_TS.DateTime
OUT>      [java] excluding code generation for non-included QName:{uri:iso.org:21090}EntityNameUse
OUT>      [java] excluding code generation for non-included QName:{gme://caCORE.caCORE/3.2/gov.nih.nci.cacoresdk.domain.other.validationtype}AllValidationType
OUT>      [java] excluding code generation for non-included QName:{http://CQL.caBIG/2/org.cagrid.cql2.results}CQLAggregateResult
OUT>      [java] excluding code generation for non-included QName:{uri:iso.org:21090}COLL_EN
OUT>      [java] excluding code generation for non-included QName:{uri:iso.org:21090}HIST_CD.CE
OUT>      [java] excluding code generation for non-included QName:{uri:iso.org:21090}COLL_ED
OUT>      [java] excluding code generation for non-included QName:{uri:iso.org:21090}LIST_EN.ON
OUT>      [java] excluding code generation for non-included QName:{uri:iso.org:21090}QSP_RTO
OUT>      [java] excluding code generation for non-included QName:{uri:iso.org:21090}TelecommunicationAddressUse
OUT>      [java] excluding code generation for non-included QName:{gme://caCORE.caCORE/3.2/gov.nih.nci.cacoresdk.domain.inheritance.implicit}Tank
OUT>      [java] excluding code generation for non-included QName:{gme://caCORE.caCORE/3.2/gov.nih.nci.cacoresdk.domain.other.datatype}IvlTsDataType
OUT>      [java] excluding code generation for non-included QName:{http://org.cagrid.dataservice.cql/QueryLanguageSupport}QueryLanguageSupport
OUT>      [java] excluding code generation for non-included QName:{uri:iso.org:21090}HIST_ED.Doc
OUT>      [java] excluding code generation for non-included QName:{uri:iso.org:21090}LIST_INT.NonNeg
OUT>      [java] excluding code generation for non-included QName:{uri:iso.org:21090}UVP_REAL[0,unbounded]
OUT>      [java] excluding code generation for non-included QName:{uri:iso.org:21090}LIST_PQ
OUT>      [java] excluding code generation for non-included QName:{gme://caGrid.caBIG/1.0/gov.nih.nci.cagrid.metadata.common}>ValueDomain>enumerationCollection
OUT>      [java] excluding code generation for non-included QName:{uri:iso.org:21090}PostalAddressUse
OUT>      [java] excluding code generation for non-included QName:{gme://caCORE.caCORE/3.2/gov.nih.nci.cacoresdk.domain.inheritance.parentwithassociation.sametable}Luggage
OUT>      [java] excluding code generation for non-included QName:{gme://caGrid.caBIG/1.0/gov.nih.nci.cagrid.metadata.common}ResearchCenterDescription
OUT>      [java] excluding code generation for non-included QName:{uri:iso.org:21090}ANY
OUT>      [java] excluding code generation for non-included QName:{uri:iso.org:21090}ADXP
OUT>      [java] excluding code generation for non-included QName:{gme://caCORE.caCORE/3.2/gov.nih.nci.cacoresdk.domain.other.datatype}BlDataType
OUT>      [java] excluding code generation for non-included QName:{gme://caCORE.caCORE/3.2/gov.nih.nci.cacoresdk.domain.other.datatype}TsDataType
OUT>      [java] excluding code generation for non-included QName:{uri:iso.org:21090}PIVL_TS.DateTime.Full
OUT>      [java] excluding code generation for non-included QName:{uri:iso.org:21090}QSET_CO
OUT>      [java] excluding code generation for non-included QName:{uri:iso.org:21090}IVL.High_INT.NonNeg
OUT>      [java] excluding code generation for non-included QName:{uri:iso.org:21090}TEL.Email
OUT>      [java] excluding code generation for non-included QName:{uri:iso.org:21090}QSS_INT.Positive
OUT>      [java] excluding code generation for non-included QName:{uri:iso.org:21090}NPPD_EN.PN
OUT>      [java] excluding code generation for non-included QName:{gme://caCORE.caCORE/3.2/gov.nih.nci.cacoresdk.domain.inheritance.parentwithassociation.sametable}Wheel
OUT>      [java] excluding code generation for non-included QName:{uri:iso.org:21090}BAG_TS.DateTime.Full
OUT>      [java] excluding code generation for non-included QName:{uri:iso.org:21090}ED.Doc.Inline
OUT>      [java] excluding code generation for non-included QName:{uri:iso.org:21090}COLL_CO
OUT>      [java] excluding code generation for non-included QName:{http://CQL.caBIG/2/org.cagrid.cql2}CQLGroup
OUT>      [java] excluding code generation for non-included QName:{gme://caGrid.caBIG/1.0/gov.nih.nci.cagrid.metadata.security}CommunicationMechanism
OUT>      [java] excluding code generation for non-included QName:{uri:iso.org:21090}TEL[0,unbounded]
OUT>      [java] excluding code generation for non-included QName:{uri:iso.org:21090}COLL_CD
OUT>      [java] excluding code generation for non-included QName:{uri:iso.org:21090}EntityNamePartQualifier
OUT>      [java] excluding code generation for non-included QName:{uri:iso.org:21090}LIST_ED.Doc
OUT>      [java] excluding code generation for non-included QName:{gme://caCORE.caCORE/3.2/gov.nih.nci.cacoresdk.domain.inheritance.childwithassociation}Bank
OUT>      [java] excluding code generation for non-included QName:{uri:iso.org:21090}QSET_TS.DateTime.Full
OUT>      [java] excluding code generation for non-included QName:{uri:iso.org:21090}DSET_TEL
OUT>      [java] excluding code generation for non-included QName:{uri:iso.org:21090}ED[0,0]
OUT>      [java] excluding code generation for non-included QName:{uri:iso.org:21090}IVL.Low_TS.Birth
OUT>      [java] excluding code generation for non-included QName:{gme://caCORE.caCORE/3.2/gov.nih.nci.cacoresdk.domain.inheritance.twolevelinheritance.sametable}Goverment
OUT>      [java] excluding code generation for non-included QName:{gme://caCORE.caCORE/3.2/gov.nih.nci.cacoresdk.domain.other.datatype}IntDataType
OUT>      [java] excluding code generation for non-included QName:{uri:iso.org:21090}QSET_INT[0,unbounded]
OUT>      [java] excluding code generation for non-included QName:{uri:iso.org:21090}DSET_ED.Doc.Inline
OUT>      [java] excluding code generation for non-included QName:{uri:iso.org:21090}UVP_EN.PN[0,unbounded]
OUT>      [java] excluding code generation for non-included QName:{uri:iso.org:21090}IVL.High_TS.Birth
OUT>      [java] excluding code generation for non-included QName:{http://CQL.caBIG/2/org.cagrid.cql2}CQLAttribute[,unbounded]
OUT>      [java] excluding code generation for non-included QName:{uri:iso.org:21090}IVL_TS.Birth
OUT>      [java] excluding code generation for non-included QName:{uri:iso.org:21090}HIST_CD.CV
OUT>      [java] excluding code generation for non-included QName:{uri:iso.org:21090}>br
OUT>      [java] excluding code generation for non-included QName:{uri:iso.org:21090}LIST_TS.Birth
OUT>      [java] excluding code generation for non-included QName:{http://CQL.caBIG/2/org.cagrid.cql2}CQLObject
OUT>      [java] excluding code generation for non-included QName:{uri:iso.org:21090}UVP_BL.NonNull[0,unbounded]
OUT>      [java] excluding code generation for non-included QName:{uri:iso.org:21090}SLIST_TS.DateTime.Full
OUT>      [java] excluding code generation for non-included QName:{uri:iso.org:21090}>>td>align
OUT>      [java] excluding code generation for non-included QName:{uri:iso.org:21090}UVP_TEL.Email[0,unbounded]
OUT>      [java] excluding code generation for non-included QName:{uri:iso.org:21090}COLL_CS
OUT>      [java] excluding code generation for non-included QName:{uri:iso.org:21090}NPPD_ED.Text
OUT>      [java] excluding code generation for non-included QName:{uri:iso.org:21090}UVP_ED.Signature
OUT>      [java] excluding code generation for non-included QName:{gme://caCORE.caCORE/3.2/gov.nih.nci.cacoresdk.domain.inheritance.parentwithassociation.sametable}HardTop
OUT>      [java] excluding code generation for non-included QName:{uri:iso.org:21090}>footnoteRef
OUT>      [java] excluding code generation for non-included QName:{uri:iso.org:21090}QSET_TS.Date.Full
OUT>      [java] excluding code generation for non-included QName:{uri:iso.org:21090}>>tfoot>align
OUT>      [java] excluding code generation for non-included QName:{uri:iso.org:21090}NPPD_TS.Date
OUT>      [java] excluding code generation for non-included QName:{uri:iso.org:21090}MO[0,unbounded]
OUT>      [java] excluding code generation for non-included QName:{uri:iso.org:21090}QSET_TS.DateTime[0,unbounded]
OUT>      [java] excluding code generation for non-included QName:{uri:iso.org:21090}DSET_TS.DateTime.Full
OUT>      [java] excluding code generation for non-included QName:{uri:iso.org:21090}SLIST_REAL
OUT>      [java] excluding code generation for non-included QName:{uri:iso.org:21090}BAG_AD
OUT>      [java] excluding code generation for non-included QName:{uri:iso.org:21090}SLIST_MO
OUT>      [java] excluding code generation for non-included QName:{http://CQL.caBIG/2/org.cagrid.cql2}CQLExtension
OUT>      [java] excluding code generation for non-included QName:{uri:iso.org:21090}ED.Doc[0,unbounded]
OUT>      [java] excluding code generation for non-included QName:{gme://caCORE.caCORE/3.2/gov.nih.nci.cacoresdk.domain.inheritance.implicit}SaltwaterFishTank
OUT>      [java] excluding code generation for non-included QName:{uri:iso.org:21090}TS[0,0]
OUT>      [java] excluding code generation for non-included QName:{uri:iso.org:21090}INT
OUT>      [java] excluding code generation for non-included QName:{uri:iso.org:21090}EIVL_TS
OUT>      [java] excluding code generation for non-included QName:{uri:iso.org:21090}DSET_CD
OUT>      [java] excluding code generation for non-included QName:{uri:iso.org:21090}COLL_ED.Text
OUT>      [java] excluding code generation for non-included QName:{uri:iso.org:21090}LIST_TEL
OUT>      [java] excluding code generation for non-included QName:{uri:iso.org:21090}IdentifierScope
OUT>      [java] excluding code generation for non-included QName:{uri:iso.org:21090}QSU_PQ.Time
OUT>      [java] excluding code generation for non-included QName:{uri:iso.org:21090}TS.Birth
OUT>      [java] excluding code generation for non-included QName:{uri:iso.org:21090}QSI_PQ.Time
OUT>      [java] excluding code generation for non-included QName:{uri:iso.org:21090}PIVL_TS.DateTime
OUT>      [java] excluding code generation for non-included QName:{gme://caCORE.caCORE/3.2/gov.nih.nci.cacoresdk.domain.other.datatype}DsetTelDataType
OUT>      [java] excluding code generation for non-included QName:{uri:iso.org:21090}DSET_CO
OUT>      [java] excluding code generation for non-included QName:{uri:iso.org:21090}DSET_CS
OUT>      [java] excluding code generation for non-included QName:{uri:iso.org:21090}>>table>frame
OUT>      [java] excluding code generation for non-included QName:{uri:iso.org:21090}NPPD_TS.Birth
OUT>      [java] excluding code generation for non-included QName:{uri:iso.org:21090}>footnote
OUT>      [java] excluding code generation for non-included QName:{uri:iso.org:21090}INT.NonNeg[0,unbounded]
OUT>      [java] excluding code generation for non-included QName:{uri:iso.org:21090}IVL.High_TS.Date
OUT>      [java] excluding code generation for non-included QName:{uri:iso.org:21090}UVP_BL.NonNull
OUT>      [java] excluding code generation for non-included QName:{uri:iso.org:21090}CD[0,unbounded]
OUT>      [java] excluding code generation for non-included QName:{uri:iso.org:21090}QSET_PQ
OUT>      [java] excluding code generation for non-included QName:{uri:iso.org:21090}QSET_TS.Date.Full[0,unbounded]
OUT>      [java] excluding code generation for non-included QName:{uri:iso.org:21090}NullFlavor
OUT>      [java] excluding code generation for non-included QName:{uri:iso.org:21090}SC.NT
OUT>      [java] excluding code generation for non-included QName:{uri:iso.org:21090}UVP_II[0,unbounded]
OUT>      [java] excluding code generation for non-included QName:{uri:iso.org:21090}COLL_TS.DateTime
OUT>      [java] excluding code generation for non-included QName:{uri:iso.org:21090}EN[0,unbounded]
OUT>      [java] excluding code generation for non-included QName:{uri:iso.org:21090}>>th>scope
OUT>      [java] excluding code generation for non-included QName:{gme://caCORE.caCORE/3.2/gov.nih.nci.cacoresdk.domain.manytomany.bidirectional}Employee
OUT>      [java] excluding code generation for non-included QName:{uri:iso.org:21090}BAG_EN.TN
OUT>      [java] excluding code generation for non-included QName:{uri:iso.org:21090}TS.Date[0,0]
OUT>      [java] excluding code generation for non-included QName:{uri:iso.org:21090}SLIST_TS.Date
OUT>      [java] excluding code generation for non-included QName:{uri:iso.org:21090}DSET_ED.Doc
OUT>      [java] excluding code generation for non-included QName:{gme://caCORE.caCORE/3.2/gov.nih.nci.cacoresdk.domain.other.datatype}RealDataType
OUT>      [java] excluding code generation for non-included QName:{uri:iso.org:21090}DSET_BL
OUT>      [java] excluding code generation for non-included QName:{uri:iso.org:21090}ED
OUT>      [java] excluding code generation for non-included QName:{uri:iso.org:21090}QSET_INT.Positive
OUT>      [java] excluding code generation for non-included QName:{uri:iso.org:21090}QSET_TS.DateTime.Full[0,unbounded]
OUT>      [java] excluding code generation for non-included QName:{uri:iso.org:21090}QSP_INT
OUT>      [java] excluding code generation for non-included QName:{uri:iso.org:21090}DSET_AD
OUT>      [java] excluding code generation for non-included QName:{uri:iso.org:21090}COLL_TEL.Person
OUT>      [java] excluding code generation for non-included QName:{uri:iso.org:21090}>>list>listType
OUT>      [java] excluding code generation for non-included QName:{uri:iso.org:21090}UVP_ST[0,unbounded]
OUT>      [java] excluding code generation for non-included QName:{uri:iso.org:21090}UVP_ED.Narrative[0,unbounded]
OUT>      [java] excluding code generation for non-included QName:{uri:iso.org:21090}IVL.Low_TS.DateTime
OUT>      [java] excluding code generation for non-included QName:{uri:iso.org:21090}CDGroup
OUT>      [java] excluding code generation for non-included QName:{uri:iso.org:21090}HIST_REAL
OUT>      [java] excluding code generation for non-included QName:{uri:iso.org:21090}COLL_PQ.Time
OUT>      [java] excluding code generation for non-included QName:{uri:iso.org:21090}EN
OUT>      [java] excluding code generation for non-included QName:{uri:iso.org:21090}LIST_TS.DateTime.Full
OUT>      [java] excluding code generation for non-included QName:{uri:iso.org:21090}COLL_RTO
OUT>      [java] excluding code generation for non-included QName:{uri:iso.org:21090}EIVL_TS.Date
OUT>      [java] excluding code generation for non-included QName:{uri:iso.org:21090}QSU_INT
OUT>      [java] excluding code generation for non-included QName:{http://CQL.caBIG/2/org.cagrid.cql2.results}CQLAttributeResult[0,unbounded]
OUT>      [java] excluding code generation for non-included QName:{uri:iso.org:21090}UVP_INT[0,unbounded]
OUT>      [java] excluding code generation for non-included QName:{gme://caGrid.caBIG/1.0/gov.nih.nci.cagrid.metadata.common}Enumeration
OUT>      [java] excluding code generation for non-included QName:{uri:iso.org:21090}LIST_BL.NonNull
OUT>      [java] excluding code generation for non-included QName:{uri:iso.org:21090}>>tbody>valign
OUT>      [java] excluding code generation for non-included QName:{uri:iso.org:21090}HXIT
OUT>      [java] excluding code generation for non-included QName:{uri:iso.org:21090}TEL.Url
OUT>      [java] excluding code generation for non-included QName:{gme://caGrid.caBIG/1.0/gov.nih.nci.cagrid.metadata.service}Service
OUT>      [java] excluding code generation for non-included QName:{gme://caGrid.caBIG/1.0/gov.nih.nci.cagrid.metadata.common}UMLClass
OUT>      [java] excluding code generation for non-included QName:{gme://caGrid.caBIG/1.0/gov.nih.nci.cagrid.metadata.common}>UMLClass>umlAttributeCollection
OUT>      [java] excluding code generation for non-included QName:{uri:iso.org:21090}set_TelecommunicationAddressUse
OUT>      [java] excluding code generation for non-included QName:{gme://caCORE.caCORE/3.2/gov.nih.nci.cacoresdk.domain.other.levelassociation}Suit
OUT>      [java] excluding code generation for non-included QName:{uri:iso.org:21090}HIST_TS.DateTime
OUT>      [java] excluding code generation for non-included QName:{uri:iso.org:21090}UVP_TS.Birth[0,unbounded]
OUT>      [java] excluding code generation for non-included QName:{uri:iso.org:21090}set_PostalAddressUse
OUT>      [java] excluding code generation for non-included QName:{uri:iso.org:21090}QSD_INT.Positive
OUT>      [java] excluding code generation for non-included QName:{uri:iso.org:21090}QSU_RTO
OUT>      [java] excluding code generation for non-included QName:{http://CQL.caBIG/2/org.cagrid.cql2}CQLAssociatedObject
OUT>      [java] excluding code generation for non-included QName:{uri:iso.org:21090}HIST_INT.NonNeg
OUT>      [java] excluding code generation for non-included QName:{uri:iso.org:21090}>>th>valign
OUT>      [java] excluding code generation for non-included QName:{uri:iso.org:21090}BL
OUT>      [java] excluding code generation for non-included QName:{uri:iso.org:21090}QSS_TS.Birth
OUT>      [java] excluding code generation for non-included QName:{uri:iso.org:21090}SLIST_PQ
OUT>      [java] excluding code generation for non-included QName:{http://CQL.caBIG/2/org.cagrid.cql2}AssociationPopulationSpecification
OUT>      [java] excluding code generation for non-included QName:{gme://caGrid.caBIG/1.0/gov.nih.nci.cagrid.metadata.common}ResearchCenter
OUT>      [java] excluding code generation for non-included QName:{uri:iso.org:21090}GLIST_TS.Date.Full
OUT>      [java] excluding code generation for non-included QName:{uri:iso.org:21090}LIST_TEL.Phone
OUT>      [java] excluding code generation for non-included QName:{gme://caCORE.caCORE/3.2/gov.nih.nci.cacoresdk.domain.inheritance.implicit}TankAccessory
OUT>      [java] excluding code generation for non-included QName:{uri:iso.org:21090}UVP_EN.TN[0,unbounded]
OUT>      [java] excluding code generation for non-included QName:{uri:iso.org:21090}BAG_EN.ON
OUT>      [java] excluding code generation for non-included QName:{uri:iso.org:21090}NPPD_TEL.Person
OUT>      [java] excluding code generation for non-included QName:{uri:iso.org:21090}CS
OUT>      [java] excluding code generation for non-included QName:{uri:iso.org:21090}LIST_SC.NT
OUT>      [java] excluding code generation for non-included QName:{uri:iso.org:21090}CR
OUT>      [java] excluding code generation for non-included QName:{uri:iso.org:21090}CO
OUT>      [java] excluding code generation for non-included QName:{uri:iso.org:21090}TS.DateTime.Full[0,0]
OUT>      [java] excluding code generation for non-included QName:{uri:iso.org:21090}HIST_BL.NonNull
OUT>      [java] excluding code generation for non-included QName:{http://CQL.caBIG/2/org.cagrid.cql2.results}CQLQueryResults
OUT>      [java] excluding code generation for non-included QName:{uri:iso.org:21090}ED[0,unbounded]
OUT>      [java] excluding code generation for non-included QName:{uri:iso.org:21090}UVP_CS[0,unbounded]
OUT>      [java] excluding code generation for non-included QName:{uri:iso.org:21090}CD
OUT>      [java] excluding code generation for non-included QName:{uri:iso.org:21090}QSI_INT
OUT>      [java] excluding code generation for non-included QName:{gme://caCORE.caCORE/3.2/gov.nih.nci.cacoresdk.domain.onetomany.bidirectional.withjoin}>Flight>passangerCollection
OUT>      [java] excluding code generation for non-included QName:{uri:iso.org:21090}UVP_ED.Doc.Ref[0,unbounded]
OUT>      [java] excluding code generation for non-included QName:{gme://caCORE.caCORE/3.2/gov.nih.nci.cacoresdk.domain.inheritance.twolevelinheritance.sametable}ParliamantaryGovt
OUT>      [java] excluding code generation for non-included QName:{gme://caCORE.caCORE/3.2/gov.nih.nci.cacoresdk.domain.onetoone.unidirectional}Address
OUT>      [java] excluding code generation for non-included QName:{uri:iso.org:21090}LIST_CD.CE
OUT>      [java] excluding code generation for non-included QName:{uri:iso.org:21090}ED.Image[0,unbounded]
OUT>      [java] excluding code generation for non-included QName:{uri:iso.org:21090}BAG_EN.PN
OUT>      [java] excluding code generation for non-included QName:{uri:iso.org:21090}QSET_MO
OUT>      [java] excluding code generation for non-included QName:{uri:iso.org:21090}QSP_TS.DateTime
OUT>      [java] excluding code generation for non-included QName:{uri:iso.org:21090}NPPD_TS.DateTime
OUT>      [java] excluding code generation for non-included QName:{uri:iso.org:21090}TS.DateTime[0,unbounded]
OUT>      [java] excluding code generation for non-included QName:{uri:iso.org:21090}HIST_SC.NT
OUT>      [java] excluding code generation for non-included QName:{uri:iso.org:21090}LIST_CD.CV
OUT>      [java] excluding code generation for non-included QName:{uri:iso.org:21090}XReference
OUT>      [java] excluding code generation for non-included QName:{gme://caCORE.caCORE/3.2/gov.nih.nci.cacoresdk.domain.other.datatype}EnOnDataType
OUT>      [java] excluding code generation for non-included QName:{http://CQL.caBIG/2/org.cagrid.cql2}AttributeValue
OUT>      [java] excluding code generation for non-included QName:{uri:iso.org:21090}QSS_TS.DateTime.Full
OUT>      [java] excluding code generation for non-included QName:{uri:iso.org:21090}QSI_TS.DateTime.Full
OUT>      [java] excluding code generation for non-included QName:{uri:iso.org:21090}ED.Narrative[0,unbounded]
OUT>      [java] excluding code generation for non-included QName:{uri:iso.org:21090}HIST_TEL.Url
OUT>      [java] excluding code generation for non-included QName:{uri:iso.org:21090}CR[0,unbounded]
OUT>      [java] excluding code generation for non-included QName:{uri:iso.org:21090}RTO[0,unbounded]
OUT>      [java] excluding code generation for non-included QName:{uri:iso.org:21090}QSET_REAL
OUT>      [java] excluding code generation for non-included QName:{gme://caCORE.caCORE/3.2/gov.nih.nci.cacoresdk.domain.other.datatype}StDataType
OUT>      [java] excluding code generation for non-included QName:{uri:iso.org:21090}QSI_INT.Positive
OUT>      [java] excluding code generation for non-included QName:{uri:iso.org:21090}IVL.High_CO
OUT>      [java] excluding code generation for non-included QName:{gme://caCORE.caCORE/3.2/gov.nih.nci.cacoresdk.domain.onetomany.unidirectional}KeyChain
OUT>      [java] excluding code generation for non-included QName:{uri:iso.org:21090}EN.ON[0,unbounded]
OUT>      [java] excluding code generation for non-included QName:{gme://caCORE.caCORE/3.2/gov.nih.nci.cacoresdk.domain.inheritance.childwithassociation.sametable}Shoes
OUT>      [java] excluding code generation for non-included QName:{uri:iso.org:21090}DSET_TEL.Phone
OUT>      [java] excluding code generation for non-included QName:{gme://caGrid.caBIG/1.0/gov.nih.nci.cagrid.metadata.service}CaDSRRegistration
OUT>      [java] excluding code generation for non-included QName:{uri:iso.org:21090}NPPD_ST.NT
OUT>      [java] excluding code generation for non-included QName:{uri:iso.org:21090}INT.Positive[0,unbounded]
OUT>      [java] excluding code generation for non-included QName:{uri:iso.org:21090}COLL_TEL.Email
OUT>      [java] excluding code generation for non-included QName:{uri:iso.org:21090}AD
OUT>      [java] excluding code generation for non-included QName:{uri:iso.org:21090}IVL.Low_CO
OUT>      [java] excluding code generation for non-included QName:{uri:iso.org:21090}QSI_TS.Date
OUT>      [java] excluding code generation for non-included QName:{gme://caGrid.caBIG/1.0/gov.nih.nci.cagrid.metadata.security}CommunicationStyle
OUT>      [java] excluding code generation for non-included QName:{gme://caGrid.caBIG/1.0/gov.nih.nci.cagrid.metadata.service}Output
OUT>      [java] excluding code generation for non-included QName:{uri:iso.org:21090}NPPD_ED.Doc.Ref
OUT>      [java] excluding code generation for non-included QName:{uri:iso.org:21090}QSS_INT.NonNeg
OUT>      [java] excluding code generation for non-included QName:{uri:iso.org:21090}PQR[0,unbounded]
OUT>      [java] excluding code generation for non-included QName:{uri:iso.org:21090}BAG_ED.Narrative
OUT>      [java] excluding code generation for non-included QName:{uri:iso.org:21090}DSET_TS.DateTime
OUT>      [java] excluding code generation for non-included QName:{uri:iso.org:21090}HIST_ED.Doc.Ref
OUT>      [java] excluding code generation for non-included QName:{gme://caCORE.caCORE/3.2/gov.nih.nci.cacoresdk.domain.manytomany.bidirectional}>Project>employeeCollection
OUT>      [java] excluding code generation for non-included QName:{gme://caGrid.caBIG/1.0/gov.nih.nci.cagrid.metadata.service}>ServiceContext>operationCollection
OUT>      [java] excluding code generation for non-included QName:{gme://caCORE.caCORE/3.2/gov.nih.nci.cacoresdk.domain.interfaze}Dog
OUT>      [java] excluding code generation for non-included QName:{uri:iso.org:21090}TS.Date.Full[0,0]
OUT>      [java] excluding code generation for non-included QName:{uri:iso.org:21090}GLIST_TS.DateTime.Full
OUT>      [java] excluding code generation for non-included QName:{uri:iso.org:21090}QSD_INT.NonNeg
OUT>      [java] excluding code generation for non-included QName:{gme://caGrid.caBIG/1.0/gov.nih.nci.cagrid.metadata.security}Operation
OUT>      [java] excluding code generation for non-included QName:{uri:iso.org:21090}TEL.Person[0,unbounded]
OUT>      [java] excluding code generation for non-included QName:{gme://caCORE.caCORE/3.2/gov.nih.nci.cacoresdk.domain.other.datatype}TelUrlDataType
OUT>      [java] excluding code generation for non-included QName:{uri:iso.org:21090}HIST_RTO
OUT>      [java] excluding code generation for non-included QName:{uri:iso.org:21090}QSP_REAL
OUT>      [java] excluding code generation for non-included QName:{uri:iso.org:21090}COLL_TS.Date.Full
OUT>      [java] excluding code generation for non-included QName:{uri:iso.org:21090}TEL.Url[0,unbounded]
OUT>      [java] excluding code generation for non-included QName:{uri:iso.org:21090}>tfoot
OUT>      [java] excluding code generation for non-included QName:{uri:iso.org:21090}IVL_TS.Date.Full
OUT>      [java] excluding code generation for non-included QName:{gme://caCORE.caCORE/3.2/gov.nih.nci.cacoresdk.domain.inheritance.implicit}Fish
OUT>      [java] excluding code generation for non-included QName:{gme://caCORE.caCORE/3.2/gov.nih.nci.cacoresdk.domain.manytomany.unidirectional}Author
OUT>      [java] excluding code generation for non-included QName:{gme://caCORE.caCORE/3.2/gov.nih.nci.cacoresdk.domain.inheritance.childwithassociation}Payment
OUT>      [java] excluding code generation for non-included QName:{uri:iso.org:21090}DSET_INT
OUT>      [java] excluding code generation for non-included QName:{uri:iso.org:21090}QSET_PQ.Time
OUT>      [java] excluding code generation for non-included QName:{uri:iso.org:21090}UVP_TEL.Url
OUT>      [java] excluding code generation for non-included QName:{uri:iso.org:21090}CodingRationale
OUT>      [java] excluding code generation for non-included QName:{gme://caCORE.caCORE/3.2/gov.nih.nci.cacoresdk.domain.onetoone.bidirectional.withjoin}Pendant
OUT>      [java] excluding code generation for non-included QName:{gme://caGrid.caBIG/1.0/gov.nih.nci.cagrid.metadata.common}PointOfContact
OUT>      [java] excluding code generation for non-included QName:{uri:iso.org:21090}HIST_PQ
OUT>      [java] excluding code generation for non-included QName:{http://CQL.caBIG/2/org.cagrid.cql2}CQLQuery
OUT>      [java] excluding code generation for non-included QName:{gme://caCORE.caCORE/3.2/gov.nih.nci.cacoresdk.domain.manytoone.unidirectional.withjoin}Song
OUT>      [java] excluding code generation for non-included QName:{gme://caCORE.caCORE/3.2/gov.nih.nci.cacoresdk.domain.inheritance.implicit}AngelFish
OUT>      [java] excluding code generation for non-included QName:{uri:iso.org:21090}QSI_TS.Birth
OUT>      [java] excluding code generation for non-included QName:{gme://caCORE.caCORE/3.2/gov.nih.nci.cacoresdk.domain.other.levelassociation}>Hand>cardCollection
OUT>      [java] excluding code generation for non-included QName:{gme://caCORE.caCORE/3.2/gov.nih.nci.cacoresdk.domain.other.datatype}DsetIiDataType
OUT>      [java] excluding code generation for non-included QName:{uri:iso.org:21090}QSI_CO
OUT>      [java] excluding code generation for non-included QName:{uri:iso.org:21090}QSET_RTO[0,unbounded]
OUT>      [java] excluding code generation for non-included QName:{gme://caCORE.caCORE/3.2/gov.nih.nci.cacoresdk.domain.inheritance.multiplechild}Student
OUT>      [java] excluding code generation for non-included QName:{uri:iso.org:21090}AD[0,unbounded]
OUT>      [java] excluding code generation for non-included QName:{uri:iso.org:21090}MO
OUT>      [java] excluding code generation for non-included QName:{uri:iso.org:21090}>col
OUT>      [java] excluding code generation for non-included QName:{gme://caCORE.caCORE/3.2/gov.nih.nci.cacoresdk.domain.onetoone.unidirectional.withjoin}Handle
OUT>      [java] excluding code generation for non-included QName:{uri:iso.org:21090}DSET_ED.Text
OUT>      [java] excluding code generation for non-included QName:{uri:iso.org:21090}QSU_TS.Date
OUT>      [java] excluding code generation for non-included QName:{uri:iso.org:21090}TS.DateTime.Full[0,unbounded]
OUT>      [java] excluding code generation for non-included QName:{http://CQL.caBIG/2/org.cagrid.cql2}CQLTargetObject
OUT>      [java] excluding code generation for non-included QName:{uri:iso.org:21090}DSET_II
OUT>      [java] excluding code generation for non-included QName:{uri:iso.org:21090}QSD_TS.Date.Full
OUT>      [java] excluding code generation for non-included QName:{uri:iso.org:21090}UVP_EN[0,unbounded]
OUT>      [java] excluding code generation for non-included QName:{gme://caCORE.caCORE/3.2/gov.nih.nci.cacoresdk.domain.other.differentpackage.associations}Pie
OUT>      [java] excluding code generation for non-included QName:{uri:iso.org:21090}UVP_TS[0,unbounded]
OUT>      [java] excluding code generation for non-included QName:{gme://caGrid.caBIG/1.0/gov.nih.nci.cagrid.metadata.common}ValueDomain
OUT>      [java] excluding code generation for non-included QName:{uri:iso.org:21090}HIST_ST.NT
OUT>      [java] excluding code generation for non-included QName:{uri:iso.org:21090}LIST_TEL.Url
OUT>      [java] excluding code generation for non-included QName:{uri:iso.org:21090}PQR[0,0]
OUT>      [java] excluding code generation for non-included QName:{uri:iso.org:21090}SLIST_PQ.Time
OUT>      [java] excluding code generation for non-included QName:{uri:iso.org:21090}IVL_PQ.Time
OUT>      [java] excluding code generation for non-included QName:{uri:iso.org:21090}QSI_INT.NonNeg
OUT>      [java] excluding code generation for non-included QName:{uri:iso.org:21090}QSP_TS.DateTime.Full
OUT>      [java] excluding code generation for non-included QName:{uri:iso.org:21090}IVL.High_INT
OUT>      [java] excluding code generation for non-included QName:{uri:iso.org:21090}BAG_INT
OUT>      [java] excluding code generation for non-included QName:{uri:iso.org:21090}IntegrityCheckAlgorithm
OUT>      [java] excluding code generation for non-included QName:{uri:iso.org:21090}QSET_TS
OUT>      [java] excluding code generation for non-included QName:{gme://caCORE.caCORE/3.2/gov.nih.nci.cacoresdk.domain.onetomany.bidirectional}Computer
OUT>      [java] excluding code generation for non-included QName:{gme://caCORE.caCORE/3.2/gov.nih.nci.cacoresdk.domain.other.differentpackage.associations}Utensil
OUT>      [java] excluding code generation for non-included QName:{uri:iso.org:21090}Compression
OUT>      [java] excluding code generation for non-included QName:{http://CQL.caBIG/2/org.cagrid.cql2.results}CQLObjectResult[0,unbounded]
OUT>      [java] excluding code generation for non-included QName:{uri:iso.org:21090}INT[0,unbounded]
OUT>      [java] excluding code generation for non-included QName:{uri:iso.org:21090}CD.CE[0,unbounded]
OUT>      [java] excluding code generation for non-included QName:{gme://caGrid.caBIG/1.0/gov.nih.nci.cagrid.metadata.service}ContextProperty
OUT>      [java] excluding code generation for non-included QName:{http://CQL.caBIG/2/org.cagrid.cql2}CQLAssociatedObject[,unbounded]
OUT>      [java] excluding code generation for non-included QName:{uri:iso.org:21090}PQ.Time[0,0]
OUT>      [java] excluding code generation for non-included QName:{gme://caCORE.caCORE/3.2/gov.nih.nci.cacoresdk.domain.other.primarykey}DoublePrimitiveKey
OUT>      [java] excluding code generation for non-included QName:{uri:iso.org:21090}UVP_ED.Doc.Inline
OUT>      [java] excluding code generation for non-included QName:{uri:iso.org:21090}GLIST_INT.Positive
OUT>      [java] excluding code generation for non-included QName:{gme://caCORE.caCORE/3.2/gov.nih.nci.cacoresdk.domain.inheritance.implicit}>SaltwaterFishTank>substrateCollection
OUT>      [java] excluding code generation for non-included QName:{uri:iso.org:21090}HIST_INT
OUT>      [java] excluding code generation for non-included QName:{uri:iso.org:21090}IVL.Low_INT.NonNeg
OUT>      [java] excluding code generation for non-included QName:{uri:iso.org:21090}>>tbody>align
OUT>      [java] excluding code generation for non-included QName:{uri:iso.org:21090}CD.CV
OUT>      [java] excluding code generation for non-included QName:{gme://caCORE.caCORE/3.2/gov.nih.nci.cacoresdk.domain.inheritance.onechild}Mammal
OUT>      [java] excluding code generation for non-included QName:{uri:iso.org:21090}ED.Doc.Ref
OUT>      [java] excluding code generation for non-included QName:{uri:iso.org:21090}QSS_REAL
OUT>      [java] excluding code generation for non-included QName:{gme://caCORE.caCORE/3.2/gov.nih.nci.cacoresdk.domain.other.primarykey}LongPrimitiveKey
OUT>      [java] excluding code generation for non-included QName:{uri:iso.org:21090}TS.Date.Full
OUT>      [java] excluding code generation for non-included QName:{uri:iso.org:21090}ED.Signature
OUT>      [java] excluding code generation for non-included QName:{gme://caCORE.caCORE/3.2/gov.nih.nci.cacoresdk.domain.inheritance.parentwithassociation}TenuredProfessor
OUT>      [java] excluding code generation for non-included QName:{uri:iso.org:21090}CS[0,unbounded]
OUT>      [java] excluding code generation for non-included QName:{uri:iso.org:21090}HIST_TS
OUT>      [java] excluding code generation for non-included QName:{uri:iso.org:21090}UVP_TS.Date[0,unbounded]
OUT>      [java] excluding code generation for non-included QName:{uri:iso.org:21090}NPPD_TEL.Email
OUT>      [java] excluding code generation for non-included QName:{gme://caCORE.caCORE/3.2/gov.nih.nci.cacoresdk.domain.other.datatype}ScDataType
OUT>      [java] excluding code generation for non-included QName:{uri:iso.org:21090}SC[0,unbounded]
OUT>      [java] excluding code generation for non-included QName:{http://CQL.caBIG/2/org.cagrid.cql2.results}TargetAttribute
OUT>      [java] excluding code generation for non-included QName:{gme://caGrid.caBIG/1.0/gov.nih.nci.cagrid.metadata.security}protectionLevelType
OUT>      [java] excluding code generation for non-included QName:{uri:iso.org:21090}HIST_TEL.Person
OUT>      [java] excluding code generation for non-included QName:{uri:iso.org:21090}>tr
OUT>      [java] excluding code generation for non-included QName:{uri:iso.org:21090}INT.Positive
OUT>      [java] excluding code generation for non-included QName:{uri:iso.org:21090}>th
OUT>      [java] excluding code generation for non-included QName:{uri:iso.org:21090}II
OUT>      [java] excluding code generation for non-included QName:{uri:iso.org:21090}CD.CE
OUT>      [java] excluding code generation for non-included QName:{uri:iso.org:21090}QSP_TS.Date
OUT>      [java] excluding code generation for non-included QName:{uri:iso.org:21090}HIST_SC
OUT>      [java] excluding code generation for non-included QName:{uri:iso.org:21090}LIST_ED.Doc.Ref
OUT>      [java] excluding code generation for non-included QName:{uri:iso.org:21090}DSET_ST.NT
OUT>      [java] excluding code generation for non-included QName:{uri:iso.org:21090}TS.DateTime[0,0]
OUT>      [java] excluding code generation for non-included QName:{uri:iso.org:21090}HIST_TEL.Phone
OUT>      [java] excluding code generation for non-included QName:{uri:iso.org:21090}>td
OUT>      [java] excluding code generation for non-included QName:{gme://caCORE.caCORE/3.2/gov.nih.nci.cacoresdk.domain.other.datatype}TelPersonDataType
OUT>      [java] excluding code generation for non-included QName:{uri:iso.org:21090}DSET_EN
OUT>      [java] excluding code generation for non-included QName:{gme://caGrid.caBIG/1.0/gov.nih.nci.cagrid.metadata.service}Fault
OUT>      [java] excluding code generation for non-included QName:{uri:iso.org:21090}HIST_ST
OUT>      [java] excluding code generation for non-included QName:{uri:iso.org:21090}DSET_PQ.Time
OUT>      [java] excluding code generation for non-included QName:{http://CQL.caBIG/2/org.cagrid.cql2}GroupLogicalOperator
OUT>      [java] excluding code generation for non-included QName:{uri:iso.org:21090}DSET_ED
OUT>      [java] excluding code generation for non-included QName:{uri:iso.org:21090}QSD_TS.Birth
OUT>      [java] excluding code generation for non-included QName:{gme://caCORE.caCORE/3.2/gov.nih.nci.cacoresdk.domain.other.levelassociation}Deck
OUT>      [java] excluding code generation for non-included QName:{gme://caCORE.caCORE/3.2/gov.nih.nci.cacoresdk.domain.onetomany.unidirectional}>KeyChain>keyCollection
OUT>      [java] excluding code generation for non-included QName:{uri:iso.org:21090}>colgroup
OUT>      [java] LOOKING AT METHOD: GetMultipleResourceProperties
OUT>      [java] LOOKING AT METHOD: GetResourceProperty
OUT>      [java] LOOKING AT METHOD: QueryResourceProperties
OUT>      [java] LOOKING AT METHOD: getServiceSecurityMetadata
OUT>      [java] LOOKING AT METHOD: query
OUT>      [java] LOOKING AT METHOD: executeQuery
OUT>      [java] Synchronizing the base files
OUT>      [java] Synchronizing the services
OUT>      [java] Found a method for addition: GetMultipleResourceProperties
OUT>      [java] Found a method for addition: GetResourceProperty
OUT>      [java] Found a method for addition: QueryResourceProperties
OUT>      [java] Found a method for addition: query
OUT>      [java] Found a method for addition: executeQuery
OUT>      [java] Synchronizing the type mappings
OUT>      [java] Synchronizing the service properties
OUT>      [java] Synchronizing with post processing extensions
OUT>      [java] Service is a data service.
OUT>      [java] Loading configuration for Portal Configuration from /Users/ervin/.cagrid/grape/introducePortal-conf.xml
OUT>      [java] Loading configuration for Service Creation Defaults from /Users/ervin/.cagrid/grape/introduceServiceDefaults-conf.xml
OUT>      [java] Loading configuration for Global Extension Properties from /Users/ervin/.cagrid/grape/introduceGlobalExtensionProperties-conf.xml
OUT>      [java] Modifying eclipse .classpath file
OUT>      [java] Adding libraries to classpath file:
OUT>      [java] Model information / domain model found in service model.
OUT>      [java] Generating class to qname mapping from the information
OUT>      [java] stored in the service model
OUT>      [java] Modifying eclipse .classpath file
OUT>      [java] Adding libraries to classpath file:
OUT>      [java] Model information / domain model found in service model.
OUT>      [java] Generating class to qname mapping from the information
OUT>      [java] stored in the service model
OUT>      [java] Adding CQL 2 types mapping to wsdd /var/folders/M2/M2eLa4tFElelS2p09b6x7U+++TI/-Tmp-/TestSDK44WithIsoTypesStyleDataService_1316803880820/server-config.wsdd
OUT>      [java] Reading CQL 2 types mapping from packaged wsdd
OUT>      [java] Adding types mapping text:
OUT>      [java] 
OUT>      [java] <!-- START CQL 2 TYPE MAPPINGS -->
OUT>      [java]   <ns3:typeMapping xmlns:ns3="http://xml.apache.org/axis/wsdd/" xmlns:ns1="http://xml.apache.org/axis/wsdd/providers/java" xmlns:ns2="http://CQL.caBIG/2/org.cagrid.cql2" encodingStyle="" serializer="org.cagrid.cql.utilities.encoding.Cql2SerializerFactory" deserializer="org.cagrid.cql.utilities.encoding.Cql2DeserializerFactory" type="ns1:org.cagrid.cql2.Aggregation" qname="ns2:Aggregation" />
OUT>      [java]   <ns3:typeMapping xmlns:ns3="http://xml.apache.org/axis/wsdd/" xmlns:ns1="http://xml.apache.org/axis/wsdd/providers/java" xmlns:ns2="http://CQL.caBIG/2/org.cagrid.cql2" encodingStyle="" serializer="org.cagrid.cql.utilities.encoding.Cql2SerializerFactory" deserializer="org.cagrid.cql.utilities.encoding.Cql2DeserializerFactory" type="ns1:org.cagrid.cql2.AssociationPopulationSpecification" qname="ns2:AssociationPopulationSpecification" />
OUT>      [java]   <ns3:typeMapping xmlns:ns3="http://xml.apache.org/axis/wsdd/" xmlns:ns1="http://xml.apache.org/axis/wsdd/providers/java" xmlns:ns2="http://CQL.caBIG/2/org.cagrid.cql2" encodingStyle="" serializer="org.cagrid.cql.utilities.encoding.Cql2SerializerFactory" deserializer="org.cagrid.cql.utilities.encoding.Cql2DeserializerFactory" type="ns1:org.cagrid.cql2.AttributeValue" qname="ns2:AttributeValue" />
OUT>      [java]   <ns3:typeMapping xmlns:ns3="http://xml.apache.org/axis/wsdd/" xmlns:ns1="http://xml.apache.org/axis/wsdd/providers/java" xmlns:ns2="http://CQL.caBIG/2/org.cagrid.cql2" encodingStyle="" serializer="org.cagrid.cql.utilities.encoding.Cql2SerializerFactory" deserializer="org.cagrid.cql.utilities.encoding.Cql2DeserializerFactory" type="ns1:org.cagrid.cql2.BinaryPredicate" qname="ns2:BinaryPredicate" />
OUT>      [java]   <ns3:typeMapping xmlns:ns3="http://xml.apache.org/axis/wsdd/" xmlns:ns1="http://xml.apache.org/axis/wsdd/providers/java" xmlns:ns2="http://CQL.caBIG/2/org.cagrid.cql2" encodingStyle="" serializer="org.cagrid.cql.utilities.encoding.Cql2SerializerFactory" deserializer="org.cagrid.cql.utilities.encoding.Cql2DeserializerFactory" type="ns1:org.cagrid.cql2.CQLAssociatedObject" qname="ns2:CQLAssociatedObject" />
OUT>      [java]   <ns3:typeMapping xmlns:ns3="http://xml.apache.org/axis/wsdd/" xmlns:ns1="http://xml.apache.org/axis/wsdd/providers/java" xmlns:ns2="http://CQL.caBIG/2/org.cagrid.cql2" encodingStyle="" serializer="org.cagrid.cql.utilities.encoding.Cql2SerializerFactory" deserializer="org.cagrid.cql.utilities.encoding.Cql2DeserializerFactory" type="ns1:org.cagrid.cql2.CQLAttribute" qname="ns2:CQLAttribute" />
OUT>      [java]   <ns3:typeMapping xmlns:ns3="http://xml.apache.org/axis/wsdd/" xmlns:ns1="http://xml.apache.org/axis/wsdd/providers/java" xmlns:ns2="http://CQL.caBIG/2/org.cagrid.cql2" encodingStyle="" serializer="org.cagrid.cql.utilities.encoding.Cql2SerializerFactory" deserializer="org.cagrid.cql.utilities.encoding.Cql2DeserializerFactory" type="ns1:org.cagrid.cql2.CQLExtension" qname="ns2:CQLExtension" />
OUT>      [java]   <ns3:typeMapping xmlns:ns3="http://xml.apache.org/axis/wsdd/" xmlns:ns1="http://xml.apache.org/axis/wsdd/providers/java" xmlns:ns2="http://CQL.caBIG/2/org.cagrid.cql2" encodingStyle="" serializer="org.cagrid.cql.utilities.encoding.Cql2SerializerFactory" deserializer="org.cagrid.cql.utilities.encoding.Cql2DeserializerFactory" type="ns1:org.cagrid.cql2.CQLGroup" qname="ns2:CQLGroup" />
OUT>      [java]   <ns3:typeMapping xmlns:ns3="http://xml.apache.org/axis/wsdd/" xmlns:ns1="http://xml.apache.org/axis/wsdd/providers/java" xmlns:ns2="http://CQL.caBIG/2/org.cagrid.cql2" encodingStyle="" serializer="org.cagrid.cql.utilities.encoding.Cql2SerializerFactory" deserializer="org.cagrid.cql.utilities.encoding.Cql2DeserializerFactory" type="ns1:org.cagrid.cql2.CQLObject" qname="ns2:CQLObject" />
OUT>      [java]   <ns3:typeMapping xmlns:ns3="http://xml.apache.org/axis/wsdd/" xmlns:ns1="http://xml.apache.org/axis/wsdd/providers/java" xmlns:ns2="http://CQL.caBIG/2/org.cagrid.cql2" encodingStyle="" serializer="org.cagrid.cql.utilities.encoding.Cql2SerializerFactory" deserializer="org.cagrid.cql.utilities.encoding.Cql2DeserializerFactory" type="ns1:org.cagrid.cql2.CQLQuery" qname="ns2:CQLQuery" />
OUT>      [java]   <ns3:typeMapping xmlns:ns3="http://xml.apache.org/axis/wsdd/" xmlns:ns1="http://xml.apache.org/axis/wsdd/providers/java" xmlns:ns2="http://CQL.caBIG/2/org.cagrid.cql2" encodingStyle="" serializer="org.cagrid.cql.utilities.encoding.Cql2SerializerFactory" deserializer="org.cagrid.cql.utilities.encoding.Cql2DeserializerFactory" type="ns1:org.cagrid.cql2.CQLQueryModifier" qname="ns2:CQLQueryModifier" />
OUT>      [java]   <ns3:typeMapping xmlns:ns3="http://xml.apache.org/axis/wsdd/" xmlns:ns1="http://xml.apache.org/axis/wsdd/providers/java" xmlns:ns2="http://CQL.caBIG/2/org.cagrid.cql2" encodingStyle="" serializer="org.cagrid.cql.utilities.encoding.Cql2SerializerFactory" deserializer="org.cagrid.cql.utilities.encoding.Cql2DeserializerFactory" type="ns1:org.cagrid.cql2.CQLTargetObject" qname="ns2:CQLTargetObject" />
OUT>      [java]   <ns3:typeMapping xmlns:ns3="http://xml.apache.org/axis/wsdd/" xmlns:ns1="http://xml.apache.org/axis/wsdd/providers/java" xmlns:ns2="http://CQL.caBIG/2/org.cagrid.cql2" encodingStyle="" serializer="org.cagrid.cql.utilities.encoding.Cql2SerializerFactory" deserializer="org.cagrid.cql.utilities.encoding.Cql2DeserializerFactory" type="ns1:org.cagrid.cql2.DistinctAttribute" qname="ns2:DistinctAttribute" />
OUT>      [java]   <ns3:typeMapping xmlns:ns3="http://xml.apache.org/axis/wsdd/" xmlns:ns1="http://xml.apache.org/axis/wsdd/providers/java" xmlns:ns2="http://CQL.caBIG/2/org.cagrid.cql2" encodingStyle="" serializer="org.cagrid.cql.utilities.encoding.Cql2SerializerFactory" deserializer="org.cagrid.cql.utilities.encoding.Cql2DeserializerFactory" type="ns1:org.cagrid.cql2.GroupLogicalOperator" qname="ns2:GroupLogicalOperator" />
OUT>      [java]   <ns3:typeMapping xmlns:ns3="http://xml.apache.org/axis/wsdd/" xmlns:ns1="http://xml.apache.org/axis/wsdd/providers/java" xmlns:ns2="http://CQL.caBIG/2/org.cagrid.cql2" encodingStyle="" serializer="org.cagrid.cql.utilities.encoding.Cql2SerializerFactory" deserializer="org.cagrid.cql.utilities.encoding.Cql2DeserializerFactory" type="ns1:org.cagrid.cql2.NamedAssociation" qname="ns2:NamedAssociation" />
OUT>      [java]   <ns3:typeMapping xmlns:ns3="http://xml.apache.org/axis/wsdd/" xmlns:ns1="http://xml.apache.org/axis/wsdd/providers/java" xmlns:ns2="http://CQL.caBIG/2/org.cagrid.cql2" encodingStyle="" serializer="org.cagrid.cql.utilities.encoding.Cql2SerializerFactory" deserializer="org.cagrid.cql.utilities.encoding.Cql2DeserializerFactory" type="ns1:org.cagrid.cql2.NamedAssociationList" qname="ns2:NamedAssociationList" />
OUT>      [java]   <ns3:typeMapping xmlns:ns3="http://xml.apache.org/axis/wsdd/" xmlns:ns1="http://xml.apache.org/axis/wsdd/providers/java" xmlns:ns2="http://CQL.caBIG/2/org.cagrid.cql2" encodingStyle="" serializer="org.cagrid.cql.utilities.encoding.Cql2SerializerFactory" deserializer="org.cagrid.cql.utilities.encoding.Cql2DeserializerFactory" type="ns1:org.cagrid.cql2.NamedAttribute" qname="ns2:NamedAttribute" />
OUT>      [java]   <ns3:typeMapping xmlns:ns3="http://xml.apache.org/axis/wsdd/" xmlns:ns1="http://xml.apache.org/axis/wsdd/providers/java" xmlns:ns2="http://CQL.caBIG/2/org.cagrid.cql2" encodingStyle="" serializer="org.cagrid.cql.utilities.encoding.Cql2SerializerFactory" deserializer="org.cagrid.cql.utilities.encoding.Cql2DeserializerFactory" type="ns1:org.cagrid.cql2.PopulationDepth" qname="ns2:PopulationDepth" />
OUT>      [java]   <ns3:typeMapping xmlns:ns3="http://xml.apache.org/axis/wsdd/" xmlns:ns1="http://xml.apache.org/axis/wsdd/providers/java" xmlns:ns2="http://CQL.caBIG/2/org.cagrid.cql2" encodingStyle="" serializer="org.cagrid.cql.utilities.encoding.Cql2SerializerFactory" deserializer="org.cagrid.cql.utilities.encoding.Cql2DeserializerFactory" type="ns1:org.cagrid.cql2.UnaryPredicate" qname="ns2:UnaryPredicate" />
OUT>      [java]   <!-- CQL 2 results -->
OUT>      [java]   <ns3:typeMapping xmlns:ns3="http://xml.apache.org/axis/wsdd/" xmlns:ns1="http://xml.apache.org/axis/wsdd/providers/java" xmlns:ns2="http://CQL.caBIG/2/org.cagrid.cql2.results" encodingStyle="" serializer="org.cagrid.cql.utilities.encoding.Cql2SerializerFactory" deserializer="org.cagrid.cql.utilities.encoding.Cql2DeserializerFactory" type="ns1:org.cagrid.cql2.results.CQLAggregateResult" qname="ns2:CQLAggregateResult" />
OUT>      [java]   <ns3:typeMapping xmlns:ns3="http://xml.apache.org/axis/wsdd/" xmlns:ns1="http://xml.apache.org/axis/wsdd/providers/java" xmlns:ns2="http://CQL.caBIG/2/org.cagrid.cql2.results" encodingStyle="" serializer="org.cagrid.cql.utilities.encoding.Cql2SerializerFactory" deserializer="org.cagrid.cql.utilities.encoding.Cql2DeserializerFactory" type="ns1:org.cagrid.cql2.results.CQLAttributeResult" qname="ns2:CQLAttributeResult" />
OUT>      [java]   <ns3:typeMapping xmlns:ns3="http://xml.apache.org/axis/wsdd/" xmlns:ns1="http://xml.apache.org/axis/wsdd/providers/java" xmlns:ns2="http://CQL.caBIG/2/org.cagrid.cql2.results" encodingStyle="" serializer="org.cagrid.cql.utilities.encoding.Cql2SerializerFactory" deserializer="org.cagrid.cql.utilities.encoding.Cql2DeserializerFactory" type="ns1:org.cagrid.cql2.results.CQLObjectResult" qname="ns2:CQLObjectResult" />
OUT>      [java]   <ns3:typeMapping xmlns:ns3="http://xml.apache.org/axis/wsdd/" xmlns:ns1="http://xml.apache.org/axis/wsdd/providers/java" xmlns:ns2="http://CQL.caBIG/2/org.cagrid.cql2.results" encodingStyle="" serializer="org.cagrid.cql.utilities.encoding.Cql2SerializerFactory" deserializer="org.cagrid.cql.utilities.encoding.Cql2DeserializerFactory" type="ns1:org.cagrid.cql2.results.CQLQueryResults" qname="ns2:CQLQueryResults" />
OUT>      [java]   <ns3:typeMapping xmlns:ns3="http://xml.apache.org/axis/wsdd/" xmlns:ns1="http://xml.apache.org/axis/wsdd/providers/java" xmlns:ns2="http://CQL.caBIG/2/org.cagrid.cql2.results" encodingStyle="" serializer="org.cagrid.cql.utilities.encoding.Cql2SerializerFactory" deserializer="org.cagrid.cql.utilities.encoding.Cql2DeserializerFactory" type="ns1:org.cagrid.cql2.results.CQLResult" qname="ns2:CQLResult" />
OUT>      [java]   <ns3:typeMapping xmlns:ns3="http://xml.apache.org/axis/wsdd/" xmlns:ns1="http://xml.apache.org/axis/wsdd/providers/java" xmlns:ns2="http://CQL.caBIG/2/org.cagrid.cql2.results" encodingStyle="" serializer="org.cagrid.cql.utilities.encoding.Cql2SerializerFactory" deserializer="org.cagrid.cql.utilities.encoding.Cql2DeserializerFactory" type="ns1:org.cagrid.cql2.results.ExtendedCQLResult" qname="ns2:ExtendedCQLResult" />
OUT>      [java]   <ns3:typeMapping xmlns:ns3="http://xml.apache.org/axis/wsdd/" xmlns:ns1="http://xml.apache.org/axis/wsdd/providers/java" xmlns:ns2="http://CQL.caBIG/2/org.cagrid.cql2.results" encodingStyle="" serializer="org.cagrid.cql.utilities.encoding.Cql2SerializerFactory" deserializer="org.cagrid.cql.utilities.encoding.Cql2DeserializerFactory" type="ns1:org.cagrid.cql2.results.TargetAttribute" qname="ns2:TargetAttribute" />
OUT>      [java]   <!-- END CQL 2 TYPE MAPPINGS -->
OUT>      [java] Adding CQL 2 types mapping to wsdd /var/folders/M2/M2eLa4tFElelS2p09b6x7U+++TI/-Tmp-/TestSDK44WithIsoTypesStyleDataService_1316803880820/src/org/cagrid/sdkquery44/test/client/client-config.wsdd
OUT>      [java] Reading CQL 2 types mapping from packaged wsdd
OUT>      [java] Adding types mapping text:
OUT>      [java] 
OUT>      [java] <!-- START CQL 2 TYPE MAPPINGS -->
OUT>      [java]   <ns3:typeMapping xmlns:ns3="http://xml.apache.org/axis/wsdd/" xmlns:ns1="http://xml.apache.org/axis/wsdd/providers/java" xmlns:ns2="http://CQL.caBIG/2/org.cagrid.cql2" encodingStyle="" serializer="org.cagrid.cql.utilities.encoding.Cql2SerializerFactory" deserializer="org.cagrid.cql.utilities.encoding.Cql2DeserializerFactory" type="ns1:org.cagrid.cql2.Aggregation" qname="ns2:Aggregation" />
OUT>      [java]   <ns3:typeMapping xmlns:ns3="http://xml.apache.org/axis/wsdd/" xmlns:ns1="http://xml.apache.org/axis/wsdd/providers/java" xmlns:ns2="http://CQL.caBIG/2/org.cagrid.cql2" encodingStyle="" serializer="org.cagrid.cql.utilities.encoding.Cql2SerializerFactory" deserializer="org.cagrid.cql.utilities.encoding.Cql2DeserializerFactory" type="ns1:org.cagrid.cql2.AssociationPopulationSpecification" qname="ns2:AssociationPopulationSpecification" />
OUT>      [java]   <ns3:typeMapping xmlns:ns3="http://xml.apache.org/axis/wsdd/" xmlns:ns1="http://xml.apache.org/axis/wsdd/providers/java" xmlns:ns2="http://CQL.caBIG/2/org.cagrid.cql2" encodingStyle="" serializer="org.cagrid.cql.utilities.encoding.Cql2SerializerFactory" deserializer="org.cagrid.cql.utilities.encoding.Cql2DeserializerFactory" type="ns1:org.cagrid.cql2.AttributeValue" qname="ns2:AttributeValue" />
OUT>      [java]   <ns3:typeMapping xmlns:ns3="http://xml.apache.org/axis/wsdd/" xmlns:ns1="http://xml.apache.org/axis/wsdd/providers/java" xmlns:ns2="http://CQL.caBIG/2/org.cagrid.cql2" encodingStyle="" serializer="org.cagrid.cql.utilities.encoding.Cql2SerializerFactory" deserializer="org.cagrid.cql.utilities.encoding.Cql2DeserializerFactory" type="ns1:org.cagrid.cql2.BinaryPredicate" qname="ns2:BinaryPredicate" />
OUT>      [java]   <ns3:typeMapping xmlns:ns3="http://xml.apache.org/axis/wsdd/" xmlns:ns1="http://xml.apache.org/axis/wsdd/providers/java" xmlns:ns2="http://CQL.caBIG/2/org.cagrid.cql2" encodingStyle="" serializer="org.cagrid.cql.utilities.encoding.Cql2SerializerFactory" deserializer="org.cagrid.cql.utilities.encoding.Cql2DeserializerFactory" type="ns1:org.cagrid.cql2.CQLAssociatedObject" qname="ns2:CQLAssociatedObject" />
OUT>      [java]   <ns3:typeMapping xmlns:ns3="http://xml.apache.org/axis/wsdd/" xmlns:ns1="http://xml.apache.org/axis/wsdd/providers/java" xmlns:ns2="http://CQL.caBIG/2/org.cagrid.cql2" encodingStyle="" serializer="org.cagrid.cql.utilities.encoding.Cql2SerializerFactory" deserializer="org.cagrid.cql.utilities.encoding.Cql2DeserializerFactory" type="ns1:org.cagrid.cql2.CQLAttribute" qname="ns2:CQLAttribute" />
OUT>      [java]   <ns3:typeMapping xmlns:ns3="http://xml.apache.org/axis/wsdd/" xmlns:ns1="http://xml.apache.org/axis/wsdd/providers/java" xmlns:ns2="http://CQL.caBIG/2/org.cagrid.cql2" encodingStyle="" serializer="org.cagrid.cql.utilities.encoding.Cql2SerializerFactory" deserializer="org.cagrid.cql.utilities.encoding.Cql2DeserializerFactory" type="ns1:org.cagrid.cql2.CQLExtension" qname="ns2:CQLExtension" />
OUT>      [java]   <ns3:typeMapping xmlns:ns3="http://xml.apache.org/axis/wsdd/" xmlns:ns1="http://xml.apache.org/axis/wsdd/providers/java" xmlns:ns2="http://CQL.caBIG/2/org.cagrid.cql2" encodingStyle="" serializer="org.cagrid.cql.utilities.encoding.Cql2SerializerFactory" deserializer="org.cagrid.cql.utilities.encoding.Cql2DeserializerFactory" type="ns1:org.cagrid.cql2.CQLGroup" qname="ns2:CQLGroup" />
OUT>      [java]   <ns3:typeMapping xmlns:ns3="http://xml.apache.org/axis/wsdd/" xmlns:ns1="http://xml.apache.org/axis/wsdd/providers/java" xmlns:ns2="http://CQL.caBIG/2/org.cagrid.cql2" encodingStyle="" serializer="org.cagrid.cql.utilities.encoding.Cql2SerializerFactory" deserializer="org.cagrid.cql.utilities.encoding.Cql2DeserializerFactory" type="ns1:org.cagrid.cql2.CQLObject" qname="ns2:CQLObject" />
OUT>      [java]   <ns3:typeMapping xmlns:ns3="http://xml.apache.org/axis/wsdd/" xmlns:ns1="http://xml.apache.org/axis/wsdd/providers/java" xmlns:ns2="http://CQL.caBIG/2/org.cagrid.cql2" encodingStyle="" serializer="org.cagrid.cql.utilities.encoding.Cql2SerializerFactory" deserializer="org.cagrid.cql.utilities.encoding.Cql2DeserializerFactory" type="ns1:org.cagrid.cql2.CQLQuery" qname="ns2:CQLQuery" />
OUT>      [java]   <ns3:typeMapping xmlns:ns3="http://xml.apache.org/axis/wsdd/" xmlns:ns1="http://xml.apache.org/axis/wsdd/providers/java" xmlns:ns2="http://CQL.caBIG/2/org.cagrid.cql2" encodingStyle="" serializer="org.cagrid.cql.utilities.encoding.Cql2SerializerFactory" deserializer="org.cagrid.cql.utilities.encoding.Cql2DeserializerFactory" type="ns1:org.cagrid.cql2.CQLQueryModifier" qname="ns2:CQLQueryModifier" />
OUT>      [java]   <ns3:typeMapping xmlns:ns3="http://xml.apache.org/axis/wsdd/" xmlns:ns1="http://xml.apache.org/axis/wsdd/providers/java" xmlns:ns2="http://CQL.caBIG/2/org.cagrid.cql2" encodingStyle="" serializer="org.cagrid.cql.utilities.encoding.Cql2SerializerFactory" deserializer="org.cagrid.cql.utilities.encoding.Cql2DeserializerFactory" type="ns1:org.cagrid.cql2.CQLTargetObject" qname="ns2:CQLTargetObject" />
OUT>      [java]   <ns3:typeMapping xmlns:ns3="http://xml.apache.org/axis/wsdd/" xmlns:ns1="http://xml.apache.org/axis/wsdd/providers/java" xmlns:ns2="http://CQL.caBIG/2/org.cagrid.cql2" encodingStyle="" serializer="org.cagrid.cql.utilities.encoding.Cql2SerializerFactory" deserializer="org.cagrid.cql.utilities.encoding.Cql2DeserializerFactory" type="ns1:org.cagrid.cql2.DistinctAttribute" qname="ns2:DistinctAttribute" />
OUT>      [java]   <ns3:typeMapping xmlns:ns3="http://xml.apache.org/axis/wsdd/" xmlns:ns1="http://xml.apache.org/axis/wsdd/providers/java" xmlns:ns2="http://CQL.caBIG/2/org.cagrid.cql2" encodingStyle="" serializer="org.cagrid.cql.utilities.encoding.Cql2SerializerFactory" deserializer="org.cagrid.cql.utilities.encoding.Cql2DeserializerFactory" type="ns1:org.cagrid.cql2.GroupLogicalOperator" qname="ns2:GroupLogicalOperator" />
OUT>      [java]   <ns3:typeMapping xmlns:ns3="http://xml.apache.org/axis/wsdd/" xmlns:ns1="http://xml.apache.org/axis/wsdd/providers/java" xmlns:ns2="http://CQL.caBIG/2/org.cagrid.cql2" encodingStyle="" serializer="org.cagrid.cql.utilities.encoding.Cql2SerializerFactory" deserializer="org.cagrid.cql.utilities.encoding.Cql2DeserializerFactory" type="ns1:org.cagrid.cql2.NamedAssociation" qname="ns2:NamedAssociation" />
OUT>      [java]   <ns3:typeMapping xmlns:ns3="http://xml.apache.org/axis/wsdd/" xmlns:ns1="http://xml.apache.org/axis/wsdd/providers/java" xmlns:ns2="http://CQL.caBIG/2/org.cagrid.cql2" encodingStyle="" serializer="org.cagrid.cql.utilities.encoding.Cql2SerializerFactory" deserializer="org.cagrid.cql.utilities.encoding.Cql2DeserializerFactory" type="ns1:org.cagrid.cql2.NamedAssociationList" qname="ns2:NamedAssociationList" />
OUT>      [java]   <ns3:typeMapping xmlns:ns3="http://xml.apache.org/axis/wsdd/" xmlns:ns1="http://xml.apache.org/axis/wsdd/providers/java" xmlns:ns2="http://CQL.caBIG/2/org.cagrid.cql2" encodingStyle="" serializer="org.cagrid.cql.utilities.encoding.Cql2SerializerFactory" deserializer="org.cagrid.cql.utilities.encoding.Cql2DeserializerFactory" type="ns1:org.cagrid.cql2.NamedAttribute" qname="ns2:NamedAttribute" />
OUT>      [java]   <ns3:typeMapping xmlns:ns3="http://xml.apache.org/axis/wsdd/" xmlns:ns1="http://xml.apache.org/axis/wsdd/providers/java" xmlns:ns2="http://CQL.caBIG/2/org.cagrid.cql2" encodingStyle="" serializer="org.cagrid.cql.utilities.encoding.Cql2SerializerFactory" deserializer="org.cagrid.cql.utilities.encoding.Cql2DeserializerFactory" type="ns1:org.cagrid.cql2.PopulationDepth" qname="ns2:PopulationDepth" />
OUT>      [java]   <ns3:typeMapping xmlns:ns3="http://xml.apache.org/axis/wsdd/" xmlns:ns1="http://xml.apache.org/axis/wsdd/providers/java" xmlns:ns2="http://CQL.caBIG/2/org.cagrid.cql2" encodingStyle="" serializer="org.cagrid.cql.utilities.encoding.Cql2SerializerFactory" deserializer="org.cagrid.cql.utilities.encoding.Cql2DeserializerFactory" type="ns1:org.cagrid.cql2.UnaryPredicate" qname="ns2:UnaryPredicate" />
OUT>      [java]   <!-- CQL 2 results -->
OUT>      [java]   <ns3:typeMapping xmlns:ns3="http://xml.apache.org/axis/wsdd/" xmlns:ns1="http://xml.apache.org/axis/wsdd/providers/java" xmlns:ns2="http://CQL.caBIG/2/org.cagrid.cql2.results" encodingStyle="" serializer="org.cagrid.cql.utilities.encoding.Cql2SerializerFactory" deserializer="org.cagrid.cql.utilities.encoding.Cql2DeserializerFactory" type="ns1:org.cagrid.cql2.results.CQLAggregateResult" qname="ns2:CQLAggregateResult" />
OUT>      [java]   <ns3:typeMapping xmlns:ns3="http://xml.apache.org/axis/wsdd/" xmlns:ns1="http://xml.apache.org/axis/wsdd/providers/java" xmlns:ns2="http://CQL.caBIG/2/org.cagrid.cql2.results" encodingStyle="" serializer="org.cagrid.cql.utilities.encoding.Cql2SerializerFactory" deserializer="org.cagrid.cql.utilities.encoding.Cql2DeserializerFactory" type="ns1:org.cagrid.cql2.results.CQLAttributeResult" qname="ns2:CQLAttributeResult" />
OUT>      [java]   <ns3:typeMapping xmlns:ns3="http://xml.apache.org/axis/wsdd/" xmlns:ns1="http://xml.apache.org/axis/wsdd/providers/java" xmlns:ns2="http://CQL.caBIG/2/org.cagrid.cql2.results" encodingStyle="" serializer="org.cagrid.cql.utilities.encoding.Cql2SerializerFactory" deserializer="org.cagrid.cql.utilities.encoding.Cql2DeserializerFactory" type="ns1:org.cagrid.cql2.results.CQLObjectResult" qname="ns2:CQLObjectResult" />
OUT>      [java]   <ns3:typeMapping xmlns:ns3="http://xml.apache.org/axis/wsdd/" xmlns:ns1="http://xml.apache.org/axis/wsdd/providers/java" xmlns:ns2="http://CQL.caBIG/2/org.cagrid.cql2.results" encodingStyle="" serializer="org.cagrid.cql.utilities.encoding.Cql2SerializerFactory" deserializer="org.cagrid.cql.utilities.encoding.Cql2DeserializerFactory" type="ns1:org.cagrid.cql2.results.CQLQueryResults" qname="ns2:CQLQueryResults" />
OUT>      [java]   <ns3:typeMapping xmlns:ns3="http://xml.apache.org/axis/wsdd/" xmlns:ns1="http://xml.apache.org/axis/wsdd/providers/java" xmlns:ns2="http://CQL.caBIG/2/org.cagrid.cql2.results" encodingStyle="" serializer="org.cagrid.cql.utilities.encoding.Cql2SerializerFactory" deserializer="org.cagrid.cql.utilities.encoding.Cql2DeserializerFactory" type="ns1:org.cagrid.cql2.results.CQLResult" qname="ns2:CQLResult" />
OUT>      [java]   <ns3:typeMapping xmlns:ns3="http://xml.apache.org/axis/wsdd/" xmlns:ns1="http://xml.apache.org/axis/wsdd/providers/java" xmlns:ns2="http://CQL.caBIG/2/org.cagrid.cql2.results" encodingStyle="" serializer="org.cagrid.cql.utilities.encoding.Cql2SerializerFactory" deserializer="org.cagrid.cql.utilities.encoding.Cql2DeserializerFactory" type="ns1:org.cagrid.cql2.results.ExtendedCQLResult" qname="ns2:ExtendedCQLResult" />
OUT>      [java]   <ns3:typeMapping xmlns:ns3="http://xml.apache.org/axis/wsdd/" xmlns:ns1="http://xml.apache.org/axis/wsdd/providers/java" xmlns:ns2="http://CQL.caBIG/2/org.cagrid.cql2.results" encodingStyle="" serializer="org.cagrid.cql.utilities.encoding.Cql2SerializerFactory" deserializer="org.cagrid.cql.utilities.encoding.Cql2DeserializerFactory" type="ns1:org.cagrid.cql2.results.TargetAttribute" qname="ns2:TargetAttribute" />
OUT>      [java]   <!-- END CQL 2 TYPE MAPPINGS -->
OUT> 
OUT> BUILD SUCCESSFUL
OUT> Total time: 17 seconds
OUT> Buildfile: /var/folders/M2/M2eLa4tFElelS2p09b6x7U+++TI/-Tmp-/TestSDK44WithIsoTypesStyleDataService_1316803880820/build.xml
OUT> 
OUT> checkContribTasksDefined:
OUT> 
OUT> defineContribTasks:
OUT> 
OUT> clean:
OUT> 
OUT> preClean:
OUT>    [delete] Deleting directory /var/folders/M2/M2eLa4tFElelS2p09b6x7U+++TI/-Tmp-/TestSDK44WithIsoTypesStyleDataService_1316803880820/build
OUT> 
OUT> postClean:
OUT> 
OUT> checkContribTasksDefined:
OUT> 
OUT> defineContribTasks:
OUT> 
OUT> setGlobus:
OUT> 
OUT> checkGlobus:
OUT>      [echo] Globus: /Users/ervin/Installs/globus/ws-core-4.0.3-sha2/
OUT> 
OUT> defineClasspaths:
OUT> 
OUT> defineExtendedClasspaths:
OUT> 
OUT> init:
OUT> 
OUT> preInit:
OUT>     [mkdir] Created dir: /var/folders/M2/M2eLa4tFElelS2p09b6x7U+++TI/-Tmp-/TestSDK44WithIsoTypesStyleDataService_1316803880820/build
OUT>     [mkdir] Created dir: /var/folders/M2/M2eLa4tFElelS2p09b6x7U+++TI/-Tmp-/TestSDK44WithIsoTypesStyleDataService_1316803880820/build/classes
OUT>     [mkdir] Created dir: /var/folders/M2/M2eLa4tFElelS2p09b6x7U+++TI/-Tmp-/TestSDK44WithIsoTypesStyleDataService_1316803880820/build/test/classes
OUT>     [mkdir] Created dir: /var/folders/M2/M2eLa4tFElelS2p09b6x7U+++TI/-Tmp-/TestSDK44WithIsoTypesStyleDataService_1316803880820/build/lib
OUT>     [mkdir] Created dir: /var/folders/M2/M2eLa4tFElelS2p09b6x7U+++TI/-Tmp-/TestSDK44WithIsoTypesStyleDataService_1316803880820/build/stubs-TestSDK44WithIsoTypesStyleDataService
OUT>     [mkdir] Created dir: /var/folders/M2/M2eLa4tFElelS2p09b6x7U+++TI/-Tmp-/TestSDK44WithIsoTypesStyleDataService_1316803880820/build/stubs-TestSDK44WithIsoTypesStyleDataService/src
OUT>     [mkdir] Created dir: /var/folders/M2/M2eLa4tFElelS2p09b6x7U+++TI/-Tmp-/TestSDK44WithIsoTypesStyleDataService_1316803880820/build/stubs-TestSDK44WithIsoTypesStyleDataService/classes
OUT>     [mkdir] Created dir: /var/folders/M2/M2eLa4tFElelS2p09b6x7U+++TI/-Tmp-/TestSDK44WithIsoTypesStyleDataService_1316803880820/build/schema
OUT>      [copy] Copying 101 files to /var/folders/M2/M2eLa4tFElelS2p09b6x7U+++TI/-Tmp-/TestSDK44WithIsoTypesStyleDataService_1316803880820/build/schema
OUT> 
OUT> postInit:
OUT> 
OUT> stubs:
OUT> 
OUT> preStubs:
OUT>      [echo] Generating stubs for TestSDK44WithIsoTypesStyleDataService.
OUT> 
OUT> checkContribTasksDefined:
OUT> 
OUT> defineContribTasks:
OUT> 
OUT> setGlobus:
OUT> 
OUT> checkGlobus:
OUT>      [echo] Globus: /Users/ervin/Installs/globus/ws-core-4.0.3-sha2/
OUT> 
OUT> defineClasspaths:
OUT> 
OUT> defineExtendedClasspaths:
OUT> 
OUT> init:
OUT> 
OUT> preInit:
OUT> 
OUT> postInit:
OUT> 
OUT> serviceGenerateBindings:
OUT> 
OUT> bindingUptodate:
OUT> 
OUT> generateBinding:
OUT>      [echo] Generating bindings for TestSDK44WithIsoTypesStyleDataService.wsdl
OUT> 
OUT> merge:
OUT> 
OUT> mergePackageMapping:
OUT>      [echo] Merging /var/folders/M2/M2eLa4tFElelS2p09b6x7U+++TI/-Tmp-/TestSDK44WithIsoTypesStyleDataService_1316803880820/namespace2package.mappings
OUT> 
OUT> serviceStubs:
OUT> 
OUT> generateStubs:
OUT>      [echo]  Generating stubs from TestSDK44WithIsoTypesStyleDataService_service.wsdl
OUT>      [java] [main] WARN  utils.JavaUtils  - Unable to find required classes (javax.activation.DataHandler and javax.mail.internet.MimeMultipart). Attachment support is disabled.
OUT>      [java] {http://schemas.xmlsoap.org/ws/2004/03/addressing}Action already exists
OUT>      [java] {uri:iso.org:21090}Narrative already exists
OUT>      [java] {uri:iso.org:21090}text already exists
OUT>      [java] {uri:iso.org:21090}br already exists
OUT>      [java] {uri:iso.org:21090}>br already exists
OUT>      [java] {uri:iso.org:21090}caption already exists
OUT>      [java] {uri:iso.org:21090}>caption already exists
OUT>      [java] {uri:iso.org:21090}col already exists
OUT>      [java] {uri:iso.org:21090}>col already exists
OUT>      [java] {uri:iso.org:21090}>>col>align already exists
OUT>      [java] {uri:iso.org:21090}>>col>valign already exists
OUT>      [java] {uri:iso.org:21090}colgroup already exists
OUT>      [java] {uri:iso.org:21090}>colgroup already exists
OUT>      [java] {uri:iso.org:21090}>>colgroup>align already exists
OUT>      [java] {uri:iso.org:21090}>>colgroup>valign already exists
OUT>      [java] {uri:iso.org:21090}content already exists
OUT>      [java] {uri:iso.org:21090}>content already exists
OUT>      [java] {uri:iso.org:21090}>>content>revised already exists
OUT>      [java] {uri:iso.org:21090}footnote already exists
OUT>      [java] {uri:iso.org:21090}>footnote already exists
OUT>      [java] {uri:iso.org:21090}footnoteRef already exists
OUT>      [java] {uri:iso.org:21090}>footnoteRef already exists
OUT>      [java] {uri:iso.org:21090}item already exists
OUT>      [java] {uri:iso.org:21090}>item already exists
OUT>      [java] {uri:iso.org:21090}linkHtml already exists
OUT>      [java] {uri:iso.org:21090}>linkHtml already exists
OUT>      [java] {uri:iso.org:21090}list already exists
OUT>      [java] {uri:iso.org:21090}>list already exists
OUT>      [java] {uri:iso.org:21090}>>list>listType already exists
OUT>      [java] {uri:iso.org:21090}paragraph already exists
OUT>      [java] {uri:iso.org:21090}>paragraph already exists
OUT>      [java] {uri:iso.org:21090}renderMultiMedia already exists
OUT>      [java] {uri:iso.org:21090}>renderMultiMedia already exists
OUT>      [java] {uri:iso.org:21090}sub already exists
OUT>      [java] {uri:iso.org:21090}sup already exists
OUT>      [java] {uri:iso.org:21090}table already exists
OUT>      [java] {uri:iso.org:21090}>table already exists
OUT>      [java] {uri:iso.org:21090}>>table>frame already exists
OUT>      [java] {uri:iso.org:21090}>>table>rules already exists
OUT>      [java] {uri:iso.org:21090}tbody already exists
OUT>      [java] {uri:iso.org:21090}>tbody already exists
OUT>      [java] {uri:iso.org:21090}>>tbody>align already exists
OUT>      [java] {uri:iso.org:21090}>>tbody>valign already exists
OUT>      [java] {uri:iso.org:21090}td already exists
OUT>      [java] {uri:iso.org:21090}>td already exists
OUT>      [java] {uri:iso.org:21090}>>td>scope already exists
OUT>      [java] {uri:iso.org:21090}>>td>align already exists
OUT>      [java] {uri:iso.org:21090}>>td>valign already exists
OUT>      [java] {uri:iso.org:21090}tfoot already exists
OUT>      [java] {uri:iso.org:21090}>tfoot already exists
OUT>      [java] {uri:iso.org:21090}>>tfoot>align already exists
OUT>      [java] {uri:iso.org:21090}>>tfoot>valign already exists
OUT>      [java] {uri:iso.org:21090}th already exists
OUT>      [java] {uri:iso.org:21090}>th already exists
OUT>      [java] {uri:iso.org:21090}>>th>scope already exists
OUT>      [java] {uri:iso.org:21090}>>th>align already exists
OUT>      [java] {uri:iso.org:21090}>>th>valign already exists
OUT>      [java] {uri:iso.org:21090}thead already exists
OUT>      [java] {uri:iso.org:21090}>thead already exists
OUT>      [java] {uri:iso.org:21090}>>thead>align already exists
OUT>      [java] {uri:iso.org:21090}>>thead>valign already exists
OUT>      [java] {uri:iso.org:21090}tr already exists
OUT>      [java] {uri:iso.org:21090}>tr already exists
OUT>      [java] {uri:iso.org:21090}>>tr>align already exists
OUT>      [java] {uri:iso.org:21090}>>tr>valign already exists
OUT>      [java] {uri:iso.org:21090}NullFlavor already exists
OUT>      [java] {uri:iso.org:21090}UpdateMode already exists
OUT>      [java] {uri:iso.org:21090}Compression already exists
OUT>      [java] {uri:iso.org:21090}IntegrityCheckAlgorithm already exists
OUT>      [java] {uri:iso.org:21090}TelecommunicationAddressUse already exists
OUT>      [java] {uri:iso.org:21090}set_TelecommunicationAddressUse already exists
OUT>      [java] {uri:iso.org:21090}IdentifierScope already exists
OUT>      [java] {uri:iso.org:21090}IdentifierReliability already exists
OUT>      [java] {uri:iso.org:21090}AddressPartType already exists
OUT>      [java] {uri:iso.org:21090}PostalAddressUse already exists
OUT>      [java] {uri:iso.org:21090}set_PostalAddressUse already exists
OUT>      [java] {uri:iso.org:21090}EntityNamePartType already exists
OUT>      [java] {uri:iso.org:21090}EntityNamePartQualifier already exists
OUT>      [java] {uri:iso.org:21090}set_EntityNamePartQualifier already exists
OUT>      [java] {uri:iso.org:21090}EntityNameUse already exists
OUT>      [java] {uri:iso.org:21090}set_EntityNameUse already exists
OUT>      [java] {uri:iso.org:21090}CalendarCycle already exists
OUT>      [java] {uri:iso.org:21090}TimingEvent already exists
OUT>      [java] {uri:iso.org:21090}CodingRationale already exists
OUT>      [java] {uri:iso.org:21090}set_CodingRationale already exists
OUT>      [java] {uri:iso.org:21090}UncertaintyType already exists
OUT>      [java] {uri:iso.org:21090}Uid already exists
OUT>      [java] {uri:iso.org:21090}Uri already exists
OUT>      [java] {uri:iso.org:21090}Code already exists
OUT>      [java] {uri:iso.org:21090}BL already exists
OUT>      [java] {uri:iso.org:21090}ANY already exists
OUT>      [java] {uri:iso.org:21090}HXIT already exists
OUT>      [java] {uri:iso.org:21090}BL.NonNull already exists
OUT>      [java] {uri:iso.org:21090}ED already exists
OUT>      [java] {uri:iso.org:21090}TEL already exists
OUT>      [java] {uri:iso.org:21090}URL already exists
OUT>      [java] {uri:iso.org:21090}QSET_TS already exists
OUT>      [java] {uri:iso.org:21090}ED.Text already exists
OUT>      [java] {uri:iso.org:21090}ED.Image already exists
OUT>      [java] {uri:iso.org:21090}ED.Doc already exists
OUT>      [java] {uri:iso.org:21090}ED.Doc.Ref already exists
OUT>      [java] {uri:iso.org:21090}ED.Doc.Inline already exists
OUT>      [java] {uri:iso.org:21090}ED.Signature already exists
OUT>      [java] {uri:iso.org:21090}ED.Narrative already exists
OUT>      [java] {uri:iso.org:21090}ST already exists
OUT>      [java] {uri:iso.org:21090}ST.NT already exists
OUT>      [java] {uri:iso.org:21090}SC already exists
OUT>      [java] {uri:iso.org:21090}CD already exists
OUT>      [java] {uri:iso.org:21090}CR already exists
OUT>      [java] {uri:iso.org:21090}CD.CV already exists
OUT>      [java] {uri:iso.org:21090}CD.CE already exists
OUT>      [java] {uri:iso.org:21090}CDGroup already exists
OUT>      [java] {uri:iso.org:21090}XReference already exists
OUT>      [java] {uri:iso.org:21090}SC.NT already exists
OUT>      [java] {uri:iso.org:21090}TEL.Email already exists
OUT>      [java] {uri:iso.org:21090}TEL.Person already exists
OUT>      [java] {uri:iso.org:21090}TEL.Phone already exists
OUT>      [java] {uri:iso.org:21090}TEL.Url already exists
OUT>      [java] {uri:iso.org:21090}II already exists
OUT>      [java] {uri:iso.org:21090}CD.CE.None already exists
OUT>      [java] {uri:iso.org:21090}CO already exists
OUT>      [java] {uri:iso.org:21090}QTY already exists
OUT>      [java] {uri:iso.org:21090}CS already exists
OUT>      [java] {uri:iso.org:21090}AD already exists
OUT>      [java] {uri:iso.org:21090}ADXP already exists
OUT>      [java] {uri:iso.org:21090}EN already exists
OUT>      [java] {uri:iso.org:21090}ENXP already exists
OUT>      [java] {uri:iso.org:21090}EN.TN already exists
OUT>      [java] {uri:iso.org:21090}EN.PN already exists
OUT>      [java] {uri:iso.org:21090}EN.ON already exists
OUT>      [java] {uri:iso.org:21090}TS already exists
OUT>      [java] {uri:iso.org:21090}TS.Date already exists
OUT>      [java] {uri:iso.org:21090}TS.Date.Full already exists
OUT>      [java] {uri:iso.org:21090}TS.DateTime already exists
OUT>      [java] {uri:iso.org:21090}TS.DateTime.Full already exists
OUT>      [java] {uri:iso.org:21090}TS.Birth already exists
OUT>      [java] {uri:iso.org:21090}RTO already exists
OUT>      [java] {uri:iso.org:21090}MO already exists
OUT>      [java] {uri:iso.org:21090}PQ already exists
OUT>      [java] {uri:iso.org:21090}PQR already exists
OUT>      [java] {uri:iso.org:21090}PQ.Time already exists
OUT>      [java] {uri:iso.org:21090}REAL already exists
OUT>      [java] {uri:iso.org:21090}INT already exists
OUT>      [java] {uri:iso.org:21090}INT.NonNeg already exists
OUT>      [java] {uri:iso.org:21090}INT.Positive already exists
OUT>      [java] {uri:iso.org:21090}DSET_BL already exists
OUT>      [java] {uri:iso.org:21090}COLL_BL already exists
OUT>      [java] {uri:iso.org:21090}DSET_BL.NonNull already exists
OUT>      [java] {uri:iso.org:21090}COLL_BL.NonNull already exists
OUT>      [java] {uri:iso.org:21090}DSET_ED already exists
OUT>      [java] {uri:iso.org:21090}COLL_ED already exists
OUT>      [java] {uri:iso.org:21090}DSET_ED.Image already exists
OUT>      [java] {uri:iso.org:21090}COLL_ED.Image already exists
OUT>      [java] {uri:iso.org:21090}DSET_ED.Text already exists
OUT>      [java] {uri:iso.org:21090}COLL_ED.Text already exists
OUT>      [java] {uri:iso.org:21090}DSET_ED.Doc already exists
OUT>      [java] {uri:iso.org:21090}COLL_ED.Doc already exists
OUT>      [java] {uri:iso.org:21090}DSET_ED.Doc.Ref already exists
OUT>      [java] {uri:iso.org:21090}COLL_ED.Doc.Ref already exists
OUT>      [java] {uri:iso.org:21090}DSET_ED.Doc.Inline already exists
OUT>      [java] {uri:iso.org:21090}COLL_ED.Doc.Inline already exists
OUT>      [java] {uri:iso.org:21090}DSET_ED.Signature already exists
OUT>      [java] {uri:iso.org:21090}COLL_ED.Signature already exists
OUT>      [java] {uri:iso.org:21090}DSET_ED.Narrative already exists
OUT>      [java] {uri:iso.org:21090}COLL_ED.Narrative already exists
OUT>      [java] {uri:iso.org:21090}DSET_ST already exists
OUT>      [java] {uri:iso.org:21090}COLL_ST already exists
OUT>      [java] {uri:iso.org:21090}DSET_ST.NT already exists
OUT>      [java] {uri:iso.org:21090}COLL_ST.NT already exists
OUT>      [java] {uri:iso.org:21090}DSET_SC already exists
OUT>      [java] {uri:iso.org:21090}COLL_SC already exists
OUT>      [java] {uri:iso.org:21090}DSET_SC.NT already exists
OUT>      [java] {uri:iso.org:21090}COLL_SC.NT already exists
OUT>      [java] {uri:iso.org:21090}DSET_TEL already exists
OUT>      [java] {uri:iso.org:21090}COLL_TEL already exists
OUT>      [java] {uri:iso.org:21090}DSET_TEL.Email already exists
OUT>      [java] {uri:iso.org:21090}COLL_TEL.Email already exists
OUT>      [java] {uri:iso.org:21090}DSET_TEL.Person already exists
OUT>      [java] {uri:iso.org:21090}COLL_TEL.Person already exists
OUT>      [java] {uri:iso.org:21090}DSET_TEL.Phone already exists
OUT>      [java] {uri:iso.org:21090}COLL_TEL.Phone already exists
OUT>      [java] {uri:iso.org:21090}DSET_TEL.Url already exists
OUT>      [java] {uri:iso.org:21090}COLL_TEL.Url already exists
OUT>      [java] {uri:iso.org:21090}DSET_II already exists
OUT>      [java] {uri:iso.org:21090}COLL_II already exists
OUT>      [java] {uri:iso.org:21090}DSET_CD already exists
OUT>      [java] {uri:iso.org:21090}COLL_CD already exists
OUT>      [java] {uri:iso.org:21090}DSET_CD.CE already exists
OUT>      [java] {uri:iso.org:21090}COLL_CD.CE already exists
OUT>      [java] {uri:iso.org:21090}DSET_CD.CE.None already exists
OUT>      [java] {uri:iso.org:21090}COLL_CD.CE.None already exists
OUT>      [java] {uri:iso.org:21090}DSET_CD.CV already exists
OUT>      [java] {uri:iso.org:21090}COLL_CD.CV already exists
OUT>      [java] {uri:iso.org:21090}DSET_CO already exists
OUT>      [java] {uri:iso.org:21090}COLL_CO already exists
OUT>      [java] {uri:iso.org:21090}DSET_CS already exists
OUT>      [java] {uri:iso.org:21090}COLL_CS already exists
OUT>      [java] {uri:iso.org:21090}DSET_AD already exists
OUT>      [java] {uri:iso.org:21090}COLL_AD already exists
OUT>      [java] {uri:iso.org:21090}DSET_EN already exists
OUT>      [java] {uri:iso.org:21090}COLL_EN already exists
OUT>      [java] {uri:iso.org:21090}DSET_EN.TN already exists
OUT>      [java] {uri:iso.org:21090}COLL_EN.TN already exists
OUT>      [java] {uri:iso.org:21090}DSET_EN.PN already exists
OUT>      [java] {uri:iso.org:21090}COLL_EN.PN already exists
OUT>      [java] {uri:iso.org:21090}DSET_EN.ON already exists
OUT>      [java] {uri:iso.org:21090}COLL_EN.ON already exists
OUT>      [java] {uri:iso.org:21090}DSET_TS already exists
OUT>      [java] {uri:iso.org:21090}COLL_TS already exists
OUT>      [java] {uri:iso.org:21090}DSET_TS.Date already exists
OUT>      [java] {uri:iso.org:21090}COLL_TS.Date already exists
OUT>      [java] {uri:iso.org:21090}DSET_TS.Date.Full already exists
OUT>      [java] {uri:iso.org:21090}COLL_TS.Date.Full already exists
OUT>      [java] {uri:iso.org:21090}DSET_TS.DateTime already exists
OUT>      [java] {uri:iso.org:21090}COLL_TS.DateTime already exists
OUT>      [java] {uri:iso.org:21090}DSET_TS.DateTime.Full already exists
OUT>      [java] {uri:iso.org:21090}COLL_TS.DateTime.Full already exists
OUT>      [java] {uri:iso.org:21090}DSET_TS.Birth already exists
OUT>      [java] {uri:iso.org:21090}COLL_TS.Birth already exists
OUT>      [java] {uri:iso.org:21090}DSET_RTO already exists
OUT>      [java] {uri:iso.org:21090}COLL_RTO already exists
OUT>      [java] {uri:iso.org:21090}DSET_MO already exists
OUT>      [java] {uri:iso.org:21090}COLL_MO already exists
OUT>      [java] {uri:iso.org:21090}DSET_PQ already exists
OUT>      [java] {uri:iso.org:21090}COLL_PQ already exists
OUT>      [java] {uri:iso.org:21090}DSET_PQ.Time already exists
OUT>      [java] {uri:iso.org:21090}COLL_PQ.Time already exists
OUT>      [java] {uri:iso.org:21090}DSET_REAL already exists
OUT>      [java] {uri:iso.org:21090}COLL_REAL already exists
OUT>      [java] {uri:iso.org:21090}DSET_INT already exists
OUT>      [java] {uri:iso.org:21090}COLL_INT already exists
OUT>      [java] {uri:iso.org:21090}DSET_INT.NonNeg already exists
OUT>      [java] {uri:iso.org:21090}COLL_INT.NonNeg already exists
OUT>      [java] {uri:iso.org:21090}DSET_INT.Positive already exists
OUT>      [java] {uri:iso.org:21090}COLL_INT.Positive already exists
OUT>      [java] {uri:iso.org:21090}BAG_BL already exists
OUT>      [java] {uri:iso.org:21090}BAG_BL.NonNull already exists
OUT>      [java] {uri:iso.org:21090}BAG_ED already exists
OUT>      [java] {uri:iso.org:21090}BAG_ED.Image already exists
OUT>      [java] {uri:iso.org:21090}BAG_ED.Text already exists
OUT>      [java] {uri:iso.org:21090}BAG_ED.Doc already exists
OUT>      [java] {uri:iso.org:21090}BAG_ED.Doc.Ref already exists
OUT>      [java] {uri:iso.org:21090}BAG_ED.Doc.Inline already exists
OUT>      [java] {uri:iso.org:21090}BAG_ED.Signature already exists
OUT>      [java] {uri:iso.org:21090}BAG_ED.Narrative already exists
OUT>      [java] {uri:iso.org:21090}BAG_ST already exists
OUT>      [java] {uri:iso.org:21090}BAG_ST.NT already exists
OUT>      [java] {uri:iso.org:21090}BAG_SC already exists
OUT>      [java] {uri:iso.org:21090}BAG_SC.NT already exists
OUT>      [java] {uri:iso.org:21090}BAG_TEL already exists
OUT>      [java] {uri:iso.org:21090}BAG_TEL.Email already exists
OUT>      [java] {uri:iso.org:21090}BAG_TEL.Person already exists
OUT>      [java] {uri:iso.org:21090}BAG_TEL.Phone already exists
OUT>      [java] {uri:iso.org:21090}BAG_TEL.Url already exists
OUT>      [java] {uri:iso.org:21090}BAG_II already exists
OUT>      [java] {uri:iso.org:21090}BAG_CD already exists
OUT>      [java] {uri:iso.org:21090}BAG_CD.CE already exists
OUT>      [java] {uri:iso.org:21090}BAG_CD.CE.None already exists
OUT>      [java] {uri:iso.org:21090}BAG_CD.CV already exists
OUT>      [java] {uri:iso.org:21090}BAG_CO already exists
OUT>      [java] {uri:iso.org:21090}BAG_CS already exists
OUT>      [java] {uri:iso.org:21090}BAG_AD already exists
OUT>      [java] {uri:iso.org:21090}BAG_EN already exists
OUT>      [java] {uri:iso.org:21090}BAG_EN.TN already exists
OUT>      [java] {uri:iso.org:21090}BAG_EN.PN already exists
OUT>      [java] {uri:iso.org:21090}BAG_EN.ON already exists
OUT>      [java] {uri:iso.org:21090}BAG_TS already exists
OUT>      [java] {uri:iso.org:21090}BAG_TS.Date already exists
OUT>      [java] {uri:iso.org:21090}BAG_TS.Date.Full already exists
OUT>      [java] {uri:iso.org:21090}BAG_TS.DateTime already exists
OUT>      [java] {uri:iso.org:21090}BAG_TS.DateTime.Full already exists
OUT>      [java] {uri:iso.org:21090}BAG_TS.Birth already exists
OUT>      [java] {uri:iso.org:21090}BAG_RTO already exists
OUT>      [java] {uri:iso.org:21090}BAG_MO already exists
OUT>      [java] {uri:iso.org:21090}BAG_PQ already exists
OUT>      [java] {uri:iso.org:21090}BAG_PQ.Time already exists
OUT>      [java] {uri:iso.org:21090}BAG_REAL already exists
OUT>      [java] {uri:iso.org:21090}BAG_INT already exists
OUT>      [java] {uri:iso.org:21090}BAG_INT.NonNeg already exists
OUT>      [java] {uri:iso.org:21090}BAG_INT.Positive already exists
OUT>      [java] {uri:iso.org:21090}LIST_BL already exists
OUT>      [java] {uri:iso.org:21090}LIST_BL.NonNull already exists
OUT>      [java] {uri:iso.org:21090}LIST_ED already exists
OUT>      [java] {uri:iso.org:21090}LIST_ED.Image already exists
OUT>      [java] {uri:iso.org:21090}LIST_ED.Text already exists
OUT>      [java] {uri:iso.org:21090}LIST_ED.Doc already exists
OUT>      [java] {uri:iso.org:21090}LIST_ED.Doc.Ref already exists
OUT>      [java] {uri:iso.org:21090}LIST_ED.Doc.Inline already exists
OUT>      [java] {uri:iso.org:21090}LIST_ED.Signature already exists
OUT>      [java] {uri:iso.org:21090}LIST_ED.Narrative already exists
OUT>      [java] {uri:iso.org:21090}LIST_ST already exists
OUT>      [java] {uri:iso.org:21090}LIST_ST.NT already exists
OUT>      [java] {uri:iso.org:21090}LIST_SC already exists
OUT>      [java] {uri:iso.org:21090}LIST_SC.NT already exists
OUT>      [java] {uri:iso.org:21090}LIST_TEL already exists
OUT>      [java] {uri:iso.org:21090}LIST_TEL.Email already exists
OUT>      [java] {uri:iso.org:21090}LIST_TEL.Person already exists
OUT>      [java] {uri:iso.org:21090}LIST_TEL.Phone already exists
OUT>      [java] {uri:iso.org:21090}LIST_TEL.Url already exists
OUT>      [java] {uri:iso.org:21090}LIST_II already exists
OUT>      [java] {uri:iso.org:21090}LIST_CD already exists
OUT>      [java] {uri:iso.org:21090}LIST_CD.CE already exists
OUT>      [java] {uri:iso.org:21090}LIST_CD.CE.None already exists
OUT>      [java] {uri:iso.org:21090}LIST_CD.CV already exists
OUT>      [java] {uri:iso.org:21090}LIST_CO already exists
OUT>      [java] {uri:iso.org:21090}LIST_CS already exists
OUT>      [java] {uri:iso.org:21090}LIST_AD already exists
OUT>      [java] {uri:iso.org:21090}LIST_EN already exists
OUT>      [java] {uri:iso.org:21090}LIST_EN.TN already exists
OUT>      [java] {uri:iso.org:21090}LIST_EN.PN already exists
OUT>      [java] {uri:iso.org:21090}LIST_EN.ON already exists
OUT>      [java] {uri:iso.org:21090}LIST_TS already exists
OUT>      [java] {uri:iso.org:21090}LIST_TS.Date already exists
OUT>      [java] {uri:iso.org:21090}LIST_TS.Date.Full already exists
OUT>      [java] {uri:iso.org:21090}LIST_TS.DateTime already exists
OUT>      [java] {uri:iso.org:21090}LIST_TS.DateTime.Full already exists
OUT>      [java] {uri:iso.org:21090}LIST_TS.Birth already exists
OUT>      [java] {uri:iso.org:21090}LIST_RTO already exists
OUT>      [java] {uri:iso.org:21090}LIST_MO already exists
OUT>      [java] {uri:iso.org:21090}LIST_PQ already exists
OUT>      [java] {uri:iso.org:21090}LIST_PQ.Time already exists
OUT>      [java] {uri:iso.org:21090}LIST_REAL already exists
OUT>      [java] {uri:iso.org:21090}LIST_INT already exists
OUT>      [java] {uri:iso.org:21090}LIST_INT.NonNeg already exists
OUT>      [java] {uri:iso.org:21090}LIST_INT.Positive already exists
OUT>      [java] {uri:iso.org:21090}IVL_CO already exists
OUT>      [java] {uri:iso.org:21090}QSET_CO already exists
OUT>      [java] {uri:iso.org:21090}IVL_TS already exists
OUT>      [java] {uri:iso.org:21090}IVL_TS.Date already exists
OUT>      [java] {uri:iso.org:21090}QSET_TS.Date already exists
OUT>      [java] {uri:iso.org:21090}IVL_TS.Date.Full already exists
OUT>      [java] {uri:iso.org:21090}QSET_TS.Date.Full already exists
OUT>      [java] {uri:iso.org:21090}IVL_TS.DateTime already exists
OUT>      [java] {uri:iso.org:21090}QSET_TS.DateTime already exists
OUT>      [java] {uri:iso.org:21090}IVL_TS.DateTime.Full already exists
OUT>      [java] {uri:iso.org:21090}QSET_TS.DateTime.Full already exists
OUT>      [java] {uri:iso.org:21090}IVL_TS.Birth already exists
OUT>      [java] {uri:iso.org:21090}QSET_TS.Birth already exists
OUT>      [java] {uri:iso.org:21090}IVL_RTO already exists
OUT>      [java] {uri:iso.org:21090}QSET_RTO already exists
OUT>      [java] {uri:iso.org:21090}IVL_MO already exists
OUT>      [java] {uri:iso.org:21090}QSET_MO already exists
OUT>      [java] {uri:iso.org:21090}IVL_PQ already exists
OUT>      [java] {uri:iso.org:21090}QSET_PQ already exists
OUT>      [java] {uri:iso.org:21090}IVL_PQ.Time already exists
OUT>      [java] {uri:iso.org:21090}QSET_PQ.Time already exists
OUT>      [java] {uri:iso.org:21090}IVL_REAL already exists
OUT>      [java] {uri:iso.org:21090}QSET_REAL already exists
OUT>      [java] {uri:iso.org:21090}IVL_INT already exists
OUT>      [java] {uri:iso.org:21090}QSET_INT already exists
OUT>      [java] {uri:iso.org:21090}IVL_INT.NonNeg already exists
OUT>      [java] {uri:iso.org:21090}QSET_INT.NonNeg already exists
OUT>      [java] {uri:iso.org:21090}IVL_INT.Positive already exists
OUT>      [java] {uri:iso.org:21090}QSET_INT.Positive already exists
OUT>      [java] {uri:iso.org:21090}IVL.Low_CO already exists
OUT>      [java] {uri:iso.org:21090}IVL.Low_TS already exists
OUT>      [java] {uri:iso.org:21090}IVL.Low_TS.Date already exists
OUT>      [java] {uri:iso.org:21090}IVL.Low_TS.Date.Full already exists
OUT>      [java] {uri:iso.org:21090}IVL.Low_TS.DateTime already exists
OUT>      [java] {uri:iso.org:21090}IVL.Low_TS.DateTime.Full already exists
OUT>      [java] {uri:iso.org:21090}IVL.Low_TS.Birth already exists
OUT>      [java] {uri:iso.org:21090}IVL.Low_RTO already exists
OUT>      [java] {uri:iso.org:21090}IVL.Low_MO already exists
OUT>      [java] {uri:iso.org:21090}IVL.Low_PQ already exists
OUT>      [java] {uri:iso.org:21090}IVL.Low_PQ.Time already exists
OUT>      [java] {uri:iso.org:21090}IVL.Low_REAL already exists
OUT>      [java] {uri:iso.org:21090}IVL.Low_INT already exists
OUT>      [java] {uri:iso.org:21090}IVL.Low_INT.NonNeg already exists
OUT>      [java] {uri:iso.org:21090}IVL.Low_INT.Positive already exists
OUT>      [java] {uri:iso.org:21090}IVL.Width_CO already exists
OUT>      [java] {uri:iso.org:21090}IVL.Width_TS already exists
OUT>      [java] {uri:iso.org:21090}IVL.Width_TS.Date already exists
OUT>      [java] {uri:iso.org:21090}IVL.Width_TS.Date.Full already exists
OUT>      [java] {uri:iso.org:21090}IVL.Width_TS.DateTime already exists
OUT>      [java] {uri:iso.org:21090}IVL.Width_TS.DateTime.Full already exists
OUT>      [java] {uri:iso.org:21090}IVL.Width_TS.Birth already exists
OUT>      [java] {uri:iso.org:21090}IVL.Width_RTO already exists
OUT>      [java] {uri:iso.org:21090}IVL.Width_MO already exists
OUT>      [java] {uri:iso.org:21090}IVL.Width_PQ already exists
OUT>      [java] {uri:iso.org:21090}IVL.Width_PQ.Time already exists
OUT>      [java] {uri:iso.org:21090}IVL.Width_REAL already exists
OUT>      [java] {uri:iso.org:21090}IVL.Width_INT already exists
OUT>      [java] {uri:iso.org:21090}IVL.Width_INT.NonNeg already exists
OUT>      [java] {uri:iso.org:21090}IVL.Width_INT.Positive already exists
OUT>      [java] {uri:iso.org:21090}IVL.High_CO already exists
OUT>      [java] {uri:iso.org:21090}IVL.High_TS already exists
OUT>      [java] {uri:iso.org:21090}IVL.High_TS.Date already exists
OUT>      [java] {uri:iso.org:21090}IVL.High_TS.Date.Full already exists
OUT>      [java] {uri:iso.org:21090}IVL.High_TS.DateTime already exists
OUT>      [java] {uri:iso.org:21090}IVL.High_TS.DateTime.Full already exists
OUT>      [java] {uri:iso.org:21090}IVL.High_TS.Birth already exists
OUT>      [java] {uri:iso.org:21090}IVL.High_RTO already exists
OUT>      [java] {uri:iso.org:21090}IVL.High_MO already exists
OUT>      [java] {uri:iso.org:21090}IVL.High_PQ already exists
OUT>      [java] {uri:iso.org:21090}IVL.High_PQ.Time already exists
OUT>      [java] {uri:iso.org:21090}IVL.High_REAL already exists
OUT>      [java] {uri:iso.org:21090}IVL.High_INT already exists
OUT>      [java] {uri:iso.org:21090}IVL.High_INT.NonNeg already exists
OUT>      [java] {uri:iso.org:21090}IVL.High_INT.Positive already exists
OUT>      [java] {uri:iso.org:21090}SLIST_CO already exists
OUT>      [java] {uri:iso.org:21090}SLIST_TS already exists
OUT>      [java] {uri:iso.org:21090}SLIST_TS.Date already exists
OUT>      [java] {uri:iso.org:21090}SLIST_TS.Date.Full already exists
OUT>      [java] {uri:iso.org:21090}SLIST_TS.DateTime already exists
OUT>      [java] {uri:iso.org:21090}SLIST_TS.DateTime.Full already exists
OUT>      [java] {uri:iso.org:21090}SLIST_TS.Birth already exists
OUT>      [java] {uri:iso.org:21090}SLIST_RTO already exists
OUT>      [java] {uri:iso.org:21090}SLIST_MO already exists
OUT>      [java] {uri:iso.org:21090}SLIST_PQ already exists
OUT>      [java] {uri:iso.org:21090}SLIST_PQ.Time already exists
OUT>      [java] {uri:iso.org:21090}SLIST_REAL already exists
OUT>      [java] {uri:iso.org:21090}SLIST_INT already exists
OUT>      [java] {uri:iso.org:21090}SLIST_INT.NonNeg already exists
OUT>      [java] {uri:iso.org:21090}SLIST_INT.Positive already exists
OUT>      [java] {uri:iso.org:21090}GLIST_CO already exists
OUT>      [java] {uri:iso.org:21090}GLIST_TS already exists
OUT>      [java] {uri:iso.org:21090}GLIST_TS.Date already exists
OUT>      [java] {uri:iso.org:21090}GLIST_TS.Date.Full already exists
OUT>      [java] {uri:iso.org:21090}GLIST_TS.DateTime already exists
OUT>      [java] {uri:iso.org:21090}GLIST_TS.DateTime.Full already exists
OUT>      [java] {uri:iso.org:21090}GLIST_TS.Birth already exists
OUT>      [java] {uri:iso.org:21090}GLIST_RTO already exists
OUT>      [java] {uri:iso.org:21090}GLIST_MO already exists
OUT>      [java] {uri:iso.org:21090}GLIST_PQ already exists
OUT>      [java] {uri:iso.org:21090}GLIST_PQ.Time already exists
OUT>      [java] {uri:iso.org:21090}GLIST_REAL already exists
OUT>      [java] {uri:iso.org:21090}GLIST_INT already exists
OUT>      [java] {uri:iso.org:21090}GLIST_INT.NonNeg already exists
OUT>      [java] {uri:iso.org:21090}GLIST_INT.Positive already exists
OUT>      [java] {uri:iso.org:21090}QSD_CO already exists
OUT>      [java] {uri:iso.org:21090}QSD_TS already exists
OUT>      [java] {uri:iso.org:21090}QSD_TS.Date already exists
OUT>      [java] {uri:iso.org:21090}QSD_TS.Date.Full already exists
OUT>      [java] {uri:iso.org:21090}QSD_TS.DateTime already exists
OUT>      [java] {uri:iso.org:21090}QSD_TS.DateTime.Full already exists
OUT>      [java] {uri:iso.org:21090}QSD_TS.Birth already exists
OUT>      [java] {uri:iso.org:21090}QSD_RTO already exists
OUT>      [java] {uri:iso.org:21090}QSD_MO already exists
OUT>      [java] {uri:iso.org:21090}QSD_PQ already exists
OUT>      [java] {uri:iso.org:21090}QSD_PQ.Time already exists
OUT>      [java] {uri:iso.org:21090}QSD_REAL already exists
OUT>      [java] {uri:iso.org:21090}QSD_INT already exists
OUT>      [java] {uri:iso.org:21090}QSD_INT.NonNeg already exists
OUT>      [java] {uri:iso.org:21090}QSD_INT.Positive already exists
OUT>      [java] {uri:iso.org:21090}QSI_CO already exists
OUT>      [java] {uri:iso.org:21090}QSI_TS already exists
OUT>      [java] {uri:iso.org:21090}QSI_TS.Date already exists
OUT>      [java] {uri:iso.org:21090}QSI_TS.Date.Full already exists
OUT>      [java] {uri:iso.org:21090}QSI_TS.DateTime already exists
OUT>      [java] {uri:iso.org:21090}QSI_TS.DateTime.Full already exists
OUT>      [java] {uri:iso.org:21090}QSI_TS.Birth already exists
OUT>      [java] {uri:iso.org:21090}QSI_RTO already exists
OUT>      [java] {uri:iso.org:21090}QSI_MO already exists
OUT>      [java] {uri:iso.org:21090}QSI_PQ already exists
OUT>      [java] {uri:iso.org:21090}QSI_PQ.Time already exists
OUT>      [java] {uri:iso.org:21090}QSI_REAL already exists
OUT>      [java] {uri:iso.org:21090}QSI_INT already exists
OUT>      [java] {uri:iso.org:21090}QSI_INT.NonNeg already exists
OUT>      [java] {uri:iso.org:21090}QSI_INT.Positive already exists
OUT>      [java] {uri:iso.org:21090}QSU_CO already exists
OUT>      [java] {uri:iso.org:21090}QSU_TS already exists
OUT>      [java] {uri:iso.org:21090}QSU_TS.Date already exists
OUT>      [java] {uri:iso.org:21090}QSU_TS.Date.Full already exists
OUT>      [java] {uri:iso.org:21090}QSU_TS.DateTime already exists
OUT>      [java] {uri:iso.org:21090}QSU_TS.DateTime.Full already exists
OUT>      [java] {uri:iso.org:21090}QSU_TS.Birth already exists
OUT>      [java] {uri:iso.org:21090}QSU_RTO already exists
OUT>      [java] {uri:iso.org:21090}QSU_MO already exists
OUT>      [java] {uri:iso.org:21090}QSU_PQ already exists
OUT>      [java] {uri:iso.org:21090}QSU_PQ.Time already exists
OUT>      [java] {uri:iso.org:21090}QSU_REAL already exists
OUT>      [java] {uri:iso.org:21090}QSU_INT already exists
OUT>      [java] {uri:iso.org:21090}QSU_INT.NonNeg already exists
OUT>      [java] {uri:iso.org:21090}QSU_INT.Positive already exists
OUT>      [java] {uri:iso.org:21090}QSP_CO already exists
OUT>      [java] {uri:iso.org:21090}QSP_TS already exists
OUT>      [java] {uri:iso.org:21090}QSP_TS.Date already exists
OUT>      [java] {uri:iso.org:21090}QSP_TS.Date.Full already exists
OUT>      [java] {uri:iso.org:21090}QSP_TS.DateTime already exists
OUT>      [java] {uri:iso.org:21090}QSP_TS.DateTime.Full already exists
OUT>      [java] {uri:iso.org:21090}QSP_TS.Birth already exists
OUT>      [java] {uri:iso.org:21090}QSP_RTO already exists
OUT>      [java] {uri:iso.org:21090}QSP_MO already exists
OUT>      [java] {uri:iso.org:21090}QSP_PQ already exists
OUT>      [java] {uri:iso.org:21090}QSP_PQ.Time already exists
OUT>      [java] {uri:iso.org:21090}QSP_REAL already exists
OUT>      [java] {uri:iso.org:21090}QSP_INT already exists
OUT>      [java] {uri:iso.org:21090}QSP_INT.NonNeg already exists
OUT>      [java] {uri:iso.org:21090}QSP_INT.Positive already exists
OUT>      [java] {uri:iso.org:21090}QSS_CO already exists
OUT>      [java] {uri:iso.org:21090}QSS_TS already exists
OUT>      [java] {uri:iso.org:21090}QSS_TS.Date already exists
OUT>      [java] {uri:iso.org:21090}QSS_TS.Date.Full already exists
OUT>      [java] {uri:iso.org:21090}QSS_TS.DateTime already exists
OUT>      [java] {uri:iso.org:21090}QSS_TS.DateTime.Full already exists
OUT>      [java] {uri:iso.org:21090}QSS_TS.Birth already exists
OUT>      [java] {uri:iso.org:21090}QSS_RTO already exists
OUT>      [java] {uri:iso.org:21090}QSS_MO already exists
OUT>      [java] {uri:iso.org:21090}QSS_PQ already exists
OUT>      [java] {uri:iso.org:21090}QSS_PQ.Time already exists
OUT>      [java] {uri:iso.org:21090}QSS_REAL already exists
OUT>      [java] {uri:iso.org:21090}QSS_INT already exists
OUT>      [java] {uri:iso.org:21090}QSS_INT.NonNeg already exists
OUT>      [java] {uri:iso.org:21090}QSS_INT.Positive already exists
OUT>      [java] {uri:iso.org:21090}PIVL_TS already exists
OUT>      [java] {uri:iso.org:21090}PIVL_TS.Date already exists
OUT>      [java] {uri:iso.org:21090}PIVL_TS.Date.Full already exists
OUT>      [java] {uri:iso.org:21090}PIVL_TS.DateTime already exists
OUT>      [java] {uri:iso.org:21090}PIVL_TS.DateTime.Full already exists
OUT>      [java] {uri:iso.org:21090}PIVL_TS.Birth already exists
OUT>      [java] {uri:iso.org:21090}EIVL_TS already exists
OUT>      [java] {uri:iso.org:21090}EIVL_TS.Date already exists
OUT>      [java] {uri:iso.org:21090}EIVL_TS.Date.Full already exists
OUT>      [java] {uri:iso.org:21090}EIVL_TS.DateTime already exists
OUT>      [java] {uri:iso.org:21090}EIVL_TS.DateTime.Full already exists
OUT>      [java] {uri:iso.org:21090}EIVL_TS.Birth already exists
OUT>      [java] {uri:iso.org:21090}NPPD_BL already exists
OUT>      [java] {uri:iso.org:21090}UVP_BL already exists
OUT>      [java] {uri:iso.org:21090}NPPD_BL.NonNull already exists
OUT>      [java] {uri:iso.org:21090}UVP_BL.NonNull already exists
OUT>      [java] {uri:iso.org:21090}NPPD_ED already exists
OUT>      [java] {uri:iso.org:21090}UVP_ED already exists
OUT>      [java] {uri:iso.org:21090}NPPD_ED.Image already exists
OUT>      [java] {uri:iso.org:21090}UVP_ED.Image already exists
OUT>      [java] {uri:iso.org:21090}NPPD_ED.Text already exists
OUT>      [java] {uri:iso.org:21090}UVP_ED.Text already exists
OUT>      [java] {uri:iso.org:21090}NPPD_ED.Doc already exists
OUT>      [java] {uri:iso.org:21090}UVP_ED.Doc already exists
OUT>      [java] {uri:iso.org:21090}NPPD_ED.Doc.Ref already exists
OUT>      [java] {uri:iso.org:21090}UVP_ED.Doc.Ref already exists
OUT>      [java] {uri:iso.org:21090}NPPD_ED.Doc.Inline already exists
OUT>      [java] {uri:iso.org:21090}UVP_ED.Doc.Inline already exists
OUT>      [java] {uri:iso.org:21090}NPPD_ED.Signature already exists
OUT>      [java] {uri:iso.org:21090}UVP_ED.Signature already exists
OUT>      [java] {uri:iso.org:21090}NPPD_ED.Narrative already exists
OUT>      [java] {uri:iso.org:21090}UVP_ED.Narrative already exists
OUT>      [java] {uri:iso.org:21090}NPPD_ST already exists
OUT>      [java] {uri:iso.org:21090}UVP_ST already exists
OUT>      [java] {uri:iso.org:21090}NPPD_ST.NT already exists
OUT>      [java] {uri:iso.org:21090}UVP_ST.NT already exists
OUT>      [java] {uri:iso.org:21090}NPPD_SC already exists
OUT>      [java] {uri:iso.org:21090}UVP_SC already exists
OUT>      [java] {uri:iso.org:21090}NPPD_SC.NT already exists
OUT>      [java] {uri:iso.org:21090}UVP_SC.NT already exists
OUT>      [java] {uri:iso.org:21090}NPPD_TEL already exists
OUT>      [java] {uri:iso.org:21090}UVP_TEL already exists
OUT>      [java] {uri:iso.org:21090}NPPD_TEL.Email already exists
OUT>      [java] {uri:iso.org:21090}UVP_TEL.Email already exists
OUT>      [java] {uri:iso.org:21090}NPPD_TEL.Person already exists
OUT>      [java] {uri:iso.org:21090}UVP_TEL.Person already exists
OUT>      [java] {uri:iso.org:21090}NPPD_TEL.Phone already exists
OUT>      [java] {uri:iso.org:21090}UVP_TEL.Phone already exists
OUT>      [java] {uri:iso.org:21090}NPPD_TEL.Url already exists
OUT>      [java] {uri:iso.org:21090}UVP_TEL.Url already exists
OUT>      [java] {uri:iso.org:21090}NPPD_II already exists
OUT>      [java] {uri:iso.org:21090}UVP_II already exists
OUT>      [java] {uri:iso.org:21090}NPPD_CD already exists
OUT>      [java] {uri:iso.org:21090}UVP_CD already exists
OUT>      [java] {uri:iso.org:21090}NPPD_CD.CE already exists
OUT>      [java] {uri:iso.org:21090}UVP_CD.CE already exists
OUT>      [java] {uri:iso.org:21090}NPPD_CD.CE.None already exists
OUT>      [java] {uri:iso.org:21090}UVP_CD.CE.None already exists
OUT>      [java] {uri:iso.org:21090}NPPD_CD.CV already exists
OUT>      [java] {uri:iso.org:21090}UVP_CD.CV already exists
OUT>      [java] {uri:iso.org:21090}NPPD_CO already exists
OUT>      [java] {uri:iso.org:21090}UVP_CO already exists
OUT>      [java] {uri:iso.org:21090}NPPD_CS already exists
OUT>      [java] {uri:iso.org:21090}UVP_CS already exists
OUT>      [java] {uri:iso.org:21090}NPPD_AD already exists
OUT>      [java] {uri:iso.org:21090}UVP_AD already exists
OUT>      [java] {uri:iso.org:21090}NPPD_EN already exists
OUT>      [java] {uri:iso.org:21090}UVP_EN already exists
OUT>      [java] {uri:iso.org:21090}NPPD_EN.TN already exists
OUT>      [java] {uri:iso.org:21090}UVP_EN.TN already exists
OUT>      [java] {uri:iso.org:21090}NPPD_EN.PN already exists
OUT>      [java] {uri:iso.org:21090}UVP_EN.PN already exists
OUT>      [java] {uri:iso.org:21090}NPPD_EN.ON already exists
OUT>      [java] {uri:iso.org:21090}UVP_EN.ON already exists
OUT>      [java] {uri:iso.org:21090}NPPD_TS already exists
OUT>      [java] {uri:iso.org:21090}UVP_TS already exists
OUT>      [java] {uri:iso.org:21090}NPPD_TS.Date already exists
OUT>      [java] {uri:iso.org:21090}UVP_TS.Date already exists
OUT>      [java] {uri:iso.org:21090}NPPD_TS.Date.Full already exists
OUT>      [java] {uri:iso.org:21090}UVP_TS.Date.Full already exists
OUT>      [java] {uri:iso.org:21090}NPPD_TS.DateTime already exists
OUT>      [java] {uri:iso.org:21090}UVP_TS.DateTime already exists
OUT>      [java] {uri:iso.org:21090}NPPD_TS.DateTime.Full already exists
OUT>      [java] {uri:iso.org:21090}UVP_TS.DateTime.Full already exists
OUT>      [java] {uri:iso.org:21090}NPPD_TS.Birth already exists
OUT>      [java] {uri:iso.org:21090}UVP_TS.Birth already exists
OUT>      [java] {uri:iso.org:21090}NPPD_RTO already exists
OUT>      [java] {uri:iso.org:21090}UVP_RTO already exists
OUT>      [java] {uri:iso.org:21090}NPPD_MO already exists
OUT>      [java] {uri:iso.org:21090}UVP_MO already exists
OUT>      [java] {uri:iso.org:21090}NPPD_PQ already exists
OUT>      [java] {uri:iso.org:21090}UVP_PQ already exists
OUT>      [java] {uri:iso.org:21090}NPPD_PQ.Time already exists
OUT>      [java] {uri:iso.org:21090}UVP_PQ.Time already exists
OUT>      [java] {uri:iso.org:21090}NPPD_REAL already exists
OUT>      [java] {uri:iso.org:21090}UVP_REAL already exists
OUT>      [java] {uri:iso.org:21090}NPPD_INT already exists
OUT>      [java] {uri:iso.org:21090}UVP_INT already exists
OUT>      [java] {uri:iso.org:21090}NPPD_INT.NonNeg already exists
OUT>      [java] {uri:iso.org:21090}UVP_INT.NonNeg already exists
OUT>      [java] {uri:iso.org:21090}NPPD_INT.Positive already exists
OUT>      [java] {uri:iso.org:21090}UVP_INT.Positive already exists
OUT>      [java] {uri:iso.org:21090}QSET.BoundedPIVL already exists
OUT>      [java] {uri:iso.org:21090}HIST_BL already exists
OUT>      [java] {uri:iso.org:21090}HIST_BL.NonNull already exists
OUT>      [java] {uri:iso.org:21090}HIST_ED already exists
OUT>      [java] {uri:iso.org:21090}HIST_ED.Image already exists
OUT>      [java] {uri:iso.org:21090}HIST_ED.Text already exists
OUT>      [java] {uri:iso.org:21090}HIST_ED.Doc already exists
OUT>      [java] {uri:iso.org:21090}HIST_ED.Doc.Ref already exists
OUT>      [java] {uri:iso.org:21090}HIST_ED.Doc.Inline already exists
OUT>      [java] {uri:iso.org:21090}HIST_ED.Signature already exists
OUT>      [java] {uri:iso.org:21090}HIST_ED.Narrative already exists
OUT>      [java] {uri:iso.org:21090}HIST_ST already exists
OUT>      [java] {uri:iso.org:21090}HIST_ST.NT already exists
OUT>      [java] {uri:iso.org:21090}HIST_SC already exists
OUT>      [java] {uri:iso.org:21090}HIST_SC.NT already exists
OUT>      [java] {uri:iso.org:21090}HIST_TEL already exists
OUT>      [java] {uri:iso.org:21090}HIST_TEL.Email already exists
OUT>      [java] {uri:iso.org:21090}HIST_TEL.Person already exists
OUT>      [java] {uri:iso.org:21090}HIST_TEL.Phone already exists
OUT>      [java] {uri:iso.org:21090}HIST_TEL.Url already exists
OUT>      [java] {uri:iso.org:21090}HIST_II already exists
OUT>      [java] {uri:iso.org:21090}HIST_CD already exists
OUT>      [java] {uri:iso.org:21090}HIST_CD.CE already exists
OUT>      [java] {uri:iso.org:21090}HIST_CD.CE.None already exists
OUT>      [java] {uri:iso.org:21090}HIST_CD.CV already exists
OUT>      [java] {uri:iso.org:21090}HIST_CO already exists
OUT>      [java] {uri:iso.org:21090}HIST_CS already exists
OUT>      [java] {uri:iso.org:21090}HIST_AD already exists
OUT>      [java] {uri:iso.org:21090}HIST_EN already exists
OUT>      [java] {uri:iso.org:21090}HIST_EN.TN already exists
OUT>      [java] {uri:iso.org:21090}HIST_EN.PN already exists
OUT>      [java] {uri:iso.org:21090}HIST_EN.ON already exists
OUT>      [java] {uri:iso.org:21090}HIST_TS already exists
OUT>      [java] {uri:iso.org:21090}HIST_TS.Date already exists
OUT>      [java] {uri:iso.org:21090}HIST_TS.Date.Full already exists
OUT>      [java] {uri:iso.org:21090}HIST_TS.DateTime already exists
OUT>      [java] {uri:iso.org:21090}HIST_TS.DateTime.Full already exists
OUT>      [java] {uri:iso.org:21090}HIST_TS.Birth already exists
OUT>      [java] {uri:iso.org:21090}HIST_RTO already exists
OUT>      [java] {uri:iso.org:21090}HIST_MO already exists
OUT>      [java] {uri:iso.org:21090}HIST_PQ already exists
OUT>      [java] {uri:iso.org:21090}HIST_PQ.Time already exists
OUT>      [java] {uri:iso.org:21090}HIST_REAL already exists
OUT>      [java] {uri:iso.org:21090}HIST_INT already exists
OUT>      [java] {uri:iso.org:21090}HIST_INT.NonNeg already exists
OUT>      [java] {uri:iso.org:21090}HIST_INT.Positive already exists
OUT>      [java] {http://CQL.caBIG/2/org.cagrid.cql2}CQLExtension already exists
OUT>      [java] {http://CQL.caBIG/2/org.cagrid.cql2}Aggregation already exists
OUT>      [java] {http://docs.oasis-open.org/wsrf/2004/06/wsrf-WS-ResourceLifetime-1.2-draft-01.xsd}CurrentTime already exists
OUT>      [java] {http://docs.oasis-open.org/wsrf/2004/06/wsrf-WS-ResourceLifetime-1.2-draft-01.xsd}TerminationTime already exists
OUT>      [java] {http://docs.oasis-open.org/wsrf/2004/06/wsrf-WS-ResourceLifetime-1.2-draft-01.xsd}TerminationNotification already exists
OUT>      [java] {http://docs.oasis-open.org/wsrf/2004/06/wsrf-WS-ResourceLifetime-1.2-draft-01.xsd}>TerminationNotification already exists
OUT>      [java] {http://docs.oasis-open.org/wsrf/2004/06/wsrf-WS-ResourceProperties-1.2-draft-01.xsd}ResourceProperties already exists
OUT>      [java] {http://docs.oasis-open.org/wsrf/2004/06/wsrf-WS-ResourceProperties-1.2-draft-01.xsd}ResourcePropertyValueChangeNotificationType already exists
OUT>      [java] {http://docs.oasis-open.org/wsrf/2004/06/wsrf-WS-ResourceProperties-1.2-draft-01.xsd}>ResourcePropertyValueChangeNotificationType>OldValue already exists
OUT>      [java] {http://docs.oasis-open.org/wsrf/2004/06/wsrf-WS-ResourceProperties-1.2-draft-01.xsd}>ResourcePropertyValueChangeNotificationType>NewValue already exists
OUT>      [java] {http://docs.oasis-open.org/wsrf/2004/06/wsrf-WS-ResourceProperties-1.2-draft-01.xsd}ResourcePropertyValueChangeNotification already exists
OUT>      [java] {http://docs.oasis-open.org/wsrf/2004/06/wsrf-WS-ResourceProperties-1.2-draft-01.xsd}QueryExpressionType already exists
OUT>      [java] {http://docs.oasis-open.org/wsrf/2004/06/wsrf-WS-ResourceProperties-1.2-draft-01.xsd}QueryExpression already exists
OUT>      [java] {http://docs.oasis-open.org/wsrf/2004/06/wsrf-WS-ResourceProperties-1.2-draft-01.xsd}ResourceProperties already exists
OUT>      [java] {http://docs.oasis-open.org/wsrf/2004/06/wsrf-WS-ResourceProperties-1.2-draft-01.xsd}ResourcePropertyValueChangeNotificationType already exists
OUT>      [java] {http://docs.oasis-open.org/wsrf/2004/06/wsrf-WS-ResourceProperties-1.2-draft-01.xsd}>ResourcePropertyValueChangeNotificationType>OldValue already exists
OUT>      [java] {http://docs.oasis-open.org/wsrf/2004/06/wsrf-WS-ResourceProperties-1.2-draft-01.xsd}>ResourcePropertyValueChangeNotificationType>NewValue already exists
OUT>      [java] {http://docs.oasis-open.org/wsrf/2004/06/wsrf-WS-ResourceProperties-1.2-draft-01.xsd}ResourcePropertyValueChangeNotification already exists
OUT>      [java] {http://docs.oasis-open.org/wsrf/2004/06/wsrf-WS-ResourceProperties-1.2-draft-01.xsd}QueryExpressionType already exists
OUT>      [java] {http://docs.oasis-open.org/wsrf/2004/06/wsrf-WS-ResourceProperties-1.2-draft-01.xsd}QueryExpression already exists
OUT>      [java] {http://docs.oasis-open.org/wsrf/2004/06/wsrf-WS-ResourceProperties-1.2-draft-01.xsd}GetResourceProperty already exists
OUT>      [java] {http://docs.oasis-open.org/wsrf/2004/06/wsrf-WS-ResourceProperties-1.2-draft-01.xsd}GetResourcePropertyResponse already exists
OUT>      [java] {http://docs.oasis-open.org/wsrf/2004/06/wsrf-WS-ResourceProperties-1.2-draft-01.xsd}>GetResourcePropertyResponse already exists
OUT>      [java] {http://docs.oasis-open.org/wsrf/2004/06/wsrf-WS-ResourceProperties-1.2-draft-01.xsd}ResourceUnknownFaultType already exists
OUT>      [java] {http://docs.oasis-open.org/wsrf/2004/06/wsrf-WS-ResourceProperties-1.2-draft-01.xsd}ResourceUnknownFault already exists
OUT>      [java] {http://docs.oasis-open.org/wsrf/2004/06/wsrf-WS-ResourceProperties-1.2-draft-01.xsd}InvalidResourcePropertyQNameFaultType already exists
OUT>      [java] {http://docs.oasis-open.org/wsrf/2004/06/wsrf-WS-ResourceProperties-1.2-draft-01.xsd}InvalidResourcePropertyQNameFault already exists
OUT>      [java] {http://docs.oasis-open.org/wsrf/2004/06/wsrf-WS-ResourceProperties-1.2-draft-01.xsd}GetMultipleResourceProperties already exists
OUT>      [java] {http://docs.oasis-open.org/wsrf/2004/06/wsrf-WS-ResourceProperties-1.2-draft-01.xsd}>GetMultipleResourceProperties already exists
OUT>      [java] {http://docs.oasis-open.org/wsrf/2004/06/wsrf-WS-ResourceProperties-1.2-draft-01.xsd}GetMultipleResourcePropertiesResponse already exists
OUT>      [java] {http://docs.oasis-open.org/wsrf/2004/06/wsrf-WS-ResourceProperties-1.2-draft-01.xsd}>GetMultipleResourcePropertiesResponse already exists
OUT>      [java] {http://docs.oasis-open.org/wsrf/2004/06/wsrf-WS-ResourceProperties-1.2-draft-01.xsd}InsertType already exists
OUT>      [java] {http://docs.oasis-open.org/wsrf/2004/06/wsrf-WS-ResourceProperties-1.2-draft-01.xsd}Insert already exists
OUT>      [java] {http://docs.oasis-open.org/wsrf/2004/06/wsrf-WS-ResourceProperties-1.2-draft-01.xsd}UpdateType already exists
OUT>      [java] {http://docs.oasis-open.org/wsrf/2004/06/wsrf-WS-ResourceProperties-1.2-draft-01.xsd}Update already exists
OUT>      [java] {http://docs.oasis-open.org/wsrf/2004/06/wsrf-WS-ResourceProperties-1.2-draft-01.xsd}DeleteType already exists
OUT>      [java] {http://docs.oasis-open.org/wsrf/2004/06/wsrf-WS-ResourceProperties-1.2-draft-01.xsd}Delete already exists
OUT>      [java] {http://docs.oasis-open.org/wsrf/2004/06/wsrf-WS-ResourceProperties-1.2-draft-01.xsd}SetResourceProperties already exists
OUT>      [java] {http://docs.oasis-open.org/wsrf/2004/06/wsrf-WS-ResourceProperties-1.2-draft-01.xsd}>SetResourceProperties already exists
OUT>      [java] {http://docs.oasis-open.org/wsrf/2004/06/wsrf-WS-ResourceProperties-1.2-draft-01.xsd}SetResourcePropertiesResponse already exists
OUT>      [java] {http://docs.oasis-open.org/wsrf/2004/06/wsrf-WS-ResourceProperties-1.2-draft-01.xsd}>SetResourcePropertiesResponse already exists
OUT>      [java] {http://docs.oasis-open.org/wsrf/2004/06/wsrf-WS-ResourceProperties-1.2-draft-01.xsd}InvalidSetResourcePropertiesRequestContentFaultType already exists
OUT>      [java] {http://docs.oasis-open.org/wsrf/2004/06/wsrf-WS-ResourceProperties-1.2-draft-01.xsd}InvalidSetResourcePropertiesRequestContentFault already exists
OUT>      [java] {http://docs.oasis-open.org/wsrf/2004/06/wsrf-WS-ResourceProperties-1.2-draft-01.xsd}UnableToModifyResourcePropertyFaultType already exists
OUT>      [java] {http://docs.oasis-open.org/wsrf/2004/06/wsrf-WS-ResourceProperties-1.2-draft-01.xsd}UnableToModifyResourcePropertyFault already exists
OUT>      [java] {http://docs.oasis-open.org/wsrf/2004/06/wsrf-WS-ResourceProperties-1.2-draft-01.xsd}SetResourcePropertyRequestFailedFaultType already exists
OUT>      [java] {http://docs.oasis-open.org/wsrf/2004/06/wsrf-WS-ResourceProperties-1.2-draft-01.xsd}SetResourcePropertyRequestFailedFault already exists
OUT>      [java] {http://docs.oasis-open.org/wsrf/2004/06/wsrf-WS-ResourceProperties-1.2-draft-01.xsd}QueryResourceProperties already exists
OUT>      [java] {http://docs.oasis-open.org/wsrf/2004/06/wsrf-WS-ResourceProperties-1.2-draft-01.xsd}>QueryResourceProperties already exists
OUT>      [java] {http://docs.oasis-open.org/wsrf/2004/06/wsrf-WS-ResourceProperties-1.2-draft-01.xsd}QueryResourcePropertiesResponse already exists
OUT>      [java] {http://docs.oasis-open.org/wsrf/2004/06/wsrf-WS-ResourceProperties-1.2-draft-01.xsd}>QueryResourcePropertiesResponse already exists
OUT>      [java] {http://docs.oasis-open.org/wsrf/2004/06/wsrf-WS-ResourceProperties-1.2-draft-01.xsd}UnknownQueryExpressionDialectFaultType already exists
OUT>      [java] {http://docs.oasis-open.org/wsrf/2004/06/wsrf-WS-ResourceProperties-1.2-draft-01.xsd}UnknownQueryExpressionDialectFault already exists
OUT>      [java] {http://docs.oasis-open.org/wsrf/2004/06/wsrf-WS-ResourceProperties-1.2-draft-01.xsd}InvalidQueryExpressionFaultType already exists
OUT>      [java] {http://docs.oasis-open.org/wsrf/2004/06/wsrf-WS-ResourceProperties-1.2-draft-01.xsd}InvalidQueryExpressionFault already exists
OUT>      [java] {http://docs.oasis-open.org/wsrf/2004/06/wsrf-WS-ResourceProperties-1.2-draft-01.xsd}QueryEvaluationErrorFaultType already exists
OUT>      [java] {http://docs.oasis-open.org/wsrf/2004/06/wsrf-WS-ResourceProperties-1.2-draft-01.xsd}QueryEvaluationErrorFault already exists
OUT>      [java] {http://docs.oasis-open.org/wsrf/2004/06/wsrf-WS-ResourceProperties-1.2-draft-01.wsdl}SetResourcePropertiesRequest already exists
OUT>      [java] {http://docs.oasis-open.org/wsrf/2004/06/wsrf-WS-ResourceProperties-1.2-draft-01.wsdl}ResourceUnknownFault already exists
OUT>      [java] {http://docs.oasis-open.org/wsrf/2004/06/wsrf-WS-ResourceProperties-1.2-draft-01.wsdl}SetResourcePropertyRequestFailedFault already exists
OUT>      [java] {http://docs.oasis-open.org/wsrf/2004/06/wsrf-WS-ResourceProperties-1.2-draft-01.wsdl}GetResourcePropertyResponse already exists
OUT>      [java] {http://docs.oasis-open.org/wsrf/2004/06/wsrf-WS-ResourceProperties-1.2-draft-01.wsdl}InvalidQueryExpressionFault already exists
OUT>      [java] {http://docs.oasis-open.org/wsrf/2004/06/wsrf-WS-ResourceProperties-1.2-draft-01.wsdl}UnknownQueryExpressionDialectFault already exists
OUT>      [java] {http://docs.oasis-open.org/wsrf/2004/06/wsrf-WS-ResourceProperties-1.2-draft-01.wsdl}GetMultipleResourcePropertiesRequest already exists
OUT>      [java] {http://docs.oasis-open.org/wsrf/2004/06/wsrf-WS-ResourceProperties-1.2-draft-01.wsdl}UnableToModifyResourcePropertyFault already exists
OUT>      [java] {http://docs.oasis-open.org/wsrf/2004/06/wsrf-WS-ResourceProperties-1.2-draft-01.wsdl}GetResourcePropertyRequest already exists
OUT>      [java] {http://docs.oasis-open.org/wsrf/2004/06/wsrf-WS-ResourceProperties-1.2-draft-01.wsdl}GetMultipleResourcePropertiesResponse already exists
OUT>      [java] {http://docs.oasis-open.org/wsrf/2004/06/wsrf-WS-ResourceProperties-1.2-draft-01.wsdl}QueryResourcePropertiesRequest already exists
OUT>      [java] {http://docs.oasis-open.org/wsrf/2004/06/wsrf-WS-ResourceProperties-1.2-draft-01.wsdl}QueryResourcePropertiesResponse already exists
OUT>      [java] {http://docs.oasis-open.org/wsrf/2004/06/wsrf-WS-ResourceProperties-1.2-draft-01.wsdl}QueryEvaluationErrorFault already exists
OUT>      [java] {http://docs.oasis-open.org/wsrf/2004/06/wsrf-WS-ResourceProperties-1.2-draft-01.wsdl}InvalidResourcePropertyQNameFault already exists
OUT>      [java] {http://docs.oasis-open.org/wsrf/2004/06/wsrf-WS-ResourceProperties-1.2-draft-01.wsdl}SetResourcePropertiesResponse already exists
OUT>      [java] {http://docs.oasis-open.org/wsrf/2004/06/wsrf-WS-ResourceProperties-1.2-draft-01.wsdl}InvalidSetResourcePropertiesRequestContentFault already exists
OUT>      [java] {http://docs.oasis-open.org/wsrf/2004/06/wsrf-WS-ResourceProperties-1.2-draft-01.wsdl}SetResourceProperties already exists
OUT>      [java] {http://docs.oasis-open.org/wsrf/2004/06/wsrf-WS-ResourceProperties-1.2-draft-01.wsdl}QueryResourceProperties already exists
OUT>      [java] {http://docs.oasis-open.org/wsrf/2004/06/wsrf-WS-ResourceProperties-1.2-draft-01.wsdl}GetResourceProperty already exists
OUT>      [java] {http://docs.oasis-open.org/wsrf/2004/06/wsrf-WS-ResourceProperties-1.2-draft-01.wsdl}GetMultipleResourceProperties already exists
OUT>      [java] {http://docs.oasis-open.org/wsrf/2004/06/wsrf-WS-ResourceProperties-1.2-draft-01.xsd}ResourceProperties already exists
OUT>      [java] {http://docs.oasis-open.org/wsrf/2004/06/wsrf-WS-ResourceProperties-1.2-draft-01.xsd}ResourcePropertyValueChangeNotificationType already exists
OUT>      [java] {http://docs.oasis-open.org/wsrf/2004/06/wsrf-WS-ResourceProperties-1.2-draft-01.xsd}>ResourcePropertyValueChangeNotificationType>OldValue already exists
OUT>      [java] {http://docs.oasis-open.org/wsrf/2004/06/wsrf-WS-ResourceProperties-1.2-draft-01.xsd}>ResourcePropertyValueChangeNotificationType>NewValue already exists
OUT>      [java] {http://docs.oasis-open.org/wsrf/2004/06/wsrf-WS-ResourceProperties-1.2-draft-01.xsd}ResourcePropertyValueChangeNotification already exists
OUT>      [java] {http://docs.oasis-open.org/wsrf/2004/06/wsrf-WS-ResourceProperties-1.2-draft-01.xsd}QueryExpressionType already exists
OUT>      [java] {http://docs.oasis-open.org/wsrf/2004/06/wsrf-WS-ResourceProperties-1.2-draft-01.xsd}QueryExpression already exists
OUT>      [java] {http://docs.oasis-open.org/wsrf/2004/06/wsrf-WS-ResourceProperties-1.2-draft-01.xsd}GetResourceProperty already exists
OUT>      [java] {http://docs.oasis-open.org/wsrf/2004/06/wsrf-WS-ResourceProperties-1.2-draft-01.xsd}GetResourcePropertyResponse already exists
OUT>      [java] {http://docs.oasis-open.org/wsrf/2004/06/wsrf-WS-ResourceProperties-1.2-draft-01.xsd}>GetResourcePropertyResponse already exists
OUT>      [java] {http://docs.oasis-open.org/wsrf/2004/06/wsrf-WS-ResourceProperties-1.2-draft-01.xsd}ResourceUnknownFaultType already exists
OUT>      [java] {http://docs.oasis-open.org/wsrf/2004/06/wsrf-WS-ResourceProperties-1.2-draft-01.xsd}ResourceUnknownFault already exists
OUT>      [java] {http://docs.oasis-open.org/wsrf/2004/06/wsrf-WS-ResourceProperties-1.2-draft-01.xsd}InvalidResourcePropertyQNameFaultType already exists
OUT>      [java] {http://docs.oasis-open.org/wsrf/2004/06/wsrf-WS-ResourceProperties-1.2-draft-01.xsd}InvalidResourcePropertyQNameFault already exists
OUT>      [java] {http://docs.oasis-open.org/wsrf/2004/06/wsrf-WS-ResourceProperties-1.2-draft-01.xsd}GetMultipleResourceProperties already exists
OUT>      [java] {http://docs.oasis-open.org/wsrf/2004/06/wsrf-WS-ResourceProperties-1.2-draft-01.xsd}>GetMultipleResourceProperties already exists
OUT>      [java] {http://docs.oasis-open.org/wsrf/2004/06/wsrf-WS-ResourceProperties-1.2-draft-01.xsd}GetMultipleResourcePropertiesResponse already exists
OUT>      [java] {http://docs.oasis-open.org/wsrf/2004/06/wsrf-WS-ResourceProperties-1.2-draft-01.xsd}>GetMultipleResourcePropertiesResponse already exists
OUT>      [java] {http://docs.oasis-open.org/wsrf/2004/06/wsrf-WS-ResourceProperties-1.2-draft-01.xsd}InsertType already exists
OUT>      [java] {http://docs.oasis-open.org/wsrf/2004/06/wsrf-WS-ResourceProperties-1.2-draft-01.xsd}Insert already exists
OUT>      [java] {http://docs.oasis-open.org/wsrf/2004/06/wsrf-WS-ResourceProperties-1.2-draft-01.xsd}UpdateType already exists
OUT>      [java] {http://docs.oasis-open.org/wsrf/2004/06/wsrf-WS-ResourceProperties-1.2-draft-01.xsd}Update already exists
OUT>      [java] {http://docs.oasis-open.org/wsrf/2004/06/wsrf-WS-ResourceProperties-1.2-draft-01.xsd}DeleteType already exists
OUT>      [java] {http://docs.oasis-open.org/wsrf/2004/06/wsrf-WS-ResourceProperties-1.2-draft-01.xsd}Delete already exists
OUT>      [java] {http://docs.oasis-open.org/wsrf/2004/06/wsrf-WS-ResourceProperties-1.2-draft-01.xsd}SetResourceProperties already exists
OUT>      [java] {http://docs.oasis-open.org/wsrf/2004/06/wsrf-WS-ResourceProperties-1.2-draft-01.xsd}>SetResourceProperties already exists
OUT>      [java] {http://docs.oasis-open.org/wsrf/2004/06/wsrf-WS-ResourceProperties-1.2-draft-01.xsd}SetResourcePropertiesResponse already exists
OUT>      [java] {http://docs.oasis-open.org/wsrf/2004/06/wsrf-WS-ResourceProperties-1.2-draft-01.xsd}>SetResourcePropertiesResponse already exists
OUT>      [java] {http://docs.oasis-open.org/wsrf/2004/06/wsrf-WS-ResourceProperties-1.2-draft-01.xsd}InvalidSetResourcePropertiesRequestContentFaultType already exists
OUT>      [java] {http://docs.oasis-open.org/wsrf/2004/06/wsrf-WS-ResourceProperties-1.2-draft-01.xsd}InvalidSetResourcePropertiesRequestContentFault already exists
OUT>      [java] {http://docs.oasis-open.org/wsrf/2004/06/wsrf-WS-ResourceProperties-1.2-draft-01.xsd}UnableToModifyResourcePropertyFaultType already exists
OUT>      [java] {http://docs.oasis-open.org/wsrf/2004/06/wsrf-WS-ResourceProperties-1.2-draft-01.xsd}UnableToModifyResourcePropertyFault already exists
OUT>      [java] {http://docs.oasis-open.org/wsrf/2004/06/wsrf-WS-ResourceProperties-1.2-draft-01.xsd}SetResourcePropertyRequestFailedFaultType already exists
OUT>      [java] {http://docs.oasis-open.org/wsrf/2004/06/wsrf-WS-ResourceProperties-1.2-draft-01.xsd}SetResourcePropertyRequestFailedFault already exists
OUT>      [java] {http://docs.oasis-open.org/wsrf/2004/06/wsrf-WS-ResourceProperties-1.2-draft-01.xsd}QueryResourceProperties already exists
OUT>      [java] {http://docs.oasis-open.org/wsrf/2004/06/wsrf-WS-ResourceProperties-1.2-draft-01.xsd}>QueryResourceProperties already exists
OUT>      [java] {http://docs.oasis-open.org/wsrf/2004/06/wsrf-WS-ResourceProperties-1.2-draft-01.xsd}QueryResourcePropertiesResponse already exists
OUT>      [java] {http://docs.oasis-open.org/wsrf/2004/06/wsrf-WS-ResourceProperties-1.2-draft-01.xsd}>QueryResourcePropertiesResponse already exists
OUT>      [java] {http://docs.oasis-open.org/wsrf/2004/06/wsrf-WS-ResourceProperties-1.2-draft-01.xsd}UnknownQueryExpressionDialectFaultType already exists
OUT>      [java] {http://docs.oasis-open.org/wsrf/2004/06/wsrf-WS-ResourceProperties-1.2-draft-01.xsd}UnknownQueryExpressionDialectFault already exists
OUT>      [java] {http://docs.oasis-open.org/wsrf/2004/06/wsrf-WS-ResourceProperties-1.2-draft-01.xsd}InvalidQueryExpressionFaultType already exists
OUT>      [java] {http://docs.oasis-open.org/wsrf/2004/06/wsrf-WS-ResourceProperties-1.2-draft-01.xsd}InvalidQueryExpressionFault already exists
OUT>      [java] {http://docs.oasis-open.org/wsrf/2004/06/wsrf-WS-ResourceProperties-1.2-draft-01.xsd}QueryEvaluationErrorFaultType already exists
OUT>      [java] {http://docs.oasis-open.org/wsrf/2004/06/wsrf-WS-ResourceProperties-1.2-draft-01.xsd}QueryEvaluationErrorFault already exists
OUT>      [java] {http://docs.oasis-open.org/wsrf/2004/06/wsrf-WS-ResourceProperties-1.2-draft-01.wsdl}SetResourcePropertiesRequest already exists
OUT>      [java] {http://docs.oasis-open.org/wsrf/2004/06/wsrf-WS-ResourceProperties-1.2-draft-01.wsdl}ResourceUnknownFault already exists
OUT>      [java] {http://docs.oasis-open.org/wsrf/2004/06/wsrf-WS-ResourceProperties-1.2-draft-01.wsdl}SetResourcePropertyRequestFailedFault already exists
OUT>      [java] {http://docs.oasis-open.org/wsrf/2004/06/wsrf-WS-ResourceProperties-1.2-draft-01.wsdl}GetResourcePropertyResponse already exists
OUT>      [java] {http://docs.oasis-open.org/wsrf/2004/06/wsrf-WS-ResourceProperties-1.2-draft-01.wsdl}InvalidQueryExpressionFault already exists
OUT>      [java] {http://docs.oasis-open.org/wsrf/2004/06/wsrf-WS-ResourceProperties-1.2-draft-01.wsdl}UnknownQueryExpressionDialectFault already exists
OUT>      [java] {http://docs.oasis-open.org/wsrf/2004/06/wsrf-WS-ResourceProperties-1.2-draft-01.wsdl}GetMultipleResourcePropertiesRequest already exists
OUT>      [java] {http://docs.oasis-open.org/wsrf/2004/06/wsrf-WS-ResourceProperties-1.2-draft-01.wsdl}UnableToModifyResourcePropertyFault already exists
OUT>      [java] {http://docs.oasis-open.org/wsrf/2004/06/wsrf-WS-ResourceProperties-1.2-draft-01.wsdl}GetResourcePropertyRequest already exists
OUT>      [java] {http://docs.oasis-open.org/wsrf/2004/06/wsrf-WS-ResourceProperties-1.2-draft-01.wsdl}GetMultipleResourcePropertiesResponse already exists
OUT>      [java] {http://docs.oasis-open.org/wsrf/2004/06/wsrf-WS-ResourceProperties-1.2-draft-01.wsdl}QueryResourcePropertiesRequest already exists
OUT>      [java] {http://docs.oasis-open.org/wsrf/2004/06/wsrf-WS-ResourceProperties-1.2-draft-01.wsdl}QueryResourcePropertiesResponse already exists
OUT>      [java] {http://docs.oasis-open.org/wsrf/2004/06/wsrf-WS-ResourceProperties-1.2-draft-01.wsdl}QueryEvaluationErrorFault already exists
OUT>      [java] {http://docs.oasis-open.org/wsrf/2004/06/wsrf-WS-ResourceProperties-1.2-draft-01.wsdl}InvalidResourcePropertyQNameFault already exists
OUT>      [java] {http://docs.oasis-open.org/wsrf/2004/06/wsrf-WS-ResourceProperties-1.2-draft-01.wsdl}SetResourcePropertiesResponse already exists
OUT>      [java] {http://docs.oasis-open.org/wsrf/2004/06/wsrf-WS-ResourceProperties-1.2-draft-01.wsdl}InvalidSetResourcePropertiesRequestContentFault already exists
OUT>      [java] {http://docs.oasis-open.org/wsrf/2004/06/wsrf-WS-ResourceProperties-1.2-draft-01.wsdl}SetResourceProperties already exists
OUT>      [java] {http://docs.oasis-open.org/wsrf/2004/06/wsrf-WS-ResourceProperties-1.2-draft-01.wsdl}QueryResourceProperties already exists
OUT>      [java] {http://docs.oasis-open.org/wsrf/2004/06/wsrf-WS-ResourceProperties-1.2-draft-01.wsdl}GetResourceProperty already exists
OUT>      [java] {http://docs.oasis-open.org/wsrf/2004/06/wsrf-WS-ResourceProperties-1.2-draft-01.wsdl}GetMultipleResourceProperties already exists
OUT>      [java] [Thread-2] INFO  toJava.JavaGeneratorFactory  - excluding code generation for non-included QName:{gme://caCORE.caCORE/3.2/gov.nih.nci.cacoresdk.domain.onetomany.unidirectional}LatchKey[0,unbounded]
OUT>      [java] [Thread-2] INFO  toJava.JavaGeneratorFactory  - excluding code generation for non-included QName:{gme://caCORE.caCORE/3.2/gov.nih.nci.cacoresdk.domain.other.differentpackage}Dessert[0,unbounded]
OUT>      [java] [Thread-2] INFO  toJava.JavaGeneratorFactory  - excluding code generation for non-included QName:{gme://caCORE.caCORE/3.2/gov.nih.nci.cacoresdk.domain.inheritance.parentwithassociation}Assistant[0,unbounded]
OUT>      [java] [Thread-2] INFO  toJava.JavaGeneratorFactory  - excluding code generation for non-included QName:{uri:iso.org:21090}tbody[,unbounded]
OUT>      [java] [Thread-2] INFO  toJava.JavaGeneratorFactory  - excluding code generation for non-included QName:{uri:iso.org:21090}colgroup[0,unbounded]
OUT>      [java] [Thread-2] INFO  toJava.JavaGeneratorFactory  - excluding code generation for non-included QName:{gme://caGrid.caBIG/1.0/gov.nih.nci.cagrid.metadata.common}UMLAttribute[0,unbounded]
OUT>      [java] [Thread-2] INFO  toJava.JavaGeneratorFactory  - excluding code generation for non-included QName:{uri:iso.org:21090}col[0,unbounded]
OUT>      [java] [Thread-2] INFO  toJava.JavaGeneratorFactory  - excluding code generation for non-included QName:{gme://caCORE.caCORE/3.2/gov.nih.nci.cacoresdk.domain.inheritance.abstrakt}Pupil[0,unbounded]
OUT>      [java] [Thread-2] INFO  toJava.JavaGeneratorFactory  - excluding code generation for non-included QName:{http://docs.oasis-open.org/wsn/2004/06/wsn-WS-BaseNotification-1.2-draft-01.xsd}Topic[,unbounded]
OUT>      [java] [Thread-2] INFO  toJava.JavaGeneratorFactory  - excluding code generation for non-included QName:{gme://caCORE.caCORE/3.2/gov.nih.nci.cacoresdk.domain.manytomany.bidirectional}Employee[0,unbounded]
OUT>      [java] [Thread-2] INFO  toJava.JavaGeneratorFactory  - excluding code generation for non-included QName:{gme://caCORE.caCORE/3.2/gov.nih.nci.cacoresdk.domain.manytomany.bidirectional}Project[0,unbounded]
OUT>      [java] [Thread-2] INFO  toJava.JavaGeneratorFactory  - excluding code generation for non-included QName:{gme://caCORE.caCORE/3.2/gov.nih.nci.cacoresdk.domain.inheritance.implicit}Tank[0,unbounded]
OUT>      [java] [Thread-2] INFO  toJava.JavaGeneratorFactory  - excluding code generation for non-included QName:{gme://caCORE.caCORE/3.2/gov.nih.nci.cacoresdk.domain.onetomany.unidirectional.withjoin}Button[0,unbounded]
OUT>      [java] [Thread-2] INFO  toJava.JavaGeneratorFactory  - excluding code generation for non-included QName:{gme://caGrid.caBIG/1.0/gov.nih.nci.cagrid.metadata.common}SemanticMetadata[0,unbounded]
OUT>      [java] [Thread-2] INFO  toJava.JavaGeneratorFactory  - excluding code generation for non-included QName:{gme://caCORE.caCORE/3.2/gov.nih.nci.cacoresdk.domain.other.differentpackage.associations}Utensil[0,unbounded]
OUT>      [java] [Thread-2] INFO  toJava.JavaGeneratorFactory  - excluding code generation for non-included QName:{gme://caCORE.caCORE/3.2/gov.nih.nci.cacoresdk.domain.onetomany.selfassociation}Element[0,unbounded]
OUT>      [java] [Thread-2] INFO  toJava.JavaGeneratorFactory  - excluding code generation for non-included QName:{gme://caCORE.caCORE/3.2/gov.nih.nci.cacoresdk.domain.other.levelassociation}Card[0,unbounded]
OUT>      [java] [Thread-2] INFO  toJava.JavaGeneratorFactory  - excluding code generation for non-included QName:{gme://caGrid.caBIG/1.0/gov.nih.nci.cagrid.metadata.service}ServiceContext[,unbounded]
OUT>      [java] [Thread-2] INFO  toJava.JavaGeneratorFactory  - excluding code generation for non-included QName:{gme://caGrid.caBIG/1.0/gov.nih.nci.cagrid.metadata.service}ContextProperty[0,unbounded]
OUT>      [java] [Thread-2] INFO  toJava.JavaGeneratorFactory  - excluding code generation for non-included QName:{gme://caCORE.caCORE/3.2/gov.nih.nci.cacoresdk.domain.inheritance.parentwithassociation.sametable}Luggage[0,unbounded]
OUT>      [java] [Thread-2] INFO  toJava.JavaGeneratorFactory  - excluding code generation for non-included QName:{gme://caGrid.caBIG/1.0/gov.nih.nci.cagrid.metadata.service}Operation[0,unbounded]
OUT>      [java] [Thread-2] INFO  toJava.JavaGeneratorFactory  - excluding code generation for non-included QName:{gme://caGrid.caBIG/1.0/gov.nih.nci.cagrid.metadata.common}PointOfContact[0,unbounded]
OUT>      [java] [Thread-2] INFO  toJava.JavaGeneratorFactory  - excluding code generation for non-included QName:{gme://caCORE.caCORE/3.2/gov.nih.nci.cacoresdk.domain.inheritance.implicit}Substrate[0,unbounded]
OUT>      [java] [Thread-2] INFO  toJava.JavaGeneratorFactory  - excluding code generation for non-included QName:{gme://caGrid.caBIG/1.0/gov.nih.nci.cagrid.metadata.service}InputParameter[0,unbounded]
OUT>      [java] [Thread-2] INFO  toJava.JavaGeneratorFactory  - excluding code generation for non-included QName:{gme://caCORE.caCORE/3.2/gov.nih.nci.cacoresdk.domain.onetomany.bidirectional}HardDrive[0,unbounded]
OUT>      [java] [Thread-2] INFO  toJava.JavaGeneratorFactory  - excluding code generation for non-included QName:{gme://caGrid.caBIG/1.0/gov.nih.nci.cagrid.metadata.service}Fault[0,unbounded]
OUT>      [java] [Thread-2] INFO  toJava.JavaGeneratorFactory  - excluding code generation for non-included QName:{gme://caCORE.caCORE/3.2/gov.nih.nci.cacoresdk.domain.other.levelassociation}Suit[0,unbounded]
OUT>      [java] [Thread-2] INFO  toJava.JavaGeneratorFactory  - excluding code generation for non-included QName:{uri:iso.org:21090}item[,unbounded]
OUT>      [java] [Thread-2] INFO  toJava.JavaGeneratorFactory  - excluding code generation for non-included QName:{gme://caCORE.caCORE/3.2/gov.nih.nci.cacoresdk.domain.manytomany.unidirectional}Author[0,unbounded]
OUT>      [java] [Thread-2] INFO  toJava.JavaGeneratorFactory  - excluding code generation for non-included QName:{gme://caGrid.caBIG/1.0/gov.nih.nci.cagrid.metadata.common}Enumeration[0,unbounded]
OUT>      [java] [Thread-2] INFO  toJava.JavaGeneratorFactory  - excluding code generation for non-included QName:{gme://caGrid.caBIG/1.0/gov.nih.nci.cagrid.metadata.security}Operation[0,unbounded]
OUT>      [java] [Thread-2] INFO  toJava.JavaGeneratorFactory  - excluding code generation for non-included QName:{gme://caCORE.caCORE/3.2/gov.nih.nci.cacoresdk.domain.onetomany.bidirectional.withjoin}Passanger[0,unbounded]
OUT>      [java] [Thread-2] INFO  toJava.JavaGeneratorFactory  - excluding code generation for non-included QName:{http://docs.oasis-open.org/wsn/2004/06/wsn-WS-BaseNotification-1.2-draft-01.xsd}TopicExpressionDialects[,unbounded]
OUT>      [java] [Thread-2] INFO  toJava.JavaGeneratorFactory  - excluding code generation for non-included QName:{gme://caCORE.caCORE/3.2/gov.nih.nci.cacoresdk.domain.inheritance.twolevelinheritance.sametablerootlevel}ScientificCalculator
OUT>      [java] [Thread-2] INFO  toJava.JavaGeneratorFactory  - excluding code generation for non-included QName:{http://docs.oasis-open.org/wsn/2004/06/wsn-WS-BaseNotification-1.2-draft-01.xsd}NotificationMessageHolderType
OUT>      [java] [Thread-2] INFO  toJava.JavaGeneratorFactory  - excluding code generation for non-included QName:{http://docs.oasis-open.org/wsrf/2004/06/wsrf-WS-ResourceLifetime-1.2-draft-01.xsd}>SetTerminationTimeResponse
OUT>      [java] [Thread-2] INFO  toJava.JavaGeneratorFactory  - excluding code generation for non-included QName:{gme://caCORE.caCORE/3.2/gov.nih.nci.cacoresdk.domain.inheritance.implicit}DiscusFish
OUT>      [java] [Thread-2] INFO  toJava.JavaGeneratorFactory  - excluding code generation for non-included QName:{uri:iso.org:21090}LIST_CD.CE.None
OUT>      [java] [Thread-2] INFO  toJava.JavaGeneratorFactory  - excluding code generation for non-included QName:{http://schemas.xmlsoap.org/ws/2004/03/addressing}AttributedURI
OUT>      [java] [Thread-2] INFO  toJava.JavaGeneratorFactory  - excluding code generation for non-included QName:{uri:iso.org:21090}UVP_CS
OUT>      [java] [Thread-2] INFO  toJava.JavaGeneratorFactory  - excluding code generation for non-included QName:{uri:iso.org:21090}DSET_EN.TN
OUT>      [java] [Thread-2] INFO  toJava.JavaGeneratorFactory  - excluding code generation for non-included QName:{uri:iso.org:21090}CO[0,0]
OUT>      [java] [Thread-2] INFO  toJava.JavaGeneratorFactory  - excluding code generation for non-included QName:{uri:iso.org:21090}BAG_PQ
OUT>      [java] [Thread-2] INFO  toJava.JavaGeneratorFactory  - excluding code generation for non-included QName:{http://CQL.caBIG/2/org.cagrid.cql2}BinaryPredicate
OUT>      [java] [Thread-2] INFO  toJava.JavaGeneratorFactory  - excluding code generation for non-included QName:{uri:iso.org:21090}UVP_EN.TN
OUT>      [java] [Thread-2] INFO  toJava.JavaGeneratorFactory  - excluding code generation for non-included QName:{http://docs.oasis-open.org/wsn/2004/06/wsn-WS-BaseNotification-1.2-draft-01.xsd}>NotificationProducerRP
OUT>      [java] [Thread-2] INFO  toJava.JavaGeneratorFactory  - excluding code generation for non-included QName:{uri:iso.org:21090}GLIST_MO
OUT>      [java] [Thread-2] INFO  toJava.JavaGeneratorFactory  - excluding code generation for non-included QName:{uri:iso.org:21090}IVL.Low_TS.DateTime.Full
OUT>      [java] [Thread-2] INFO  toJava.JavaGeneratorFactory  - excluding code generation for non-included QName:{uri:iso.org:21090}HIST_ED.Signature
OUT>      [java] [Thread-2] INFO  toJava.JavaGeneratorFactory  - excluding code generation for non-included QName:{gme://caCORE.caCORE/3.2/gov.nih.nci.cacoresdk.domain.manytoone.unidirectional.withjoin}Album
OUT>      [java] [Thread-2] INFO  toJava.JavaGeneratorFactory  - excluding code generation for non-included QName:{uri:iso.org:21090}QSS_TS.Date.Full
OUT>      [java] [Thread-2] INFO  toJava.JavaGeneratorFactory  - excluding code generation for non-included QName:{gme://caCORE.caCORE/3.2/gov.nih.nci.cacoresdk.domain.other.datatype}CdDataType
OUT>      [java] [Thread-2] INFO  toJava.JavaGeneratorFactory  - excluding code generation for non-included QName:{uri:iso.org:21090}UVP_CO
OUT>      [java] [Thread-2] INFO  toJava.JavaGeneratorFactory  - excluding code generation for non-included QName:{http://CQL.caBIG/2/org.cagrid.cql2}UnaryPredicate
OUT>      [java] [Thread-2] INFO  toJava.JavaGeneratorFactory  - excluding code generation for non-included QName:{gme://caCORE.caCORE/3.2/gov.nih.nci.cacoresdk.domain.manytomany.unidirectional}Book
OUT>      [java] [Thread-2] INFO  toJava.JavaGeneratorFactory  - excluding code generation for non-included QName:{uri:iso.org:21090}PIVL_TS.Date.Full
OUT>      [java] [Thread-2] INFO  toJava.JavaGeneratorFactory  - excluding code generation for non-included QName:{uri:iso.org:21090}DSET_SC
OUT>      [java] [Thread-2] INFO  toJava.JavaGeneratorFactory  - excluding code generation for non-included QName:{uri:iso.org:21090}UVP_CD
OUT>      [java] [Thread-2] INFO  toJava.JavaGeneratorFactory  - excluding code generation for non-included QName:{uri:iso.org:21090}DSET_RTO
OUT>      [java] [Thread-2] INFO  toJava.JavaGeneratorFactory  - excluding code generation for non-included QName:{gme://caCORE.caCORE/3.2/gov.nih.nci.cacoresdk.domain.inheritance.twolevelinheritance}Monitor
OUT>      [java] [Thread-2] INFO  toJava.JavaGeneratorFactory  - excluding code generation for non-included QName:{uri:iso.org:21090}>>td>scope
OUT>      [java] [Thread-2] INFO  toJava.JavaGeneratorFactory  - excluding code generation for non-included QName:{gme://caGrid.caBIG/1.0/gov.nih.nci.cagrid.metadata.security}GSITransport
OUT>      [java] [Thread-2] INFO  toJava.JavaGeneratorFactory  - excluding code generation for non-included QName:{uri:iso.org:21090}HIST_II
OUT>      [java] [Thread-2] INFO  toJava.JavaGeneratorFactory  - excluding code generation for non-included QName:{uri:iso.org:21090}BAG_INT.Positive
OUT>      [java] [Thread-2] INFO  toJava.JavaGeneratorFactory  - excluding code generation for non-included QName:{uri:iso.org:21090}QSI_REAL
OUT>      [java] [Thread-2] INFO  toJava.JavaGeneratorFactory  - excluding code generation for non-included QName:{uri:iso.org:21090}DSET_ST
OUT>      [java] [Thread-2] INFO  toJava.JavaGeneratorFactory  - excluding code generation for non-included QName:{uri:iso.org:21090}UVP_BL
OUT>      [java] [Thread-2] INFO  toJava.JavaGeneratorFactory  - excluding code generation for non-included QName:{uri:iso.org:21090}QSU_TS.DateTime
OUT>      [java] [Thread-2] INFO  toJava.JavaGeneratorFactory  - excluding code generation for non-included QName:{gme://caCORE.caCORE/3.2/gov.nih.nci.cacoresdk.domain.inheritance.twolevelinheritance.sametable}PresidentialGovt
OUT>      [java] [Thread-2] INFO  toJava.JavaGeneratorFactory  - excluding code generation for non-included QName:{uri:iso.org:21090}UVP_TS.Date
OUT>      [java] [Thread-2] INFO  toJava.JavaGeneratorFactory  - excluding code generation for non-included QName:{gme://caCORE.caCORE/3.2/gov.nih.nci.cacoresdk.domain.other.datatype}>AllDataType>stringCollection
OUT>      [java] [Thread-2] INFO  toJava.JavaGeneratorFactory  - excluding code generation for non-included QName:{gme://caCORE.caCORE/3.2/gov.nih.nci.cacoresdk.domain.other.datatype}IvlPqDataType
OUT>      [java] [Thread-2] INFO  toJava.JavaGeneratorFactory  - excluding code generation for non-included QName:{uri:iso.org:21090}QSET_MO[0,unbounded]
OUT>      [java] [Thread-2] INFO  toJava.JavaGeneratorFactory  - excluding code generation for non-included QName:{uri:iso.org:21090}IVL.Width_INT
OUT>      [java] [Thread-2] INFO  toJava.JavaGeneratorFactory  - excluding code generation for non-included QName:{gme://caCORE.caCORE/3.2/gov.nih.nci.cacoresdk.domain.onetomany.unidirectional}LatchKey
OUT>      [java] [Thread-2] INFO  toJava.JavaGeneratorFactory  - excluding code generation for non-included QName:{uri:iso.org:21090}PIVL_TS
OUT>      [java] [Thread-2] INFO  toJava.JavaGeneratorFactory  - excluding code generation for non-included QName:{gme://caCORE.caCORE/3.2/gov.nih.nci.cacoresdk.domain.inheritance.multiplechild}UndergraduateStudent
OUT>      [java] [Thread-2] INFO  toJava.JavaGeneratorFactory  - excluding code generation for non-included QName:{uri:iso.org:21090}NPPD_SC.NT
OUT>      [java] [Thread-2] INFO  toJava.JavaGeneratorFactory  - excluding code generation for non-included QName:{uri:iso.org:21090}QSU_CO
OUT>      [java] [Thread-2] INFO  toJava.JavaGeneratorFactory  - excluding code generation for non-included QName:{uri:iso.org:21090}HIST_EN.ON
OUT>      [java] [Thread-2] INFO  toJava.JavaGeneratorFactory  - excluding code generation for non-included QName:{uri:iso.org:21090}COLL_INT.Positive
OUT>      [java] [Thread-2] INFO  toJava.JavaGeneratorFactory  - excluding code generation for non-included QName:{uri:iso.org:21090}UpdateMode
OUT>      [java] [Thread-2] INFO  toJava.JavaGeneratorFactory  - excluding code generation for non-included QName:{uri:iso.org:21090}DSET_TS
OUT>      [java] [Thread-2] INFO  toJava.JavaGeneratorFactory  - excluding code generation for non-included QName:{uri:iso.org:21090}BAG_TS.Date
OUT>      [java] [Thread-2] INFO  toJava.JavaGeneratorFactory  - excluding code generation for non-included QName:{uri:iso.org:21090}CO[0,unbounded]
OUT>      [java] [Thread-2] INFO  toJava.JavaGeneratorFactory  - excluding code generation for non-included QName:{uri:iso.org:21090}UVP_ED.Signature[0,unbounded]
OUT>      [java] [Thread-2] INFO  toJava.JavaGeneratorFactory  - excluding code generation for non-included QName:{uri:iso.org:21090}CDGroup[0,unbounded]
OUT>      [java] [Thread-2] INFO  toJava.JavaGeneratorFactory  - excluding code generation for non-included QName:{uri:iso.org:21090}QSD_TS.DateTime.Full
OUT>      [java] [Thread-2] INFO  toJava.JavaGeneratorFactory  - excluding code generation for non-included QName:{uri:iso.org:21090}UVP_AD
OUT>      [java] [Thread-2] INFO  toJava.JavaGeneratorFactory  - excluding code generation for non-included QName:{http://docs.oasis-open.org/wsn/2004/06/wsn-WS-BaseNotification-1.2-draft-01.xsd}NotificationMessageHolderType[,unbounded]
OUT>      [java] [Thread-2] INFO  toJava.JavaGeneratorFactory  - excluding code generation for non-included QName:{uri:iso.org:21090}DSET_MO
OUT>      [java] [Thread-2] INFO  toJava.JavaGeneratorFactory  - excluding code generation for non-included QName:{uri:iso.org:21090}DSET_EN.ON
OUT>      [java] [Thread-2] INFO  toJava.JavaGeneratorFactory  - excluding code generation for non-included QName:{uri:iso.org:21090}UVP_INT.Positive[0,unbounded]
OUT>      [java] [Thread-2] INFO  toJava.JavaGeneratorFactory  - excluding code generation for non-included QName:{uri:iso.org:21090}DSET_SC.NT
OUT>      [java] [Thread-2] INFO  toJava.JavaGeneratorFactory  - excluding code generation for non-included QName:{uri:iso.org:21090}IVL.Width_INT.NonNeg
OUT>      [java] [Thread-2] INFO  toJava.JavaGeneratorFactory  - excluding code generation for non-included QName:{uri:iso.org:21090}UVP_RTO[0,unbounded]
OUT>      [java] [Thread-2] INFO  toJava.JavaGeneratorFactory  - excluding code generation for non-included QName:{uri:iso.org:21090}>paragraph
OUT>      [java] [Thread-2] INFO  toJava.JavaGeneratorFactory  - excluding code generation for non-included QName:{uri:iso.org:21090}UVP_TEL[0,unbounded]
OUT>      [java] [Thread-2] INFO  toJava.JavaGeneratorFactory  - excluding code generation for non-included QName:{gme://caCORE.caCORE/3.2/gov.nih.nci.cacoresdk.domain.onetomany.unidirectional.withjoin}>Shirt>buttonCollection
OUT>      [java] [Thread-2] INFO  toJava.JavaGeneratorFactory  - excluding code generation for non-included QName:{http://docs.oasis-open.org/wsrf/2004/06/wsrf-WS-ResourceProperties-1.2-draft-01.xsd}SetResourcePropertyRequestFailedFaultType
OUT>      [java] [Thread-2] INFO  toJava.JavaGeneratorFactory  - excluding code generation for non-included QName:{uri:iso.org:21090}BAG_ED.Doc.Inline
OUT>      [java] [Thread-2] INFO  toJava.JavaGeneratorFactory  - excluding code generation for non-included QName:{uri:iso.org:21090}COLL_TS.Birth
OUT>      [java] [Thread-2] INFO  toJava.JavaGeneratorFactory  - excluding code generation for non-included QName:{gme://caCORE.caCORE/3.2/gov.nih.nci.cacoresdk.domain.onetoone.bidirectional}Product
OUT>      [java] [Thread-2] INFO  toJava.JavaGeneratorFactory  - excluding code generation for non-included QName:{uri:iso.org:21090}IVL.High_TS.Date.Full
OUT>      [java] [Thread-2] INFO  toJava.JavaGeneratorFactory  - excluding code generation for non-included QName:{uri:iso.org:21090}INT.NonNeg[0,0]
OUT>      [java] [Thread-2] INFO  toJava.JavaGeneratorFactory  - excluding code generation for non-included QName:{uri:iso.org:21090}DSET_EN.PN
OUT>      [java] [Thread-2] INFO  toJava.JavaGeneratorFactory  - excluding code generation for non-included QName:{uri:iso.org:21090}UVP_ST.NT[0,unbounded]
OUT>      [java] [Thread-2] INFO  toJava.JavaGeneratorFactory  - excluding code generation for non-included QName:{uri:iso.org:21090}SLIST_INT.Positive
OUT>      [java] [Thread-2] INFO  toJava.JavaGeneratorFactory  - excluding code generation for non-included QName:{gme://caCORE.caCORE/3.2/gov.nih.nci.cacoresdk.domain.inheritance.childwithassociation}Cash
OUT>      [java] [Thread-2] INFO  toJava.JavaGeneratorFactory  - excluding code generation for non-included QName:{uri:iso.org:21090}UVP_SC.NT
OUT>      [java] [Thread-2] INFO  toJava.JavaGeneratorFactory  - excluding code generation for non-included QName:{uri:iso.org:21090}NPPD_TS.DateTime.Full
OUT>      [java] [Thread-2] INFO  toJava.JavaGeneratorFactory  - excluding code generation for non-included QName:{uri:iso.org:21090}ADXP[0,unbounded]
OUT>      [java] [Thread-2] INFO  toJava.JavaGeneratorFactory  - excluding code generation for non-included QName:{gme://caCORE.caCORE/3.2/gov.nih.nci.cacoresdk.domain.inheritance.parentwithassociation.sametable}HardTopType
OUT>      [java] [Thread-2] INFO  toJava.JavaGeneratorFactory  - excluding code generation for non-included QName:{uri:iso.org:21090}DSET_TEL.Email
OUT>      [java] [Thread-2] INFO  toJava.JavaGeneratorFactory  - excluding code generation for non-included QName:{uri:iso.org:21090}BAG_PQ.Time
OUT>      [java] [Thread-2] INFO  toJava.JavaGeneratorFactory  - excluding code generation for non-included QName:{uri:iso.org:21090}GLIST_REAL
OUT>      [java] [Thread-2] INFO  toJava.JavaGeneratorFactory  - excluding code generation for non-included QName:{uri:iso.org:21090}SLIST_CO
OUT>      [java] [Thread-2] INFO  toJava.JavaGeneratorFactory  - excluding code generation for non-included QName:{uri:iso.org:21090}UVP_AD[0,unbounded]
OUT>      [java] [Thread-2] INFO  toJava.JavaGeneratorFactory  - excluding code generation for non-included QName:{uri:iso.org:21090}BAG_INT.NonNeg
OUT>      [java] [Thread-2] INFO  toJava.JavaGeneratorFactory  - excluding code generation for non-included QName:{uri:iso.org:21090}HIST_MO
OUT>      [java] [Thread-2] INFO  toJava.JavaGeneratorFactory  - excluding code generation for non-included QName:{uri:iso.org:21090}>>thead>align
OUT>      [java] [Thread-2] INFO  toJava.JavaGeneratorFactory  - excluding code generation for non-included QName:{http://CQL.caBIG/2/org.cagrid.cql2}NamedAssociation[0,unbounded]
OUT>      [java] [Thread-2] INFO  toJava.JavaGeneratorFactory  - excluding code generation for non-included QName:{uri:iso.org:21090}DSET_ED.Signature
OUT>      [java] [Thread-2] INFO  toJava.JavaGeneratorFactory  - excluding code generation for non-included QName:{uri:iso.org:21090}ENXP
OUT>      [java] [Thread-2] INFO  toJava.JavaGeneratorFactory  - excluding code generation for non-included QName:{gme://caCORE.caCORE/3.2/gov.nih.nci.cacoresdk.domain.inheritance.twolevelinheritance}Display
OUT>      [java] [Thread-2] INFO  toJava.JavaGeneratorFactory  - excluding code generation for non-included QName:{uri:iso.org:21090}>>tfoot>valign
OUT>      [java] [Thread-2] INFO  toJava.JavaGeneratorFactory  - excluding code generation for non-included QName:{uri:iso.org:21090}QSET_CO[0,unbounded]
OUT>      [java] [Thread-2] INFO  toJava.JavaGeneratorFactory  - excluding code generation for non-included QName:{uri:iso.org:21090}>>col>valign
OUT>      [java] [Thread-2] INFO  toJava.JavaGeneratorFactory  - excluding code generation for non-included QName:{uri:iso.org:21090}BAG_CD.CE
OUT>      [java] [Thread-2] INFO  toJava.JavaGeneratorFactory  - excluding code generation for non-included QName:{uri:iso.org:21090}NPPD_AD
OUT>      [java] [Thread-2] INFO  toJava.JavaGeneratorFactory  - excluding code generation for non-included QName:{gme://caCORE.caCORE/3.2/gov.nih.nci.cacoresdk.domain.inheritance.twolevelinheritance.sametablerootlevel}GraphicCalculator
OUT>      [java] [Thread-2] INFO  toJava.JavaGeneratorFactory  - excluding code generation for non-included QName:{uri:iso.org:21090}>>thead>valign
OUT>      [java] [Thread-2] INFO  toJava.JavaGeneratorFactory  - excluding code generation for non-included QName:{gme://caCORE.caCORE/3.2/gov.nih.nci.cacoresdk.domain.inheritance.twolevelinheritance.sametablerootlevel}Calculator
OUT>      [java] [Thread-2] INFO  toJava.JavaGeneratorFactory  - excluding code generation for non-included QName:{uri:iso.org:21090}GLIST_TS.DateTime
OUT>      [java] [Thread-2] INFO  toJava.JavaGeneratorFactory  - excluding code generation for non-included QName:{gme://caCORE.caCORE/3.2/gov.nih.nci.cacoresdk.domain.other.datatype}EnPnDataType
OUT>      [java] [Thread-2] INFO  toJava.JavaGeneratorFactory  - excluding code generation for non-included QName:{uri:iso.org:21090}BAG_BL.NonNull
OUT>      [java] [Thread-2] INFO  toJava.JavaGeneratorFactory  - excluding code generation for non-included QName:{uri:iso.org:21090}IVL.High_REAL
OUT>      [java] [Thread-2] INFO  toJava.JavaGeneratorFactory  - excluding code generation for non-included QName:{uri:iso.org:21090}DSET_PQ
OUT>      [java] [Thread-2] INFO  toJava.JavaGeneratorFactory  - excluding code generation for non-included QName:{uri:iso.org:21090}UVP_TEL.Phone[0,unbounded]
OUT>      [java] [Thread-2] INFO  toJava.JavaGeneratorFactory  - excluding code generation for non-included QName:{gme://caGrid.caBIG/1.0/gov.nih.nci.cagrid.metadata.security}>ServiceSecurityMetadata>operations
OUT>      [java] [Thread-2] INFO  toJava.JavaGeneratorFactory  - excluding code generation for non-included QName:{http://docs.oasis-open.org/wsrf/2004/06/wsrf-WS-ResourceProperties-1.2-draft-01.xsd}>SetResourcePropertiesResponse
OUT>      [java] [Thread-2] INFO  toJava.JavaGeneratorFactory  - excluding code generation for non-included QName:{uri:iso.org:21090}>>content>revised
OUT>      [java] [Thread-2] INFO  toJava.JavaGeneratorFactory  - excluding code generation for non-included QName:{uri:iso.org:21090}TS.DateTime.Full
OUT>      [java] [Thread-2] INFO  toJava.JavaGeneratorFactory  - excluding code generation for non-included QName:{http://docs.oasis-open.org/wsrf/2004/06/wsrf-WS-ResourceProperties-1.2-draft-01.xsd}UnableToModifyResourcePropertyFaultType
OUT>      [java] [Thread-2] INFO  toJava.JavaGeneratorFactory  - excluding code generation for non-included QName:{uri:iso.org:21090}set_EntityNameUse
OUT>      [java] [Thread-2] INFO  toJava.JavaGeneratorFactory  - excluding code generation for non-included QName:{uri:iso.org:21090}NPPD_BL
OUT>      [java] [Thread-2] INFO  toJava.JavaGeneratorFactory  - excluding code generation for non-included QName:{gme://caCORE.caCORE/3.2/gov.nih.nci.cacoresdk.domain.inheritance.childwithassociation}Credit
OUT>      [java] [Thread-2] INFO  toJava.JavaGeneratorFactory  - excluding code generation for non-included QName:{uri:iso.org:21090}IVL.High_TS.DateTime
OUT>      [java] [Thread-2] INFO  toJava.JavaGeneratorFactory  - excluding code generation for non-included QName:{uri:iso.org:21090}BAG_MO
OUT>      [java] [Thread-2] INFO  toJava.JavaGeneratorFactory  - excluding code generation for non-included QName:{http://docs.oasis-open.org/wsn/2004/06/wsn-WS-BaseNotification-1.2-draft-01.xsd}ResourceUnknownFaultType
OUT>      [java] [Thread-2] INFO  toJava.JavaGeneratorFactory  - excluding code generation for non-included QName:{uri:iso.org:21090}DSET_INT.NonNeg
OUT>      [java] [Thread-2] INFO  toJava.JavaGeneratorFactory  - excluding code generation for non-included QName:{gme://caCORE.caCORE/3.2/gov.nih.nci.cacoresdk.domain.other.primarykey}FloatKey
OUT>      [java] [Thread-2] INFO  toJava.JavaGeneratorFactory  - excluding code generation for non-included QName:{gme://caCORE.caCORE/3.2/gov.nih.nci.cacoresdk.domain.inheritance.twolevelinheritance}LCDMonitor
OUT>      [java] [Thread-2] INFO  toJava.JavaGeneratorFactory  - excluding code generation for non-included QName:{uri:iso.org:21090}COLL_ED.Doc.Ref
OUT>      [java] [Thread-2] INFO  toJava.JavaGeneratorFactory  - excluding code generation for non-included QName:{uri:iso.org:21090}QSET_TS.DateTime
OUT>      [java] [Thread-2] INFO  toJava.JavaGeneratorFactory  - excluding code generation for non-included QName:{uri:iso.org:21090}IVL.Low_REAL
OUT>      [java] [Thread-2] INFO  toJava.JavaGeneratorFactory  - excluding code generation for non-included QName:{uri:iso.org:21090}NPPD_ED.Signature
OUT>      [java] [Thread-2] INFO  toJava.JavaGeneratorFactory  - excluding code generation for non-included QName:{uri:iso.org:21090}TEL.Phone
OUT>      [java] [Thread-2] INFO  toJava.JavaGeneratorFactory  - excluding code generation for non-included QName:{uri:iso.org:21090}UVP_TS.DateTime[0,unbounded]
OUT>      [java] [Thread-2] INFO  toJava.JavaGeneratorFactory  - excluding code generation for non-included QName:{uri:iso.org:21090}LIST_INT
OUT>      [java] [Thread-2] INFO  toJava.JavaGeneratorFactory  - excluding code generation for non-included QName:{uri:iso.org:21090}HIST_TS.Birth
OUT>      [java] [Thread-2] INFO  toJava.JavaGeneratorFactory  - excluding code generation for non-included QName:{uri:iso.org:21090}GLIST_TS
OUT>      [java] [Thread-2] INFO  toJava.JavaGeneratorFactory  - excluding code generation for non-included QName:{gme://caCORE.caCORE/3.2/gov.nih.nci.cacoresdk.domain.other.datatype}AdDataType
OUT>      [java] [Thread-2] INFO  toJava.JavaGeneratorFactory  - excluding code generation for non-included QName:{uri:iso.org:21090}URL
OUT>      [java] [Thread-2] INFO  toJava.JavaGeneratorFactory  - excluding code generation for non-included QName:{uri:iso.org:21090}CalendarCycle
OUT>      [java] [Thread-2] INFO  toJava.JavaGeneratorFactory  - excluding code generation for non-included QName:{gme://caGrid.caBIG/1.0/gov.nih.nci.cagrid.metadata.common}Address
OUT>      [java] [Thread-2] INFO  toJava.JavaGeneratorFactory  - excluding code generation for non-included QName:{uri:iso.org:21090}COLL_TS.Date
OUT>      [java] [Thread-2] INFO  toJava.JavaGeneratorFactory  - excluding code generation for non-included QName:{gme://caCORE.caCORE/3.2/gov.nih.nci.cacoresdk.domain.other.primarykey}FloatPrimitiveKey
OUT>      [java] [Thread-2] INFO  toJava.JavaGeneratorFactory  - excluding code generation for non-included QName:{uri:iso.org:21090}PQR
OUT>      [java] [Thread-2] INFO  toJava.JavaGeneratorFactory  - excluding code generation for non-included QName:{uri:iso.org:21090}DSET_TEL.Url
OUT>      [java] [Thread-2] INFO  toJava.JavaGeneratorFactory  - excluding code generation for non-included QName:{uri:iso.org:21090}QSET_TS.Birth[0,unbounded]
OUT>      [java] [Thread-2] INFO  toJava.JavaGeneratorFactory  - excluding code generation for non-included QName:{uri:iso.org:21090}UVP_INT.NonNeg
OUT>      [java] [Thread-2] INFO  toJava.JavaGeneratorFactory  - excluding code generation for non-included QName:{http://schemas.xmlsoap.org/ws/2004/03/addressing}ServiceNameType
OUT>      [java] [Thread-2] INFO  toJava.JavaGeneratorFactory  - excluding code generation for non-included QName:{http://CQL.caBIG/2/org.cagrid.cql2}NamedAttribute
OUT>      [java] [Thread-2] INFO  toJava.JavaGeneratorFactory  - excluding code generation for non-included QName:{uri:iso.org:21090}REAL[0,0]
OUT>      [java] [Thread-2] INFO  toJava.JavaGeneratorFactory  - excluding code generation for non-included QName:{uri:iso.org:21090}>thead
OUT>      [java] [Thread-2] INFO  toJava.JavaGeneratorFactory  - excluding code generation for non-included QName:{http://docs.oasis-open.org/wsrf/2004/06/wsrf-WS-ResourceProperties-1.2-draft-01.xsd}>GetResourcePropertyResponse
OUT>      [java] [Thread-2] INFO  toJava.JavaGeneratorFactory  - excluding code generation for non-included QName:{uri:iso.org:21090}NPPD_BL.NonNull
OUT>      [java] [Thread-2] INFO  toJava.JavaGeneratorFactory  - excluding code generation for non-included QName:{uri:iso.org:21090}DSET_TS.Birth
OUT>      [java] [Thread-2] INFO  toJava.JavaGeneratorFactory  - excluding code generation for non-included QName:{uri:iso.org:21090}IVL_INT.Positive
OUT>      [java] [Thread-2] INFO  toJava.JavaGeneratorFactory  - excluding code generation for non-included QName:{gme://caCORE.caCORE/3.2/gov.nih.nci.cacoresdk.domain.other.datatype}EdTextDataType
OUT>      [java] [Thread-2] INFO  toJava.JavaGeneratorFactory  - excluding code generation for non-included QName:{gme://caCORE.caCORE/3.2/gov.nih.nci.cacoresdk.domain.other.datatype}StNtDataType
OUT>      [java] [Thread-2] INFO  toJava.JavaGeneratorFactory  - excluding code generation for non-included QName:{uri:iso.org:21090}DSET_TS.Date.Full
OUT>      [java] [Thread-2] INFO  toJava.JavaGeneratorFactory  - excluding code generation for non-included QName:{http://docs.oasis-open.org/wsrf/2004/06/wsrf-WS-ResourceProperties-1.2-draft-01.xsd}UnknownQueryExpressionDialectFaultType
OUT>      [java] [Thread-2] INFO  toJava.JavaGeneratorFactory  - excluding code generation for non-included QName:{gme://caCORE.caCORE/3.2/gov.nih.nci.cacoresdk.domain.inheritance.parentwithassociation.sametable}SoftTop
OUT>      [java] [Thread-2] INFO  toJava.JavaGeneratorFactory  - excluding code generation for non-included QName:{gme://caCORE.caCORE/3.2/gov.nih.nci.cacoresdk.domain.inheritance.abstrakt}PrivateTeacher
OUT>      [java] [Thread-2] INFO  toJava.JavaGeneratorFactory  - excluding code generation for non-included QName:{uri:iso.org:21090}QSS_CO
OUT>      [java] [Thread-2] INFO  toJava.JavaGeneratorFactory  - excluding code generation for non-included QName:{uri:iso.org:21090}COLL_EN.TN
OUT>      [java] [Thread-2] INFO  toJava.JavaGeneratorFactory  - excluding code generation for non-included QName:{uri:iso.org:21090}EIVL_TS.Birth
OUT>      [java] [Thread-2] INFO  toJava.JavaGeneratorFactory  - excluding code generation for non-included QName:{uri:iso.org:21090}ST.NT[0,unbounded]
OUT>      [java] [Thread-2] INFO  toJava.JavaGeneratorFactory  - excluding code generation for non-included QName:{gme://caCORE.caCORE/3.2/gov.nih.nci.cacoresdk.domain.other.datatype}DsetCdDataType
OUT>      [java] [Thread-2] INFO  toJava.JavaGeneratorFactory  - excluding code generation for non-included QName:{uri:iso.org:21090}UVP_TEL
OUT>      [java] [Thread-2] INFO  toJava.JavaGeneratorFactory  - excluding code generation for non-included QName:{uri:iso.org:21090}HIST_TS.DateTime.Full
OUT>      [java] [Thread-2] INFO  toJava.JavaGeneratorFactory  - excluding code generation for non-included QName:{uri:iso.org:21090}BAG_II
OUT>      [java] [Thread-2] INFO  toJava.JavaGeneratorFactory  - excluding code generation for non-included QName:{uri:iso.org:21090}HIST_AD
OUT>      [java] [Thread-2] INFO  toJava.JavaGeneratorFactory  - excluding code generation for non-included QName:{gme://caCORE.caCORE/3.2/gov.nih.nci.cacoresdk.domain.onetoone.multipleassociation.withjoin}Bride
OUT>      [java] [Thread-2] INFO  toJava.JavaGeneratorFactory  - excluding code generation for non-included QName:{uri:iso.org:21090}UVP_MO[0,unbounded]
OUT>      [java] [Thread-2] INFO  toJava.JavaGeneratorFactory  - excluding code generation for non-included QName:{uri:iso.org:21090}UVP_II
OUT>      [java] [Thread-2] INFO  toJava.JavaGeneratorFactory  - excluding code generation for non-included QName:{uri:iso.org:21090}INT.NonNeg
OUT>      [java] [Thread-2] INFO  toJava.JavaGeneratorFactory  - excluding code generation for non-included QName:{uri:iso.org:21090}IVL.Width_PQ.Time
OUT>      [java] [Thread-2] INFO  toJava.JavaGeneratorFactory  - excluding code generation for non-included QName:{uri:iso.org:21090}BL[0,unbounded]
OUT>      [java] [Thread-2] INFO  toJava.JavaGeneratorFactory  - excluding code generation for non-included QName:{gme://caGrid.caBIG/1.0/gov.nih.nci.cagrid.metadata.common}UMLAttribute
OUT>      [java] [Thread-2] INFO  toJava.JavaGeneratorFactory  - excluding code generation for non-included QName:{uri:iso.org:21090}LIST_INT.Positive
OUT>      [java] [Thread-2] INFO  toJava.JavaGeneratorFactory  - excluding code generation for non-included QName:{uri:iso.org:21090}BAG_ED.Doc
OUT>      [java] [Thread-2] INFO  toJava.JavaGeneratorFactory  - excluding code generation for non-included QName:{http://org.cagrid.dataservice.cql/QueryLanguageSupport}Cql2SupportType
OUT>      [java] [Thread-2] INFO  toJava.JavaGeneratorFactory  - excluding code generation for non-included QName:{http://docs.oasis-open.org/wsrf/2004/06/wsrf-WS-BaseFaults-1.2-draft-01.xsd}>BaseFaultType>Description[0,unbounded]
OUT>      [java] [Thread-2] INFO  toJava.JavaGeneratorFactory  - excluding code generation for non-included QName:{http://docs.oasis-open.org/wsrf/2004/06/wsrf-WS-ResourceProperties-1.2-draft-01.xsd}>QueryResourceProperties
OUT>      [java] [Thread-2] INFO  toJava.JavaGeneratorFactory  - excluding code generation for non-included QName:{gme://caCORE.caCORE/3.2/gov.nih.nci.cacoresdk.domain.other.primarykey}NoIdKey
OUT>      [java] [Thread-2] INFO  toJava.JavaGeneratorFactory  - excluding code generation for non-included QName:{uri:iso.org:21090}UVP_ED.Doc[0,unbounded]
OUT>      [java] [Thread-2] INFO  toJava.JavaGeneratorFactory  - excluding code generation for non-included QName:{http://docs.oasis-open.org/wsrf/2004/06/wsrf-WS-ResourceLifetime-1.2-draft-01.xsd}>TerminationNotification
OUT>      [java] [Thread-2] INFO  toJava.JavaGeneratorFactory  - excluding code generation for non-included QName:{http://schemas.xmlsoap.org/ws/2004/03/addressing}ReferencePropertiesType
OUT>      [java] [Thread-2] INFO  toJava.JavaGeneratorFactory  - excluding code generation for non-included QName:{uri:iso.org:21090}UVP_CD[0,unbounded]
OUT>      [java] [Thread-2] INFO  toJava.JavaGeneratorFactory  - excluding code generation for non-included QName:{gme://caCORE.caCORE/3.2/gov.nih.nci.cacoresdk.domain.onetoone.unidirectional.withjoin}Bag
OUT>      [java] [Thread-2] INFO  toJava.JavaGeneratorFactory  - excluding code generation for non-included QName:{uri:iso.org:21090}COLL_ST.NT
OUT>      [java] [Thread-2] INFO  toJava.JavaGeneratorFactory  - excluding code generation for non-included QName:{http://docs.oasis-open.org/wsn/2004/06/wsn-WS-BaseNotification-1.2-draft-01.xsd}ResumeFailedFaultType
OUT>      [java] [Thread-2] INFO  toJava.JavaGeneratorFactory  - excluding code generation for non-included QName:{uri:iso.org:21090}AddressPartType
OUT>      [java] [Thread-2] INFO  toJava.JavaGeneratorFactory  - excluding code generation for non-included QName:{uri:iso.org:21090}QSS_TS.DateTime
OUT>      [java] [Thread-2] INFO  toJava.JavaGeneratorFactory  - excluding code generation for non-included QName:{uri:iso.org:21090}QSET_REAL[0,unbounded]
OUT>      [java] [Thread-2] INFO  toJava.JavaGeneratorFactory  - excluding code generation for non-included QName:{uri:iso.org:21090}UVP_TS.DateTime.Full[0,unbounded]
OUT>      [java] [Thread-2] INFO  toJava.JavaGeneratorFactory  - excluding code generation for non-included QName:{uri:iso.org:21090}HIST_BL
OUT>      [java] [Thread-2] INFO  toJava.JavaGeneratorFactory  - excluding code generation for non-included QName:{uri:iso.org:21090}RTO
OUT>      [java] [Thread-2] INFO  toJava.JavaGeneratorFactory  - excluding code generation for non-included QName:{gme://caCORE.caCORE/3.2/gov.nih.nci.cacoresdk.domain.other.datatype}AllDataType
OUT>      [java] [Thread-2] INFO  toJava.JavaGeneratorFactory  - excluding code generation for non-included QName:{uri:iso.org:21090}HIST_CD
OUT>      [java] [Thread-2] INFO  toJava.JavaGeneratorFactory  - excluding code generation for non-included QName:{gme://caCORE.caCORE/3.2/gov.nih.nci.cacoresdk.domain.inheritance.multiplechild.sametable}Organization
OUT>      [java] [Thread-2] INFO  toJava.JavaGeneratorFactory  - excluding code generation for non-included QName:{uri:iso.org:21090}COLL_CD.CV
OUT>      [java] [Thread-2] INFO  toJava.JavaGeneratorFactory  - excluding code generation for non-included QName:{uri:iso.org:21090}UVP_EN.PN
OUT>      [java] [Thread-2] INFO  toJava.JavaGeneratorFactory  - excluding code generation for non-included QName:{uri:iso.org:21090}BAG_CO
OUT>      [java] [Thread-2] INFO  toJava.JavaGeneratorFactory  - excluding code generation for non-included QName:{uri:iso.org:21090}BAG_TEL.Url
OUT>      [java] [Thread-2] INFO  toJava.JavaGeneratorFactory  - excluding code generation for non-included QName:{gme://caCORE.caCORE/3.2/gov.nih.nci.cacoresdk.domain.inheritance.implicit}>TankAccessory>tankCollection
OUT>      [java] [Thread-2] INFO  toJava.JavaGeneratorFactory  - excluding code generation for non-included QName:{uri:iso.org:21090}IVL.Width_TS.Birth
OUT>      [java] [Thread-2] INFO  toJava.JavaGeneratorFactory  - excluding code generation for non-included QName:{uri:iso.org:21090}PQ.Time[0,unbounded]
OUT>      [java] [Thread-2] INFO  toJava.JavaGeneratorFactory  - excluding code generation for non-included QName:{uri:iso.org:21090}DSET_ED.Doc.Ref
OUT>      [java] [Thread-2] INFO  toJava.JavaGeneratorFactory  - excluding code generation for non-included QName:{uri:iso.org:21090}DSET_BL.NonNull
OUT>      [java] [Thread-2] INFO  toJava.JavaGeneratorFactory  - excluding code generation for non-included QName:{uri:iso.org:21090}GLIST_PQ
OUT>      [java] [Thread-2] INFO  toJava.JavaGeneratorFactory  - excluding code generation for non-included QName:{uri:iso.org:21090}BAG_CS
OUT>      [java] [Thread-2] INFO  toJava.JavaGeneratorFactory  - excluding code generation for non-included QName:{gme://caCORE.caCORE/3.2/gov.nih.nci.cacoresdk.domain.inheritance.parentwithassociation}Professor
OUT>      [java] [Thread-2] INFO  toJava.JavaGeneratorFactory  - excluding code generation for non-included QName:{uri:iso.org:21090}UVP_ED.Narrative
OUT>      [java] [Thread-2] INFO  toJava.JavaGeneratorFactory  - excluding code generation for non-included QName:{uri:iso.org:21090}HIST_CO
OUT>      [java] [Thread-2] INFO  toJava.JavaGeneratorFactory  - excluding code generation for non-included QName:{uri:iso.org:21090}BAG_CD
OUT>      [java] [Thread-2] INFO  toJava.JavaGeneratorFactory  - excluding code generation for non-included QName:{uri:iso.org:21090}HIST_CS
OUT>      [java] [Thread-2] INFO  toJava.JavaGeneratorFactory  - excluding code generation for non-included QName:{uri:iso.org:21090}BAG_TEL.Person
OUT>      [java] [Thread-2] INFO  toJava.JavaGeneratorFactory  - excluding code generation for non-included QName:{uri:iso.org:21090}COLL_EN.ON
OUT>      [java] [Thread-2] INFO  toJava.JavaGeneratorFactory  - excluding code generation for non-included QName:{gme://caCORE.caCORE/3.2/gov.nih.nci.cacoresdk.domain.other.differentpackage.associations}>Utensil>dessertCollection
OUT>      [java] [Thread-2] INFO  toJava.JavaGeneratorFactory  - excluding code generation for non-included QName:{http://docs.oasis-open.org/wsrf/2004/06/wsrf-WS-BaseFaults-1.2-draft-01.xsd}BaseFaultType
OUT>      [java] [Thread-2] INFO  toJava.JavaGeneratorFactory  - excluding code generation for non-included QName:{uri:iso.org:21090}DSET_CD.CE
OUT>      [java] [Thread-2] INFO  toJava.JavaGeneratorFactory  - excluding code generation for non-included QName:{http://docs.oasis-open.org/wsrf/2004/06/wsrf-WS-ResourceProperties-1.2-draft-01.xsd}>QueryResourcePropertiesResponse
OUT>      [java] [Thread-2] INFO  toJava.JavaGeneratorFactory  - excluding code generation for non-included QName:{uri:iso.org:21090}IVL.Low_TS.Date.Full
OUT>      [java] [Thread-2] INFO  toJava.JavaGeneratorFactory  - excluding code generation for non-included QName:{uri:iso.org:21090}UVP_INT.NonNeg[0,unbounded]
OUT>      [java] [Thread-2] INFO  toJava.JavaGeneratorFactory  - excluding code generation for non-included QName:{uri:iso.org:21090}HIST_TS.Date
OUT>      [java] [Thread-2] INFO  toJava.JavaGeneratorFactory  - excluding code generation for non-included QName:{uri:iso.org:21090}PQ[0,0]
OUT>      [java] [Thread-2] INFO  toJava.JavaGeneratorFactory  - excluding code generation for non-included QName:{uri:iso.org:21090}BAG_BL
OUT>      [java] [Thread-2] INFO  toJava.JavaGeneratorFactory  - excluding code generation for non-included QName:{http://docs.oasis-open.org/wsn/2004/06/wsn-WS-BaseNotification-1.2-draft-01.xsd}>Subscribe
OUT>      [java] [Thread-2] INFO  toJava.JavaGeneratorFactory  - excluding code generation for non-included QName:{gme://caGrid.caBIG/1.0/gov.nih.nci.cagrid.metadata.security}GSISecureMessage
OUT>      [java] [Thread-2] INFO  toJava.JavaGeneratorFactory  - excluding code generation for non-included QName:{uri:iso.org:21090}UVP_EN.ON
OUT>      [java] [Thread-2] INFO  toJava.JavaGeneratorFactory  - excluding code generation for non-included QName:{uri:iso.org:21090}DSET_CD.CV
OUT>      [java] [Thread-2] INFO  toJava.JavaGeneratorFactory  - excluding code generation for non-included QName:{uri:iso.org:21090}BAG_SC.NT
OUT>      [java] [Thread-2] INFO  toJava.JavaGeneratorFactory  - excluding code generation for non-included QName:{uri:iso.org:21090}COLL_EN.PN
OUT>      [java] [Thread-2] INFO  toJava.JavaGeneratorFactory  - excluding code generation for non-included QName:{uri:iso.org:21090}UVP_CD.CE.None[0,unbounded]
OUT>      [java] [Thread-2] INFO  toJava.JavaGeneratorFactory  - excluding code generation for non-included QName:{gme://caCORE.caCORE/3.2/gov.nih.nci.cacoresdk.domain.manytomany.bidirectional}>Employee>projectCollection
OUT>      [java] [Thread-2] INFO  toJava.JavaGeneratorFactory  - excluding code generation for non-included QName:{uri:iso.org:21090}LIST_ED.Signature
OUT>      [java] [Thread-2] INFO  toJava.JavaGeneratorFactory  - excluding code generation for non-included QName:{uri:iso.org:21090}HIST_ED
OUT>      [java] [Thread-2] INFO  toJava.JavaGeneratorFactory  - excluding code generation for non-included QName:{uri:iso.org:21090}QTY[0,0]
OUT>      [java] [Thread-2] INFO  toJava.JavaGeneratorFactory  - excluding code generation for non-included QName:{uri:iso.org:21090}PQ[0,unbounded]
OUT>      [java] [Thread-2] INFO  toJava.JavaGeneratorFactory  - excluding code generation for non-included QName:{uri:iso.org:21090}>>tr>align
OUT>      [java] [Thread-2] INFO  toJava.JavaGeneratorFactory  - excluding code generation for non-included QName:{uri:iso.org:21090}GLIST_INT.NonNeg
OUT>      [java] [Thread-2] INFO  toJava.JavaGeneratorFactory  - excluding code generation for non-included QName:{uri:iso.org:21090}DSET_REAL
OUT>      [java] [Thread-2] INFO  toJava.JavaGeneratorFactory  - excluding code generation for non-included QName:{uri:iso.org:21090}PIVL_TS.Date
OUT>      [java] [Thread-2] INFO  toJava.JavaGeneratorFactory  - excluding code generation for non-included QName:{uri:iso.org:21090}BAG_EN
OUT>      [java] [Thread-2] INFO  toJava.JavaGeneratorFactory  - excluding code generation for non-included QName:{uri:iso.org:21090}BAG_ED.Signature
OUT>      [java] [Thread-2] INFO  toJava.JavaGeneratorFactory  - excluding code generation for non-included QName:{uri:iso.org:21090}LIST_ED.Text
OUT>      [java] [Thread-2] INFO  toJava.JavaGeneratorFactory  - excluding code generation for non-included QName:{gme://caGrid.caBIG/1.0/gov.nih.nci.cagrid.metadata.service}ServiceContext
OUT>      [java] [Thread-2] INFO  toJava.JavaGeneratorFactory  - excluding code generation for non-included QName:{uri:iso.org:21090}COLL_BL.NonNull
OUT>      [java] [Thread-2] INFO  toJava.JavaGeneratorFactory  - excluding code generation for non-included QName:{uri:iso.org:21090}HIST_INT.Positive
OUT>      [java] [Thread-2] INFO  toJava.JavaGeneratorFactory  - excluding code generation for non-included QName:{uri:iso.org:21090}UVP_EN
OUT>      [java] [Thread-2] INFO  toJava.JavaGeneratorFactory  - excluding code generation for non-included QName:{uri:iso.org:21090}HIST_EN
OUT>      [java] [Thread-2] INFO  toJava.JavaGeneratorFactory  - excluding code generation for non-included QName:{uri:iso.org:21090}BAG_ED
OUT>      [java] [Thread-2] INFO  toJava.JavaGeneratorFactory  - excluding code generation for non-included QName:{uri:iso.org:21090}COLL_INT
OUT>      [java] [Thread-2] INFO  toJava.JavaGeneratorFactory  - excluding code generation for non-included QName:{gme://caCORE.caCORE/3.2/gov.nih.nci.cacoresdk.domain.other.primarykey}DoubleKey
OUT>      [java] [Thread-2] INFO  toJava.JavaGeneratorFactory  - excluding code generation for non-included QName:{gme://caGrid.caBIG/1.0/gov.nih.nci.cagrid.metadata.security}None
OUT>      [java] [Thread-2] INFO  toJava.JavaGeneratorFactory  - excluding code generation for non-included QName:{uri:iso.org:21090}BAG_REAL
OUT>      [java] [Thread-2] INFO  toJava.JavaGeneratorFactory  - excluding code generation for non-included QName:{uri:iso.org:21090}IVL.Width_CO
OUT>      [java] [Thread-2] INFO  toJava.JavaGeneratorFactory  - excluding code generation for non-included QName:{gme://caCORE.caCORE/3.2/gov.nih.nci.cacoresdk.domain.inheritance.parentwithassociation}AssociateProfessor
OUT>      [java] [Thread-2] INFO  toJava.JavaGeneratorFactory  - excluding code generation for non-included QName:{uri:iso.org:21090}>>colgroup>align
OUT>      [java] [Thread-2] INFO  toJava.JavaGeneratorFactory  - excluding code generation for non-included QName:{gme://caCORE.caCORE/3.2/gov.nih.nci.cacoresdk.domain.inheritance.onechild}Human
OUT>      [java] [Thread-2] INFO  toJava.JavaGeneratorFactory  - excluding code generation for non-included QName:{gme://caGrid.caBIG/1.0/gov.nih.nci.cagrid.metadata.service}>ServiceContext>contextPropertyCollection
OUT>      [java] [Thread-2] INFO  toJava.JavaGeneratorFactory  - excluding code generation for non-included QName:{uri:iso.org:21090}UVP_ED
OUT>      [java] [Thread-2] INFO  toJava.JavaGeneratorFactory  - excluding code generation for non-included QName:{gme://caCORE.caCORE/3.2/gov.nih.nci.cacoresdk.domain.manytomany.unidirectional}>Book>authorCollection
OUT>      [java] [Thread-2] INFO  toJava.JavaGeneratorFactory  - excluding code generation for non-included QName:{gme://caCORE.caCORE/3.2/gov.nih.nci.cacoresdk.domain.other.primarykey}IntegerPrimitiveKey
OUT>      [java] [Thread-2] INFO  toJava.JavaGeneratorFactory  - excluding code generation for non-included QName:{uri:iso.org:21090}COLL_SC
OUT>      [java] [Thread-2] INFO  toJava.JavaGeneratorFactory  - excluding code generation for non-included QName:{http://docs.oasis-open.org/wsn/2004/06/wsn-WS-BaseNotification-1.2-draft-01.xsd}SubscribeCreationFailedFaultType
OUT>      [java] [Thread-2] INFO  toJava.JavaGeneratorFactory  - excluding code generation for non-included QName:{uri:iso.org:21090}INT[0,0]
OUT>      [java] [Thread-2] INFO  toJava.JavaGeneratorFactory  - excluding code generation for non-included QName:{uri:iso.org:21090}>>th>align
OUT>      [java] [Thread-2] INFO  toJava.JavaGeneratorFactory  - excluding code generation for non-included QName:{uri:iso.org:21090}UVP_SC
OUT>      [java] [Thread-2] INFO  toJava.JavaGeneratorFactory  - excluding code generation for non-included QName:{gme://caGrid.caBIG/1.0/gov.nih.nci.cagrid.metadata.service}Operation
OUT>      [java] [Thread-2] INFO  toJava.JavaGeneratorFactory  - excluding code generation for non-included QName:{uri:iso.org:21090}IVL.Low_INT
OUT>      [java] [Thread-2] INFO  toJava.JavaGeneratorFactory  - excluding code generation for non-included QName:{uri:iso.org:21090}NPPD_INT
OUT>      [java] [Thread-2] INFO  toJava.JavaGeneratorFactory  - excluding code generation for non-included QName:{uri:iso.org:21090}QSU_TS.Birth
OUT>      [java] [Thread-2] INFO  toJava.JavaGeneratorFactory  - excluding code generation for non-included QName:{uri:iso.org:21090}NPPD_REAL
OUT>      [java] [Thread-2] INFO  toJava.JavaGeneratorFactory  - excluding code generation for non-included QName:{uri:iso.org:21090}COLL_ED.Doc.Inline
OUT>      [java] [Thread-2] INFO  toJava.JavaGeneratorFactory  - excluding code generation for non-included QName:{uri:iso.org:21090}COLL_ST
OUT>      [java] [Thread-2] INFO  toJava.JavaGeneratorFactory  - excluding code generation for non-included QName:{uri:iso.org:21090}QSET_INT
OUT>      [java] [Thread-2] INFO  toJava.JavaGeneratorFactory  - excluding code generation for non-included QName:{gme://caGrid.caBIG/1.0/gov.nih.nci.cagrid.metadata.service}>Service>pointOfContactCollection
OUT>      [java] [Thread-2] INFO  toJava.JavaGeneratorFactory  - excluding code generation for non-included QName:{uri:iso.org:21090}TS.Date
OUT>      [java] [Thread-2] INFO  toJava.JavaGeneratorFactory  - excluding code generation for non-included QName:{uri:iso.org:21090}ED.Narrative
OUT>      [java] [Thread-2] INFO  toJava.JavaGeneratorFactory  - excluding code generation for non-included QName:{uri:iso.org:21090}UVP_ST
OUT>      [java] [Thread-2] INFO  toJava.JavaGeneratorFactory  - excluding code generation for non-included QName:{http://docs.oasis-open.org/wsn/2004/06/wsn-WS-BaseNotification-1.2-draft-01.xsd}InvalidTopicExpressionFaultType
OUT>      [java] [Thread-2] INFO  toJava.JavaGeneratorFactory  - excluding code generation for non-included QName:{uri:iso.org:21090}IVL_CO
OUT>      [java] [Thread-2] INFO  toJava.JavaGeneratorFactory  - excluding code generation for non-included QName:{uri:iso.org:21090}>content
OUT>      [java] [Thread-2] INFO  toJava.JavaGeneratorFactory  - excluding code generation for non-included QName:{uri:iso.org:21090}UVP_TEL.Person
OUT>      [java] [Thread-2] INFO  toJava.JavaGeneratorFactory  - excluding code generation for non-included QName:{http://docs.oasis-open.org/wsn/2004/06/wsn-WS-BaseNotification-1.2-draft-01.xsd}>SubscriptionManagerRP
OUT>      [java] [Thread-2] INFO  toJava.JavaGeneratorFactory  - excluding code generation for non-included QName:{gme://caGrid.caBIG/1.0/gov.nih.nci.cagrid.metadata.service}>Operation>faultCollection
OUT>      [java] [Thread-2] INFO  toJava.JavaGeneratorFactory  - excluding code generation for non-included QName:{gme://caCORE.caCORE/3.2/gov.nih.nci.cacoresdk.domain.manytoone.unidirectional}Restaurant
OUT>      [java] [Thread-2] INFO  toJava.JavaGeneratorFactory  - excluding code generation for non-included QName:{uri:iso.org:21090}IVL_INT.NonNeg
OUT>      [java] [Thread-2] INFO  toJava.JavaGeneratorFactory  - excluding code generation for non-included QName:{uri:iso.org:21090}UVP_TS
OUT>      [java] [Thread-2] INFO  toJava.JavaGeneratorFactory  - excluding code generation for non-included QName:{uri:iso.org:21090}COLL_SC.NT
OUT>      [java] [Thread-2] INFO  toJava.JavaGeneratorFactory  - excluding code generation for non-included QName:{uri:iso.org:21090}IVL.Low_RTO
OUT>      [java] [Thread-2] INFO  toJava.JavaGeneratorFactory  - excluding code generation for non-included QName:{uri:iso.org:21090}QSD_MO
OUT>      [java] [Thread-2] INFO  toJava.JavaGeneratorFactory  - excluding code generation for non-included QName:{http://CQL.caBIG/2/org.cagrid.cql2}NamedAssociationList
OUT>      [java] [Thread-2] INFO  toJava.JavaGeneratorFactory  - excluding code generation for non-included QName:{uri:iso.org:21090}COLL_TS
OUT>      [java] [Thread-2] INFO  toJava.JavaGeneratorFactory  - excluding code generation for non-included QName:{uri:iso.org:21090}EN.TN
OUT>      [java] [Thread-2] INFO  toJava.JavaGeneratorFactory  - excluding code generation for non-included QName:{uri:iso.org:21090}PIVL_TS.Birth
OUT>      [java] [Thread-2] INFO  toJava.JavaGeneratorFactory  - excluding code generation for non-included QName:{http://CQL.caBIG/2/org.cagrid.cql2}CQLAttribute
OUT>      [java] [Thread-2] INFO  toJava.JavaGeneratorFactory  - excluding code generation for non-included QName:{uri:iso.org:21090}Narrative
OUT>      [java] [Thread-2] INFO  toJava.JavaGeneratorFactory  - excluding code generation for non-included QName:{uri:iso.org:21090}QSU_TS
OUT>      [java] [Thread-2] INFO  toJava.JavaGeneratorFactory  - excluding code generation for non-included QName:{uri:iso.org:21090}QSU_INT.Positive
OUT>      [java] [Thread-2] INFO  toJava.JavaGeneratorFactory  - excluding code generation for non-included QName:{uri:iso.org:21090}HIST_TEL.Email
OUT>      [java] [Thread-2] INFO  toJava.JavaGeneratorFactory  - excluding code generation for non-included QName:{gme://caCORE.caCORE/3.2/gov.nih.nci.cacoresdk.domain.other.datatype}IiDataType
OUT>      [java] [Thread-2] INFO  toJava.JavaGeneratorFactory  - excluding code generation for non-included QName:{uri:iso.org:21090}QSP_PQ
OUT>      [java] [Thread-2] INFO  toJava.JavaGeneratorFactory  - excluding code generation for non-included QName:{uri:iso.org:21090}IVL.High_TS.DateTime.Full
OUT>      [java] [Thread-2] INFO  toJava.JavaGeneratorFactory  - excluding code generation for non-included QName:{uri:iso.org:21090}ED.Text
OUT>      [java] [Thread-2] INFO  toJava.JavaGeneratorFactory  - excluding code generation for non-included QName:{uri:iso.org:21090}TS.Date[0,unbounded]
OUT>      [java] [Thread-2] INFO  toJava.JavaGeneratorFactory  - excluding code generation for non-included QName:{uri:iso.org:21090}QSU_TS.Date.Full
OUT>      [java] [Thread-2] INFO  toJava.JavaGeneratorFactory  - excluding code generation for non-included QName:{uri:iso.org:21090}ST[0,0]
OUT>      [java] [Thread-2] INFO  toJava.JavaGeneratorFactory  - excluding code generation for non-included QName:{uri:iso.org:21090}NPPD_TS.Date.Full
OUT>      [java] [Thread-2] INFO  toJava.JavaGeneratorFactory  - excluding code generation for non-included QName:{gme://caCORE.caCORE/3.2/gov.nih.nci.cacoresdk.domain.other.differentpackage}Dessert
OUT>      [java] [Thread-2] INFO  toJava.JavaGeneratorFactory  - excluding code generation for non-included QName:{uri:iso.org:21090}QSD_PQ
OUT>      [java] [Thread-2] INFO  toJava.JavaGeneratorFactory  - excluding code generation for non-included QName:{uri:iso.org:21090}QSET_INT.NonNeg
OUT>      [java] [Thread-2] INFO  toJava.JavaGeneratorFactory  - excluding code generation for non-included QName:{gme://caCORE.caCORE/3.2/gov.nih.nci.cacoresdk.domain.inheritance.parentwithassociation.sametable}>Wheel>luggage
OUT>      [java] [Thread-2] INFO  toJava.JavaGeneratorFactory  - excluding code generation for non-included QName:{http://schemas.xmlsoap.org/ws/2004/03/addressing}EndpointReferenceType
OUT>      [java] [Thread-2] INFO  toJava.JavaGeneratorFactory  - excluding code generation for non-included QName:{uri:iso.org:21090}QSP_MO
OUT>      [java] [Thread-2] INFO  toJava.JavaGeneratorFactory  - excluding code generation for non-included QName:{uri:iso.org:21090}QSET_INT.Positive[0,unbounded]
OUT>      [java] [Thread-2] INFO  toJava.JavaGeneratorFactory  - excluding code generation for non-included QName:{uri:iso.org:21090}COLL_CD.CE
OUT>      [java] [Thread-2] INFO  toJava.JavaGeneratorFactory  - excluding code generation for non-included QName:{gme://caGrid.caBIG/1.0/gov.nih.nci.cagrid.metadata.common}>ResearchCenter>pointOfContactCollection
OUT>      [java] [Thread-2] INFO  toJava.JavaGeneratorFactory  - excluding code generation for non-included QName:{uri:iso.org:21090}DSET_TS.Date
OUT>      [java] [Thread-2] INFO  toJava.JavaGeneratorFactory  - excluding code generation for non-included QName:{uri:iso.org:21090}SLIST_TS.DateTime
OUT>      [java] [Thread-2] INFO  toJava.JavaGeneratorFactory  - excluding code generation for non-included QName:{uri:iso.org:21090}NPPD_MO
OUT>      [java] [Thread-2] INFO  toJava.JavaGeneratorFactory  - excluding code generation for non-included QName:{uri:iso.org:21090}IVL_TS.DateTime
OUT>      [java] [Thread-2] INFO  toJava.JavaGeneratorFactory  - excluding code generation for non-included QName:{uri:iso.org:21090}QSS_TS.Date
OUT>      [java] [Thread-2] INFO  toJava.JavaGeneratorFactory  - excluding code generation for non-included QName:{uri:iso.org:21090}NPPD_CD.CE
OUT>      [java] [Thread-2] INFO  toJava.JavaGeneratorFactory  - excluding code generation for non-included QName:{gme://caCORE.caCORE/3.2/gov.nih.nci.cacoresdk.domain.inheritance.multiplechild.sametable}PvtOrganization
OUT>      [java] [Thread-2] INFO  toJava.JavaGeneratorFactory  - excluding code generation for non-included QName:{http://CQL.caBIG/2/org.cagrid.cql2}CQLGroup[,unbounded]
OUT>      [java] [Thread-2] INFO  toJava.JavaGeneratorFactory  - excluding code generation for non-included QName:{uri:iso.org:21090}SLIST_TS.Birth
OUT>      [java] [Thread-2] INFO  toJava.JavaGeneratorFactory  - excluding code generation for non-included QName:{uri:iso.org:21090}EIVL_TS.DateTime
OUT>      [java] [Thread-2] INFO  toJava.JavaGeneratorFactory  - excluding code generation for non-included QName:{uri:iso.org:21090}NPPD_CD.CV
OUT>      [java] [Thread-2] INFO  toJava.JavaGeneratorFactory  - excluding code generation for non-included QName:{uri:iso.org:21090}IVL.Width_REAL
OUT>      [java] [Thread-2] INFO  toJava.JavaGeneratorFactory  - excluding code generation for non-included QName:{uri:iso.org:21090}IVL.Width_TS.Date.Full
OUT>      [java] [Thread-2] INFO  toJava.JavaGeneratorFactory  - excluding code generation for non-included QName:{gme://caGrid.caBIG/1.0/gov.nih.nci.cagrid.metadata}ServiceMetadata
OUT>      [java] [Thread-2] INFO  toJava.JavaGeneratorFactory  - excluding code generation for non-included QName:{uri:iso.org:21090}EN.PN
OUT>      [java] [Thread-2] INFO  toJava.JavaGeneratorFactory  - excluding code generation for non-included QName:{uri:iso.org:21090}LIST_TS.Date
OUT>      [java] [Thread-2] INFO  toJava.JavaGeneratorFactory  - excluding code generation for non-included QName:{uri:iso.org:21090}BAG_RTO
OUT>      [java] [Thread-2] INFO  toJava.JavaGeneratorFactory  - excluding code generation for non-included QName:{uri:iso.org:21090}NPPD_PQ
OUT>      [java] [Thread-2] INFO  toJava.JavaGeneratorFactory  - excluding code generation for non-included QName:{uri:iso.org:21090}LIST_PQ.Time
OUT>      [java] [Thread-2] INFO  toJava.JavaGeneratorFactory  - excluding code generation for non-included QName:{uri:iso.org:21090}NPPD_ED.Doc.Inline
OUT>      [java] [Thread-2] INFO  toJava.JavaGeneratorFactory  - excluding code generation for non-included QName:{uri:iso.org:21090}IVL.Width_TS.Date
OUT>      [java] [Thread-2] INFO  toJava.JavaGeneratorFactory  - excluding code generation for non-included QName:{uri:iso.org:21090}QSS_TS
OUT>      [java] [Thread-2] INFO  toJava.JavaGeneratorFactory  - excluding code generation for non-included QName:{uri:iso.org:21090}UVP_EN.ON[0,unbounded]
OUT>      [java] [Thread-2] INFO  toJava.JavaGeneratorFactory  - excluding code generation for non-included QName:{uri:iso.org:21090}EN.ON
OUT>      [java] [Thread-2] INFO  toJava.JavaGeneratorFactory  - excluding code generation for non-included QName:{uri:iso.org:21090}UVP_ED.Image[0,unbounded]
OUT>      [java] [Thread-2] INFO  toJava.JavaGeneratorFactory  - excluding code generation for non-included QName:{gme://caCORE.caCORE/3.2/gov.nih.nci.cacoresdk.domain.inheritance.childwithassociation.sametable}DesignerShoes
OUT>      [java] [Thread-2] INFO  toJava.JavaGeneratorFactory  - excluding code generation for non-included QName:{uri:iso.org:21090}HIST_ED.Doc.Inline
OUT>      [java] [Thread-2] INFO  toJava.JavaGeneratorFactory  - excluding code generation for non-included QName:{uri:iso.org:21090}NPPD_TEL.Url
OUT>      [java] [Thread-2] INFO  toJava.JavaGeneratorFactory  - excluding code generation for non-included QName:{uri:iso.org:21090}QSP_TS
OUT>      [java] [Thread-2] INFO  toJava.JavaGeneratorFactory  - excluding code generation for non-included QName:{uri:iso.org:21090}UVP_PQ
OUT>      [java] [Thread-2] INFO  toJava.JavaGeneratorFactory  - excluding code generation for non-included QName:{gme://caCORE.caCORE/3.2/gov.nih.nci.cacoresdk.domain.other.levelassociation}>Suit>cardCollection
OUT>      [java] [Thread-2] INFO  toJava.JavaGeneratorFactory  - excluding code generation for non-included QName:{uri:iso.org:21090}QSS_RTO
OUT>      [java] [Thread-2] INFO  toJava.JavaGeneratorFactory  - excluding code generation for non-included QName:{uri:iso.org:21090}QSU_PQ
OUT>      [java] [Thread-2] INFO  toJava.JavaGeneratorFactory  - excluding code generation for non-included QName:{uri:iso.org:21090}EIVL_TS.DateTime.Full
OUT>      [java] [Thread-2] INFO  toJava.JavaGeneratorFactory  - excluding code generation for non-included QName:{http://docs.oasis-open.org/wsn/2004/06/wsn-WS-BaseNotification-1.2-draft-01.xsd}>PauseSubscription
OUT>      [java] [Thread-2] INFO  toJava.JavaGeneratorFactory  - excluding code generation for non-included QName:{uri:iso.org:21090}COLL_PQ
OUT>      [java] [Thread-2] INFO  toJava.JavaGeneratorFactory  - excluding code generation for non-included QName:{uri:iso.org:21090}>table
OUT>      [java] [Thread-2] INFO  toJava.JavaGeneratorFactory  - excluding code generation for non-included QName:{gme://caCORE.caCORE/3.2/gov.nih.nci.cacoresdk.domain.onetoone.unidirectional}Person
OUT>      [java] [Thread-2] INFO  toJava.JavaGeneratorFactory  - excluding code generation for non-included QName:{http://docs.oasis-open.org/wsrf/2004/06/wsrf-WS-ResourceProperties-1.2-draft-01.xsd}UpdateType
OUT>      [java] [Thread-2] INFO  toJava.JavaGeneratorFactory  - excluding code generation for non-included QName:{uri:iso.org:21090}QSI_TS.DateTime
OUT>      [java] [Thread-2] INFO  toJava.JavaGeneratorFactory  - excluding code generation for non-included QName:{uri:iso.org:21090}HIST_CD.CE.None
OUT>      [java] [Thread-2] INFO  toJava.JavaGeneratorFactory  - excluding code generation for non-included QName:{uri:iso.org:21090}QSET_TS.Birth
OUT>      [java] [Thread-2] INFO  toJava.JavaGeneratorFactory  - excluding code generation for non-included QName:{uri:iso.org:21090}IVL.Width_TS.DateTime.Full
OUT>      [java] [Thread-2] INFO  toJava.JavaGeneratorFactory  - excluding code generation for non-included QName:{uri:iso.org:21090}UVP_ED.Doc
OUT>      [java] [Thread-2] INFO  toJava.JavaGeneratorFactory  - excluding code generation for non-included QName:{gme://caCORE.caCORE/3.2/gov.nih.nci.cacoresdk.domain.inheritance.multiplechild}GraduateStudent
OUT>      [java] [Thread-2] INFO  toJava.JavaGeneratorFactory  - excluding code generation for non-included QName:{uri:iso.org:21090}QSET_INT.NonNeg[0,unbounded]
OUT>      [java] [Thread-2] INFO  toJava.JavaGeneratorFactory  - excluding code generation for non-included QName:{uri:iso.org:21090}QSI_RTO
OUT>      [java] [Thread-2] INFO  toJava.JavaGeneratorFactory  - excluding code generation for non-included QName:{uri:iso.org:21090}UVP_MO
OUT>      [java] [Thread-2] INFO  toJava.JavaGeneratorFactory  - excluding code generation for non-included QName:{uri:iso.org:21090}UVP_TEL.Phone
OUT>      [java] [Thread-2] INFO  toJava.JavaGeneratorFactory  - excluding code generation for non-included QName:{uri:iso.org:21090}NPPD_SC
OUT>      [java] [Thread-2] INFO  toJava.JavaGeneratorFactory  - excluding code generation for non-included QName:{uri:iso.org:21090}QSET.BoundedPIVL
OUT>      [java] [Thread-2] INFO  toJava.JavaGeneratorFactory  - excluding code generation for non-included QName:{uri:iso.org:21090}BL.NonNull
OUT>      [java] [Thread-2] INFO  toJava.JavaGeneratorFactory  - excluding code generation for non-included QName:{uri:iso.org:21090}QSU_REAL
OUT>      [java] [Thread-2] INFO  toJava.JavaGeneratorFactory  - excluding code generation for non-included QName:{uri:iso.org:21090}COLL_ED.Doc
OUT>      [java] [Thread-2] INFO  toJava.JavaGeneratorFactory  - excluding code generation for non-included QName:{uri:iso.org:21090}COLL_INT.NonNeg
OUT>      [java] [Thread-2] INFO  toJava.JavaGeneratorFactory  - excluding code generation for non-included QName:{uri:iso.org:21090}UVP_SC[0,unbounded]
OUT>      [java] [Thread-2] INFO  toJava.JavaGeneratorFactory  - excluding code generation for non-included QName:{gme://caCORE.caCORE/3.2/gov.nih.nci.cacoresdk.domain.onetomany.bidirectional}>Computer>hardDriveCollection
OUT>      [java] [Thread-2] INFO  toJava.JavaGeneratorFactory  - excluding code generation for non-included QName:{uri:iso.org:21090}QSS_PQ
OUT>      [java] [Thread-2] INFO  toJava.JavaGeneratorFactory  - excluding code generation for non-included QName:{uri:iso.org:21090}UVP_REAL
OUT>      [java] [Thread-2] INFO  toJava.JavaGeneratorFactory  - excluding code generation for non-included QName:{uri:iso.org:21090}QSU_MO
OUT>      [java] [Thread-2] INFO  toJava.JavaGeneratorFactory  - excluding code generation for non-included QName:{uri:iso.org:21090}UVP_TEL.Person[0,unbounded]
OUT>      [java] [Thread-2] INFO  toJava.JavaGeneratorFactory  - excluding code generation for non-included QName:{uri:iso.org:21090}NPPD_PQ.Time
OUT>      [java] [Thread-2] INFO  toJava.JavaGeneratorFactory  - excluding code generation for non-included QName:{http://docs.oasis-open.org/wsrf/2004/06/wsrf-WS-ResourceProperties-1.2-draft-01.xsd}>SetResourceProperties
OUT>      [java] [Thread-2] INFO  toJava.JavaGeneratorFactory  - excluding code generation for non-included QName:{uri:iso.org:21090}BAG_CD.CV
OUT>      [java] [Thread-2] INFO  toJava.JavaGeneratorFactory  - excluding code generation for non-included QName:{uri:iso.org:21090}IVL.Width_MO
OUT>      [java] [Thread-2] INFO  toJava.JavaGeneratorFactory  - excluding code generation for non-included QName:{uri:iso.org:21090}TimingEvent
OUT>      [java] [Thread-2] INFO  toJava.JavaGeneratorFactory  - excluding code generation for non-included QName:{uri:iso.org:21090}COLL_ED.Narrative
OUT>      [java] [Thread-2] INFO  toJava.JavaGeneratorFactory  - excluding code generation for non-included QName:{http://CQL.caBIG/2/org.cagrid.cql2}NamedAttribute[,unbounded]
OUT>      [java] [Thread-2] INFO  toJava.JavaGeneratorFactory  - excluding code generation for non-included QName:{gme://caCORE.caCORE/3.2/gov.nih.nci.cacoresdk.domain.other.primarykey}StringKey
OUT>      [java] [Thread-2] INFO  toJava.JavaGeneratorFactory  - excluding code generation for non-included QName:{uri:iso.org:21090}BAG_ED.Image
OUT>      [java] [Thread-2] INFO  toJava.JavaGeneratorFactory  - excluding code generation for non-included QName:{http://docs.oasis-open.org/wsrf/2004/06/wsrf-WS-BaseFaults-1.2-draft-01.xsd}>BaseFaultType>ErrorCode
OUT>      [java] [Thread-2] INFO  toJava.JavaGeneratorFactory  - excluding code generation for non-included QName:{http://CQL.caBIG/2/org.cagrid.cql2.results}CQLAttributeResult
OUT>      [java] [Thread-2] INFO  toJava.JavaGeneratorFactory  - excluding code generation for non-included QName:{uri:iso.org:21090}UVP_TS.Birth
OUT>      [java] [Thread-2] INFO  toJava.JavaGeneratorFactory  - excluding code generation for non-included QName:{gme://caCORE.caCORE/3.2/gov.nih.nci.cacoresdk.domain.inheritance.implicit}Substrate
OUT>      [java] [Thread-2] INFO  toJava.JavaGeneratorFactory  - excluding code generation for non-included QName:{uri:iso.org:21090}TEL
OUT>      [java] [Thread-2] INFO  toJava.JavaGeneratorFactory  - excluding code generation for non-included QName:{uri:iso.org:21090}QSU_TS.DateTime.Full
OUT>      [java] [Thread-2] INFO  toJava.JavaGeneratorFactory  - excluding code generation for non-included QName:{gme://caCORE.caCORE/3.2/gov.nih.nci.cacoresdk.domain.inheritance.parentwithassociation}Assistant
OUT>      [java] [Thread-2] INFO  toJava.JavaGeneratorFactory  - excluding code generation for non-included QName:{uri:iso.org:21090}NPPD_CS
OUT>      [java] [Thread-2] INFO  toJava.JavaGeneratorFactory  - excluding code generation for non-included QName:{uri:iso.org:21090}NPPD_RTO
OUT>      [java] [Thread-2] INFO  toJava.JavaGeneratorFactory  - excluding code generation for non-included QName:{gme://caCORE.caCORE/3.2/gov.nih.nci.cacoresdk.domain.inheritance.abstrakt}Pupil
OUT>      [java] [Thread-2] INFO  toJava.JavaGeneratorFactory  - excluding code generation for non-included QName:{uri:iso.org:21090}GLIST_CO
OUT>      [java] [Thread-2] INFO  toJava.JavaGeneratorFactory  - excluding code generation for non-included QName:{gme://caCORE.caCORE/3.2/gov.nih.nci.cacoresdk.domain.other.primarykey}LongKey
OUT>      [java] [Thread-2] INFO  toJava.JavaGeneratorFactory  - excluding code generation for non-included QName:{uri:iso.org:21090}NPPD_CO
OUT>      [java] [Thread-2] INFO  toJava.JavaGeneratorFactory  - excluding code generation for non-included QName:{uri:iso.org:21090}LIST_TS.Date.Full
OUT>      [java] [Thread-2] INFO  toJava.JavaGeneratorFactory  - excluding code generation for non-included QName:{uri:iso.org:21090}NPPD_CD
OUT>      [java] [Thread-2] INFO  toJava.JavaGeneratorFactory  - excluding code generation for non-included QName:{gme://caGrid.caBIG/1.0/gov.nih.nci.cagrid.metadata.common}SemanticMetadata
OUT>      [java] [Thread-2] INFO  toJava.JavaGeneratorFactory  - excluding code generation for non-included QName:{uri:iso.org:21090}IVL.Width_TS.DateTime
OUT>      [java] [Thread-2] INFO  toJava.JavaGeneratorFactory  - excluding code generation for non-included QName:{uri:iso.org:21090}HIST_EN.TN
OUT>      [java] [Thread-2] INFO  toJava.JavaGeneratorFactory  - excluding code generation for non-included QName:{http://CQL.caBIG/2/org.cagrid.cql2}PopulationDepth
OUT>      [java] [Thread-2] INFO  toJava.JavaGeneratorFactory  - excluding code generation for non-included QName:{uri:iso.org:21090}UncertaintyType
OUT>      [java] [Thread-2] INFO  toJava.JavaGeneratorFactory  - excluding code generation for non-included QName:{uri:iso.org:21090}LIST_ED.Doc.Inline
OUT>      [java] [Thread-2] INFO  toJava.JavaGeneratorFactory  - excluding code generation for non-included QName:{uri:iso.org:21090}TEL[0,0]
OUT>      [java] [Thread-2] INFO  toJava.JavaGeneratorFactory  - excluding code generation for non-included QName:{uri:iso.org:21090}LIST_AD
OUT>      [java] [Thread-2] INFO  toJava.JavaGeneratorFactory  - excluding code generation for non-included QName:{uri:iso.org:21090}UVP_TEL.Url[0,unbounded]
OUT>      [java] [Thread-2] INFO  toJava.JavaGeneratorFactory  - excluding code generation for non-included QName:{uri:iso.org:21090}UVP_SC.NT[0,unbounded]
OUT>      [java] [Thread-2] INFO  toJava.JavaGeneratorFactory  - excluding code generation for non-included QName:{gme://caCORE.caCORE/3.2/gov.nih.nci.cacoresdk.domain.other.datatype}PqDataType
OUT>      [java] [Thread-2] INFO  toJava.JavaGeneratorFactory  - excluding code generation for non-included QName:{uri:iso.org:21090}SC.NT[0,unbounded]
OUT>      [java] [Thread-2] INFO  toJava.JavaGeneratorFactory  - excluding code generation for non-included QName:{uri:iso.org:21090}IVL.Low_INT.Positive
OUT>      [java] [Thread-2] INFO  toJava.JavaGeneratorFactory  - excluding code generation for non-included QName:{uri:iso.org:21090}EIVL_TS.Date.Full
OUT>      [java] [Thread-2] INFO  toJava.JavaGeneratorFactory  - excluding code generation for non-included QName:{gme://caCORE.caCORE/3.2/gov.nih.nci.cacoresdk.domain.other.levelassociation}Hand
OUT>      [java] [Thread-2] INFO  toJava.JavaGeneratorFactory  - excluding code generation for non-included QName:{gme://caCORE.caCORE/3.2/gov.nih.nci.cacoresdk.domain.other.primarykey}CharacterPrimitiveKey
OUT>      [java] [Thread-2] INFO  toJava.JavaGeneratorFactory  - excluding code generation for non-included QName:{uri:iso.org:21090}TS[0,unbounded]
OUT>      [java] [Thread-2] INFO  toJava.JavaGeneratorFactory  - excluding code generation for non-included QName:{uri:iso.org:21090}>list
OUT>      [java] [Thread-2] INFO  toJava.JavaGeneratorFactory  - excluding code generation for non-included QName:{uri:iso.org:21090}COLL_ED.Signature
OUT>      [java] [Thread-2] INFO  toJava.JavaGeneratorFactory  - excluding code generation for non-included QName:{uri:iso.org:21090}QSP_PQ.Time
OUT>      [java] [Thread-2] INFO  toJava.JavaGeneratorFactory  - excluding code generation for non-included QName:{uri:iso.org:21090}UVP_INT
OUT>      [java] [Thread-2] INFO  toJava.JavaGeneratorFactory  - excluding code generation for non-included QName:{uri:iso.org:21090}RTO[0,0]
OUT>      [java] [Thread-2] INFO  toJava.JavaGeneratorFactory  - excluding code generation for non-included QName:{uri:iso.org:21090}GLIST_RTO
OUT>      [java] [Thread-2] INFO  toJava.JavaGeneratorFactory  - excluding code generation for non-included QName:{gme://caCORE.caCORE/3.2/gov.nih.nci.cacoresdk.domain.inheritance.parentwithassociation}>Professor>assistantCollection
OUT>      [java] [Thread-2] INFO  toJava.JavaGeneratorFactory  - excluding code generation for non-included QName:{uri:iso.org:21090}NPPD_EN
OUT>      [java] [Thread-2] INFO  toJava.JavaGeneratorFactory  - excluding code generation for non-included QName:{uri:iso.org:21090}II[0,unbounded]
OUT>      [java] [Thread-2] INFO  toJava.JavaGeneratorFactory  - excluding code generation for non-included QName:{uri:iso.org:21090}NPPD_ED
OUT>      [java] [Thread-2] INFO  toJava.JavaGeneratorFactory  - excluding code generation for non-included QName:{uri:iso.org:21090}BAG_ED.Text
OUT>      [java] [Thread-2] INFO  toJava.JavaGeneratorFactory  - excluding code generation for non-included QName:{http://CQL.caBIG/2/org.cagrid.cql2}NamedAssociation
OUT>      [java] [Thread-2] INFO  toJava.JavaGeneratorFactory  - excluding code generation for non-included QName:{uri:iso.org:21090}COLL_TEL
OUT>      [java] [Thread-2] INFO  toJava.JavaGeneratorFactory  - excluding code generation for non-included QName:{http://CQL.caBIG/2/org.cagrid.cql2}Aggregation
OUT>      [java] [Thread-2] INFO  toJava.JavaGeneratorFactory  - excluding code generation for non-included QName:{http://CQL.caBIG/2/org.cagrid.cql2.results}TargetAttribute[,unbounded]
OUT>      [java] [Thread-2] INFO  toJava.JavaGeneratorFactory  - excluding code generation for non-included QName:{uri:iso.org:21090}>linkHtml
OUT>      [java] [Thread-2] INFO  toJava.JavaGeneratorFactory  - excluding code generation for non-included QName:{http://schemas.xmlsoap.org/ws/2004/03/addressing}Relationship
OUT>      [java] [Thread-2] INFO  toJava.JavaGeneratorFactory  - excluding code generation for non-included QName:{uri:iso.org:21090}UVP_ST.NT
OUT>      [java] [Thread-2] INFO  toJava.JavaGeneratorFactory  - excluding code generation for non-included QName:{uri:iso.org:21090}LIST_CO
OUT>      [java] [Thread-2] INFO  toJava.JavaGeneratorFactory  - excluding code generation for non-included QName:{http://docs.oasis-open.org/wsrf/2004/06/wsrf-WS-BaseFaults-1.2-draft-01.xsd}BaseFaultType[0,unbounded]
OUT>      [java] [Thread-2] INFO  toJava.JavaGeneratorFactory  - excluding code generation for non-included QName:{uri:iso.org:21090}UVP_PQ.Time
OUT>      [java] [Thread-2] INFO  toJava.JavaGeneratorFactory  - excluding code generation for non-included QName:{uri:iso.org:21090}SLIST_TS.Date.Full
OUT>      [java] [Thread-2] INFO  toJava.JavaGeneratorFactory  - excluding code generation for non-included QName:{uri:iso.org:21090}BAG_ST
OUT>      [java] [Thread-2] INFO  toJava.JavaGeneratorFactory  - excluding code generation for non-included QName:{uri:iso.org:21090}UVP_RTO
OUT>      [java] [Thread-2] INFO  toJava.JavaGeneratorFactory  - excluding code generation for non-included QName:{uri:iso.org:21090}UVP_TEL.Email
OUT>      [java] [Thread-2] INFO  toJava.JavaGeneratorFactory  - excluding code generation for non-included QName:{gme://caCORE.caCORE/3.2/gov.nih.nci.cacoresdk.domain.other.primarykey}StringPrimitiveKey
OUT>      [java] [Thread-2] INFO  toJava.JavaGeneratorFactory  - excluding code generation for non-included QName:{uri:iso.org:21090}GLIST_INT
OUT>      [java] [Thread-2] INFO  toJava.JavaGeneratorFactory  - excluding code generation for non-included QName:{uri:iso.org:21090}LIST_CD
OUT>      [java] [Thread-2] INFO  toJava.JavaGeneratorFactory  - excluding code generation for non-included QName:{uri:iso.org:21090}QSU_INT.NonNeg
OUT>      [java] [Thread-2] INFO  toJava.JavaGeneratorFactory  - excluding code generation for non-included QName:{uri:iso.org:21090}BAG_SC
OUT>      [java] [Thread-2] INFO  toJava.JavaGeneratorFactory  - excluding code generation for non-included QName:{uri:iso.org:21090}UVP_CD.CV[0,unbounded]
OUT>      [java] [Thread-2] INFO  toJava.JavaGeneratorFactory  - excluding code generation for non-included QName:{uri:iso.org:21090}LIST_CS
OUT>      [java] [Thread-2] INFO  toJava.JavaGeneratorFactory  - excluding code generation for non-included QName:{uri:iso.org:21090}UVP_CD.CE[0,unbounded]
OUT>      [java] [Thread-2] INFO  toJava.JavaGeneratorFactory  - excluding code generation for non-included QName:{gme://caCORE.caCORE/3.2/gov.nih.nci.cacoresdk.domain.inheritance.abstrakt}Teacher
OUT>      [java] [Thread-2] INFO  toJava.JavaGeneratorFactory  - excluding code generation for non-included QName:{uri:iso.org:21090}NPPD_CD.CE.None
OUT>      [java] [Thread-2] INFO  toJava.JavaGeneratorFactory  - excluding code generation for non-included QName:{uri:iso.org:21090}LIST_BL
OUT>      [java] [Thread-2] INFO  toJava.JavaGeneratorFactory  - excluding code generation for non-included QName:{uri:iso.org:21090}>>td>valign
OUT>      [java] [Thread-2] INFO  toJava.JavaGeneratorFactory  - excluding code generation for non-included QName:{uri:iso.org:21090}BAG_TS
OUT>      [java] [Thread-2] INFO  toJava.JavaGeneratorFactory  - excluding code generation for non-included QName:{uri:iso.org:21090}DSET_ED.Image
OUT>      [java] [Thread-2] INFO  toJava.JavaGeneratorFactory  - excluding code generation for non-included QName:{uri:iso.org:21090}IVL.Width_PQ
OUT>      [java] [Thread-2] INFO  toJava.JavaGeneratorFactory  - excluding code generation for non-included QName:{uri:iso.org:21090}HIST_EN.PN
OUT>      [java] [Thread-2] INFO  toJava.JavaGeneratorFactory  - excluding code generation for non-included QName:{uri:iso.org:21090}TS.Date.Full[0,unbounded]
OUT>      [java] [Thread-2] INFO  toJava.JavaGeneratorFactory  - excluding code generation for non-included QName:{uri:iso.org:21090}QSS_MO
OUT>      [java] [Thread-2] INFO  toJava.JavaGeneratorFactory  - excluding code generation for non-included QName:{uri:iso.org:21090}CD[0,0]
OUT>      [java] [Thread-2] INFO  toJava.JavaGeneratorFactory  - excluding code generation for non-included QName:{uri:iso.org:21090}DSET_CD.CE.None
OUT>      [java] [Thread-2] INFO  toJava.JavaGeneratorFactory  - excluding code generation for non-included QName:{uri:iso.org:21090}UVP_PQ.Time[0,unbounded]
OUT>      [java] [Thread-2] INFO  toJava.JavaGeneratorFactory  - excluding code generation for non-included QName:{uri:iso.org:21090}>>colgroup>valign
OUT>      [java] [Thread-2] INFO  toJava.JavaGeneratorFactory  - excluding code generation for non-included QName:{uri:iso.org:21090}CD.CE.None
OUT>      [java] [Thread-2] INFO  toJava.JavaGeneratorFactory  - excluding code generation for non-included QName:{http://docs.oasis-open.org/wsn/2004/06/wsn-WS-BaseNotification-1.2-draft-01.xsd}>ResumeSubscription
OUT>      [java] [Thread-2] INFO  toJava.JavaGeneratorFactory  - excluding code generation for non-included QName:{gme://caGrid.caBIG/1.0/gov.nih.nci.cagrid.metadata.security}ServiceSecurityMetadata
OUT>      [java] [Thread-2] INFO  toJava.JavaGeneratorFactory  - excluding code generation for non-included QName:{uri:iso.org:21090}QSD_REAL
OUT>      [java] [Thread-2] INFO  toJava.JavaGeneratorFactory  - excluding code generation for non-included QName:{gme://caGrid.caBIG/1.0/gov.nih.nci.cagrid.metadata.service}>Operation>inputParameterCollection
OUT>      [java] [Thread-2] INFO  toJava.JavaGeneratorFactory  - excluding code generation for non-included QName:{uri:iso.org:21090}LIST_EN
OUT>      [java] [Thread-2] INFO  toJava.JavaGeneratorFactory  - excluding code generation for non-included QName:{uri:iso.org:21090}DSET_TEL.Person
OUT>      [java] [Thread-2] INFO  toJava.JavaGeneratorFactory  - excluding code generation for non-included QName:{uri:iso.org:21090}QSI_TS.Date.Full
OUT>      [java] [Thread-2] INFO  toJava.JavaGeneratorFactory  - excluding code generation for non-included QName:{http://CQL.caBIG/2/org.cagrid.cql2.results}ExtendedCQLResult
OUT>      [java] [Thread-2] INFO  toJava.JavaGeneratorFactory  - excluding code generation for non-included QName:{gme://caCORE.caCORE/3.2/gov.nih.nci.cacoresdk.domain.other.datatype}BlNonNullDataType
OUT>      [java] [Thread-2] INFO  toJava.JavaGeneratorFactory  - excluding code generation for non-included QName:{gme://caCORE.caCORE/3.2/gov.nih.nci.cacoresdk.domain.onetomany.bidirectional.withjoin}Passanger
OUT>      [java] [Thread-2] INFO  toJava.JavaGeneratorFactory  - excluding code generation for non-included QName:{uri:iso.org:21090}QSD_CO
OUT>      [java] [Thread-2] INFO  toJava.JavaGeneratorFactory  - excluding code generation for non-included QName:{uri:iso.org:21090}LIST_ED
OUT>      [java] [Thread-2] INFO  toJava.JavaGeneratorFactory  - excluding code generation for non-included QName:{uri:iso.org:21090}QSD_TS
OUT>      [java] [Thread-2] INFO  toJava.JavaGeneratorFactory  - excluding code generation for non-included QName:{uri:iso.org:21090}QSP_TS.Date.Full
OUT>      [java] [Thread-2] INFO  toJava.JavaGeneratorFactory  - excluding code generation for non-included QName:{uri:iso.org:21090}COLL_TEL.Url
OUT>      [java] [Thread-2] INFO  toJava.JavaGeneratorFactory  - excluding code generation for non-included QName:{uri:iso.org:21090}QSET_RTO
OUT>      [java] [Thread-2] INFO  toJava.JavaGeneratorFactory  - excluding code generation for non-included QName:{gme://caCORE.caCORE/3.2/gov.nih.nci.cacoresdk.domain.onetoone.bidirectional}OrderLine
OUT>      [java] [Thread-2] INFO  toJava.JavaGeneratorFactory  - excluding code generation for non-included QName:{http://schemas.xmlsoap.org/ws/2004/03/addressing}ReplyAfterType
OUT>      [java] [Thread-2] INFO  toJava.JavaGeneratorFactory  - excluding code generation for non-included QName:{uri:iso.org:21090}NPPD_ED.Image
OUT>      [java] [Thread-2] INFO  toJava.JavaGeneratorFactory  - excluding code generation for non-included QName:{uri:iso.org:21090}BAG_TS.Birth
OUT>      [java] [Thread-2] INFO  toJava.JavaGeneratorFactory  - excluding code generation for non-included QName:{uri:iso.org:21090}IVL.Width_INT.Positive
OUT>      [java] [Thread-2] INFO  toJava.JavaGeneratorFactory  - excluding code generation for non-included QName:{uri:iso.org:21090}IVL_INT
OUT>      [java] [Thread-2] INFO  toJava.JavaGeneratorFactory  - excluding code generation for non-included QName:{uri:iso.org:21090}COLL_CD.CE.None
OUT>      [java] [Thread-2] INFO  toJava.JavaGeneratorFactory  - excluding code generation for non-included QName:{uri:iso.org:21090}ST[0,unbounded]
OUT>      [java] [Thread-2] INFO  toJava.JavaGeneratorFactory  - excluding code generation for non-included QName:{uri:iso.org:21090}>tbody
OUT>      [java] [Thread-2] INFO  toJava.JavaGeneratorFactory  - excluding code generation for non-included QName:{uri:iso.org:21090}BAG_TS.DateTime
OUT>      [java] [Thread-2] INFO  toJava.JavaGeneratorFactory  - excluding code generation for non-included QName:{http://docs.oasis-open.org/wsrf/2004/06/wsrf-WS-ResourceProperties-1.2-draft-01.xsd}InvalidQueryExpressionFaultType
OUT>      [java] [Thread-2] INFO  toJava.JavaGeneratorFactory  - excluding code generation for non-included QName:{uri:iso.org:21090}IVL.Low_PQ.Time
OUT>      [java] [Thread-2] INFO  toJava.JavaGeneratorFactory  - excluding code generation for non-included QName:{http://docs.oasis-open.org/wsrf/2004/06/wsrf-WS-BaseFaults-1.2-draft-01.xsd}>BaseFaultType>Description
OUT>      [java] [Thread-2] INFO  toJava.JavaGeneratorFactory  - excluding code generation for non-included QName:{uri:iso.org:21090}IVL.High_RTO
OUT>      [java] [Thread-2] INFO  toJava.JavaGeneratorFactory  - excluding code generation for non-included QName:{uri:iso.org:21090}HIST_ED.Text
OUT>      [java] [Thread-2] INFO  toJava.JavaGeneratorFactory  - excluding code generation for non-included QName:{uri:iso.org:21090}NPPD_II
OUT>      [java] [Thread-2] INFO  toJava.JavaGeneratorFactory  - excluding code generation for non-included QName:{uri:iso.org:21090}NPPD_ED.Narrative
OUT>      [java] [Thread-2] INFO  toJava.JavaGeneratorFactory  - excluding code generation for non-included QName:{gme://caCORE.caCORE/3.2/gov.nih.nci.cacoresdk.domain.inheritance.implicit}FishTank
OUT>      [java] [Thread-2] INFO  toJava.JavaGeneratorFactory  - excluding code generation for non-included QName:{uri:iso.org:21090}set_EntityNamePartQualifier
OUT>      [java] [Thread-2] INFO  toJava.JavaGeneratorFactory  - excluding code generation for non-included QName:{http://docs.oasis-open.org/wsn/2004/06/wsn-WS-BaseNotification-1.2-draft-01.xsd}>Notify
OUT>      [java] [Thread-2] INFO  toJava.JavaGeneratorFactory  - excluding code generation for non-included QName:{uri:iso.org:21090}MO[0,0]
OUT>      [java] [Thread-2] INFO  toJava.JavaGeneratorFactory  - excluding code generation for non-included QName:{gme://caCORE.caCORE/3.2/gov.nih.nci.cacoresdk.domain.onetoone.multipleassociation}Child
OUT>      [java] [Thread-2] INFO  toJava.JavaGeneratorFactory  - excluding code generation for non-included QName:{uri:iso.org:21090}IVL.High_MO
OUT>      [java] [Thread-2] INFO  toJava.JavaGeneratorFactory  - excluding code generation for non-included QName:{uri:iso.org:21090}>renderMultiMedia
OUT>      [java] [Thread-2] INFO  toJava.JavaGeneratorFactory  - excluding code generation for non-included QName:{uri:iso.org:21090}CD.CV[0,unbounded]
OUT>      [java] [Thread-2] INFO  toJava.JavaGeneratorFactory  - excluding code generation for non-included QName:{http://docs.oasis-open.org/wsn/2004/06/wsn-WS-BaseNotification-1.2-draft-01.xsd}>GetCurrentMessage
OUT>      [java] [Thread-2] INFO  toJava.JavaGeneratorFactory  - excluding code generation for non-included QName:{http://docs.oasis-open.org/wsrf/2004/06/wsrf-WS-ResourceProperties-1.2-draft-01.xsd}QueryExpressionType
OUT>      [java] [Thread-2] INFO  toJava.JavaGeneratorFactory  - excluding code generation for non-included QName:{gme://caCORE.caCORE/3.2/gov.nih.nci.cacoresdk.domain.onetomany.bidirectional}HardDrive
OUT>      [java] [Thread-2] INFO  toJava.JavaGeneratorFactory  - excluding code generation for non-included QName:{uri:iso.org:21090}QSET_TS.Date
OUT>      [java] [Thread-2] INFO  toJava.JavaGeneratorFactory  - excluding code generation for non-included QName:{uri:iso.org:21090}COLL_II
OUT>      [java] [Thread-2] INFO  toJava.JavaGeneratorFactory  - excluding code generation for non-included QName:{uri:iso.org:21090}UVP_TS.Date.Full[0,unbounded]
OUT>      [java] [Thread-2] INFO  toJava.JavaGeneratorFactory  - excluding code generation for non-included QName:{http://CQL.caBIG/2/org.cagrid.cql2}CQLExtension[,unbounded]
OUT>      [java] [Thread-2] INFO  toJava.JavaGeneratorFactory  - excluding code generation for non-included QName:{uri:iso.org:21090}TEL.Email[0,unbounded]
OUT>      [java] [Thread-2] INFO  toJava.JavaGeneratorFactory  - excluding code generation for non-included QName:{uri:iso.org:21090}IVL_PQ
OUT>      [java] [Thread-2] INFO  toJava.JavaGeneratorFactory  - excluding code generation for non-included QName:{uri:iso.org:21090}DSET_INT.Positive
OUT>      [java] [Thread-2] INFO  toJava.JavaGeneratorFactory  - excluding code generation for non-included QName:{uri:iso.org:21090}GLIST_PQ.Time
OUT>      [java] [Thread-2] INFO  toJava.JavaGeneratorFactory  - excluding code generation for non-included QName:{uri:iso.org:21090}QSD_TS.Date
OUT>      [java] [Thread-2] INFO  toJava.JavaGeneratorFactory  - excluding code generation for non-included QName:{uri:iso.org:21090}GLIST_TS.Birth
OUT>      [java] [Thread-2] INFO  toJava.JavaGeneratorFactory  - excluding code generation for non-included QName:{http://docs.oasis-open.org/wsrf/2004/06/wsrf-WS-ResourceProperties-1.2-draft-01.xsd}QueryEvaluationErrorFaultType
OUT>      [java] [Thread-2] INFO  toJava.JavaGeneratorFactory  - excluding code generation for non-included QName:{uri:iso.org:21090}UVP_TS.DateTime
OUT>      [java] [Thread-2] INFO  toJava.JavaGeneratorFactory  - excluding code generation for non-included QName:{gme://caCORE.caCORE/3.2/gov.nih.nci.cacoresdk.domain.inheritance.abstrakt}>Teacher>pupilCollection
OUT>      [java] [Thread-2] INFO  toJava.JavaGeneratorFactory  - excluding code generation for non-included QName:{uri:iso.org:21090}LIST_MO
OUT>      [java] [Thread-2] INFO  toJava.JavaGeneratorFactory  - excluding code generation for non-included QName:{uri:iso.org:21090}NPPD_TEL.Phone
OUT>      [java] [Thread-2] INFO  toJava.JavaGeneratorFactory  - excluding code generation for non-included QName:{uri:iso.org:21090}QSD_INT
OUT>      [java] [Thread-2] INFO  toJava.JavaGeneratorFactory  - excluding code generation for non-included QName:{uri:iso.org:21090}ENXP[0,unbounded]
OUT>      [java] [Thread-2] INFO  toJava.JavaGeneratorFactory  - excluding code generation for non-included QName:{uri:iso.org:21090}REAL
OUT>      [java] [Thread-2] INFO  toJava.JavaGeneratorFactory  - excluding code generation for non-included QName:{http://docs.oasis-open.org/wsrf/2004/06/wsrf-WS-ResourceLifetime-1.2-draft-01.xsd}ResourceNotDestroyedFaultType
OUT>      [java] [Thread-2] INFO  toJava.JavaGeneratorFactory  - excluding code generation for non-included QName:{gme://caCORE.caCORE/3.2/gov.nih.nci.cacoresdk.domain.onetoone.multipleassociation}Parent
OUT>      [java] [Thread-2] INFO  toJava.JavaGeneratorFactory  - excluding code generation for non-included QName:{gme://caCORE.caCORE/3.2/gov.nih.nci.cacoresdk.domain.inheritance.onechild.sametable}Note
OUT>      [java] [Thread-2] INFO  toJava.JavaGeneratorFactory  - excluding code generation for non-included QName:{uri:iso.org:21090}QSET_PQ.Time[0,unbounded]
OUT>      [java] [Thread-2] INFO  toJava.JavaGeneratorFactory  - excluding code generation for non-included QName:{gme://caCORE.caCORE/3.2/gov.nih.nci.cacoresdk.domain.manytomany.bidirectional}Project
OUT>      [java] [Thread-2] INFO  toJava.JavaGeneratorFactory  - excluding code generation for non-included QName:{uri:iso.org:21090}GLIST_TS.Date
OUT>      [java] [Thread-2] INFO  toJava.JavaGeneratorFactory  - excluding code generation for non-included QName:{http://gov.nih.nci.cagrid.data/DataServiceExceptions}QueryProcessingExceptionType
OUT>      [java] [Thread-2] INFO  toJava.JavaGeneratorFactory  - excluding code generation for non-included QName:{http://docs.oasis-open.org/wsn/2004/06/wsn-WS-BaseNotification-1.2-draft-01.xsd}>SubscribeResponse
OUT>      [java] [Thread-2] INFO  toJava.JavaGeneratorFactory  - excluding code generation for non-included QName:{uri:iso.org:21090}COLL_ED.Image
OUT>      [java] [Thread-2] INFO  toJava.JavaGeneratorFactory  - excluding code generation for non-included QName:{uri:iso.org:21090}QSET_TS.Date[0,unbounded]
OUT>      [java] [Thread-2] INFO  toJava.JavaGeneratorFactory  - excluding code generation for non-included QName:{uri:iso.org:21090}NPPD_TEL
OUT>      [java] [Thread-2] INFO  toJava.JavaGeneratorFactory  - excluding code generation for non-included QName:{uri:iso.org:21090}IdentifierReliability
OUT>      [java] [Thread-2] INFO  toJava.JavaGeneratorFactory  - excluding code generation for non-included QName:{uri:iso.org:21090}NPPD_EN.ON
OUT>      [java] [Thread-2] INFO  toJava.JavaGeneratorFactory  - excluding code generation for non-included QName:{gme://caGrid.caBIG/1.0/gov.nih.nci.cagrid.metadata}>ServiceMetadata>hostingResearchCenter
OUT>      [java] [Thread-2] INFO  toJava.JavaGeneratorFactory  - excluding code generation for non-included QName:{gme://caCORE.caCORE/3.2/gov.nih.nci.cacoresdk.domain.other.datatype}DsetAdDataType
OUT>      [java] [Thread-2] INFO  toJava.JavaGeneratorFactory  - excluding code generation for non-included QName:{uri:iso.org:21090}QSI_MO
OUT>      [java] [Thread-2] INFO  toJava.JavaGeneratorFactory  - excluding code generation for non-included QName:{uri:iso.org:21090}IVL.Width_TS
OUT>      [java] [Thread-2] INFO  toJava.JavaGeneratorFactory  - excluding code generation for non-included QName:{uri:iso.org:21090}TEL.Person
OUT>      [java] [Thread-2] INFO  toJava.JavaGeneratorFactory  - excluding code generation for non-included QName:{gme://caCORE.caCORE/3.2/gov.nih.nci.cacoresdk.domain.other.datatype}IvlRealDataType
OUT>      [java] [Thread-2] INFO  toJava.JavaGeneratorFactory  - excluding code generation for non-included QName:{uri:iso.org:21090}IVL_TS
OUT>      [java] [Thread-2] INFO  toJava.JavaGeneratorFactory  - excluding code generation for non-included QName:{uri:iso.org:21090}QSP_INT.NonNeg
OUT>      [java] [Thread-2] INFO  toJava.JavaGeneratorFactory  - excluding code generation for non-included QName:{gme://caCORE.caCORE/3.2/gov.nih.nci.cacoresdk.domain.manytoone.unidirectional}Chef
OUT>      [java] [Thread-2] INFO  toJava.JavaGeneratorFactory  - excluding code generation for non-included QName:{uri:iso.org:21090}IVL_TS.DateTime.Full
OUT>      [java] [Thread-2] INFO  toJava.JavaGeneratorFactory  - excluding code generation for non-included QName:{uri:iso.org:21090}UVP_ED.Text
OUT>      [java] [Thread-2] INFO  toJava.JavaGeneratorFactory  - excluding code generation for non-included QName:{gme://caCORE.caCORE/3.2/gov.nih.nci.cacoresdk.domain.other.primarykey}CharacterKey
OUT>      [java] [Thread-2] INFO  toJava.JavaGeneratorFactory  - excluding code generation for non-included QName:{uri:iso.org:21090}NPPD_INT.Positive
OUT>      [java] [Thread-2] INFO  toJava.JavaGeneratorFactory  - excluding code generation for non-included QName:{uri:iso.org:21090}IVL.High_PQ
OUT>      [java] [Thread-2] INFO  toJava.JavaGeneratorFactory  - excluding code generation for non-included QName:{gme://caCORE.caCORE/3.2/gov.nih.nci.cacoresdk.domain.inheritance.twolevelinheritance}CRTMonitor
OUT>      [java] [Thread-2] INFO  toJava.JavaGeneratorFactory  - excluding code generation for non-included QName:{uri:iso.org:21090}ED.Text[0,unbounded]
OUT>      [java] [Thread-2] INFO  toJava.JavaGeneratorFactory  - excluding code generation for non-included QName:{gme://caCORE.caCORE/3.2/gov.nih.nci.cacoresdk.domain.onetoone.bidirectional.withjoin}Chain
OUT>      [java] [Thread-2] INFO  toJava.JavaGeneratorFactory  - excluding code generation for non-included QName:{uri:iso.org:21090}TS.DateTime
OUT>      [java] [Thread-2] INFO  toJava.JavaGeneratorFactory  - excluding code generation for non-included QName:{uri:iso.org:21090}COLL_TEL.Phone
OUT>      [java] [Thread-2] INFO  toJava.JavaGeneratorFactory  - excluding code generation for non-included QName:{uri:iso.org:21090}IVL.High_PQ.Time
OUT>      [java] [Thread-2] INFO  toJava.JavaGeneratorFactory  - excluding code generation for non-included QName:{uri:iso.org:21090}QSS_PQ.Time
OUT>      [java] [Thread-2] INFO  toJava.JavaGeneratorFactory  - excluding code generation for non-included QName:{uri:iso.org:21090}DSET_ED.Narrative
OUT>      [java] [Thread-2] INFO  toJava.JavaGeneratorFactory  - excluding code generation for non-included QName:{uri:iso.org:21090}UVP_TS.Date.Full
OUT>      [java] [Thread-2] INFO  toJava.JavaGeneratorFactory  - excluding code generation for non-included QName:{uri:iso.org:21090}UVP_ED.Doc.Inline[0,unbounded]
OUT>      [java] [Thread-2] INFO  toJava.JavaGeneratorFactory  - excluding code generation for non-included QName:{uri:iso.org:21090}TS
OUT>      [java] [Thread-2] INFO  toJava.JavaGeneratorFactory  - excluding code generation for non-included QName:{uri:iso.org:21090}ED.Signature[0,unbounded]
OUT>      [java] [Thread-2] INFO  toJava.JavaGeneratorFactory  - excluding code generation for non-included QName:{uri:iso.org:21090}CD.CE.None[0,unbounded]
OUT>      [java] [Thread-2] INFO  toJava.JavaGeneratorFactory  - excluding code generation for non-included QName:{uri:iso.org:21090}IVL_RTO
OUT>      [java] [Thread-2] INFO  toJava.JavaGeneratorFactory  - excluding code generation for non-included QName:{uri:iso.org:21090}BL.NonNull[0,unbounded]
OUT>      [java] [Thread-2] INFO  toJava.JavaGeneratorFactory  - excluding code generation for non-included QName:{uri:iso.org:21090}BAG_TEL.Phone
OUT>      [java] [Thread-2] INFO  toJava.JavaGeneratorFactory  - excluding code generation for non-included QName:{uri:iso.org:21090}ST
OUT>      [java] [Thread-2] INFO  toJava.JavaGeneratorFactory  - excluding code generation for non-included QName:{uri:iso.org:21090}ST.NT
OUT>      [java] [Thread-2] INFO  toJava.JavaGeneratorFactory  - excluding code generation for non-included QName:{uri:iso.org:21090}COLL_MO
OUT>      [java] [Thread-2] INFO  toJava.JavaGeneratorFactory  - excluding code generation for non-included QName:{uri:iso.org:21090}UVP_INT.Positive
OUT>      [java] [Thread-2] INFO  toJava.JavaGeneratorFactory  - excluding code generation for non-included QName:{gme://caCORE.caCORE/3.2/gov.nih.nci.cacoresdk.domain.inheritance.twolevelinheritance.sametable}CommunistGovt
OUT>      [java] [Thread-2] INFO  toJava.JavaGeneratorFactory  - excluding code generation for non-included QName:{gme://caCORE.caCORE/3.2/gov.nih.nci.cacoresdk.domain.onetomany.unidirectional.withjoin}Shirt
OUT>      [java] [Thread-2] INFO  toJava.JavaGeneratorFactory  - excluding code generation for non-included QName:{uri:iso.org:21090}EN.TN[0,unbounded]
OUT>      [java] [Thread-2] INFO  toJava.JavaGeneratorFactory  - excluding code generation for non-included QName:{http://docs.oasis-open.org/wsrf/2004/06/wsrf-WS-ResourceProperties-1.2-draft-01.xsd}>ResourcePropertyValueChangeNotificationType>OldValue
OUT>      [java] [Thread-2] INFO  toJava.JavaGeneratorFactory  - excluding code generation for non-included QName:{uri:iso.org:21090}TS.Birth[0,unbounded]
OUT>      [java] [Thread-2] INFO  toJava.JavaGeneratorFactory  - excluding code generation for non-included QName:{uri:iso.org:21090}UVP_ED[0,unbounded]
OUT>      [java] [Thread-2] INFO  toJava.JavaGeneratorFactory  - excluding code generation for non-included QName:{uri:iso.org:21090}SC
OUT>      [java] [Thread-2] INFO  toJava.JavaGeneratorFactory  - excluding code generation for non-included QName:{gme://caCORE.caCORE/3.2/gov.nih.nci.cacoresdk.domain.other.levelassociation}>Deck>suitCollection
OUT>      [java] [Thread-2] INFO  toJava.JavaGeneratorFactory  - excluding code generation for non-included QName:{uri:iso.org:21090}LIST_II
OUT>      [java] [Thread-2] INFO  toJava.JavaGeneratorFactory  - excluding code generation for non-included QName:{uri:iso.org:21090}PQ.Time
OUT>      [java] [Thread-2] INFO  toJava.JavaGeneratorFactory  - excluding code generation for non-included QName:{gme://caCORE.caCORE/3.2/gov.nih.nci.cacoresdk.domain.other.datatype}TelPhoneDataType
OUT>      [java] [Thread-2] INFO  toJava.JavaGeneratorFactory  - excluding code generation for non-included QName:{uri:iso.org:21090}IVL_MO
OUT>      [java] [Thread-2] INFO  toJava.JavaGeneratorFactory  - excluding code generation for non-included QName:{uri:iso.org:21090}BAG_TEL
OUT>      [java] [Thread-2] INFO  toJava.JavaGeneratorFactory  - excluding code generation for non-included QName:{uri:iso.org:21090}HIST_ED.Narrative
OUT>      [java] [Thread-2] INFO  toJava.JavaGeneratorFactory  - excluding code generation for non-included QName:{uri:iso.org:21090}ED.Doc.Inline[0,unbounded]
OUT>      [java] [Thread-2] INFO  toJava.JavaGeneratorFactory  - excluding code generation for non-included QName:{http://CQL.caBIG/2/org.cagrid.cql2.results}CQLResult
OUT>      [java] [Thread-2] INFO  toJava.JavaGeneratorFactory  - excluding code generation for non-included QName:{http://docs.oasis-open.org/wsn/2004/06/wsn-WS-BaseNotification-1.2-draft-01.xsd}>ResumeSubscriptionResponse
OUT>      [java] [Thread-2] INFO  toJava.JavaGeneratorFactory  - excluding code generation for non-included QName:{uri:iso.org:21090}set_CodingRationale
OUT>      [java] [Thread-2] INFO  toJava.JavaGeneratorFactory  - excluding code generation for non-included QName:{gme://caCORE.caCORE/3.2/gov.nih.nci.cacoresdk.domain.inheritance.childwithassociation.sametable}SportsShoes
OUT>      [java] [Thread-2] INFO  toJava.JavaGeneratorFactory  - excluding code generation for non-included QName:{uri:iso.org:21090}>>tr>valign
OUT>      [java] [Thread-2] INFO  toJava.JavaGeneratorFactory  - excluding code generation for non-included QName:{uri:iso.org:21090}IVL.Width_RTO
OUT>      [java] [Thread-2] INFO  toJava.JavaGeneratorFactory  - excluding code generation for non-included QName:{uri:iso.org:21090}SLIST_INT
OUT>      [java] [Thread-2] INFO  toJava.JavaGeneratorFactory  - excluding code generation for non-included QName:{uri:iso.org:21090}IVL.Low_TS
OUT>      [java] [Thread-2] INFO  toJava.JavaGeneratorFactory  - excluding code generation for non-included QName:{uri:iso.org:21090}NPPD_INT.NonNeg
OUT>      [java] [Thread-2] INFO  toJava.JavaGeneratorFactory  - excluding code generation for non-included QName:{uri:iso.org:21090}QSD_RTO
OUT>      [java] [Thread-2] INFO  toJava.JavaGeneratorFactory  - excluding code generation for non-included QName:{uri:iso.org:21090}COLL_REAL
OUT>      [java] [Thread-2] INFO  toJava.JavaGeneratorFactory  - excluding code generation for non-included QName:{uri:iso.org:21090}LIST_TEL.Email
OUT>      [java] [Thread-2] INFO  toJava.JavaGeneratorFactory  - excluding code generation for non-included QName:{uri:iso.org:21090}IVL_REAL
OUT>      [java] [Thread-2] INFO  toJava.JavaGeneratorFactory  - excluding code generation for non-included QName:{uri:iso.org:21090}NPPD_TS
OUT>      [java] [Thread-2] INFO  toJava.JavaGeneratorFactory  - excluding code generation for non-included QName:{uri:iso.org:21090}QSD_TS.DateTime
OUT>      [java] [Thread-2] INFO  toJava.JavaGeneratorFactory  - excluding code generation for non-included QName:{uri:iso.org:21090}IVL.Low_TS.Date
OUT>      [java] [Thread-2] INFO  toJava.JavaGeneratorFactory  - excluding code generation for non-included QName:{gme://caCORE.caCORE/3.2/gov.nih.nci.cacoresdk.domain.onetomany.selfassociation}Element
OUT>      [java] [Thread-2] INFO  toJava.JavaGeneratorFactory  - excluding code generation for non-included QName:{http://CQL.caBIG/2/org.cagrid.cql2.results}CQLObjectResult
OUT>      [java] [Thread-2] INFO  toJava.JavaGeneratorFactory  - excluding code generation for non-included QName:{uri:iso.org:21090}BAG_TEL.Email
OUT>      [java] [Thread-2] INFO  toJava.JavaGeneratorFactory  - excluding code generation for non-included QName:{uri:iso.org:21090}UVP_CD.CE
OUT>      [java] [Thread-2] INFO  toJava.JavaGeneratorFactory  - excluding code generation for non-included QName:{gme://caCORE.caCORE/3.2/gov.nih.nci.cacoresdk.domain.other.datatype}EdDataType
OUT>      [java] [Thread-2] INFO  toJava.JavaGeneratorFactory  - excluding code generation for non-included QName:{uri:iso.org:21090}>item
OUT>      [java] [Thread-2] INFO  toJava.JavaGeneratorFactory  - excluding code generation for non-included QName:{http://docs.oasis-open.org/wsrf/2004/06/wsrf-WS-ResourceLifetime-1.2-draft-01.xsd}UnableToSetTerminationTimeFaultType
OUT>      [java] [Thread-2] INFO  toJava.JavaGeneratorFactory  - excluding code generation for non-included QName:{uri:iso.org:21090}ED.Doc.Ref[0,unbounded]
OUT>      [java] [Thread-2] INFO  toJava.JavaGeneratorFactory  - excluding code generation for non-included QName:{uri:iso.org:21090}QSP_INT.Positive
OUT>      [java] [Thread-2] INFO  toJava.JavaGeneratorFactory  - excluding code generation for non-included QName:{gme://caGrid.caBIG/1.0/gov.nih.nci.cagrid.metadata.security}GSISecureConversation
OUT>      [java] [Thread-2] INFO  toJava.JavaGeneratorFactory  - excluding code generation for non-included QName:{gme://caCORE.caCORE/3.2/gov.nih.nci.cacoresdk.domain.inheritance.childwithassociation.sametable}Designer
OUT>      [java] [Thread-2] INFO  toJava.JavaGeneratorFactory  - excluding code generation for non-included QName:{uri:iso.org:21090}NPPD_ST
OUT>      [java] [Thread-2] INFO  toJava.JavaGeneratorFactory  - excluding code generation for non-included QName:{uri:iso.org:21090}UVP_CD.CV
OUT>      [java] [Thread-2] INFO  toJava.JavaGeneratorFactory  - excluding code generation for non-included QName:{uri:iso.org:21090}QSP_CO
OUT>      [java] [Thread-2] INFO  toJava.JavaGeneratorFactory  - excluding code generation for non-included QName:{gme://caCORE.caCORE/3.2/gov.nih.nci.cacoresdk.domain.onetomany.unidirectional.withjoin}Button
OUT>      [java] [Thread-2] INFO  toJava.JavaGeneratorFactory  - excluding code generation for non-included QName:{gme://caGrid.caBIG/1.0/gov.nih.nci.cagrid.metadata.service}>Service>serviceContextCollection
OUT>      [java] [Thread-2] INFO  toJava.JavaGeneratorFactory  - excluding code generation for non-included QName:{gme://caCORE.caCORE/3.2/gov.nih.nci.cacoresdk.domain.other.datatype}TelEmailDataType
OUT>      [java] [Thread-2] INFO  toJava.JavaGeneratorFactory  - excluding code generation for non-included QName:{uri:iso.org:21090}EN.PN[0,unbounded]
OUT>      [java] [Thread-2] INFO  toJava.JavaGeneratorFactory  - excluding code generation for non-included QName:{uri:iso.org:21090}UVP_CO[0,unbounded]
OUT>      [java] [Thread-2] INFO  toJava.JavaGeneratorFactory  - excluding code generation for non-included QName:{gme://caCORE.caCORE/3.2/gov.nih.nci.cacoresdk.domain.inheritance.parentwithassociation}AssistantProfessor
OUT>      [java] [Thread-2] INFO  toJava.JavaGeneratorFactory  - excluding code generation for non-included QName:{uri:iso.org:21090}LIST_ED.Narrative
OUT>      [java] [Thread-2] INFO  toJava.JavaGeneratorFactory  - excluding code generation for non-included QName:{http://schemas.xmlsoap.org/ws/2004/03/addressing}FaultSubcodeValues
OUT>      [java] [Thread-2] INFO  toJava.JavaGeneratorFactory  - excluding code generation for non-included QName:{uri:iso.org:21090}IVL.High_TS
OUT>      [java] [Thread-2] INFO  toJava.JavaGeneratorFactory  - excluding code generation for non-included QName:{uri:iso.org:21090}QSET_PQ[0,unbounded]
OUT>      [java] [Thread-2] INFO  toJava.JavaGeneratorFactory  - excluding code generation for non-included QName:{uri:iso.org:21090}EntityNamePartType
OUT>      [java] [Thread-2] INFO  toJava.JavaGeneratorFactory  - excluding code generation for non-included QName:{uri:iso.org:21090}PQ
OUT>      [java] [Thread-2] INFO  toJava.JavaGeneratorFactory  - excluding code generation for non-included QName:{uri:iso.org:21090}QSI_PQ
OUT>      [java] [Thread-2] INFO  toJava.JavaGeneratorFactory  - excluding code generation for non-included QName:{uri:iso.org:21090}QSP_TS.Birth
OUT>      [java] [Thread-2] INFO  toJava.JavaGeneratorFactory  - excluding code generation for non-included QName:{uri:iso.org:21090}>>table>rules
OUT>      [java] [Thread-2] INFO  toJava.JavaGeneratorFactory  - excluding code generation for non-included QName:{gme://caCORE.caCORE/3.2/gov.nih.nci.cacoresdk.domain.onetoone.multipleassociation.withjoin}InLaw
OUT>      [java] [Thread-2] INFO  toJava.JavaGeneratorFactory  - excluding code generation for non-included QName:{gme://caCORE.caCORE/3.2/gov.nih.nci.cacoresdk.domain.inheritance.twolevelinheritance.sametable}DemocraticGovt
OUT>      [java] [Thread-2] INFO  toJava.JavaGeneratorFactory  - excluding code generation for non-included QName:{uri:iso.org:21090}>>col>align
OUT>      [java] [Thread-2] INFO  toJava.JavaGeneratorFactory  - excluding code generation for non-included QName:{uri:iso.org:21090}COLL_AD
OUT>      [java] [Thread-2] INFO  toJava.JavaGeneratorFactory  - excluding code generation for non-included QName:{uri:iso.org:21090}ED.Image
OUT>      [java] [Thread-2] INFO  toJava.JavaGeneratorFactory  - excluding code generation for non-included QName:{gme://caCORE.caCORE/3.2/gov.nih.nci.cacoresdk.domain.other.levelassociation}Card
OUT>      [java] [Thread-2] INFO  toJava.JavaGeneratorFactory  - excluding code generation for non-included QName:{gme://caCORE.caCORE/3.2/gov.nih.nci.cacoresdk.domain.inheritance.twolevelinheritance.sametablerootlevel}FinancialCalculator
OUT>      [java] [Thread-2] INFO  toJava.JavaGeneratorFactory  - excluding code generation for non-included QName:{uri:iso.org:21090}QSD_PQ.Time
OUT>      [java] [Thread-2] INFO  toJava.JavaGeneratorFactory  - excluding code generation for non-included QName:{uri:iso.org:21090}HIST_TS.Date.Full
OUT>      [java] [Thread-2] INFO  toJava.JavaGeneratorFactory  - excluding code generation for non-included QName:{uri:iso.org:21090}UVP_ED.Text[0,unbounded]
OUT>      [java] [Thread-2] INFO  toJava.JavaGeneratorFactory  - excluding code generation for non-included QName:{uri:iso.org:21090}QTY
OUT>      [java] [Thread-2] INFO  toJava.JavaGeneratorFactory  - excluding code generation for non-included QName:{http://CQL.caBIG/2/org.cagrid.cql2}DistinctAttribute
OUT>      [java] [Thread-2] INFO  toJava.JavaGeneratorFactory  - excluding code generation for non-included QName:{gme://caCORE.caCORE/3.2/gov.nih.nci.cacoresdk.domain.other.differentpackage.associations}IceCream
OUT>      [java] [Thread-2] INFO  toJava.JavaGeneratorFactory  - excluding code generation for non-included QName:{uri:iso.org:21090}UVP_TS.DateTime.Full
OUT>      [java] [Thread-2] INFO  toJava.JavaGeneratorFactory  - excluding code generation for non-included QName:{uri:iso.org:21090}REAL[0,unbounded]
OUT>      [java] [Thread-2] INFO  toJava.JavaGeneratorFactory  - excluding code generation for non-included QName:{uri:iso.org:21090}LIST_TS
OUT>      [java] [Thread-2] INFO  toJava.JavaGeneratorFactory  - excluding code generation for non-included QName:{gme://caCORE.caCORE/3.2/gov.nih.nci.cacoresdk.domain.onetomany.bidirectional.withjoin}Flight
OUT>      [java] [Thread-2] INFO  toJava.JavaGeneratorFactory  - excluding code generation for non-included QName:{uri:iso.org:21090}SLIST_INT.NonNeg
OUT>      [java] [Thread-2] INFO  toJava.JavaGeneratorFactory  - excluding code generation for non-included QName:{uri:iso.org:21090}SLIST_TS
OUT>      [java] [Thread-2] INFO  toJava.JavaGeneratorFactory  - excluding code generation for non-included QName:{uri:iso.org:21090}HIST_PQ.Time
OUT>      [java] [Thread-2] INFO  toJava.JavaGeneratorFactory  - excluding code generation for non-included QName:{uri:iso.org:21090}LIST_ST.NT
OUT>      [java] [Thread-2] INFO  toJava.JavaGeneratorFactory  - excluding code generation for non-included QName:{uri:iso.org:21090}BAG_CD.CE.None
OUT>      [java] [Thread-2] INFO  toJava.JavaGeneratorFactory  - excluding code generation for non-included QName:{uri:iso.org:21090}LIST_EN.TN
OUT>      [java] [Thread-2] INFO  toJava.JavaGeneratorFactory  - excluding code generation for non-included QName:{uri:iso.org:21090}SLIST_RTO
OUT>      [java] [Thread-2] INFO  toJava.JavaGeneratorFactory  - excluding code generation for non-included QName:{uri:iso.org:21090}BAG_ST.NT
OUT>      [java] [Thread-2] INFO  toJava.JavaGeneratorFactory  - excluding code generation for non-included QName:{gme://caCORE.caCORE/3.2/gov.nih.nci.cacoresdk.domain.other.differentpackage}>Dessert>utensilCollection
OUT>      [java] [Thread-2] INFO  toJava.JavaGeneratorFactory  - excluding code generation for non-included QName:{uri:iso.org:21090}UVP_ED.Doc.Ref
OUT>      [java] [Thread-2] INFO  toJava.JavaGeneratorFactory  - excluding code generation for non-included QName:{http://docs.oasis-open.org/wsn/2004/06/wsn-WS-BaseNotification-1.2-draft-01.xsd}NoCurrentMessageOnTopicFaultType
OUT>      [java] [Thread-2] INFO  toJava.JavaGeneratorFactory  - excluding code generation for non-included QName:{uri:iso.org:21090}UVP_ED.Image
OUT>      [java] [Thread-2] INFO  toJava.JavaGeneratorFactory  - excluding code generation for non-included QName:{uri:iso.org:21090}LIST_TEL.Person
OUT>      [java] [Thread-2] INFO  toJava.JavaGeneratorFactory  - excluding code generation for non-included QName:{uri:iso.org:21090}COLL_BL
OUT>      [java] [Thread-2] INFO  toJava.JavaGeneratorFactory  - excluding code generation for non-included QName:{uri:iso.org:21090}BAG_ED.Doc.Ref
OUT>      [java] [Thread-2] INFO  toJava.JavaGeneratorFactory  - excluding code generation for non-included QName:{uri:iso.org:21090}IVL_TS.Date
OUT>      [java] [Thread-2] INFO  toJava.JavaGeneratorFactory  - excluding code generation for non-included QName:{uri:iso.org:21090}UVP_CD.CE.None
OUT>      [java] [Thread-2] INFO  toJava.JavaGeneratorFactory  - excluding code generation for non-included QName:{http://CQL.caBIG/2/org.cagrid.cql2}CQLQueryModifier
OUT>      [java] [Thread-2] INFO  toJava.JavaGeneratorFactory  - excluding code generation for non-included QName:{uri:iso.org:21090}>caption
OUT>      [java] [Thread-2] INFO  toJava.JavaGeneratorFactory  - excluding code generation for non-included QName:{uri:iso.org:21090}QSS_INT
OUT>      [java] [Thread-2] INFO  toJava.JavaGeneratorFactory  - excluding code generation for non-included QName:{http://docs.oasis-open.org/wsrf/2004/06/wsrf-WS-ResourceLifetime-1.2-draft-01.xsd}>DestroyResponse
OUT>      [java] [Thread-2] INFO  toJava.JavaGeneratorFactory  - excluding code generation for non-included QName:{gme://caCORE.caCORE/3.2/gov.nih.nci.cacoresdk.domain.inheritance.multiplechild.sametable}GovtOrganization
OUT>      [java] [Thread-2] INFO  toJava.JavaGeneratorFactory  - excluding code generation for non-included QName:{uri:iso.org:21090}TS.Birth[0,0]
OUT>      [java] [Thread-2] INFO  toJava.JavaGeneratorFactory  - excluding code generation for non-included QName:{uri:iso.org:21090}ED.Doc
OUT>      [java] [Thread-2] INFO  toJava.JavaGeneratorFactory  - excluding code generation for non-included QName:{http://org.cagrid.dataservice.cql/QueryLanguageSupport}>QueryLanguageSupport>CQL2Support
OUT>      [java] [Thread-2] INFO  toJava.JavaGeneratorFactory  - excluding code generation for non-included QName:{uri:iso.org:21090}IVL.Low_MO
OUT>      [java] [Thread-2] INFO  toJava.JavaGeneratorFactory  - excluding code generation for non-included QName:{uri:iso.org:21090}NPPD_EN.TN
OUT>      [java] [Thread-2] INFO  toJava.JavaGeneratorFactory  - excluding code generation for non-included QName:{gme://caCORE.caCORE/3.2/gov.nih.nci.cacoresdk.domain.other.datatype}IvlIntDataType
OUT>      [java] [Thread-2] INFO  toJava.JavaGeneratorFactory  - excluding code generation for non-included QName:{http://docs.oasis-open.org/wsrf/2004/06/wsrf-WS-ResourceProperties-1.2-draft-01.xsd}InvalidResourcePropertyQNameFaultType
OUT>      [java] [Thread-2] INFO  toJava.JavaGeneratorFactory  - excluding code generation for non-included QName:{uri:iso.org:21090}LIST_SC
OUT>      [java] [Thread-2] INFO  toJava.JavaGeneratorFactory  - excluding code generation for non-included QName:{uri:iso.org:21090}LIST_ED.Image
OUT>      [java] [Thread-2] INFO  toJava.JavaGeneratorFactory  - excluding code generation for non-included QName:{uri:iso.org:21090}INT.Positive[0,0]
OUT>      [java] [Thread-2] INFO  toJava.JavaGeneratorFactory  - excluding code generation for non-included QName:{gme://caCORE.caCORE/3.2/gov.nih.nci.cacoresdk.domain.other.datatype}EnDataType
OUT>      [java] [Thread-2] INFO  toJava.JavaGeneratorFactory  - excluding code generation for non-included QName:{http://gov.nih.nci.cagrid.data/DataServiceExceptions}MalformedQueryExceptionType
OUT>      [java] [Thread-2] INFO  toJava.JavaGeneratorFactory  - excluding code generation for non-included QName:{uri:iso.org:21090}UVP_PQ[0,unbounded]
OUT>      [java] [Thread-2] INFO  toJava.JavaGeneratorFactory  - excluding code generation for non-included QName:{uri:iso.org:21090}IVL.High_INT.Positive
OUT>      [java] [Thread-2] INFO  toJava.JavaGeneratorFactory  - excluding code generation for non-included QName:{uri:iso.org:21090}COLL_TS.DateTime.Full
OUT>      [java] [Thread-2] INFO  toJava.JavaGeneratorFactory  - excluding code generation for non-included QName:{gme://caGrid.caBIG/1.0/gov.nih.nci.cagrid.metadata.service}InputParameter
OUT>      [java] [Thread-2] INFO  toJava.JavaGeneratorFactory  - excluding code generation for non-included QName:{gme://caCORE.caCORE/3.2/gov.nih.nci.cacoresdk.domain.inheritance.onechild.sametable}Currency
OUT>      [java] [Thread-2] INFO  toJava.JavaGeneratorFactory  - excluding code generation for non-included QName:{uri:iso.org:21090}UVP_BL[0,unbounded]
OUT>      [java] [Thread-2] INFO  toJava.JavaGeneratorFactory  - excluding code generation for non-included QName:{gme://caCORE.caCORE/3.2/gov.nih.nci.cacoresdk.domain.other.datatype}TelDataType
OUT>      [java] [Thread-2] INFO  toJava.JavaGeneratorFactory  - excluding code generation for non-included QName:{uri:iso.org:21090}IVL.Low_PQ
OUT>      [java] [Thread-2] INFO  toJava.JavaGeneratorFactory  - excluding code generation for non-included QName:{gme://caCORE.caCORE/3.2/gov.nih.nci.cacoresdk.domain.inheritance.implicit}FreshwaterFishTank
OUT>      [java] [Thread-2] INFO  toJava.JavaGeneratorFactory  - excluding code generation for non-included QName:{uri:iso.org:21090}LIST_EN.PN
OUT>      [java] [Thread-2] INFO  toJava.JavaGeneratorFactory  - excluding code generation for non-included QName:{uri:iso.org:21090}NPPD_ED.Doc
OUT>      [java] [Thread-2] INFO  toJava.JavaGeneratorFactory  - excluding code generation for non-included QName:{uri:iso.org:21090}QSI_TS
OUT>      [java] [Thread-2] INFO  toJava.JavaGeneratorFactory  - excluding code generation for non-included QName:{uri:iso.org:21090}BAG_TS.Date.Full
OUT>      [java] [Thread-2] INFO  toJava.JavaGeneratorFactory  - excluding code generation for non-included QName:{gme://caCORE.caCORE/3.2/gov.nih.nci.cacoresdk.domain.other.primarykey}IntegerKey
OUT>      [java] [Thread-2] INFO  toJava.JavaGeneratorFactory  - excluding code generation for non-included QName:{gme://caGrid.caBIG/1.0/gov.nih.nci.cagrid.metadata}>ServiceMetadata>serviceDescription
OUT>      [java] [Thread-2] INFO  toJava.JavaGeneratorFactory  - excluding code generation for non-included QName:{uri:iso.org:21090}LIST_ST
OUT>      [java] [Thread-2] INFO  toJava.JavaGeneratorFactory  - excluding code generation for non-included QName:{uri:iso.org:21090}LIST_REAL
OUT>      [java] [Thread-2] INFO  toJava.JavaGeneratorFactory  - excluding code generation for non-included QName:{uri:iso.org:21090}HIST_ED.Image
OUT>      [java] [Thread-2] INFO  toJava.JavaGeneratorFactory  - excluding code generation for non-included QName:{uri:iso.org:21090}HIST_TEL
OUT>      [java] [Thread-2] INFO  toJava.JavaGeneratorFactory  - excluding code generation for non-included QName:{gme://caCORE.caCORE/3.2/gov.nih.nci.cacoresdk.domain.onetomany.selfassociation}>Element>childCollection
OUT>      [java] [Thread-2] INFO  toJava.JavaGeneratorFactory  - excluding code generation for non-included QName:{uri:iso.org:21090}TEL.Phone[0,unbounded]
OUT>      [java] [Thread-2] INFO  toJava.JavaGeneratorFactory  - excluding code generation for non-included QName:{uri:iso.org:21090}LIST_RTO
OUT>      [java] [Thread-2] INFO  toJava.JavaGeneratorFactory  - excluding code generation for non-included QName:{uri:iso.org:21090}QSET_TS[0,unbounded]
OUT>      [java] [Thread-2] INFO  toJava.JavaGeneratorFactory  - excluding code generation for non-included QName:{uri:iso.org:21090}LIST_TS.DateTime
OUT>      [java] [Thread-2] INFO  toJava.JavaGeneratorFactory  - excluding code generation for non-included QName:{http://docs.oasis-open.org/wsrf/2004/06/wsrf-WS-ResourceLifetime-1.2-draft-01.xsd}ResourceUnknownFaultType
OUT>      [java] [Thread-2] INFO  toJava.JavaGeneratorFactory  - excluding code generation for non-included QName:{uri:iso.org:21090}EntityNameUse
OUT>      [java] [Thread-2] INFO  toJava.JavaGeneratorFactory  - excluding code generation for non-included QName:{gme://caCORE.caCORE/3.2/gov.nih.nci.cacoresdk.domain.other.validationtype}AllValidationType
OUT>      [java] [Thread-2] INFO  toJava.JavaGeneratorFactory  - excluding code generation for non-included QName:{http://CQL.caBIG/2/org.cagrid.cql2.results}CQLAggregateResult
OUT>      [java] [Thread-2] INFO  toJava.JavaGeneratorFactory  - excluding code generation for non-included QName:{uri:iso.org:21090}COLL_EN
OUT>      [java] [Thread-2] INFO  toJava.JavaGeneratorFactory  - excluding code generation for non-included QName:{uri:iso.org:21090}HIST_CD.CE
OUT>      [java] [Thread-2] INFO  toJava.JavaGeneratorFactory  - excluding code generation for non-included QName:{uri:iso.org:21090}COLL_ED
OUT>      [java] [Thread-2] INFO  toJava.JavaGeneratorFactory  - excluding code generation for non-included QName:{uri:iso.org:21090}LIST_EN.ON
OUT>      [java] [Thread-2] INFO  toJava.JavaGeneratorFactory  - excluding code generation for non-included QName:{uri:iso.org:21090}QSP_RTO
OUT>      [java] [Thread-2] INFO  toJava.JavaGeneratorFactory  - excluding code generation for non-included QName:{uri:iso.org:21090}TelecommunicationAddressUse
OUT>      [java] [Thread-2] INFO  toJava.JavaGeneratorFactory  - excluding code generation for non-included QName:{gme://caCORE.caCORE/3.2/gov.nih.nci.cacoresdk.domain.inheritance.implicit}Tank
OUT>      [java] [Thread-2] INFO  toJava.JavaGeneratorFactory  - excluding code generation for non-included QName:{gme://caCORE.caCORE/3.2/gov.nih.nci.cacoresdk.domain.other.datatype}IvlTsDataType
OUT>      [java] [Thread-2] INFO  toJava.JavaGeneratorFactory  - excluding code generation for non-included QName:{http://org.cagrid.dataservice.cql/QueryLanguageSupport}QueryLanguageSupport
OUT>      [java] [Thread-2] INFO  toJava.JavaGeneratorFactory  - excluding code generation for non-included QName:{uri:iso.org:21090}HIST_ED.Doc
OUT>      [java] [Thread-2] INFO  toJava.JavaGeneratorFactory  - excluding code generation for non-included QName:{uri:iso.org:21090}LIST_INT.NonNeg
OUT>      [java] [Thread-2] INFO  toJava.JavaGeneratorFactory  - excluding code generation for non-included QName:{uri:iso.org:21090}UVP_REAL[0,unbounded]
OUT>      [java] [Thread-2] INFO  toJava.JavaGeneratorFactory  - excluding code generation for non-included QName:{uri:iso.org:21090}LIST_PQ
OUT>      [java] [Thread-2] INFO  toJava.JavaGeneratorFactory  - excluding code generation for non-included QName:{gme://caGrid.caBIG/1.0/gov.nih.nci.cagrid.metadata.common}>ValueDomain>enumerationCollection
OUT>      [java] [Thread-2] INFO  toJava.JavaGeneratorFactory  - excluding code generation for non-included QName:{uri:iso.org:21090}PostalAddressUse
OUT>      [java] [Thread-2] INFO  toJava.JavaGeneratorFactory  - excluding code generation for non-included QName:{gme://caCORE.caCORE/3.2/gov.nih.nci.cacoresdk.domain.inheritance.parentwithassociation.sametable}Luggage
OUT>      [java] [Thread-2] INFO  toJava.JavaGeneratorFactory  - excluding code generation for non-included QName:{gme://caGrid.caBIG/1.0/gov.nih.nci.cagrid.metadata.common}ResearchCenterDescription
OUT>      [java] [Thread-2] INFO  toJava.JavaGeneratorFactory  - excluding code generation for non-included QName:{uri:iso.org:21090}ANY
OUT>      [java] [Thread-2] INFO  toJava.JavaGeneratorFactory  - excluding code generation for non-included QName:{http://docs.oasis-open.org/wsrf/2004/06/wsrf-WS-ResourceProperties-1.2-draft-01.xsd}ResourcePropertyValueChangeNotificationType
OUT>      [java] [Thread-2] INFO  toJava.JavaGeneratorFactory  - excluding code generation for non-included QName:{uri:iso.org:21090}ADXP
OUT>      [java] [Thread-2] INFO  toJava.JavaGeneratorFactory  - excluding code generation for non-included QName:{gme://caCORE.caCORE/3.2/gov.nih.nci.cacoresdk.domain.other.datatype}BlDataType
OUT>      [java] [Thread-2] INFO  toJava.JavaGeneratorFactory  - excluding code generation for non-included QName:{gme://caCORE.caCORE/3.2/gov.nih.nci.cacoresdk.domain.other.datatype}TsDataType
OUT>      [java] [Thread-2] INFO  toJava.JavaGeneratorFactory  - excluding code generation for non-included QName:{uri:iso.org:21090}PIVL_TS.DateTime.Full
OUT>      [java] [Thread-2] INFO  toJava.JavaGeneratorFactory  - excluding code generation for non-included QName:{uri:iso.org:21090}QSET_CO
OUT>      [java] [Thread-2] INFO  toJava.JavaGeneratorFactory  - excluding code generation for non-included QName:{uri:iso.org:21090}IVL.High_INT.NonNeg
OUT>      [java] [Thread-2] INFO  toJava.JavaGeneratorFactory  - excluding code generation for non-included QName:{uri:iso.org:21090}TEL.Email
OUT>      [java] [Thread-2] INFO  toJava.JavaGeneratorFactory  - excluding code generation for non-included QName:{uri:iso.org:21090}QSS_INT.Positive
OUT>      [java] [Thread-2] INFO  toJava.JavaGeneratorFactory  - excluding code generation for non-included QName:{uri:iso.org:21090}NPPD_EN.PN
OUT>      [java] [Thread-2] INFO  toJava.JavaGeneratorFactory  - excluding code generation for non-included QName:{gme://caCORE.caCORE/3.2/gov.nih.nci.cacoresdk.domain.inheritance.parentwithassociation.sametable}Wheel
OUT>      [java] [Thread-2] INFO  toJava.JavaGeneratorFactory  - excluding code generation for non-included QName:{http://docs.oasis-open.org/wsn/2004/06/wsn-WS-BaseNotification-1.2-draft-01.xsd}TopicExpressionType
OUT>      [java] [Thread-2] INFO  toJava.JavaGeneratorFactory  - excluding code generation for non-included QName:{uri:iso.org:21090}BAG_TS.DateTime.Full
OUT>      [java] [Thread-2] INFO  toJava.JavaGeneratorFactory  - excluding code generation for non-included QName:{uri:iso.org:21090}ED.Doc.Inline
OUT>      [java] [Thread-2] INFO  toJava.JavaGeneratorFactory  - excluding code generation for non-included QName:{uri:iso.org:21090}COLL_CO
OUT>      [java] [Thread-2] INFO  toJava.JavaGeneratorFactory  - excluding code generation for non-included QName:{http://CQL.caBIG/2/org.cagrid.cql2}CQLGroup
OUT>      [java] [Thread-2] INFO  toJava.JavaGeneratorFactory  - excluding code generation for non-included QName:{gme://caGrid.caBIG/1.0/gov.nih.nci.cagrid.metadata.security}CommunicationMechanism
OUT>      [java] [Thread-2] INFO  toJava.JavaGeneratorFactory  - excluding code generation for non-included QName:{uri:iso.org:21090}TEL[0,unbounded]
OUT>      [java] [Thread-2] INFO  toJava.JavaGeneratorFactory  - excluding code generation for non-included QName:{uri:iso.org:21090}COLL_CD
OUT>      [java] [Thread-2] INFO  toJava.JavaGeneratorFactory  - excluding code generation for non-included QName:{http://schemas.xmlsoap.org/ws/2004/03/addressing}RelationshipTypeValues
OUT>      [java] [Thread-2] INFO  toJava.JavaGeneratorFactory  - excluding code generation for non-included QName:{uri:iso.org:21090}EntityNamePartQualifier
OUT>      [java] [Thread-2] INFO  toJava.JavaGeneratorFactory  - excluding code generation for non-included QName:{uri:iso.org:21090}LIST_ED.Doc
OUT>      [java] [Thread-2] INFO  toJava.JavaGeneratorFactory  - excluding code generation for non-included QName:{gme://caCORE.caCORE/3.2/gov.nih.nci.cacoresdk.domain.inheritance.childwithassociation}Bank
OUT>      [java] [Thread-2] INFO  toJava.JavaGeneratorFactory  - excluding code generation for non-included QName:{http://docs.oasis-open.org/wsn/2004/06/wsn-WS-BaseNotification-1.2-draft-01.xsd}>GetCurrentMessageResponse
OUT>      [java] [Thread-2] INFO  toJava.JavaGeneratorFactory  - excluding code generation for non-included QName:{uri:iso.org:21090}QSET_TS.DateTime.Full
OUT>      [java] [Thread-2] INFO  toJava.JavaGeneratorFactory  - excluding code generation for non-included QName:{uri:iso.org:21090}DSET_TEL
OUT>      [java] [Thread-2] INFO  toJava.JavaGeneratorFactory  - excluding code generation for non-included QName:{uri:iso.org:21090}ED[0,0]
OUT>      [java] [Thread-2] INFO  toJava.JavaGeneratorFactory  - excluding code generation for non-included QName:{uri:iso.org:21090}IVL.Low_TS.Birth
OUT>      [java] [Thread-2] INFO  toJava.JavaGeneratorFactory  - excluding code generation for non-included QName:{gme://caCORE.caCORE/3.2/gov.nih.nci.cacoresdk.domain.inheritance.twolevelinheritance.sametable}Goverment
OUT>      [java] [Thread-2] INFO  toJava.JavaGeneratorFactory  - excluding code generation for non-included QName:{gme://caCORE.caCORE/3.2/gov.nih.nci.cacoresdk.domain.other.datatype}IntDataType
OUT>      [java] [Thread-2] INFO  toJava.JavaGeneratorFactory  - excluding code generation for non-included QName:{uri:iso.org:21090}QSET_INT[0,unbounded]
OUT>      [java] [Thread-2] INFO  toJava.JavaGeneratorFactory  - excluding code generation for non-included QName:{uri:iso.org:21090}DSET_ED.Doc.Inline
OUT>      [java] [Thread-2] INFO  toJava.JavaGeneratorFactory  - excluding code generation for non-included QName:{uri:iso.org:21090}UVP_EN.PN[0,unbounded]
OUT>      [java] [Thread-2] INFO  toJava.JavaGeneratorFactory  - excluding code generation for non-included QName:{uri:iso.org:21090}IVL.High_TS.Birth
OUT>      [java] [Thread-2] INFO  toJava.JavaGeneratorFactory  - excluding code generation for non-included QName:{http://CQL.caBIG/2/org.cagrid.cql2}CQLAttribute[,unbounded]
OUT>      [java] [Thread-2] INFO  toJava.JavaGeneratorFactory  - excluding code generation for non-included QName:{uri:iso.org:21090}IVL_TS.Birth
OUT>      [java] [Thread-2] INFO  toJava.JavaGeneratorFactory  - excluding code generation for non-included QName:{uri:iso.org:21090}HIST_CD.CV
OUT>      [java] [Thread-2] INFO  toJava.JavaGeneratorFactory  - excluding code generation for non-included QName:{uri:iso.org:21090}>br
OUT>      [java] [Thread-2] INFO  toJava.JavaGeneratorFactory  - excluding code generation for non-included QName:{uri:iso.org:21090}LIST_TS.Birth
OUT>      [java] [Thread-2] INFO  toJava.JavaGeneratorFactory  - excluding code generation for non-included QName:{http://CQL.caBIG/2/org.cagrid.cql2}CQLObject
OUT>      [java] [Thread-2] INFO  toJava.JavaGeneratorFactory  - excluding code generation for non-included QName:{uri:iso.org:21090}UVP_BL.NonNull[0,unbounded]
OUT>      [java] [Thread-2] INFO  toJava.JavaGeneratorFactory  - excluding code generation for non-included QName:{uri:iso.org:21090}SLIST_TS.DateTime.Full
OUT>      [java] [Thread-2] INFO  toJava.JavaGeneratorFactory  - excluding code generation for non-included QName:{uri:iso.org:21090}>>td>align
OUT>      [java] [Thread-2] INFO  toJava.JavaGeneratorFactory  - excluding code generation for non-included QName:{uri:iso.org:21090}UVP_TEL.Email[0,unbounded]
OUT>      [java] [Thread-2] INFO  toJava.JavaGeneratorFactory  - excluding code generation for non-included QName:{uri:iso.org:21090}COLL_CS
OUT>      [java] [Thread-2] INFO  toJava.JavaGeneratorFactory  - excluding code generation for non-included QName:{uri:iso.org:21090}NPPD_ED.Text
OUT>      [java] [Thread-2] INFO  toJava.JavaGeneratorFactory  - excluding code generation for non-included QName:{uri:iso.org:21090}UVP_ED.Signature
OUT>      [java] [Thread-2] INFO  toJava.JavaGeneratorFactory  - excluding code generation for non-included QName:{gme://caCORE.caCORE/3.2/gov.nih.nci.cacoresdk.domain.inheritance.parentwithassociation.sametable}HardTop
OUT>      [java] [Thread-2] INFO  toJava.JavaGeneratorFactory  - excluding code generation for non-included QName:{uri:iso.org:21090}>footnoteRef
OUT>      [java] [Thread-2] INFO  toJava.JavaGeneratorFactory  - excluding code generation for non-included QName:{uri:iso.org:21090}QSET_TS.Date.Full
OUT>      [java] [Thread-2] INFO  toJava.JavaGeneratorFactory  - excluding code generation for non-included QName:{uri:iso.org:21090}>>tfoot>align
OUT>      [java] [Thread-2] INFO  toJava.JavaGeneratorFactory  - excluding code generation for non-included QName:{uri:iso.org:21090}NPPD_TS.Date
OUT>      [java] [Thread-2] INFO  toJava.JavaGeneratorFactory  - excluding code generation for non-included QName:{uri:iso.org:21090}MO[0,unbounded]
OUT>      [java] [Thread-2] INFO  toJava.JavaGeneratorFactory  - excluding code generation for non-included QName:{uri:iso.org:21090}QSET_TS.DateTime[0,unbounded]
OUT>      [java] [Thread-2] INFO  toJava.JavaGeneratorFactory  - excluding code generation for non-included QName:{uri:iso.org:21090}DSET_TS.DateTime.Full
OUT>      [java] [Thread-2] INFO  toJava.JavaGeneratorFactory  - excluding code generation for non-included QName:{uri:iso.org:21090}SLIST_REAL
OUT>      [java] [Thread-2] INFO  toJava.JavaGeneratorFactory  - excluding code generation for non-included QName:{uri:iso.org:21090}BAG_AD
OUT>      [java] [Thread-2] INFO  toJava.JavaGeneratorFactory  - excluding code generation for non-included QName:{http://docs.oasis-open.org/wsn/2004/06/wsn-WS-BaseNotification-1.2-draft-01.xsd}TopicPathDialectUnknownFaultType
OUT>      [java] [Thread-2] INFO  toJava.JavaGeneratorFactory  - excluding code generation for non-included QName:{uri:iso.org:21090}SLIST_MO
OUT>      [java] [Thread-2] INFO  toJava.JavaGeneratorFactory  - excluding code generation for non-included QName:{http://docs.oasis-open.org/wsrf/2004/06/wsrf-WS-ResourceLifetime-1.2-draft-01.xsd}>SetTerminationTime
OUT>      [java] [Thread-2] INFO  toJava.JavaGeneratorFactory  - excluding code generation for non-included QName:{http://CQL.caBIG/2/org.cagrid.cql2}CQLExtension
OUT>      [java] [Thread-2] INFO  toJava.JavaGeneratorFactory  - excluding code generation for non-included QName:{uri:iso.org:21090}ED.Doc[0,unbounded]
OUT>      [java] [Thread-2] INFO  toJava.JavaGeneratorFactory  - excluding code generation for non-included QName:{gme://caCORE.caCORE/3.2/gov.nih.nci.cacoresdk.domain.inheritance.implicit}SaltwaterFishTank
OUT>      [java] [Thread-2] INFO  toJava.JavaGeneratorFactory  - excluding code generation for non-included QName:{uri:iso.org:21090}TS[0,0]
OUT>      [java] [Thread-2] INFO  toJava.JavaGeneratorFactory  - excluding code generation for non-included QName:{uri:iso.org:21090}INT
OUT>      [java] [Thread-2] INFO  toJava.JavaGeneratorFactory  - excluding code generation for non-included QName:{uri:iso.org:21090}EIVL_TS
OUT>      [java] [Thread-2] INFO  toJava.JavaGeneratorFactory  - excluding code generation for non-included QName:{uri:iso.org:21090}DSET_CD
OUT>      [java] [Thread-2] INFO  toJava.JavaGeneratorFactory  - excluding code generation for non-included QName:{uri:iso.org:21090}COLL_ED.Text
OUT>      [java] [Thread-2] INFO  toJava.JavaGeneratorFactory  - excluding code generation for non-included QName:{uri:iso.org:21090}LIST_TEL
OUT>      [java] [Thread-2] INFO  toJava.JavaGeneratorFactory  - excluding code generation for non-included QName:{uri:iso.org:21090}IdentifierScope
OUT>      [java] [Thread-2] INFO  toJava.JavaGeneratorFactory  - excluding code generation for non-included QName:{uri:iso.org:21090}QSU_PQ.Time
OUT>      [java] [Thread-2] INFO  toJava.JavaGeneratorFactory  - excluding code generation for non-included QName:{uri:iso.org:21090}TS.Birth
OUT>      [java] [Thread-2] INFO  toJava.JavaGeneratorFactory  - excluding code generation for non-included QName:{uri:iso.org:21090}QSI_PQ.Time
OUT>      [java] [Thread-2] INFO  toJava.JavaGeneratorFactory  - excluding code generation for non-included QName:{uri:iso.org:21090}PIVL_TS.DateTime
OUT>      [java] [Thread-2] INFO  toJava.JavaGeneratorFactory  - excluding code generation for non-included QName:{gme://caCORE.caCORE/3.2/gov.nih.nci.cacoresdk.domain.other.datatype}DsetTelDataType
OUT>      [java] [Thread-2] INFO  toJava.JavaGeneratorFactory  - excluding code generation for non-included QName:{uri:iso.org:21090}DSET_CO
OUT>      [java] [Thread-2] INFO  toJava.JavaGeneratorFactory  - excluding code generation for non-included QName:{uri:iso.org:21090}DSET_CS
OUT>      [java] [Thread-2] INFO  toJava.JavaGeneratorFactory  - excluding code generation for non-included QName:{uri:iso.org:21090}>>table>frame
OUT>      [java] [Thread-2] INFO  toJava.JavaGeneratorFactory  - excluding code generation for non-included QName:{uri:iso.org:21090}NPPD_TS.Birth
OUT>      [java] [Thread-2] INFO  toJava.JavaGeneratorFactory  - excluding code generation for non-included QName:{uri:iso.org:21090}>footnote
OUT>      [java] [Thread-2] INFO  toJava.JavaGeneratorFactory  - excluding code generation for non-included QName:{uri:iso.org:21090}INT.NonNeg[0,unbounded]
OUT>      [java] [Thread-2] INFO  toJava.JavaGeneratorFactory  - excluding code generation for non-included QName:{uri:iso.org:21090}IVL.High_TS.Date
OUT>      [java] [Thread-2] INFO  toJava.JavaGeneratorFactory  - excluding code generation for non-included QName:{uri:iso.org:21090}UVP_BL.NonNull
OUT>      [java] [Thread-2] INFO  toJava.JavaGeneratorFactory  - excluding code generation for non-included QName:{uri:iso.org:21090}CD[0,unbounded]
OUT>      [java] [Thread-2] INFO  toJava.JavaGeneratorFactory  - excluding code generation for non-included QName:{uri:iso.org:21090}QSET_PQ
OUT>      [java] [Thread-2] INFO  toJava.JavaGeneratorFactory  - excluding code generation for non-included QName:{uri:iso.org:21090}QSET_TS.Date.Full[0,unbounded]
OUT>      [java] [Thread-2] INFO  toJava.JavaGeneratorFactory  - excluding code generation for non-included QName:{uri:iso.org:21090}NullFlavor
OUT>      [java] [Thread-2] INFO  toJava.JavaGeneratorFactory  - excluding code generation for non-included QName:{uri:iso.org:21090}SC.NT
OUT>      [java] [Thread-2] INFO  toJava.JavaGeneratorFactory  - excluding code generation for non-included QName:{uri:iso.org:21090}UVP_II[0,unbounded]
OUT>      [java] [Thread-2] INFO  toJava.JavaGeneratorFactory  - excluding code generation for non-included QName:{uri:iso.org:21090}COLL_TS.DateTime
OUT>      [java] [Thread-2] INFO  toJava.JavaGeneratorFactory  - excluding code generation for non-included QName:{uri:iso.org:21090}EN[0,unbounded]
OUT>      [java] [Thread-2] INFO  toJava.JavaGeneratorFactory  - excluding code generation for non-included QName:{uri:iso.org:21090}>>th>scope
OUT>      [java] [Thread-2] INFO  toJava.JavaGeneratorFactory  - excluding code generation for non-included QName:{gme://caCORE.caCORE/3.2/gov.nih.nci.cacoresdk.domain.manytomany.bidirectional}Employee
OUT>      [java] [Thread-2] INFO  toJava.JavaGeneratorFactory  - excluding code generation for non-included QName:{uri:iso.org:21090}BAG_EN.TN
OUT>      [java] [Thread-2] INFO  toJava.JavaGeneratorFactory  - excluding code generation for non-included QName:{uri:iso.org:21090}TS.Date[0,0]
OUT>      [java] [Thread-2] INFO  toJava.JavaGeneratorFactory  - excluding code generation for non-included QName:{uri:iso.org:21090}SLIST_TS.Date
OUT>      [java] [Thread-2] INFO  toJava.JavaGeneratorFactory  - excluding code generation for non-included QName:{uri:iso.org:21090}DSET_ED.Doc
OUT>      [java] [Thread-2] INFO  toJava.JavaGeneratorFactory  - excluding code generation for non-included QName:{gme://caCORE.caCORE/3.2/gov.nih.nci.cacoresdk.domain.other.datatype}RealDataType
OUT>      [java] [Thread-2] INFO  toJava.JavaGeneratorFactory  - excluding code generation for non-included QName:{uri:iso.org:21090}DSET_BL
OUT>      [java] [Thread-2] INFO  toJava.JavaGeneratorFactory  - excluding code generation for non-included QName:{uri:iso.org:21090}ED
OUT>      [java] [Thread-2] INFO  toJava.JavaGeneratorFactory  - excluding code generation for non-included QName:{uri:iso.org:21090}QSET_INT.Positive
OUT>      [java] [Thread-2] INFO  toJava.JavaGeneratorFactory  - excluding code generation for non-included QName:{uri:iso.org:21090}QSET_TS.DateTime.Full[0,unbounded]
OUT>      [java] [Thread-2] INFO  toJava.JavaGeneratorFactory  - excluding code generation for non-included QName:{uri:iso.org:21090}QSP_INT
OUT>      [java] [Thread-2] INFO  toJava.JavaGeneratorFactory  - excluding code generation for non-included QName:{uri:iso.org:21090}DSET_AD
OUT>      [java] [Thread-2] INFO  toJava.JavaGeneratorFactory  - excluding code generation for non-included QName:{uri:iso.org:21090}COLL_TEL.Person
OUT>      [java] [Thread-2] INFO  toJava.JavaGeneratorFactory  - excluding code generation for non-included QName:{uri:iso.org:21090}>>list>listType
OUT>      [java] [Thread-2] INFO  toJava.JavaGeneratorFactory  - excluding code generation for non-included QName:{uri:iso.org:21090}UVP_ST[0,unbounded]
OUT>      [java] [Thread-2] INFO  toJava.JavaGeneratorFactory  - excluding code generation for non-included QName:{uri:iso.org:21090}UVP_ED.Narrative[0,unbounded]
OUT>      [java] [Thread-2] INFO  toJava.JavaGeneratorFactory  - excluding code generation for non-included QName:{uri:iso.org:21090}IVL.Low_TS.DateTime
OUT>      [java] [Thread-2] INFO  toJava.JavaGeneratorFactory  - excluding code generation for non-included QName:{uri:iso.org:21090}CDGroup
OUT>      [java] [Thread-2] INFO  toJava.JavaGeneratorFactory  - excluding code generation for non-included QName:{uri:iso.org:21090}HIST_REAL
OUT>      [java] [Thread-2] INFO  toJava.JavaGeneratorFactory  - excluding code generation for non-included QName:{uri:iso.org:21090}COLL_PQ.Time
OUT>      [java] [Thread-2] INFO  toJava.JavaGeneratorFactory  - excluding code generation for non-included QName:{uri:iso.org:21090}EN
OUT>      [java] [Thread-2] INFO  toJava.JavaGeneratorFactory  - excluding code generation for non-included QName:{uri:iso.org:21090}LIST_TS.DateTime.Full
OUT>      [java] [Thread-2] INFO  toJava.JavaGeneratorFactory  - excluding code generation for non-included QName:{uri:iso.org:21090}COLL_RTO
OUT>      [java] [Thread-2] INFO  toJava.JavaGeneratorFactory  - excluding code generation for non-included QName:{uri:iso.org:21090}EIVL_TS.Date
OUT>      [java] [Thread-2] INFO  toJava.JavaGeneratorFactory  - excluding code generation for non-included QName:{uri:iso.org:21090}QSU_INT
OUT>      [java] [Thread-2] INFO  toJava.JavaGeneratorFactory  - excluding code generation for non-included QName:{http://CQL.caBIG/2/org.cagrid.cql2.results}CQLAttributeResult[0,unbounded]
OUT>      [java] [Thread-2] INFO  toJava.JavaGeneratorFactory  - excluding code generation for non-included QName:{uri:iso.org:21090}UVP_INT[0,unbounded]
OUT>      [java] [Thread-2] INFO  toJava.JavaGeneratorFactory  - excluding code generation for non-included QName:{gme://caGrid.caBIG/1.0/gov.nih.nci.cagrid.metadata.common}Enumeration
OUT>      [java] [Thread-2] INFO  toJava.JavaGeneratorFactory  - excluding code generation for non-included QName:{uri:iso.org:21090}LIST_BL.NonNull
OUT>      [java] [Thread-2] INFO  toJava.JavaGeneratorFactory  - excluding code generation for non-included QName:{uri:iso.org:21090}>>tbody>valign
OUT>      [java] [Thread-2] INFO  toJava.JavaGeneratorFactory  - excluding code generation for non-included QName:{uri:iso.org:21090}HXIT
OUT>      [java] [Thread-2] INFO  toJava.JavaGeneratorFactory  - excluding code generation for non-included QName:{http://docs.oasis-open.org/wsn/2004/06/wsn-WS-BaseNotification-1.2-draft-01.xsd}>PauseSubscriptionResponse
OUT>      [java] [Thread-2] INFO  toJava.JavaGeneratorFactory  - excluding code generation for non-included QName:{uri:iso.org:21090}TEL.Url
OUT>      [java] [Thread-2] INFO  toJava.JavaGeneratorFactory  - excluding code generation for non-included QName:{gme://caGrid.caBIG/1.0/gov.nih.nci.cagrid.metadata.service}Service
OUT>      [java] [Thread-2] INFO  toJava.JavaGeneratorFactory  - excluding code generation for non-included QName:{gme://caGrid.caBIG/1.0/gov.nih.nci.cagrid.metadata.common}UMLClass
OUT>      [java] [Thread-2] INFO  toJava.JavaGeneratorFactory  - excluding code generation for non-included QName:{gme://caGrid.caBIG/1.0/gov.nih.nci.cagrid.metadata.common}>UMLClass>umlAttributeCollection
OUT>      [java] [Thread-2] INFO  toJava.JavaGeneratorFactory  - excluding code generation for non-included QName:{uri:iso.org:21090}set_TelecommunicationAddressUse
OUT>      [java] [Thread-2] INFO  toJava.JavaGeneratorFactory  - excluding code generation for non-included QName:{gme://caCORE.caCORE/3.2/gov.nih.nci.cacoresdk.domain.other.levelassociation}Suit
OUT>      [java] [Thread-2] INFO  toJava.JavaGeneratorFactory  - excluding code generation for non-included QName:{uri:iso.org:21090}HIST_TS.DateTime
OUT>      [java] [Thread-2] INFO  toJava.JavaGeneratorFactory  - excluding code generation for non-included QName:{uri:iso.org:21090}UVP_TS.Birth[0,unbounded]
OUT>      [java] [Thread-2] INFO  toJava.JavaGeneratorFactory  - excluding code generation for non-included QName:{uri:iso.org:21090}set_PostalAddressUse
OUT>      [java] [Thread-2] INFO  toJava.JavaGeneratorFactory  - excluding code generation for non-included QName:{uri:iso.org:21090}QSD_INT.Positive
OUT>      [java] [Thread-2] INFO  toJava.JavaGeneratorFactory  - excluding code generation for non-included QName:{uri:iso.org:21090}QSU_RTO
OUT>      [java] [Thread-2] INFO  toJava.JavaGeneratorFactory  - excluding code generation for non-included QName:{http://CQL.caBIG/2/org.cagrid.cql2}CQLAssociatedObject
OUT>      [java] [Thread-2] INFO  toJava.JavaGeneratorFactory  - excluding code generation for non-included QName:{uri:iso.org:21090}HIST_INT.NonNeg
OUT>      [java] [Thread-2] INFO  toJava.JavaGeneratorFactory  - excluding code generation for non-included QName:{uri:iso.org:21090}>>th>valign
OUT>      [java] [Thread-2] INFO  toJava.JavaGeneratorFactory  - excluding code generation for non-included QName:{uri:iso.org:21090}BL
OUT>      [java] [Thread-2] INFO  toJava.JavaGeneratorFactory  - excluding code generation for non-included QName:{uri:iso.org:21090}QSS_TS.Birth
OUT>      [java] [Thread-2] INFO  toJava.JavaGeneratorFactory  - excluding code generation for non-included QName:{uri:iso.org:21090}SLIST_PQ
OUT>      [java] [Thread-2] INFO  toJava.JavaGeneratorFactory  - excluding code generation for non-included QName:{http://CQL.caBIG/2/org.cagrid.cql2}AssociationPopulationSpecification
OUT>      [java] [Thread-2] INFO  toJava.JavaGeneratorFactory  - excluding code generation for non-included QName:{gme://caGrid.caBIG/1.0/gov.nih.nci.cagrid.metadata.common}ResearchCenter
OUT>      [java] [Thread-2] INFO  toJava.JavaGeneratorFactory  - excluding code generation for non-included QName:{uri:iso.org:21090}GLIST_TS.Date.Full
OUT>      [java] [Thread-2] INFO  toJava.JavaGeneratorFactory  - excluding code generation for non-included QName:{uri:iso.org:21090}LIST_TEL.Phone
OUT>      [java] [Thread-2] INFO  toJava.JavaGeneratorFactory  - excluding code generation for non-included QName:{gme://caCORE.caCORE/3.2/gov.nih.nci.cacoresdk.domain.inheritance.implicit}TankAccessory
OUT>      [java] [Thread-2] INFO  toJava.JavaGeneratorFactory  - excluding code generation for non-included QName:{uri:iso.org:21090}UVP_EN.TN[0,unbounded]
OUT>      [java] [Thread-2] INFO  toJava.JavaGeneratorFactory  - excluding code generation for non-included QName:{uri:iso.org:21090}BAG_EN.ON
OUT>      [java] [Thread-2] INFO  toJava.JavaGeneratorFactory  - excluding code generation for non-included QName:{uri:iso.org:21090}NPPD_TEL.Person
OUT>      [java] [Thread-2] INFO  toJava.JavaGeneratorFactory  - excluding code generation for non-included QName:{uri:iso.org:21090}CS
OUT>      [java] [Thread-2] INFO  toJava.JavaGeneratorFactory  - excluding code generation for non-included QName:{uri:iso.org:21090}LIST_SC.NT
OUT>      [java] [Thread-2] INFO  toJava.JavaGeneratorFactory  - excluding code generation for non-included QName:{uri:iso.org:21090}CR
OUT>      [java] [Thread-2] INFO  toJava.JavaGeneratorFactory  - excluding code generation for non-included QName:{uri:iso.org:21090}CO
OUT>      [java] [Thread-2] INFO  toJava.JavaGeneratorFactory  - excluding code generation for non-included QName:{uri:iso.org:21090}TS.DateTime.Full[0,0]
OUT>      [java] [Thread-2] INFO  toJava.JavaGeneratorFactory  - excluding code generation for non-included QName:{uri:iso.org:21090}HIST_BL.NonNull
OUT>      [java] [Thread-2] INFO  toJava.JavaGeneratorFactory  - excluding code generation for non-included QName:{http://docs.oasis-open.org/wsrf/2004/06/wsrf-WS-ResourceProperties-1.2-draft-01.xsd}>GetMultipleResourceProperties
OUT>      [java] [Thread-2] INFO  toJava.JavaGeneratorFactory  - excluding code generation for non-included QName:{http://CQL.caBIG/2/org.cagrid.cql2.results}CQLQueryResults
OUT>      [java] [Thread-2] INFO  toJava.JavaGeneratorFactory  - excluding code generation for non-included QName:{uri:iso.org:21090}ED[0,unbounded]
OUT>      [java] [Thread-2] INFO  toJava.JavaGeneratorFactory  - excluding code generation for non-included QName:{uri:iso.org:21090}UVP_CS[0,unbounded]
OUT>      [java] [Thread-2] INFO  toJava.JavaGeneratorFactory  - excluding code generation for non-included QName:{http://docs.oasis-open.org/wsrf/2004/06/wsrf-WS-ResourceProperties-1.2-draft-01.xsd}InvalidSetResourcePropertiesRequestContentFaultType
OUT>      [java] [Thread-2] INFO  toJava.JavaGeneratorFactory  - excluding code generation for non-included QName:{uri:iso.org:21090}CD
OUT>      [java] [Thread-2] INFO  toJava.JavaGeneratorFactory  - excluding code generation for non-included QName:{uri:iso.org:21090}QSI_INT
OUT>      [java] [Thread-2] INFO  toJava.JavaGeneratorFactory  - excluding code generation for non-included QName:{http://docs.oasis-open.org/wsrf/2004/06/wsrf-WS-ResourceProperties-1.2-draft-01.xsd}DeleteType
OUT>      [java] [Thread-2] INFO  toJava.JavaGeneratorFactory  - excluding code generation for non-included QName:{gme://caCORE.caCORE/3.2/gov.nih.nci.cacoresdk.domain.onetomany.bidirectional.withjoin}>Flight>passangerCollection
OUT>      [java] [Thread-2] INFO  toJava.JavaGeneratorFactory  - excluding code generation for non-included QName:{uri:iso.org:21090}UVP_ED.Doc.Ref[0,unbounded]
OUT>      [java] [Thread-2] INFO  toJava.JavaGeneratorFactory  - excluding code generation for non-included QName:{gme://caCORE.caCORE/3.2/gov.nih.nci.cacoresdk.domain.inheritance.twolevelinheritance.sametable}ParliamantaryGovt
OUT>      [java] [Thread-2] INFO  toJava.JavaGeneratorFactory  - excluding code generation for non-included QName:{gme://caCORE.caCORE/3.2/gov.nih.nci.cacoresdk.domain.onetoone.unidirectional}Address
OUT>      [java] [Thread-2] INFO  toJava.JavaGeneratorFactory  - excluding code generation for non-included QName:{uri:iso.org:21090}LIST_CD.CE
OUT>      [java] [Thread-2] INFO  toJava.JavaGeneratorFactory  - excluding code generation for non-included QName:{uri:iso.org:21090}ED.Image[0,unbounded]
OUT>      [java] [Thread-2] INFO  toJava.JavaGeneratorFactory  - excluding code generation for non-included QName:{uri:iso.org:21090}BAG_EN.PN
OUT>      [java] [Thread-2] INFO  toJava.JavaGeneratorFactory  - excluding code generation for non-included QName:{uri:iso.org:21090}QSET_MO
OUT>      [java] [Thread-2] INFO  toJava.JavaGeneratorFactory  - excluding code generation for non-included QName:{uri:iso.org:21090}QSP_TS.DateTime
OUT>      [java] [Thread-2] INFO  toJava.JavaGeneratorFactory  - excluding code generation for non-included QName:{uri:iso.org:21090}NPPD_TS.DateTime
OUT>      [java] [Thread-2] INFO  toJava.JavaGeneratorFactory  - excluding code generation for non-included QName:{uri:iso.org:21090}TS.DateTime[0,unbounded]
OUT>      [java] [Thread-2] INFO  toJava.JavaGeneratorFactory  - excluding code generation for non-included QName:{uri:iso.org:21090}HIST_SC.NT
OUT>      [java] [Thread-2] INFO  toJava.JavaGeneratorFactory  - excluding code generation for non-included QName:{uri:iso.org:21090}LIST_CD.CV
OUT>      [java] [Thread-2] INFO  toJava.JavaGeneratorFactory  - excluding code generation for non-included QName:{uri:iso.org:21090}XReference
OUT>      [java] [Thread-2] INFO  toJava.JavaGeneratorFactory  - excluding code generation for non-included QName:{gme://caCORE.caCORE/3.2/gov.nih.nci.cacoresdk.domain.other.datatype}EnOnDataType
OUT>      [java] [Thread-2] INFO  toJava.JavaGeneratorFactory  - excluding code generation for non-included QName:{http://CQL.caBIG/2/org.cagrid.cql2}AttributeValue
OUT>      [java] [Thread-2] INFO  toJava.JavaGeneratorFactory  - excluding code generation for non-included QName:{uri:iso.org:21090}QSS_TS.DateTime.Full
OUT>      [java] [Thread-2] INFO  toJava.JavaGeneratorFactory  - excluding code generation for non-included QName:{uri:iso.org:21090}QSI_TS.DateTime.Full
OUT>      [java] [Thread-2] INFO  toJava.JavaGeneratorFactory  - excluding code generation for non-included QName:{uri:iso.org:21090}ED.Narrative[0,unbounded]
OUT>      [java] [Thread-2] INFO  toJava.JavaGeneratorFactory  - excluding code generation for non-included QName:{uri:iso.org:21090}HIST_TEL.Url
OUT>      [java] [Thread-2] INFO  toJava.JavaGeneratorFactory  - excluding code generation for non-included QName:{uri:iso.org:21090}CR[0,unbounded]
OUT>      [java] [Thread-2] INFO  toJava.JavaGeneratorFactory  - excluding code generation for non-included QName:{uri:iso.org:21090}RTO[0,unbounded]
OUT>      [java] [Thread-2] INFO  toJava.JavaGeneratorFactory  - excluding code generation for non-included QName:{uri:iso.org:21090}QSET_REAL
OUT>      [java] [Thread-2] INFO  toJava.JavaGeneratorFactory  - excluding code generation for non-included QName:{gme://caCORE.caCORE/3.2/gov.nih.nci.cacoresdk.domain.other.datatype}StDataType
OUT>      [java] [Thread-2] INFO  toJava.JavaGeneratorFactory  - excluding code generation for non-included QName:{uri:iso.org:21090}QSI_INT.Positive
OUT>      [java] [Thread-2] INFO  toJava.JavaGeneratorFactory  - excluding code generation for non-included QName:{uri:iso.org:21090}IVL.High_CO
OUT>      [java] [Thread-2] INFO  toJava.JavaGeneratorFactory  - excluding code generation for non-included QName:{gme://caCORE.caCORE/3.2/gov.nih.nci.cacoresdk.domain.onetomany.unidirectional}KeyChain
OUT>      [java] [Thread-2] INFO  toJava.JavaGeneratorFactory  - excluding code generation for non-included QName:{uri:iso.org:21090}EN.ON[0,unbounded]
OUT>      [java] [Thread-2] INFO  toJava.JavaGeneratorFactory  - excluding code generation for non-included QName:{gme://caCORE.caCORE/3.2/gov.nih.nci.cacoresdk.domain.inheritance.childwithassociation.sametable}Shoes
OUT>      [java] [Thread-2] INFO  toJava.JavaGeneratorFactory  - excluding code generation for non-included QName:{uri:iso.org:21090}DSET_TEL.Phone
OUT>      [java] [Thread-2] INFO  toJava.JavaGeneratorFactory  - excluding code generation for non-included QName:{gme://caGrid.caBIG/1.0/gov.nih.nci.cagrid.metadata.service}CaDSRRegistration
OUT>      [java] [Thread-2] INFO  toJava.JavaGeneratorFactory  - excluding code generation for non-included QName:{uri:iso.org:21090}NPPD_ST.NT
OUT>      [java] [Thread-2] INFO  toJava.JavaGeneratorFactory  - excluding code generation for non-included QName:{uri:iso.org:21090}INT.Positive[0,unbounded]
OUT>      [java] [Thread-2] INFO  toJava.JavaGeneratorFactory  - excluding code generation for non-included QName:{uri:iso.org:21090}COLL_TEL.Email
OUT>      [java] [Thread-2] INFO  toJava.JavaGeneratorFactory  - excluding code generation for non-included QName:{uri:iso.org:21090}AD
OUT>      [java] [Thread-2] INFO  toJava.JavaGeneratorFactory  - excluding code generation for non-included QName:{uri:iso.org:21090}IVL.Low_CO
OUT>      [java] [Thread-2] INFO  toJava.JavaGeneratorFactory  - excluding code generation for non-included QName:{uri:iso.org:21090}QSI_TS.Date
OUT>      [java] [Thread-2] INFO  toJava.JavaGeneratorFactory  - excluding code generation for non-included QName:{gme://caGrid.caBIG/1.0/gov.nih.nci.cagrid.metadata.security}CommunicationStyle
OUT>      [java] [Thread-2] INFO  toJava.JavaGeneratorFactory  - excluding code generation for non-included QName:{gme://caGrid.caBIG/1.0/gov.nih.nci.cagrid.metadata.service}Output
OUT>      [java] [Thread-2] INFO  toJava.JavaGeneratorFactory  - excluding code generation for non-included QName:{http://docs.oasis-open.org/wsrf/2004/06/wsrf-WS-ResourceProperties-1.2-draft-01.xsd}>ResourcePropertyValueChangeNotificationType>NewValue
OUT>      [java] [Thread-2] INFO  toJava.JavaGeneratorFactory  - excluding code generation for non-included QName:{uri:iso.org:21090}NPPD_ED.Doc.Ref
OUT>      [java] [Thread-2] INFO  toJava.JavaGeneratorFactory  - excluding code generation for non-included QName:{http://docs.oasis-open.org/wsrf/2004/06/wsrf-WS-ResourceProperties-1.2-draft-01.xsd}ResourceUnknownFaultType
OUT>      [java] [Thread-2] INFO  toJava.JavaGeneratorFactory  - excluding code generation for non-included QName:{http://docs.oasis-open.org/wsrf/2004/06/wsrf-WS-ResourceProperties-1.2-draft-01.xsd}>GetMultipleResourcePropertiesResponse
OUT>      [java] [Thread-2] INFO  toJava.JavaGeneratorFactory  - excluding code generation for non-included QName:{uri:iso.org:21090}QSS_INT.NonNeg
OUT>      [java] [Thread-2] INFO  toJava.JavaGeneratorFactory  - excluding code generation for non-included QName:{uri:iso.org:21090}PQR[0,unbounded]
OUT>      [java] [Thread-2] INFO  toJava.JavaGeneratorFactory  - excluding code generation for non-included QName:{uri:iso.org:21090}BAG_ED.Narrative
OUT>      [java] [Thread-2] INFO  toJava.JavaGeneratorFactory  - excluding code generation for non-included QName:{uri:iso.org:21090}DSET_TS.DateTime
OUT>      [java] [Thread-2] INFO  toJava.JavaGeneratorFactory  - excluding code generation for non-included QName:{uri:iso.org:21090}HIST_ED.Doc.Ref
OUT>      [java] [Thread-2] INFO  toJava.JavaGeneratorFactory  - excluding code generation for non-included QName:{gme://caGrid.caBIG/1.0/gov.nih.nci.cagrid.metadata.service}>ServiceContext>operationCollection
OUT>      [java] [Thread-2] INFO  toJava.JavaGeneratorFactory  - excluding code generation for non-included QName:{gme://caCORE.caCORE/3.2/gov.nih.nci.cacoresdk.domain.manytomany.bidirectional}>Project>employeeCollection
OUT>      [java] [Thread-2] INFO  toJava.JavaGeneratorFactory  - excluding code generation for non-included QName:{gme://caCORE.caCORE/3.2/gov.nih.nci.cacoresdk.domain.interfaze}Dog
OUT>      [java] [Thread-2] INFO  toJava.JavaGeneratorFactory  - excluding code generation for non-included QName:{uri:iso.org:21090}TS.Date.Full[0,0]
OUT>      [java] [Thread-2] INFO  toJava.JavaGeneratorFactory  - excluding code generation for non-included QName:{uri:iso.org:21090}GLIST_TS.DateTime.Full
OUT>      [java] [Thread-2] INFO  toJava.JavaGeneratorFactory  - excluding code generation for non-included QName:{uri:iso.org:21090}QSD_INT.NonNeg
OUT>      [java] [Thread-2] INFO  toJava.JavaGeneratorFactory  - excluding code generation for non-included QName:{gme://caGrid.caBIG/1.0/gov.nih.nci.cagrid.metadata.security}Operation
OUT>      [java] [Thread-2] INFO  toJava.JavaGeneratorFactory  - excluding code generation for non-included QName:{uri:iso.org:21090}TEL.Person[0,unbounded]
OUT>      [java] [Thread-2] INFO  toJava.JavaGeneratorFactory  - excluding code generation for non-included QName:{gme://caCORE.caCORE/3.2/gov.nih.nci.cacoresdk.domain.other.datatype}TelUrlDataType
OUT>      [java] [Thread-2] INFO  toJava.JavaGeneratorFactory  - excluding code generation for non-included QName:{uri:iso.org:21090}HIST_RTO
OUT>      [java] [Thread-2] INFO  toJava.JavaGeneratorFactory  - excluding code generation for non-included QName:{uri:iso.org:21090}QSP_REAL
OUT>      [java] [Thread-2] INFO  toJava.JavaGeneratorFactory  - excluding code generation for non-included QName:{uri:iso.org:21090}COLL_TS.Date.Full
OUT>      [java] [Thread-2] INFO  toJava.JavaGeneratorFactory  - excluding code generation for non-included QName:{uri:iso.org:21090}TEL.Url[0,unbounded]
OUT>      [java] [Thread-2] INFO  toJava.JavaGeneratorFactory  - excluding code generation for non-included QName:{uri:iso.org:21090}>tfoot
OUT>      [java] [Thread-2] INFO  toJava.JavaGeneratorFactory  - excluding code generation for non-included QName:{uri:iso.org:21090}IVL_TS.Date.Full
OUT>      [java] [Thread-2] INFO  toJava.JavaGeneratorFactory  - excluding code generation for non-included QName:{gme://caCORE.caCORE/3.2/gov.nih.nci.cacoresdk.domain.inheritance.implicit}Fish
OUT>      [java] [Thread-2] INFO  toJava.JavaGeneratorFactory  - excluding code generation for non-included QName:{gme://caCORE.caCORE/3.2/gov.nih.nci.cacoresdk.domain.manytomany.unidirectional}Author
OUT>      [java] [Thread-2] INFO  toJava.JavaGeneratorFactory  - excluding code generation for non-included QName:{gme://caCORE.caCORE/3.2/gov.nih.nci.cacoresdk.domain.inheritance.childwithassociation}Payment
OUT>      [java] [Thread-2] INFO  toJava.JavaGeneratorFactory  - excluding code generation for non-included QName:{uri:iso.org:21090}DSET_INT
OUT>      [java] [Thread-2] INFO  toJava.JavaGeneratorFactory  - excluding code generation for non-included QName:{uri:iso.org:21090}QSET_PQ.Time
OUT>      [java] [Thread-2] INFO  toJava.JavaGeneratorFactory  - excluding code generation for non-included QName:{http://docs.oasis-open.org/wsrf/2004/06/wsrf-WS-ResourceLifetime-1.2-draft-01.xsd}TerminationTimeChangeRejectedFaultType
OUT>      [java] [Thread-2] INFO  toJava.JavaGeneratorFactory  - excluding code generation for non-included QName:{uri:iso.org:21090}UVP_TEL.Url
OUT>      [java] [Thread-2] INFO  toJava.JavaGeneratorFactory  - excluding code generation for non-included QName:{uri:iso.org:21090}CodingRationale
OUT>      [java] [Thread-2] INFO  toJava.JavaGeneratorFactory  - excluding code generation for non-included QName:{gme://caGrid.caBIG/1.0/gov.nih.nci.cagrid.metadata.common}PointOfContact
OUT>      [java] [Thread-2] INFO  toJava.JavaGeneratorFactory  - excluding code generation for non-included QName:{gme://caCORE.caCORE/3.2/gov.nih.nci.cacoresdk.domain.onetoone.bidirectional.withjoin}Pendant
OUT>      [java] [Thread-2] INFO  toJava.JavaGeneratorFactory  - excluding code generation for non-included QName:{uri:iso.org:21090}HIST_PQ
OUT>      [java] [Thread-2] INFO  toJava.JavaGeneratorFactory  - excluding code generation for non-included QName:{http://CQL.caBIG/2/org.cagrid.cql2}CQLQuery
OUT>      [java] [Thread-2] INFO  toJava.JavaGeneratorFactory  - excluding code generation for non-included QName:{gme://caCORE.caCORE/3.2/gov.nih.nci.cacoresdk.domain.manytoone.unidirectional.withjoin}Song
OUT>      [java] [Thread-2] INFO  toJava.JavaGeneratorFactory  - excluding code generation for non-included QName:{gme://caCORE.caCORE/3.2/gov.nih.nci.cacoresdk.domain.inheritance.implicit}AngelFish
OUT>      [java] [Thread-2] INFO  toJava.JavaGeneratorFactory  - excluding code generation for non-included QName:{uri:iso.org:21090}QSI_TS.Birth
OUT>      [java] [Thread-2] INFO  toJava.JavaGeneratorFactory  - excluding code generation for non-included QName:{gme://caCORE.caCORE/3.2/gov.nih.nci.cacoresdk.domain.other.levelassociation}>Hand>cardCollection
OUT>      [java] [Thread-2] INFO  toJava.JavaGeneratorFactory  - excluding code generation for non-included QName:{gme://caCORE.caCORE/3.2/gov.nih.nci.cacoresdk.domain.other.datatype}DsetIiDataType
OUT>      [java] [Thread-2] INFO  toJava.JavaGeneratorFactory  - excluding code generation for non-included QName:{uri:iso.org:21090}QSI_CO
OUT>      [java] [Thread-2] INFO  toJava.JavaGeneratorFactory  - excluding code generation for non-included QName:{uri:iso.org:21090}QSET_RTO[0,unbounded]
OUT>      [java] [Thread-2] INFO  toJava.JavaGeneratorFactory  - excluding code generation for non-included QName:{gme://caCORE.caCORE/3.2/gov.nih.nci.cacoresdk.domain.inheritance.multiplechild}Student
OUT>      [java] [Thread-2] INFO  toJava.JavaGeneratorFactory  - excluding code generation for non-included QName:{uri:iso.org:21090}AD[0,unbounded]
OUT>      [java] [Thread-2] INFO  toJava.JavaGeneratorFactory  - excluding code generation for non-included QName:{http://schemas.xmlsoap.org/ws/2004/03/addressing}AttributedQName
OUT>      [java] [Thread-2] INFO  toJava.JavaGeneratorFactory  - excluding code generation for non-included QName:{uri:iso.org:21090}MO
OUT>      [java] [Thread-2] INFO  toJava.JavaGeneratorFactory  - excluding code generation for non-included QName:{uri:iso.org:21090}>col
OUT>      [java] [Thread-2] INFO  toJava.JavaGeneratorFactory  - excluding code generation for non-included QName:{gme://caCORE.caCORE/3.2/gov.nih.nci.cacoresdk.domain.onetoone.unidirectional.withjoin}Handle
OUT>      [java] [Thread-2] INFO  toJava.JavaGeneratorFactory  - excluding code generation for non-included QName:{uri:iso.org:21090}DSET_ED.Text
OUT>      [java] [Thread-2] INFO  toJava.JavaGeneratorFactory  - excluding code generation for non-included QName:{uri:iso.org:21090}QSU_TS.Date
OUT>      [java] [Thread-2] INFO  toJava.JavaGeneratorFactory  - excluding code generation for non-included QName:{uri:iso.org:21090}TS.DateTime.Full[0,unbounded]
OUT>      [java] [Thread-2] INFO  toJava.JavaGeneratorFactory  - excluding code generation for non-included QName:{http://CQL.caBIG/2/org.cagrid.cql2}CQLTargetObject
OUT>      [java] [Thread-2] INFO  toJava.JavaGeneratorFactory  - excluding code generation for non-included QName:{uri:iso.org:21090}DSET_II
OUT>      [java] [Thread-2] INFO  toJava.JavaGeneratorFactory  - excluding code generation for non-included QName:{uri:iso.org:21090}QSD_TS.Date.Full
OUT>      [java] [Thread-2] INFO  toJava.JavaGeneratorFactory  - excluding code generation for non-included QName:{uri:iso.org:21090}UVP_EN[0,unbounded]
OUT>      [java] [Thread-2] INFO  toJava.JavaGeneratorFactory  - excluding code generation for non-included QName:{http://docs.oasis-open.org/wsrf/2004/06/wsrf-WS-ResourceLifetime-1.2-draft-01.xsd}>ScheduledResourceTerminationRP
OUT>      [java] [Thread-2] INFO  toJava.JavaGeneratorFactory  - excluding code generation for non-included QName:{http://docs.oasis-open.org/wsrf/2004/06/wsrf-WS-ResourceLifetime-1.2-draft-01.xsd}>Destroy
OUT>      [java] [Thread-2] INFO  toJava.JavaGeneratorFactory  - excluding code generation for non-included QName:{gme://caCORE.caCORE/3.2/gov.nih.nci.cacoresdk.domain.other.differentpackage.associations}Pie
OUT>      [java] [Thread-2] INFO  toJava.JavaGeneratorFactory  - excluding code generation for non-included QName:{uri:iso.org:21090}UVP_TS[0,unbounded]
OUT>      [java] [Thread-2] INFO  toJava.JavaGeneratorFactory  - excluding code generation for non-included QName:{gme://caGrid.caBIG/1.0/gov.nih.nci.cagrid.metadata.common}ValueDomain
OUT>      [java] [Thread-2] INFO  toJava.JavaGeneratorFactory  - excluding code generation for non-included QName:{uri:iso.org:21090}HIST_ST.NT
OUT>      [java] [Thread-2] INFO  toJava.JavaGeneratorFactory  - excluding code generation for non-included QName:{uri:iso.org:21090}LIST_TEL.Url
OUT>      [java] [Thread-2] INFO  toJava.JavaGeneratorFactory  - excluding code generation for non-included QName:{uri:iso.org:21090}PQR[0,0]
OUT>      [java] [Thread-2] INFO  toJava.JavaGeneratorFactory  - excluding code generation for non-included QName:{uri:iso.org:21090}SLIST_PQ.Time
OUT>      [java] [Thread-2] INFO  toJava.JavaGeneratorFactory  - excluding code generation for non-included QName:{uri:iso.org:21090}IVL_PQ.Time
OUT>      [java] [Thread-2] INFO  toJava.JavaGeneratorFactory  - excluding code generation for non-included QName:{uri:iso.org:21090}QSI_INT.NonNeg
OUT>      [java] [Thread-2] INFO  toJava.JavaGeneratorFactory  - excluding code generation for non-included QName:{http://docs.oasis-open.org/wsn/2004/06/wsn-WS-BaseNotification-1.2-draft-01.xsd}PauseFailedFaultType
OUT>      [java] [Thread-2] INFO  toJava.JavaGeneratorFactory  - excluding code generation for non-included QName:{uri:iso.org:21090}QSP_TS.DateTime.Full
OUT>      [java] [Thread-2] INFO  toJava.JavaGeneratorFactory  - excluding code generation for non-included QName:{uri:iso.org:21090}IVL.High_INT
OUT>      [java] [Thread-2] INFO  toJava.JavaGeneratorFactory  - excluding code generation for non-included QName:{uri:iso.org:21090}BAG_INT
OUT>      [java] [Thread-2] INFO  toJava.JavaGeneratorFactory  - excluding code generation for non-included QName:{uri:iso.org:21090}IntegrityCheckAlgorithm
OUT>      [java] [Thread-2] INFO  toJava.JavaGeneratorFactory  - excluding code generation for non-included QName:{uri:iso.org:21090}QSET_TS
OUT>      [java] [Thread-2] INFO  toJava.JavaGeneratorFactory  - excluding code generation for non-included QName:{gme://caCORE.caCORE/3.2/gov.nih.nci.cacoresdk.domain.onetomany.bidirectional}Computer
OUT>      [java] [Thread-2] INFO  toJava.JavaGeneratorFactory  - excluding code generation for non-included QName:{gme://caCORE.caCORE/3.2/gov.nih.nci.cacoresdk.domain.other.differentpackage.associations}Utensil
OUT>      [java] [Thread-2] INFO  toJava.JavaGeneratorFactory  - excluding code generation for non-included QName:{uri:iso.org:21090}Compression
OUT>      [java] [Thread-2] INFO  toJava.JavaGeneratorFactory  - excluding code generation for non-included QName:{http://CQL.caBIG/2/org.cagrid.cql2.results}CQLObjectResult[0,unbounded]
OUT>      [java] [Thread-2] INFO  toJava.JavaGeneratorFactory  - excluding code generation for non-included QName:{uri:iso.org:21090}INT[0,unbounded]
OUT>      [java] [Thread-2] INFO  toJava.JavaGeneratorFactory  - excluding code generation for non-included QName:{uri:iso.org:21090}CD.CE[0,unbounded]
OUT>      [java] [Thread-2] INFO  toJava.JavaGeneratorFactory  - excluding code generation for non-included QName:{gme://caGrid.caBIG/1.0/gov.nih.nci.cagrid.metadata.service}ContextProperty
OUT>      [java] [Thread-2] INFO  toJava.JavaGeneratorFactory  - excluding code generation for non-included QName:{http://docs.oasis-open.org/wsn/2004/06/wsn-WS-BaseNotification-1.2-draft-01.xsd}TopicNotSupportedFaultType
OUT>      [java] [Thread-2] INFO  toJava.JavaGeneratorFactory  - excluding code generation for non-included QName:{http://CQL.caBIG/2/org.cagrid.cql2}CQLAssociatedObject[,unbounded]
OUT>      [java] [Thread-2] INFO  toJava.JavaGeneratorFactory  - excluding code generation for non-included QName:{uri:iso.org:21090}PQ.Time[0,0]
OUT>      [java] [Thread-2] INFO  toJava.JavaGeneratorFactory  - excluding code generation for non-included QName:{gme://caCORE.caCORE/3.2/gov.nih.nci.cacoresdk.domain.other.primarykey}DoublePrimitiveKey
OUT>      [java] [Thread-2] INFO  toJava.JavaGeneratorFactory  - excluding code generation for non-included QName:{uri:iso.org:21090}UVP_ED.Doc.Inline
OUT>      [java] [Thread-2] INFO  toJava.JavaGeneratorFactory  - excluding code generation for non-included QName:{uri:iso.org:21090}GLIST_INT.Positive
OUT>      [java] [Thread-2] INFO  toJava.JavaGeneratorFactory  - excluding code generation for non-included QName:{gme://caCORE.caCORE/3.2/gov.nih.nci.cacoresdk.domain.inheritance.implicit}>SaltwaterFishTank>substrateCollection
OUT>      [java] [Thread-2] INFO  toJava.JavaGeneratorFactory  - excluding code generation for non-included QName:{uri:iso.org:21090}HIST_INT
OUT>      [java] [Thread-2] INFO  toJava.JavaGeneratorFactory  - excluding code generation for non-included QName:{uri:iso.org:21090}IVL.Low_INT.NonNeg
OUT>      [java] [Thread-2] INFO  toJava.JavaGeneratorFactory  - excluding code generation for non-included QName:{uri:iso.org:21090}>>tbody>align
OUT>      [java] [Thread-2] INFO  toJava.JavaGeneratorFactory  - excluding code generation for non-included QName:{uri:iso.org:21090}CD.CV
OUT>      [java] [Thread-2] INFO  toJava.JavaGeneratorFactory  - excluding code generation for non-included QName:{gme://caCORE.caCORE/3.2/gov.nih.nci.cacoresdk.domain.inheritance.onechild}Mammal
OUT>      [java] [Thread-2] INFO  toJava.JavaGeneratorFactory  - excluding code generation for non-included QName:{uri:iso.org:21090}ED.Doc.Ref
OUT>      [java] [Thread-2] INFO  toJava.JavaGeneratorFactory  - excluding code generation for non-included QName:{uri:iso.org:21090}QSS_REAL
OUT>      [java] [Thread-2] INFO  toJava.JavaGeneratorFactory  - excluding code generation for non-included QName:{gme://caCORE.caCORE/3.2/gov.nih.nci.cacoresdk.domain.other.primarykey}LongPrimitiveKey
OUT>      [java] [Thread-2] INFO  toJava.JavaGeneratorFactory  - excluding code generation for non-included QName:{uri:iso.org:21090}TS.Date.Full
OUT>      [java] [Thread-2] INFO  toJava.JavaGeneratorFactory  - excluding code generation for non-included QName:{uri:iso.org:21090}ED.Signature
OUT>      [java] [Thread-2] INFO  toJava.JavaGeneratorFactory  - excluding code generation for non-included QName:{gme://caCORE.caCORE/3.2/gov.nih.nci.cacoresdk.domain.inheritance.parentwithassociation}TenuredProfessor
OUT>      [java] [Thread-2] INFO  toJava.JavaGeneratorFactory  - excluding code generation for non-included QName:{uri:iso.org:21090}CS[0,unbounded]
OUT>      [java] [Thread-2] INFO  toJava.JavaGeneratorFactory  - excluding code generation for non-included QName:{uri:iso.org:21090}HIST_TS
OUT>      [java] [Thread-2] INFO  toJava.JavaGeneratorFactory  - excluding code generation for non-included QName:{uri:iso.org:21090}UVP_TS.Date[0,unbounded]
OUT>      [java] [Thread-2] INFO  toJava.JavaGeneratorFactory  - excluding code generation for non-included QName:{uri:iso.org:21090}NPPD_TEL.Email
OUT>      [java] [Thread-2] INFO  toJava.JavaGeneratorFactory  - excluding code generation for non-included QName:{gme://caCORE.caCORE/3.2/gov.nih.nci.cacoresdk.domain.other.datatype}ScDataType
OUT>      [java] [Thread-2] INFO  toJava.JavaGeneratorFactory  - excluding code generation for non-included QName:{uri:iso.org:21090}SC[0,unbounded]
OUT>      [java] [Thread-2] INFO  toJava.JavaGeneratorFactory  - excluding code generation for non-included QName:{http://CQL.caBIG/2/org.cagrid.cql2.results}TargetAttribute
OUT>      [java] [Thread-2] INFO  toJava.JavaGeneratorFactory  - excluding code generation for non-included QName:{gme://caGrid.caBIG/1.0/gov.nih.nci.cagrid.metadata.security}protectionLevelType
OUT>      [java] [Thread-2] INFO  toJava.JavaGeneratorFactory  - excluding code generation for non-included QName:{uri:iso.org:21090}HIST_TEL.Person
OUT>      [java] [Thread-2] INFO  toJava.JavaGeneratorFactory  - excluding code generation for non-included QName:{uri:iso.org:21090}>tr
OUT>      [java] [Thread-2] INFO  toJava.JavaGeneratorFactory  - excluding code generation for non-included QName:{uri:iso.org:21090}INT.Positive
OUT>      [java] [Thread-2] INFO  toJava.JavaGeneratorFactory  - excluding code generation for non-included QName:{uri:iso.org:21090}>th
OUT>      [java] [Thread-2] INFO  toJava.JavaGeneratorFactory  - excluding code generation for non-included QName:{uri:iso.org:21090}II
OUT>      [java] [Thread-2] INFO  toJava.JavaGeneratorFactory  - excluding code generation for non-included QName:{uri:iso.org:21090}CD.CE
OUT>      [java] [Thread-2] INFO  toJava.JavaGeneratorFactory  - excluding code generation for non-included QName:{uri:iso.org:21090}QSP_TS.Date
OUT>      [java] [Thread-2] INFO  toJava.JavaGeneratorFactory  - excluding code generation for non-included QName:{uri:iso.org:21090}HIST_SC
OUT>      [java] [Thread-2] INFO  toJava.JavaGeneratorFactory  - excluding code generation for non-included QName:{http://docs.oasis-open.org/wsrf/2004/06/wsrf-WS-ResourceProperties-1.2-draft-01.xsd}InsertType
OUT>      [java] [Thread-2] INFO  toJava.JavaGeneratorFactory  - excluding code generation for non-included QName:{uri:iso.org:21090}LIST_ED.Doc.Ref
OUT>      [java] [Thread-2] INFO  toJava.JavaGeneratorFactory  - excluding code generation for non-included QName:{uri:iso.org:21090}DSET_ST.NT
OUT>      [java] [Thread-2] INFO  toJava.JavaGeneratorFactory  - excluding code generation for non-included QName:{uri:iso.org:21090}TS.DateTime[0,0]
OUT>      [java] [Thread-2] INFO  toJava.JavaGeneratorFactory  - excluding code generation for non-included QName:{uri:iso.org:21090}HIST_TEL.Phone
OUT>      [java] [Thread-2] INFO  toJava.JavaGeneratorFactory  - excluding code generation for non-included QName:{uri:iso.org:21090}>td
OUT>      [java] [Thread-2] INFO  toJava.JavaGeneratorFactory  - excluding code generation for non-included QName:{gme://caCORE.caCORE/3.2/gov.nih.nci.cacoresdk.domain.other.datatype}TelPersonDataType
OUT>      [java] [Thread-2] INFO  toJava.JavaGeneratorFactory  - excluding code generation for non-included QName:{uri:iso.org:21090}DSET_EN
OUT>      [java] [Thread-2] INFO  toJava.JavaGeneratorFactory  - excluding code generation for non-included QName:{gme://caGrid.caBIG/1.0/gov.nih.nci.cagrid.metadata.service}Fault
OUT>      [java] [Thread-2] INFO  toJava.JavaGeneratorFactory  - excluding code generation for non-included QName:{uri:iso.org:21090}HIST_ST
OUT>      [java] [Thread-2] INFO  toJava.JavaGeneratorFactory  - excluding code generation for non-included QName:{uri:iso.org:21090}DSET_PQ.Time
OUT>      [java] [Thread-2] INFO  toJava.JavaGeneratorFactory  - excluding code generation for non-included QName:{http://CQL.caBIG/2/org.cagrid.cql2}GroupLogicalOperator
OUT>      [java] [Thread-2] INFO  toJava.JavaGeneratorFactory  - excluding code generation for non-included QName:{uri:iso.org:21090}DSET_ED
OUT>      [java] [Thread-2] INFO  toJava.JavaGeneratorFactory  - excluding code generation for non-included QName:{uri:iso.org:21090}QSD_TS.Birth
OUT>      [java] [Thread-2] INFO  toJava.JavaGeneratorFactory  - excluding code generation for non-included QName:{gme://caCORE.caCORE/3.2/gov.nih.nci.cacoresdk.domain.other.levelassociation}Deck
OUT>      [java] [Thread-2] INFO  toJava.JavaGeneratorFactory  - excluding code generation for non-included QName:{gme://caCORE.caCORE/3.2/gov.nih.nci.cacoresdk.domain.onetomany.unidirectional}>KeyChain>keyCollection
OUT>      [java] [Thread-2] INFO  toJava.JavaGeneratorFactory  - excluding code generation for non-included QName:{uri:iso.org:21090}>colgroup
OUT>      [java] [Thread-2] INFO  toJava.JavaGeneratorFactory  - excluding code generation for non-included QName:{http://docs.oasis-open.org/wsrf/2004/06/wsrf-WS-ResourceProperties-1.2-draft-01.wsdl}QueryResourcePropertiesRequest
OUT>      [java] [Thread-2] INFO  toJava.JavaGeneratorFactory  - excluding code generation for non-included QName:{http://docs.oasis-open.org/wsn/2004/06/wsn-WS-BaseNotification-1.2-draft-01.wsdl}NoCurrentMessageOnTopicFault
OUT>      [java] [Thread-2] INFO  toJava.JavaGeneratorFactory  - excluding code generation for non-included QName:{http://docs.oasis-open.org/wsn/2004/06/wsn-WS-BaseNotification-1.2-draft-01.wsdl}SubscribeRequest
OUT>      [java] [Thread-2] INFO  toJava.JavaGeneratorFactory  - excluding code generation for non-included QName:{http://docs.oasis-open.org/wsn/2004/06/wsn-WS-BaseNotification-1.2-draft-01.wsdl}NotificationProducer
OUT>      [java] [Thread-2] INFO  toJava.JavaGeneratorFactory  - excluding code generation for non-included QName:{http://docs.oasis-open.org/wsrf/2004/06/wsrf-WS-ResourceProperties-1.2-draft-01.wsdl}QueryResourceProperties
OUT>      [java] [Thread-2] INFO  toJava.JavaGeneratorFactory  - excluding code generation for non-included QName:{http://docs.oasis-open.org/wsn/2004/06/wsn-WS-BaseNotification-1.2-draft-01.wsdl}TopicNotSupportedFault
OUT>      [java] [Thread-2] INFO  toJava.JavaGeneratorFactory  - excluding code generation for non-included QName:{http://docs.oasis-open.org/wsn/2004/06/wsn-WS-BaseNotification-1.2-draft-01.wsdl}ResumeFailedFault
OUT>      [java] [Thread-2] INFO  toJava.JavaGeneratorFactory  - excluding code generation for non-included QName:{http://docs.oasis-open.org/wsrf/2004/06/wsrf-WS-ResourceProperties-1.2-draft-01.wsdl}SetResourcePropertyRequestFailedFault
OUT>      [java] [Thread-2] INFO  toJava.JavaGeneratorFactory  - excluding code generation for non-included QName:{http://docs.oasis-open.org/wsrf/2004/06/wsrf-WS-ResourceLifetime-1.2-draft-01.wsdl}UnableToSetTerminationTimeFault
OUT>      [java] [Thread-2] INFO  toJava.JavaGeneratorFactory  - excluding code generation for non-included QName:{http://docs.oasis-open.org/wsrf/2004/06/wsrf-WS-ResourceProperties-1.2-draft-01.wsdl}ResourceUnknownFault
OUT>      [java] [Thread-2] INFO  toJava.JavaGeneratorFactory  - excluding code generation for non-included QName:{http://docs.oasis-open.org/wsrf/2004/06/wsrf-WS-ResourceProperties-1.2-draft-01.wsdl}InvalidSetResourcePropertiesRequestContentFault
OUT>      [java] [Thread-2] INFO  toJava.JavaGeneratorFactory  - excluding code generation for non-included QName:{http://docs.oasis-open.org/wsrf/2004/06/wsrf-WS-ResourceProperties-1.2-draft-01.wsdl}QueryResourcePropertiesResponse
OUT>      [java] [Thread-2] INFO  toJava.JavaGeneratorFactory  - excluding code generation for non-included QName:{http://docs.oasis-open.org/wsrf/2004/06/wsrf-WS-ResourceProperties-1.2-draft-01.wsdl}GetResourceProperty
OUT>      [java] [Thread-2] INFO  toJava.JavaGeneratorFactory  - excluding code generation for non-included QName:{http://docs.oasis-open.org/wsrf/2004/06/wsrf-WS-ResourceProperties-1.2-draft-01.wsdl}SetResourcePropertiesRequest
OUT>      [java] [Thread-2] INFO  toJava.JavaGeneratorFactory  - excluding code generation for non-included QName:{http://docs.oasis-open.org/wsrf/2004/06/wsrf-WS-ResourceProperties-1.2-draft-01.wsdl}GetResourcePropertyResponse
OUT>      [java] [Thread-2] INFO  toJava.JavaGeneratorFactory  - excluding code generation for non-included QName:{http://docs.oasis-open.org/wsrf/2004/06/wsrf-WS-ResourceProperties-1.2-draft-01.wsdl}GetResourcePropertyRequest
OUT>      [java] [Thread-2] INFO  toJava.JavaGeneratorFactory  - excluding code generation for non-included QName:{http://docs.oasis-open.org/wsrf/2004/06/wsrf-WS-ResourceProperties-1.2-draft-01.wsdl}GetMultipleResourcePropertiesRequest
OUT>      [java] [Thread-2] INFO  toJava.JavaGeneratorFactory  - excluding code generation for non-included QName:{http://docs.oasis-open.org/wsrf/2004/06/wsrf-WS-ResourceProperties-1.2-draft-01.wsdl}InvalidResourcePropertyQNameFault
OUT>      [java] [Thread-2] INFO  toJava.JavaGeneratorFactory  - excluding code generation for non-included QName:{http://docs.oasis-open.org/wsn/2004/06/wsn-WS-BaseNotification-1.2-draft-01.wsdl}ResumeSubscriptionRequest
OUT>      [java] [Thread-2] INFO  toJava.JavaGeneratorFactory  - excluding code generation for non-included QName:{http://docs.oasis-open.org/wsn/2004/06/wsn-WS-BaseNotification-1.2-draft-01.wsdl}InvalidTopicExpressionFault
OUT>      [java] [Thread-2] INFO  toJava.JavaGeneratorFactory  - excluding code generation for non-included QName:{http://docs.oasis-open.org/wsn/2004/06/wsn-WS-BaseNotification-1.2-draft-01.wsdl}PauseFailedFault
OUT>      [java] [Thread-2] INFO  toJava.JavaGeneratorFactory  - excluding code generation for non-included QName:{http://docs.oasis-open.org/wsrf/2004/06/wsrf-WS-ResourceLifetime-1.2-draft-01.wsdl}DestroyRequest
OUT>      [java] [Thread-2] INFO  toJava.JavaGeneratorFactory  - excluding code generation for non-included QName:{http://docs.oasis-open.org/wsrf/2004/06/wsrf-WS-ResourceLifetime-1.2-draft-01.wsdl}DestroyResponse
OUT>      [java] [Thread-2] INFO  toJava.JavaGeneratorFactory  - excluding code generation for non-included QName:{http://docs.oasis-open.org/wsrf/2004/06/wsrf-WS-ResourceLifetime-1.2-draft-01.wsdl}ResourceNotDestroyedFault
OUT>      [java] [Thread-2] INFO  toJava.JavaGeneratorFactory  - excluding code generation for non-included QName:{http://docs.oasis-open.org/wsrf/2004/06/wsrf-WS-BaseFaults-1.2-draft-01.wsdl}BaseFaultMessage
OUT>      [java] [Thread-2] INFO  toJava.JavaGeneratorFactory  - excluding code generation for non-included QName:{http://docs.oasis-open.org/wsrf/2004/06/wsrf-WS-ResourceProperties-1.2-draft-01.wsdl}GetMultipleResourcePropertiesResponse
OUT>      [java] [Thread-2] INFO  toJava.JavaGeneratorFactory  - excluding code generation for non-included QName:{http://docs.oasis-open.org/wsn/2004/06/wsn-WS-BaseNotification-1.2-draft-01.wsdl}PauseSubscriptionRequest
OUT>      [java] [Thread-2] INFO  toJava.JavaGeneratorFactory  - excluding code generation for non-included QName:{http://docs.oasis-open.org/wsn/2004/06/wsn-WS-BaseNotification-1.2-draft-01.wsdl}GetCurrentMessageResponse
OUT>      [java] [Thread-2] INFO  toJava.JavaGeneratorFactory  - excluding code generation for non-included QName:{http://docs.oasis-open.org/wsrf/2004/06/wsrf-WS-ResourceProperties-1.2-draft-01.wsdl}QueryEvaluationErrorFault
OUT>      [java] [Thread-2] INFO  toJava.JavaGeneratorFactory  - excluding code generation for non-included QName:{http://docs.oasis-open.org/wsn/2004/06/wsn-WS-BaseNotification-1.2-draft-01.wsdl}ResumeSubscriptionResponse
OUT>      [java] [Thread-2] INFO  toJava.JavaGeneratorFactory  - excluding code generation for non-included QName:{http://docs.oasis-open.org/wsrf/2004/06/wsrf-WS-ResourceLifetime-1.2-draft-01.wsdl}ResourceUnknownFault
OUT>      [java] [Thread-2] INFO  toJava.JavaGeneratorFactory  - excluding code generation for non-included QName:{http://docs.oasis-open.org/wsrf/2004/06/wsrf-WS-ResourceProperties-1.2-draft-01.wsdl}InvalidQueryExpressionFault
OUT>      [java] [Thread-2] INFO  toJava.JavaGeneratorFactory  - excluding code generation for non-included QName:{http://docs.oasis-open.org/wsrf/2004/06/wsrf-WS-ResourceProperties-1.2-draft-01.wsdl}UnknownQueryExpressionDialectFault
OUT>      [java] [Thread-2] INFO  toJava.JavaGeneratorFactory  - excluding code generation for non-included QName:{http://docs.oasis-open.org/wsrf/2004/06/wsrf-WS-ResourceProperties-1.2-draft-01.wsdl}GetMultipleResourceProperties
OUT>      [java] [Thread-2] INFO  toJava.JavaGeneratorFactory  - excluding code generation for non-included QName:{http://docs.oasis-open.org/wsn/2004/06/wsn-WS-BaseNotification-1.2-draft-01.wsdl}GetCurrentMessageRequest
OUT>      [java] [Thread-2] INFO  toJava.JavaGeneratorFactory  - excluding code generation for non-included QName:{http://docs.oasis-open.org/wsn/2004/06/wsn-WS-BaseNotification-1.2-draft-01.wsdl}SubscribeResponse
OUT>      [java] [Thread-2] INFO  toJava.JavaGeneratorFactory  - excluding code generation for non-included QName:{http://docs.oasis-open.org/wsn/2004/06/wsn-WS-BaseNotification-1.2-draft-01.wsdl}SubscriptionManager
OUT>      [java] [Thread-2] INFO  toJava.JavaGeneratorFactory  - excluding code generation for non-included QName:{http://docs.oasis-open.org/wsn/2004/06/wsn-WS-BaseNotification-1.2-draft-01.wsdl}Notify
OUT>      [java] [Thread-2] INFO  toJava.JavaGeneratorFactory  - excluding code generation for non-included QName:{http://docs.oasis-open.org/wsrf/2004/06/wsrf-WS-ResourceLifetime-1.2-draft-01.wsdl}TerminationTimeChangeRejectedFault
OUT>      [java] [Thread-2] INFO  toJava.JavaGeneratorFactory  - excluding code generation for non-included QName:{http://docs.oasis-open.org/wsn/2004/06/wsn-WS-BaseNotification-1.2-draft-01.wsdl}NotificationConsumer
OUT>      [java] [Thread-2] INFO  toJava.JavaGeneratorFactory  - excluding code generation for non-included QName:{http://docs.oasis-open.org/wsrf/2004/06/wsrf-WS-ResourceLifetime-1.2-draft-01.wsdl}ScheduledResourceTermination
OUT>      [java] [Thread-2] INFO  toJava.JavaGeneratorFactory  - excluding code generation for non-included QName:{http://docs.oasis-open.org/wsn/2004/06/wsn-WS-BaseNotification-1.2-draft-01.wsdl}PauseSubscriptionResponse
OUT>      [java] [Thread-2] INFO  toJava.JavaGeneratorFactory  - excluding code generation for non-included QName:{http://docs.oasis-open.org/wsn/2004/06/wsn-WS-BaseNotification-1.2-draft-01.wsdl}TopicPathDialectUnknownFault
OUT>      [java] [Thread-2] INFO  toJava.JavaGeneratorFactory  - excluding code generation for non-included QName:{http://docs.oasis-open.org/wsrf/2004/06/wsrf-WS-ResourceProperties-1.2-draft-01.wsdl}UnableToModifyResourcePropertyFault
OUT>      [java] [Thread-2] INFO  toJava.JavaGeneratorFactory  - excluding code generation for non-included QName:{http://docs.oasis-open.org/wsrf/2004/06/wsrf-WS-ResourceProperties-1.2-draft-01.wsdl}SetResourcePropertiesResponse
OUT>      [java] [Thread-2] INFO  toJava.JavaGeneratorFactory  - excluding code generation for non-included QName:{http://docs.oasis-open.org/wsrf/2004/06/wsrf-WS-ResourceLifetime-1.2-draft-01.wsdl}ImmediateResourceTermination
OUT>      [java] [Thread-2] INFO  toJava.JavaGeneratorFactory  - excluding code generation for non-included QName:{http://docs.oasis-open.org/wsrf/2004/06/wsrf-WS-ResourceLifetime-1.2-draft-01.wsdl}SetTerminationTimeResponse
OUT>      [java] [Thread-2] INFO  toJava.JavaGeneratorFactory  - excluding code generation for non-included QName:{http://docs.oasis-open.org/wsn/2004/06/wsn-WS-BaseNotification-1.2-draft-01.wsdl}ResourceUnknownFault
OUT>      [java] [Thread-2] INFO  toJava.JavaGeneratorFactory  - excluding code generation for non-included QName:{http://docs.oasis-open.org/wsn/2004/06/wsn-WS-BaseNotification-1.2-draft-01.wsdl}SubscribeCreationFailedFault
OUT>      [java] [Thread-2] INFO  toJava.JavaGeneratorFactory  - excluding code generation for non-included QName:{http://docs.oasis-open.org/wsrf/2004/06/wsrf-WS-ResourceLifetime-1.2-draft-01.wsdl}SetTerminationTimeRequest
OUT>      [java] [Thread-2] INFO  toJava.JavaGeneratorFactory  - excluding code generation for non-included QName:{http://docs.oasis-open.org/wsrf/2004/06/wsrf-WS-ResourceProperties-1.2-draft-01.wsdl}SetResourceProperties
OUT> 
OUT> stubGenerationPostProcessor:
OUT> Warning: Reference tasks.run.classpath has not been set at runtime, but was found during
OUT> build file parsing, attempting to resolve. Future versions of Ant may support
OUT>  referencing ids defined in non-executed targets.
OUT> Warning: Reference tasks.run.extended.classpath has not been set at runtime, but was found during
OUT> build file parsing, attempting to resolve. Future versions of Ant may support
OUT>  referencing ids defined in non-executed targets.
OUT> 
OUT> postStubs:
OUT>      [java] 14:51:59,641 WARN  [JavaUtils] Unable to find required classes (javax.activation.DataHandler and javax.mail.internet.MimeMultipart). Attachment support is disabled.
OUT> 
OUT> compileStubs:
OUT> 
OUT> preCompileStubs:
OUT>     [javac] Compiling 49 source files to /var/folders/M2/M2eLa4tFElelS2p09b6x7U+++TI/-Tmp-/TestSDK44WithIsoTypesStyleDataService_1316803880820/build/stubs-TestSDK44WithIsoTypesStyleDataService/classes
OUT>     [javac] Note: Some input files use unchecked or unsafe operations.
OUT>     [javac] Note: Recompile with -Xlint:unchecked for details.
OUT> 
OUT> postCompileStubs:
OUT> 
OUT> jarStubs:
OUT> 
OUT> preJarStubs:
OUT>       [jar] Building jar: /var/folders/M2/M2eLa4tFElelS2p09b6x7U+++TI/-Tmp-/TestSDK44WithIsoTypesStyleDataService_1316803880820/build/lib/TestSDK44WithIsoTypesStyleDataService-stubs.jar
OUT> 
OUT> postJarStubs:
OUT> 
OUT> compile:
OUT> 
OUT> preCompile:
OUT>     [javac] Compiling 15 source files to /var/folders/M2/M2eLa4tFElelS2p09b6x7U+++TI/-Tmp-/TestSDK44WithIsoTypesStyleDataService_1316803880820/build/classes
OUT>     [javac] Note: Some input files use or override a deprecated API.
OUT>     [javac] Note: Recompile with -Xlint:deprecation for details.
OUT>      [copy] Copying 16 files to /var/folders/M2/M2eLa4tFElelS2p09b6x7U+++TI/-Tmp-/TestSDK44WithIsoTypesStyleDataService_1316803880820/build/classes
OUT> 
OUT> postCompile:
OUT> 
OUT> jar:
OUT> 
OUT> preJar:
OUT>       [jar] Building jar: /var/folders/M2/M2eLa4tFElelS2p09b6x7U+++TI/-Tmp-/TestSDK44WithIsoTypesStyleDataService_1316803880820/build/lib/TestSDK44WithIsoTypesStyleDataService-client.jar
OUT>       [jar] Building jar: /var/folders/M2/M2eLa4tFElelS2p09b6x7U+++TI/-Tmp-/TestSDK44WithIsoTypesStyleDataService_1316803880820/build/lib/TestSDK44WithIsoTypesStyleDataService-service.jar
OUT>       [jar] Building jar: /var/folders/M2/M2eLa4tFElelS2p09b6x7U+++TI/-Tmp-/TestSDK44WithIsoTypesStyleDataService_1316803880820/build/lib/TestSDK44WithIsoTypesStyleDataService-common.jar
OUT> 
OUT> postJar:
OUT> 
OUT> compileTests:
OUT> 
OUT> preCompileTests:
OUT> 
OUT> postCompileTests:
OUT> 
OUT> jarTests:
OUT> 
OUT> preJarTests:
OUT>       [jar] Building MANIFEST-only jar: /var/folders/M2/M2eLa4tFElelS2p09b6x7U+++TI/-Tmp-/TestSDK44WithIsoTypesStyleDataService_1316803880820/build/lib/TestSDK44WithIsoTypesStyleDataService-tests.jar
OUT> 
OUT> postJarTests:
OUT> 
OUT> jars:
OUT> 
OUT> all:
OUT> 
OUT> BUILD SUCCESSFUL
OUT> Total time: 18 seconds

> UnpackContainerStep (org.cagrid.tests.data.styles.cacore44.integration.story.SDK44StyleRemoteApiStory)


> DeployServiceStep (org.cagrid.tests.data.styles.cacore44.integration.story.SDK44StyleRemoteApiStory)


> StartContainerStep (org.cagrid.tests.data.styles.cacore44.integration.story.SDK44StyleRemoteApiStory)

Command environment:

TERM=xterm
ANT_OPTS=-Xmx1024m -Xms512m
com.apple.java.jvmMode=client
SHLVL=4
JAVA_HOME=/System/Library/Frameworks/JavaVM.framework/Versions/CurrentJDK/Home
__CF_USER_TEXT_ENCODING=0x1F5:0:0
HOSTTYPE=intel-mac
REMOTEHOST=
PWD=/Users/ervin/Projects/caGrid/caGrid-1_5_release/Software/core/integration-tests/projects/sdk44StyleTests
HOST=David-Ervins-MacBook-Pro-2.local
XTERM_VERSION=XTerm(251)
LOGNAME=ervin
WINDOWID=12582925
CVS_RSH=ssh
MACHTYPE=x86_64
SSH_AUTH_SOCK=/tmp/launch-vWyEtK/Listeners
SHELL=/bin/tcsh
GROUP=staff
EDITOR=nano
TMPDIR=/var/folders/M2/M2eLa4tFElelS2p09b6x7U+++TI/-Tmp-/
X11_PREFS_DOMAIN=org.x.X11
PATH=/Users/ervin/Installs/ant/apache-ant-1.7.1//bin:/opt/local/bin:/opt/local/sbin:/System/Library/Frameworks/JavaVM.framework/Versions/CurrentJDK/Home/bin:/Users/ervin/Installs/ant/apache-ant-1.7.1/bin:/Users/ervin/Installs/ant/apache-ant-1.8.2//bin:/opt/local/bin:/opt/local/sbin:/System/Library/Frameworks/JavaVM.framework/Versions/CurrentJDK/Home/bin:/Users/ervin/Installs/ant/apache-ant-1.7.1/bin:/opt/local/bin:/opt/local/sbin:/System/Library/Frameworks/JavaVM.framework/Versions/CurrentJDK/Home/bin:/Users/ervin/Installs/ant/apache-ant-1.7.1/bin:/usr/bin:/bin:/usr/sbin:/sbin:/usr/local/bin:/usr/X11/bin:/usr/X11/bin
COMMAND_MODE=unix2003
DISPLAY=/tmp/launch-p86Jm1/org.x:0
USER=ervin
ANT_HOME=/Users/ervin/Installs/ant/apache-ant-1.7.1/
JAVA_MAIN_CLASS_17340=org.apache.tools.ant.launch.Launcher
com.apple.java.jvmTask=CommandLine_Manual.java.java
CATALINA_HOME=/Users/ervin/Projects/caGrid/caGrid-1_5_release/Software/core/caGrid/projects/introduce/tmp/Tomcat3023141089790090117tmp
HOME=/Users/ervin
XTERM_SHELL=/bin/tcsh
GLOBUS_LOCATION=/Users/ervin/Installs/globus/ws-core-4.0.3-sha2/
JAVA_MAIN_CLASS_17382=org.apache.tools.ant.taskdefs.optional.junit.JUnitTestRunner
Apple_PubSub_Socket_Render=/tmp/launch-goK2fm/Render
XTERM_LOCALE=C
OSTYPE=darwin
VENDOR=apple
OUT> 14:52:23,696 INFO  [ContextLoader] Root WebApplicationContext: initialization started
OUT> 14:52:23,737 INFO  [CollectionFactory] JDK 1.4+ collections available
OUT> 14:52:23,737 INFO  [CollectionFactory] Commons Collections 3.x available
OUT> 14:52:23,757 INFO  [XmlBeanDefinitionReader] Loading XML bean definitions from ServletContext resource [/WEB-INF/classes/application-config.xml]
OUT> 14:52:23,807 INFO  [XmlBeanDefinitionReader] Loading XML bean definitions from ServletContext resource [/WEB-INF/classes/application-config-web.xml]
OUT> 14:52:23,812 INFO  [XmlBeanDefinitionReader] Loading XML bean definitions from ServletContext resource [/WEB-INF/classes/application-config-security.xml]
OUT> 14:52:23,818 INFO  [XmlBeanDefinitionReader] Loading XML bean definitions from ServletContext resource [/WEB-INF/classes/application-config-web-security.xml]
OUT> 14:52:23,823 INFO  [XmlWebApplicationContext] Bean factory for application context [Root WebApplicationContext]: org.springframework.beans.factory.support.DefaultListableBeanFactory defining beans [ApplicationServiceImpl,ClassCache,WebSystemProperties,ORMDAO,HibernateConfigHolder,defaultLobHandler,SessionFactory,SecurityInitializationHelper,HibernateTransactionManager,TxInterceptor,ApplicationService,isoExampleService]; root of BeanFactory hierarchy
OUT> 14:52:23,830 INFO  [XmlWebApplicationContext] 12 beans defined in application context [Root WebApplicationContext]
OUT> 14:52:23,854 INFO  [XmlWebApplicationContext] Unable to locate MessageSource with name 'messageSource': using default [org.springframework.context.support.DelegatingMessageSource@673dd208]
OUT> 14:52:23,856 INFO  [XmlWebApplicationContext] Unable to locate ApplicationEventMulticaster with name 'applicationEventMulticaster': using default [org.springframework.context.event.SimpleApplicationEventMulticaster@29115152]
OUT> 14:52:23,858 INFO  [UiApplicationContextUtils] Unable to locate ThemeSource with name 'themeSource': using default [org.springframework.ui.context.support.ResourceBundleThemeSource@3db158db]
OUT> 14:52:23,859 INFO  [DefaultListableBeanFactory] Pre-instantiating singletons in factory [org.springframework.beans.factory.support.DefaultListableBeanFactory defining beans [ApplicationServiceImpl,ClassCache,WebSystemProperties,ORMDAO,HibernateConfigHolder,defaultLobHandler,SessionFactory,SecurityInitializationHelper,HibernateTransactionManager,TxInterceptor,ApplicationService,isoExampleService]; root of BeanFactory hierarchy]
OUT> 14:52:23,889 INFO  [XmlBeanDefinitionReader] Loading XML bean definitions from class path resource [IsoConstants.xml]
OUT> 14:52:25,013 INFO  [ClassPathXmlApplicationContext] Bean factory for application context [org.springframework.context.support.ClassPathXmlApplicationContext;hashCode=221200805]: org.springframework.beans.factory.support.DefaultListableBeanFactory defining beans [gov.nih.nci.cacoresdk.domain.inheritance.twolevelinheritance.sametable.Goverment.country,gov.nih.nci.cacoresdk.domain.inheritance.twolevelinheritance.sametable.Goverment.id,gov.nih.nci.cacoresdk.domain.inheritance.parentwithassociation.sametable.HardTopType.keyCode,gov.nih.nci.cacoresdk.domain.inheritance.parentwithassociation.sametable.HardTopType.capacity,gov.nih.nci.cacoresdk.domain.inheritance.parentwithassociation.sametable.HardTopType.id,gov.nih.nci.cacoresdk.domain.other.datatype.TelPhoneDataType.value1,gov.nih.nci.cacoresdk.domain.other.levelassociation.Suit.id,gov.nih.nci.cacoresdk.domain.other.levelassociation.Suit.name,gov.nih.nci.cacoresdk.domain.other.datatype.EnDataType.value1,gov.nih.nci.cacoresdk.domain.other.datatype.EnDataType.value2,gov.nih.nci.cacoresdk.domain.other.datatype.EnDataType.value3,gov.nih.nci.cacoresdk.domain.other.datatype.EnDataType.value4,gov.nih.nci.cacoresdk.domain.other.datatype.EnDataType.value5,gov.nih.nci.cacoresdk.domain.other.datatype.EnDataType.value6,gov.nih.nci.cacoresdk.domain.onetomany.unidirectional.withjoin.Shirt.id,gov.nih.nci.cacoresdk.domain.onetomany.unidirectional.withjoin.Shirt.style,gov.nih.nci.cacoresdk.domain.inheritance.multiplechild.GraduateStudent.projectName,gov.nih.nci.cacoresdk.domain.inheritance.multiplechild.GraduateStudent.id,gov.nih.nci.cacoresdk.domain.inheritance.multiplechild.GraduateStudent.name,gov.nih.nci.cacoresdk.domain.onetoone.unidirectional.Address.id,gov.nih.nci.cacoresdk.domain.onetoone.unidirectional.Address.zip,gov.nih.nci.cacoresdk.domain.other.levelassociation.Hand.id,gov.nih.nci.cacoresdk.domain.inheritance.childwithassociation.Cash.amount,gov.nih.nci.cacoresdk.domain.inheritance.childwithassociation.Cash.id,gov.nih.nci.cacoresdk.domain.onetomany.selfassociation.Element.id,gov.nih.nci.cacoresdk.domain.onetomany.selfassociation.Element.name,gov.nih.nci.cacoresdk.domain.onetoone.bidirectional.Product.id,gov.nih.nci.cacoresdk.domain.onetoone.bidirectional.Product.name,gov.nih.nci.cacoresdk.domain.other.datatype.AdDataType.value1,gov.nih.nci.cacoresdk.domain.other.datatype.AdDataType.value2,gov.nih.nci.cacoresdk.domain.other.datatype.AdDataType.value3,gov.nih.nci.cacoresdk.domain.other.datatype.AdDataType.value4,gov.nih.nci.cacoresdk.domain.other.datatype.AdDataType.value5,gov.nih.nci.cacoresdk.domain.other.datatype.AdDataType.value6,gov.nih.nci.cacoresdk.domain.other.datatype.AdDataType.value7,gov.nih.nci.cacoresdk.domain.other.datatype.AdDataType.value8,gov.nih.nci.cacoresdk.domain.other.datatype.AdDataType.value9,gov.nih.nci.cacoresdk.domain.inheritance.multiplechild.UndergraduateStudent.id,gov.nih.nci.cacoresdk.domain.inheritance.multiplechild.UndergraduateStudent.name,gov.nih.nci.cacoresdk.domain.other.datatype.BlDataType.value1,gov.nih.nci.cacoresdk.domain.inheritance.implicit.SaltwaterFishTank.proteinSkimmerModel,gov.nih.nci.cacoresdk.domain.inheritance.implicit.SaltwaterFishTank.id,gov.nih.nci.cacoresdk.domain.inheritance.implicit.SaltwaterFishTank.numGallons,gov.nih.nci.cacoresdk.domain.inheritance.implicit.SaltwaterFishTank.shape,gov.nih.nci.cacoresdk.domain.onetoone.bidirectional.withjoin.Chain.id,gov.nih.nci.cacoresdk.domain.onetoone.bidirectional.withjoin.Chain.metal,gov.nih.nci.cacoresdk.domain.other.datatype.DsetIiDataType.value1,gov.nih.nci.cacoresdk.domain.other.datatype.DsetIiDataType.value2,gov.nih.nci.cacoresdk.domain.other.datatype.DsetIiDataType.value3,gov.nih.nci.cacoresdk.domain.other.datatype.DsetIiDataType.value4,gov.nih.nci.cacoresdk.domain.other.datatype.DsetIiDataType.value5,gov.nih.nci.cacoresdk.domain.other.datatype.DsetIiDataType.value6,gov.nih.nci.cacoresdk.domain.other.datatype.IvlPqDataType.value1,gov.nih.nci.cacoresdk.domain.other.datatype.IvlPqDataType.value2,gov.nih.nci.cacoresdk.domain.other.datatype.IvlPqDataType.value3,gov.nih.nci.cacoresdk.domain.inheritance.twolevelinheritance.Monitor.brand,gov.nih.nci.cacoresdk.domain.inheritance.twolevelinheritance.Monitor.height,gov.nih.nci.cacoresdk.domain.inheritance.twolevelinheritance.Monitor.id,gov.nih.nci.cacoresdk.domain.inheritance.twolevelinheritance.Monitor.width,gov.nih.nci.cacoresdk.domain.manytoone.unidirectional.withjoin.Song.id,gov.nih.nci.cacoresdk.domain.manytoone.unidirectional.withjoin.Song.title,gov.nih.nci.cacoresdk.domain.inheritance.childwithassociation.sametable.SportsShoes.sportsType,gov.nih.nci.cacoresdk.domain.inheritance.childwithassociation.sametable.SportsShoes.color,gov.nih.nci.cacoresdk.domain.inheritance.childwithassociation.sametable.SportsShoes.id,gov.nih.nci.cacoresdk.domain.interfaze.Dog.breed,gov.nih.nci.cacoresdk.domain.interfaze.Dog.gender,gov.nih.nci.cacoresdk.domain.interfaze.Dog.id,gov.nih.nci.cacoresdk.domain.inheritance.childwithassociation.sametable.DesignerShoes.color,gov.nih.nci.cacoresdk.domain.inheritance.childwithassociation.sametable.DesignerShoes.id,gov.nih.nci.cacoresdk.domain.other.differentpackage.associations.Utensil.id,gov.nih.nci.cacoresdk.domain.other.differentpackage.associations.Utensil.name,gov.nih.nci.cacoresdk.domain.manytoone.unidirectional.withjoin.Album.id,gov.nih.nci.cacoresdk.domain.manytoone.unidirectional.withjoin.Album.title,gov.nih.nci.cacoresdk.domain.onetoone.unidirectional.Person.id,gov.nih.nci.cacoresdk.domain.onetoone.unidirectional.Person.name,gov.nih.nci.cacoresdk.domain.other.datatype.TelDataType.value1,gov.nih.nci.cacoresdk.domain.onetomany.unidirectional.KeyChain.id,gov.nih.nci.cacoresdk.domain.onetomany.unidirectional.KeyChain.name,gov.nih.nci.cacoresdk.domain.inheritance.abstrakt.PrivateTeacher.yearsExperience,gov.nih.nci.cacoresdk.domain.inheritance.abstrakt.PrivateTeacher.id,gov.nih.nci.cacoresdk.domain.inheritance.abstrakt.PrivateTeacher.name,gov.nih.nci.cacoresdk.domain.other.datatype.TelEmailDataType.value1,gov.nih.nci.cacoresdk.domain.inheritance.twolevelinheritance.sametable.CommunistGovt.country,gov.nih.nci.cacoresdk.domain.inheritance.twolevelinheritance.sametable.CommunistGovt.id,gov.nih.nci.cacoresdk.domain.inheritance.onechild.Mammal.hairColor,gov.nih.nci.cacoresdk.domain.inheritance.onechild.Mammal.id,gov.nih.nci.cacoresdk.domain.other.datatype.ScDataType.value1,gov.nih.nci.cacoresdk.domain.inheritance.implicit.DiscusFish.primaryColor,gov.nih.nci.cacoresdk.domain.inheritance.implicit.DiscusFish.genera,gov.nih.nci.cacoresdk.domain.inheritance.implicit.DiscusFish.id,gov.nih.nci.cacoresdk.domain.other.datatype.IntDataType.value1,gov.nih.nci.cacoresdk.domain.inheritance.childwithassociation.sametable.Shoes.color,gov.nih.nci.cacoresdk.domain.inheritance.childwithassociation.sametable.Shoes.id,gov.nih.nci.cacoresdk.domain.inheritance.multiplechild.sametable.GovtOrganization.agencyBudget,gov.nih.nci.cacoresdk.domain.inheritance.multiplechild.sametable.GovtOrganization.id,gov.nih.nci.cacoresdk.domain.inheritance.multiplechild.sametable.GovtOrganization.name,gov.nih.nci.cacoresdk.domain.inheritance.multiplechild.sametable.Organization.id,gov.nih.nci.cacoresdk.domain.inheritance.multiplechild.sametable.Organization.name,gov.nih.nci.cacoresdk.domain.onetoone.bidirectional.OrderLine.id,gov.nih.nci.cacoresdk.domain.onetoone.bidirectional.OrderLine.name,gov.nih.nci.cacoresdk.domain.inheritance.parentwithassociation.AssistantProfessor.joiningYear,gov.nih.nci.cacoresdk.domain.inheritance.parentwithassociation.AssistantProfessor.id,gov.nih.nci.cacoresdk.domain.inheritance.parentwithassociation.AssistantProfessor.name,gov.nih.nci.cacoresdk.domain.other.datatype.IiDataType.value1,gov.nih.nci.cacoresdk.domain.other.datatype.IiDataType.value2,gov.nih.nci.cacoresdk.domain.other.datatype.IiDataType.value3,gov.nih.nci.cacoresdk.domain.other.differentpackage.associations.Pie.filling,gov.nih.nci.cacoresdk.domain.other.differentpackage.associations.Pie.id,gov.nih.nci.cacoresdk.domain.other.datatype.DsetCdDataType.value1,gov.nih.nci.cacoresdk.domain.other.datatype.DsetCdDataType.value2,gov.nih.nci.cacoresdk.domain.other.datatype.DsetCdDataType.value3,gov.nih.nci.cacoresdk.domain.other.datatype.DsetCdDataType.value4,gov.nih.nci.cacoresdk.domain.other.datatype.DsetCdDataType.value5,gov.nih.nci.cacoresdk.domain.other.datatype.DsetCdDataType.value6,gov.nih.nci.cacoresdk.domain.other.datatype.DsetCdDataType.value7,gov.nih.nci.cacoresdk.domain.onetomany.bidirectional.HardDrive.id,gov.nih.nci.cacoresdk.domain.onetomany.bidirectional.HardDrive.size,gov.nih.nci.cacoresdk.domain.inheritance.twolevelinheritance.sametable.DemocraticGovt.country,gov.nih.nci.cacoresdk.domain.inheritance.twolevelinheritance.sametable.DemocraticGovt.id,gov.nih.nci.cacoresdk.domain.inheritance.childwithassociation.sametable.Designer.id,gov.nih.nci.cacoresdk.domain.inheritance.childwithassociation.sametable.Designer.name,gov.nih.nci.cacoresdk.domain.inheritance.onechild.sametable.Note.value,gov.nih.nci.cacoresdk.domain.inheritance.onechild.sametable.Note.country,gov.nih.nci.cacoresdk.domain.inheritance.onechild.sametable.Note.id,gov.nih.nci.cacoresdk.domain.other.datatype.EdDataType.value1,gov.nih.nci.cacoresdk.domain.other.datatype.EnPnDataType.value1,gov.nih.nci.cacoresdk.domain.inheritance.parentwithassociation.sametable.Wheel.id,gov.nih.nci.cacoresdk.domain.inheritance.parentwithassociation.sametable.Wheel.radius,gov.nih.nci.cacoresdk.domain.other.datatype.TsDataType.value1,gov.nih.nci.cacoresdk.domain.inheritance.parentwithassociation.sametable.HardTop.keyCode,gov.nih.nci.cacoresdk.domain.inheritance.parentwithassociation.sametable.HardTop.capacity,gov.nih.nci.cacoresdk.domain.inheritance.parentwithassociation.sametable.HardTop.id,gov.nih.nci.cacoresdk.domain.onetomany.bidirectional.Computer.id,gov.nih.nci.cacoresdk.domain.onetomany.bidirectional.Computer.type,gov.nih.nci.cacoresdk.domain.inheritance.parentwithassociation.Professor.id,gov.nih.nci.cacoresdk.domain.inheritance.parentwithassociation.Professor.name,gov.nih.nci.cacoresdk.domain.inheritance.childwithassociation.Payment.amount,gov.nih.nci.cacoresdk.domain.inheritance.childwithassociation.Payment.id,gov.nih.nci.cacoresdk.domain.inheritance.implicit.TankAccessory.id,gov.nih.nci.cacoresdk.domain.inheritance.implicit.TankAccessory.name,gov.nih.nci.cacoresdk.domain.inheritance.parentwithassociation.sametable.Luggage.capacity,gov.nih.nci.cacoresdk.domain.inheritance.parentwithassociation.sametable.Luggage.id,gov.nih.nci.cacoresdk.domain.inheritance.implicit.FreshwaterFishTank.filterModel,gov.nih.nci.cacoresdk.domain.inheritance.implicit.FreshwaterFishTank.id,gov.nih.nci.cacoresdk.domain.inheritance.implicit.FreshwaterFishTank.numGallons,gov.nih.nci.cacoresdk.domain.inheritance.implicit.FreshwaterFishTank.shape,gov.nih.nci.cacoresdk.domain.other.datatype.DsetAdDataType.value1,gov.nih.nci.cacoresdk.domain.other.datatype.DsetAdDataType.value2,gov.nih.nci.cacoresdk.domain.other.datatype.DsetAdDataType.value3,gov.nih.nci.cacoresdk.domain.other.datatype.DsetAdDataType.value4,gov.nih.nci.cacoresdk.domain.other.datatype.DsetAdDataType.value5,gov.nih.nci.cacoresdk.domain.other.datatype.DsetAdDataType.value6,gov.nih.nci.cacoresdk.domain.other.datatype.DsetAdDataType.value7,gov.nih.nci.cacoresdk.domain.other.datatype.DsetAdDataType.value8,gov.nih.nci.cacoresdk.domain.inheritance.twolevelinheritance.LCDMonitor.dpiSupported,gov.nih.nci.cacoresdk.domain.inheritance.twolevelinheritance.LCDMonitor.brand,gov.nih.nci.cacoresdk.domain.inheritance.twolevelinheritance.LCDMonitor.height,gov.nih.nci.cacoresdk.domain.inheritance.twolevelinheritance.LCDMonitor.id,gov.nih.nci.cacoresdk.domain.inheritance.twolevelinheritance.LCDMonitor.width,gov.nih.nci.cacoresdk.domain.inheritance.abstrakt.Pupil.id,gov.nih.nci.cacoresdk.domain.inheritance.abstrakt.Pupil.name,gov.nih.nci.cacoresdk.domain.inheritance.implicit.Substrate.id,gov.nih.nci.cacoresdk.domain.inheritance.implicit.Substrate.name,gov.nih.nci.cacoresdk.domain.other.datatype.StDataType.value1,gov.nih.nci.cacoresdk.domain.manytoone.unidirectional.Restaurant.id,gov.nih.nci.cacoresdk.domain.manytoone.unidirectional.Restaurant.name,gov.nih.nci.cacoresdk.domain.onetoone.unidirectional.withjoin.Handle.color,gov.nih.nci.cacoresdk.domain.onetoone.unidirectional.withjoin.Handle.id,gov.nih.nci.cacoresdk.domain.other.datatype.DsetTelDataType.value1,gov.nih.nci.cacoresdk.domain.other.datatype.DsetTelDataType.value2,gov.nih.nci.cacoresdk.domain.other.datatype.DsetTelDataType.value3,gov.nih.nci.cacoresdk.domain.inheritance.parentwithassociation.AssociateProfessor.yearsServed,gov.nih.nci.cacoresdk.domain.inheritance.parentwithassociation.AssociateProfessor.id,gov.nih.nci.cacoresdk.domain.inheritance.parentwithassociation.AssociateProfessor.name,gov.nih.nci.cacoresdk.domain.onetomany.unidirectional.LatchKey.id,gov.nih.nci.cacoresdk.domain.onetomany.unidirectional.LatchKey.type,gov.nih.nci.cacoresdk.domain.inheritance.onechild.Human.diet,gov.nih.nci.cacoresdk.domain.inheritance.onechild.Human.hairColor,gov.nih.nci.cacoresdk.domain.inheritance.onechild.Human.id,gov.nih.nci.cacoresdk.domain.inheritance.twolevelinheritance.sametablerootlevel.Calculator.brand,gov.nih.nci.cacoresdk.domain.inheritance.twolevelinheritance.sametablerootlevel.Calculator.id,gov.nih.nci.cacoresdk.domain.other.differentpackage.associations.IceCream.topping,gov.nih.nci.cacoresdk.domain.other.differentpackage.associations.IceCream.id,gov.nih.nci.cacoresdk.domain.inheritance.twolevelinheritance.sametable.ParliamantaryGovt.primeMinister,gov.nih.nci.cacoresdk.domain.inheritance.twolevelinheritance.sametable.ParliamantaryGovt.country,gov.nih.nci.cacoresdk.domain.inheritance.twolevelinheritance.sametable.ParliamantaryGovt.id,gov.nih.nci.cacoresdk.domain.inheritance.parentwithassociation.Assistant.id,gov.nih.nci.cacoresdk.domain.inheritance.parentwithassociation.Assistant.name,gov.nih.nci.cacoresdk.domain.manytomany.unidirectional.Book.id,gov.nih.nci.cacoresdk.domain.manytomany.unidirectional.Book.name,gov.nih.nci.cacoresdk.domain.other.datatype.TelUrlDataType.value1,gov.nih.nci.cacoresdk.domain.manytoone.unidirectional.Chef.id,gov.nih.nci.cacoresdk.domain.manytoone.unidirectional.Chef.name,gov.nih.nci.cacoresdk.domain.manytomany.unidirectional.Author.id,gov.nih.nci.cacoresdk.domain.manytomany.unidirectional.Author.name,gov.nih.nci.cacoresdk.domain.other.datatype.IvlTsDataType.value1,gov.nih.nci.cacoresdk.domain.other.datatype.IvlTsDataType.value2,gov.nih.nci.cacoresdk.domain.other.datatype.IvlTsDataType.value3,gov.nih.nci.cacoresdk.domain.other.datatype.TelPersonDataType.value1,gov.nih.nci.cacoresdk.domain.other.datatype.EnOnDataType.value1,gov.nih.nci.cacoresdk.domain.onetomany.bidirectional.withjoin.Flight.destination,gov.nih.nci.cacoresdk.domain.onetomany.bidirectional.withjoin.Flight.id,gov.nih.nci.cacoresdk.domain.other.datatype.CdDataType.value1,gov.nih.nci.cacoresdk.domain.other.datatype.CdDataType.value2,gov.nih.nci.cacoresdk.domain.other.datatype.CdDataType.value3,gov.nih.nci.cacoresdk.domain.manytomany.bidirectional.Project.id,gov.nih.nci.cacoresdk.domain.manytomany.bidirectional.Project.name,gov.nih.nci.cacoresdk.domain.inheritance.multiplechild.Student.id,gov.nih.nci.cacoresdk.domain.inheritance.multiplechild.Student.name,gov.nih.nci.cacoresdk.domain.inheritance.twolevelinheritance.sametablerootlevel.FinancialCalculator.brand,gov.nih.nci.cacoresdk.domain.inheritance.twolevelinheritance.sametablerootlevel.FinancialCalculator.id,gov.nih.nci.cacoresdk.domain.inheritance.twolevelinheritance.sametable.PresidentialGovt.president,gov.nih.nci.cacoresdk.domain.inheritance.twolevelinheritance.sametable.PresidentialGovt.country,gov.nih.nci.cacoresdk.domain.inheritance.twolevelinheritance.sametable.PresidentialGovt.id,gov.nih.nci.cacoresdk.domain.inheritance.twolevelinheritance.sametablerootlevel.GraphicCalculator.brand,gov.nih.nci.cacoresdk.domain.inheritance.twolevelinheritance.sametablerootlevel.GraphicCalculator.id,gov.nih.nci.cacoresdk.domain.other.datatype.RealDataType.value1,gov.nih.nci.cacoresdk.domain.inheritance.implicit.AngelFish.finSize,gov.nih.nci.cacoresdk.domain.inheritance.implicit.AngelFish.genera,gov.nih.nci.cacoresdk.domain.inheritance.implicit.AngelFish.id,gov.nih.nci.cacoresdk.domain.onetoone.multipleassociation.withjoin.InLaw.id,gov.nih.nci.cacoresdk.domain.onetoone.multipleassociation.withjoin.InLaw.name,gov.nih.nci.cacoresdk.domain.inheritance.twolevelinheritance.CRTMonitor.refreshRate,gov.nih.nci.cacoresdk.domain.inheritance.twolevelinheritance.CRTMonitor.brand,gov.nih.nci.cacoresdk.domain.inheritance.twolevelinheritance.CRTMonitor.height,gov.nih.nci.cacoresdk.domain.inheritance.twolevelinheritance.CRTMonitor.id,gov.nih.nci.cacoresdk.domain.inheritance.twolevelinheritance.CRTMonitor.width,gov.nih.nci.cacoresdk.domain.inheritance.onechild.sametable.Currency.country,gov.nih.nci.cacoresdk.domain.inheritance.onechild.sametable.Currency.id,gov.nih.nci.cacoresdk.domain.onetomany.unidirectional.withjoin.Button.holes,gov.nih.nci.cacoresdk.domain.onetomany.unidirectional.withjoin.Button.id,gov.nih.nci.cacoresdk.domain.inheritance.parentwithassociation.TenuredProfessor.tenuredYear,gov.nih.nci.cacoresdk.domain.inheritance.parentwithassociation.TenuredProfessor.id,gov.nih.nci.cacoresdk.domain.inheritance.parentwithassociation.TenuredProfessor.name,gov.nih.nci.cacoresdk.domain.inheritance.twolevelinheritance.sametablerootlevel.ScientificCalculator.brand,gov.nih.nci.cacoresdk.domain.inheritance.twolevelinheritance.sametablerootlevel.ScientificCalculator.id,gov.nih.nci.cacoresdk.domain.other.datatype.EdTextDataType.value1,gov.nih.nci.cacoresdk.domain.onetoone.multipleassociation.Child.id,gov.nih.nci.cacoresdk.domain.onetoone.multipleassociation.Child.name,gov.nih.nci.cacoresdk.domain.inheritance.parentwithassociation.sametable.SoftTop.expandable,gov.nih.nci.cacoresdk.domain.inheritance.parentwithassociation.sametable.SoftTop.capacity,gov.nih.nci.cacoresdk.domain.inheritance.parentwithassociation.sametable.SoftTop.id,gov.nih.nci.cacoresdk.domain.inheritance.multiplechild.sametable.PvtOrganization.ceo,gov.nih.nci.cacoresdk.domain.inheritance.multiplechild.sametable.PvtOrganization.id,gov.nih.nci.cacoresdk.domain.inheritance.multiplechild.sametable.PvtOrganization.name,gov.nih.nci.cacoresdk.domain.other.differentpackage.Dessert.id,gov.nih.nci.cacoresdk.domain.manytomany.bidirectional.Employee.id,gov.nih.nci.cacoresdk.domain.manytomany.bidirectional.Employee.name,gov.nih.nci.cacoresdk.domain.other.levelassociation.Card.id,gov.nih.nci.cacoresdk.domain.other.levelassociation.Card.image,gov.nih.nci.cacoresdk.domain.other.levelassociation.Card.name,gov.nih.nci.cacoresdk.domain.inheritance.implicit.Fish.genera,gov.nih.nci.cacoresdk.domain.inheritance.implicit.Fish.id,gov.nih.nci.cacoresdk.domain.inheritance.twolevelinheritance.Display.height,gov.nih.nci.cacoresdk.domain.inheritance.twolevelinheritance.Display.id,gov.nih.nci.cacoresdk.domain.inheritance.twolevelinheritance.Display.width,gov.nih.nci.cacoresdk.domain.onetoone.multipleassociation.withjoin.Bride.id,gov.nih.nci.cacoresdk.domain.onetoone.multipleassociation.withjoin.Bride.name,gov.nih.nci.cacoresdk.domain.inheritance.childwithassociation.Credit.cardNumber,gov.nih.nci.cacoresdk.domain.inheritance.childwithassociation.Credit.amount,gov.nih.nci.cacoresdk.domain.inheritance.childwithassociation.Credit.id,gov.nih.nci.cacoresdk.domain.onetoone.multipleassociation.Parent.id,gov.nih.nci.cacoresdk.domain.onetoone.multipleassociation.Parent.name,gov.nih.nci.cacoresdk.domain.inheritance.childwithassociation.Bank.id,gov.nih.nci.cacoresdk.domain.inheritance.childwithassociation.Bank.name,gov.nih.nci.cacoresdk.domain.other.datatype.StNtDataType.value1,gov.nih.nci.cacoresdk.domain.other.levelassociation.Deck.id,gov.nih.nci.cacoresdk.domain.other.levelassociation.Deck.name,gov.nih.nci.cacoresdk.domain.other.datatype.IvlIntDataType.value1,gov.nih.nci.cacoresdk.domain.other.datatype.IvlIntDataType.value2,gov.nih.nci.cacoresdk.domain.other.datatype.IvlIntDataType.value3,gov.nih.nci.cacoresdk.domain.onetoone.unidirectional.withjoin.Bag.id,gov.nih.nci.cacoresdk.domain.onetoone.unidirectional.withjoin.Bag.style,gov.nih.nci.cacoresdk.domain.onetoone.bidirectional.withjoin.Pendant.id,gov.nih.nci.cacoresdk.domain.onetoone.bidirectional.withjoin.Pendant.shape,gov.nih.nci.cacoresdk.domain.other.datatype.PqDataType.value1,gov.nih.nci.cacoresdk.domain.other.datatype.PqDataType.value2,gov.nih.nci.cacoresdk.domain.onetomany.bidirectional.withjoin.Passanger.id,gov.nih.nci.cacoresdk.domain.onetomany.bidirectional.withjoin.Passanger.name,gov.nih.nci.cacoresdk.domain.inheritance.abstrakt.Teacher.id,gov.nih.nci.cacoresdk.domain.other.datatype.IvlRealDataType.value1,gov.nih.nci.cacoresdk.domain.other.datatype.IvlRealDataType.value2,gov.nih.nci.cacoresdk.domain.other.datatype.IvlRealDataType.value3]; root of BeanFactory hierarchy
OUT> 14:52:25,015 INFO  [ClassPathXmlApplicationContext] 283 beans defined in application context [org.springframework.context.support.ClassPathXmlApplicationContext;hashCode=221200805]
OUT> 14:52:25,050 INFO  [ClassPathXmlApplicationContext] Unable to locate MessageSource with name 'messageSource': using default [org.springframework.context.support.DelegatingMessageSource@35703484]
OUT> 14:52:25,050 INFO  [ClassPathXmlApplicationContext] Unable to locate ApplicationEventMulticaster with name 'applicationEventMulticaster': using default [org.springframework.context.event.SimpleApplicationEventMulticaster@5987e184]
OUT> 14:52:25,061 INFO  [DefaultListableBeanFactory] Pre-instantiating singletons in factory [org.springframework.beans.factory.support.DefaultListableBeanFactory defining beans [gov.nih.nci.cacoresdk.domain.inheritance.twolevelinheritance.sametable.Goverment.country,gov.nih.nci.cacoresdk.domain.inheritance.twolevelinheritance.sametable.Goverment.id,gov.nih.nci.cacoresdk.domain.inheritance.parentwithassociation.sametable.HardTopType.keyCode,gov.nih.nci.cacoresdk.domain.inheritance.parentwithassociation.sametable.HardTopType.capacity,gov.nih.nci.cacoresdk.domain.inheritance.parentwithassociation.sametable.HardTopType.id,gov.nih.nci.cacoresdk.domain.other.datatype.TelPhoneDataType.value1,gov.nih.nci.cacoresdk.domain.other.levelassociation.Suit.id,gov.nih.nci.cacoresdk.domain.other.levelassociation.Suit.name,gov.nih.nci.cacoresdk.domain.other.datatype.EnDataType.value1,gov.nih.nci.cacoresdk.domain.other.datatype.EnDataType.value2,gov.nih.nci.cacoresdk.domain.other.datatype.EnDataType.value3,gov.nih.nci.cacoresdk.domain.other.datatype.EnDataType.value4,gov.nih.nci.cacoresdk.domain.other.datatype.EnDataType.value5,gov.nih.nci.cacoresdk.domain.other.datatype.EnDataType.value6,gov.nih.nci.cacoresdk.domain.onetomany.unidirectional.withjoin.Shirt.id,gov.nih.nci.cacoresdk.domain.onetomany.unidirectional.withjoin.Shirt.style,gov.nih.nci.cacoresdk.domain.inheritance.multiplechild.GraduateStudent.projectName,gov.nih.nci.cacoresdk.domain.inheritance.multiplechild.GraduateStudent.id,gov.nih.nci.cacoresdk.domain.inheritance.multiplechild.GraduateStudent.name,gov.nih.nci.cacoresdk.domain.onetoone.unidirectional.Address.id,gov.nih.nci.cacoresdk.domain.onetoone.unidirectional.Address.zip,gov.nih.nci.cacoresdk.domain.other.levelassociation.Hand.id,gov.nih.nci.cacoresdk.domain.inheritance.childwithassociation.Cash.amount,gov.nih.nci.cacoresdk.domain.inheritance.childwithassociation.Cash.id,gov.nih.nci.cacoresdk.domain.onetomany.selfassociation.Element.id,gov.nih.nci.cacoresdk.domain.onetomany.selfassociation.Element.name,gov.nih.nci.cacoresdk.domain.onetoone.bidirectional.Product.id,gov.nih.nci.cacoresdk.domain.onetoone.bidirectional.Product.name,gov.nih.nci.cacoresdk.domain.other.datatype.AdDataType.value1,gov.nih.nci.cacoresdk.domain.other.datatype.AdDataType.value2,gov.nih.nci.cacoresdk.domain.other.datatype.AdDataType.value3,gov.nih.nci.cacoresdk.domain.other.datatype.AdDataType.value4,gov.nih.nci.cacoresdk.domain.other.datatype.AdDataType.value5,gov.nih.nci.cacoresdk.domain.other.datatype.AdDataType.value6,gov.nih.nci.cacoresdk.domain.other.datatype.AdDataType.value7,gov.nih.nci.cacoresdk.domain.other.datatype.AdDataType.value8,gov.nih.nci.cacoresdk.domain.other.datatype.AdDataType.value9,gov.nih.nci.cacoresdk.domain.inheritance.multiplechild.UndergraduateStudent.id,gov.nih.nci.cacoresdk.domain.inheritance.multiplechild.UndergraduateStudent.name,gov.nih.nci.cacoresdk.domain.other.datatype.BlDataType.value1,gov.nih.nci.cacoresdk.domain.inheritance.implicit.SaltwaterFishTank.proteinSkimmerModel,gov.nih.nci.cacoresdk.domain.inheritance.implicit.SaltwaterFishTank.id,gov.nih.nci.cacoresdk.domain.inheritance.implicit.SaltwaterFishTank.numGallons,gov.nih.nci.cacoresdk.domain.inheritance.implicit.SaltwaterFishTank.shape,gov.nih.nci.cacoresdk.domain.onetoone.bidirectional.withjoin.Chain.id,gov.nih.nci.cacoresdk.domain.onetoone.bidirectional.withjoin.Chain.metal,gov.nih.nci.cacoresdk.domain.other.datatype.DsetIiDataType.value1,gov.nih.nci.cacoresdk.domain.other.datatype.DsetIiDataType.value2,gov.nih.nci.cacoresdk.domain.other.datatype.DsetIiDataType.value3,gov.nih.nci.cacoresdk.domain.other.datatype.DsetIiDataType.value4,gov.nih.nci.cacoresdk.domain.other.datatype.DsetIiDataType.value5,gov.nih.nci.cacoresdk.domain.other.datatype.DsetIiDataType.value6,gov.nih.nci.cacoresdk.domain.other.datatype.IvlPqDataType.value1,gov.nih.nci.cacoresdk.domain.other.datatype.IvlPqDataType.value2,gov.nih.nci.cacoresdk.domain.other.datatype.IvlPqDataType.value3,gov.nih.nci.cacoresdk.domain.inheritance.twolevelinheritance.Monitor.brand,gov.nih.nci.cacoresdk.domain.inheritance.twolevelinheritance.Monitor.height,gov.nih.nci.cacoresdk.domain.inheritance.twolevelinheritance.Monitor.id,gov.nih.nci.cacoresdk.domain.inheritance.twolevelinheritance.Monitor.width,gov.nih.nci.cacoresdk.domain.manytoone.unidirectional.withjoin.Song.id,gov.nih.nci.cacoresdk.domain.manytoone.unidirectional.withjoin.Song.title,gov.nih.nci.cacoresdk.domain.inheritance.childwithassociation.sametable.SportsShoes.sportsType,gov.nih.nci.cacoresdk.domain.inheritance.childwithassociation.sametable.SportsShoes.color,gov.nih.nci.cacoresdk.domain.inheritance.childwithassociation.sametable.SportsShoes.id,gov.nih.nci.cacoresdk.domain.interfaze.Dog.breed,gov.nih.nci.cacoresdk.domain.interfaze.Dog.gender,gov.nih.nci.cacoresdk.domain.interfaze.Dog.id,gov.nih.nci.cacoresdk.domain.inheritance.childwithassociation.sametable.DesignerShoes.color,gov.nih.nci.cacoresdk.domain.inheritance.childwithassociation.sametable.DesignerShoes.id,gov.nih.nci.cacoresdk.domain.other.differentpackage.associations.Utensil.id,gov.nih.nci.cacoresdk.domain.other.differentpackage.associations.Utensil.name,gov.nih.nci.cacoresdk.domain.manytoone.unidirectional.withjoin.Album.id,gov.nih.nci.cacoresdk.domain.manytoone.unidirectional.withjoin.Album.title,gov.nih.nci.cacoresdk.domain.onetoone.unidirectional.Person.id,gov.nih.nci.cacoresdk.domain.onetoone.unidirectional.Person.name,gov.nih.nci.cacoresdk.domain.other.datatype.TelDataType.value1,gov.nih.nci.cacoresdk.domain.onetomany.unidirectional.KeyChain.id,gov.nih.nci.cacoresdk.domain.onetomany.unidirectional.KeyChain.name,gov.nih.nci.cacoresdk.domain.inheritance.abstrakt.PrivateTeacher.yearsExperience,gov.nih.nci.cacoresdk.domain.inheritance.abstrakt.PrivateTeacher.id,gov.nih.nci.cacoresdk.domain.inheritance.abstrakt.PrivateTeacher.name,gov.nih.nci.cacoresdk.domain.other.datatype.TelEmailDataType.value1,gov.nih.nci.cacoresdk.domain.inheritance.twolevelinheritance.sametable.CommunistGovt.country,gov.nih.nci.cacoresdk.domain.inheritance.twolevelinheritance.sametable.CommunistGovt.id,gov.nih.nci.cacoresdk.domain.inheritance.onechild.Mammal.hairColor,gov.nih.nci.cacoresdk.domain.inheritance.onechild.Mammal.id,gov.nih.nci.cacoresdk.domain.other.datatype.ScDataType.value1,gov.nih.nci.cacoresdk.domain.inheritance.implicit.DiscusFish.primaryColor,gov.nih.nci.cacoresdk.domain.inheritance.implicit.DiscusFish.genera,gov.nih.nci.cacoresdk.domain.inheritance.implicit.DiscusFish.id,gov.nih.nci.cacoresdk.domain.other.datatype.IntDataType.value1,gov.nih.nci.cacoresdk.domain.inheritance.childwithassociation.sametable.Shoes.color,gov.nih.nci.cacoresdk.domain.inheritance.childwithassociation.sametable.Shoes.id,gov.nih.nci.cacoresdk.domain.inheritance.multiplechild.sametable.GovtOrganization.agencyBudget,gov.nih.nci.cacoresdk.domain.inheritance.multiplechild.sametable.GovtOrganization.id,gov.nih.nci.cacoresdk.domain.inheritance.multiplechild.sametable.GovtOrganization.name,gov.nih.nci.cacoresdk.domain.inheritance.multiplechild.sametable.Organization.id,gov.nih.nci.cacoresdk.domain.inheritance.multiplechild.sametable.Organization.name,gov.nih.nci.cacoresdk.domain.onetoone.bidirectional.OrderLine.id,gov.nih.nci.cacoresdk.domain.onetoone.bidirectional.OrderLine.name,gov.nih.nci.cacoresdk.domain.inheritance.parentwithassociation.AssistantProfessor.joiningYear,gov.nih.nci.cacoresdk.domain.inheritance.parentwithassociation.AssistantProfessor.id,gov.nih.nci.cacoresdk.domain.inheritance.parentwithassociation.AssistantProfessor.name,gov.nih.nci.cacoresdk.domain.other.datatype.IiDataType.value1,gov.nih.nci.cacoresdk.domain.other.datatype.IiDataType.value2,gov.nih.nci.cacoresdk.domain.other.datatype.IiDataType.value3,gov.nih.nci.cacoresdk.domain.other.differentpackage.associations.Pie.filling,gov.nih.nci.cacoresdk.domain.other.differentpackage.associations.Pie.id,gov.nih.nci.cacoresdk.domain.other.datatype.DsetCdDataType.value1,gov.nih.nci.cacoresdk.domain.other.datatype.DsetCdDataType.value2,gov.nih.nci.cacoresdk.domain.other.datatype.DsetCdDataType.value3,gov.nih.nci.cacoresdk.domain.other.datatype.DsetCdDataType.value4,gov.nih.nci.cacoresdk.domain.other.datatype.DsetCdDataType.value5,gov.nih.nci.cacoresdk.domain.other.datatype.DsetCdDataType.value6,gov.nih.nci.cacoresdk.domain.other.datatype.DsetCdDataType.value7,gov.nih.nci.cacoresdk.domain.onetomany.bidirectional.HardDrive.id,gov.nih.nci.cacoresdk.domain.onetomany.bidirectional.HardDrive.size,gov.nih.nci.cacoresdk.domain.inheritance.twolevelinheritance.sametable.DemocraticGovt.country,gov.nih.nci.cacoresdk.domain.inheritance.twolevelinheritance.sametable.DemocraticGovt.id,gov.nih.nci.cacoresdk.domain.inheritance.childwithassociation.sametable.Designer.id,gov.nih.nci.cacoresdk.domain.inheritance.childwithassociation.sametable.Designer.name,gov.nih.nci.cacoresdk.domain.inheritance.onechild.sametable.Note.value,gov.nih.nci.cacoresdk.domain.inheritance.onechild.sametable.Note.country,gov.nih.nci.cacoresdk.domain.inheritance.onechild.sametable.Note.id,gov.nih.nci.cacoresdk.domain.other.datatype.EdDataType.value1,gov.nih.nci.cacoresdk.domain.other.datatype.EnPnDataType.value1,gov.nih.nci.cacoresdk.domain.inheritance.parentwithassociation.sametable.Wheel.id,gov.nih.nci.cacoresdk.domain.inheritance.parentwithassociation.sametable.Wheel.radius,gov.nih.nci.cacoresdk.domain.other.datatype.TsDataType.value1,gov.nih.nci.cacoresdk.domain.inheritance.parentwithassociation.sametable.HardTop.keyCode,gov.nih.nci.cacoresdk.domain.inheritance.parentwithassociation.sametable.HardTop.capacity,gov.nih.nci.cacoresdk.domain.inheritance.parentwithassociation.sametable.HardTop.id,gov.nih.nci.cacoresdk.domain.onetomany.bidirectional.Computer.id,gov.nih.nci.cacoresdk.domain.onetomany.bidirectional.Computer.type,gov.nih.nci.cacoresdk.domain.inheritance.parentwithassociation.Professor.id,gov.nih.nci.cacoresdk.domain.inheritance.parentwithassociation.Professor.name,gov.nih.nci.cacoresdk.domain.inheritance.childwithassociation.Payment.amount,gov.nih.nci.cacoresdk.domain.inheritance.childwithassociation.Payment.id,gov.nih.nci.cacoresdk.domain.inheritance.implicit.TankAccessory.id,gov.nih.nci.cacoresdk.domain.inheritance.implicit.TankAccessory.name,gov.nih.nci.cacoresdk.domain.inheritance.parentwithassociation.sametable.Luggage.capacity,gov.nih.nci.cacoresdk.domain.inheritance.parentwithassociation.sametable.Luggage.id,gov.nih.nci.cacoresdk.domain.inheritance.implicit.FreshwaterFishTank.filterModel,gov.nih.nci.cacoresdk.domain.inheritance.implicit.FreshwaterFishTank.id,gov.nih.nci.cacoresdk.domain.inheritance.implicit.FreshwaterFishTank.numGallons,gov.nih.nci.cacoresdk.domain.inheritance.implicit.FreshwaterFishTank.shape,gov.nih.nci.cacoresdk.domain.other.datatype.DsetAdDataType.value1,gov.nih.nci.cacoresdk.domain.other.datatype.DsetAdDataType.value2,gov.nih.nci.cacoresdk.domain.other.datatype.DsetAdDataType.value3,gov.nih.nci.cacoresdk.domain.other.datatype.DsetAdDataType.value4,gov.nih.nci.cacoresdk.domain.other.datatype.DsetAdDataType.value5,gov.nih.nci.cacoresdk.domain.other.datatype.DsetAdDataType.value6,gov.nih.nci.cacoresdk.domain.other.datatype.DsetAdDataType.value7,gov.nih.nci.cacoresdk.domain.other.datatype.DsetAdDataType.value8,gov.nih.nci.cacoresdk.domain.inheritance.twolevelinheritance.LCDMonitor.dpiSupported,gov.nih.nci.cacoresdk.domain.inheritance.twolevelinheritance.LCDMonitor.brand,gov.nih.nci.cacoresdk.domain.inheritance.twolevelinheritance.LCDMonitor.height,gov.nih.nci.cacoresdk.domain.inheritance.twolevelinheritance.LCDMonitor.id,gov.nih.nci.cacoresdk.domain.inheritance.twolevelinheritance.LCDMonitor.width,gov.nih.nci.cacoresdk.domain.inheritance.abstrakt.Pupil.id,gov.nih.nci.cacoresdk.domain.inheritance.abstrakt.Pupil.name,gov.nih.nci.cacoresdk.domain.inheritance.implicit.Substrate.id,gov.nih.nci.cacoresdk.domain.inheritance.implicit.Substrate.name,gov.nih.nci.cacoresdk.domain.other.datatype.StDataType.value1,gov.nih.nci.cacoresdk.domain.manytoone.unidirectional.Restaurant.id,gov.nih.nci.cacoresdk.domain.manytoone.unidirectional.Restaurant.name,gov.nih.nci.cacoresdk.domain.onetoone.unidirectional.withjoin.Handle.color,gov.nih.nci.cacoresdk.domain.onetoone.unidirectional.withjoin.Handle.id,gov.nih.nci.cacoresdk.domain.other.datatype.DsetTelDataType.value1,gov.nih.nci.cacoresdk.domain.other.datatype.DsetTelDataType.value2,gov.nih.nci.cacoresdk.domain.other.datatype.DsetTelDataType.value3,gov.nih.nci.cacoresdk.domain.inheritance.parentwithassociation.AssociateProfessor.yearsServed,gov.nih.nci.cacoresdk.domain.inheritance.parentwithassociation.AssociateProfessor.id,gov.nih.nci.cacoresdk.domain.inheritance.parentwithassociation.AssociateProfessor.name,gov.nih.nci.cacoresdk.domain.onetomany.unidirectional.LatchKey.id,gov.nih.nci.cacoresdk.domain.onetomany.unidirectional.LatchKey.type,gov.nih.nci.cacoresdk.domain.inheritance.onechild.Human.diet,gov.nih.nci.cacoresdk.domain.inheritance.onechild.Human.hairColor,gov.nih.nci.cacoresdk.domain.inheritance.onechild.Human.id,gov.nih.nci.cacoresdk.domain.inheritance.twolevelinheritance.sametablerootlevel.Calculator.brand,gov.nih.nci.cacoresdk.domain.inheritance.twolevelinheritance.sametablerootlevel.Calculator.id,gov.nih.nci.cacoresdk.domain.other.differentpackage.associations.IceCream.topping,gov.nih.nci.cacoresdk.domain.other.differentpackage.associations.IceCream.id,gov.nih.nci.cacoresdk.domain.inheritance.twolevelinheritance.sametable.ParliamantaryGovt.primeMinister,gov.nih.nci.cacoresdk.domain.inheritance.twolevelinheritance.sametable.ParliamantaryGovt.country,gov.nih.nci.cacoresdk.domain.inheritance.twolevelinheritance.sametable.ParliamantaryGovt.id,gov.nih.nci.cacoresdk.domain.inheritance.parentwithassociation.Assistant.id,gov.nih.nci.cacoresdk.domain.inheritance.parentwithassociation.Assistant.name,gov.nih.nci.cacoresdk.domain.manytomany.unidirectional.Book.id,gov.nih.nci.cacoresdk.domain.manytomany.unidirectional.Book.name,gov.nih.nci.cacoresdk.domain.other.datatype.TelUrlDataType.value1,gov.nih.nci.cacoresdk.domain.manytoone.unidirectional.Chef.id,gov.nih.nci.cacoresdk.domain.manytoone.unidirectional.Chef.name,gov.nih.nci.cacoresdk.domain.manytomany.unidirectional.Author.id,gov.nih.nci.cacoresdk.domain.manytomany.unidirectional.Author.name,gov.nih.nci.cacoresdk.domain.other.datatype.IvlTsDataType.value1,gov.nih.nci.cacoresdk.domain.other.datatype.IvlTsDataType.value2,gov.nih.nci.cacoresdk.domain.other.datatype.IvlTsDataType.value3,gov.nih.nci.cacoresdk.domain.other.datatype.TelPersonDataType.value1,gov.nih.nci.cacoresdk.domain.other.datatype.EnOnDataType.value1,gov.nih.nci.cacoresdk.domain.onetomany.bidirectional.withjoin.Flight.destination,gov.nih.nci.cacoresdk.domain.onetomany.bidirectional.withjoin.Flight.id,gov.nih.nci.cacoresdk.domain.other.datatype.CdDataType.value1,gov.nih.nci.cacoresdk.domain.other.datatype.CdDataType.value2,gov.nih.nci.cacoresdk.domain.other.datatype.CdDataType.value3,gov.nih.nci.cacoresdk.domain.manytomany.bidirectional.Project.id,gov.nih.nci.cacoresdk.domain.manytomany.bidirectional.Project.name,gov.nih.nci.cacoresdk.domain.inheritance.multiplechild.Student.id,gov.nih.nci.cacoresdk.domain.inheritance.multiplechild.Student.name,gov.nih.nci.cacoresdk.domain.inheritance.twolevelinheritance.sametablerootlevel.FinancialCalculator.brand,gov.nih.nci.cacoresdk.domain.inheritance.twolevelinheritance.sametablerootlevel.FinancialCalculator.id,gov.nih.nci.cacoresdk.domain.inheritance.twolevelinheritance.sametable.PresidentialGovt.president,gov.nih.nci.cacoresdk.domain.inheritance.twolevelinheritance.sametable.PresidentialGovt.country,gov.nih.nci.cacoresdk.domain.inheritance.twolevelinheritance.sametable.PresidentialGovt.id,gov.nih.nci.cacoresdk.domain.inheritance.twolevelinheritance.sametablerootlevel.GraphicCalculator.brand,gov.nih.nci.cacoresdk.domain.inheritance.twolevelinheritance.sametablerootlevel.GraphicCalculator.id,gov.nih.nci.cacoresdk.domain.other.datatype.RealDataType.value1,gov.nih.nci.cacoresdk.domain.inheritance.implicit.AngelFish.finSize,gov.nih.nci.cacoresdk.domain.inheritance.implicit.AngelFish.genera,gov.nih.nci.cacoresdk.domain.inheritance.implicit.AngelFish.id,gov.nih.nci.cacoresdk.domain.onetoone.multipleassociation.withjoin.InLaw.id,gov.nih.nci.cacoresdk.domain.onetoone.multipleassociation.withjoin.InLaw.name,gov.nih.nci.cacoresdk.domain.inheritance.twolevelinheritance.CRTMonitor.refreshRate,gov.nih.nci.cacoresdk.domain.inheritance.twolevelinheritance.CRTMonitor.brand,gov.nih.nci.cacoresdk.domain.inheritance.twolevelinheritance.CRTMonitor.height,gov.nih.nci.cacoresdk.domain.inheritance.twolevelinheritance.CRTMonitor.id,gov.nih.nci.cacoresdk.domain.inheritance.twolevelinheritance.CRTMonitor.width,gov.nih.nci.cacoresdk.domain.inheritance.onechild.sametable.Currency.country,gov.nih.nci.cacoresdk.domain.inheritance.onechild.sametable.Currency.id,gov.nih.nci.cacoresdk.domain.onetomany.unidirectional.withjoin.Button.holes,gov.nih.nci.cacoresdk.domain.onetomany.unidirectional.withjoin.Button.id,gov.nih.nci.cacoresdk.domain.inheritance.parentwithassociation.TenuredProfessor.tenuredYear,gov.nih.nci.cacoresdk.domain.inheritance.parentwithassociation.TenuredProfessor.id,gov.nih.nci.cacoresdk.domain.inheritance.parentwithassociation.TenuredProfessor.name,gov.nih.nci.cacoresdk.domain.inheritance.twolevelinheritance.sametablerootlevel.ScientificCalculator.brand,gov.nih.nci.cacoresdk.domain.inheritance.twolevelinheritance.sametablerootlevel.ScientificCalculator.id,gov.nih.nci.cacoresdk.domain.other.datatype.EdTextDataType.value1,gov.nih.nci.cacoresdk.domain.onetoone.multipleassociation.Child.id,gov.nih.nci.cacoresdk.domain.onetoone.multipleassociation.Child.name,gov.nih.nci.cacoresdk.domain.inheritance.parentwithassociation.sametable.SoftTop.expandable,gov.nih.nci.cacoresdk.domain.inheritance.parentwithassociation.sametable.SoftTop.capacity,gov.nih.nci.cacoresdk.domain.inheritance.parentwithassociation.sametable.SoftTop.id,gov.nih.nci.cacoresdk.domain.inheritance.multiplechild.sametable.PvtOrganization.ceo,gov.nih.nci.cacoresdk.domain.inheritance.multiplechild.sametable.PvtOrganization.id,gov.nih.nci.cacoresdk.domain.inheritance.multiplechild.sametable.PvtOrganization.name,gov.nih.nci.cacoresdk.domain.other.differentpackage.Dessert.id,gov.nih.nci.cacoresdk.domain.manytomany.bidirectional.Employee.id,gov.nih.nci.cacoresdk.domain.manytomany.bidirectional.Employee.name,gov.nih.nci.cacoresdk.domain.other.levelassociation.Card.id,gov.nih.nci.cacoresdk.domain.other.levelassociation.Card.image,gov.nih.nci.cacoresdk.domain.other.levelassociation.Card.name,gov.nih.nci.cacoresdk.domain.inheritance.implicit.Fish.genera,gov.nih.nci.cacoresdk.domain.inheritance.implicit.Fish.id,gov.nih.nci.cacoresdk.domain.inheritance.twolevelinheritance.Display.height,gov.nih.nci.cacoresdk.domain.inheritance.twolevelinheritance.Display.id,gov.nih.nci.cacoresdk.domain.inheritance.twolevelinheritance.Display.width,gov.nih.nci.cacoresdk.domain.onetoone.multipleassociation.withjoin.Bride.id,gov.nih.nci.cacoresdk.domain.onetoone.multipleassociation.withjoin.Bride.name,gov.nih.nci.cacoresdk.domain.inheritance.childwithassociation.Credit.cardNumber,gov.nih.nci.cacoresdk.domain.inheritance.childwithassociation.Credit.amount,gov.nih.nci.cacoresdk.domain.inheritance.childwithassociation.Credit.id,gov.nih.nci.cacoresdk.domain.onetoone.multipleassociation.Parent.id,gov.nih.nci.cacoresdk.domain.onetoone.multipleassociation.Parent.name,gov.nih.nci.cacoresdk.domain.inheritance.childwithassociation.Bank.id,gov.nih.nci.cacoresdk.domain.inheritance.childwithassociation.Bank.name,gov.nih.nci.cacoresdk.domain.other.datatype.StNtDataType.value1,gov.nih.nci.cacoresdk.domain.other.levelassociation.Deck.id,gov.nih.nci.cacoresdk.domain.other.levelassociation.Deck.name,gov.nih.nci.cacoresdk.domain.other.datatype.IvlIntDataType.value1,gov.nih.nci.cacoresdk.domain.other.datatype.IvlIntDataType.value2,gov.nih.nci.cacoresdk.domain.other.datatype.IvlIntDataType.value3,gov.nih.nci.cacoresdk.domain.onetoone.unidirectional.withjoin.Bag.id,gov.nih.nci.cacoresdk.domain.onetoone.unidirectional.withjoin.Bag.style,gov.nih.nci.cacoresdk.domain.onetoone.bidirectional.withjoin.Pendant.id,gov.nih.nci.cacoresdk.domain.onetoone.bidirectional.withjoin.Pendant.shape,gov.nih.nci.cacoresdk.domain.other.datatype.PqDataType.value1,gov.nih.nci.cacoresdk.domain.other.datatype.PqDataType.value2,gov.nih.nci.cacoresdk.domain.onetomany.bidirectional.withjoin.Passanger.id,gov.nih.nci.cacoresdk.domain.onetomany.bidirectional.withjoin.Passanger.name,gov.nih.nci.cacoresdk.domain.inheritance.abstrakt.Teacher.id,gov.nih.nci.cacoresdk.domain.other.datatype.IvlRealDataType.value1,gov.nih.nci.cacoresdk.domain.other.datatype.IvlRealDataType.value2,gov.nih.nci.cacoresdk.domain.other.datatype.IvlRealDataType.value3]; root of BeanFactory hierarchy]
OUT> 14:52:25,502 INFO  [Environment] Hibernate 3.2.0
OUT> 14:52:25,505 INFO  [Environment] hibernate.properties not found
OUT> 14:52:25,506 INFO  [Environment] Bytecode provider name : cglib
OUT> 14:52:25,508 INFO  [Environment] using JDK 1.4 java.sql.Timestamp handling
OUT> 14:52:25,542 INFO  [Configuration] configuring from url: jar:file:/Users/ervin/Projects/caGrid/caGrid-1_5_release/Software/core/caGrid/projects/introduce/tmp/Tomcat3023141089790090117tmp/webapps/isoExample/WEB-INF/lib/isoExample-orm.jar!/hibernate.cfg.xml
OUT> 14:52:25,579 INFO  [Configuration] Reading mappings from resource: gov/nih/nci/cacoresdk/domain/inheritance/abstrakt/Pupil.hbm.xml
OUT> 14:52:25,635 INFO  [HbmBinder] Mapping class: gov.nih.nci.cacoresdk.domain.inheritance.abstrakt.Pupil -> PUPIL
OUT> 14:52:25,647 INFO  [Configuration] Reading mappings from resource: gov/nih/nci/cacoresdk/domain/inheritance/abstrakt/Teacher.hbm.xml
OUT> 14:52:25,666 INFO  [HbmBinder] Mapping class: gov.nih.nci.cacoresdk.domain.inheritance.abstrakt.Teacher -> TEACHER
OUT> 14:52:25,698 INFO  [HbmBinder] Mapping joined-subclass: gov.nih.nci.cacoresdk.domain.inheritance.abstrakt.PrivateTeacher -> PRIVATE_TEACHER
OUT> 14:52:25,700 INFO  [Configuration] Reading mappings from resource: gov/nih/nci/cacoresdk/domain/inheritance/childwithassociation/Payment.hbm.xml
OUT> 14:52:25,717 INFO  [HbmBinder] Mapping class: gov.nih.nci.cacoresdk.domain.inheritance.childwithassociation.Payment -> PAYMENT
OUT> 14:52:25,718 INFO  [HbmBinder] Mapping joined-subclass: gov.nih.nci.cacoresdk.domain.inheritance.childwithassociation.Credit -> CREDIT
OUT> 14:52:25,768 INFO  [HbmBinder] Mapping joined-subclass: gov.nih.nci.cacoresdk.domain.inheritance.childwithassociation.Cash -> CASH
OUT> 14:52:25,768 INFO  [Configuration] Reading mappings from resource: gov/nih/nci/cacoresdk/domain/inheritance/childwithassociation/Bank.hbm.xml
OUT> 14:52:25,780 INFO  [HbmBinder] Mapping class: gov.nih.nci.cacoresdk.domain.inheritance.childwithassociation.Bank -> BANK
OUT> 14:52:25,780 INFO  [Configuration] Reading mappings from resource: gov/nih/nci/cacoresdk/domain/inheritance/childwithassociation/sametable/Shoes.hbm.xml
OUT> 14:52:25,791 INFO  [HbmBinder] Mapping class: gov.nih.nci.cacoresdk.domain.inheritance.childwithassociation.sametable.Shoes -> SHOES
OUT> 14:52:25,794 INFO  [HbmBinder] Mapping subclass: gov.nih.nci.cacoresdk.domain.inheritance.childwithassociation.sametable.SportsShoes -> SHOES
OUT> 14:52:25,794 INFO  [HbmBinder] Mapping subclass: gov.nih.nci.cacoresdk.domain.inheritance.childwithassociation.sametable.DesignerShoes -> SHOES
OUT> 14:52:25,795 INFO  [Configuration] Reading mappings from resource: gov/nih/nci/cacoresdk/domain/inheritance/childwithassociation/sametable/Designer.hbm.xml
OUT> 14:52:25,805 INFO  [HbmBinder] Mapping class: gov.nih.nci.cacoresdk.domain.inheritance.childwithassociation.sametable.Designer -> DESIGNER
OUT> 14:52:25,806 INFO  [Configuration] Reading mappings from resource: gov/nih/nci/cacoresdk/domain/inheritance/implicit/Substrate.hbm.xml
OUT> 14:52:25,819 INFO  [HbmBinder] Mapping class: gov.nih.nci.cacoresdk.domain.inheritance.implicit.Substrate -> SUBSTRATE
OUT> 14:52:25,819 INFO  [Configuration] Reading mappings from resource: gov/nih/nci/cacoresdk/domain/inheritance/implicit/TankAccessory.hbm.xml
OUT> 14:52:25,832 INFO  [HbmBinder] Mapping class: gov.nih.nci.cacoresdk.domain.inheritance.implicit.TankAccessory -> TANK_ACCESSORY
OUT> 14:52:25,833 INFO  [HbmBinder] Mapping collection: gov.nih.nci.cacoresdk.domain.inheritance.implicit.TankAccessory.tankCollection -> TANK_TANK_ACCESSORY
OUT> 14:52:25,833 INFO  [Configuration] Reading mappings from resource: gov/nih/nci/cacoresdk/domain/inheritance/implicit/Fish.hbm.xml
OUT> 14:52:25,845 INFO  [HbmBinder] Mapping class: gov.nih.nci.cacoresdk.domain.inheritance.implicit.Fish -> FISH
OUT> 14:52:25,846 INFO  [HbmBinder] Mapping subclass: gov.nih.nci.cacoresdk.domain.inheritance.implicit.DiscusFish -> FISH
OUT> 14:52:25,846 INFO  [HbmBinder] Mapping subclass: gov.nih.nci.cacoresdk.domain.inheritance.implicit.AngelFish -> FISH
OUT> 14:52:25,846 INFO  [Configuration] Reading mappings from resource: gov/nih/nci/cacoresdk/domain/inheritance/multiplechild/Student.hbm.xml
OUT> 14:52:25,860 INFO  [HbmBinder] Mapping class: gov.nih.nci.cacoresdk.domain.inheritance.multiplechild.Student -> STUDENT
OUT> 14:52:25,860 INFO  [HbmBinder] Mapping joined-subclass: gov.nih.nci.cacoresdk.domain.inheritance.multiplechild.UndergraduateStudent -> UNDERGRADUATE_STUDENT
OUT> 14:52:25,860 INFO  [HbmBinder] Mapping joined-subclass: gov.nih.nci.cacoresdk.domain.inheritance.multiplechild.GraduateStudent -> GRADUATE_STUDENT
OUT> 14:52:25,860 INFO  [Configuration] Reading mappings from resource: gov/nih/nci/cacoresdk/domain/inheritance/multiplechild/sametable/Organization.hbm.xml
OUT> 14:52:25,873 INFO  [HbmBinder] Mapping class: gov.nih.nci.cacoresdk.domain.inheritance.multiplechild.sametable.Organization -> ORGANIZATION
OUT> 14:52:25,874 INFO  [HbmBinder] Mapping subclass: gov.nih.nci.cacoresdk.domain.inheritance.multiplechild.sametable.PvtOrganization -> ORGANIZATION
OUT> 14:52:25,874 INFO  [HbmBinder] Mapping subclass: gov.nih.nci.cacoresdk.domain.inheritance.multiplechild.sametable.GovtOrganization -> ORGANIZATION
OUT> 14:52:25,874 INFO  [Configuration] Reading mappings from resource: gov/nih/nci/cacoresdk/domain/inheritance/onechild/Mammal.hbm.xml
OUT> 14:52:25,887 INFO  [HbmBinder] Mapping class: gov.nih.nci.cacoresdk.domain.inheritance.onechild.Mammal -> MAMMAL
OUT> 14:52:25,887 INFO  [HbmBinder] Mapping joined-subclass: gov.nih.nci.cacoresdk.domain.inheritance.onechild.Human -> HUMAN
OUT> 14:52:25,888 INFO  [Configuration] Reading mappings from resource: gov/nih/nci/cacoresdk/domain/inheritance/onechild/sametable/Currency.hbm.xml
OUT> 14:52:25,903 INFO  [HbmBinder] Mapping class: gov.nih.nci.cacoresdk.domain.inheritance.onechild.sametable.Currency -> CURRENCY
OUT> 14:52:25,904 INFO  [HbmBinder] Mapping subclass: gov.nih.nci.cacoresdk.domain.inheritance.onechild.sametable.Note -> CURRENCY
OUT> 14:52:25,904 INFO  [Configuration] Reading mappings from resource: gov/nih/nci/cacoresdk/domain/inheritance/parentwithassociation/Professor.hbm.xml
OUT> 14:52:25,919 INFO  [HbmBinder] Mapping class: gov.nih.nci.cacoresdk.domain.inheritance.parentwithassociation.Professor -> PROFESSOR
OUT> 14:52:25,920 INFO  [HbmBinder] Mapping joined-subclass: gov.nih.nci.cacoresdk.domain.inheritance.parentwithassociation.TenuredProfessor -> TENURED_PROFESSOR
OUT> 14:52:25,920 INFO  [HbmBinder] Mapping joined-subclass: gov.nih.nci.cacoresdk.domain.inheritance.parentwithassociation.AssistantProfessor -> ASSISTANT_PROFESSOR
OUT> 14:52:25,920 INFO  [HbmBinder] Mapping joined-subclass: gov.nih.nci.cacoresdk.domain.inheritance.parentwithassociation.AssociateProfessor -> ASSOCIATE_PROFESSOR
OUT> 14:52:25,920 INFO  [Configuration] Reading mappings from resource: gov/nih/nci/cacoresdk/domain/inheritance/parentwithassociation/Assistant.hbm.xml
OUT> 14:52:25,934 INFO  [HbmBinder] Mapping class: gov.nih.nci.cacoresdk.domain.inheritance.parentwithassociation.Assistant -> ASSISTANT
OUT> 14:52:25,934 INFO  [Configuration] Reading mappings from resource: gov/nih/nci/cacoresdk/domain/inheritance/parentwithassociation/sametable/Luggage.hbm.xml
OUT> 14:52:25,946 INFO  [HbmBinder] Mapping class: gov.nih.nci.cacoresdk.domain.inheritance.parentwithassociation.sametable.Luggage -> LUGGAGE
OUT> 14:52:25,947 INFO  [HbmBinder] Mapping subclass: gov.nih.nci.cacoresdk.domain.inheritance.parentwithassociation.sametable.HardTop -> LUGGAGE
OUT> 14:52:25,947 INFO  [HbmBinder] Mapping subclass: gov.nih.nci.cacoresdk.domain.inheritance.parentwithassociation.sametable.HardTopType -> LUGGAGE
OUT> 14:52:25,947 INFO  [HbmBinder] Mapping subclass: gov.nih.nci.cacoresdk.domain.inheritance.parentwithassociation.sametable.SoftTop -> LUGGAGE
OUT> 14:52:25,947 INFO  [Configuration] Reading mappings from resource: gov/nih/nci/cacoresdk/domain/inheritance/parentwithassociation/sametable/Wheel.hbm.xml
OUT> 14:52:25,959 INFO  [HbmBinder] Mapping class: gov.nih.nci.cacoresdk.domain.inheritance.parentwithassociation.sametable.Wheel -> WHEEL
OUT> 14:52:25,959 INFO  [Configuration] Reading mappings from resource: gov/nih/nci/cacoresdk/domain/inheritance/twolevelinheritance/Display.hbm.xml
OUT> 14:52:25,971 INFO  [HbmBinder] Mapping class: gov.nih.nci.cacoresdk.domain.inheritance.twolevelinheritance.Display -> DISPLAY
OUT> 14:52:25,971 INFO  [HbmBinder] Mapping joined-subclass: gov.nih.nci.cacoresdk.domain.inheritance.twolevelinheritance.Monitor -> MONITOR
OUT> 14:52:25,972 INFO  [HbmBinder] Mapping joined-subclass: gov.nih.nci.cacoresdk.domain.inheritance.twolevelinheritance.CRTMonitor -> CRT_MONITOR
OUT> 14:52:25,972 INFO  [HbmBinder] Mapping joined-subclass: gov.nih.nci.cacoresdk.domain.inheritance.twolevelinheritance.LCDMonitor -> LCD_MONITOR
OUT> 14:52:25,972 INFO  [Configuration] Reading mappings from resource: gov/nih/nci/cacoresdk/domain/inheritance/twolevelinheritance/sametable/Goverment.hbm.xml
OUT> 14:52:25,984 INFO  [HbmBinder] Mapping class: gov.nih.nci.cacoresdk.domain.inheritance.twolevelinheritance.sametable.Goverment -> GOVERMENT
OUT> 14:52:25,985 INFO  [HbmBinder] Mapping subclass: gov.nih.nci.cacoresdk.domain.inheritance.twolevelinheritance.sametable.DemocraticGovt -> GOVERMENT
OUT> 14:52:25,985 INFO  [HbmBinder] Mapping subclass: gov.nih.nci.cacoresdk.domain.inheritance.twolevelinheritance.sametable.ParliamantaryGovt -> GOVERMENT
OUT> 14:52:25,985 INFO  [HbmBinder] Mapping subclass: gov.nih.nci.cacoresdk.domain.inheritance.twolevelinheritance.sametable.PresidentialGovt -> GOVERMENT
OUT> 14:52:25,985 INFO  [HbmBinder] Mapping subclass: gov.nih.nci.cacoresdk.domain.inheritance.twolevelinheritance.sametable.CommunistGovt -> GOVERMENT
OUT> 14:52:25,985 INFO  [Configuration] Reading mappings from resource: gov/nih/nci/cacoresdk/domain/inheritance/twolevelinheritance/sametablerootlevel/Calculator.hbm.xml
OUT> 14:52:25,998 INFO  [HbmBinder] Mapping class: gov.nih.nci.cacoresdk.domain.inheritance.twolevelinheritance.sametablerootlevel.Calculator -> CALCULATOR
OUT> 14:52:25,998 INFO  [HbmBinder] Mapping subclass: gov.nih.nci.cacoresdk.domain.inheritance.twolevelinheritance.sametablerootlevel.ScientificCalculator -> CALCULATOR
OUT> 14:52:25,998 INFO  [HbmBinder] Mapping subclass: gov.nih.nci.cacoresdk.domain.inheritance.twolevelinheritance.sametablerootlevel.GraphicCalculator -> CALCULATOR
OUT> 14:52:26,000 INFO  [HbmBinder] Mapping class join: gov.nih.nci.cacoresdk.domain.inheritance.twolevelinheritance.sametablerootlevel.GraphicCalculator -> GRAPHIC_CALCULATOR
OUT> 14:52:26,000 INFO  [HbmBinder] Mapping subclass: gov.nih.nci.cacoresdk.domain.inheritance.twolevelinheritance.sametablerootlevel.FinancialCalculator -> CALCULATOR
OUT> 14:52:26,000 INFO  [Configuration] Reading mappings from resource: gov/nih/nci/cacoresdk/domain/interfaze/Dog.hbm.xml
OUT> 14:52:26,011 INFO  [HbmBinder] Mapping class: gov.nih.nci.cacoresdk.domain.interfaze.Dog -> DOG
OUT> 14:52:26,012 INFO  [Configuration] Reading mappings from resource: gov/nih/nci/cacoresdk/domain/manytomany/bidirectional/Project.hbm.xml
OUT> 14:52:26,023 INFO  [HbmBinder] Mapping class: gov.nih.nci.cacoresdk.domain.manytomany.bidirectional.Project -> PROJECT
OUT> 14:52:26,023 INFO  [HbmBinder] Mapping collection: gov.nih.nci.cacoresdk.domain.manytomany.bidirectional.Project.employeeCollection -> EMPLOYEE_PROJECT
OUT> 14:52:26,024 INFO  [Configuration] Reading mappings from resource: gov/nih/nci/cacoresdk/domain/manytomany/bidirectional/Employee.hbm.xml
OUT> 14:52:26,036 INFO  [HbmBinder] Mapping class: gov.nih.nci.cacoresdk.domain.manytomany.bidirectional.Employee -> EMPLOYEE
OUT> 14:52:26,036 INFO  [HbmBinder] Mapping collection: gov.nih.nci.cacoresdk.domain.manytomany.bidirectional.Employee.projectCollection -> EMPLOYEE_PROJECT
OUT> 14:52:26,037 INFO  [Configuration] Reading mappings from resource: gov/nih/nci/cacoresdk/domain/manytomany/unidirectional/Book.hbm.xml
OUT> 14:52:26,060 INFO  [HbmBinder] Mapping class: gov.nih.nci.cacoresdk.domain.manytomany.unidirectional.Book -> BOOK
OUT> 14:52:26,060 INFO  [HbmBinder] Mapping collection: gov.nih.nci.cacoresdk.domain.manytomany.unidirectional.Book.authorCollection -> AUTHOR_BOOK
OUT> 14:52:26,061 INFO  [Configuration] Reading mappings from resource: gov/nih/nci/cacoresdk/domain/manytomany/unidirectional/Author.hbm.xml
OUT> 14:52:26,075 INFO  [HbmBinder] Mapping class: gov.nih.nci.cacoresdk.domain.manytomany.unidirectional.Author -> AUTHOR
OUT> 14:52:26,076 INFO  [Configuration] Reading mappings from resource: gov/nih/nci/cacoresdk/domain/manytoone/unidirectional/Chef.hbm.xml
OUT> 14:52:26,090 INFO  [HbmBinder] Mapping class: gov.nih.nci.cacoresdk.domain.manytoone.unidirectional.Chef -> CHEF
OUT> 14:52:26,090 INFO  [Configuration] Reading mappings from resource: gov/nih/nci/cacoresdk/domain/manytoone/unidirectional/Restaurant.hbm.xml
OUT> 14:52:26,101 INFO  [HbmBinder] Mapping class: gov.nih.nci.cacoresdk.domain.manytoone.unidirectional.Restaurant -> RESTAURANT
OUT> 14:52:26,101 INFO  [Configuration] Reading mappings from resource: gov/nih/nci/cacoresdk/domain/manytoone/unidirectional/withjoin/Album.hbm.xml
OUT> 14:52:26,112 INFO  [HbmBinder] Mapping class: gov.nih.nci.cacoresdk.domain.manytoone.unidirectional.withjoin.Album -> ALBUM
OUT> 14:52:26,113 INFO  [Configuration] Reading mappings from resource: gov/nih/nci/cacoresdk/domain/manytoone/unidirectional/withjoin/Song.hbm.xml
OUT> 14:52:26,124 INFO  [HbmBinder] Mapping class: gov.nih.nci.cacoresdk.domain.manytoone.unidirectional.withjoin.Song -> SONG
OUT> 14:52:26,124 INFO  [HbmBinder] Mapping class join: gov.nih.nci.cacoresdk.domain.manytoone.unidirectional.withjoin.Song -> ALBUM_SONG
OUT> 14:52:26,124 INFO  [Configuration] Reading mappings from resource: gov/nih/nci/cacoresdk/domain/onetomany/bidirectional/HardDrive.hbm.xml
OUT> 14:52:26,135 INFO  [HbmBinder] Mapping class: gov.nih.nci.cacoresdk.domain.onetomany.bidirectional.HardDrive -> HARD_DRIVE
OUT> 14:52:26,135 INFO  [Configuration] Reading mappings from resource: gov/nih/nci/cacoresdk/domain/onetomany/bidirectional/Computer.hbm.xml
OUT> 14:52:26,146 INFO  [HbmBinder] Mapping class: gov.nih.nci.cacoresdk.domain.onetomany.bidirectional.Computer -> COMPUTER
OUT> 14:52:26,147 INFO  [Configuration] Reading mappings from resource: gov/nih/nci/cacoresdk/domain/onetomany/bidirectional/withjoin/Passanger.hbm.xml
OUT> 14:52:26,159 INFO  [HbmBinder] Mapping class: gov.nih.nci.cacoresdk.domain.onetomany.bidirectional.withjoin.Passanger -> PASSANGER
OUT> 14:52:26,159 INFO  [HbmBinder] Mapping class join: gov.nih.nci.cacoresdk.domain.onetomany.bidirectional.withjoin.Passanger -> FLIGHT_PASSANGER
OUT> 14:52:26,159 INFO  [Configuration] Reading mappings from resource: gov/nih/nci/cacoresdk/domain/onetomany/bidirectional/withjoin/Flight.hbm.xml
OUT> 14:52:26,168 INFO  [HbmBinder] Mapping class: gov.nih.nci.cacoresdk.domain.onetomany.bidirectional.withjoin.Flight -> FLIGHT
OUT> 14:52:26,169 INFO  [HbmBinder] Mapping collection: gov.nih.nci.cacoresdk.domain.onetomany.bidirectional.withjoin.Flight.passangerCollection -> FLIGHT_PASSANGER
OUT> 14:52:26,169 INFO  [Configuration] Reading mappings from resource: gov/nih/nci/cacoresdk/domain/onetomany/selfassociation/Element.hbm.xml
OUT> 14:52:26,178 INFO  [HbmBinder] Mapping class: gov.nih.nci.cacoresdk.domain.onetomany.selfassociation.Element -> ELEMENT
OUT> 14:52:26,179 INFO  [Configuration] Reading mappings from resource: gov/nih/nci/cacoresdk/domain/onetomany/unidirectional/LatchKey.hbm.xml
OUT> 14:52:26,187 INFO  [HbmBinder] Mapping class: gov.nih.nci.cacoresdk.domain.onetomany.unidirectional.LatchKey -> LATCH_KEY
OUT> 14:52:26,187 INFO  [Configuration] Reading mappings from resource: gov/nih/nci/cacoresdk/domain/onetomany/unidirectional/KeyChain.hbm.xml
OUT> 14:52:26,196 INFO  [HbmBinder] Mapping class: gov.nih.nci.cacoresdk.domain.onetomany.unidirectional.KeyChain -> KEYCHAIN
OUT> 14:52:26,196 INFO  [Configuration] Reading mappings from resource: gov/nih/nci/cacoresdk/domain/onetomany/unidirectional/withjoin/Shirt.hbm.xml
OUT> 14:52:26,205 INFO  [HbmBinder] Mapping class: gov.nih.nci.cacoresdk.domain.onetomany.unidirectional.withjoin.Shirt -> SHIRT
OUT> 14:52:26,205 INFO  [HbmBinder] Mapping collection: gov.nih.nci.cacoresdk.domain.onetomany.unidirectional.withjoin.Shirt.buttonCollection -> SHIRT_BUTTON
OUT> 14:52:26,206 INFO  [Configuration] Reading mappings from resource: gov/nih/nci/cacoresdk/domain/onetomany/unidirectional/withjoin/Button.hbm.xml
OUT> 14:52:26,214 INFO  [HbmBinder] Mapping class: gov.nih.nci.cacoresdk.domain.onetomany.unidirectional.withjoin.Button -> BUTTON
OUT> 14:52:26,214 INFO  [Configuration] Reading mappings from resource: gov/nih/nci/cacoresdk/domain/onetoone/bidirectional/OrderLine.hbm.xml
OUT> 14:52:26,224 INFO  [HbmBinder] Mapping class: gov.nih.nci.cacoresdk.domain.onetoone.bidirectional.OrderLine -> ORDERLINE
OUT> 14:52:26,227 INFO  [Configuration] Reading mappings from resource: gov/nih/nci/cacoresdk/domain/onetoone/bidirectional/Product.hbm.xml
OUT> 14:52:26,237 INFO  [HbmBinder] Mapping class: gov.nih.nci.cacoresdk.domain.onetoone.bidirectional.Product -> PRODUCT
OUT> 14:52:26,237 INFO  [Configuration] Reading mappings from resource: gov/nih/nci/cacoresdk/domain/onetoone/bidirectional/withjoin/Chain.hbm.xml
OUT> 14:52:26,247 INFO  [HbmBinder] Mapping class: gov.nih.nci.cacoresdk.domain.onetoone.bidirectional.withjoin.Chain -> CHAIN
OUT> 14:52:26,247 INFO  [HbmBinder] Mapping class join: gov.nih.nci.cacoresdk.domain.onetoone.bidirectional.withjoin.Chain -> CHAIN_PENDANT
OUT> 14:52:26,247 INFO  [Configuration] Reading mappings from resource: gov/nih/nci/cacoresdk/domain/onetoone/bidirectional/withjoin/Pendant.hbm.xml
OUT> 14:52:26,256 INFO  [HbmBinder] Mapping class: gov.nih.nci.cacoresdk.domain.onetoone.bidirectional.withjoin.Pendant -> PENDANT
OUT> 14:52:26,256 INFO  [HbmBinder] Mapping class join: gov.nih.nci.cacoresdk.domain.onetoone.bidirectional.withjoin.Pendant -> CHAIN_PENDANT
OUT> 14:52:26,256 INFO  [Configuration] Reading mappings from resource: gov/nih/nci/cacoresdk/domain/onetoone/multipleassociation/Parent.hbm.xml
OUT> 14:52:26,264 INFO  [HbmBinder] Mapping class: gov.nih.nci.cacoresdk.domain.onetoone.multipleassociation.Parent -> PARENT
OUT> 14:52:26,264 INFO  [Configuration] Reading mappings from resource: gov/nih/nci/cacoresdk/domain/onetoone/multipleassociation/Child.hbm.xml
OUT> 14:52:26,272 INFO  [HbmBinder] Mapping class: gov.nih.nci.cacoresdk.domain.onetoone.multipleassociation.Child -> CHILD
OUT> 14:52:26,273 INFO  [Configuration] Reading mappings from resource: gov/nih/nci/cacoresdk/domain/onetoone/multipleassociation/withjoin/InLaw.hbm.xml
OUT> 14:52:26,281 INFO  [HbmBinder] Mapping class: gov.nih.nci.cacoresdk.domain.onetoone.multipleassociation.withjoin.InLaw -> IN_LAW
OUT> 14:52:26,281 INFO  [Configuration] Reading mappings from resource: gov/nih/nci/cacoresdk/domain/onetoone/multipleassociation/withjoin/Bride.hbm.xml
OUT> 14:52:26,291 INFO  [HbmBinder] Mapping class: gov.nih.nci.cacoresdk.domain.onetoone.multipleassociation.withjoin.Bride -> BRIDE
OUT> 14:52:26,291 INFO  [HbmBinder] Mapping class join: gov.nih.nci.cacoresdk.domain.onetoone.multipleassociation.withjoin.Bride -> BRIDE_FATHER_IN_LAW
OUT> 14:52:26,291 INFO  [HbmBinder] Mapping class join: gov.nih.nci.cacoresdk.domain.onetoone.multipleassociation.withjoin.Bride -> BRIDE_MOTHER_IN_LAW
OUT> 14:52:26,292 INFO  [Configuration] Reading mappings from resource: gov/nih/nci/cacoresdk/domain/onetoone/unidirectional/Person.hbm.xml
OUT> 14:52:26,299 INFO  [HbmBinder] Mapping class: gov.nih.nci.cacoresdk.domain.onetoone.unidirectional.Person -> PERSON
OUT> 14:52:26,299 INFO  [Configuration] Reading mappings from resource: gov/nih/nci/cacoresdk/domain/onetoone/unidirectional/Address.hbm.xml
OUT> 14:52:26,308 INFO  [HbmBinder] Mapping class: gov.nih.nci.cacoresdk.domain.onetoone.unidirectional.Address -> ADDRESS
OUT> 14:52:26,308 INFO  [Configuration] Reading mappings from resource: gov/nih/nci/cacoresdk/domain/onetoone/unidirectional/withjoin/Handle.hbm.xml
OUT> 14:52:26,316 INFO  [HbmBinder] Mapping class: gov.nih.nci.cacoresdk.domain.onetoone.unidirectional.withjoin.Handle -> HANDLE
OUT> 14:52:26,316 INFO  [Configuration] Reading mappings from resource: gov/nih/nci/cacoresdk/domain/onetoone/unidirectional/withjoin/Bag.hbm.xml
OUT> 14:52:26,323 INFO  [HbmBinder] Mapping class: gov.nih.nci.cacoresdk.domain.onetoone.unidirectional.withjoin.Bag -> BAG
OUT> 14:52:26,323 INFO  [HbmBinder] Mapping class join: gov.nih.nci.cacoresdk.domain.onetoone.unidirectional.withjoin.Bag -> BAG_HANDLE
OUT> 14:52:26,324 INFO  [Configuration] Reading mappings from resource: gov/nih/nci/cacoresdk/domain/other/datatype/DsetCdDataType.hbm.xml
OUT> 14:52:26,332 INFO  [HbmBinder] Mapping class: gov.nih.nci.cacoresdk.domain.other.datatype.DsetCdDataType -> DSET_CD
OUT> 14:52:26,333 INFO  [HbmBinder] Mapping collection: gov.nih.nci.cacoresdk.domain.other.datatype.DsetCdDataType.value1.item -> DSET_CD_VALUE1
OUT> 14:52:26,333 INFO  [HbmBinder] Mapping collection: gov.nih.nci.cacoresdk.domain.other.datatype.DsetCdDataType.value2.item -> DSET_CD_VALUE2
OUT> 14:52:26,333 INFO  [HbmBinder] Mapping collection: gov.nih.nci.cacoresdk.domain.other.datatype.DsetCdDataType.value3.item -> DSET_CD_VALUE3
OUT> 14:52:26,333 INFO  [HbmBinder] Mapping collection: gov.nih.nci.cacoresdk.domain.other.datatype.DsetCdDataType.value4.item -> DSET_CD_VALUE4
OUT> 14:52:26,333 INFO  [HbmBinder] Mapping collection: gov.nih.nci.cacoresdk.domain.other.datatype.DsetCdDataType.value5.item -> DSET_CD_VALUE5
OUT> 14:52:26,333 INFO  [HbmBinder] Mapping collection: gov.nih.nci.cacoresdk.domain.other.datatype.DsetCdDataType.value7.item -> DSET_CD_CD_VALUE7
OUT> 14:52:26,333 INFO  [HbmBinder] Mapping class: _xxEntityxx_gov_nih_nci_cacoresdk_domain_other_datatype_DsetCdDataType_value6 -> DSET_CD_VALUE6
OUT> 14:52:26,333 INFO  [HbmBinder] Mapping class: _xxEntityxx_gov_nih_nci_cacoresdk_domain_other_datatype_DsetCdDataType_value7 -> DSET_CD_VALUE7
OUT> 14:52:26,334 INFO  [Configuration] Reading mappings from resource: gov/nih/nci/cacoresdk/domain/other/datatype/EnDataType.hbm.xml
OUT> 14:52:26,344 INFO  [HbmBinder] Mapping class: gov.nih.nci.cacoresdk.domain.other.datatype.EnDataType -> EN_DATATYPE
OUT> 14:52:26,345 INFO  [Configuration] Reading mappings from resource: gov/nih/nci/cacoresdk/domain/other/datatype/BlNonNullDataType.hbm.xml
OUT> 14:52:26,351 INFO  [HbmBinder] Mapping class: gov.nih.nci.cacoresdk.domain.other.datatype.BlNonNullDataType -> BL_NONNULL_DATATYPE
OUT> 14:52:26,351 INFO  [Configuration] Reading mappings from resource: gov/nih/nci/cacoresdk/domain/other/datatype/TelEmailDataType.hbm.xml
OUT> 14:52:26,357 INFO  [HbmBinder] Mapping class: gov.nih.nci.cacoresdk.domain.other.datatype.TelEmailDataType -> TEL_EMAIL_DATATYPE
OUT> 14:52:26,357 INFO  [Configuration] Reading mappings from resource: gov/nih/nci/cacoresdk/domain/other/datatype/PqDataType.hbm.xml
OUT> 14:52:26,363 INFO  [HbmBinder] Mapping class: gov.nih.nci.cacoresdk.domain.other.datatype.PqDataType -> PQ_DATATYPE
OUT> 14:52:26,363 INFO  [Configuration] Reading mappings from resource: gov/nih/nci/cacoresdk/domain/other/datatype/EnOnDataType.hbm.xml
OUT> 14:52:26,369 INFO  [HbmBinder] Mapping class: gov.nih.nci.cacoresdk.domain.other.datatype.EnOnDataType -> EN_ON_DATATYPE
OUT> 14:52:26,369 INFO  [Configuration] Reading mappings from resource: gov/nih/nci/cacoresdk/domain/other/datatype/IvlIntDataType.hbm.xml
OUT> 14:52:26,377 INFO  [HbmBinder] Mapping class: gov.nih.nci.cacoresdk.domain.other.datatype.IvlIntDataType -> IVL_INT
OUT> 14:52:26,377 INFO  [Configuration] Reading mappings from resource: gov/nih/nci/cacoresdk/domain/other/datatype/IvlTsDataType.hbm.xml
OUT> 14:52:26,386 INFO  [HbmBinder] Mapping class: gov.nih.nci.cacoresdk.domain.other.datatype.IvlTsDataType -> IVL_TS
OUT> 14:52:26,387 INFO  [Configuration] Reading mappings from resource: gov/nih/nci/cacoresdk/domain/other/datatype/TelPhoneDataType.hbm.xml
OUT> 14:52:26,394 INFO  [HbmBinder] Mapping class: gov.nih.nci.cacoresdk.domain.other.datatype.TelPhoneDataType -> TEL_PHONE_DATATYPE
OUT> 14:52:26,394 INFO  [Configuration] Reading mappings from resource: gov/nih/nci/cacoresdk/domain/other/datatype/AllDataType.hbm.xml
OUT> 14:52:26,402 INFO  [HbmBinder] Mapping class: gov.nih.nci.cacoresdk.domain.other.datatype.AllDataType -> ALL_DATA_TYPE
OUT> 14:52:26,402 INFO  [HbmBinder] Mapping collection: gov.nih.nci.cacoresdk.domain.other.datatype.AllDataType.stringCollection -> ALL_DATA_TYPE_STRING_COLL
OUT> 14:52:26,403 INFO  [Configuration] Reading mappings from resource: gov/nih/nci/cacoresdk/domain/other/datatype/IntDataType.hbm.xml
OUT> 14:52:26,409 INFO  [HbmBinder] Mapping class: gov.nih.nci.cacoresdk.domain.other.datatype.IntDataType -> INT_DATATYPE
OUT> 14:52:26,409 INFO  [Configuration] Reading mappings from resource: gov/nih/nci/cacoresdk/domain/other/datatype/DsetTelDataType.hbm.xml
OUT> 14:52:26,415 INFO  [HbmBinder] Mapping class: gov.nih.nci.cacoresdk.domain.other.datatype.DsetTelDataType -> DSET_TEL
OUT> 14:52:26,415 INFO  [HbmBinder] Mapping collection: gov.nih.nci.cacoresdk.domain.other.datatype.DsetTelDataType.value1.item -> DSET_TEL_VALUE1
OUT> 14:52:26,416 INFO  [HbmBinder] Mapping collection: gov.nih.nci.cacoresdk.domain.other.datatype.DsetTelDataType.value3.item -> DSET_TEL_TEL_VALUE_3
OUT> 14:52:26,416 INFO  [HbmBinder] Mapping class: _xxEntityxx_gov_nih_nci_cacoresdk_domain_other_datatype_DsetTelDataType_value2 -> DSET_TEL_VALUE2
OUT> 14:52:26,416 INFO  [HbmBinder] Mapping class: _xxEntityxx_gov_nih_nci_cacoresdk_domain_other_datatype_DsetTelDataType_value3 -> DSET_TEL_VALUE3
OUT> 14:52:26,416 INFO  [Configuration] Reading mappings from resource: gov/nih/nci/cacoresdk/domain/other/datatype/TelPersonDataType.hbm.xml
OUT> 14:52:26,421 INFO  [HbmBinder] Mapping class: gov.nih.nci.cacoresdk.domain.other.datatype.TelPersonDataType -> TEL_PERSON_DATATYPE
OUT> 14:52:26,421 INFO  [Configuration] Reading mappings from resource: gov/nih/nci/cacoresdk/domain/other/datatype/IiDataType.hbm.xml
OUT> 14:52:26,427 INFO  [HbmBinder] Mapping class: gov.nih.nci.cacoresdk.domain.other.datatype.IiDataType -> II_DATATYPE
OUT> 14:52:26,427 INFO  [Configuration] Reading mappings from resource: gov/nih/nci/cacoresdk/domain/other/datatype/IvlRealDataType.hbm.xml
OUT> 14:52:26,433 INFO  [HbmBinder] Mapping class: gov.nih.nci.cacoresdk.domain.other.datatype.IvlRealDataType -> IVL_REAL
OUT> 14:52:26,433 INFO  [Configuration] Reading mappings from resource: gov/nih/nci/cacoresdk/domain/other/datatype/DsetAdDataType.hbm.xml
OUT> 14:52:26,445 INFO  [HbmBinder] Mapping class: gov.nih.nci.cacoresdk.domain.other.datatype.DsetAdDataType -> DSET_AD_DATATYPE
OUT> 14:52:26,445 INFO  [HbmBinder] Mapping collection: gov.nih.nci.cacoresdk.domain.other.datatype.DsetAdDataType.value1.item -> DSET_AD_VALUE1
OUT> 14:52:26,445 INFO  [HbmBinder] Mapping collection: gov.nih.nci.cacoresdk.domain.other.datatype.DsetAdDataType.value2.item -> DSET_AD_VALUE2
OUT> 14:52:26,446 INFO  [HbmBinder] Mapping collection: gov.nih.nci.cacoresdk.domain.other.datatype.DsetAdDataType.value3.item -> DSET_AD_VALUE3
OUT> 14:52:26,446 INFO  [HbmBinder] Mapping collection: gov.nih.nci.cacoresdk.domain.other.datatype.DsetAdDataType.value4.item -> DSET_AD_VALUE4
OUT> 14:52:26,446 INFO  [HbmBinder] Mapping collection: gov.nih.nci.cacoresdk.domain.other.datatype.DsetAdDataType.value5.item -> DSET_AD_VALUE5
OUT> 14:52:26,446 INFO  [HbmBinder] Mapping collection: gov.nih.nci.cacoresdk.domain.other.datatype.DsetAdDataType.value6.item -> DSET_AD_VALUE6
OUT> 14:52:26,446 INFO  [HbmBinder] Mapping collection: gov.nih.nci.cacoresdk.domain.other.datatype.DsetAdDataType.value8.item -> DSET_AD_DSET_AD_VALUE8
OUT> 14:52:26,446 INFO  [HbmBinder] Mapping class: _xxEntityxx_gov_nih_nci_cacoresdk_domain_other_datatype_DsetAdDataType_value7 -> DSET_AD_VALUE7
OUT> 14:52:26,447 INFO  [HbmBinder] Mapping class: _xxEntityxx_gov_nih_nci_cacoresdk_domain_other_datatype_DsetAdDataType_value8 -> DSET_AD_VALUE8
OUT> 14:52:26,447 INFO  [Configuration] Reading mappings from resource: gov/nih/nci/cacoresdk/domain/other/datatype/IvlPqDataType.hbm.xml
OUT> 14:52:26,456 INFO  [HbmBinder] Mapping class: gov.nih.nci.cacoresdk.domain.other.datatype.IvlPqDataType -> IVL_PQ
OUT> 14:52:26,458 INFO  [Configuration] Reading mappings from resource: gov/nih/nci/cacoresdk/domain/other/datatype/EnPnDataType.hbm.xml
OUT> 14:52:26,464 INFO  [HbmBinder] Mapping class: gov.nih.nci.cacoresdk.domain.other.datatype.EnPnDataType -> EN_PN_DATATYPE
OUT> 14:52:26,465 INFO  [Configuration] Reading mappings from resource: gov/nih/nci/cacoresdk/domain/other/datatype/RealDataType.hbm.xml
OUT> 14:52:26,488 INFO  [HbmBinder] Mapping class: gov.nih.nci.cacoresdk.domain.other.datatype.RealDataType -> REAL_DATATYPE
OUT> 14:52:26,488 INFO  [Configuration] Reading mappings from resource: gov/nih/nci/cacoresdk/domain/other/datatype/EdDataType.hbm.xml
OUT> 14:52:26,494 INFO  [HbmBinder] Mapping class: gov.nih.nci.cacoresdk.domain.other.datatype.EdDataType -> ED_DATATYPE
OUT> 14:52:26,495 INFO  [Configuration] Reading mappings from resource: gov/nih/nci/cacoresdk/domain/other/datatype/TsDataType.hbm.xml
OUT> 14:52:26,500 INFO  [HbmBinder] Mapping class: gov.nih.nci.cacoresdk.domain.other.datatype.TsDataType -> TS_DATATYPE
OUT> 14:52:26,501 INFO  [Configuration] Reading mappings from resource: gov/nih/nci/cacoresdk/domain/other/datatype/AdDataType.hbm.xml
OUT> 14:52:26,516 INFO  [HbmBinder] Mapping class: gov.nih.nci.cacoresdk.domain.other.datatype.AdDataType -> AD_DATATYPE
OUT> 14:52:26,519 INFO  [HbmBinder] Mapping class join: gov.nih.nci.cacoresdk.domain.other.datatype.AdDataType -> AD_DATATYPE_VALUE7
OUT> 14:52:26,520 INFO  [HbmBinder] Mapping class join: gov.nih.nci.cacoresdk.domain.other.datatype.AdDataType -> AD_AD_DATATYPE_VALUE9
OUT> 14:52:26,520 INFO  [HbmBinder] Mapping class: _xxEntityxx_gov_nih_nci_cacoresdk_domain_other_datatype_AdDataType_value8 -> AD_DATATYPE_VALUE8
OUT> 14:52:26,521 INFO  [HbmBinder] Mapping class: _xxEntityxx_gov_nih_nci_cacoresdk_domain_other_datatype_AdDataType_value9 -> AD_DATATYPE_VALUE9
OUT> 14:52:26,521 INFO  [Configuration] Reading mappings from resource: gov/nih/nci/cacoresdk/domain/other/datatype/ScDataType.hbm.xml
OUT> 14:52:26,531 INFO  [HbmBinder] Mapping class: gov.nih.nci.cacoresdk.domain.other.datatype.ScDataType -> SC_DATATYPE
OUT> 14:52:26,532 INFO  [Configuration] Reading mappings from resource: gov/nih/nci/cacoresdk/domain/other/datatype/StNtDataType.hbm.xml
OUT> 14:52:26,539 INFO  [HbmBinder] Mapping class: gov.nih.nci.cacoresdk.domain.other.datatype.StNtDataType -> ST_NT_DATATYPE
OUT> 14:52:26,539 INFO  [Configuration] Reading mappings from resource: gov/nih/nci/cacoresdk/domain/other/datatype/StDataType.hbm.xml
OUT> 14:52:26,546 INFO  [HbmBinder] Mapping class: gov.nih.nci.cacoresdk.domain.other.datatype.StDataType -> ST_DATATYPE
OUT> 14:52:26,546 INFO  [Configuration] Reading mappings from resource: gov/nih/nci/cacoresdk/domain/other/datatype/DsetIiDataType.hbm.xml
OUT> 14:52:26,556 INFO  [HbmBinder] Mapping class: gov.nih.nci.cacoresdk.domain.other.datatype.DsetIiDataType -> DSET_II
OUT> 14:52:26,557 INFO  [HbmBinder] Mapping collection: gov.nih.nci.cacoresdk.domain.other.datatype.DsetIiDataType.value1.item -> DSET_II_VALUE1
OUT> 14:52:26,557 INFO  [HbmBinder] Mapping collection: gov.nih.nci.cacoresdk.domain.other.datatype.DsetIiDataType.value2.item -> DSET_II_VALUE2
OUT> 14:52:26,557 INFO  [HbmBinder] Mapping collection: gov.nih.nci.cacoresdk.domain.other.datatype.DsetIiDataType.value3.item -> DSET_II_VALUE3
OUT> 14:52:26,557 INFO  [HbmBinder] Mapping collection: gov.nih.nci.cacoresdk.domain.other.datatype.DsetIiDataType.value4.item -> DSET_II_VALUE4
OUT> 14:52:26,557 INFO  [HbmBinder] Mapping collection: gov.nih.nci.cacoresdk.domain.other.datatype.DsetIiDataType.value6.item -> DSET_II_II_VALUE6
OUT> 14:52:26,557 INFO  [HbmBinder] Mapping class: _xxEntityxx_gov_nih_nci_cacoresdk_domain_other_datatype_DsetIiDataType_value5 -> DSET_II_VALUE5
OUT> 14:52:26,558 INFO  [HbmBinder] Mapping class: _xxEntityxx_gov_nih_nci_cacoresdk_domain_other_datatype_DsetIiDataType_value6 -> DSET_II_VALUE6
OUT> 14:52:26,558 INFO  [Configuration] Reading mappings from resource: gov/nih/nci/cacoresdk/domain/other/datatype/EdTextDataType.hbm.xml
OUT> 14:52:26,564 INFO  [HbmBinder] Mapping class: gov.nih.nci.cacoresdk.domain.other.datatype.EdTextDataType -> ED_TEXT_DATATYPE
OUT> 14:52:26,564 INFO  [Configuration] Reading mappings from resource: gov/nih/nci/cacoresdk/domain/other/datatype/CdDataType.hbm.xml
OUT> 14:52:26,576 INFO  [HbmBinder] Mapping class: gov.nih.nci.cacoresdk.domain.other.datatype.CdDataType -> CD_DATATYPE
OUT> 14:52:26,577 INFO  [HbmBinder] Mapping class join: gov.nih.nci.cacoresdk.domain.other.datatype.CdDataType -> CD_DATATYPE_VALUE6
OUT> 14:52:26,578 INFO  [HbmBinder] Mapping class join: gov.nih.nci.cacoresdk.domain.other.datatype.CdDataType -> CD_CD_DATATYPE_VALUE8
OUT> 14:52:26,578 INFO  [HbmBinder] Mapping class: _xxEntityxx_gov_nih_nci_cacoresdk_domain_other_datatype_CdDataType_value7 -> CD_DATATYPE_VALUE7
OUT> 14:52:26,579 INFO  [HbmBinder] Mapping class: _xxEntityxx_gov_nih_nci_cacoresdk_domain_other_datatype_CdDataType_value8 -> CD_DATATYPE_VALUE8
OUT> 14:52:26,580 INFO  [Configuration] Reading mappings from resource: gov/nih/nci/cacoresdk/domain/other/datatype/TelUrlDataType.hbm.xml
OUT> 14:52:26,584 INFO  [HbmBinder] Mapping class: gov.nih.nci.cacoresdk.domain.other.datatype.TelUrlDataType -> TEL_URL_DATATYPE
OUT> 14:52:26,585 INFO  [Configuration] Reading mappings from resource: gov/nih/nci/cacoresdk/domain/other/datatype/TelDataType.hbm.xml
OUT> 14:52:26,590 INFO  [HbmBinder] Mapping class: gov.nih.nci.cacoresdk.domain.other.datatype.TelDataType -> TEL_DATATYPE
OUT> 14:52:26,590 INFO  [Configuration] Reading mappings from resource: gov/nih/nci/cacoresdk/domain/other/datatype/BlDataType.hbm.xml
OUT> 14:52:26,595 INFO  [HbmBinder] Mapping class: gov.nih.nci.cacoresdk.domain.other.datatype.BlDataType -> BL_DATATYPE
OUT> 14:52:26,596 INFO  [Configuration] Reading mappings from resource: gov/nih/nci/cacoresdk/domain/other/differentpackage/Dessert.hbm.xml
OUT> 14:52:26,601 INFO  [HbmBinder] Mapping class: gov.nih.nci.cacoresdk.domain.other.differentpackage.Dessert -> DESSERT
OUT> 14:52:26,601 INFO  [HbmBinder] Mapping collection: gov.nih.nci.cacoresdk.domain.other.differentpackage.Dessert.utensilCollection -> DESSERT_UTENSIL
OUT> 14:52:26,602 INFO  [HbmBinder] Mapping subclass: gov.nih.nci.cacoresdk.domain.other.differentpackage.associations.Pie -> DESSERT
OUT> 14:52:26,602 INFO  [HbmBinder] Mapping subclass: gov.nih.nci.cacoresdk.domain.other.differentpackage.associations.IceCream -> DESSERT
OUT> 14:52:26,602 INFO  [Configuration] Reading mappings from resource: gov/nih/nci/cacoresdk/domain/other/differentpackage/associations/Utensil.hbm.xml
OUT> 14:52:26,606 INFO  [HbmBinder] Mapping class: gov.nih.nci.cacoresdk.domain.other.differentpackage.associations.Utensil -> UTENSIL
OUT> 14:52:26,606 INFO  [HbmBinder] Mapping collection: gov.nih.nci.cacoresdk.domain.other.differentpackage.associations.Utensil.dessertCollection -> DESSERT_UTENSIL
OUT> 14:52:26,606 INFO  [Configuration] Reading mappings from resource: gov/nih/nci/cacoresdk/domain/other/levelassociation/Card.hbm.xml
OUT> 14:52:26,612 INFO  [HbmBinder] Mapping class: gov.nih.nci.cacoresdk.domain.other.levelassociation.Card -> CARD
OUT> 14:52:26,612 INFO  [Configuration] Reading mappings from resource: gov/nih/nci/cacoresdk/domain/other/levelassociation/Deck.hbm.xml
OUT> 14:52:26,618 INFO  [HbmBinder] Mapping class: gov.nih.nci.cacoresdk.domain.other.levelassociation.Deck -> DECK
OUT> 14:52:26,618 INFO  [Configuration] Reading mappings from resource: gov/nih/nci/cacoresdk/domain/other/levelassociation/Hand.hbm.xml
OUT> 14:52:26,623 INFO  [HbmBinder] Mapping class: gov.nih.nci.cacoresdk.domain.other.levelassociation.Hand -> HAND
OUT> 14:52:26,623 INFO  [HbmBinder] Mapping collection: gov.nih.nci.cacoresdk.domain.other.levelassociation.Hand.cardCollection -> HAND_CARD
OUT> 14:52:26,623 INFO  [Configuration] Reading mappings from resource: gov/nih/nci/cacoresdk/domain/other/levelassociation/Suit.hbm.xml
OUT> 14:52:26,628 INFO  [HbmBinder] Mapping class: gov.nih.nci.cacoresdk.domain.other.levelassociation.Suit -> SUIT
OUT> 14:52:26,629 INFO  [Configuration] Reading mappings from resource: gov/nih/nci/cacoresdk/domain/other/primarykey/StringKey.hbm.xml
OUT> 14:52:26,633 INFO  [HbmBinder] Mapping class: gov.nih.nci.cacoresdk.domain.other.primarykey.StringKey -> STRING_KEY
OUT> 14:52:26,633 INFO  [Configuration] Reading mappings from resource: gov/nih/nci/cacoresdk/domain/other/primarykey/IntegerKey.hbm.xml
OUT> 14:52:26,637 INFO  [HbmBinder] Mapping class: gov.nih.nci.cacoresdk.domain.other.primarykey.IntegerKey -> INTEGER_KEY
OUT> 14:52:26,638 INFO  [Configuration] Reading mappings from resource: gov/nih/nci/cacoresdk/domain/other/primarykey/LongPrimitiveKey.hbm.xml
OUT> 14:52:26,642 INFO  [HbmBinder] Mapping class: gov.nih.nci.cacoresdk.domain.other.primarykey.LongPrimitiveKey -> LONG_PRIMITIVE_KEY
OUT> 14:52:26,642 INFO  [Configuration] Reading mappings from resource: gov/nih/nci/cacoresdk/domain/other/primarykey/StringPrimitiveKey.hbm.xml
OUT> 14:52:26,647 INFO  [HbmBinder] Mapping class: gov.nih.nci.cacoresdk.domain.other.primarykey.StringPrimitiveKey -> STRING_PRIMITIVE_KEY
OUT> 14:52:26,647 INFO  [Configuration] Reading mappings from resource: gov/nih/nci/cacoresdk/domain/other/primarykey/FloatPrimitiveKey.hbm.xml
OUT> 14:52:26,652 INFO  [HbmBinder] Mapping class: gov.nih.nci.cacoresdk.domain.other.primarykey.FloatPrimitiveKey -> FLOAT_PRIMITIVE_KEY
OUT> 14:52:26,652 INFO  [Configuration] Reading mappings from resource: gov/nih/nci/cacoresdk/domain/other/primarykey/CharacterKey.hbm.xml
OUT> 14:52:26,656 INFO  [HbmBinder] Mapping class: gov.nih.nci.cacoresdk.domain.other.primarykey.CharacterKey -> CHARACTER_KEY
OUT> 14:52:26,656 INFO  [Configuration] Reading mappings from resource: gov/nih/nci/cacoresdk/domain/other/primarykey/FloatKey.hbm.xml
OUT> 14:52:26,660 INFO  [HbmBinder] Mapping class: gov.nih.nci.cacoresdk.domain.other.primarykey.FloatKey -> FLOAT_KEY
OUT> 14:52:26,660 INFO  [Configuration] Reading mappings from resource: gov/nih/nci/cacoresdk/domain/other/primarykey/LongKey.hbm.xml
OUT> 14:52:26,664 INFO  [HbmBinder] Mapping class: gov.nih.nci.cacoresdk.domain.other.primarykey.LongKey -> LONG_KEY
OUT> 14:52:26,665 INFO  [Configuration] Reading mappings from resource: gov/nih/nci/cacoresdk/domain/other/primarykey/CharacterPrimitiveKey.hbm.xml
OUT> 14:52:26,670 INFO  [HbmBinder] Mapping class: gov.nih.nci.cacoresdk.domain.other.primarykey.CharacterPrimitiveKey -> CHARACTER_PRIMITIVE_KEY
OUT> 14:52:26,670 INFO  [Configuration] Reading mappings from resource: gov/nih/nci/cacoresdk/domain/other/primarykey/NoIdKey.hbm.xml
OUT> 14:52:26,675 INFO  [HbmBinder] Mapping class: gov.nih.nci.cacoresdk.domain.other.primarykey.NoIdKey -> NO_ID_KEY
OUT> 14:52:26,675 INFO  [Configuration] Reading mappings from resource: gov/nih/nci/cacoresdk/domain/other/primarykey/DoubleKey.hbm.xml
OUT> 14:52:26,680 INFO  [HbmBinder] Mapping class: gov.nih.nci.cacoresdk.domain.other.primarykey.DoubleKey -> DOUBLE_KEY
OUT> 14:52:26,680 INFO  [Configuration] Reading mappings from resource: gov/nih/nci/cacoresdk/domain/other/primarykey/IntegerPrimitiveKey.hbm.xml
OUT> 14:52:26,684 INFO  [HbmBinder] Mapping class: gov.nih.nci.cacoresdk.domain.other.primarykey.IntegerPrimitiveKey -> INTEGER_PRIMITIVE_KEY
OUT> 14:52:26,685 INFO  [Configuration] Reading mappings from resource: gov/nih/nci/cacoresdk/domain/other/primarykey/DoublePrimitiveKey.hbm.xml
OUT> 14:52:26,689 INFO  [HbmBinder] Mapping class: gov.nih.nci.cacoresdk.domain.other.primarykey.DoublePrimitiveKey -> DOUBLE_PRIMITIVE_KEY
OUT> 14:52:26,689 INFO  [Configuration] Reading mappings from resource: gov/nih/nci/cacoresdk/domain/other/validationtype/AllValidationType.hbm.xml
OUT> 14:52:26,694 INFO  [HbmBinder] Mapping class: gov.nih.nci.cacoresdk.domain.other.validationtype.AllValidationType -> ALL_VALIDATION_TYPE
OUT> 14:52:26,695 INFO  [Configuration] Reading mappings from resource: gov/nih/nci/cacoresdk/domain/inheritance/implicit/SaltwaterFishTank.hbm.xml
OUT> 14:52:26,700 INFO  [HbmBinder] Mapping class: gov.nih.nci.cacoresdk.domain.inheritance.implicit.SaltwaterFishTank -> SALTWATER_FISH_TANK
OUT> 14:52:26,700 INFO  [HbmBinder] Mapping collection: gov.nih.nci.cacoresdk.domain.inheritance.implicit.SaltwaterFishTank.substrateCollection -> SALTWATER_FISH_TANK_SUBSTRATE
OUT> 14:52:26,700 INFO  [Configuration] Reading mappings from resource: gov/nih/nci/cacoresdk/domain/inheritance/implicit/FreshwaterFishTank.hbm.xml
OUT> 14:52:26,704 INFO  [HbmBinder] Mapping class: gov.nih.nci.cacoresdk.domain.inheritance.implicit.FreshwaterFishTank -> FRESHWATER_FISH_TANK
OUT> 14:52:26,705 INFO  [Configuration] Configured SessionFactory: null
OUT> 14:52:26,705 INFO  [SessionFactoryBean] Building new Hibernate SessionFactory
OUT> 14:52:26,706 INFO  [HbmBinder] Mapping collection: gov.nih.nci.cacoresdk.domain.inheritance.abstrakt.Teacher.pupilCollection -> PUPIL
OUT> 14:52:26,706 INFO  [HbmBinder] Mapping collection: gov.nih.nci.cacoresdk.domain.inheritance.parentwithassociation.Professor.assistantCollection -> ASSISTANT
OUT> 14:52:26,706 INFO  [HbmBinder] Mapping collection: gov.nih.nci.cacoresdk.domain.inheritance.parentwithassociation.sametable.Wheel.luggage -> LUGGAGE
OUT> 14:52:26,706 INFO  [HbmBinder] Mapping collection: gov.nih.nci.cacoresdk.domain.onetomany.bidirectional.Computer.hardDriveCollection -> HARD_DRIVE
OUT> 14:52:26,707 INFO  [HbmBinder] Mapping collection: gov.nih.nci.cacoresdk.domain.onetomany.selfassociation.Element.childCollection -> ELEMENT
OUT> 14:52:26,707 INFO  [HbmBinder] Mapping collection: gov.nih.nci.cacoresdk.domain.onetomany.unidirectional.KeyChain.keyCollection -> LATCH_KEY
OUT> 14:52:26,708 INFO  [HbmBinder] Mapping collection: gov.nih.nci.cacoresdk.domain.other.datatype.DsetCdDataType.value6.item -> DSET_CD_VALUE6
OUT> 14:52:26,708 INFO  [HbmBinder] Mapping collection: gov.nih.nci.cacoresdk.domain.other.datatype.DsetTelDataType.value2.item -> DSET_TEL_VALUE2
OUT> 14:52:26,711 INFO  [HbmBinder] Mapping collection: gov.nih.nci.cacoresdk.domain.other.datatype.DsetAdDataType.value7.item -> DSET_AD_VALUE7
OUT> 14:52:26,712 INFO  [HbmBinder] Mapping collection: gov.nih.nci.cacoresdk.domain.other.datatype.DsetIiDataType.value5.item -> DSET_II_VALUE5
OUT> 14:52:26,713 INFO  [HbmBinder] Mapping collection: gov.nih.nci.cacoresdk.domain.other.levelassociation.Deck.suitCollection -> SUIT
OUT> 14:52:26,713 INFO  [HbmBinder] Mapping collection: gov.nih.nci.cacoresdk.domain.other.levelassociation.Suit.cardCollection -> CARD
OUT> 14:52:26,947 INFO  [ConnectionProviderFactory] Initializing connection provider: org.hibernate.connection.C3P0ConnectionProvider
OUT> 14:52:26,948 INFO  [C3P0ConnectionProvider] C3P0 using driver: com.mysql.jdbc.Driver at URL: jdbc:mysql://localhost:3306/sdk44_with_iso
OUT> 14:52:26,948 INFO  [C3P0ConnectionProvider] Connection properties: {user=root, password=****, release_mode=on_close}
OUT> 14:52:26,948 INFO  [C3P0ConnectionProvider] autocommit mode: false
OUT> 14:52:26,996 INFO  [MLog] MLog clients using log4j logging.
OUT> 14:52:27,012 INFO  [C3P0Registry] Initializing c3p0-0.9.0 [built 11-July-2005 00:43:29 -0400; debug? true; trace: 10]
OUT> 14:52:27,012 INFO  [C3P0Registry] Initializing c3p0-0.9.0 [built 11-July-2005 00:43:29 -0400; debug? true; trace: 10]
OUT> 14:52:27,123 INFO  [PoolBackedDataSource] Initializing c3p0 pool... com.mchange.v2.c3p0.PoolBackedDataSource@3236d036 [ connectionPoolDataSource -> com.mchange.v2.c3p0.WrapperConnectionPoolDataSource@42bfccfc [ acquireIncrement -> 2, acquireRetryAttempts -> 30, acquireRetryDelay -> 1000, autoCommitOnClose -> false, automaticTestTable -> null, breakAfterAcquireFailure -> false, checkoutTimeout -> 0, connectionTesterClassName -> com.mchange.v2.c3p0.impl.DefaultConnectionTester, factoryClassLocation -> null, forceIgnoreUnresolvedTransactions -> false, identityToken -> 42bfccfc, idleConnectionTestPeriod -> 3000, initialPoolSize -> 2, maxIdleTime -> 5000, maxPoolSize -> 10, maxStatements -> 100, maxStatementsPerConnection -> 0, minPoolSize -> 2, nestedDataSource -> com.mchange.v2.c3p0.DriverManagerDataSource@5511e28 [ description -> null, driverClass -> null, factoryClassLocation -> null, identityToken -> 5511e28, jdbcUrl -> jdbc:mysql://localhost:3306/sdk44_with_iso, properties -> {user=******, password=******, release_mode=on_close} ], preferredTestQuery -> null, propertyCycle -> 300, testConnectionOnCheckin -> false, testConnectionOnCheckout -> false, usesTraditionalReflectiveProxies -> false ], factoryClassLocation -> null, identityToken -> 3236d036, numHelperThreads -> 3 ]
OUT> 14:52:27,123 INFO  [PoolBackedDataSource] Initializing c3p0 pool... com.mchange.v2.c3p0.PoolBackedDataSource@3236d036 [ connectionPoolDataSource -> com.mchange.v2.c3p0.WrapperConnectionPoolDataSource@42bfccfc [ acquireIncrement -> 2, acquireRetryAttempts -> 30, acquireRetryDelay -> 1000, autoCommitOnClose -> false, automaticTestTable -> null, breakAfterAcquireFailure -> false, checkoutTimeout -> 0, connectionTesterClassName -> com.mchange.v2.c3p0.impl.DefaultConnectionTester, factoryClassLocation -> null, forceIgnoreUnresolvedTransactions -> false, identityToken -> 42bfccfc, idleConnectionTestPeriod -> 3000, initialPoolSize -> 2, maxIdleTime -> 5000, maxPoolSize -> 10, maxStatements -> 100, maxStatementsPerConnection -> 0, minPoolSize -> 2, nestedDataSource -> com.mchange.v2.c3p0.DriverManagerDataSource@5511e28 [ description -> null, driverClass -> null, factoryClassLocation -> null, identityToken -> 5511e28, jdbcUrl -> jdbc:mysql://localhost:3306/sdk44_with_iso, properties -> {user=******, password=******, release_mode=on_close} ], preferredTestQuery -> null, propertyCycle -> 300, testConnectionOnCheckin -> false, testConnectionOnCheckout -> false, usesTraditionalReflectiveProxies -> false ], factoryClassLocation -> null, identityToken -> 3236d036, numHelperThreads -> 3 ]
OUT> 14:52:27,318 INFO  [SettingsFactory] RDBMS: MySQL, version: 5.1.44
OUT> 14:52:27,318 INFO  [SettingsFactory] JDBC driver: MySQL-AB JDBC Driver, version: mysql-connector-java-5.0.8 ( Revision: ${svn.Revision} )
OUT> 14:52:27,331 INFO  [Dialect] Using dialect: org.hibernate.dialect.MySQLDialect
OUT> 14:52:27,334 INFO  [TransactionFactoryFactory] Using default transaction strategy (direct JDBC transactions)
OUT> 14:52:27,335 INFO  [TransactionManagerLookupFactory] No TransactionManagerLookup configured (in JTA environment, use of read-write or transactional second-level cache is not recommended)
OUT> 14:52:27,335 INFO  [SettingsFactory] Automatic flush during beforeCompletion(): disabled
OUT> 14:52:27,335 INFO  [SettingsFactory] Automatic session close at end of transaction: disabled
OUT> 14:52:27,335 INFO  [SettingsFactory] JDBC batch size: 15
OUT> 14:52:27,336 INFO  [SettingsFactory] JDBC batch updates for versioned data: enabled
OUT> 14:52:27,336 INFO  [SettingsFactory] Scrollable result sets: enabled
OUT> 14:52:27,336 INFO  [SettingsFactory] JDBC3 getGeneratedKeys(): enabled
OUT> 14:52:27,336 INFO  [SettingsFactory] Connection release mode: on_close
OUT> 14:52:27,336 INFO  [SettingsFactory] Maximum outer join fetch depth: 1
OUT> 14:52:27,336 INFO  [SettingsFactory] Default batch fetch size: 1
OUT> 14:52:27,336 INFO  [SettingsFactory] Generate SQL with comments: disabled
OUT> 14:52:27,336 INFO  [SettingsFactory] Order SQL updates by primary key: disabled
OUT> 14:52:27,336 INFO  [SettingsFactory] Query translator: org.hibernate.hql.ast.ASTQueryTranslatorFactory
OUT> 14:52:27,338 INFO  [ASTQueryTranslatorFactory] Using ASTQueryTranslatorFactory
OUT> 14:52:27,338 INFO  [SettingsFactory] Query language substitutions: {}
OUT> 14:52:27,338 INFO  [SettingsFactory] JPA-QL strict compliance: disabled
OUT> 14:52:27,338 INFO  [SettingsFactory] Second-level cache: enabled
OUT> 14:52:27,338 INFO  [SettingsFactory] Query cache: disabled
OUT> 14:52:27,338 INFO  [SettingsFactory] Cache provider: org.hibernate.cache.EhCacheProvider
OUT> 14:52:27,340 INFO  [SettingsFactory] Optimize cache for minimal puts: disabled
OUT> 14:52:27,340 INFO  [SettingsFactory] Structured second-level cache entries: disabled
OUT> 14:52:27,344 INFO  [SettingsFactory] Statistics: disabled
OUT> 14:52:27,344 INFO  [SettingsFactory] Deleted entity synthetic identifier rollback: disabled
OUT> 14:52:27,344 INFO  [SettingsFactory] Default entity-mode: pojo
OUT> 14:52:27,361 INFO  [SessionFactoryImpl] building session factory
OUT> 14:52:27,963 WARN  [EhCacheProvider] Could not find configuration [gov.nih.nci.cacoresdk.domain.other.datatype.AllDataType.stringCollection]; using defaults.
OUT> 14:52:28,058 INFO  [SessionFactoryObjectFactory] Not binding factory to JNDI, no JNDI name configured
OUT> 14:52:28,086 WARN  [ClassCache] Unable to find class for bean 'java.lang.String'
OUT> 14:52:28,098 INFO  [XmlBeanDefinitionReader] Loading XML bean definitions from class path resource [IsoConstants.xml]
OUT> 14:52:28,679 INFO  [ClassPathXmlApplicationContext] Bean factory for application context [org.springframework.context.support.ClassPathXmlApplicationContext;hashCode=1163144198]: org.springframework.beans.factory.support.DefaultListableBeanFactory defining beans [gov.nih.nci.cacoresdk.domain.inheritance.twolevelinheritance.sametable.Goverment.country,gov.nih.nci.cacoresdk.domain.inheritance.twolevelinheritance.sametable.Goverment.id,gov.nih.nci.cacoresdk.domain.inheritance.parentwithassociation.sametable.HardTopType.keyCode,gov.nih.nci.cacoresdk.domain.inheritance.parentwithassociation.sametable.HardTopType.capacity,gov.nih.nci.cacoresdk.domain.inheritance.parentwithassociation.sametable.HardTopType.id,gov.nih.nci.cacoresdk.domain.other.datatype.TelPhoneDataType.value1,gov.nih.nci.cacoresdk.domain.other.levelassociation.Suit.id,gov.nih.nci.cacoresdk.domain.other.levelassociation.Suit.name,gov.nih.nci.cacoresdk.domain.other.datatype.EnDataType.value1,gov.nih.nci.cacoresdk.domain.other.datatype.EnDataType.value2,gov.nih.nci.cacoresdk.domain.other.datatype.EnDataType.value3,gov.nih.nci.cacoresdk.domain.other.datatype.EnDataType.value4,gov.nih.nci.cacoresdk.domain.other.datatype.EnDataType.value5,gov.nih.nci.cacoresdk.domain.other.datatype.EnDataType.value6,gov.nih.nci.cacoresdk.domain.onetomany.unidirectional.withjoin.Shirt.id,gov.nih.nci.cacoresdk.domain.onetomany.unidirectional.withjoin.Shirt.style,gov.nih.nci.cacoresdk.domain.inheritance.multiplechild.GraduateStudent.projectName,gov.nih.nci.cacoresdk.domain.inheritance.multiplechild.GraduateStudent.id,gov.nih.nci.cacoresdk.domain.inheritance.multiplechild.GraduateStudent.name,gov.nih.nci.cacoresdk.domain.onetoone.unidirectional.Address.id,gov.nih.nci.cacoresdk.domain.onetoone.unidirectional.Address.zip,gov.nih.nci.cacoresdk.domain.other.levelassociation.Hand.id,gov.nih.nci.cacoresdk.domain.inheritance.childwithassociation.Cash.amount,gov.nih.nci.cacoresdk.domain.inheritance.childwithassociation.Cash.id,gov.nih.nci.cacoresdk.domain.onetomany.selfassociation.Element.id,gov.nih.nci.cacoresdk.domain.onetomany.selfassociation.Element.name,gov.nih.nci.cacoresdk.domain.onetoone.bidirectional.Product.id,gov.nih.nci.cacoresdk.domain.onetoone.bidirectional.Product.name,gov.nih.nci.cacoresdk.domain.other.datatype.AdDataType.value1,gov.nih.nci.cacoresdk.domain.other.datatype.AdDataType.value2,gov.nih.nci.cacoresdk.domain.other.datatype.AdDataType.value3,gov.nih.nci.cacoresdk.domain.other.datatype.AdDataType.value4,gov.nih.nci.cacoresdk.domain.other.datatype.AdDataType.value5,gov.nih.nci.cacoresdk.domain.other.datatype.AdDataType.value6,gov.nih.nci.cacoresdk.domain.other.datatype.AdDataType.value7,gov.nih.nci.cacoresdk.domain.other.datatype.AdDataType.value8,gov.nih.nci.cacoresdk.domain.other.datatype.AdDataType.value9,gov.nih.nci.cacoresdk.domain.inheritance.multiplechild.UndergraduateStudent.id,gov.nih.nci.cacoresdk.domain.inheritance.multiplechild.UndergraduateStudent.name,gov.nih.nci.cacoresdk.domain.other.datatype.BlDataType.value1,gov.nih.nci.cacoresdk.domain.inheritance.implicit.SaltwaterFishTank.proteinSkimmerModel,gov.nih.nci.cacoresdk.domain.inheritance.implicit.SaltwaterFishTank.id,gov.nih.nci.cacoresdk.domain.inheritance.implicit.SaltwaterFishTank.numGallons,gov.nih.nci.cacoresdk.domain.inheritance.implicit.SaltwaterFishTank.shape,gov.nih.nci.cacoresdk.domain.onetoone.bidirectional.withjoin.Chain.id,gov.nih.nci.cacoresdk.domain.onetoone.bidirectional.withjoin.Chain.metal,gov.nih.nci.cacoresdk.domain.other.datatype.DsetIiDataType.value1,gov.nih.nci.cacoresdk.domain.other.datatype.DsetIiDataType.value2,gov.nih.nci.cacoresdk.domain.other.datatype.DsetIiDataType.value3,gov.nih.nci.cacoresdk.domain.other.datatype.DsetIiDataType.value4,gov.nih.nci.cacoresdk.domain.other.datatype.DsetIiDataType.value5,gov.nih.nci.cacoresdk.domain.other.datatype.DsetIiDataType.value6,gov.nih.nci.cacoresdk.domain.other.datatype.IvlPqDataType.value1,gov.nih.nci.cacoresdk.domain.other.datatype.IvlPqDataType.value2,gov.nih.nci.cacoresdk.domain.other.datatype.IvlPqDataType.value3,gov.nih.nci.cacoresdk.domain.inheritance.twolevelinheritance.Monitor.brand,gov.nih.nci.cacoresdk.domain.inheritance.twolevelinheritance.Monitor.height,gov.nih.nci.cacoresdk.domain.inheritance.twolevelinheritance.Monitor.id,gov.nih.nci.cacoresdk.domain.inheritance.twolevelinheritance.Monitor.width,gov.nih.nci.cacoresdk.domain.manytoone.unidirectional.withjoin.Song.id,gov.nih.nci.cacoresdk.domain.manytoone.unidirectional.withjoin.Song.title,gov.nih.nci.cacoresdk.domain.inheritance.childwithassociation.sametable.SportsShoes.sportsType,gov.nih.nci.cacoresdk.domain.inheritance.childwithassociation.sametable.SportsShoes.color,gov.nih.nci.cacoresdk.domain.inheritance.childwithassociation.sametable.SportsShoes.id,gov.nih.nci.cacoresdk.domain.interfaze.Dog.breed,gov.nih.nci.cacoresdk.domain.interfaze.Dog.gender,gov.nih.nci.cacoresdk.domain.interfaze.Dog.id,gov.nih.nci.cacoresdk.domain.inheritance.childwithassociation.sametable.DesignerShoes.color,gov.nih.nci.cacoresdk.domain.inheritance.childwithassociation.sametable.DesignerShoes.id,gov.nih.nci.cacoresdk.domain.other.differentpackage.associations.Utensil.id,gov.nih.nci.cacoresdk.domain.other.differentpackage.associations.Utensil.name,gov.nih.nci.cacoresdk.domain.manytoone.unidirectional.withjoin.Album.id,gov.nih.nci.cacoresdk.domain.manytoone.unidirectional.withjoin.Album.title,gov.nih.nci.cacoresdk.domain.onetoone.unidirectional.Person.id,gov.nih.nci.cacoresdk.domain.onetoone.unidirectional.Person.name,gov.nih.nci.cacoresdk.domain.other.datatype.TelDataType.value1,gov.nih.nci.cacoresdk.domain.onetomany.unidirectional.KeyChain.id,gov.nih.nci.cacoresdk.domain.onetomany.unidirectional.KeyChain.name,gov.nih.nci.cacoresdk.domain.inheritance.abstrakt.PrivateTeacher.yearsExperience,gov.nih.nci.cacoresdk.domain.inheritance.abstrakt.PrivateTeacher.id,gov.nih.nci.cacoresdk.domain.inheritance.abstrakt.PrivateTeacher.name,gov.nih.nci.cacoresdk.domain.other.datatype.TelEmailDataType.value1,gov.nih.nci.cacoresdk.domain.inheritance.twolevelinheritance.sametable.CommunistGovt.country,gov.nih.nci.cacoresdk.domain.inheritance.twolevelinheritance.sametable.CommunistGovt.id,gov.nih.nci.cacoresdk.domain.inheritance.onechild.Mammal.hairColor,gov.nih.nci.cacoresdk.domain.inheritance.onechild.Mammal.id,gov.nih.nci.cacoresdk.domain.other.datatype.ScDataType.value1,gov.nih.nci.cacoresdk.domain.inheritance.implicit.DiscusFish.primaryColor,gov.nih.nci.cacoresdk.domain.inheritance.implicit.DiscusFish.genera,gov.nih.nci.cacoresdk.domain.inheritance.implicit.DiscusFish.id,gov.nih.nci.cacoresdk.domain.other.datatype.IntDataType.value1,gov.nih.nci.cacoresdk.domain.inheritance.childwithassociation.sametable.Shoes.color,gov.nih.nci.cacoresdk.domain.inheritance.childwithassociation.sametable.Shoes.id,gov.nih.nci.cacoresdk.domain.inheritance.multiplechild.sametable.GovtOrganization.agencyBudget,gov.nih.nci.cacoresdk.domain.inheritance.multiplechild.sametable.GovtOrganization.id,gov.nih.nci.cacoresdk.domain.inheritance.multiplechild.sametable.GovtOrganization.name,gov.nih.nci.cacoresdk.domain.inheritance.multiplechild.sametable.Organization.id,gov.nih.nci.cacoresdk.domain.inheritance.multiplechild.sametable.Organization.name,gov.nih.nci.cacoresdk.domain.onetoone.bidirectional.OrderLine.id,gov.nih.nci.cacoresdk.domain.onetoone.bidirectional.OrderLine.name,gov.nih.nci.cacoresdk.domain.inheritance.parentwithassociation.AssistantProfessor.joiningYear,gov.nih.nci.cacoresdk.domain.inheritance.parentwithassociation.AssistantProfessor.id,gov.nih.nci.cacoresdk.domain.inheritance.parentwithassociation.AssistantProfessor.name,gov.nih.nci.cacoresdk.domain.other.datatype.IiDataType.value1,gov.nih.nci.cacoresdk.domain.other.datatype.IiDataType.value2,gov.nih.nci.cacoresdk.domain.other.datatype.IiDataType.value3,gov.nih.nci.cacoresdk.domain.other.differentpackage.associations.Pie.filling,gov.nih.nci.cacoresdk.domain.other.differentpackage.associations.Pie.id,gov.nih.nci.cacoresdk.domain.other.datatype.DsetCdDataType.value1,gov.nih.nci.cacoresdk.domain.other.datatype.DsetCdDataType.value2,gov.nih.nci.cacoresdk.domain.other.datatype.DsetCdDataType.value3,gov.nih.nci.cacoresdk.domain.other.datatype.DsetCdDataType.value4,gov.nih.nci.cacoresdk.domain.other.datatype.DsetCdDataType.value5,gov.nih.nci.cacoresdk.domain.other.datatype.DsetCdDataType.value6,gov.nih.nci.cacoresdk.domain.other.datatype.DsetCdDataType.value7,gov.nih.nci.cacoresdk.domain.onetomany.bidirectional.HardDrive.id,gov.nih.nci.cacoresdk.domain.onetomany.bidirectional.HardDrive.size,gov.nih.nci.cacoresdk.domain.inheritance.twolevelinheritance.sametable.DemocraticGovt.country,gov.nih.nci.cacoresdk.domain.inheritance.twolevelinheritance.sametable.DemocraticGovt.id,gov.nih.nci.cacoresdk.domain.inheritance.childwithassociation.sametable.Designer.id,gov.nih.nci.cacoresdk.domain.inheritance.childwithassociation.sametable.Designer.name,gov.nih.nci.cacoresdk.domain.inheritance.onechild.sametable.Note.value,gov.nih.nci.cacoresdk.domain.inheritance.onechild.sametable.Note.country,gov.nih.nci.cacoresdk.domain.inheritance.onechild.sametable.Note.id,gov.nih.nci.cacoresdk.domain.other.datatype.EdDataType.value1,gov.nih.nci.cacoresdk.domain.other.datatype.EnPnDataType.value1,gov.nih.nci.cacoresdk.domain.inheritance.parentwithassociation.sametable.Wheel.id,gov.nih.nci.cacoresdk.domain.inheritance.parentwithassociation.sametable.Wheel.radius,gov.nih.nci.cacoresdk.domain.other.datatype.TsDataType.value1,gov.nih.nci.cacoresdk.domain.inheritance.parentwithassociation.sametable.HardTop.keyCode,gov.nih.nci.cacoresdk.domain.inheritance.parentwithassociation.sametable.HardTop.capacity,gov.nih.nci.cacoresdk.domain.inheritance.parentwithassociation.sametable.HardTop.id,gov.nih.nci.cacoresdk.domain.onetomany.bidirectional.Computer.id,gov.nih.nci.cacoresdk.domain.onetomany.bidirectional.Computer.type,gov.nih.nci.cacoresdk.domain.inheritance.parentwithassociation.Professor.id,gov.nih.nci.cacoresdk.domain.inheritance.parentwithassociation.Professor.name,gov.nih.nci.cacoresdk.domain.inheritance.childwithassociation.Payment.amount,gov.nih.nci.cacoresdk.domain.inheritance.childwithassociation.Payment.id,gov.nih.nci.cacoresdk.domain.inheritance.implicit.TankAccessory.id,gov.nih.nci.cacoresdk.domain.inheritance.implicit.TankAccessory.name,gov.nih.nci.cacoresdk.domain.inheritance.parentwithassociation.sametable.Luggage.capacity,gov.nih.nci.cacoresdk.domain.inheritance.parentwithassociation.sametable.Luggage.id,gov.nih.nci.cacoresdk.domain.inheritance.implicit.FreshwaterFishTank.filterModel,gov.nih.nci.cacoresdk.domain.inheritance.implicit.FreshwaterFishTank.id,gov.nih.nci.cacoresdk.domain.inheritance.implicit.FreshwaterFishTank.numGallons,gov.nih.nci.cacoresdk.domain.inheritance.implicit.FreshwaterFishTank.shape,gov.nih.nci.cacoresdk.domain.other.datatype.DsetAdDataType.value1,gov.nih.nci.cacoresdk.domain.other.datatype.DsetAdDataType.value2,gov.nih.nci.cacoresdk.domain.other.datatype.DsetAdDataType.value3,gov.nih.nci.cacoresdk.domain.other.datatype.DsetAdDataType.value4,gov.nih.nci.cacoresdk.domain.other.datatype.DsetAdDataType.value5,gov.nih.nci.cacoresdk.domain.other.datatype.DsetAdDataType.value6,gov.nih.nci.cacoresdk.domain.other.datatype.DsetAdDataType.value7,gov.nih.nci.cacoresdk.domain.other.datatype.DsetAdDataType.value8,gov.nih.nci.cacoresdk.domain.inheritance.twolevelinheritance.LCDMonitor.dpiSupported,gov.nih.nci.cacoresdk.domain.inheritance.twolevelinheritance.LCDMonitor.brand,gov.nih.nci.cacoresdk.domain.inheritance.twolevelinheritance.LCDMonitor.height,gov.nih.nci.cacoresdk.domain.inheritance.twolevelinheritance.LCDMonitor.id,gov.nih.nci.cacoresdk.domain.inheritance.twolevelinheritance.LCDMonitor.width,gov.nih.nci.cacoresdk.domain.inheritance.abstrakt.Pupil.id,gov.nih.nci.cacoresdk.domain.inheritance.abstrakt.Pupil.name,gov.nih.nci.cacoresdk.domain.inheritance.implicit.Substrate.id,gov.nih.nci.cacoresdk.domain.inheritance.implicit.Substrate.name,gov.nih.nci.cacoresdk.domain.other.datatype.StDataType.value1,gov.nih.nci.cacoresdk.domain.manytoone.unidirectional.Restaurant.id,gov.nih.nci.cacoresdk.domain.manytoone.unidirectional.Restaurant.name,gov.nih.nci.cacoresdk.domain.onetoone.unidirectional.withjoin.Handle.color,gov.nih.nci.cacoresdk.domain.onetoone.unidirectional.withjoin.Handle.id,gov.nih.nci.cacoresdk.domain.other.datatype.DsetTelDataType.value1,gov.nih.nci.cacoresdk.domain.other.datatype.DsetTelDataType.value2,gov.nih.nci.cacoresdk.domain.other.datatype.DsetTelDataType.value3,gov.nih.nci.cacoresdk.domain.inheritance.parentwithassociation.AssociateProfessor.yearsServed,gov.nih.nci.cacoresdk.domain.inheritance.parentwithassociation.AssociateProfessor.id,gov.nih.nci.cacoresdk.domain.inheritance.parentwithassociation.AssociateProfessor.name,gov.nih.nci.cacoresdk.domain.onetomany.unidirectional.LatchKey.id,gov.nih.nci.cacoresdk.domain.onetomany.unidirectional.LatchKey.type,gov.nih.nci.cacoresdk.domain.inheritance.onechild.Human.diet,gov.nih.nci.cacoresdk.domain.inheritance.onechild.Human.hairColor,gov.nih.nci.cacoresdk.domain.inheritance.onechild.Human.id,gov.nih.nci.cacoresdk.domain.inheritance.twolevelinheritance.sametablerootlevel.Calculator.brand,gov.nih.nci.cacoresdk.domain.inheritance.twolevelinheritance.sametablerootlevel.Calculator.id,gov.nih.nci.cacoresdk.domain.other.differentpackage.associations.IceCream.topping,gov.nih.nci.cacoresdk.domain.other.differentpackage.associations.IceCream.id,gov.nih.nci.cacoresdk.domain.inheritance.twolevelinheritance.sametable.ParliamantaryGovt.primeMinister,gov.nih.nci.cacoresdk.domain.inheritance.twolevelinheritance.sametable.ParliamantaryGovt.country,gov.nih.nci.cacoresdk.domain.inheritance.twolevelinheritance.sametable.ParliamantaryGovt.id,gov.nih.nci.cacoresdk.domain.inheritance.parentwithassociation.Assistant.id,gov.nih.nci.cacoresdk.domain.inheritance.parentwithassociation.Assistant.name,gov.nih.nci.cacoresdk.domain.manytomany.unidirectional.Book.id,gov.nih.nci.cacoresdk.domain.manytomany.unidirectional.Book.name,gov.nih.nci.cacoresdk.domain.other.datatype.TelUrlDataType.value1,gov.nih.nci.cacoresdk.domain.manytoone.unidirectional.Chef.id,gov.nih.nci.cacoresdk.domain.manytoone.unidirectional.Chef.name,gov.nih.nci.cacoresdk.domain.manytomany.unidirectional.Author.id,gov.nih.nci.cacoresdk.domain.manytomany.unidirectional.Author.name,gov.nih.nci.cacoresdk.domain.other.datatype.IvlTsDataType.value1,gov.nih.nci.cacoresdk.domain.other.datatype.IvlTsDataType.value2,gov.nih.nci.cacoresdk.domain.other.datatype.IvlTsDataType.value3,gov.nih.nci.cacoresdk.domain.other.datatype.TelPersonDataType.value1,gov.nih.nci.cacoresdk.domain.other.datatype.EnOnDataType.value1,gov.nih.nci.cacoresdk.domain.onetomany.bidirectional.withjoin.Flight.destination,gov.nih.nci.cacoresdk.domain.onetomany.bidirectional.withjoin.Flight.id,gov.nih.nci.cacoresdk.domain.other.datatype.CdDataType.value1,gov.nih.nci.cacoresdk.domain.other.datatype.CdDataType.value2,gov.nih.nci.cacoresdk.domain.other.datatype.CdDataType.value3,gov.nih.nci.cacoresdk.domain.manytomany.bidirectional.Project.id,gov.nih.nci.cacoresdk.domain.manytomany.bidirectional.Project.name,gov.nih.nci.cacoresdk.domain.inheritance.multiplechild.Student.id,gov.nih.nci.cacoresdk.domain.inheritance.multiplechild.Student.name,gov.nih.nci.cacoresdk.domain.inheritance.twolevelinheritance.sametablerootlevel.FinancialCalculator.brand,gov.nih.nci.cacoresdk.domain.inheritance.twolevelinheritance.sametablerootlevel.FinancialCalculator.id,gov.nih.nci.cacoresdk.domain.inheritance.twolevelinheritance.sametable.PresidentialGovt.president,gov.nih.nci.cacoresdk.domain.inheritance.twolevelinheritance.sametable.PresidentialGovt.country,gov.nih.nci.cacoresdk.domain.inheritance.twolevelinheritance.sametable.PresidentialGovt.id,gov.nih.nci.cacoresdk.domain.inheritance.twolevelinheritance.sametablerootlevel.GraphicCalculator.brand,gov.nih.nci.cacoresdk.domain.inheritance.twolevelinheritance.sametablerootlevel.GraphicCalculator.id,gov.nih.nci.cacoresdk.domain.other.datatype.RealDataType.value1,gov.nih.nci.cacoresdk.domain.inheritance.implicit.AngelFish.finSize,gov.nih.nci.cacoresdk.domain.inheritance.implicit.AngelFish.genera,gov.nih.nci.cacoresdk.domain.inheritance.implicit.AngelFish.id,gov.nih.nci.cacoresdk.domain.onetoone.multipleassociation.withjoin.InLaw.id,gov.nih.nci.cacoresdk.domain.onetoone.multipleassociation.withjoin.InLaw.name,gov.nih.nci.cacoresdk.domain.inheritance.twolevelinheritance.CRTMonitor.refreshRate,gov.nih.nci.cacoresdk.domain.inheritance.twolevelinheritance.CRTMonitor.brand,gov.nih.nci.cacoresdk.domain.inheritance.twolevelinheritance.CRTMonitor.height,gov.nih.nci.cacoresdk.domain.inheritance.twolevelinheritance.CRTMonitor.id,gov.nih.nci.cacoresdk.domain.inheritance.twolevelinheritance.CRTMonitor.width,gov.nih.nci.cacoresdk.domain.inheritance.onechild.sametable.Currency.country,gov.nih.nci.cacoresdk.domain.inheritance.onechild.sametable.Currency.id,gov.nih.nci.cacoresdk.domain.onetomany.unidirectional.withjoin.Button.holes,gov.nih.nci.cacoresdk.domain.onetomany.unidirectional.withjoin.Button.id,gov.nih.nci.cacoresdk.domain.inheritance.parentwithassociation.TenuredProfessor.tenuredYear,gov.nih.nci.cacoresdk.domain.inheritance.parentwithassociation.TenuredProfessor.id,gov.nih.nci.cacoresdk.domain.inheritance.parentwithassociation.TenuredProfessor.name,gov.nih.nci.cacoresdk.domain.inheritance.twolevelinheritance.sametablerootlevel.ScientificCalculator.brand,gov.nih.nci.cacoresdk.domain.inheritance.twolevelinheritance.sametablerootlevel.ScientificCalculator.id,gov.nih.nci.cacoresdk.domain.other.datatype.EdTextDataType.value1,gov.nih.nci.cacoresdk.domain.onetoone.multipleassociation.Child.id,gov.nih.nci.cacoresdk.domain.onetoone.multipleassociation.Child.name,gov.nih.nci.cacoresdk.domain.inheritance.parentwithassociation.sametable.SoftTop.expandable,gov.nih.nci.cacoresdk.domain.inheritance.parentwithassociation.sametable.SoftTop.capacity,gov.nih.nci.cacoresdk.domain.inheritance.parentwithassociation.sametable.SoftTop.id,gov.nih.nci.cacoresdk.domain.inheritance.multiplechild.sametable.PvtOrganization.ceo,gov.nih.nci.cacoresdk.domain.inheritance.multiplechild.sametable.PvtOrganization.id,gov.nih.nci.cacoresdk.domain.inheritance.multiplechild.sametable.PvtOrganization.name,gov.nih.nci.cacoresdk.domain.other.differentpackage.Dessert.id,gov.nih.nci.cacoresdk.domain.manytomany.bidirectional.Employee.id,gov.nih.nci.cacoresdk.domain.manytomany.bidirectional.Employee.name,gov.nih.nci.cacoresdk.domain.other.levelassociation.Card.id,gov.nih.nci.cacoresdk.domain.other.levelassociation.Card.image,gov.nih.nci.cacoresdk.domain.other.levelassociation.Card.name,gov.nih.nci.cacoresdk.domain.inheritance.implicit.Fish.genera,gov.nih.nci.cacoresdk.domain.inheritance.implicit.Fish.id,gov.nih.nci.cacoresdk.domain.inheritance.twolevelinheritance.Display.height,gov.nih.nci.cacoresdk.domain.inheritance.twolevelinheritance.Display.id,gov.nih.nci.cacoresdk.domain.inheritance.twolevelinheritance.Display.width,gov.nih.nci.cacoresdk.domain.onetoone.multipleassociation.withjoin.Bride.id,gov.nih.nci.cacoresdk.domain.onetoone.multipleassociation.withjoin.Bride.name,gov.nih.nci.cacoresdk.domain.inheritance.childwithassociation.Credit.cardNumber,gov.nih.nci.cacoresdk.domain.inheritance.childwithassociation.Credit.amount,gov.nih.nci.cacoresdk.domain.inheritance.childwithassociation.Credit.id,gov.nih.nci.cacoresdk.domain.onetoone.multipleassociation.Parent.id,gov.nih.nci.cacoresdk.domain.onetoone.multipleassociation.Parent.name,gov.nih.nci.cacoresdk.domain.inheritance.childwithassociation.Bank.id,gov.nih.nci.cacoresdk.domain.inheritance.childwithassociation.Bank.name,gov.nih.nci.cacoresdk.domain.other.datatype.StNtDataType.value1,gov.nih.nci.cacoresdk.domain.other.levelassociation.Deck.id,gov.nih.nci.cacoresdk.domain.other.levelassociation.Deck.name,gov.nih.nci.cacoresdk.domain.other.datatype.IvlIntDataType.value1,gov.nih.nci.cacoresdk.domain.other.datatype.IvlIntDataType.value2,gov.nih.nci.cacoresdk.domain.other.datatype.IvlIntDataType.value3,gov.nih.nci.cacoresdk.domain.onetoone.unidirectional.withjoin.Bag.id,gov.nih.nci.cacoresdk.domain.onetoone.unidirectional.withjoin.Bag.style,gov.nih.nci.cacoresdk.domain.onetoone.bidirectional.withjoin.Pendant.id,gov.nih.nci.cacoresdk.domain.onetoone.bidirectional.withjoin.Pendant.shape,gov.nih.nci.cacoresdk.domain.other.datatype.PqDataType.value1,gov.nih.nci.cacoresdk.domain.other.datatype.PqDataType.value2,gov.nih.nci.cacoresdk.domain.onetomany.bidirectional.withjoin.Passanger.id,gov.nih.nci.cacoresdk.domain.onetomany.bidirectional.withjoin.Passanger.name,gov.nih.nci.cacoresdk.domain.inheritance.abstrakt.Teacher.id,gov.nih.nci.cacoresdk.domain.other.datatype.IvlRealDataType.value1,gov.nih.nci.cacoresdk.domain.other.datatype.IvlRealDataType.value2,gov.nih.nci.cacoresdk.domain.other.datatype.IvlRealDataType.value3]; root of BeanFactory hierarchy
OUT> 14:52:28,679 INFO  [ClassPathXmlApplicationContext] 283 beans defined in application context [org.springframework.context.support.ClassPathXmlApplicationContext;hashCode=1163144198]
OUT> 14:52:28,699 INFO  [ClassPathXmlApplicationContext] Unable to locate MessageSource with name 'messageSource': using default [org.springframework.context.support.DelegatingMessageSource@153a6057]
OUT> 14:52:28,699 INFO  [ClassPathXmlApplicationContext] Unable to locate ApplicationEventMulticaster with name 'applicationEventMulticaster': using default [org.springframework.context.event.SimpleApplicationEventMulticaster@2b8afaa4]
OUT> 14:52:28,706 INFO  [DefaultListableBeanFactory] Pre-instantiating singletons in factory [org.springframework.beans.factory.support.DefaultListableBeanFactory defining beans [gov.nih.nci.cacoresdk.domain.inheritance.twolevelinheritance.sametable.Goverment.country,gov.nih.nci.cacoresdk.domain.inheritance.twolevelinheritance.sametable.Goverment.id,gov.nih.nci.cacoresdk.domain.inheritance.parentwithassociation.sametable.HardTopType.keyCode,gov.nih.nci.cacoresdk.domain.inheritance.parentwithassociation.sametable.HardTopType.capacity,gov.nih.nci.cacoresdk.domain.inheritance.parentwithassociation.sametable.HardTopType.id,gov.nih.nci.cacoresdk.domain.other.datatype.TelPhoneDataType.value1,gov.nih.nci.cacoresdk.domain.other.levelassociation.Suit.id,gov.nih.nci.cacoresdk.domain.other.levelassociation.Suit.name,gov.nih.nci.cacoresdk.domain.other.datatype.EnDataType.value1,gov.nih.nci.cacoresdk.domain.other.datatype.EnDataType.value2,gov.nih.nci.cacoresdk.domain.other.datatype.EnDataType.value3,gov.nih.nci.cacoresdk.domain.other.datatype.EnDataType.value4,gov.nih.nci.cacoresdk.domain.other.datatype.EnDataType.value5,gov.nih.nci.cacoresdk.domain.other.datatype.EnDataType.value6,gov.nih.nci.cacoresdk.domain.onetomany.unidirectional.withjoin.Shirt.id,gov.nih.nci.cacoresdk.domain.onetomany.unidirectional.withjoin.Shirt.style,gov.nih.nci.cacoresdk.domain.inheritance.multiplechild.GraduateStudent.projectName,gov.nih.nci.cacoresdk.domain.inheritance.multiplechild.GraduateStudent.id,gov.nih.nci.cacoresdk.domain.inheritance.multiplechild.GraduateStudent.name,gov.nih.nci.cacoresdk.domain.onetoone.unidirectional.Address.id,gov.nih.nci.cacoresdk.domain.onetoone.unidirectional.Address.zip,gov.nih.nci.cacoresdk.domain.other.levelassociation.Hand.id,gov.nih.nci.cacoresdk.domain.inheritance.childwithassociation.Cash.amount,gov.nih.nci.cacoresdk.domain.inheritance.childwithassociation.Cash.id,gov.nih.nci.cacoresdk.domain.onetomany.selfassociation.Element.id,gov.nih.nci.cacoresdk.domain.onetomany.selfassociation.Element.name,gov.nih.nci.cacoresdk.domain.onetoone.bidirectional.Product.id,gov.nih.nci.cacoresdk.domain.onetoone.bidirectional.Product.name,gov.nih.nci.cacoresdk.domain.other.datatype.AdDataType.value1,gov.nih.nci.cacoresdk.domain.other.datatype.AdDataType.value2,gov.nih.nci.cacoresdk.domain.other.datatype.AdDataType.value3,gov.nih.nci.cacoresdk.domain.other.datatype.AdDataType.value4,gov.nih.nci.cacoresdk.domain.other.datatype.AdDataType.value5,gov.nih.nci.cacoresdk.domain.other.datatype.AdDataType.value6,gov.nih.nci.cacoresdk.domain.other.datatype.AdDataType.value7,gov.nih.nci.cacoresdk.domain.other.datatype.AdDataType.value8,gov.nih.nci.cacoresdk.domain.other.datatype.AdDataType.value9,gov.nih.nci.cacoresdk.domain.inheritance.multiplechild.UndergraduateStudent.id,gov.nih.nci.cacoresdk.domain.inheritance.multiplechild.UndergraduateStudent.name,gov.nih.nci.cacoresdk.domain.other.datatype.BlDataType.value1,gov.nih.nci.cacoresdk.domain.inheritance.implicit.SaltwaterFishTank.proteinSkimmerModel,gov.nih.nci.cacoresdk.domain.inheritance.implicit.SaltwaterFishTank.id,gov.nih.nci.cacoresdk.domain.inheritance.implicit.SaltwaterFishTank.numGallons,gov.nih.nci.cacoresdk.domain.inheritance.implicit.SaltwaterFishTank.shape,gov.nih.nci.cacoresdk.domain.onetoone.bidirectional.withjoin.Chain.id,gov.nih.nci.cacoresdk.domain.onetoone.bidirectional.withjoin.Chain.metal,gov.nih.nci.cacoresdk.domain.other.datatype.DsetIiDataType.value1,gov.nih.nci.cacoresdk.domain.other.datatype.DsetIiDataType.value2,gov.nih.nci.cacoresdk.domain.other.datatype.DsetIiDataType.value3,gov.nih.nci.cacoresdk.domain.other.datatype.DsetIiDataType.value4,gov.nih.nci.cacoresdk.domain.other.datatype.DsetIiDataType.value5,gov.nih.nci.cacoresdk.domain.other.datatype.DsetIiDataType.value6,gov.nih.nci.cacoresdk.domain.other.datatype.IvlPqDataType.value1,gov.nih.nci.cacoresdk.domain.other.datatype.IvlPqDataType.value2,gov.nih.nci.cacoresdk.domain.other.datatype.IvlPqDataType.value3,gov.nih.nci.cacoresdk.domain.inheritance.twolevelinheritance.Monitor.brand,gov.nih.nci.cacoresdk.domain.inheritance.twolevelinheritance.Monitor.height,gov.nih.nci.cacoresdk.domain.inheritance.twolevelinheritance.Monitor.id,gov.nih.nci.cacoresdk.domain.inheritance.twolevelinheritance.Monitor.width,gov.nih.nci.cacoresdk.domain.manytoone.unidirectional.withjoin.Song.id,gov.nih.nci.cacoresdk.domain.manytoone.unidirectional.withjoin.Song.title,gov.nih.nci.cacoresdk.domain.inheritance.childwithassociation.sametable.SportsShoes.sportsType,gov.nih.nci.cacoresdk.domain.inheritance.childwithassociation.sametable.SportsShoes.color,gov.nih.nci.cacoresdk.domain.inheritance.childwithassociation.sametable.SportsShoes.id,gov.nih.nci.cacoresdk.domain.interfaze.Dog.breed,gov.nih.nci.cacoresdk.domain.interfaze.Dog.gender,gov.nih.nci.cacoresdk.domain.interfaze.Dog.id,gov.nih.nci.cacoresdk.domain.inheritance.childwithassociation.sametable.DesignerShoes.color,gov.nih.nci.cacoresdk.domain.inheritance.childwithassociation.sametable.DesignerShoes.id,gov.nih.nci.cacoresdk.domain.other.differentpackage.associations.Utensil.id,gov.nih.nci.cacoresdk.domain.other.differentpackage.associations.Utensil.name,gov.nih.nci.cacoresdk.domain.manytoone.unidirectional.withjoin.Album.id,gov.nih.nci.cacoresdk.domain.manytoone.unidirectional.withjoin.Album.title,gov.nih.nci.cacoresdk.domain.onetoone.unidirectional.Person.id,gov.nih.nci.cacoresdk.domain.onetoone.unidirectional.Person.name,gov.nih.nci.cacoresdk.domain.other.datatype.TelDataType.value1,gov.nih.nci.cacoresdk.domain.onetomany.unidirectional.KeyChain.id,gov.nih.nci.cacoresdk.domain.onetomany.unidirectional.KeyChain.name,gov.nih.nci.cacoresdk.domain.inheritance.abstrakt.PrivateTeacher.yearsExperience,gov.nih.nci.cacoresdk.domain.inheritance.abstrakt.PrivateTeacher.id,gov.nih.nci.cacoresdk.domain.inheritance.abstrakt.PrivateTeacher.name,gov.nih.nci.cacoresdk.domain.other.datatype.TelEmailDataType.value1,gov.nih.nci.cacoresdk.domain.inheritance.twolevelinheritance.sametable.CommunistGovt.country,gov.nih.nci.cacoresdk.domain.inheritance.twolevelinheritance.sametable.CommunistGovt.id,gov.nih.nci.cacoresdk.domain.inheritance.onechild.Mammal.hairColor,gov.nih.nci.cacoresdk.domain.inheritance.onechild.Mammal.id,gov.nih.nci.cacoresdk.domain.other.datatype.ScDataType.value1,gov.nih.nci.cacoresdk.domain.inheritance.implicit.DiscusFish.primaryColor,gov.nih.nci.cacoresdk.domain.inheritance.implicit.DiscusFish.genera,gov.nih.nci.cacoresdk.domain.inheritance.implicit.DiscusFish.id,gov.nih.nci.cacoresdk.domain.other.datatype.IntDataType.value1,gov.nih.nci.cacoresdk.domain.inheritance.childwithassociation.sametable.Shoes.color,gov.nih.nci.cacoresdk.domain.inheritance.childwithassociation.sametable.Shoes.id,gov.nih.nci.cacoresdk.domain.inheritance.multiplechild.sametable.GovtOrganization.agencyBudget,gov.nih.nci.cacoresdk.domain.inheritance.multiplechild.sametable.GovtOrganization.id,gov.nih.nci.cacoresdk.domain.inheritance.multiplechild.sametable.GovtOrganization.name,gov.nih.nci.cacoresdk.domain.inheritance.multiplechild.sametable.Organization.id,gov.nih.nci.cacoresdk.domain.inheritance.multiplechild.sametable.Organization.name,gov.nih.nci.cacoresdk.domain.onetoone.bidirectional.OrderLine.id,gov.nih.nci.cacoresdk.domain.onetoone.bidirectional.OrderLine.name,gov.nih.nci.cacoresdk.domain.inheritance.parentwithassociation.AssistantProfessor.joiningYear,gov.nih.nci.cacoresdk.domain.inheritance.parentwithassociation.AssistantProfessor.id,gov.nih.nci.cacoresdk.domain.inheritance.parentwithassociation.AssistantProfessor.name,gov.nih.nci.cacoresdk.domain.other.datatype.IiDataType.value1,gov.nih.nci.cacoresdk.domain.other.datatype.IiDataType.value2,gov.nih.nci.cacoresdk.domain.other.datatype.IiDataType.value3,gov.nih.nci.cacoresdk.domain.other.differentpackage.associations.Pie.filling,gov.nih.nci.cacoresdk.domain.other.differentpackage.associations.Pie.id,gov.nih.nci.cacoresdk.domain.other.datatype.DsetCdDataType.value1,gov.nih.nci.cacoresdk.domain.other.datatype.DsetCdDataType.value2,gov.nih.nci.cacoresdk.domain.other.datatype.DsetCdDataType.value3,gov.nih.nci.cacoresdk.domain.other.datatype.DsetCdDataType.value4,gov.nih.nci.cacoresdk.domain.other.datatype.DsetCdDataType.value5,gov.nih.nci.cacoresdk.domain.other.datatype.DsetCdDataType.value6,gov.nih.nci.cacoresdk.domain.other.datatype.DsetCdDataType.value7,gov.nih.nci.cacoresdk.domain.onetomany.bidirectional.HardDrive.id,gov.nih.nci.cacoresdk.domain.onetomany.bidirectional.HardDrive.size,gov.nih.nci.cacoresdk.domain.inheritance.twolevelinheritance.sametable.DemocraticGovt.country,gov.nih.nci.cacoresdk.domain.inheritance.twolevelinheritance.sametable.DemocraticGovt.id,gov.nih.nci.cacoresdk.domain.inheritance.childwithassociation.sametable.Designer.id,gov.nih.nci.cacoresdk.domain.inheritance.childwithassociation.sametable.Designer.name,gov.nih.nci.cacoresdk.domain.inheritance.onechild.sametable.Note.value,gov.nih.nci.cacoresdk.domain.inheritance.onechild.sametable.Note.country,gov.nih.nci.cacoresdk.domain.inheritance.onechild.sametable.Note.id,gov.nih.nci.cacoresdk.domain.other.datatype.EdDataType.value1,gov.nih.nci.cacoresdk.domain.other.datatype.EnPnDataType.value1,gov.nih.nci.cacoresdk.domain.inheritance.parentwithassociation.sametable.Wheel.id,gov.nih.nci.cacoresdk.domain.inheritance.parentwithassociation.sametable.Wheel.radius,gov.nih.nci.cacoresdk.domain.other.datatype.TsDataType.value1,gov.nih.nci.cacoresdk.domain.inheritance.parentwithassociation.sametable.HardTop.keyCode,gov.nih.nci.cacoresdk.domain.inheritance.parentwithassociation.sametable.HardTop.capacity,gov.nih.nci.cacoresdk.domain.inheritance.parentwithassociation.sametable.HardTop.id,gov.nih.nci.cacoresdk.domain.onetomany.bidirectional.Computer.id,gov.nih.nci.cacoresdk.domain.onetomany.bidirectional.Computer.type,gov.nih.nci.cacoresdk.domain.inheritance.parentwithassociation.Professor.id,gov.nih.nci.cacoresdk.domain.inheritance.parentwithassociation.Professor.name,gov.nih.nci.cacoresdk.domain.inheritance.childwithassociation.Payment.amount,gov.nih.nci.cacoresdk.domain.inheritance.childwithassociation.Payment.id,gov.nih.nci.cacoresdk.domain.inheritance.implicit.TankAccessory.id,gov.nih.nci.cacoresdk.domain.inheritance.implicit.TankAccessory.name,gov.nih.nci.cacoresdk.domain.inheritance.parentwithassociation.sametable.Luggage.capacity,gov.nih.nci.cacoresdk.domain.inheritance.parentwithassociation.sametable.Luggage.id,gov.nih.nci.cacoresdk.domain.inheritance.implicit.FreshwaterFishTank.filterModel,gov.nih.nci.cacoresdk.domain.inheritance.implicit.FreshwaterFishTank.id,gov.nih.nci.cacoresdk.domain.inheritance.implicit.FreshwaterFishTank.numGallons,gov.nih.nci.cacoresdk.domain.inheritance.implicit.FreshwaterFishTank.shape,gov.nih.nci.cacoresdk.domain.other.datatype.DsetAdDataType.value1,gov.nih.nci.cacoresdk.domain.other.datatype.DsetAdDataType.value2,gov.nih.nci.cacoresdk.domain.other.datatype.DsetAdDataType.value3,gov.nih.nci.cacoresdk.domain.other.datatype.DsetAdDataType.value4,gov.nih.nci.cacoresdk.domain.other.datatype.DsetAdDataType.value5,gov.nih.nci.cacoresdk.domain.other.datatype.DsetAdDataType.value6,gov.nih.nci.cacoresdk.domain.other.datatype.DsetAdDataType.value7,gov.nih.nci.cacoresdk.domain.other.datatype.DsetAdDataType.value8,gov.nih.nci.cacoresdk.domain.inheritance.twolevelinheritance.LCDMonitor.dpiSupported,gov.nih.nci.cacoresdk.domain.inheritance.twolevelinheritance.LCDMonitor.brand,gov.nih.nci.cacoresdk.domain.inheritance.twolevelinheritance.LCDMonitor.height,gov.nih.nci.cacoresdk.domain.inheritance.twolevelinheritance.LCDMonitor.id,gov.nih.nci.cacoresdk.domain.inheritance.twolevelinheritance.LCDMonitor.width,gov.nih.nci.cacoresdk.domain.inheritance.abstrakt.Pupil.id,gov.nih.nci.cacoresdk.domain.inheritance.abstrakt.Pupil.name,gov.nih.nci.cacoresdk.domain.inheritance.implicit.Substrate.id,gov.nih.nci.cacoresdk.domain.inheritance.implicit.Substrate.name,gov.nih.nci.cacoresdk.domain.other.datatype.StDataType.value1,gov.nih.nci.cacoresdk.domain.manytoone.unidirectional.Restaurant.id,gov.nih.nci.cacoresdk.domain.manytoone.unidirectional.Restaurant.name,gov.nih.nci.cacoresdk.domain.onetoone.unidirectional.withjoin.Handle.color,gov.nih.nci.cacoresdk.domain.onetoone.unidirectional.withjoin.Handle.id,gov.nih.nci.cacoresdk.domain.other.datatype.DsetTelDataType.value1,gov.nih.nci.cacoresdk.domain.other.datatype.DsetTelDataType.value2,gov.nih.nci.cacoresdk.domain.other.datatype.DsetTelDataType.value3,gov.nih.nci.cacoresdk.domain.inheritance.parentwithassociation.AssociateProfessor.yearsServed,gov.nih.nci.cacoresdk.domain.inheritance.parentwithassociation.AssociateProfessor.id,gov.nih.nci.cacoresdk.domain.inheritance.parentwithassociation.AssociateProfessor.name,gov.nih.nci.cacoresdk.domain.onetomany.unidirectional.LatchKey.id,gov.nih.nci.cacoresdk.domain.onetomany.unidirectional.LatchKey.type,gov.nih.nci.cacoresdk.domain.inheritance.onechild.Human.diet,gov.nih.nci.cacoresdk.domain.inheritance.onechild.Human.hairColor,gov.nih.nci.cacoresdk.domain.inheritance.onechild.Human.id,gov.nih.nci.cacoresdk.domain.inheritance.twolevelinheritance.sametablerootlevel.Calculator.brand,gov.nih.nci.cacoresdk.domain.inheritance.twolevelinheritance.sametablerootlevel.Calculator.id,gov.nih.nci.cacoresdk.domain.other.differentpackage.associations.IceCream.topping,gov.nih.nci.cacoresdk.domain.other.differentpackage.associations.IceCream.id,gov.nih.nci.cacoresdk.domain.inheritance.twolevelinheritance.sametable.ParliamantaryGovt.primeMinister,gov.nih.nci.cacoresdk.domain.inheritance.twolevelinheritance.sametable.ParliamantaryGovt.country,gov.nih.nci.cacoresdk.domain.inheritance.twolevelinheritance.sametable.ParliamantaryGovt.id,gov.nih.nci.cacoresdk.domain.inheritance.parentwithassociation.Assistant.id,gov.nih.nci.cacoresdk.domain.inheritance.parentwithassociation.Assistant.name,gov.nih.nci.cacoresdk.domain.manytomany.unidirectional.Book.id,gov.nih.nci.cacoresdk.domain.manytomany.unidirectional.Book.name,gov.nih.nci.cacoresdk.domain.other.datatype.TelUrlDataType.value1,gov.nih.nci.cacoresdk.domain.manytoone.unidirectional.Chef.id,gov.nih.nci.cacoresdk.domain.manytoone.unidirectional.Chef.name,gov.nih.nci.cacoresdk.domain.manytomany.unidirectional.Author.id,gov.nih.nci.cacoresdk.domain.manytomany.unidirectional.Author.name,gov.nih.nci.cacoresdk.domain.other.datatype.IvlTsDataType.value1,gov.nih.nci.cacoresdk.domain.other.datatype.IvlTsDataType.value2,gov.nih.nci.cacoresdk.domain.other.datatype.IvlTsDataType.value3,gov.nih.nci.cacoresdk.domain.other.datatype.TelPersonDataType.value1,gov.nih.nci.cacoresdk.domain.other.datatype.EnOnDataType.value1,gov.nih.nci.cacoresdk.domain.onetomany.bidirectional.withjoin.Flight.destination,gov.nih.nci.cacoresdk.domain.onetomany.bidirectional.withjoin.Flight.id,gov.nih.nci.cacoresdk.domain.other.datatype.CdDataType.value1,gov.nih.nci.cacoresdk.domain.other.datatype.CdDataType.value2,gov.nih.nci.cacoresdk.domain.other.datatype.CdDataType.value3,gov.nih.nci.cacoresdk.domain.manytomany.bidirectional.Project.id,gov.nih.nci.cacoresdk.domain.manytomany.bidirectional.Project.name,gov.nih.nci.cacoresdk.domain.inheritance.multiplechild.Student.id,gov.nih.nci.cacoresdk.domain.inheritance.multiplechild.Student.name,gov.nih.nci.cacoresdk.domain.inheritance.twolevelinheritance.sametablerootlevel.FinancialCalculator.brand,gov.nih.nci.cacoresdk.domain.inheritance.twolevelinheritance.sametablerootlevel.FinancialCalculator.id,gov.nih.nci.cacoresdk.domain.inheritance.twolevelinheritance.sametable.PresidentialGovt.president,gov.nih.nci.cacoresdk.domain.inheritance.twolevelinheritance.sametable.PresidentialGovt.country,gov.nih.nci.cacoresdk.domain.inheritance.twolevelinheritance.sametable.PresidentialGovt.id,gov.nih.nci.cacoresdk.domain.inheritance.twolevelinheritance.sametablerootlevel.GraphicCalculator.brand,gov.nih.nci.cacoresdk.domain.inheritance.twolevelinheritance.sametablerootlevel.GraphicCalculator.id,gov.nih.nci.cacoresdk.domain.other.datatype.RealDataType.value1,gov.nih.nci.cacoresdk.domain.inheritance.implicit.AngelFish.finSize,gov.nih.nci.cacoresdk.domain.inheritance.implicit.AngelFish.genera,gov.nih.nci.cacoresdk.domain.inheritance.implicit.AngelFish.id,gov.nih.nci.cacoresdk.domain.onetoone.multipleassociation.withjoin.InLaw.id,gov.nih.nci.cacoresdk.domain.onetoone.multipleassociation.withjoin.InLaw.name,gov.nih.nci.cacoresdk.domain.inheritance.twolevelinheritance.CRTMonitor.refreshRate,gov.nih.nci.cacoresdk.domain.inheritance.twolevelinheritance.CRTMonitor.brand,gov.nih.nci.cacoresdk.domain.inheritance.twolevelinheritance.CRTMonitor.height,gov.nih.nci.cacoresdk.domain.inheritance.twolevelinheritance.CRTMonitor.id,gov.nih.nci.cacoresdk.domain.inheritance.twolevelinheritance.CRTMonitor.width,gov.nih.nci.cacoresdk.domain.inheritance.onechild.sametable.Currency.country,gov.nih.nci.cacoresdk.domain.inheritance.onechild.sametable.Currency.id,gov.nih.nci.cacoresdk.domain.onetomany.unidirectional.withjoin.Button.holes,gov.nih.nci.cacoresdk.domain.onetomany.unidirectional.withjoin.Button.id,gov.nih.nci.cacoresdk.domain.inheritance.parentwithassociation.TenuredProfessor.tenuredYear,gov.nih.nci.cacoresdk.domain.inheritance.parentwithassociation.TenuredProfessor.id,gov.nih.nci.cacoresdk.domain.inheritance.parentwithassociation.TenuredProfessor.name,gov.nih.nci.cacoresdk.domain.inheritance.twolevelinheritance.sametablerootlevel.ScientificCalculator.brand,gov.nih.nci.cacoresdk.domain.inheritance.twolevelinheritance.sametablerootlevel.ScientificCalculator.id,gov.nih.nci.cacoresdk.domain.other.datatype.EdTextDataType.value1,gov.nih.nci.cacoresdk.domain.onetoone.multipleassociation.Child.id,gov.nih.nci.cacoresdk.domain.onetoone.multipleassociation.Child.name,gov.nih.nci.cacoresdk.domain.inheritance.parentwithassociation.sametable.SoftTop.expandable,gov.nih.nci.cacoresdk.domain.inheritance.parentwithassociation.sametable.SoftTop.capacity,gov.nih.nci.cacoresdk.domain.inheritance.parentwithassociation.sametable.SoftTop.id,gov.nih.nci.cacoresdk.domain.inheritance.multiplechild.sametable.PvtOrganization.ceo,gov.nih.nci.cacoresdk.domain.inheritance.multiplechild.sametable.PvtOrganization.id,gov.nih.nci.cacoresdk.domain.inheritance.multiplechild.sametable.PvtOrganization.name,gov.nih.nci.cacoresdk.domain.other.differentpackage.Dessert.id,gov.nih.nci.cacoresdk.domain.manytomany.bidirectional.Employee.id,gov.nih.nci.cacoresdk.domain.manytomany.bidirectional.Employee.name,gov.nih.nci.cacoresdk.domain.other.levelassociation.Card.id,gov.nih.nci.cacoresdk.domain.other.levelassociation.Card.image,gov.nih.nci.cacoresdk.domain.other.levelassociation.Card.name,gov.nih.nci.cacoresdk.domain.inheritance.implicit.Fish.genera,gov.nih.nci.cacoresdk.domain.inheritance.implicit.Fish.id,gov.nih.nci.cacoresdk.domain.inheritance.twolevelinheritance.Display.height,gov.nih.nci.cacoresdk.domain.inheritance.twolevelinheritance.Display.id,gov.nih.nci.cacoresdk.domain.inheritance.twolevelinheritance.Display.width,gov.nih.nci.cacoresdk.domain.onetoone.multipleassociation.withjoin.Bride.id,gov.nih.nci.cacoresdk.domain.onetoone.multipleassociation.withjoin.Bride.name,gov.nih.nci.cacoresdk.domain.inheritance.childwithassociation.Credit.cardNumber,gov.nih.nci.cacoresdk.domain.inheritance.childwithassociation.Credit.amount,gov.nih.nci.cacoresdk.domain.inheritance.childwithassociation.Credit.id,gov.nih.nci.cacoresdk.domain.onetoone.multipleassociation.Parent.id,gov.nih.nci.cacoresdk.domain.onetoone.multipleassociation.Parent.name,gov.nih.nci.cacoresdk.domain.inheritance.childwithassociation.Bank.id,gov.nih.nci.cacoresdk.domain.inheritance.childwithassociation.Bank.name,gov.nih.nci.cacoresdk.domain.other.datatype.StNtDataType.value1,gov.nih.nci.cacoresdk.domain.other.levelassociation.Deck.id,gov.nih.nci.cacoresdk.domain.other.levelassociation.Deck.name,gov.nih.nci.cacoresdk.domain.other.datatype.IvlIntDataType.value1,gov.nih.nci.cacoresdk.domain.other.datatype.IvlIntDataType.value2,gov.nih.nci.cacoresdk.domain.other.datatype.IvlIntDataType.value3,gov.nih.nci.cacoresdk.domain.onetoone.unidirectional.withjoin.Bag.id,gov.nih.nci.cacoresdk.domain.onetoone.unidirectional.withjoin.Bag.style,gov.nih.nci.cacoresdk.domain.onetoone.bidirectional.withjoin.Pendant.id,gov.nih.nci.cacoresdk.domain.onetoone.bidirectional.withjoin.Pendant.shape,gov.nih.nci.cacoresdk.domain.other.datatype.PqDataType.value1,gov.nih.nci.cacoresdk.domain.other.datatype.PqDataType.value2,gov.nih.nci.cacoresdk.domain.onetomany.bidirectional.withjoin.Passanger.id,gov.nih.nci.cacoresdk.domain.onetomany.bidirectional.withjoin.Passanger.name,gov.nih.nci.cacoresdk.domain.inheritance.abstrakt.Teacher.id,gov.nih.nci.cacoresdk.domain.other.datatype.IvlRealDataType.value1,gov.nih.nci.cacoresdk.domain.other.datatype.IvlRealDataType.value2,gov.nih.nci.cacoresdk.domain.other.datatype.IvlRealDataType.value3]; root of BeanFactory hierarchy]

> StartContainerStep (org.cagrid.tests.data.styles.cacore44.integration.story.SDK44StyleRemoteApiStory)

Command environment:

TERM=xterm
ANT_OPTS=-Xmx1024m -Xms512m
com.apple.java.jvmMode=client
SHLVL=4
JAVA_HOME=/System/Library/Frameworks/JavaVM.framework/Versions/CurrentJDK/Home
__CF_USER_TEXT_ENCODING=0x1F5:0:0
HOSTTYPE=intel-mac
REMOTEHOST=
PWD=/Users/ervin/Projects/caGrid/caGrid-1_5_release/Software/core/integration-tests/projects/sdk44StyleTests
HOST=David-Ervins-MacBook-Pro-2.local
XTERM_VERSION=XTerm(251)
LOGNAME=ervin
WINDOWID=12582925
CVS_RSH=ssh
MACHTYPE=x86_64
SSH_AUTH_SOCK=/tmp/launch-vWyEtK/Listeners
SHELL=/bin/tcsh
GROUP=staff
EDITOR=nano
TMPDIR=/var/folders/M2/M2eLa4tFElelS2p09b6x7U+++TI/-Tmp-/
X11_PREFS_DOMAIN=org.x.X11
PATH=/Users/ervin/Installs/ant/apache-ant-1.7.1//bin:/opt/local/bin:/opt/local/sbin:/System/Library/Frameworks/JavaVM.framework/Versions/CurrentJDK/Home/bin:/Users/ervin/Installs/ant/apache-ant-1.7.1/bin:/Users/ervin/Installs/ant/apache-ant-1.8.2//bin:/opt/local/bin:/opt/local/sbin:/System/Library/Frameworks/JavaVM.framework/Versions/CurrentJDK/Home/bin:/Users/ervin/Installs/ant/apache-ant-1.7.1/bin:/opt/local/bin:/opt/local/sbin:/System/Library/Frameworks/JavaVM.framework/Versions/CurrentJDK/Home/bin:/Users/ervin/Installs/ant/apache-ant-1.7.1/bin:/usr/bin:/bin:/usr/sbin:/sbin:/usr/local/bin:/usr/X11/bin:/usr/X11/bin
COMMAND_MODE=unix2003
DISPLAY=/tmp/launch-p86Jm1/org.x:0
USER=ervin
ANT_HOME=/Users/ervin/Installs/ant/apache-ant-1.7.1/
JAVA_MAIN_CLASS_17340=org.apache.tools.ant.launch.Launcher
com.apple.java.jvmTask=CommandLine_Manual.java.java
CATALINA_HOME=/Users/ervin/Projects/caGrid/caGrid-1_5_release/Software/core/caGrid/projects/introduce/tmp/Tomcat1479091153970964529tmp
HOME=/Users/ervin
XTERM_SHELL=/bin/tcsh
GLOBUS_LOCATION=/Users/ervin/Installs/globus/ws-core-4.0.3-sha2/
JAVA_MAIN_CLASS_17382=org.apache.tools.ant.taskdefs.optional.junit.JUnitTestRunner
Apple_PubSub_Socket_Render=/tmp/launch-goK2fm/Render
XTERM_LOCALE=C
OSTYPE=darwin
VENDOR=apple
OUT> 14:52:29,115 INFO  [ContextLoader] Using context class [org.springframework.web.context.support.XmlWebApplicationContext] for root WebApplicationContext
OUT> 14:52:29,116 INFO  [ContextLoader] Root WebApplicationContext: initialization completed in 5420 ms
OUT> 14:52:29,156 INFO  [DispatcherServlet] Initializing servlet 'httpinvoker'
OUT> 14:52:29,162 INFO  [DispatcherServlet] FrameworkServlet 'httpinvoker': initialization started
OUT> 14:52:29,164 INFO  [XmlBeanDefinitionReader] Loading XML bean definitions from ServletContext resource [/WEB-INF/httpinvoker-servlet.xml]
OUT> 14:52:29,170 INFO  [XmlWebApplicationContext] Bean factory for application context [WebApplicationContext for namespace 'httpinvoker-servlet']: org.springframework.beans.factory.support.DefaultListableBeanFactory defining beans [defaultHandlerMapping,/applicationService]; parent: org.springframework.beans.factory.support.DefaultListableBeanFactory defining beans [ApplicationServiceImpl,ClassCache,WebSystemProperties,ORMDAO,HibernateConfigHolder,defaultLobHandler,SessionFactory,SecurityInitializationHelper,HibernateTransactionManager,TxInterceptor,ApplicationService,isoExampleService]; root of BeanFactory hierarchy
OUT> 14:52:29,170 INFO  [XmlWebApplicationContext] 2 beans defined in application context [WebApplicationContext for namespace 'httpinvoker-servlet']
OUT> 14:52:29,177 INFO  [XmlWebApplicationContext] Unable to locate MessageSource with name 'messageSource': using default [org.springframework.context.support.DelegatingMessageSource@6dc9b6c1]
OUT> 14:52:29,177 INFO  [XmlWebApplicationContext] Unable to locate ApplicationEventMulticaster with name 'applicationEventMulticaster': using default [org.springframework.context.event.SimpleApplicationEventMulticaster@55fd7136]
OUT> 14:52:29,177 INFO  [UiApplicationContextUtils] Unable to locate ThemeSource with name 'themeSource': using default [org.springframework.ui.context.support.DelegatingThemeSource@7213bc54]
OUT> 14:52:29,177 INFO  [DefaultListableBeanFactory] Pre-instantiating singletons in factory [org.springframework.beans.factory.support.DefaultListableBeanFactory defining beans [defaultHandlerMapping,/applicationService]; parent: org.springframework.beans.factory.support.DefaultListableBeanFactory defining beans [ApplicationServiceImpl,ClassCache,WebSystemProperties,ORMDAO,HibernateConfigHolder,defaultLobHandler,SessionFactory,SecurityInitializationHelper,HibernateTransactionManager,TxInterceptor,ApplicationService,isoExampleService]; root of BeanFactory hierarchy]
OUT> 14:52:29,203 INFO  [DefaultAopProxyFactory] CGLIB2 available: proxyTargetClass feature enabled
OUT> 14:52:29,237 INFO  [DispatcherServlet] Using context class [org.springframework.web.context.support.XmlWebApplicationContext] for servlet 'httpinvoker'
OUT> 14:52:29,238 INFO  [DispatcherServlet] Unable to locate MultipartResolver with name 'multipartResolver': no multipart request handling provided
OUT> 14:52:29,242 INFO  [DispatcherServlet] Unable to locate LocaleResolver with name 'localeResolver': using default [org.springframework.web.servlet.i18n.AcceptHeaderLocaleResolver@4f3cc73c]
OUT> 14:52:29,247 INFO  [DispatcherServlet] Unable to locate ThemeResolver with name 'themeResolver': using default [org.springframework.web.servlet.theme.FixedThemeResolver@57c56850]
OUT> 14:52:29,258 INFO  [DispatcherServlet] No HandlerAdapters found in servlet 'httpinvoker': using default
OUT> 14:52:29,263 INFO  [DispatcherServlet] Unable to locate RequestToViewNameTranslator with name 'viewNameTranslator': using default [org.springframework.web.servlet.view.DefaultRequestToViewNameTranslator@2a5e8368]
OUT> 14:52:29,273 INFO  [DispatcherServlet] No ViewResolvers found in servlet 'httpinvoker': using default
OUT> 14:52:29,273 INFO  [DispatcherServlet] FrameworkServlet 'httpinvoker': initialization completed in 111 ms
OUT> 14:52:29,273 INFO  [DispatcherServlet] Servlet 'httpinvoker' configured successfully
OUT> 14:52:30,655 WARN  [JavaUtils] Unable to find required classes (javax.activation.DataHandler and javax.mail.internet.MimeMultipart). Attachment support is disabled.

> InvokeDataServiceStep (org.cagrid.tests.data.styles.cacore44.integration.story.SDK44StyleRemoteApiStory)

Base dir is /Users/ervin/Projects/caGrid/caGrid-1_5_release/Software/core/integration-tests/projects/sdk44StyleTests
Queries dir is /Users/ervin/Projects/caGrid/caGrid-1_5_release/Software/core/integration-tests/projects/sdk44StyleTests/resources/testQueries
Query files? sure!
Gold results dir is /Users/ervin/Projects/caGrid/caGrid-1_5_release/Software/core/integration-tests/projects/sdk44StyleTests/resources/testGoldResults
Testing query file allPayments.xml
	Gold results file is gold_allPayments.xml
OUT> 14:52:41,780 INFO  [Environment] Hibernate 3.2.0
OUT> 14:52:41,783 INFO  [Environment] hibernate.properties not found
OUT> 14:52:41,784 INFO  [Environment] Bytecode provider name : cglib
OUT> 14:52:41,786 INFO  [Environment] using JDK 1.4 java.sql.Timestamp handling
OUT> 14:52:41,874 INFO  [Configuration] configuring from resource: /hibernate.cfg.xml
OUT> 14:52:41,874 INFO  [Configuration] Configuration resource: /hibernate.cfg.xml
OUT> 14:52:41,880 INFO  [Configuration] Reading mappings from resource: gov/nih/nci/cacoresdk/domain/inheritance/abstrakt/Pupil.hbm.xml
OUT> 14:52:41,906 INFO  [HbmBinder] Mapping class: gov.nih.nci.cacoresdk.domain.inheritance.abstrakt.Pupil -> PUPIL
OUT> 14:52:41,916 INFO  [Configuration] Reading mappings from resource: gov/nih/nci/cacoresdk/domain/inheritance/abstrakt/Teacher.hbm.xml
OUT> 14:52:41,929 INFO  [HbmBinder] Mapping class: gov.nih.nci.cacoresdk.domain.inheritance.abstrakt.Teacher -> TEACHER
OUT> 14:52:41,951 INFO  [HbmBinder] Mapping joined-subclass: gov.nih.nci.cacoresdk.domain.inheritance.abstrakt.PrivateTeacher -> PRIVATE_TEACHER
OUT> 14:52:41,953 INFO  [Configuration] Reading mappings from resource: gov/nih/nci/cacoresdk/domain/inheritance/childwithassociation/Payment.hbm.xml
OUT> 14:52:41,965 INFO  [HbmBinder] Mapping class: gov.nih.nci.cacoresdk.domain.inheritance.childwithassociation.Payment -> PAYMENT
OUT> 14:52:41,965 INFO  [HbmBinder] Mapping joined-subclass: gov.nih.nci.cacoresdk.domain.inheritance.childwithassociation.Credit -> CREDIT
OUT> 14:52:42,001 INFO  [HbmBinder] Mapping joined-subclass: gov.nih.nci.cacoresdk.domain.inheritance.childwithassociation.Cash -> CASH
OUT> 14:52:42,002 INFO  [Configuration] Reading mappings from resource: gov/nih/nci/cacoresdk/domain/inheritance/childwithassociation/Bank.hbm.xml
OUT> 14:52:42,011 INFO  [HbmBinder] Mapping class: gov.nih.nci.cacoresdk.domain.inheritance.childwithassociation.Bank -> BANK
OUT> 14:52:42,012 INFO  [Configuration] Reading mappings from resource: gov/nih/nci/cacoresdk/domain/inheritance/childwithassociation/sametable/Shoes.hbm.xml
OUT> 14:52:42,023 INFO  [HbmBinder] Mapping class: gov.nih.nci.cacoresdk.domain.inheritance.childwithassociation.sametable.Shoes -> SHOES
OUT> 14:52:42,026 INFO  [HbmBinder] Mapping subclass: gov.nih.nci.cacoresdk.domain.inheritance.childwithassociation.sametable.SportsShoes -> SHOES
OUT> 14:52:42,027 INFO  [HbmBinder] Mapping subclass: gov.nih.nci.cacoresdk.domain.inheritance.childwithassociation.sametable.DesignerShoes -> SHOES
OUT> 14:52:42,027 INFO  [Configuration] Reading mappings from resource: gov/nih/nci/cacoresdk/domain/inheritance/childwithassociation/sametable/Designer.hbm.xml
OUT> 14:52:42,037 INFO  [HbmBinder] Mapping class: gov.nih.nci.cacoresdk.domain.inheritance.childwithassociation.sametable.Designer -> DESIGNER
OUT> 14:52:42,037 INFO  [Configuration] Reading mappings from resource: gov/nih/nci/cacoresdk/domain/inheritance/implicit/Substrate.hbm.xml
OUT> 14:52:42,048 INFO  [HbmBinder] Mapping class: gov.nih.nci.cacoresdk.domain.inheritance.implicit.Substrate -> SUBSTRATE
OUT> 14:52:42,048 INFO  [Configuration] Reading mappings from resource: gov/nih/nci/cacoresdk/domain/inheritance/implicit/TankAccessory.hbm.xml
OUT> 14:52:42,059 INFO  [HbmBinder] Mapping class: gov.nih.nci.cacoresdk.domain.inheritance.implicit.TankAccessory -> TANK_ACCESSORY
OUT> 14:52:42,060 INFO  [HbmBinder] Mapping collection: gov.nih.nci.cacoresdk.domain.inheritance.implicit.TankAccessory.tankCollection -> TANK_TANK_ACCESSORY
OUT> 14:52:42,060 INFO  [Configuration] Reading mappings from resource: gov/nih/nci/cacoresdk/domain/inheritance/implicit/Fish.hbm.xml
OUT> 14:52:42,072 INFO  [HbmBinder] Mapping class: gov.nih.nci.cacoresdk.domain.inheritance.implicit.Fish -> FISH
OUT> 14:52:42,072 INFO  [HbmBinder] Mapping subclass: gov.nih.nci.cacoresdk.domain.inheritance.implicit.DiscusFish -> FISH
OUT> 14:52:42,073 INFO  [HbmBinder] Mapping subclass: gov.nih.nci.cacoresdk.domain.inheritance.implicit.AngelFish -> FISH
OUT> 14:52:42,073 INFO  [Configuration] Reading mappings from resource: gov/nih/nci/cacoresdk/domain/inheritance/multiplechild/Student.hbm.xml
OUT> 14:52:42,088 INFO  [HbmBinder] Mapping class: gov.nih.nci.cacoresdk.domain.inheritance.multiplechild.Student -> STUDENT
OUT> 14:52:42,089 INFO  [HbmBinder] Mapping joined-subclass: gov.nih.nci.cacoresdk.domain.inheritance.multiplechild.UndergraduateStudent -> UNDERGRADUATE_STUDENT
OUT> 14:52:42,089 INFO  [HbmBinder] Mapping joined-subclass: gov.nih.nci.cacoresdk.domain.inheritance.multiplechild.GraduateStudent -> GRADUATE_STUDENT
OUT> 14:52:42,089 INFO  [Configuration] Reading mappings from resource: gov/nih/nci/cacoresdk/domain/inheritance/multiplechild/sametable/Organization.hbm.xml
OUT> 14:52:42,101 INFO  [HbmBinder] Mapping class: gov.nih.nci.cacoresdk.domain.inheritance.multiplechild.sametable.Organization -> ORGANIZATION
OUT> 14:52:42,101 INFO  [HbmBinder] Mapping subclass: gov.nih.nci.cacoresdk.domain.inheritance.multiplechild.sametable.PvtOrganization -> ORGANIZATION
OUT> 14:52:42,102 INFO  [HbmBinder] Mapping subclass: gov.nih.nci.cacoresdk.domain.inheritance.multiplechild.sametable.GovtOrganization -> ORGANIZATION
OUT> 14:52:42,102 INFO  [Configuration] Reading mappings from resource: gov/nih/nci/cacoresdk/domain/inheritance/onechild/Mammal.hbm.xml
OUT> 14:52:42,120 INFO  [HbmBinder] Mapping class: gov.nih.nci.cacoresdk.domain.inheritance.onechild.Mammal -> MAMMAL
OUT> 14:52:42,120 INFO  [HbmBinder] Mapping joined-subclass: gov.nih.nci.cacoresdk.domain.inheritance.onechild.Human -> HUMAN
OUT> 14:52:42,120 INFO  [Configuration] Reading mappings from resource: gov/nih/nci/cacoresdk/domain/inheritance/onechild/sametable/Currency.hbm.xml
OUT> 14:52:42,135 INFO  [HbmBinder] Mapping class: gov.nih.nci.cacoresdk.domain.inheritance.onechild.sametable.Currency -> CURRENCY
OUT> 14:52:42,135 INFO  [HbmBinder] Mapping subclass: gov.nih.nci.cacoresdk.domain.inheritance.onechild.sametable.Note -> CURRENCY
OUT> 14:52:42,135 INFO  [Configuration] Reading mappings from resource: gov/nih/nci/cacoresdk/domain/inheritance/parentwithassociation/Professor.hbm.xml
OUT> 14:52:42,151 INFO  [HbmBinder] Mapping class: gov.nih.nci.cacoresdk.domain.inheritance.parentwithassociation.Professor -> PROFESSOR
OUT> 14:52:42,151 INFO  [HbmBinder] Mapping joined-subclass: gov.nih.nci.cacoresdk.domain.inheritance.parentwithassociation.TenuredProfessor -> TENURED_PROFESSOR
OUT> 14:52:42,152 INFO  [HbmBinder] Mapping joined-subclass: gov.nih.nci.cacoresdk.domain.inheritance.parentwithassociation.AssistantProfessor -> ASSISTANT_PROFESSOR
OUT> 14:52:42,152 INFO  [HbmBinder] Mapping joined-subclass: gov.nih.nci.cacoresdk.domain.inheritance.parentwithassociation.AssociateProfessor -> ASSOCIATE_PROFESSOR
OUT> 14:52:42,152 INFO  [Configuration] Reading mappings from resource: gov/nih/nci/cacoresdk/domain/inheritance/parentwithassociation/Assistant.hbm.xml
OUT> 14:52:42,163 INFO  [HbmBinder] Mapping class: gov.nih.nci.cacoresdk.domain.inheritance.parentwithassociation.Assistant -> ASSISTANT
OUT> 14:52:42,163 INFO  [Configuration] Reading mappings from resource: gov/nih/nci/cacoresdk/domain/inheritance/parentwithassociation/sametable/Luggage.hbm.xml
OUT> 14:52:42,175 INFO  [HbmBinder] Mapping class: gov.nih.nci.cacoresdk.domain.inheritance.parentwithassociation.sametable.Luggage -> LUGGAGE
OUT> 14:52:42,176 INFO  [HbmBinder] Mapping subclass: gov.nih.nci.cacoresdk.domain.inheritance.parentwithassociation.sametable.HardTop -> LUGGAGE
OUT> 14:52:42,176 INFO  [HbmBinder] Mapping subclass: gov.nih.nci.cacoresdk.domain.inheritance.parentwithassociation.sametable.HardTopType -> LUGGAGE
OUT> 14:52:42,176 INFO  [HbmBinder] Mapping subclass: gov.nih.nci.cacoresdk.domain.inheritance.parentwithassociation.sametable.SoftTop -> LUGGAGE
OUT> 14:52:42,176 INFO  [Configuration] Reading mappings from resource: gov/nih/nci/cacoresdk/domain/inheritance/parentwithassociation/sametable/Wheel.hbm.xml
OUT> 14:52:42,185 INFO  [HbmBinder] Mapping class: gov.nih.nci.cacoresdk.domain.inheritance.parentwithassociation.sametable.Wheel -> WHEEL
OUT> 14:52:42,186 INFO  [Configuration] Reading mappings from resource: gov/nih/nci/cacoresdk/domain/inheritance/twolevelinheritance/Display.hbm.xml
OUT> 14:52:42,195 INFO  [HbmBinder] Mapping class: gov.nih.nci.cacoresdk.domain.inheritance.twolevelinheritance.Display -> DISPLAY
OUT> 14:52:42,195 INFO  [HbmBinder] Mapping joined-subclass: gov.nih.nci.cacoresdk.domain.inheritance.twolevelinheritance.Monitor -> MONITOR
OUT> 14:52:42,195 INFO  [HbmBinder] Mapping joined-subclass: gov.nih.nci.cacoresdk.domain.inheritance.twolevelinheritance.CRTMonitor -> CRT_MONITOR
OUT> 14:52:42,196 INFO  [HbmBinder] Mapping joined-subclass: gov.nih.nci.cacoresdk.domain.inheritance.twolevelinheritance.LCDMonitor -> LCD_MONITOR
OUT> 14:52:42,196 INFO  [Configuration] Reading mappings from resource: gov/nih/nci/cacoresdk/domain/inheritance/twolevelinheritance/sametable/Goverment.hbm.xml
OUT> 14:52:42,205 INFO  [HbmBinder] Mapping class: gov.nih.nci.cacoresdk.domain.inheritance.twolevelinheritance.sametable.Goverment -> GOVERMENT
OUT> 14:52:42,205 INFO  [HbmBinder] Mapping subclass: gov.nih.nci.cacoresdk.domain.inheritance.twolevelinheritance.sametable.DemocraticGovt -> GOVERMENT
OUT> 14:52:42,205 INFO  [HbmBinder] Mapping subclass: gov.nih.nci.cacoresdk.domain.inheritance.twolevelinheritance.sametable.ParliamantaryGovt -> GOVERMENT
OUT> 14:52:42,205 INFO  [HbmBinder] Mapping subclass: gov.nih.nci.cacoresdk.domain.inheritance.twolevelinheritance.sametable.PresidentialGovt -> GOVERMENT
OUT> 14:52:42,206 INFO  [HbmBinder] Mapping subclass: gov.nih.nci.cacoresdk.domain.inheritance.twolevelinheritance.sametable.CommunistGovt -> GOVERMENT
OUT> 14:52:42,206 INFO  [Configuration] Reading mappings from resource: gov/nih/nci/cacoresdk/domain/inheritance/twolevelinheritance/sametablerootlevel/Calculator.hbm.xml
OUT> 14:52:42,214 INFO  [HbmBinder] Mapping class: gov.nih.nci.cacoresdk.domain.inheritance.twolevelinheritance.sametablerootlevel.Calculator -> CALCULATOR
OUT> 14:52:42,215 INFO  [HbmBinder] Mapping subclass: gov.nih.nci.cacoresdk.domain.inheritance.twolevelinheritance.sametablerootlevel.ScientificCalculator -> CALCULATOR
OUT> 14:52:42,215 INFO  [HbmBinder] Mapping subclass: gov.nih.nci.cacoresdk.domain.inheritance.twolevelinheritance.sametablerootlevel.GraphicCalculator -> CALCULATOR
OUT> 14:52:42,216 INFO  [HbmBinder] Mapping class join: gov.nih.nci.cacoresdk.domain.inheritance.twolevelinheritance.sametablerootlevel.GraphicCalculator -> GRAPHIC_CALCULATOR
OUT> 14:52:42,216 INFO  [HbmBinder] Mapping subclass: gov.nih.nci.cacoresdk.domain.inheritance.twolevelinheritance.sametablerootlevel.FinancialCalculator -> CALCULATOR
OUT> 14:52:42,216 INFO  [Configuration] Reading mappings from resource: gov/nih/nci/cacoresdk/domain/interfaze/Dog.hbm.xml
OUT> 14:52:42,225 INFO  [HbmBinder] Mapping class: gov.nih.nci.cacoresdk.domain.interfaze.Dog -> DOG
OUT> 14:52:42,225 INFO  [Configuration] Reading mappings from resource: gov/nih/nci/cacoresdk/domain/manytomany/bidirectional/Project.hbm.xml
OUT> 14:52:42,234 INFO  [HbmBinder] Mapping class: gov.nih.nci.cacoresdk.domain.manytomany.bidirectional.Project -> PROJECT
OUT> 14:52:42,234 INFO  [HbmBinder] Mapping collection: gov.nih.nci.cacoresdk.domain.manytomany.bidirectional.Project.employeeCollection -> EMPLOYEE_PROJECT
OUT> 14:52:42,234 INFO  [Configuration] Reading mappings from resource: gov/nih/nci/cacoresdk/domain/manytomany/bidirectional/Employee.hbm.xml
OUT> 14:52:42,245 INFO  [HbmBinder] Mapping class: gov.nih.nci.cacoresdk.domain.manytomany.bidirectional.Employee -> EMPLOYEE
OUT> 14:52:42,245 INFO  [HbmBinder] Mapping collection: gov.nih.nci.cacoresdk.domain.manytomany.bidirectional.Employee.projectCollection -> EMPLOYEE_PROJECT
OUT> 14:52:42,245 INFO  [Configuration] Reading mappings from resource: gov/nih/nci/cacoresdk/domain/manytomany/unidirectional/Book.hbm.xml
OUT> 14:52:42,255 INFO  [HbmBinder] Mapping class: gov.nih.nci.cacoresdk.domain.manytomany.unidirectional.Book -> BOOK
OUT> 14:52:42,256 INFO  [HbmBinder] Mapping collection: gov.nih.nci.cacoresdk.domain.manytomany.unidirectional.Book.authorCollection -> AUTHOR_BOOK
OUT> 14:52:42,256 INFO  [Configuration] Reading mappings from resource: gov/nih/nci/cacoresdk/domain/manytomany/unidirectional/Author.hbm.xml
OUT> 14:52:42,265 INFO  [HbmBinder] Mapping class: gov.nih.nci.cacoresdk.domain.manytomany.unidirectional.Author -> AUTHOR
OUT> 14:52:42,266 INFO  [Configuration] Reading mappings from resource: gov/nih/nci/cacoresdk/domain/manytoone/unidirectional/Chef.hbm.xml
OUT> 14:52:42,275 INFO  [HbmBinder] Mapping class: gov.nih.nci.cacoresdk.domain.manytoone.unidirectional.Chef -> CHEF
OUT> 14:52:42,276 INFO  [Configuration] Reading mappings from resource: gov/nih/nci/cacoresdk/domain/manytoone/unidirectional/Restaurant.hbm.xml
OUT> 14:52:42,285 INFO  [HbmBinder] Mapping class: gov.nih.nci.cacoresdk.domain.manytoone.unidirectional.Restaurant -> RESTAURANT
OUT> 14:52:42,286 INFO  [Configuration] Reading mappings from resource: gov/nih/nci/cacoresdk/domain/manytoone/unidirectional/withjoin/Album.hbm.xml
OUT> 14:52:42,296 INFO  [HbmBinder] Mapping class: gov.nih.nci.cacoresdk.domain.manytoone.unidirectional.withjoin.Album -> ALBUM
OUT> 14:52:42,296 INFO  [Configuration] Reading mappings from resource: gov/nih/nci/cacoresdk/domain/manytoone/unidirectional/withjoin/Song.hbm.xml
OUT> 14:52:42,306 INFO  [HbmBinder] Mapping class: gov.nih.nci.cacoresdk.domain.manytoone.unidirectional.withjoin.Song -> SONG
OUT> 14:52:42,306 INFO  [HbmBinder] Mapping class join: gov.nih.nci.cacoresdk.domain.manytoone.unidirectional.withjoin.Song -> ALBUM_SONG
OUT> 14:52:42,306 INFO  [Configuration] Reading mappings from resource: gov/nih/nci/cacoresdk/domain/onetomany/bidirectional/HardDrive.hbm.xml
OUT> 14:52:42,316 INFO  [HbmBinder] Mapping class: gov.nih.nci.cacoresdk.domain.onetomany.bidirectional.HardDrive -> HARD_DRIVE
OUT> 14:52:42,316 INFO  [Configuration] Reading mappings from resource: gov/nih/nci/cacoresdk/domain/onetomany/bidirectional/Computer.hbm.xml
OUT> 14:52:42,326 INFO  [HbmBinder] Mapping class: gov.nih.nci.cacoresdk.domain.onetomany.bidirectional.Computer -> COMPUTER
OUT> 14:52:42,327 INFO  [Configuration] Reading mappings from resource: gov/nih/nci/cacoresdk/domain/onetomany/bidirectional/withjoin/Passanger.hbm.xml
OUT> 14:52:42,338 INFO  [HbmBinder] Mapping class: gov.nih.nci.cacoresdk.domain.onetomany.bidirectional.withjoin.Passanger -> PASSANGER
OUT> 14:52:42,339 INFO  [HbmBinder] Mapping class join: gov.nih.nci.cacoresdk.domain.onetomany.bidirectional.withjoin.Passanger -> FLIGHT_PASSANGER
OUT> 14:52:42,339 INFO  [Configuration] Reading mappings from resource: gov/nih/nci/cacoresdk/domain/onetomany/bidirectional/withjoin/Flight.hbm.xml
OUT> 14:52:42,349 INFO  [HbmBinder] Mapping class: gov.nih.nci.cacoresdk.domain.onetomany.bidirectional.withjoin.Flight -> FLIGHT
OUT> 14:52:42,349 INFO  [HbmBinder] Mapping collection: gov.nih.nci.cacoresdk.domain.onetomany.bidirectional.withjoin.Flight.passangerCollection -> FLIGHT_PASSANGER
OUT> 14:52:42,349 INFO  [Configuration] Reading mappings from resource: gov/nih/nci/cacoresdk/domain/onetomany/selfassociation/Element.hbm.xml
OUT> 14:52:42,360 INFO  [HbmBinder] Mapping class: gov.nih.nci.cacoresdk.domain.onetomany.selfassociation.Element -> ELEMENT
OUT> 14:52:42,360 INFO  [Configuration] Reading mappings from resource: gov/nih/nci/cacoresdk/domain/onetomany/unidirectional/LatchKey.hbm.xml
OUT> 14:52:42,370 INFO  [HbmBinder] Mapping class: gov.nih.nci.cacoresdk.domain.onetomany.unidirectional.LatchKey -> LATCH_KEY
OUT> 14:52:42,370 INFO  [Configuration] Reading mappings from resource: gov/nih/nci/cacoresdk/domain/onetomany/unidirectional/KeyChain.hbm.xml
OUT> 14:52:42,380 INFO  [HbmBinder] Mapping class: gov.nih.nci.cacoresdk.domain.onetomany.unidirectional.KeyChain -> KEYCHAIN
OUT> 14:52:42,380 INFO  [Configuration] Reading mappings from resource: gov/nih/nci/cacoresdk/domain/onetomany/unidirectional/withjoin/Shirt.hbm.xml
OUT> 14:52:42,391 INFO  [HbmBinder] Mapping class: gov.nih.nci.cacoresdk.domain.onetomany.unidirectional.withjoin.Shirt -> SHIRT
OUT> 14:52:42,391 INFO  [HbmBinder] Mapping collection: gov.nih.nci.cacoresdk.domain.onetomany.unidirectional.withjoin.Shirt.buttonCollection -> SHIRT_BUTTON
OUT> 14:52:42,391 INFO  [Configuration] Reading mappings from resource: gov/nih/nci/cacoresdk/domain/onetomany/unidirectional/withjoin/Button.hbm.xml
OUT> 14:52:42,400 INFO  [HbmBinder] Mapping class: gov.nih.nci.cacoresdk.domain.onetomany.unidirectional.withjoin.Button -> BUTTON
OUT> 14:52:42,401 INFO  [Configuration] Reading mappings from resource: gov/nih/nci/cacoresdk/domain/onetoone/bidirectional/OrderLine.hbm.xml
OUT> 14:52:42,410 INFO  [HbmBinder] Mapping class: gov.nih.nci.cacoresdk.domain.onetoone.bidirectional.OrderLine -> ORDERLINE
OUT> 14:52:42,413 INFO  [Configuration] Reading mappings from resource: gov/nih/nci/cacoresdk/domain/onetoone/bidirectional/Product.hbm.xml
OUT> 14:52:42,422 INFO  [HbmBinder] Mapping class: gov.nih.nci.cacoresdk.domain.onetoone.bidirectional.Product -> PRODUCT
OUT> 14:52:42,423 INFO  [Configuration] Reading mappings from resource: gov/nih/nci/cacoresdk/domain/onetoone/bidirectional/withjoin/Chain.hbm.xml
OUT> 14:52:42,432 INFO  [HbmBinder] Mapping class: gov.nih.nci.cacoresdk.domain.onetoone.bidirectional.withjoin.Chain -> CHAIN
OUT> 14:52:42,433 INFO  [HbmBinder] Mapping class join: gov.nih.nci.cacoresdk.domain.onetoone.bidirectional.withjoin.Chain -> CHAIN_PENDANT
OUT> 14:52:42,433 INFO  [Configuration] Reading mappings from resource: gov/nih/nci/cacoresdk/domain/onetoone/bidirectional/withjoin/Pendant.hbm.xml
OUT> 14:52:42,443 INFO  [HbmBinder] Mapping class: gov.nih.nci.cacoresdk.domain.onetoone.bidirectional.withjoin.Pendant -> PENDANT
OUT> 14:52:42,443 INFO  [HbmBinder] Mapping class join: gov.nih.nci.cacoresdk.domain.onetoone.bidirectional.withjoin.Pendant -> CHAIN_PENDANT
OUT> 14:52:42,443 INFO  [Configuration] Reading mappings from resource: gov/nih/nci/cacoresdk/domain/onetoone/multipleassociation/Parent.hbm.xml
OUT> 14:52:42,453 INFO  [HbmBinder] Mapping class: gov.nih.nci.cacoresdk.domain.onetoone.multipleassociation.Parent -> PARENT
OUT> 14:52:42,453 INFO  [Configuration] Reading mappings from resource: gov/nih/nci/cacoresdk/domain/onetoone/multipleassociation/Child.hbm.xml
OUT> 14:52:42,463 INFO  [HbmBinder] Mapping class: gov.nih.nci.cacoresdk.domain.onetoone.multipleassociation.Child -> CHILD
OUT> 14:52:42,463 INFO  [Configuration] Reading mappings from resource: gov/nih/nci/cacoresdk/domain/onetoone/multipleassociation/withjoin/InLaw.hbm.xml
OUT> 14:52:42,474 INFO  [HbmBinder] Mapping class: gov.nih.nci.cacoresdk.domain.onetoone.multipleassociation.withjoin.InLaw -> IN_LAW
OUT> 14:52:42,474 INFO  [Configuration] Reading mappings from resource: gov/nih/nci/cacoresdk/domain/onetoone/multipleassociation/withjoin/Bride.hbm.xml
OUT> 14:52:42,484 INFO  [HbmBinder] Mapping class: gov.nih.nci.cacoresdk.domain.onetoone.multipleassociation.withjoin.Bride -> BRIDE
OUT> 14:52:42,484 INFO  [HbmBinder] Mapping class join: gov.nih.nci.cacoresdk.domain.onetoone.multipleassociation.withjoin.Bride -> BRIDE_FATHER_IN_LAW
OUT> 14:52:42,484 INFO  [HbmBinder] Mapping class join: gov.nih.nci.cacoresdk.domain.onetoone.multipleassociation.withjoin.Bride -> BRIDE_MOTHER_IN_LAW
OUT> 14:52:42,485 INFO  [Configuration] Reading mappings from resource: gov/nih/nci/cacoresdk/domain/onetoone/unidirectional/Person.hbm.xml
OUT> 14:52:42,498 INFO  [HbmBinder] Mapping class: gov.nih.nci.cacoresdk.domain.onetoone.unidirectional.Person -> PERSON
OUT> 14:52:42,498 INFO  [Configuration] Reading mappings from resource: gov/nih/nci/cacoresdk/domain/onetoone/unidirectional/Address.hbm.xml
OUT> 14:52:42,508 INFO  [HbmBinder] Mapping class: gov.nih.nci.cacoresdk.domain.onetoone.unidirectional.Address -> ADDRESS
OUT> 14:52:42,508 INFO  [Configuration] Reading mappings from resource: gov/nih/nci/cacoresdk/domain/onetoone/unidirectional/withjoin/Handle.hbm.xml
OUT> 14:52:42,521 INFO  [HbmBinder] Mapping class: gov.nih.nci.cacoresdk.domain.onetoone.unidirectional.withjoin.Handle -> HANDLE
OUT> 14:52:42,521 INFO  [Configuration] Reading mappings from resource: gov/nih/nci/cacoresdk/domain/onetoone/unidirectional/withjoin/Bag.hbm.xml
OUT> 14:52:42,531 INFO  [HbmBinder] Mapping class: gov.nih.nci.cacoresdk.domain.onetoone.unidirectional.withjoin.Bag -> BAG
OUT> 14:52:42,531 INFO  [HbmBinder] Mapping class join: gov.nih.nci.cacoresdk.domain.onetoone.unidirectional.withjoin.Bag -> BAG_HANDLE
OUT> 14:52:42,531 INFO  [Configuration] Reading mappings from resource: gov/nih/nci/cacoresdk/domain/other/datatype/DsetCdDataType.hbm.xml
OUT> 14:52:42,544 INFO  [HbmBinder] Mapping class: gov.nih.nci.cacoresdk.domain.other.datatype.DsetCdDataType -> DSET_CD
OUT> 14:52:42,544 INFO  [HbmBinder] Mapping collection: gov.nih.nci.cacoresdk.domain.other.datatype.DsetCdDataType.value1.item -> DSET_CD_VALUE1
OUT> 14:52:42,544 INFO  [HbmBinder] Mapping collection: gov.nih.nci.cacoresdk.domain.other.datatype.DsetCdDataType.value2.item -> DSET_CD_VALUE2
OUT> 14:52:42,544 INFO  [HbmBinder] Mapping collection: gov.nih.nci.cacoresdk.domain.other.datatype.DsetCdDataType.value3.item -> DSET_CD_VALUE3
OUT> 14:52:42,544 INFO  [HbmBinder] Mapping collection: gov.nih.nci.cacoresdk.domain.other.datatype.DsetCdDataType.value4.item -> DSET_CD_VALUE4
OUT> 14:52:42,545 INFO  [HbmBinder] Mapping collection: gov.nih.nci.cacoresdk.domain.other.datatype.DsetCdDataType.value5.item -> DSET_CD_VALUE5
OUT> 14:52:42,545 INFO  [HbmBinder] Mapping collection: gov.nih.nci.cacoresdk.domain.other.datatype.DsetCdDataType.value7.item -> DSET_CD_CD_VALUE7
OUT> 14:52:42,545 INFO  [HbmBinder] Mapping class: _xxEntityxx_gov_nih_nci_cacoresdk_domain_other_datatype_DsetCdDataType_value6 -> DSET_CD_VALUE6
OUT> 14:52:42,545 INFO  [HbmBinder] Mapping class: _xxEntityxx_gov_nih_nci_cacoresdk_domain_other_datatype_DsetCdDataType_value7 -> DSET_CD_VALUE7
OUT> 14:52:42,545 INFO  [Configuration] Reading mappings from resource: gov/nih/nci/cacoresdk/domain/other/datatype/EnDataType.hbm.xml
OUT> 14:52:42,557 INFO  [HbmBinder] Mapping class: gov.nih.nci.cacoresdk.domain.other.datatype.EnDataType -> EN_DATATYPE
OUT> 14:52:42,558 INFO  [Configuration] Reading mappings from resource: gov/nih/nci/cacoresdk/domain/other/datatype/BlNonNullDataType.hbm.xml
OUT> 14:52:42,568 INFO  [HbmBinder] Mapping class: gov.nih.nci.cacoresdk.domain.other.datatype.BlNonNullDataType -> BL_NONNULL_DATATYPE
OUT> 14:52:42,568 INFO  [Configuration] Reading mappings from resource: gov/nih/nci/cacoresdk/domain/other/datatype/TelEmailDataType.hbm.xml
OUT> 14:52:42,578 INFO  [HbmBinder] Mapping class: gov.nih.nci.cacoresdk.domain.other.datatype.TelEmailDataType -> TEL_EMAIL_DATATYPE
OUT> 14:52:42,578 INFO  [Configuration] Reading mappings from resource: gov/nih/nci/cacoresdk/domain/other/datatype/PqDataType.hbm.xml
OUT> 14:52:42,588 INFO  [HbmBinder] Mapping class: gov.nih.nci.cacoresdk.domain.other.datatype.PqDataType -> PQ_DATATYPE
OUT> 14:52:42,589 INFO  [Configuration] Reading mappings from resource: gov/nih/nci/cacoresdk/domain/other/datatype/EnOnDataType.hbm.xml
OUT> 14:52:42,598 INFO  [HbmBinder] Mapping class: gov.nih.nci.cacoresdk.domain.other.datatype.EnOnDataType -> EN_ON_DATATYPE
OUT> 14:52:42,598 INFO  [Configuration] Reading mappings from resource: gov/nih/nci/cacoresdk/domain/other/datatype/IvlIntDataType.hbm.xml
OUT> 14:52:42,609 INFO  [HbmBinder] Mapping class: gov.nih.nci.cacoresdk.domain.other.datatype.IvlIntDataType -> IVL_INT
OUT> 14:52:42,609 INFO  [Configuration] Reading mappings from resource: gov/nih/nci/cacoresdk/domain/other/datatype/IvlTsDataType.hbm.xml
OUT> 14:52:42,620 INFO  [HbmBinder] Mapping class: gov.nih.nci.cacoresdk.domain.other.datatype.IvlTsDataType -> IVL_TS
OUT> 14:52:42,620 INFO  [Configuration] Reading mappings from resource: gov/nih/nci/cacoresdk/domain/other/datatype/TelPhoneDataType.hbm.xml
OUT> 14:52:42,630 INFO  [HbmBinder] Mapping class: gov.nih.nci.cacoresdk.domain.other.datatype.TelPhoneDataType -> TEL_PHONE_DATATYPE
OUT> 14:52:42,630 INFO  [Configuration] Reading mappings from resource: gov/nih/nci/cacoresdk/domain/other/datatype/AllDataType.hbm.xml
OUT> 14:52:42,644 INFO  [HbmBinder] Mapping class: gov.nih.nci.cacoresdk.domain.other.datatype.AllDataType -> ALL_DATA_TYPE
OUT> 14:52:42,645 INFO  [HbmBinder] Mapping collection: gov.nih.nci.cacoresdk.domain.other.datatype.AllDataType.stringCollection -> ALL_DATA_TYPE_STRING_COLL
OUT> 14:52:42,645 INFO  [Configuration] Reading mappings from resource: gov/nih/nci/cacoresdk/domain/other/datatype/IntDataType.hbm.xml
OUT> 14:52:42,652 INFO  [HbmBinder] Mapping class: gov.nih.nci.cacoresdk.domain.other.datatype.IntDataType -> INT_DATATYPE
OUT> 14:52:42,653 INFO  [Configuration] Reading mappings from resource: gov/nih/nci/cacoresdk/domain/other/datatype/DsetTelDataType.hbm.xml
OUT> 14:52:42,661 INFO  [HbmBinder] Mapping class: gov.nih.nci.cacoresdk.domain.other.datatype.DsetTelDataType -> DSET_TEL
OUT> 14:52:42,661 INFO  [HbmBinder] Mapping collection: gov.nih.nci.cacoresdk.domain.other.datatype.DsetTelDataType.value1.item -> DSET_TEL_VALUE1
OUT> 14:52:42,661 INFO  [HbmBinder] Mapping collection: gov.nih.nci.cacoresdk.domain.other.datatype.DsetTelDataType.value3.item -> DSET_TEL_TEL_VALUE_3
OUT> 14:52:42,662 INFO  [HbmBinder] Mapping class: _xxEntityxx_gov_nih_nci_cacoresdk_domain_other_datatype_DsetTelDataType_value2 -> DSET_TEL_VALUE2
OUT> 14:52:42,662 INFO  [HbmBinder] Mapping class: _xxEntityxx_gov_nih_nci_cacoresdk_domain_other_datatype_DsetTelDataType_value3 -> DSET_TEL_VALUE3
OUT> 14:52:42,662 INFO  [Configuration] Reading mappings from resource: gov/nih/nci/cacoresdk/domain/other/datatype/TelPersonDataType.hbm.xml
OUT> 14:52:42,669 INFO  [HbmBinder] Mapping class: gov.nih.nci.cacoresdk.domain.other.datatype.TelPersonDataType -> TEL_PERSON_DATATYPE
OUT> 14:52:42,669 INFO  [Configuration] Reading mappings from resource: gov/nih/nci/cacoresdk/domain/other/datatype/IiDataType.hbm.xml
OUT> 14:52:42,679 INFO  [HbmBinder] Mapping class: gov.nih.nci.cacoresdk.domain.other.datatype.IiDataType -> II_DATATYPE
OUT> 14:52:42,680 INFO  [Configuration] Reading mappings from resource: gov/nih/nci/cacoresdk/domain/other/datatype/IvlRealDataType.hbm.xml
OUT> 14:52:42,689 INFO  [HbmBinder] Mapping class: gov.nih.nci.cacoresdk.domain.other.datatype.IvlRealDataType -> IVL_REAL
OUT> 14:52:42,690 INFO  [Configuration] Reading mappings from resource: gov/nih/nci/cacoresdk/domain/other/datatype/DsetAdDataType.hbm.xml
OUT> 14:52:42,706 INFO  [HbmBinder] Mapping class: gov.nih.nci.cacoresdk.domain.other.datatype.DsetAdDataType -> DSET_AD_DATATYPE
OUT> 14:52:42,707 INFO  [HbmBinder] Mapping collection: gov.nih.nci.cacoresdk.domain.other.datatype.DsetAdDataType.value1.item -> DSET_AD_VALUE1
OUT> 14:52:42,707 INFO  [HbmBinder] Mapping collection: gov.nih.nci.cacoresdk.domain.other.datatype.DsetAdDataType.value2.item -> DSET_AD_VALUE2
OUT> 14:52:42,707 INFO  [HbmBinder] Mapping collection: gov.nih.nci.cacoresdk.domain.other.datatype.DsetAdDataType.value3.item -> DSET_AD_VALUE3
OUT> 14:52:42,707 INFO  [HbmBinder] Mapping collection: gov.nih.nci.cacoresdk.domain.other.datatype.DsetAdDataType.value4.item -> DSET_AD_VALUE4
OUT> 14:52:42,707 INFO  [HbmBinder] Mapping collection: gov.nih.nci.cacoresdk.domain.other.datatype.DsetAdDataType.value5.item -> DSET_AD_VALUE5
OUT> 14:52:42,707 INFO  [HbmBinder] Mapping collection: gov.nih.nci.cacoresdk.domain.other.datatype.DsetAdDataType.value6.item -> DSET_AD_VALUE6
OUT> 14:52:42,707 INFO  [HbmBinder] Mapping collection: gov.nih.nci.cacoresdk.domain.other.datatype.DsetAdDataType.value8.item -> DSET_AD_DSET_AD_VALUE8
OUT> 14:52:42,708 INFO  [HbmBinder] Mapping class: _xxEntityxx_gov_nih_nci_cacoresdk_domain_other_datatype_DsetAdDataType_value7 -> DSET_AD_VALUE7
OUT> 14:52:42,708 INFO  [HbmBinder] Mapping class: _xxEntityxx_gov_nih_nci_cacoresdk_domain_other_datatype_DsetAdDataType_value8 -> DSET_AD_VALUE8
OUT> 14:52:42,708 INFO  [Configuration] Reading mappings from resource: gov/nih/nci/cacoresdk/domain/other/datatype/IvlPqDataType.hbm.xml
OUT> 14:52:42,718 INFO  [HbmBinder] Mapping class: gov.nih.nci.cacoresdk.domain.other.datatype.IvlPqDataType -> IVL_PQ
OUT> 14:52:42,719 INFO  [Configuration] Reading mappings from resource: gov/nih/nci/cacoresdk/domain/other/datatype/EnPnDataType.hbm.xml
OUT> 14:52:42,726 INFO  [HbmBinder] Mapping class: gov.nih.nci.cacoresdk.domain.other.datatype.EnPnDataType -> EN_PN_DATATYPE
OUT> 14:52:42,726 INFO  [Configuration] Reading mappings from resource: gov/nih/nci/cacoresdk/domain/other/datatype/RealDataType.hbm.xml
OUT> 14:52:42,734 INFO  [HbmBinder] Mapping class: gov.nih.nci.cacoresdk.domain.other.datatype.RealDataType -> REAL_DATATYPE
OUT> 14:52:42,734 INFO  [Configuration] Reading mappings from resource: gov/nih/nci/cacoresdk/domain/other/datatype/EdDataType.hbm.xml
OUT> 14:52:42,742 INFO  [HbmBinder] Mapping class: gov.nih.nci.cacoresdk.domain.other.datatype.EdDataType -> ED_DATATYPE
OUT> 14:52:42,742 INFO  [Configuration] Reading mappings from resource: gov/nih/nci/cacoresdk/domain/other/datatype/TsDataType.hbm.xml
OUT> 14:52:42,750 INFO  [HbmBinder] Mapping class: gov.nih.nci.cacoresdk.domain.other.datatype.TsDataType -> TS_DATATYPE
OUT> 14:52:42,750 INFO  [Configuration] Reading mappings from resource: gov/nih/nci/cacoresdk/domain/other/datatype/AdDataType.hbm.xml
OUT> 14:52:42,768 INFO  [HbmBinder] Mapping class: gov.nih.nci.cacoresdk.domain.other.datatype.AdDataType -> AD_DATATYPE
OUT> 14:52:42,771 INFO  [HbmBinder] Mapping class join: gov.nih.nci.cacoresdk.domain.other.datatype.AdDataType -> AD_DATATYPE_VALUE7
OUT> 14:52:42,771 INFO  [HbmBinder] Mapping class join: gov.nih.nci.cacoresdk.domain.other.datatype.AdDataType -> AD_AD_DATATYPE_VALUE9
OUT> 14:52:42,771 INFO  [HbmBinder] Mapping class: _xxEntityxx_gov_nih_nci_cacoresdk_domain_other_datatype_AdDataType_value8 -> AD_DATATYPE_VALUE8
OUT> 14:52:42,772 INFO  [HbmBinder] Mapping class: _xxEntityxx_gov_nih_nci_cacoresdk_domain_other_datatype_AdDataType_value9 -> AD_DATATYPE_VALUE9
OUT> 14:52:42,772 INFO  [Configuration] Reading mappings from resource: gov/nih/nci/cacoresdk/domain/other/datatype/ScDataType.hbm.xml
OUT> 14:52:42,781 INFO  [HbmBinder] Mapping class: gov.nih.nci.cacoresdk.domain.other.datatype.ScDataType -> SC_DATATYPE
OUT> 14:52:42,782 INFO  [Configuration] Reading mappings from resource: gov/nih/nci/cacoresdk/domain/other/datatype/StNtDataType.hbm.xml
OUT> 14:52:42,788 INFO  [HbmBinder] Mapping class: gov.nih.nci.cacoresdk.domain.other.datatype.StNtDataType -> ST_NT_DATATYPE
OUT> 14:52:42,789 INFO  [Configuration] Reading mappings from resource: gov/nih/nci/cacoresdk/domain/other/datatype/StDataType.hbm.xml
OUT> 14:52:42,795 INFO  [HbmBinder] Mapping class: gov.nih.nci.cacoresdk.domain.other.datatype.StDataType -> ST_DATATYPE
OUT> 14:52:42,795 INFO  [Configuration] Reading mappings from resource: gov/nih/nci/cacoresdk/domain/other/datatype/DsetIiDataType.hbm.xml
OUT> 14:52:42,805 INFO  [HbmBinder] Mapping class: gov.nih.nci.cacoresdk.domain.other.datatype.DsetIiDataType -> DSET_II
OUT> 14:52:42,805 INFO  [HbmBinder] Mapping collection: gov.nih.nci.cacoresdk.domain.other.datatype.DsetIiDataType.value1.item -> DSET_II_VALUE1
OUT> 14:52:42,805 INFO  [HbmBinder] Mapping collection: gov.nih.nci.cacoresdk.domain.other.datatype.DsetIiDataType.value2.item -> DSET_II_VALUE2
OUT> 14:52:42,805 INFO  [HbmBinder] Mapping collection: gov.nih.nci.cacoresdk.domain.other.datatype.DsetIiDataType.value3.item -> DSET_II_VALUE3
OUT> 14:52:42,805 INFO  [HbmBinder] Mapping collection: gov.nih.nci.cacoresdk.domain.other.datatype.DsetIiDataType.value4.item -> DSET_II_VALUE4
OUT> 14:52:42,805 INFO  [HbmBinder] Mapping collection: gov.nih.nci.cacoresdk.domain.other.datatype.DsetIiDataType.value6.item -> DSET_II_II_VALUE6
OUT> 14:52:42,805 INFO  [HbmBinder] Mapping class: _xxEntityxx_gov_nih_nci_cacoresdk_domain_other_datatype_DsetIiDataType_value5 -> DSET_II_VALUE5
OUT> 14:52:42,806 INFO  [HbmBinder] Mapping class: _xxEntityxx_gov_nih_nci_cacoresdk_domain_other_datatype_DsetIiDataType_value6 -> DSET_II_VALUE6
OUT> 14:52:42,806 INFO  [Configuration] Reading mappings from resource: gov/nih/nci/cacoresdk/domain/other/datatype/EdTextDataType.hbm.xml
OUT> 14:52:42,815 INFO  [HbmBinder] Mapping class: gov.nih.nci.cacoresdk.domain.other.datatype.EdTextDataType -> ED_TEXT_DATATYPE
OUT> 14:52:42,815 INFO  [Configuration] Reading mappings from resource: gov/nih/nci/cacoresdk/domain/other/datatype/CdDataType.hbm.xml
OUT> 14:52:42,828 INFO  [HbmBinder] Mapping class: gov.nih.nci.cacoresdk.domain.other.datatype.CdDataType -> CD_DATATYPE
OUT> 14:52:42,828 INFO  [HbmBinder] Mapping class join: gov.nih.nci.cacoresdk.domain.other.datatype.CdDataType -> CD_DATATYPE_VALUE6
OUT> 14:52:42,829 INFO  [HbmBinder] Mapping class join: gov.nih.nci.cacoresdk.domain.other.datatype.CdDataType -> CD_CD_DATATYPE_VALUE8
OUT> 14:52:42,829 INFO  [HbmBinder] Mapping class: _xxEntityxx_gov_nih_nci_cacoresdk_domain_other_datatype_CdDataType_value7 -> CD_DATATYPE_VALUE7
OUT> 14:52:42,829 INFO  [HbmBinder] Mapping class: _xxEntityxx_gov_nih_nci_cacoresdk_domain_other_datatype_CdDataType_value8 -> CD_DATATYPE_VALUE8
OUT> 14:52:42,830 INFO  [Configuration] Reading mappings from resource: gov/nih/nci/cacoresdk/domain/other/datatype/TelUrlDataType.hbm.xml
OUT> 14:52:42,836 INFO  [HbmBinder] Mapping class: gov.nih.nci.cacoresdk.domain.other.datatype.TelUrlDataType -> TEL_URL_DATATYPE
OUT> 14:52:42,836 INFO  [Configuration] Reading mappings from resource: gov/nih/nci/cacoresdk/domain/other/datatype/TelDataType.hbm.xml
OUT> 14:52:42,842 INFO  [HbmBinder] Mapping class: gov.nih.nci.cacoresdk.domain.other.datatype.TelDataType -> TEL_DATATYPE
OUT> 14:52:42,842 INFO  [Configuration] Reading mappings from resource: gov/nih/nci/cacoresdk/domain/other/datatype/BlDataType.hbm.xml
OUT> 14:52:42,848 INFO  [HbmBinder] Mapping class: gov.nih.nci.cacoresdk.domain.other.datatype.BlDataType -> BL_DATATYPE
OUT> 14:52:42,848 INFO  [Configuration] Reading mappings from resource: gov/nih/nci/cacoresdk/domain/other/differentpackage/Dessert.hbm.xml
OUT> 14:52:42,854 INFO  [HbmBinder] Mapping class: gov.nih.nci.cacoresdk.domain.other.differentpackage.Dessert -> DESSERT
OUT> 14:52:42,855 INFO  [HbmBinder] Mapping collection: gov.nih.nci.cacoresdk.domain.other.differentpackage.Dessert.utensilCollection -> DESSERT_UTENSIL
OUT> 14:52:42,855 INFO  [HbmBinder] Mapping subclass: gov.nih.nci.cacoresdk.domain.other.differentpackage.associations.Pie -> DESSERT
OUT> 14:52:42,855 INFO  [HbmBinder] Mapping subclass: gov.nih.nci.cacoresdk.domain.other.differentpackage.associations.IceCream -> DESSERT
OUT> 14:52:42,855 INFO  [Configuration] Reading mappings from resource: gov/nih/nci/cacoresdk/domain/other/differentpackage/associations/Utensil.hbm.xml
OUT> 14:52:42,860 INFO  [HbmBinder] Mapping class: gov.nih.nci.cacoresdk.domain.other.differentpackage.associations.Utensil -> UTENSIL
OUT> 14:52:42,861 INFO  [HbmBinder] Mapping collection: gov.nih.nci.cacoresdk.domain.other.differentpackage.associations.Utensil.dessertCollection -> DESSERT_UTENSIL
OUT> 14:52:42,861 INFO  [Configuration] Reading mappings from resource: gov/nih/nci/cacoresdk/domain/other/levelassociation/Card.hbm.xml
OUT> 14:52:42,867 INFO  [HbmBinder] Mapping class: gov.nih.nci.cacoresdk.domain.other.levelassociation.Card -> CARD
OUT> 14:52:42,867 INFO  [Configuration] Reading mappings from resource: gov/nih/nci/cacoresdk/domain/other/levelassociation/Deck.hbm.xml
OUT> 14:52:42,872 INFO  [HbmBinder] Mapping class: gov.nih.nci.cacoresdk.domain.other.levelassociation.Deck -> DECK
OUT> 14:52:42,872 INFO  [Configuration] Reading mappings from resource: gov/nih/nci/cacoresdk/domain/other/levelassociation/Hand.hbm.xml
OUT> 14:52:42,877 INFO  [HbmBinder] Mapping class: gov.nih.nci.cacoresdk.domain.other.levelassociation.Hand -> HAND
OUT> 14:52:42,878 INFO  [HbmBinder] Mapping collection: gov.nih.nci.cacoresdk.domain.other.levelassociation.Hand.cardCollection -> HAND_CARD
OUT> 14:52:42,878 INFO  [Configuration] Reading mappings from resource: gov/nih/nci/cacoresdk/domain/other/levelassociation/Suit.hbm.xml
OUT> 14:52:42,886 INFO  [HbmBinder] Mapping class: gov.nih.nci.cacoresdk.domain.other.levelassociation.Suit -> SUIT
OUT> 14:52:42,886 INFO  [Configuration] Reading mappings from resource: gov/nih/nci/cacoresdk/domain/other/primarykey/StringKey.hbm.xml
OUT> 14:52:42,891 INFO  [HbmBinder] Mapping class: gov.nih.nci.cacoresdk.domain.other.primarykey.StringKey -> STRING_KEY
OUT> 14:52:42,891 INFO  [Configuration] Reading mappings from resource: gov/nih/nci/cacoresdk/domain/other/primarykey/IntegerKey.hbm.xml
OUT> 14:52:42,898 INFO  [HbmBinder] Mapping class: gov.nih.nci.cacoresdk.domain.other.primarykey.IntegerKey -> INTEGER_KEY
OUT> 14:52:42,898 INFO  [Configuration] Reading mappings from resource: gov/nih/nci/cacoresdk/domain/other/primarykey/LongPrimitiveKey.hbm.xml
OUT> 14:52:42,902 INFO  [HbmBinder] Mapping class: gov.nih.nci.cacoresdk.domain.other.primarykey.LongPrimitiveKey -> LONG_PRIMITIVE_KEY
OUT> 14:52:42,902 INFO  [Configuration] Reading mappings from resource: gov/nih/nci/cacoresdk/domain/other/primarykey/StringPrimitiveKey.hbm.xml
OUT> 14:52:42,907 INFO  [HbmBinder] Mapping class: gov.nih.nci.cacoresdk.domain.other.primarykey.StringPrimitiveKey -> STRING_PRIMITIVE_KEY
OUT> 14:52:42,907 INFO  [Configuration] Reading mappings from resource: gov/nih/nci/cacoresdk/domain/other/primarykey/FloatPrimitiveKey.hbm.xml
OUT> 14:52:42,911 INFO  [HbmBinder] Mapping class: gov.nih.nci.cacoresdk.domain.other.primarykey.FloatPrimitiveKey -> FLOAT_PRIMITIVE_KEY
OUT> 14:52:42,911 INFO  [Configuration] Reading mappings from resource: gov/nih/nci/cacoresdk/domain/other/primarykey/CharacterKey.hbm.xml
OUT> 14:52:42,916 INFO  [HbmBinder] Mapping class: gov.nih.nci.cacoresdk.domain.other.primarykey.CharacterKey -> CHARACTER_KEY
OUT> 14:52:42,916 INFO  [Configuration] Reading mappings from resource: gov/nih/nci/cacoresdk/domain/other/primarykey/FloatKey.hbm.xml
OUT> 14:52:42,920 INFO  [HbmBinder] Mapping class: gov.nih.nci.cacoresdk.domain.other.primarykey.FloatKey -> FLOAT_KEY
OUT> 14:52:42,920 INFO  [Configuration] Reading mappings from resource: gov/nih/nci/cacoresdk/domain/other/primarykey/LongKey.hbm.xml
OUT> 14:52:42,925 INFO  [HbmBinder] Mapping class: gov.nih.nci.cacoresdk.domain.other.primarykey.LongKey -> LONG_KEY
OUT> 14:52:42,925 INFO  [Configuration] Reading mappings from resource: gov/nih/nci/cacoresdk/domain/other/primarykey/CharacterPrimitiveKey.hbm.xml
OUT> 14:52:42,929 INFO  [HbmBinder] Mapping class: gov.nih.nci.cacoresdk.domain.other.primarykey.CharacterPrimitiveKey -> CHARACTER_PRIMITIVE_KEY
OUT> 14:52:42,930 INFO  [Configuration] Reading mappings from resource: gov/nih/nci/cacoresdk/domain/other/primarykey/NoIdKey.hbm.xml
OUT> 14:52:42,934 INFO  [HbmBinder] Mapping class: gov.nih.nci.cacoresdk.domain.other.primarykey.NoIdKey -> NO_ID_KEY
OUT> 14:52:42,934 INFO  [Configuration] Reading mappings from resource: gov/nih/nci/cacoresdk/domain/other/primarykey/DoubleKey.hbm.xml
OUT> 14:52:42,939 INFO  [HbmBinder] Mapping class: gov.nih.nci.cacoresdk.domain.other.primarykey.DoubleKey -> DOUBLE_KEY
OUT> 14:52:42,939 INFO  [Configuration] Reading mappings from resource: gov/nih/nci/cacoresdk/domain/other/primarykey/IntegerPrimitiveKey.hbm.xml
OUT> 14:52:42,943 INFO  [HbmBinder] Mapping class: gov.nih.nci.cacoresdk.domain.other.primarykey.IntegerPrimitiveKey -> INTEGER_PRIMITIVE_KEY
OUT> 14:52:42,944 INFO  [Configuration] Reading mappings from resource: gov/nih/nci/cacoresdk/domain/other/primarykey/DoublePrimitiveKey.hbm.xml
OUT> 14:52:42,948 INFO  [HbmBinder] Mapping class: gov.nih.nci.cacoresdk.domain.other.primarykey.DoublePrimitiveKey -> DOUBLE_PRIMITIVE_KEY
OUT> 14:52:42,948 INFO  [Configuration] Reading mappings from resource: gov/nih/nci/cacoresdk/domain/other/validationtype/AllValidationType.hbm.xml
OUT> 14:52:42,954 INFO  [HbmBinder] Mapping class: gov.nih.nci.cacoresdk.domain.other.validationtype.AllValidationType -> ALL_VALIDATION_TYPE
OUT> 14:52:42,954 INFO  [Configuration] Reading mappings from resource: gov/nih/nci/cacoresdk/domain/inheritance/implicit/SaltwaterFishTank.hbm.xml
OUT> 14:52:42,960 INFO  [HbmBinder] Mapping class: gov.nih.nci.cacoresdk.domain.inheritance.implicit.SaltwaterFishTank -> SALTWATER_FISH_TANK
OUT> 14:52:42,960 INFO  [HbmBinder] Mapping collection: gov.nih.nci.cacoresdk.domain.inheritance.implicit.SaltwaterFishTank.substrateCollection -> SALTWATER_FISH_TANK_SUBSTRATE
OUT> 14:52:42,960 INFO  [Configuration] Reading mappings from resource: gov/nih/nci/cacoresdk/domain/inheritance/implicit/FreshwaterFishTank.hbm.xml
OUT> 14:52:42,968 INFO  [HbmBinder] Mapping class: gov.nih.nci.cacoresdk.domain.inheritance.implicit.FreshwaterFishTank -> FRESHWATER_FISH_TANK
OUT> 14:52:42,968 INFO  [Configuration] Configured SessionFactory: null
OUT> 14:52:44,134 INFO  [DAO] HQL Query :Select distinct (__TargetAlias__) From gov.nih.nci.cacoresdk.domain.inheritance.childwithassociation.Payment as __TargetAlias__  where __TargetAlias__.class = ?
Testing query file allSuperclass.xml
	Gold results file is gold_allSuperclass.xml
OUT> 14:52:45,452 INFO  [DAO] HQL Query :Select distinct (__TargetAlias__) From gov.nih.nci.cacoresdk.domain.inheritance.onechild.Mammal as __TargetAlias__  where __TargetAlias__.class = ?
Testing query file associationNotNull.xml
	Gold results file is gold_associationNotNull.xml
OUT> 14:52:46,997 INFO  [DAO] HQL Query :Select distinct (__TargetAlias__) From gov.nih.nci.cacoresdk.domain.onetomany.bidirectional.Computer as __TargetAlias__ where __TargetAlias__.hardDriveCollection.id is not null 
Testing query file associationWithAttributeEqual.xml
	Gold results file is gold_associationWithAttributeEqual.xml
OUT> 14:52:48,104 INFO  [DAO] HQL Query :Select distinct (__TargetAlias__) From gov.nih.nci.cacoresdk.domain.onetomany.bidirectional.Computer as __TargetAlias__ where __TargetAlias__.hardDriveCollection.id in (select __Computer_HardDrive_hardDriveCollection.id from gov.nih.nci.cacoresdk.domain.onetomany.bidirectional.HardDrive as __Computer_HardDrive_hardDriveCollection where __Computer_HardDrive_hardDriveCollection.size.value = ?) 
Testing query file associationWithGroup.xml
	Gold results file is gold_associationWithGroup.xml
OUT> 14:52:49,227 INFO  [DAO] HQL Query :Select distinct (__TargetAlias__) From gov.nih.nci.cacoresdk.domain.other.levelassociation.Suit as __TargetAlias__ where __TargetAlias__.cardCollection.id in (select __Suit_Card_cardCollection.id from gov.nih.nci.cacoresdk.domain.other.levelassociation.Card as __Suit_Card_cardCollection where (__Suit_Card_cardCollection.suit.id in (select __Card_Suit_suit.id from gov.nih.nci.cacoresdk.domain.other.levelassociation.Suit as __Card_Suit_suit where __Card_Suit_suit.name.value = ?)  AND __Suit_Card_cardCollection.name.value = ?)) 
Testing query file blNonNullValue.xml
	Gold results file is gold_blNonNullValue.xml
OUT> 14:52:49,993 INFO  [DAO] HQL Query :Select distinct (__TargetAlias__) From gov.nih.nci.cacoresdk.domain.other.datatype.BlNonNullDataType as __TargetAlias__ where __TargetAlias__.value1.value = ?
Testing query file cdDataTypeCodeNotNull.xml
	Gold results file is gold_cdDataTypeCodeNotNull.xml
OUT> 14:52:50,751 INFO  [DAO] HQL Query :Select distinct (__TargetAlias__) From gov.nih.nci.cacoresdk.domain.other.datatype.CdDataType as __TargetAlias__ where __TargetAlias__.value1.code is not null
Testing query file cdDataTypeCodeSystemAttribute.xml
	Gold results file is gold_cdDataTypeCodeSystemAttribute.xml
OUT> 14:52:52,381 INFO  [DAO] HQL Query :Select distinct (__TargetAlias__) From gov.nih.nci.cacoresdk.domain.other.datatype.ScDataType as __TargetAlias__ where __TargetAlias__.value2.code.codeSystem is not null
Testing query file countAssociationNotNull.xml
	Gold results file is gold_countAssociationNotNull.xml
OUT> 14:52:52,888 INFO  [DAO] HQL Query :select count(distinct __TargetAlias__) From gov.nih.nci.cacoresdk.domain.onetomany.bidirectional.Computer as __TargetAlias__ where __TargetAlias__.hardDriveCollection.id is not null 
Testing query file dsetCdCodeAttributeEqual.xml
	Gold results file is gold_dsetCdCodeAttributeEqual.xml
OUT> 14:52:54,289 INFO  [DAO] HQL Query :Select distinct (__TargetAlias__) From gov.nih.nci.cacoresdk.domain.other.datatype.DsetCdDataType as __TargetAlias__ join __TargetAlias__.value1.item as alias_1316803974287 where alias_1316803974287.code = ?
Testing query file dsetCdEdText.xml
	Gold results file is gold_dsetCdEdText.xml
OUT> 14:52:56,200 INFO  [DAO] HQL Query :Select distinct (__TargetAlias__) From gov.nih.nci.cacoresdk.domain.other.datatype.DsetCdDataType as __TargetAlias__ join __TargetAlias__.value4.item as alias_1316803976197 where alias_1316803976197.originalText is not null
Testing query file dsetCdEdTextValue.xml
	Gold results file is gold_dsetCdEdTextValue.xml
OUT> 14:52:58,526 INFO  [DAO] HQL Query :Select distinct (__TargetAlias__) From gov.nih.nci.cacoresdk.domain.other.datatype.DsetCdDataType as __TargetAlias__ join __TargetAlias__.value4.item as alias_1316803978524 where alias_1316803978524.originalText.value is not null
Testing query file dsetCdNullFlavor.xml
	Gold results file is gold_dsetCdNullFlavor.xml
OUT> 14:52:59,159 INFO  [DAO] HQL Query :Select distinct (__TargetAlias__) From gov.nih.nci.cacoresdk.domain.other.datatype.DsetCdDataType as __TargetAlias__ where ? = ?
Testing query file dsetTelAttributeValue.xml
	Gold results file is gold_dsetTelAttributeValue.xml
OUT> 14:53:01,665 INFO  [DAO] HQL Query :Select distinct (__TargetAlias__) From gov.nih.nci.cacoresdk.domain.other.datatype.DsetTelDataType as __TargetAlias__ join __TargetAlias__.value1.item as alias_1316803981660 where alias_1316803981660.value = ?
Testing query file groupOfAssociationsUsingAnd.xml
	Gold results file is gold_groupOfAssociationsUsingAnd.xml
OUT> 14:53:02,336 INFO  [DAO] HQL Query :Select distinct (__TargetAlias__) From gov.nih.nci.cacoresdk.domain.onetoone.multipleassociation.Child as __TargetAlias__ where (__TargetAlias__.father.id is not null  AND __TargetAlias__.mother.id is not null )
Testing query file groupOfAssociationsUsingOr.xml
	Gold results file is gold_groupOfAssociationsUsingOr.xml
OUT> 14:53:03,249 INFO  [DAO] HQL Query :Select distinct (__TargetAlias__) From gov.nih.nci.cacoresdk.domain.onetoone.multipleassociation.Child as __TargetAlias__ where (__TargetAlias__.father.id is not null  OR __TargetAlias__.mother.id is not null )
Testing query file groupOfAttributesUsingAnd.xml
	Gold results file is gold_groupOfAttributesUsingAnd.xml
OUT> 14:53:04,696 INFO  [DAO] HQL Query :Select distinct (__TargetAlias__) From gov.nih.nci.cacoresdk.domain.inheritance.onechild.Human as __TargetAlias__ where (__TargetAlias__.hairColor.value like ? AND __TargetAlias__.diet.value like ?)
Testing query file groupOfAttributesUsingOr.xml
	Gold results file is gold_groupOfAttributesUsingOr.xml
OUT> 14:53:06,064 INFO  [DAO] HQL Query :Select distinct (__TargetAlias__) From gov.nih.nci.cacoresdk.domain.inheritance.onechild.Human as __TargetAlias__ where (__TargetAlias__.hairColor.value like ? OR __TargetAlias__.diet.value like ?)
Testing query file iiRootValue.xml
	Gold results file is gold_iiRootValue.xml
OUT> 14:53:06,576 INFO  [DAO] HQL Query :Select distinct (__TargetAlias__) From gov.nih.nci.cacoresdk.domain.other.datatype.IiDataType as __TargetAlias__ where __TargetAlias__.value2.root is not null
Testing query file ivlIntAttribute.xml
	Gold results file is gold_ivlIntAttribute.xml
OUT> 14:53:08,122 INFO  [DAO] HQL Query :Select distinct (__TargetAlias__) From gov.nih.nci.cacoresdk.domain.other.datatype.IvlIntDataType as __TargetAlias__ where __TargetAlias__.value1.high.value = ?
Testing query file ivlIntLowClosed.xml
	Gold results file is gold_ivlIntLowClosed.xml
OUT> 14:53:08,535 INFO  [DAO] HQL Query :Select distinct (__TargetAlias__) From gov.nih.nci.cacoresdk.domain.other.datatype.IvlIntDataType as __TargetAlias__ where __TargetAlias__.value2.lowClosed = ?
Testing query file ivlPqWidth.xml
	Gold results file is gold_ivlPqWidth.xml
OUT> 14:53:10,086 INFO  [DAO] HQL Query :Select distinct (__TargetAlias__) From gov.nih.nci.cacoresdk.domain.other.datatype.IvlPqDataType as __TargetAlias__ where __TargetAlias__.value4.width.value = ?
Testing query file ivlTsWidthNullFlavor.xml
	Gold results file is gold_ivlTsWidthNullFlavor.xml
OUT> 14:53:11,602 INFO  [DAO] HQL Query :Select distinct (__TargetAlias__) From gov.nih.nci.cacoresdk.domain.other.datatype.IvlTsDataType as __TargetAlias__ where __TargetAlias__.value3.width.nullFlavor is not null
Testing query file nestedAssociations.xml
	Gold results file is gold_nestedAssociations.xml
OUT> 14:53:12,603 INFO  [DAO] HQL Query :Select distinct (__TargetAlias__) From gov.nih.nci.cacoresdk.domain.manytomany.bidirectional.Project as __TargetAlias__ where __TargetAlias__.employeeCollection.id in (select __Project_Employee_employeeCollection.id from gov.nih.nci.cacoresdk.domain.manytomany.bidirectional.Employee as __Project_Employee_employeeCollection where __Project_Employee_employeeCollection.projectCollection.id in (select __Employee_Project_projectCollection.id from gov.nih.nci.cacoresdk.domain.manytomany.bidirectional.Project as __Employee_Project_projectCollection where __Employee_Project_projectCollection.name.value = ?) ) 
Testing query file nestedAssociationsNoRoleNames.xml
	Gold results file is gold_nestedAssociationsNoRoleNames.xml
OUT> 14:53:13,714 INFO  [DAO] HQL Query :Select distinct (__TargetAlias__) From gov.nih.nci.cacoresdk.domain.manytomany.bidirectional.Project as __TargetAlias__ where __TargetAlias__.employeeCollection.id in (select __Project_Employee_employeeCollection.id from gov.nih.nci.cacoresdk.domain.manytomany.bidirectional.Employee as __Project_Employee_employeeCollection where __Project_Employee_employeeCollection.projectCollection.id in (select __Employee_Project_projectCollection.id from gov.nih.nci.cacoresdk.domain.manytomany.bidirectional.Project as __Employee_Project_projectCollection where __Employee_Project_projectCollection.name.value = ?) ) 
Testing query file nestedGroups.xml
	Gold results file is gold_nestedGroups.xml
OUT> 14:53:15,758 INFO  [DAO] HQL Query :Select distinct (__TargetAlias__) From gov.nih.nci.cacoresdk.domain.inheritance.childwithassociation.Credit as __TargetAlias__ where (__TargetAlias__.issuingBank.id in (select __Credit_Bank_issuingBank.id from gov.nih.nci.cacoresdk.domain.inheritance.childwithassociation.Bank as __Credit_Bank_issuingBank where __Credit_Bank_issuingBank.name.value = ?)  AND (__TargetAlias__.amount.value = ? AND __TargetAlias__.cardNumber.value = ?))
Testing query file pqUnitAttribute.xml
	Gold results file is gold_pqUnitAttribute.xml
OUT> 14:53:16,280 INFO  [DAO] HQL Query :Select distinct (__TargetAlias__) From gov.nih.nci.cacoresdk.domain.other.datatype.PqDataType as __TargetAlias__ where __TargetAlias__.value1.unit is not null
Testing query file realDataTypeValue.xml
	Gold results file is gold_realDataTypeValue.xml
OUT> 14:53:16,868 INFO  [DAO] HQL Query :Select distinct (__TargetAlias__) From gov.nih.nci.cacoresdk.domain.other.datatype.RealDataType as __TargetAlias__ where __TargetAlias__.value1.value is not null
Testing query file scDataTypeCdCodeSystemAttributeEqual.xml
	Gold results file is gold_scDataTypeCdCodeSystemAttributeEqual.xml
OUT> 14:53:18,418 INFO  [DAO] HQL Query :Select distinct (__TargetAlias__) From gov.nih.nci.cacoresdk.domain.other.datatype.ScDataType as __TargetAlias__ where __TargetAlias__.value2.code.codeSystem is not null
Testing query file undergraduateStudentWithName.xml
	Gold results file is gold_undergraduateStudentWithName.xml
OUT> 14:53:19,256 INFO  [DAO] HQL Query :Select distinct (__TargetAlias__) From gov.nih.nci.cacoresdk.domain.inheritance.multiplechild.UndergraduateStudent as __TargetAlias__ where __TargetAlias__.name.value like ?

> InvokeCql2DataServiceStep (org.cagrid.tests.data.styles.cacore44.integration.story.SDK44StyleRemoteApiStory)

Testing query file allPayments.xml
	Gold results file is gold_allPayments.xml
OUT> 14:53:20,141 INFO  [Configuration] configuring from resource: /hibernate.cfg.xml
OUT> 14:53:20,142 INFO  [Configuration] Configuration resource: /hibernate.cfg.xml
OUT> 14:53:20,145 INFO  [Configuration] Reading mappings from resource: gov/nih/nci/cacoresdk/domain/inheritance/abstrakt/Pupil.hbm.xml
OUT> 14:53:20,152 INFO  [HbmBinder] Mapping class: gov.nih.nci.cacoresdk.domain.inheritance.abstrakt.Pupil -> PUPIL
OUT> 14:53:20,153 INFO  [Configuration] Reading mappings from resource: gov/nih/nci/cacoresdk/domain/inheritance/abstrakt/Teacher.hbm.xml
OUT> 14:53:20,160 INFO  [HbmBinder] Mapping class: gov.nih.nci.cacoresdk.domain.inheritance.abstrakt.Teacher -> TEACHER
OUT> 14:53:20,161 INFO  [HbmBinder] Mapping joined-subclass: gov.nih.nci.cacoresdk.domain.inheritance.abstrakt.PrivateTeacher -> PRIVATE_TEACHER
OUT> 14:53:20,161 INFO  [Configuration] Reading mappings from resource: gov/nih/nci/cacoresdk/domain/inheritance/childwithassociation/Payment.hbm.xml
OUT> 14:53:20,169 INFO  [HbmBinder] Mapping class: gov.nih.nci.cacoresdk.domain.inheritance.childwithassociation.Payment -> PAYMENT
OUT> 14:53:20,170 INFO  [HbmBinder] Mapping joined-subclass: gov.nih.nci.cacoresdk.domain.inheritance.childwithassociation.Credit -> CREDIT
OUT> 14:53:20,170 INFO  [HbmBinder] Mapping joined-subclass: gov.nih.nci.cacoresdk.domain.inheritance.childwithassociation.Cash -> CASH
OUT> 14:53:20,170 INFO  [Configuration] Reading mappings from resource: gov/nih/nci/cacoresdk/domain/inheritance/childwithassociation/Bank.hbm.xml
OUT> 14:53:20,177 INFO  [HbmBinder] Mapping class: gov.nih.nci.cacoresdk.domain.inheritance.childwithassociation.Bank -> BANK
OUT> 14:53:20,177 INFO  [Configuration] Reading mappings from resource: gov/nih/nci/cacoresdk/domain/inheritance/childwithassociation/sametable/Shoes.hbm.xml
OUT> 14:53:20,186 INFO  [HbmBinder] Mapping class: gov.nih.nci.cacoresdk.domain.inheritance.childwithassociation.sametable.Shoes -> SHOES
OUT> 14:53:20,186 INFO  [HbmBinder] Mapping subclass: gov.nih.nci.cacoresdk.domain.inheritance.childwithassociation.sametable.SportsShoes -> SHOES
OUT> 14:53:20,186 INFO  [HbmBinder] Mapping subclass: gov.nih.nci.cacoresdk.domain.inheritance.childwithassociation.sametable.DesignerShoes -> SHOES
OUT> 14:53:20,186 INFO  [Configuration] Reading mappings from resource: gov/nih/nci/cacoresdk/domain/inheritance/childwithassociation/sametable/Designer.hbm.xml
OUT> 14:53:20,194 INFO  [HbmBinder] Mapping class: gov.nih.nci.cacoresdk.domain.inheritance.childwithassociation.sametable.Designer -> DESIGNER
OUT> 14:53:20,194 INFO  [Configuration] Reading mappings from resource: gov/nih/nci/cacoresdk/domain/inheritance/implicit/Substrate.hbm.xml
OUT> 14:53:20,201 INFO  [HbmBinder] Mapping class: gov.nih.nci.cacoresdk.domain.inheritance.implicit.Substrate -> SUBSTRATE
OUT> 14:53:20,202 INFO  [Configuration] Reading mappings from resource: gov/nih/nci/cacoresdk/domain/inheritance/implicit/TankAccessory.hbm.xml
OUT> 14:53:20,209 INFO  [HbmBinder] Mapping class: gov.nih.nci.cacoresdk.domain.inheritance.implicit.TankAccessory -> TANK_ACCESSORY
OUT> 14:53:20,210 INFO  [HbmBinder] Mapping collection: gov.nih.nci.cacoresdk.domain.inheritance.implicit.TankAccessory.tankCollection -> TANK_TANK_ACCESSORY
OUT> 14:53:20,210 INFO  [Configuration] Reading mappings from resource: gov/nih/nci/cacoresdk/domain/inheritance/implicit/Fish.hbm.xml
OUT> 14:53:20,215 INFO  [HbmBinder] Mapping class: gov.nih.nci.cacoresdk.domain.inheritance.implicit.Fish -> FISH
OUT> 14:53:20,215 INFO  [HbmBinder] Mapping subclass: gov.nih.nci.cacoresdk.domain.inheritance.implicit.DiscusFish -> FISH
OUT> 14:53:20,215 INFO  [HbmBinder] Mapping subclass: gov.nih.nci.cacoresdk.domain.inheritance.implicit.AngelFish -> FISH
OUT> 14:53:20,216 INFO  [Configuration] Reading mappings from resource: gov/nih/nci/cacoresdk/domain/inheritance/multiplechild/Student.hbm.xml
OUT> 14:53:20,221 INFO  [HbmBinder] Mapping class: gov.nih.nci.cacoresdk.domain.inheritance.multiplechild.Student -> STUDENT
OUT> 14:53:20,221 INFO  [HbmBinder] Mapping joined-subclass: gov.nih.nci.cacoresdk.domain.inheritance.multiplechild.UndergraduateStudent -> UNDERGRADUATE_STUDENT
OUT> 14:53:20,221 INFO  [HbmBinder] Mapping joined-subclass: gov.nih.nci.cacoresdk.domain.inheritance.multiplechild.GraduateStudent -> GRADUATE_STUDENT
OUT> 14:53:20,221 INFO  [Configuration] Reading mappings from resource: gov/nih/nci/cacoresdk/domain/inheritance/multiplechild/sametable/Organization.hbm.xml
OUT> 14:53:20,226 INFO  [HbmBinder] Mapping class: gov.nih.nci.cacoresdk.domain.inheritance.multiplechild.sametable.Organization -> ORGANIZATION
OUT> 14:53:20,226 INFO  [HbmBinder] Mapping subclass: gov.nih.nci.cacoresdk.domain.inheritance.multiplechild.sametable.PvtOrganization -> ORGANIZATION
OUT> 14:53:20,226 INFO  [HbmBinder] Mapping subclass: gov.nih.nci.cacoresdk.domain.inheritance.multiplechild.sametable.GovtOrganization -> ORGANIZATION
OUT> 14:53:20,227 INFO  [Configuration] Reading mappings from resource: gov/nih/nci/cacoresdk/domain/inheritance/onechild/Mammal.hbm.xml
OUT> 14:53:20,231 INFO  [HbmBinder] Mapping class: gov.nih.nci.cacoresdk.domain.inheritance.onechild.Mammal -> MAMMAL
OUT> 14:53:20,231 INFO  [HbmBinder] Mapping joined-subclass: gov.nih.nci.cacoresdk.domain.inheritance.onechild.Human -> HUMAN
OUT> 14:53:20,232 INFO  [Configuration] Reading mappings from resource: gov/nih/nci/cacoresdk/domain/inheritance/onechild/sametable/Currency.hbm.xml
OUT> 14:53:20,236 INFO  [HbmBinder] Mapping class: gov.nih.nci.cacoresdk.domain.inheritance.onechild.sametable.Currency -> CURRENCY
OUT> 14:53:20,237 INFO  [HbmBinder] Mapping subclass: gov.nih.nci.cacoresdk.domain.inheritance.onechild.sametable.Note -> CURRENCY
OUT> 14:53:20,237 INFO  [Configuration] Reading mappings from resource: gov/nih/nci/cacoresdk/domain/inheritance/parentwithassociation/Professor.hbm.xml
OUT> 14:53:20,242 INFO  [HbmBinder] Mapping class: gov.nih.nci.cacoresdk.domain.inheritance.parentwithassociation.Professor -> PROFESSOR
OUT> 14:53:20,243 INFO  [HbmBinder] Mapping joined-subclass: gov.nih.nci.cacoresdk.domain.inheritance.parentwithassociation.TenuredProfessor -> TENURED_PROFESSOR
OUT> 14:53:20,243 INFO  [HbmBinder] Mapping joined-subclass: gov.nih.nci.cacoresdk.domain.inheritance.parentwithassociation.AssistantProfessor -> ASSISTANT_PROFESSOR
OUT> 14:53:20,243 INFO  [HbmBinder] Mapping joined-subclass: gov.nih.nci.cacoresdk.domain.inheritance.parentwithassociation.AssociateProfessor -> ASSOCIATE_PROFESSOR
OUT> 14:53:20,243 INFO  [Configuration] Reading mappings from resource: gov/nih/nci/cacoresdk/domain/inheritance/parentwithassociation/Assistant.hbm.xml
OUT> 14:53:20,249 INFO  [HbmBinder] Mapping class: gov.nih.nci.cacoresdk.domain.inheritance.parentwithassociation.Assistant -> ASSISTANT
OUT> 14:53:20,249 INFO  [Configuration] Reading mappings from resource: gov/nih/nci/cacoresdk/domain/inheritance/parentwithassociation/sametable/Luggage.hbm.xml
OUT> 14:53:20,254 INFO  [HbmBinder] Mapping class: gov.nih.nci.cacoresdk.domain.inheritance.parentwithassociation.sametable.Luggage -> LUGGAGE
OUT> 14:53:20,255 INFO  [HbmBinder] Mapping subclass: gov.nih.nci.cacoresdk.domain.inheritance.parentwithassociation.sametable.HardTop -> LUGGAGE
OUT> 14:53:20,255 INFO  [HbmBinder] Mapping subclass: gov.nih.nci.cacoresdk.domain.inheritance.parentwithassociation.sametable.HardTopType -> LUGGAGE
OUT> 14:53:20,255 INFO  [HbmBinder] Mapping subclass: gov.nih.nci.cacoresdk.domain.inheritance.parentwithassociation.sametable.SoftTop -> LUGGAGE
OUT> 14:53:20,255 INFO  [Configuration] Reading mappings from resource: gov/nih/nci/cacoresdk/domain/inheritance/parentwithassociation/sametable/Wheel.hbm.xml
OUT> 14:53:20,268 INFO  [HbmBinder] Mapping class: gov.nih.nci.cacoresdk.domain.inheritance.parentwithassociation.sametable.Wheel -> WHEEL
OUT> 14:53:20,268 INFO  [Configuration] Reading mappings from resource: gov/nih/nci/cacoresdk/domain/inheritance/twolevelinheritance/Display.hbm.xml
OUT> 14:53:20,275 INFO  [HbmBinder] Mapping class: gov.nih.nci.cacoresdk.domain.inheritance.twolevelinheritance.Display -> DISPLAY
OUT> 14:53:20,275 INFO  [HbmBinder] Mapping joined-subclass: gov.nih.nci.cacoresdk.domain.inheritance.twolevelinheritance.Monitor -> MONITOR
OUT> 14:53:20,275 INFO  [HbmBinder] Mapping joined-subclass: gov.nih.nci.cacoresdk.domain.inheritance.twolevelinheritance.CRTMonitor -> CRT_MONITOR
OUT> 14:53:20,275 INFO  [HbmBinder] Mapping joined-subclass: gov.nih.nci.cacoresdk.domain.inheritance.twolevelinheritance.LCDMonitor -> LCD_MONITOR
OUT> 14:53:20,276 INFO  [Configuration] Reading mappings from resource: gov/nih/nci/cacoresdk/domain/inheritance/twolevelinheritance/sametable/Goverment.hbm.xml
OUT> 14:53:20,281 INFO  [HbmBinder] Mapping class: gov.nih.nci.cacoresdk.domain.inheritance.twolevelinheritance.sametable.Goverment -> GOVERMENT
OUT> 14:53:20,281 INFO  [HbmBinder] Mapping subclass: gov.nih.nci.cacoresdk.domain.inheritance.twolevelinheritance.sametable.DemocraticGovt -> GOVERMENT
OUT> 14:53:20,281 INFO  [HbmBinder] Mapping subclass: gov.nih.nci.cacoresdk.domain.inheritance.twolevelinheritance.sametable.ParliamantaryGovt -> GOVERMENT
OUT> 14:53:20,281 INFO  [HbmBinder] Mapping subclass: gov.nih.nci.cacoresdk.domain.inheritance.twolevelinheritance.sametable.PresidentialGovt -> GOVERMENT
OUT> 14:53:20,281 INFO  [HbmBinder] Mapping subclass: gov.nih.nci.cacoresdk.domain.inheritance.twolevelinheritance.sametable.CommunistGovt -> GOVERMENT
OUT> 14:53:20,281 INFO  [Configuration] Reading mappings from resource: gov/nih/nci/cacoresdk/domain/inheritance/twolevelinheritance/sametablerootlevel/Calculator.hbm.xml
OUT> 14:53:20,287 INFO  [HbmBinder] Mapping class: gov.nih.nci.cacoresdk.domain.inheritance.twolevelinheritance.sametablerootlevel.Calculator -> CALCULATOR
OUT> 14:53:20,287 INFO  [HbmBinder] Mapping subclass: gov.nih.nci.cacoresdk.domain.inheritance.twolevelinheritance.sametablerootlevel.ScientificCalculator -> CALCULATOR
OUT> 14:53:20,287 INFO  [HbmBinder] Mapping subclass: gov.nih.nci.cacoresdk.domain.inheritance.twolevelinheritance.sametablerootlevel.GraphicCalculator -> CALCULATOR
OUT> 14:53:20,288 INFO  [HbmBinder] Mapping class join: gov.nih.nci.cacoresdk.domain.inheritance.twolevelinheritance.sametablerootlevel.GraphicCalculator -> GRAPHIC_CALCULATOR
OUT> 14:53:20,288 INFO  [HbmBinder] Mapping subclass: gov.nih.nci.cacoresdk.domain.inheritance.twolevelinheritance.sametablerootlevel.FinancialCalculator -> CALCULATOR
OUT> 14:53:20,288 INFO  [Configuration] Reading mappings from resource: gov/nih/nci/cacoresdk/domain/interfaze/Dog.hbm.xml
OUT> 14:53:20,293 INFO  [HbmBinder] Mapping class: gov.nih.nci.cacoresdk.domain.interfaze.Dog -> DOG
OUT> 14:53:20,294 INFO  [Configuration] Reading mappings from resource: gov/nih/nci/cacoresdk/domain/manytomany/bidirectional/Project.hbm.xml
OUT> 14:53:20,298 INFO  [HbmBinder] Mapping class: gov.nih.nci.cacoresdk.domain.manytomany.bidirectional.Project -> PROJECT
OUT> 14:53:20,298 INFO  [HbmBinder] Mapping collection: gov.nih.nci.cacoresdk.domain.manytomany.bidirectional.Project.employeeCollection -> EMPLOYEE_PROJECT
OUT> 14:53:20,298 INFO  [Configuration] Reading mappings from resource: gov/nih/nci/cacoresdk/domain/manytomany/bidirectional/Employee.hbm.xml
OUT> 14:53:20,303 INFO  [HbmBinder] Mapping class: gov.nih.nci.cacoresdk.domain.manytomany.bidirectional.Employee -> EMPLOYEE
OUT> 14:53:20,303 INFO  [HbmBinder] Mapping collection: gov.nih.nci.cacoresdk.domain.manytomany.bidirectional.Employee.projectCollection -> EMPLOYEE_PROJECT
OUT> 14:53:20,303 INFO  [Configuration] Reading mappings from resource: gov/nih/nci/cacoresdk/domain/manytomany/unidirectional/Book.hbm.xml
OUT> 14:53:20,307 INFO  [HbmBinder] Mapping class: gov.nih.nci.cacoresdk.domain.manytomany.unidirectional.Book -> BOOK
OUT> 14:53:20,308 INFO  [HbmBinder] Mapping collection: gov.nih.nci.cacoresdk.domain.manytomany.unidirectional.Book.authorCollection -> AUTHOR_BOOK
OUT> 14:53:20,308 INFO  [Configuration] Reading mappings from resource: gov/nih/nci/cacoresdk/domain/manytomany/unidirectional/Author.hbm.xml
OUT> 14:53:20,312 INFO  [HbmBinder] Mapping class: gov.nih.nci.cacoresdk.domain.manytomany.unidirectional.Author -> AUTHOR
OUT> 14:53:20,312 INFO  [Configuration] Reading mappings from resource: gov/nih/nci/cacoresdk/domain/manytoone/unidirectional/Chef.hbm.xml
OUT> 14:53:20,316 INFO  [HbmBinder] Mapping class: gov.nih.nci.cacoresdk.domain.manytoone.unidirectional.Chef -> CHEF
OUT> 14:53:20,316 INFO  [Configuration] Reading mappings from resource: gov/nih/nci/cacoresdk/domain/manytoone/unidirectional/Restaurant.hbm.xml
OUT> 14:53:20,320 INFO  [HbmBinder] Mapping class: gov.nih.nci.cacoresdk.domain.manytoone.unidirectional.Restaurant -> RESTAURANT
OUT> 14:53:20,320 INFO  [Configuration] Reading mappings from resource: gov/nih/nci/cacoresdk/domain/manytoone/unidirectional/withjoin/Album.hbm.xml
OUT> 14:53:20,324 INFO  [HbmBinder] Mapping class: gov.nih.nci.cacoresdk.domain.manytoone.unidirectional.withjoin.Album -> ALBUM
OUT> 14:53:20,324 INFO  [Configuration] Reading mappings from resource: gov/nih/nci/cacoresdk/domain/manytoone/unidirectional/withjoin/Song.hbm.xml
OUT> 14:53:20,328 INFO  [HbmBinder] Mapping class: gov.nih.nci.cacoresdk.domain.manytoone.unidirectional.withjoin.Song -> SONG
OUT> 14:53:20,328 INFO  [HbmBinder] Mapping class join: gov.nih.nci.cacoresdk.domain.manytoone.unidirectional.withjoin.Song -> ALBUM_SONG
OUT> 14:53:20,328 INFO  [Configuration] Reading mappings from resource: gov/nih/nci/cacoresdk/domain/onetomany/bidirectional/HardDrive.hbm.xml
OUT> 14:53:20,332 INFO  [HbmBinder] Mapping class: gov.nih.nci.cacoresdk.domain.onetomany.bidirectional.HardDrive -> HARD_DRIVE
OUT> 14:53:20,332 INFO  [Configuration] Reading mappings from resource: gov/nih/nci/cacoresdk/domain/onetomany/bidirectional/Computer.hbm.xml
OUT> 14:53:20,337 INFO  [HbmBinder] Mapping class: gov.nih.nci.cacoresdk.domain.onetomany.bidirectional.Computer -> COMPUTER
OUT> 14:53:20,337 INFO  [Configuration] Reading mappings from resource: gov/nih/nci/cacoresdk/domain/onetomany/bidirectional/withjoin/Passanger.hbm.xml
OUT> 14:53:20,341 INFO  [HbmBinder] Mapping class: gov.nih.nci.cacoresdk.domain.onetomany.bidirectional.withjoin.Passanger -> PASSANGER
OUT> 14:53:20,341 INFO  [HbmBinder] Mapping class join: gov.nih.nci.cacoresdk.domain.onetomany.bidirectional.withjoin.Passanger -> FLIGHT_PASSANGER
OUT> 14:53:20,341 INFO  [Configuration] Reading mappings from resource: gov/nih/nci/cacoresdk/domain/onetomany/bidirectional/withjoin/Flight.hbm.xml
OUT> 14:53:20,345 INFO  [HbmBinder] Mapping class: gov.nih.nci.cacoresdk.domain.onetomany.bidirectional.withjoin.Flight -> FLIGHT
OUT> 14:53:20,346 INFO  [HbmBinder] Mapping collection: gov.nih.nci.cacoresdk.domain.onetomany.bidirectional.withjoin.Flight.passangerCollection -> FLIGHT_PASSANGER
OUT> 14:53:20,346 INFO  [Configuration] Reading mappings from resource: gov/nih/nci/cacoresdk/domain/onetomany/selfassociation/Element.hbm.xml
OUT> 14:53:20,350 INFO  [HbmBinder] Mapping class: gov.nih.nci.cacoresdk.domain.onetomany.selfassociation.Element -> ELEMENT
OUT> 14:53:20,351 INFO  [Configuration] Reading mappings from resource: gov/nih/nci/cacoresdk/domain/onetomany/unidirectional/LatchKey.hbm.xml
OUT> 14:53:20,355 INFO  [HbmBinder] Mapping class: gov.nih.nci.cacoresdk.domain.onetomany.unidirectional.LatchKey -> LATCH_KEY
OUT> 14:53:20,355 INFO  [Configuration] Reading mappings from resource: gov/nih/nci/cacoresdk/domain/onetomany/unidirectional/KeyChain.hbm.xml
OUT> 14:53:20,358 INFO  [HbmBinder] Mapping class: gov.nih.nci.cacoresdk.domain.onetomany.unidirectional.KeyChain -> KEYCHAIN
OUT> 14:53:20,359 INFO  [Configuration] Reading mappings from resource: gov/nih/nci/cacoresdk/domain/onetomany/unidirectional/withjoin/Shirt.hbm.xml
OUT> 14:53:20,362 INFO  [HbmBinder] Mapping class: gov.nih.nci.cacoresdk.domain.onetomany.unidirectional.withjoin.Shirt -> SHIRT
OUT> 14:53:20,362 INFO  [HbmBinder] Mapping collection: gov.nih.nci.cacoresdk.domain.onetomany.unidirectional.withjoin.Shirt.buttonCollection -> SHIRT_BUTTON
OUT> 14:53:20,362 INFO  [Configuration] Reading mappings from resource: gov/nih/nci/cacoresdk/domain/onetomany/unidirectional/withjoin/Button.hbm.xml
OUT> 14:53:20,366 INFO  [HbmBinder] Mapping class: gov.nih.nci.cacoresdk.domain.onetomany.unidirectional.withjoin.Button -> BUTTON
OUT> 14:53:20,366 INFO  [Configuration] Reading mappings from resource: gov/nih/nci/cacoresdk/domain/onetoone/bidirectional/OrderLine.hbm.xml
OUT> 14:53:20,369 INFO  [HbmBinder] Mapping class: gov.nih.nci.cacoresdk.domain.onetoone.bidirectional.OrderLine -> ORDERLINE
OUT> 14:53:20,369 INFO  [Configuration] Reading mappings from resource: gov/nih/nci/cacoresdk/domain/onetoone/bidirectional/Product.hbm.xml
OUT> 14:53:20,373 INFO  [HbmBinder] Mapping class: gov.nih.nci.cacoresdk.domain.onetoone.bidirectional.Product -> PRODUCT
OUT> 14:53:20,373 INFO  [Configuration] Reading mappings from resource: gov/nih/nci/cacoresdk/domain/onetoone/bidirectional/withjoin/Chain.hbm.xml
OUT> 14:53:20,377 INFO  [HbmBinder] Mapping class: gov.nih.nci.cacoresdk.domain.onetoone.bidirectional.withjoin.Chain -> CHAIN
OUT> 14:53:20,377 INFO  [HbmBinder] Mapping class join: gov.nih.nci.cacoresdk.domain.onetoone.bidirectional.withjoin.Chain -> CHAIN_PENDANT
OUT> 14:53:20,377 INFO  [Configuration] Reading mappings from resource: gov/nih/nci/cacoresdk/domain/onetoone/bidirectional/withjoin/Pendant.hbm.xml
OUT> 14:53:20,381 INFO  [HbmBinder] Mapping class: gov.nih.nci.cacoresdk.domain.onetoone.bidirectional.withjoin.Pendant -> PENDANT
OUT> 14:53:20,381 INFO  [HbmBinder] Mapping class join: gov.nih.nci.cacoresdk.domain.onetoone.bidirectional.withjoin.Pendant -> CHAIN_PENDANT
OUT> 14:53:20,381 INFO  [Configuration] Reading mappings from resource: gov/nih/nci/cacoresdk/domain/onetoone/multipleassociation/Parent.hbm.xml
OUT> 14:53:20,387 INFO  [HbmBinder] Mapping class: gov.nih.nci.cacoresdk.domain.onetoone.multipleassociation.Parent -> PARENT
OUT> 14:53:20,387 INFO  [Configuration] Reading mappings from resource: gov/nih/nci/cacoresdk/domain/onetoone/multipleassociation/Child.hbm.xml
OUT> 14:53:20,390 INFO  [HbmBinder] Mapping class: gov.nih.nci.cacoresdk.domain.onetoone.multipleassociation.Child -> CHILD
OUT> 14:53:20,391 INFO  [Configuration] Reading mappings from resource: gov/nih/nci/cacoresdk/domain/onetoone/multipleassociation/withjoin/InLaw.hbm.xml
OUT> 14:53:20,394 INFO  [HbmBinder] Mapping class: gov.nih.nci.cacoresdk.domain.onetoone.multipleassociation.withjoin.InLaw -> IN_LAW
OUT> 14:53:20,394 INFO  [Configuration] Reading mappings from resource: gov/nih/nci/cacoresdk/domain/onetoone/multipleassociation/withjoin/Bride.hbm.xml
OUT> 14:53:20,398 INFO  [HbmBinder] Mapping class: gov.nih.nci.cacoresdk.domain.onetoone.multipleassociation.withjoin.Bride -> BRIDE
OUT> 14:53:20,398 INFO  [HbmBinder] Mapping class join: gov.nih.nci.cacoresdk.domain.onetoone.multipleassociation.withjoin.Bride -> BRIDE_FATHER_IN_LAW
OUT> 14:53:20,398 INFO  [HbmBinder] Mapping class join: gov.nih.nci.cacoresdk.domain.onetoone.multipleassociation.withjoin.Bride -> BRIDE_MOTHER_IN_LAW
OUT> 14:53:20,398 INFO  [Configuration] Reading mappings from resource: gov/nih/nci/cacoresdk/domain/onetoone/unidirectional/Person.hbm.xml
OUT> 14:53:20,402 INFO  [HbmBinder] Mapping class: gov.nih.nci.cacoresdk.domain.onetoone.unidirectional.Person -> PERSON
OUT> 14:53:20,402 INFO  [Configuration] Reading mappings from resource: gov/nih/nci/cacoresdk/domain/onetoone/unidirectional/Address.hbm.xml
OUT> 14:53:20,405 INFO  [HbmBinder] Mapping class: gov.nih.nci.cacoresdk.domain.onetoone.unidirectional.Address -> ADDRESS
OUT> 14:53:20,406 INFO  [Configuration] Reading mappings from resource: gov/nih/nci/cacoresdk/domain/onetoone/unidirectional/withjoin/Handle.hbm.xml
OUT> 14:53:20,409 INFO  [HbmBinder] Mapping class: gov.nih.nci.cacoresdk.domain.onetoone.unidirectional.withjoin.Handle -> HANDLE
OUT> 14:53:20,409 INFO  [Configuration] Reading mappings from resource: gov/nih/nci/cacoresdk/domain/onetoone/unidirectional/withjoin/Bag.hbm.xml
OUT> 14:53:20,412 INFO  [HbmBinder] Mapping class: gov.nih.nci.cacoresdk.domain.onetoone.unidirectional.withjoin.Bag -> BAG
OUT> 14:53:20,413 INFO  [HbmBinder] Mapping class join: gov.nih.nci.cacoresdk.domain.onetoone.unidirectional.withjoin.Bag -> BAG_HANDLE
OUT> 14:53:20,413 INFO  [Configuration] Reading mappings from resource: gov/nih/nci/cacoresdk/domain/other/datatype/DsetCdDataType.hbm.xml
OUT> 14:53:20,417 INFO  [HbmBinder] Mapping class: gov.nih.nci.cacoresdk.domain.other.datatype.DsetCdDataType -> DSET_CD
OUT> 14:53:20,418 INFO  [HbmBinder] Mapping collection: gov.nih.nci.cacoresdk.domain.other.datatype.DsetCdDataType.value1.item -> DSET_CD_VALUE1
OUT> 14:53:20,418 INFO  [HbmBinder] Mapping collection: gov.nih.nci.cacoresdk.domain.other.datatype.DsetCdDataType.value2.item -> DSET_CD_VALUE2
OUT> 14:53:20,418 INFO  [HbmBinder] Mapping collection: gov.nih.nci.cacoresdk.domain.other.datatype.DsetCdDataType.value3.item -> DSET_CD_VALUE3
OUT> 14:53:20,418 INFO  [HbmBinder] Mapping collection: gov.nih.nci.cacoresdk.domain.other.datatype.DsetCdDataType.value4.item -> DSET_CD_VALUE4
OUT> 14:53:20,418 INFO  [HbmBinder] Mapping collection: gov.nih.nci.cacoresdk.domain.other.datatype.DsetCdDataType.value5.item -> DSET_CD_VALUE5
OUT> 14:53:20,418 INFO  [HbmBinder] Mapping collection: gov.nih.nci.cacoresdk.domain.other.datatype.DsetCdDataType.value7.item -> DSET_CD_CD_VALUE7
OUT> 14:53:20,418 INFO  [HbmBinder] Mapping class: _xxEntityxx_gov_nih_nci_cacoresdk_domain_other_datatype_DsetCdDataType_value6 -> DSET_CD_VALUE6
OUT> 14:53:20,418 INFO  [HbmBinder] Mapping class: _xxEntityxx_gov_nih_nci_cacoresdk_domain_other_datatype_DsetCdDataType_value7 -> DSET_CD_VALUE7
OUT> 14:53:20,418 INFO  [Configuration] Reading mappings from resource: gov/nih/nci/cacoresdk/domain/other/datatype/EnDataType.hbm.xml
OUT> 14:53:20,424 INFO  [HbmBinder] Mapping class: gov.nih.nci.cacoresdk.domain.other.datatype.EnDataType -> EN_DATATYPE
OUT> 14:53:20,426 INFO  [Configuration] Reading mappings from resource: gov/nih/nci/cacoresdk/domain/other/datatype/BlNonNullDataType.hbm.xml
OUT> 14:53:20,430 INFO  [HbmBinder] Mapping class: gov.nih.nci.cacoresdk.domain.other.datatype.BlNonNullDataType -> BL_NONNULL_DATATYPE
OUT> 14:53:20,430 INFO  [Configuration] Reading mappings from resource: gov/nih/nci/cacoresdk/domain/other/datatype/TelEmailDataType.hbm.xml
OUT> 14:53:20,434 INFO  [HbmBinder] Mapping class: gov.nih.nci.cacoresdk.domain.other.datatype.TelEmailDataType -> TEL_EMAIL_DATATYPE
OUT> 14:53:20,434 INFO  [Configuration] Reading mappings from resource: gov/nih/nci/cacoresdk/domain/other/datatype/PqDataType.hbm.xml
OUT> 14:53:20,437 INFO  [HbmBinder] Mapping class: gov.nih.nci.cacoresdk.domain.other.datatype.PqDataType -> PQ_DATATYPE
OUT> 14:53:20,438 INFO  [Configuration] Reading mappings from resource: gov/nih/nci/cacoresdk/domain/other/datatype/EnOnDataType.hbm.xml
OUT> 14:53:20,441 INFO  [HbmBinder] Mapping class: gov.nih.nci.cacoresdk.domain.other.datatype.EnOnDataType -> EN_ON_DATATYPE
OUT> 14:53:20,441 INFO  [Configuration] Reading mappings from resource: gov/nih/nci/cacoresdk/domain/other/datatype/IvlIntDataType.hbm.xml
OUT> 14:53:20,445 INFO  [HbmBinder] Mapping class: gov.nih.nci.cacoresdk.domain.other.datatype.IvlIntDataType -> IVL_INT
OUT> 14:53:20,445 INFO  [Configuration] Reading mappings from resource: gov/nih/nci/cacoresdk/domain/other/datatype/IvlTsDataType.hbm.xml
OUT> 14:53:20,449 INFO  [HbmBinder] Mapping class: gov.nih.nci.cacoresdk.domain.other.datatype.IvlTsDataType -> IVL_TS
OUT> 14:53:20,449 INFO  [Configuration] Reading mappings from resource: gov/nih/nci/cacoresdk/domain/other/datatype/TelPhoneDataType.hbm.xml
OUT> 14:53:20,453 INFO  [HbmBinder] Mapping class: gov.nih.nci.cacoresdk.domain.other.datatype.TelPhoneDataType -> TEL_PHONE_DATATYPE
OUT> 14:53:20,454 INFO  [Configuration] Reading mappings from resource: gov/nih/nci/cacoresdk/domain/other/datatype/AllDataType.hbm.xml
OUT> 14:53:20,458 INFO  [HbmBinder] Mapping class: gov.nih.nci.cacoresdk.domain.other.datatype.AllDataType -> ALL_DATA_TYPE
OUT> 14:53:20,458 INFO  [HbmBinder] Mapping collection: gov.nih.nci.cacoresdk.domain.other.datatype.AllDataType.stringCollection -> ALL_DATA_TYPE_STRING_COLL
OUT> 14:53:20,459 INFO  [Configuration] Reading mappings from resource: gov/nih/nci/cacoresdk/domain/other/datatype/IntDataType.hbm.xml
OUT> 14:53:20,464 INFO  [HbmBinder] Mapping class: gov.nih.nci.cacoresdk.domain.other.datatype.IntDataType -> INT_DATATYPE
OUT> 14:53:20,465 INFO  [Configuration] Reading mappings from resource: gov/nih/nci/cacoresdk/domain/other/datatype/DsetTelDataType.hbm.xml
OUT> 14:53:20,471 INFO  [HbmBinder] Mapping class: gov.nih.nci.cacoresdk.domain.other.datatype.DsetTelDataType -> DSET_TEL
OUT> 14:53:20,471 INFO  [HbmBinder] Mapping collection: gov.nih.nci.cacoresdk.domain.other.datatype.DsetTelDataType.value1.item -> DSET_TEL_VALUE1
OUT> 14:53:20,471 INFO  [HbmBinder] Mapping collection: gov.nih.nci.cacoresdk.domain.other.datatype.DsetTelDataType.value3.item -> DSET_TEL_TEL_VALUE_3
OUT> 14:53:20,471 INFO  [HbmBinder] Mapping class: _xxEntityxx_gov_nih_nci_cacoresdk_domain_other_datatype_DsetTelDataType_value2 -> DSET_TEL_VALUE2
OUT> 14:53:20,471 INFO  [HbmBinder] Mapping class: _xxEntityxx_gov_nih_nci_cacoresdk_domain_other_datatype_DsetTelDataType_value3 -> DSET_TEL_VALUE3
OUT> 14:53:20,472 INFO  [Configuration] Reading mappings from resource: gov/nih/nci/cacoresdk/domain/other/datatype/TelPersonDataType.hbm.xml
OUT> 14:53:20,476 INFO  [HbmBinder] Mapping class: gov.nih.nci.cacoresdk.domain.other.datatype.TelPersonDataType -> TEL_PERSON_DATATYPE
OUT> 14:53:20,477 INFO  [Configuration] Reading mappings from resource: gov/nih/nci/cacoresdk/domain/other/datatype/IiDataType.hbm.xml
OUT> 14:53:20,482 INFO  [HbmBinder] Mapping class: gov.nih.nci.cacoresdk.domain.other.datatype.IiDataType -> II_DATATYPE
OUT> 14:53:20,483 INFO  [Configuration] Reading mappings from resource: gov/nih/nci/cacoresdk/domain/other/datatype/IvlRealDataType.hbm.xml
OUT> 14:53:20,488 INFO  [HbmBinder] Mapping class: gov.nih.nci.cacoresdk.domain.other.datatype.IvlRealDataType -> IVL_REAL
OUT> 14:53:20,489 INFO  [Configuration] Reading mappings from resource: gov/nih/nci/cacoresdk/domain/other/datatype/DsetAdDataType.hbm.xml
OUT> 14:53:20,500 INFO  [HbmBinder] Mapping class: gov.nih.nci.cacoresdk.domain.other.datatype.DsetAdDataType -> DSET_AD_DATATYPE
OUT> 14:53:20,500 INFO  [HbmBinder] Mapping collection: gov.nih.nci.cacoresdk.domain.other.datatype.DsetAdDataType.value1.item -> DSET_AD_VALUE1
OUT> 14:53:20,500 INFO  [HbmBinder] Mapping collection: gov.nih.nci.cacoresdk.domain.other.datatype.DsetAdDataType.value2.item -> DSET_AD_VALUE2
OUT> 14:53:20,500 INFO  [HbmBinder] Mapping collection: gov.nih.nci.cacoresdk.domain.other.datatype.DsetAdDataType.value3.item -> DSET_AD_VALUE3
OUT> 14:53:20,500 INFO  [HbmBinder] Mapping collection: gov.nih.nci.cacoresdk.domain.other.datatype.DsetAdDataType.value4.item -> DSET_AD_VALUE4
OUT> 14:53:20,500 INFO  [HbmBinder] Mapping collection: gov.nih.nci.cacoresdk.domain.other.datatype.DsetAdDataType.value5.item -> DSET_AD_VALUE5
OUT> 14:53:20,500 INFO  [HbmBinder] Mapping collection: gov.nih.nci.cacoresdk.domain.other.datatype.DsetAdDataType.value6.item -> DSET_AD_VALUE6
OUT> 14:53:20,500 INFO  [HbmBinder] Mapping collection: gov.nih.nci.cacoresdk.domain.other.datatype.DsetAdDataType.value8.item -> DSET_AD_DSET_AD_VALUE8
OUT> 14:53:20,500 INFO  [HbmBinder] Mapping class: _xxEntityxx_gov_nih_nci_cacoresdk_domain_other_datatype_DsetAdDataType_value7 -> DSET_AD_VALUE7
OUT> 14:53:20,501 INFO  [HbmBinder] Mapping class: _xxEntityxx_gov_nih_nci_cacoresdk_domain_other_datatype_DsetAdDataType_value8 -> DSET_AD_VALUE8
OUT> 14:53:20,510 INFO  [Configuration] Reading mappings from resource: gov/nih/nci/cacoresdk/domain/other/datatype/IvlPqDataType.hbm.xml
OUT> 14:53:20,514 INFO  [HbmBinder] Mapping class: gov.nih.nci.cacoresdk.domain.other.datatype.IvlPqDataType -> IVL_PQ
OUT> 14:53:20,515 INFO  [Configuration] Reading mappings from resource: gov/nih/nci/cacoresdk/domain/other/datatype/EnPnDataType.hbm.xml
OUT> 14:53:20,519 INFO  [HbmBinder] Mapping class: gov.nih.nci.cacoresdk.domain.other.datatype.EnPnDataType -> EN_PN_DATATYPE
OUT> 14:53:20,519 INFO  [Configuration] Reading mappings from resource: gov/nih/nci/cacoresdk/domain/other/datatype/RealDataType.hbm.xml
OUT> 14:53:20,522 INFO  [HbmBinder] Mapping class: gov.nih.nci.cacoresdk.domain.other.datatype.RealDataType -> REAL_DATATYPE
OUT> 14:53:20,522 INFO  [Configuration] Reading mappings from resource: gov/nih/nci/cacoresdk/domain/other/datatype/EdDataType.hbm.xml
OUT> 14:53:20,526 INFO  [HbmBinder] Mapping class: gov.nih.nci.cacoresdk.domain.other.datatype.EdDataType -> ED_DATATYPE
OUT> 14:53:20,526 INFO  [Configuration] Reading mappings from resource: gov/nih/nci/cacoresdk/domain/other/datatype/TsDataType.hbm.xml
OUT> 14:53:20,530 INFO  [HbmBinder] Mapping class: gov.nih.nci.cacoresdk.domain.other.datatype.TsDataType -> TS_DATATYPE
OUT> 14:53:20,530 INFO  [Configuration] Reading mappings from resource: gov/nih/nci/cacoresdk/domain/other/datatype/AdDataType.hbm.xml
OUT> 14:53:20,537 INFO  [HbmBinder] Mapping class: gov.nih.nci.cacoresdk.domain.other.datatype.AdDataType -> AD_DATATYPE
OUT> 14:53:20,539 INFO  [HbmBinder] Mapping class join: gov.nih.nci.cacoresdk.domain.other.datatype.AdDataType -> AD_DATATYPE_VALUE7
OUT> 14:53:20,539 INFO  [HbmBinder] Mapping class join: gov.nih.nci.cacoresdk.domain.other.datatype.AdDataType -> AD_AD_DATATYPE_VALUE9
OUT> 14:53:20,539 INFO  [HbmBinder] Mapping class: _xxEntityxx_gov_nih_nci_cacoresdk_domain_other_datatype_AdDataType_value8 -> AD_DATATYPE_VALUE8
OUT> 14:53:20,539 INFO  [HbmBinder] Mapping class: _xxEntityxx_gov_nih_nci_cacoresdk_domain_other_datatype_AdDataType_value9 -> AD_DATATYPE_VALUE9
OUT> 14:53:20,540 INFO  [Configuration] Reading mappings from resource: gov/nih/nci/cacoresdk/domain/other/datatype/ScDataType.hbm.xml
OUT> 14:53:20,543 INFO  [HbmBinder] Mapping class: gov.nih.nci.cacoresdk.domain.other.datatype.ScDataType -> SC_DATATYPE
OUT> 14:53:20,544 INFO  [Configuration] Reading mappings from resource: gov/nih/nci/cacoresdk/domain/other/datatype/StNtDataType.hbm.xml
OUT> 14:53:20,548 INFO  [HbmBinder] Mapping class: gov.nih.nci.cacoresdk.domain.other.datatype.StNtDataType -> ST_NT_DATATYPE
OUT> 14:53:20,548 INFO  [Configuration] Reading mappings from resource: gov/nih/nci/cacoresdk/domain/other/datatype/StDataType.hbm.xml
OUT> 14:53:20,551 INFO  [HbmBinder] Mapping class: gov.nih.nci.cacoresdk.domain.other.datatype.StDataType -> ST_DATATYPE
OUT> 14:53:20,552 INFO  [Configuration] Reading mappings from resource: gov/nih/nci/cacoresdk/domain/other/datatype/DsetIiDataType.hbm.xml
OUT> 14:53:20,556 INFO  [HbmBinder] Mapping class: gov.nih.nci.cacoresdk.domain.other.datatype.DsetIiDataType -> DSET_II
OUT> 14:53:20,556 INFO  [HbmBinder] Mapping collection: gov.nih.nci.cacoresdk.domain.other.datatype.DsetIiDataType.value1.item -> DSET_II_VALUE1
OUT> 14:53:20,556 INFO  [HbmBinder] Mapping collection: gov.nih.nci.cacoresdk.domain.other.datatype.DsetIiDataType.value2.item -> DSET_II_VALUE2
OUT> 14:53:20,556 INFO  [HbmBinder] Mapping collection: gov.nih.nci.cacoresdk.domain.other.datatype.DsetIiDataType.value3.item -> DSET_II_VALUE3
OUT> 14:53:20,556 INFO  [HbmBinder] Mapping collection: gov.nih.nci.cacoresdk.domain.other.datatype.DsetIiDataType.value4.item -> DSET_II_VALUE4
OUT> 14:53:20,557 INFO  [HbmBinder] Mapping collection: gov.nih.nci.cacoresdk.domain.other.datatype.DsetIiDataType.value6.item -> DSET_II_II_VALUE6
OUT> 14:53:20,557 INFO  [HbmBinder] Mapping class: _xxEntityxx_gov_nih_nci_cacoresdk_domain_other_datatype_DsetIiDataType_value5 -> DSET_II_VALUE5
OUT> 14:53:20,557 INFO  [HbmBinder] Mapping class: _xxEntityxx_gov_nih_nci_cacoresdk_domain_other_datatype_DsetIiDataType_value6 -> DSET_II_VALUE6
OUT> 14:53:20,557 INFO  [Configuration] Reading mappings from resource: gov/nih/nci/cacoresdk/domain/other/datatype/EdTextDataType.hbm.xml
OUT> 14:53:20,560 INFO  [HbmBinder] Mapping class: gov.nih.nci.cacoresdk.domain.other.datatype.EdTextDataType -> ED_TEXT_DATATYPE
OUT> 14:53:20,561 INFO  [Configuration] Reading mappings from resource: gov/nih/nci/cacoresdk/domain/other/datatype/CdDataType.hbm.xml
OUT> 14:53:20,566 INFO  [HbmBinder] Mapping class: gov.nih.nci.cacoresdk.domain.other.datatype.CdDataType -> CD_DATATYPE
OUT> 14:53:20,567 INFO  [HbmBinder] Mapping class join: gov.nih.nci.cacoresdk.domain.other.datatype.CdDataType -> CD_DATATYPE_VALUE6
OUT> 14:53:20,567 INFO  [HbmBinder] Mapping class join: gov.nih.nci.cacoresdk.domain.other.datatype.CdDataType -> CD_CD_DATATYPE_VALUE8
OUT> 14:53:20,567 INFO  [HbmBinder] Mapping class: _xxEntityxx_gov_nih_nci_cacoresdk_domain_other_datatype_CdDataType_value7 -> CD_DATATYPE_VALUE7
OUT> 14:53:20,567 INFO  [HbmBinder] Mapping class: _xxEntityxx_gov_nih_nci_cacoresdk_domain_other_datatype_CdDataType_value8 -> CD_DATATYPE_VALUE8
OUT> 14:53:20,568 INFO  [Configuration] Reading mappings from resource: gov/nih/nci/cacoresdk/domain/other/datatype/TelUrlDataType.hbm.xml
OUT> 14:53:20,571 INFO  [HbmBinder] Mapping class: gov.nih.nci.cacoresdk.domain.other.datatype.TelUrlDataType -> TEL_URL_DATATYPE
OUT> 14:53:20,571 INFO  [Configuration] Reading mappings from resource: gov/nih/nci/cacoresdk/domain/other/datatype/TelDataType.hbm.xml
OUT> 14:53:20,574 INFO  [HbmBinder] Mapping class: gov.nih.nci.cacoresdk.domain.other.datatype.TelDataType -> TEL_DATATYPE
OUT> 14:53:20,574 INFO  [Configuration] Reading mappings from resource: gov/nih/nci/cacoresdk/domain/other/datatype/BlDataType.hbm.xml
OUT> 14:53:20,577 INFO  [HbmBinder] Mapping class: gov.nih.nci.cacoresdk.domain.other.datatype.BlDataType -> BL_DATATYPE
OUT> 14:53:20,578 INFO  [Configuration] Reading mappings from resource: gov/nih/nci/cacoresdk/domain/other/differentpackage/Dessert.hbm.xml
OUT> 14:53:20,581 INFO  [HbmBinder] Mapping class: gov.nih.nci.cacoresdk.domain.other.differentpackage.Dessert -> DESSERT
OUT> 14:53:20,581 INFO  [HbmBinder] Mapping collection: gov.nih.nci.cacoresdk.domain.other.differentpackage.Dessert.utensilCollection -> DESSERT_UTENSIL
OUT> 14:53:20,581 INFO  [HbmBinder] Mapping subclass: gov.nih.nci.cacoresdk.domain.other.differentpackage.associations.Pie -> DESSERT
OUT> 14:53:20,581 INFO  [HbmBinder] Mapping subclass: gov.nih.nci.cacoresdk.domain.other.differentpackage.associations.IceCream -> DESSERT
OUT> 14:53:20,581 INFO  [Configuration] Reading mappings from resource: gov/nih/nci/cacoresdk/domain/other/differentpackage/associations/Utensil.hbm.xml
OUT> 14:53:20,584 INFO  [HbmBinder] Mapping class: gov.nih.nci.cacoresdk.domain.other.differentpackage.associations.Utensil -> UTENSIL
OUT> 14:53:20,585 INFO  [HbmBinder] Mapping collection: gov.nih.nci.cacoresdk.domain.other.differentpackage.associations.Utensil.dessertCollection -> DESSERT_UTENSIL
OUT> 14:53:20,585 INFO  [Configuration] Reading mappings from resource: gov/nih/nci/cacoresdk/domain/other/levelassociation/Card.hbm.xml
OUT> 14:53:20,588 INFO  [HbmBinder] Mapping class: gov.nih.nci.cacoresdk.domain.other.levelassociation.Card -> CARD
OUT> 14:53:20,588 INFO  [Configuration] Reading mappings from resource: gov/nih/nci/cacoresdk/domain/other/levelassociation/Deck.hbm.xml
OUT> 14:53:20,591 INFO  [HbmBinder] Mapping class: gov.nih.nci.cacoresdk.domain.other.levelassociation.Deck -> DECK
OUT> 14:53:20,591 INFO  [Configuration] Reading mappings from resource: gov/nih/nci/cacoresdk/domain/other/levelassociation/Hand.hbm.xml
OUT> 14:53:20,594 INFO  [HbmBinder] Mapping class: gov.nih.nci.cacoresdk.domain.other.levelassociation.Hand -> HAND
OUT> 14:53:20,595 INFO  [HbmBinder] Mapping collection: gov.nih.nci.cacoresdk.domain.other.levelassociation.Hand.cardCollection -> HAND_CARD
OUT> 14:53:20,595 INFO  [Configuration] Reading mappings from resource: gov/nih/nci/cacoresdk/domain/other/levelassociation/Suit.hbm.xml
OUT> 14:53:20,598 INFO  [HbmBinder] Mapping class: gov.nih.nci.cacoresdk.domain.other.levelassociation.Suit -> SUIT
OUT> 14:53:20,598 INFO  [Configuration] Reading mappings from resource: gov/nih/nci/cacoresdk/domain/other/primarykey/StringKey.hbm.xml
OUT> 14:53:20,601 INFO  [HbmBinder] Mapping class: gov.nih.nci.cacoresdk.domain.other.primarykey.StringKey -> STRING_KEY
OUT> 14:53:20,601 INFO  [Configuration] Reading mappings from resource: gov/nih/nci/cacoresdk/domain/other/primarykey/IntegerKey.hbm.xml
OUT> 14:53:20,604 INFO  [HbmBinder] Mapping class: gov.nih.nci.cacoresdk.domain.other.primarykey.IntegerKey -> INTEGER_KEY
OUT> 14:53:20,604 INFO  [Configuration] Reading mappings from resource: gov/nih/nci/cacoresdk/domain/other/primarykey/LongPrimitiveKey.hbm.xml
OUT> 14:53:20,607 INFO  [HbmBinder] Mapping class: gov.nih.nci.cacoresdk.domain.other.primarykey.LongPrimitiveKey -> LONG_PRIMITIVE_KEY
OUT> 14:53:20,607 INFO  [Configuration] Reading mappings from resource: gov/nih/nci/cacoresdk/domain/other/primarykey/StringPrimitiveKey.hbm.xml
OUT> 14:53:20,610 INFO  [HbmBinder] Mapping class: gov.nih.nci.cacoresdk.domain.other.primarykey.StringPrimitiveKey -> STRING_PRIMITIVE_KEY
OUT> 14:53:20,610 INFO  [Configuration] Reading mappings from resource: gov/nih/nci/cacoresdk/domain/other/primarykey/FloatPrimitiveKey.hbm.xml
OUT> 14:53:20,613 INFO  [HbmBinder] Mapping class: gov.nih.nci.cacoresdk.domain.other.primarykey.FloatPrimitiveKey -> FLOAT_PRIMITIVE_KEY
OUT> 14:53:20,613 INFO  [Configuration] Reading mappings from resource: gov/nih/nci/cacoresdk/domain/other/primarykey/CharacterKey.hbm.xml
OUT> 14:53:20,616 INFO  [HbmBinder] Mapping class: gov.nih.nci.cacoresdk.domain.other.primarykey.CharacterKey -> CHARACTER_KEY
OUT> 14:53:20,616 INFO  [Configuration] Reading mappings from resource: gov/nih/nci/cacoresdk/domain/other/primarykey/FloatKey.hbm.xml
OUT> 14:53:20,619 INFO  [HbmBinder] Mapping class: gov.nih.nci.cacoresdk.domain.other.primarykey.FloatKey -> FLOAT_KEY
OUT> 14:53:20,619 INFO  [Configuration] Reading mappings from resource: gov/nih/nci/cacoresdk/domain/other/primarykey/LongKey.hbm.xml
OUT> 14:53:20,622 INFO  [HbmBinder] Mapping class: gov.nih.nci.cacoresdk.domain.other.primarykey.LongKey -> LONG_KEY
OUT> 14:53:20,622 INFO  [Configuration] Reading mappings from resource: gov/nih/nci/cacoresdk/domain/other/primarykey/CharacterPrimitiveKey.hbm.xml
OUT> 14:53:20,625 INFO  [HbmBinder] Mapping class: gov.nih.nci.cacoresdk.domain.other.primarykey.CharacterPrimitiveKey -> CHARACTER_PRIMITIVE_KEY
OUT> 14:53:20,625 INFO  [Configuration] Reading mappings from resource: gov/nih/nci/cacoresdk/domain/other/primarykey/NoIdKey.hbm.xml
OUT> 14:53:20,628 INFO  [HbmBinder] Mapping class: gov.nih.nci.cacoresdk.domain.other.primarykey.NoIdKey -> NO_ID_KEY
OUT> 14:53:20,628 INFO  [Configuration] Reading mappings from resource: gov/nih/nci/cacoresdk/domain/other/primarykey/DoubleKey.hbm.xml
OUT> 14:53:20,631 INFO  [HbmBinder] Mapping class: gov.nih.nci.cacoresdk.domain.other.primarykey.DoubleKey -> DOUBLE_KEY
OUT> 14:53:20,631 INFO  [Configuration] Reading mappings from resource: gov/nih/nci/cacoresdk/domain/other/primarykey/IntegerPrimitiveKey.hbm.xml
OUT> 14:53:20,633 INFO  [HbmBinder] Mapping class: gov.nih.nci.cacoresdk.domain.other.primarykey.IntegerPrimitiveKey -> INTEGER_PRIMITIVE_KEY
OUT> 14:53:20,634 INFO  [Configuration] Reading mappings from resource: gov/nih/nci/cacoresdk/domain/other/primarykey/DoublePrimitiveKey.hbm.xml
OUT> 14:53:20,636 INFO  [HbmBinder] Mapping class: gov.nih.nci.cacoresdk.domain.other.primarykey.DoublePrimitiveKey -> DOUBLE_PRIMITIVE_KEY
OUT> 14:53:20,637 INFO  [Configuration] Reading mappings from resource: gov/nih/nci/cacoresdk/domain/other/validationtype/AllValidationType.hbm.xml
OUT> 14:53:20,640 INFO  [HbmBinder] Mapping class: gov.nih.nci.cacoresdk.domain.other.validationtype.AllValidationType -> ALL_VALIDATION_TYPE
OUT> 14:53:20,640 INFO  [Configuration] Reading mappings from resource: gov/nih/nci/cacoresdk/domain/inheritance/implicit/SaltwaterFishTank.hbm.xml
OUT> 14:53:20,643 INFO  [HbmBinder] Mapping class: gov.nih.nci.cacoresdk.domain.inheritance.implicit.SaltwaterFishTank -> SALTWATER_FISH_TANK
OUT> 14:53:20,643 INFO  [HbmBinder] Mapping collection: gov.nih.nci.cacoresdk.domain.inheritance.implicit.SaltwaterFishTank.substrateCollection -> SALTWATER_FISH_TANK_SUBSTRATE
OUT> 14:53:20,643 INFO  [Configuration] Reading mappings from resource: gov/nih/nci/cacoresdk/domain/inheritance/implicit/FreshwaterFishTank.hbm.xml
OUT> 14:53:20,646 INFO  [HbmBinder] Mapping class: gov.nih.nci.cacoresdk.domain.inheritance.implicit.FreshwaterFishTank -> FRESHWATER_FISH_TANK
OUT> 14:53:20,647 INFO  [Configuration] Configured SessionFactory: null
OUT> 14:53:21,111 INFO  [DAO] HQL Query :Select distinct (__TargetAlias__) From gov.nih.nci.cacoresdk.domain.inheritance.childwithassociation.Payment as __TargetAlias__  where __TargetAlias__.class = ?
Testing query file allSuperclass.xml
	Gold results file is gold_allSuperclass.xml
OUT> 14:53:21,291 INFO  [DAO] HQL Query :Select distinct (__TargetAlias__) From gov.nih.nci.cacoresdk.domain.inheritance.onechild.Mammal as __TargetAlias__  where __TargetAlias__.class = ?
Testing query file associationNotNull.xml
	Gold results file is gold_associationNotNull.xml
OUT> 14:53:21,591 INFO  [DAO] HQL Query :Select distinct (__TargetAlias__) From gov.nih.nci.cacoresdk.domain.onetomany.bidirectional.Computer as __TargetAlias__ where __TargetAlias__.hardDriveCollection.id is not null 
Testing query file associationWithAttributeEqual.xml
	Gold results file is gold_associationWithAttributeEqual.xml
OUT> 14:53:22,063 INFO  [DAO] HQL Query :Select distinct (__TargetAlias__) From gov.nih.nci.cacoresdk.domain.onetomany.bidirectional.Computer as __TargetAlias__ where __TargetAlias__.hardDriveCollection.id in (select __Computer_HardDrive_hardDriveCollection.id from gov.nih.nci.cacoresdk.domain.onetomany.bidirectional.HardDrive as __Computer_HardDrive_hardDriveCollection where __Computer_HardDrive_hardDriveCollection.size.value = ?) 
Testing query file associationWithGroup.xml
	Gold results file is gold_associationWithGroup.xml
OUT> 14:53:22,745 INFO  [DAO] HQL Query :Select distinct (__TargetAlias__) From gov.nih.nci.cacoresdk.domain.other.levelassociation.Suit as __TargetAlias__ where __TargetAlias__.cardCollection.id in (select __Suit_Card_cardCollection.id from gov.nih.nci.cacoresdk.domain.other.levelassociation.Card as __Suit_Card_cardCollection where (__Suit_Card_cardCollection.suit.id in (select __Card_Suit_suit.id from gov.nih.nci.cacoresdk.domain.other.levelassociation.Suit as __Card_Suit_suit where __Card_Suit_suit.name.value = ?)  AND __Suit_Card_cardCollection.name.value = ?)) 
Testing query file blNonNullValue.xml
	Gold results file is gold_blNonNullValue.xml
OUT> 14:53:23,067 INFO  [DAO] HQL Query :Select distinct (__TargetAlias__) From gov.nih.nci.cacoresdk.domain.other.datatype.BlNonNullDataType as __TargetAlias__ where __TargetAlias__.value1.value = ?
Testing query file cdDataTypeCodeNotNull.xml
	Gold results file is gold_cdDataTypeCodeNotNull.xml
OUT> 14:53:23,378 INFO  [DAO] HQL Query :Select distinct (__TargetAlias__) From gov.nih.nci.cacoresdk.domain.other.datatype.CdDataType as __TargetAlias__ where __TargetAlias__.value1.code is not null
Testing query file cdDataTypeCodeSystemAttribute.xml
	Gold results file is gold_cdDataTypeCodeSystemAttribute.xml
OUT> 14:53:24,155 INFO  [DAO] HQL Query :Select distinct (__TargetAlias__) From gov.nih.nci.cacoresdk.domain.other.datatype.ScDataType as __TargetAlias__ where __TargetAlias__.value2.code.codeSystem is not null
Testing query file countAssociationNotNull.xml
	Gold results file is gold_countAssociationNotNull.xml
OUT> 14:53:24,503 INFO  [DAO] HQL Query :select count(distinct __TargetAlias__) From gov.nih.nci.cacoresdk.domain.onetomany.bidirectional.Computer as __TargetAlias__ where __TargetAlias__.hardDriveCollection.id is not null 
Testing query file dsetCdCodeAttributeEqual.xml
	Gold results file is gold_dsetCdCodeAttributeEqual.xml
OUT> 14:53:25,101 INFO  [DAO] HQL Query :Select distinct (__TargetAlias__) From gov.nih.nci.cacoresdk.domain.other.datatype.DsetCdDataType as __TargetAlias__ join __TargetAlias__.value1.item as alias_1316804005098 where alias_1316804005098.code = ?
Testing query file dsetCdEdText.xml
	Gold results file is gold_dsetCdEdText.xml
OUT> 14:53:25,908 INFO  [DAO] HQL Query :Select distinct (__TargetAlias__) From gov.nih.nci.cacoresdk.domain.other.datatype.DsetCdDataType as __TargetAlias__ join __TargetAlias__.value4.item as alias_1316804005906 where alias_1316804005906.originalText is not null
Testing query file dsetCdEdTextValue.xml
	Gold results file is gold_dsetCdEdTextValue.xml
OUT> 14:53:26,928 INFO  [DAO] HQL Query :Select distinct (__TargetAlias__) From gov.nih.nci.cacoresdk.domain.other.datatype.DsetCdDataType as __TargetAlias__ join __TargetAlias__.value4.item as alias_1316804006926 where alias_1316804006926.originalText.value is not null
Testing query file dsetCdNullFlavor.xml
	Gold results file is gold_dsetCdNullFlavor.xml
OUT> 14:53:27,402 INFO  [DAO] HQL Query :Select distinct (__TargetAlias__) From gov.nih.nci.cacoresdk.domain.other.datatype.DsetCdDataType as __TargetAlias__ where ? = ?
Testing query file dsetTelAttributeValue.xml
	Gold results file is gold_dsetTelAttributeValue.xml
OUT> 14:53:28,950 INFO  [DAO] HQL Query :Select distinct (__TargetAlias__) From gov.nih.nci.cacoresdk.domain.other.datatype.DsetTelDataType as __TargetAlias__ join __TargetAlias__.value1.item as alias_1316804008948 where alias_1316804008948.value = ?
Testing query file groupOfAssociationsUsingAnd.xml
	Gold results file is gold_groupOfAssociationsUsingAnd.xml
OUT> 14:53:29,354 INFO  [DAO] HQL Query :Select distinct (__TargetAlias__) From gov.nih.nci.cacoresdk.domain.onetoone.multipleassociation.Child as __TargetAlias__ where (__TargetAlias__.father.id is not null  AND __TargetAlias__.mother.id is not null )
Testing query file groupOfAssociationsUsingOr.xml
	Gold results file is gold_groupOfAssociationsUsingOr.xml
OUT> 14:53:29,782 INFO  [DAO] HQL Query :Select distinct (__TargetAlias__) From gov.nih.nci.cacoresdk.domain.onetoone.multipleassociation.Child as __TargetAlias__ where (__TargetAlias__.father.id is not null  OR __TargetAlias__.mother.id is not null )
Testing query file groupOfAttributesUsingAnd.xml
	Gold results file is gold_groupOfAttributesUsingAnd.xml
OUT> 14:53:30,532 INFO  [DAO] HQL Query :Select distinct (__TargetAlias__) From gov.nih.nci.cacoresdk.domain.inheritance.onechild.Human as __TargetAlias__ where (__TargetAlias__.hairColor.value like ? AND __TargetAlias__.diet.value like ?)
Testing query file groupOfAttributesUsingOr.xml
	Gold results file is gold_groupOfAttributesUsingOr.xml
OUT> 14:53:31,210 INFO  [DAO] HQL Query :Select distinct (__TargetAlias__) From gov.nih.nci.cacoresdk.domain.inheritance.onechild.Human as __TargetAlias__ where (__TargetAlias__.hairColor.value like ? OR __TargetAlias__.diet.value like ?)
Testing query file iiRootValue.xml
	Gold results file is gold_iiRootValue.xml
OUT> 14:53:31,576 INFO  [DAO] HQL Query :Select distinct (__TargetAlias__) From gov.nih.nci.cacoresdk.domain.other.datatype.IiDataType as __TargetAlias__ where __TargetAlias__.value2.root is not null
Testing query file ivlIntAttribute.xml
	Gold results file is gold_ivlIntAttribute.xml
OUT> 14:53:32,274 INFO  [DAO] HQL Query :Select distinct (__TargetAlias__) From gov.nih.nci.cacoresdk.domain.other.datatype.IvlIntDataType as __TargetAlias__ where __TargetAlias__.value1.high.value = ?
Testing query file ivlIntLowClosed.xml
	Gold results file is gold_ivlIntLowClosed.xml
OUT> 14:53:32,529 INFO  [DAO] HQL Query :Select distinct (__TargetAlias__) From gov.nih.nci.cacoresdk.domain.other.datatype.IvlIntDataType as __TargetAlias__ where __TargetAlias__.value2.lowClosed = ?
Testing query file ivlPqWidth.xml
	Gold results file is gold_ivlPqWidth.xml
OUT> 14:53:33,246 INFO  [DAO] HQL Query :Select distinct (__TargetAlias__) From gov.nih.nci.cacoresdk.domain.other.datatype.IvlPqDataType as __TargetAlias__ where __TargetAlias__.value4.width.value = ?
Testing query file ivlTsWidthNullFlavor.xml
	Gold results file is gold_ivlTsWidthNullFlavor.xml
OUT> 14:53:33,933 INFO  [DAO] HQL Query :Select distinct (__TargetAlias__) From gov.nih.nci.cacoresdk.domain.other.datatype.IvlTsDataType as __TargetAlias__ where __TargetAlias__.value3.width.nullFlavor is not null
Testing query file nestedAssociations.xml
	Gold results file is gold_nestedAssociations.xml
OUT> 14:53:34,538 INFO  [DAO] HQL Query :Select distinct (__TargetAlias__) From gov.nih.nci.cacoresdk.domain.manytomany.bidirectional.Project as __TargetAlias__ where __TargetAlias__.employeeCollection.id in (select __Project_Employee_employeeCollection.id from gov.nih.nci.cacoresdk.domain.manytomany.bidirectional.Employee as __Project_Employee_employeeCollection where __Project_Employee_employeeCollection.projectCollection.id in (select __Employee_Project_projectCollection.id from gov.nih.nci.cacoresdk.domain.manytomany.bidirectional.Project as __Employee_Project_projectCollection where __Employee_Project_projectCollection.name.value = ?) ) 
Testing query file nestedAssociationsNoRoleNames.xml
	Gold results file is gold_nestedAssociationsNoRoleNames.xml
OUT> 14:53:35,082 INFO  [DAO] HQL Query :Select distinct (__TargetAlias__) From gov.nih.nci.cacoresdk.domain.manytomany.bidirectional.Project as __TargetAlias__ where __TargetAlias__.employeeCollection.id in (select __Project_Employee_employeeCollection.id from gov.nih.nci.cacoresdk.domain.manytomany.bidirectional.Employee as __Project_Employee_employeeCollection where __Project_Employee_employeeCollection.projectCollection.id in (select __Employee_Project_projectCollection.id from gov.nih.nci.cacoresdk.domain.manytomany.bidirectional.Project as __Employee_Project_projectCollection where __Employee_Project_projectCollection.name.value = ?) ) 
Testing query file nestedGroups.xml
	Gold results file is gold_nestedGroups.xml
OUT> 14:53:36,138 INFO  [DAO] HQL Query :Select distinct (__TargetAlias__) From gov.nih.nci.cacoresdk.domain.inheritance.childwithassociation.Credit as __TargetAlias__ where (__TargetAlias__.issuingBank.id in (select __Credit_Bank_issuingBank.id from gov.nih.nci.cacoresdk.domain.inheritance.childwithassociation.Bank as __Credit_Bank_issuingBank where __Credit_Bank_issuingBank.name.value = ?)  AND (__TargetAlias__.amount.value = ? AND __TargetAlias__.cardNumber.value = ?))
Testing query file pqUnitAttribute.xml
	Gold results file is gold_pqUnitAttribute.xml
OUT> 14:53:36,473 INFO  [DAO] HQL Query :Select distinct (__TargetAlias__) From gov.nih.nci.cacoresdk.domain.other.datatype.PqDataType as __TargetAlias__ where __TargetAlias__.value1.unit is not null
Testing query file realDataTypeValue.xml
	Gold results file is gold_realDataTypeValue.xml
OUT> 14:53:36,884 INFO  [DAO] HQL Query :Select distinct (__TargetAlias__) From gov.nih.nci.cacoresdk.domain.other.datatype.RealDataType as __TargetAlias__ where __TargetAlias__.value1.value is not null
Testing query file scDataTypeCdCodeSystemAttributeEqual.xml
	Gold results file is gold_scDataTypeCdCodeSystemAttributeEqual.xml
OUT> 14:53:37,628 INFO  [DAO] HQL Query :Select distinct (__TargetAlias__) From gov.nih.nci.cacoresdk.domain.other.datatype.ScDataType as __TargetAlias__ where __TargetAlias__.value2.code.codeSystem is not null
Testing query file undergraduateStudentWithName.xml
	Gold results file is gold_undergraduateStudentWithName.xml
OUT> 14:53:38,123 INFO  [DAO] HQL Query :Select distinct (__TargetAlias__) From gov.nih.nci.cacoresdk.domain.inheritance.multiplechild.UndergraduateStudent as __TargetAlias__ where __TargetAlias__.name.value like ?
STORY: org.cagrid.tests.data.styles.cacore44.integration.story.SDK44StyleRemoteApiStory COMPLETE. Tearing down
OUT> 14:53:41,877 INFO  [XmlWebApplicationContext] Closing application context [WebApplicationContext for namespace 'httpinvoker-servlet']
OUT> 14:53:41,877 INFO  [DefaultListableBeanFactory] Destroying singletons in {org.springframework.beans.factory.support.DefaultListableBeanFactory defining beans [defaultHandlerMapping,/applicationService]; parent: org.springframework.beans.factory.support.DefaultListableBeanFactory defining beans [ApplicationServiceImpl,ClassCache,WebSystemProperties,ORMDAO,HibernateConfigHolder,defaultLobHandler,SessionFactory,SecurityInitializationHelper,HibernateTransactionManager,TxInterceptor,ApplicationService,isoExampleService]; root of BeanFactory hierarchy}
OUT> 14:53:41,878 INFO  [XmlWebApplicationContext] Closing application context [Root WebApplicationContext]
OUT> 14:53:41,879 INFO  [DefaultListableBeanFactory] Destroying singletons in {org.springframework.beans.factory.support.DefaultListableBeanFactory defining beans [ApplicationServiceImpl,ClassCache,WebSystemProperties,ORMDAO,HibernateConfigHolder,defaultLobHandler,SessionFactory,SecurityInitializationHelper,HibernateTransactionManager,TxInterceptor,ApplicationService,isoExampleService]; root of BeanFactory hierarchy}
OUT> 14:53:41,879 INFO  [SessionFactoryBean] Closing Hibernate SessionFactory
OUT> 14:53:41,879 INFO  [SessionFactoryImpl] closing
]]></system-out>
  <system-err><![CDATA[OUT> Sep 23, 2011 2:50:00 PM org.apache.catalina.core.AprLifecycleListener lifecycleEvent
OUT> INFO: The Apache Tomcat Native library which allows optimal performance in production environments was not found on the java.library.path: .:/Library/Java/Extensions:/System/Library/Java/Extensions:/usr/lib/java
OUT> Sep 23, 2011 2:50:00 PM org.apache.coyote.http11.Http11BaseProtocol init
OUT> INFO: Initializing Coyote HTTP/1.1 on http-45077
OUT> Sep 23, 2011 2:50:00 PM org.apache.catalina.startup.Catalina load
OUT> INFO: Initialization processed in 310 ms
OUT> Sep 23, 2011 2:50:00 PM org.apache.catalina.core.StandardService start
OUT> INFO: Starting service Catalina
OUT> Sep 23, 2011 2:50:00 PM org.apache.catalina.core.StandardEngine start
OUT> INFO: Starting Servlet Engine: Apache Tomcat/5.5.27
OUT> Sep 23, 2011 2:50:00 PM org.apache.catalina.core.StandardHost start
OUT> INFO: XML validation disabled
OUT> Sep 23, 2011 2:50:01 PM org.apache.catalina.loader.WebappClassLoader validateJarFile
OUT> INFO: validateJarFile(/Users/ervin/Projects/caGrid/caGrid-1_5_release/Software/core/caGrid/projects/introduce/tmp/Tomcat4099313048783133736tmp/webapps/wsrf/WEB-INF/lib/jsp-api.jar) - jar not loaded. See Servlet Spec 2.3, section 9.7.2. Offending class: javax/servlet/jsp/JspPage.class
OUT> Sep 23, 2011 2:50:01 PM org.apache.catalina.loader.WebappClassLoader validateJarFile
OUT> INFO: validateJarFile(/Users/ervin/Projects/caGrid/caGrid-1_5_release/Software/core/caGrid/projects/introduce/tmp/Tomcat4099313048783133736tmp/webapps/wsrf/WEB-INF/lib/servlet-api.jar) - jar not loaded. See Servlet Spec 2.3, section 9.7.2. Offending class: javax/servlet/Servlet.class
OUT> Sep 23, 2011 2:50:15 PM org.apache.coyote.http11.Http11BaseProtocol start
OUT> INFO: Starting Coyote HTTP/1.1 on http-45077
OUT> Sep 23, 2011 2:50:15 PM org.apache.jk.common.ChannelSocket init
OUT> INFO: JK: ajp13 listening on /0.0.0.0:8009
OUT> Sep 23, 2011 2:50:15 PM org.apache.jk.server.JkMain start
OUT> INFO: Jk running ID=0 time=0/13  config=null
OUT> Sep 23, 2011 2:50:15 PM org.apache.catalina.storeconfig.StoreLoader load
OUT> INFO: Find registry server-registry.xml at classpath resource
OUT> Sep 23, 2011 2:50:15 PM org.apache.catalina.startup.Catalina start
OUT> INFO: Server startup in 15083 ms
OUT> Sep 23, 2011 2:51:18 PM org.apache.coyote.http11.Http11BaseProtocol pause
OUT> INFO: Pausing Coyote HTTP/1.1 on http-45077
OUT> Sep 23, 2011 2:51:19 PM org.apache.catalina.core.StandardService stop
OUT> INFO: Stopping service Catalina
OUT> Sep 23, 2011 2:51:20 PM org.apache.coyote.http11.Http11BaseProtocol destroy
OUT> INFO: Stopping Coyote HTTP/1.1 on http-45077
OUT> Sep 23, 2011 2:51:20 PM org.apache.catalina.core.AprLifecycleListener lifecycleEvent
OUT> INFO: Failed shutdown of Apache Portable Runtime
OUT> Sep 23, 2011 2:52:22 PM org.apache.catalina.core.AprLifecycleListener lifecycleEvent
OUT> INFO: The Apache Tomcat Native library which allows optimal performance in production environments was not found on the java.library.path: .:/Library/Java/Extensions:/System/Library/Java/Extensions:/usr/lib/java
OUT> Sep 23, 2011 2:52:22 PM org.apache.coyote.http11.Http11BaseProtocol init
OUT> INFO: Initializing Coyote HTTP/1.1 on http-45267
OUT> Sep 23, 2011 2:52:22 PM org.apache.catalina.startup.Catalina load
OUT> INFO: Initialization processed in 311 ms
OUT> Sep 23, 2011 2:52:22 PM org.apache.catalina.core.StandardService start
OUT> INFO: Starting service Catalina
OUT> Sep 23, 2011 2:52:22 PM org.apache.catalina.core.StandardEngine start
OUT> INFO: Starting Servlet Engine: Apache Tomcat/5.5.27
OUT> Sep 23, 2011 2:52:22 PM org.apache.catalina.core.StandardHost start
OUT> INFO: XML validation disabled
OUT> Sep 23, 2011 2:52:22 PM org.apache.catalina.startup.HostConfig deployWAR
OUT> INFO: Deploying web application archive isoExample.war
OUT> Sep 23, 2011 2:52:29 PM org.apache.catalina.loader.WebappClassLoader validateJarFile
OUT> INFO: validateJarFile(/Users/ervin/Projects/caGrid/caGrid-1_5_release/Software/core/caGrid/projects/introduce/tmp/Tomcat3023141089790090117tmp/webapps/wsrf/WEB-INF/lib/jsp-api.jar) - jar not loaded. See Servlet Spec 2.3, section 9.7.2. Offending class: javax/servlet/jsp/JspPage.class
OUT> Sep 23, 2011 2:52:29 PM org.apache.catalina.loader.WebappClassLoader validateJarFile
OUT> INFO: validateJarFile(/Users/ervin/Projects/caGrid/caGrid-1_5_release/Software/core/caGrid/projects/introduce/tmp/Tomcat3023141089790090117tmp/webapps/wsrf/WEB-INF/lib/servlet-api.jar) - jar not loaded. See Servlet Spec 2.3, section 9.7.2. Offending class: javax/servlet/Servlet.class
OUT> Sep 23, 2011 2:52:29 PM org.apache.catalina.core.AprLifecycleListener lifecycleEvent
OUT> INFO: The Apache Tomcat Native library which allows optimal performance in production environments was not found on the java.library.path: .:/Library/Java/Extensions:/System/Library/Java/Extensions:/usr/lib/java
OUT> Sep 23, 2011 2:52:29 PM org.apache.coyote.http11.Http11BaseProtocol init
OUT> INFO: Initializing Coyote HTTP/1.1 on http-45264
OUT> Sep 23, 2011 2:52:29 PM org.apache.catalina.startup.Catalina load
OUT> INFO: Initialization processed in 401 ms
OUT> Sep 23, 2011 2:52:29 PM org.apache.catalina.core.StandardService start
OUT> INFO: Starting service Catalina
OUT> Sep 23, 2011 2:52:29 PM org.apache.catalina.core.StandardEngine start
OUT> INFO: Starting Servlet Engine: Apache Tomcat/5.5.27
OUT> Sep 23, 2011 2:52:29 PM org.apache.catalina.core.StandardHost start
OUT> INFO: XML validation disabled
OUT> Sep 23, 2011 2:52:30 PM org.apache.catalina.loader.WebappClassLoader validateJarFile
OUT> INFO: validateJarFile(/Users/ervin/Projects/caGrid/caGrid-1_5_release/Software/core/caGrid/projects/introduce/tmp/Tomcat1479091153970964529tmp/webapps/wsrf/WEB-INF/lib/jsp-api.jar) - jar not loaded. See Servlet Spec 2.3, section 9.7.2. Offending class: javax/servlet/jsp/JspPage.class
OUT> Sep 23, 2011 2:52:30 PM org.apache.catalina.loader.WebappClassLoader validateJarFile
OUT> INFO: validateJarFile(/Users/ervin/Projects/caGrid/caGrid-1_5_release/Software/core/caGrid/projects/introduce/tmp/Tomcat1479091153970964529tmp/webapps/wsrf/WEB-INF/lib/servlet-api.jar) - jar not loaded. See Servlet Spec 2.3, section 9.7.2. Offending class: javax/servlet/Servlet.class
OUT> Sep 23, 2011 2:52:31 PM org.apache.coyote.http11.Http11BaseProtocol start
OUT> INFO: Starting Coyote HTTP/1.1 on http-45267
OUT> Sep 23, 2011 2:52:31 PM org.apache.jk.common.ChannelSocket init
OUT> INFO: JK: ajp13 listening on /0.0.0.0:8009
OUT> Sep 23, 2011 2:52:31 PM org.apache.jk.server.JkMain start
OUT> INFO: Jk running ID=0 time=0/15  config=null
OUT> Sep 23, 2011 2:52:31 PM org.apache.catalina.storeconfig.StoreLoader load
OUT> INFO: Find registry server-registry.xml at classpath resource
OUT> Sep 23, 2011 2:52:31 PM org.apache.catalina.startup.Catalina start
OUT> INFO: Server startup in 9647 ms
OUT> Sep 23, 2011 2:52:41 PM org.apache.coyote.http11.Http11BaseProtocol start
OUT> INFO: Starting Coyote HTTP/1.1 on http-45264
OUT> Sep 23, 2011 2:52:41 PM org.apache.jk.common.ChannelSocket init
OUT> INFO: Port busy 8009 java.net.BindException: Address already in use
OUT> Sep 23, 2011 2:52:41 PM org.apache.jk.common.ChannelSocket init
OUT> INFO: JK: ajp13 listening on /0.0.0.0:8010
OUT> Sep 23, 2011 2:52:41 PM org.apache.jk.server.JkMain start
OUT> INFO: Jk running ID=1 time=1/15  config=null
OUT> Sep 23, 2011 2:52:41 PM org.apache.catalina.storeconfig.StoreLoader load
OUT> INFO: Find registry server-registry.xml at classpath resource
OUT> Sep 23, 2011 2:52:41 PM org.apache.catalina.startup.Catalina start
OUT> INFO: Server startup in 11685 ms
OUT> Sep 23, 2011 2:53:38 PM org.apache.coyote.http11.Http11BaseProtocol pause
OUT> INFO: Pausing Coyote HTTP/1.1 on http-45264
OUT> Sep 23, 2011 2:53:39 PM org.apache.catalina.core.StandardService stop
OUT> INFO: Stopping service Catalina
OUT> Sep 23, 2011 2:53:40 PM org.apache.coyote.http11.Http11BaseProtocol destroy
OUT> INFO: Stopping Coyote HTTP/1.1 on http-45264
OUT> Sep 23, 2011 2:53:40 PM org.apache.catalina.core.AprLifecycleListener lifecycleEvent
OUT> INFO: Failed shutdown of Apache Portable Runtime
OUT> Sep 23, 2011 2:53:40 PM org.apache.coyote.http11.Http11BaseProtocol pause
OUT> INFO: Pausing Coyote HTTP/1.1 on http-45267
OUT> Sep 23, 2011 2:53:41 PM org.apache.catalina.core.StandardService stop
OUT> INFO: Stopping service Catalina
OUT> Sep 23, 2011 2:53:42 PM org.apache.coyote.http11.Http11BaseProtocol destroy
OUT> INFO: Stopping Coyote HTTP/1.1 on http-45267
OUT> Sep 23, 2011 2:53:42 PM org.apache.catalina.core.AprLifecycleListener lifecycleEvent
OUT> INFO: Failed shutdown of Apache Portable Runtime
]]></system-err>
</testsuite>
