<?xml version="1.0" encoding="UTF-8" ?>
<testsuite errors="0" failures="0" hostname="David-Ervins-MacBook-Pro-2.local" name="org.cagrid.data.sdkquery44.test.CycleTestCase" tests="1" time="0.398" timestamp="2011-09-13T16:05:49">
  <properties>
    <property name="file.encoding.pkg" value="sun.io" />
    <property name="zip.dir" value="/Users/ervin/Projects/caGrid/caGrid-1_5_release/Software/core/caGrid/projects/sdkQuery44/build/zipdir" />
    <property name="test.jarfile" value="/Users/ervin/Projects/caGrid/caGrid-1_5_release/Software/core/caGrid/projects/sdkQuery44/build/jars/caGrid-sdkQuery44-test-1.4.jar" />
    <property name="java.home" value="/System/Library/Java/JavaVirtualMachines/1.6.0.jdk/Contents/Home" />
    <property name="test.src.dir" value="/Users/ervin/Projects/caGrid/caGrid-1_5_release/Software/core/caGrid/projects/sdkQuery44/test/src/java" />
    <property name="translator.src.dir" value="/Users/ervin/Projects/caGrid/caGrid-1_5_release/Software/core/caGrid/projects/sdkQuery44/src/java/translator" />
    <property name="env.DISPLAY" value="/tmp/launch-PRlbIi/org.x:0" />
    <property name="style.zip.file" value="/Users/ervin/Projects/caGrid/caGrid-1_5_release/Software/core/caGrid/projects/sdkQuery44/build/caGrid-sdkQuery44-package-1.4.zip" />
    <property name="java.endorsed.dirs" value="/System/Library/Java/JavaVirtualMachines/1.6.0.jdk/Contents/Home/lib/endorsed" />
    <property name="env.LOGNAME" value="ervin" />
    <property name="target.cagrid.version" value="1.4" />
    <property name="sdk.conf.dir" value="/Users/ervin/Projects/caGrid/caGrid-1_5_release/Software/core/caGrid/projects/sdkQuery44/sdk/local-client/conf" />
    <property name="sun.os.patch.level" value="unknown" />
    <property name="java.vendor.url" value="http://www.apple.com/" />
    <property name="translator.classes.dir" value="/Users/ervin/Projects/caGrid/caGrid-1_5_release/Software/core/caGrid/projects/sdkQuery44/build/translator/classes" />
    <property name="java.version" value="1.6.0_24" />
    <property name="env.XTERM_VERSION" value="XTerm(251)" />
    <property name="style.dest.dir" value="data/styles/cacore44" />
    <property name="jikes.class.path" value=":/System/Library/Frameworks/JavaVM.framework/Versions/CurrentJDK/Home/../Classes/alt-rt.jar:/System/Library/Frameworks/JavaVM.framework/Versions/CurrentJDK/Home/../Classes/alt-string.jar:/System/Library/Frameworks/JavaVM.framework/Versions/CurrentJDK/Home/../Classes/charsets.jar:/System/Library/Frameworks/JavaVM.framework/Versions/CurrentJDK/Home/../Classes/classes.jar:/System/Library/Frameworks/JavaVM.framework/Versions/CurrentJDK/Home/../Classes/dt.jar:/System/Library/Frameworks/JavaVM.framework/Versions/CurrentJDK/Home/../Classes/jce.jar:/System/Library/Frameworks/JavaVM.framework/Versions/CurrentJDK/Home/../Classes/jconsole.jar:/System/Library/Frameworks/JavaVM.framework/Versions/CurrentJDK/Home/../Classes/jsse.jar:/System/Library/Frameworks/JavaVM.framework/Versions/CurrentJDK/Home/../Classes/management-agent.jar:/System/Library/Frameworks/JavaVM.framework/Versions/CurrentJDK/Home/../Classes/ui.jar" />
    <property name="test.logs.dir" value="/Users/ervin/Projects/caGrid/caGrid-1_5_release/Software/core/caGrid/projects/sdkQuery44/test/logs" />
    <property name="env.HOSTTYPE" value="intel-mac" />
    <property name="java.vendor.url.bug" value="http://bugreport.apple.com/" />
    <property name="javadoc.dir" value="/Users/ervin/Projects/caGrid/caGrid-1_5_release/Software/core/caGrid/projects/sdkQuery44/build/javadoc" />
    <property name="sdk.client.dir" value="/Users/ervin/Projects/caGrid/caGrid-1_5_release/Software/core/caGrid/projects/sdkQuery44/sdk/local-client" />
    <property name="processor.classes.dir" value="/Users/ervin/Projects/caGrid/caGrid-1_5_release/Software/core/caGrid/projects/sdkQuery44/build/processor/classes" />
    <property name="env.JAVA_MAIN_CLASS_3458" value="org.apache.tools.ant.launch.Launcher" />
    <property name="user.name" value="ervin" />
    <property name="env.CVS_RSH" value="ssh" />
    <property name="ext.dir" value="/Users/ervin/Projects/caGrid/caGrid-1_5_release/Software/core/caGrid/projects/sdkQuery44/ext" />
    <property name="sun.io.unicode.encoding" value="UnicodeLittle" />
    <property name="sun.jnu.encoding" value="MacRoman" />
    <property name="java.runtime.name" value="Java(TM) SE Runtime Environment" />
    <property name="project.version" value="1.4" />
    <property name="java.specification.name" value="Java Platform API Specification" />
    <property name="ftp.nonProxyHosts" value="local|*.local|169.254/16|*.169.254/16|localhost|*.localhost|127.0.0.1|triadcommunity.org|*.triadcommunity.org|cagrid.org|*.cagrid.org" />
    <property name="user.timezone" value="" />
    <property name="env.MACHTYPE" value="x86_64" />
    <property name="path.separator" value=":" />
    <property name="env.XTERM_SHELL" value="/bin/tcsh" />
    <property name="env.com.apple.java.jvmTask" value="CommandLine_Manual.java" />
    <property name="project.name" value="caGrid-sdkQuery44" />
    <property name="file.encoding" value="MacRoman" />
    <property name="junit.results.dir" value="/Users/ervin/Projects/caGrid/caGrid-1_5_release/Software/core/caGrid/projects/sdkQuery44/test/logs/junit" />
    <property name="env.HOME" value="/Users/ervin" />
    <property name="socksNonProxyHosts" value="local|*.local|169.254/16|*.169.254/16|localhost|*.localhost|127.0.0.1|triadcommunity.org|*.triadcommunity.org|cagrid.org|*.cagrid.org" />
    <property name="ant.file" value="/Users/ervin/Projects/caGrid/caGrid-1_5_release/Software/core/caGrid/projects/sdkQuery44/build.xml" />
    <property name="java.io.tmpdir" value="/var/folders/M2/M2eLa4tFElelS2p09b6x7U+++TI/-Tmp-/" />
    <property name="TODAY" value="September 13 2011" />
    <property name="user.language" value="en" />
    <property name="line.separator" value="
" />
    <property name="env.ANT_OPTS" value="-Xmx1024m -Xms512m" />
    <property name="processor.jarfile" value="/Users/ervin/Projects/caGrid/caGrid-1_5_release/Software/core/caGrid/projects/sdkQuery44/build/jars/caGrid-sdkQuery44-processor-1.4.jar" />
    <property name="processor.src.dir" value="/Users/ervin/Projects/caGrid/caGrid-1_5_release/Software/core/caGrid/projects/sdkQuery44/src/java/processor" />
    <property name="java.vm.info" value="mixed mode" />
    <property name="java.vm.specification.name" value="Java Virtual Machine Specification" />
    <property name="env.__CF_USER_TEXT_ENCODING" value="0x1F5:0:0" />
    <property name="env.XTERM_LOCALE" value="C" />
    <property name="test.classes.dir" value="/Users/ervin/Projects/caGrid/caGrid-1_5_release/Software/core/caGrid/projects/sdkQuery44/build/test/classes" />
    <property name="env.EDITOR" value="nano" />
    <property name="http.nonProxyHosts" value="local|*.local|169.254/16|*.169.254/16|localhost|*.localhost|127.0.0.1|triadcommunity.org|*.triadcommunity.org|cagrid.org|*.cagrid.org" />
    <property name="java.awt.printerjob" value="apple.awt.CPrinterJob" />
    <property name="style.info.dir" value="/Users/ervin/Projects/caGrid/caGrid-1_5_release/Software/core/caGrid/projects/sdkQuery44/style" />
    <property name="ant.version" value="Apache Ant version 1.7.1 compiled on June 27 2008" />
    <property name="env.WINDOWID" value="6291469" />
    <property name="env.OSTYPE" value="darwin" />
    <property name="https.proxyPort" value="8888" />
    <property name="gopherProxySet" value="false" />
    <property name="os.name" value="Mac OS X" />
    <property name="java.specification.vendor" value="Sun Microsystems Inc." />
    <property name="mrj.build" value="10M3425" />
    <property name="env.TERM" value="xterm" />
    <property name="java.vm.name" value="Java HotSpot(TM) 64-Bit Server VM" />
    <property name="mrj.version" value="1060.1.6.0_24-334" />
    <property name="ant.file.caGrid-sdkQuery44-test-harness" value="/Users/ervin/Projects/caGrid/caGrid-1_5_release/Software/core/caGrid/projects/sdkQuery44/test/test.xml" />
    <property name="java.library.path" value=".:/Library/Java/Extensions:/System/Library/Java/Extensions:/usr/lib/java" />
    <property name="env.PATH" value="/opt/local/bin:/opt/local/sbin:/System/Library/Frameworks/JavaVM.framework/Versions/CurrentJDK/Home/bin:/Users/ervin/Installs/ant/apache-ant-1.7.1/bin:/opt/local/bin:/opt/local/sbin:/System/Library/Frameworks/JavaVM.framework/Versions/CurrentJDK/Home/bin:/Users/ervin/Installs/ant/apache-ant-1.7.1/bin:/usr/bin:/bin:/usr/sbin:/sbin:/usr/local/bin:/usr/X11/bin:/usr/X11/bin" />
    <property name="ant.java.version" value="1.6" />
    <property name="basedir" value="/Users/ervin/Projects/caGrid/caGrid-1_5_release/Software/core/caGrid/projects/sdkQuery44" />
    <property name="java.class.version" value="50.0" />
    <property name="env.SHLVL" value="3" />
    <property name="ext.lib.dir" value="/Users/ervin/Projects/caGrid/caGrid-1_5_release/Software/core/caGrid/projects/sdkQuery44/ext/dependencies/impl/jars" />
    <property name="ant.home" value="/Users/ervin/Installs/ant/apache-ant-1.7.1" />
    <property name="globus.dir" value="/Users/ervin/Installs/globus/ws-core-4.0.3-sha2" />
    <property name="ext.test.lib.dir" value="/Users/ervin/Projects/caGrid/caGrid-1_5_release/Software/core/caGrid/projects/sdkQuery44/ext/dependencies/test/jars" />
    <property name="env.X11_PREFS_DOMAIN" value="org.x.X11" />
    <property name="sun.boot.library.path" value="/System/Library/Java/JavaVirtualMachines/1.6.0.jdk/Contents/Libraries" />
    <property name="build.dir" value="/Users/ervin/Projects/caGrid/caGrid-1_5_release/Software/core/caGrid/projects/sdkQuery44/build" />
    <property name="sun.management.compiler" value="HotSpot 64-Bit Server Compiler" />
    <property name="java.awt.graphicsenv" value="apple.awt.CGraphicsEnvironment" />
    <property name="env.USER" value="ervin" />
    <property name="env.GROUP" value="staff" />
    <property name="http.proxyPort" value="8888" />
    <property name="style.classes.dir" value="/Users/ervin/Projects/caGrid/caGrid-1_5_release/Software/core/caGrid/projects/sdkQuery44/build/style/classes" />
    <property name="env.VENDOR" value="apple" />
    <property name="https.proxyHost" value="localhost" />
    <property name="env.COMMAND_MODE" value="unix2003" />
    <property name="jar.dir" value="/Users/ervin/Projects/caGrid/caGrid-1_5_release/Software/core/caGrid/projects/sdkQuery44/build/jars" />
    <property name="ant.project.name" value="caGrid-sdkQuery44" />
    <property name="ftp.proxyPort" value="8888" />
    <property name="java.vm.specification.version" value="1.0" />
    <property name="env.GLOBUS_LOCATION" value="/Users/ervin/Installs/globus/ws-core-4.0.3-sha2/" />
    <property name="awt.toolkit" value="apple.awt.CToolkit" />
    <property name="sun.cpu.isalist" value="" />
    <property name="java.ext.dirs" value="/Library/Java/Extensions:/System/Library/Java/Extensions:/System/Library/Java/JavaVirtualMachines/1.6.0.jdk/Contents/Home/lib/ext" />
    <property name="os.version" value="10.6.8" />
    <property name="env.HOST" value="David-Ervins-MacBook-Pro-2.local" />
    <property name="user.home" value="/Users/ervin" />
    <property name="java.vm.vendor" value="Apple Inc." />
    <property name="introduce.dir" value="/Users/ervin/Projects/caGrid/caGrid-1_5_release/Software/core/caGrid/projects/introduce" />
    <property name="env.JAVA_HOME" value="/System/Library/Frameworks/JavaVM.framework/Versions/CurrentJDK/Home" />
    <property name="java.source" value="1.5" />
    <property name="user.dir" value="/Users/ervin/Projects/caGrid/caGrid-1_5_release/Software/core/caGrid/projects/sdkQuery44" />
    <property name="env.PWD" value="/Users/ervin/Projects/caGrid/caGrid-1_5_release/Software/core/caGrid/projects/sdkQuery44" />
    <property name="test.dir" value="/Users/ervin/Projects/caGrid/caGrid-1_5_release/Software/core/caGrid/projects/sdkQuery44/test" />
    <property name="ant.file.caGrid-sdkQuery44" value="/Users/ervin/Projects/caGrid/caGrid-1_5_release/Software/core/caGrid/projects/sdkQuery44/build.xml" />
    <property name="sdk.lib.dir" value="/Users/ervin/Projects/caGrid/caGrid-1_5_release/Software/core/caGrid/projects/sdkQuery44/sdk/local-client/lib" />
    <property name="sun.cpu.endian" value="little" />
    <property name="env.TMPDIR" value="/var/folders/M2/M2eLa4tFElelS2p09b6x7U+++TI/-Tmp-/" />
    <property name="env.com.apple.java.jvmMode" value="client" />
    <property name="java.vm.version" value="19.1-b02-334" />
    <property name="java.class.path" value="/Users/ervin/Projects/caGrid/caGrid-1_5_release/Software/core/caGrid/projects/sdkQuery44/build/jars/caGrid-sdkQuery44-processor-1.4.jar:/Users/ervin/Projects/caGrid/caGrid-1_5_release/Software/core/caGrid/projects/sdkQuery44/build/jars/caGrid-sdkQuery44-style-1.4.jar:/Users/ervin/Projects/caGrid/caGrid-1_5_release/Software/core/caGrid/projects/sdkQuery44/build/jars/caGrid-sdkQuery44-test-1.4.jar:/Users/ervin/Projects/caGrid/caGrid-1_5_release/Software/core/caGrid/projects/sdkQuery44/build/jars/caGrid-sdkQuery44-translator-1.4.jar:/Users/ervin/Projects/caGrid/caGrid-1_5_release/Software/core/caGrid/projects/sdkQuery44/ext/dependencies/impl/jars/antlr-2.7.6.jar:/Users/ervin/Projects/caGrid/caGrid-1_5_release/Software/core/caGrid/projects/sdkQuery44/ext/dependencies/impl/jars/caGrid-CQL-cql.1.0-1.5.jar:/Users/ervin/Projects/caGrid/caGrid-1_5_release/Software/core/caGrid/projects/sdkQuery44/ext/dependencies/impl/jars/caGrid-CQL-cql.2.0-1.5.jar:/Users/ervin/Projects/caGrid/caGrid-1_5_release/Software/core/caGrid/projects/sdkQuery44/ext/dependencies/impl/jars/caGrid-CQL-dcql.2.0-1.5.jar:/Users/ervin/Projects/caGrid/caGrid-1_5_release/Software/core/caGrid/projects/sdkQuery44/ext/dependencies/impl/jars/caGrid-CQL-mappings-1.5.jar:/Users/ervin/Projects/caGrid/caGrid-1_5_release/Software/core/caGrid/projects/sdkQuery44/ext/dependencies/impl/jars/caGrid-CQL-utils-1.5.jar:/Users/ervin/Projects/caGrid/caGrid-1_5_release/Software/core/caGrid/projects/sdkQuery44/ext/dependencies/impl/jars/caGrid-Introduce-core-1.5.jar:/Users/ervin/Projects/caGrid/caGrid-1_5_release/Software/core/caGrid/projects/sdkQuery44/ext/dependencies/impl/jars/caGrid-Introduce-portal-1.5.jar:/Users/ervin/Projects/caGrid/caGrid-1_5_release/Software/core/caGrid/projects/sdkQuery44/ext/dependencies/impl/jars/caGrid-Introduce-serviceTools-1.5.jar:/Users/ervin/Projects/caGrid/caGrid-1_5_release/Software/core/caGrid/projects/sdkQuery44/ext/dependencies/impl/jars/caGrid-ServiceSecurityProvider-client-1.5.jar:/Users/ervin/Projects/caGrid/caGrid-1_5_release/Software/core/caGrid/projects/sdkQuery44/ext/dependencies/impl/jars/caGrid-ServiceSecurityProvider-common-1.5.jar:/Users/ervin/Projects/caGrid/caGrid-1_5_release/Software/core/caGrid/projects/sdkQuery44/ext/dependencies/impl/jars/caGrid-ServiceSecurityProvider-service-1.5.jar:/Users/ervin/Projects/caGrid/caGrid-1_5_release/Software/core/caGrid/projects/sdkQuery44/ext/dependencies/impl/jars/caGrid-ServiceSecurityProvider-stubs-1.5.jar:/Users/ervin/Projects/caGrid/caGrid-1_5_release/Software/core/caGrid/projects/sdkQuery44/ext/dependencies/impl/jars/caGrid-Transfer-client-1.5.jar:/Users/ervin/Projects/caGrid/caGrid-1_5_release/Software/core/caGrid/projects/sdkQuery44/ext/dependencies/impl/jars/caGrid-Transfer-common-1.5.jar:/Users/ervin/Projects/caGrid/caGrid-1_5_release/Software/core/caGrid/projects/sdkQuery44/ext/dependencies/impl/jars/caGrid-Transfer-service-1.5.jar:/Users/ervin/Projects/caGrid/caGrid-1_5_release/Software/core/caGrid/projects/sdkQuery44/ext/dependencies/impl/jars/caGrid-Transfer-stubs-1.5.jar:/Users/ervin/Projects/caGrid/caGrid-1_5_release/Software/core/caGrid/projects/sdkQuery44/ext/dependencies/impl/jars/caGrid-advertisement-1.5.jar:/Users/ervin/Projects/caGrid/caGrid-1_5_release/Software/core/caGrid/projects/sdkQuery44/ext/dependencies/impl/jars/caGrid-core-1.5.jar:/Users/ervin/Projects/caGrid/caGrid-1_5_release/Software/core/caGrid/projects/sdkQuery44/ext/dependencies/impl/jars/caGrid-data-common-1.5.jar:/Users/ervin/Projects/caGrid/caGrid-1_5_release/Software/core/caGrid/projects/sdkQuery44/ext/dependencies/impl/jars/caGrid-data-cql-1.5.jar:/Users/ervin/Projects/caGrid/caGrid-1_5_release/Software/core/caGrid/projects/sdkQuery44/ext/dependencies/impl/jars/caGrid-data-service-1.5.jar:/Users/ervin/Projects/caGrid/caGrid-1_5_release/Software/core/caGrid/projects/sdkQuery44/ext/dependencies/impl/jars/caGrid-data-stubs-1.5.jar:/Users/ervin/Projects/caGrid/caGrid-1_5_release/Software/core/caGrid/projects/sdkQuery44/ext/dependencies/impl/jars/caGrid-data-tools-1.5.jar:/Users/ervin/Projects/caGrid/caGrid-1_5_release/Software/core/caGrid/projects/sdkQuery44/ext/dependencies/impl/jars/caGrid-data-utils-1.5.jar:/Users/ervin/Projects/caGrid/caGrid-1_5_release/Software/core/caGrid/projects/sdkQuery44/ext/dependencies/impl/jars/caGrid-data-validation-1.5.jar:/Users/ervin/Projects/caGrid/caGrid-1_5_release/Software/core/caGrid/projects/sdkQuery44/ext/dependencies/impl/jars/caGrid-dataExtensions-core-1.5.jar:/Users/ervin/Projects/caGrid/caGrid-1_5_release/Software/core/caGrid/projects/sdkQuery44/ext/dependencies/impl/jars/caGrid-dataExtensions-sdkstyle-1.5.jar:/Users/ervin/Projects/caGrid/caGrid-1_5_release/Software/core/caGrid/projects/sdkQuery44/ext/dependencies/impl/jars/caGrid-dataExtensions-ui-1.5.jar:/Users/ervin/Projects/caGrid/caGrid-1_5_release/Software/core/caGrid/projects/sdkQuery44/ext/dependencies/impl/jars/caGrid-grape-1.5.jar:/Users/ervin/Projects/caGrid/caGrid-1_5_release/Software/core/caGrid/projects/sdkQuery44/ext/dependencies/impl/jars/caGrid-grape-resources-1.5.jar:/Users/ervin/Projects/caGrid/caGrid-1_5_release/Software/core/caGrid/projects/sdkQuery44/ext/dependencies/impl/jars/caGrid-graph-1.5.jar:/Users/ervin/Projects/caGrid/caGrid-1_5_release/Software/core/caGrid/projects/sdkQuery44/ext/dependencies/impl/jars/caGrid-iso21090-domain-model-tools-1.5.jar:/Users/ervin/Projects/caGrid/caGrid-1_5_release/Software/core/caGrid/projects/sdkQuery44/ext/dependencies/impl/jars/caGrid-metadata-common-1.5.jar:/Users/ervin/Projects/caGrid/caGrid-1_5_release/Software/core/caGrid/projects/sdkQuery44/ext/dependencies/impl/jars/caGrid-metadata-data-1.5.jar:/Users/ervin/Projects/caGrid/caGrid-1_5_release/Software/core/caGrid/projects/sdkQuery44/ext/dependencies/impl/jars/caGrid-metadata-security-1.5.jar:/Users/ervin/Projects/caGrid/caGrid-1_5_release/Software/core/caGrid/projects/sdkQuery44/ext/dependencies/impl/jars/caGrid-metadatautils-1.5.jar:/Users/ervin/Projects/caGrid/caGrid-1_5_release/Software/core/caGrid/projects/sdkQuery44/ext/dependencies/impl/jars/caGrid-mms-stubs-1.5.jar:/Users/ervin/Projects/caGrid/caGrid-1_5_release/Software/core/caGrid/projects/sdkQuery44/ext/dependencies/impl/jars/caGrid-wsEnum-1.5.jar:/Users/ervin/Projects/caGrid/caGrid-1_5_release/Software/core/caGrid/projects/sdkQuery44/ext/dependencies/impl/jars/caGrid-wsEnum-stubs-1.5.jar:/Users/ervin/Projects/caGrid/caGrid-1_5_release/Software/core/caGrid/projects/sdkQuery44/ext/dependencies/impl/jars/castor-1.0.2.jar:/Users/ervin/Projects/caGrid/caGrid-1_5_release/Software/core/caGrid/projects/sdkQuery44/ext/dependencies/impl/jars/commons-codec-1.3.jar:/Users/ervin/Projects/caGrid/caGrid-1_5_release/Software/core/caGrid/projects/sdkQuery44/ext/dependencies/impl/jars/commons-collections-3.2.jar:/Users/ervin/Projects/caGrid/caGrid-1_5_release/Software/core/caGrid/projects/sdkQuery44/ext/dependencies/impl/jars/commons-httpclient-3.0.1.jar:/Users/ervin/Projects/caGrid/caGrid-1_5_release/Software/core/caGrid/projects/sdkQuery44/ext/dependencies/impl/jars/commons-logging-1.1.jar:/Users/ervin/Projects/caGrid/caGrid-1_5_release/Software/core/caGrid/projects/sdkQuery44/ext/dependencies/impl/jars/gef_modified.jar:/Users/ervin/Projects/caGrid/caGrid-1_5_release/Software/core/caGrid/projects/sdkQuery44/ext/dependencies/impl/jars/globus_wsrf_mds_aggregator.jar:/Users/ervin/Projects/caGrid/caGrid-1_5_release/Software/core/caGrid/projects/sdkQuery44/ext/dependencies/impl/jars/globus_wsrf_mds_aggregator_stubs.jar:/Users/ervin/Projects/caGrid/caGrid-1_5_release/Software/core/caGrid/projects/sdkQuery44/ext/dependencies/impl/jars/globus_wsrf_servicegroup.jar:/Users/ervin/Projects/caGrid/caGrid-1_5_release/Software/core/caGrid/projects/sdkQuery44/ext/dependencies/impl/jars/globus_wsrf_servicegroup_stubs.jar:/Users/ervin/Projects/caGrid/caGrid-1_5_release/Software/core/caGrid/projects/sdkQuery44/ext/dependencies/impl/jars/jasciidammit-1.1.jar:/Users/ervin/Projects/caGrid/caGrid-1_5_release/Software/core/caGrid/projects/sdkQuery44/ext/dependencies/impl/jars/jaxb-api-2.1.jar:/Users/ervin/Projects/caGrid/caGrid-1_5_release/Software/core/caGrid/projects/sdkQuery44/ext/dependencies/impl/jars/jaxb-impl-2.1.4.jar:/Users/ervin/Projects/caGrid/caGrid-1_5_release/Software/core/caGrid/projects/sdkQuery44/ext/dependencies/impl/jars/jaxb-xjc-2.1.4.jar:/Users/ervin/Projects/caGrid/caGrid-1_5_release/Software/core/caGrid/projects/sdkQuery44/ext/dependencies/impl/jars/jaxen-1.1.jar:/Users/ervin/Projects/caGrid/caGrid-1_5_release/Software/core/caGrid/projects/sdkQuery44/ext/dependencies/impl/jars/jaxen-core-1.0.jar:/Users/ervin/Projects/caGrid/caGrid-1_5_release/Software/core/caGrid/projects/sdkQuery44/ext/dependencies/impl/jars/jaxen-jdom-1.0.jar:/Users/ervin/Projects/caGrid/caGrid-1_5_release/Software/core/caGrid/projects/sdkQuery44/ext/dependencies/impl/jars/jaxmejs-0.5.2.jar:/Users/ervin/Projects/caGrid/caGrid-1_5_release/Software/core/caGrid/projects/sdkQuery44/ext/dependencies/impl/jars/jdom-1.1.jar:/Users/ervin/Projects/caGrid/caGrid-1_5_release/Software/core/caGrid/projects/sdkQuery44/ext/dependencies/impl/jars/log4j-1.2.14.jar:/Users/ervin/Projects/caGrid/caGrid-1_5_release/Software/core/caGrid/projects/sdkQuery44/ext/dependencies/impl/jars/relaxngDatatype.jar:/Users/ervin/Projects/caGrid/caGrid-1_5_release/Software/core/caGrid/projects/sdkQuery44/ext/dependencies/impl/jars/saxpath-1.0.jar:/Users/ervin/Projects/caGrid/caGrid-1_5_release/Software/core/caGrid/projects/sdkQuery44/ext/dependencies/impl/jars/validation-2.0.0.jar:/Users/ervin/Projects/caGrid/caGrid-1_5_release/Software/core/caGrid/projects/sdkQuery44/ext/dependencies/impl/jars/xmi.in.out-1.0.jar:/Users/ervin/Projects/caGrid/caGrid-1_5_release/Software/core/caGrid/projects/sdkQuery44/ext/dependencies/impl/jars/xsom14.jar:/Users/ervin/Projects/caGrid/caGrid-1_5_release/Software/core/caGrid/projects/sdkQuery44/ext/dependencies/test/jars/caGrid-core-1.5.jar:/Users/ervin/Projects/caGrid/caGrid-1_5_release/Software/core/caGrid/projects/sdkQuery44/ext/dependencies/test/jars/caGrid-core-tests-1.5.jar:/Users/ervin/Projects/caGrid/caGrid-1_5_release/Software/core/caGrid/projects/sdkQuery44/ext/dependencies/test/jars/caGrid-testing-core-1.5.jar:/Users/ervin/Projects/caGrid/caGrid-1_5_release/Software/core/caGrid/projects/sdkQuery44/ext/dependencies/test/jars/caGrid-testing-system-1.5.jar:/Users/ervin/Projects/caGrid/caGrid-1_5_release/Software/core/caGrid/projects/sdkQuery44/ext/dependencies/test/jars/commons-collections-3.2.jar:/Users/ervin/Projects/caGrid/caGrid-1_5_release/Software/core/caGrid/projects/sdkQuery44/ext/dependencies/test/jars/jdepend-2.7.jar:/Users/ervin/Projects/caGrid/caGrid-1_5_release/Software/core/caGrid/projects/sdkQuery44/ext/dependencies/test/jars/jdom-1.1.jar:/Users/ervin/Projects/caGrid/caGrid-1_5_release/Software/core/caGrid/projects/sdkQuery44/ext/dependencies/test/jars/junit-4.8.2.jar:/Users/ervin/Projects/caGrid/caGrid-1_5_release/Software/core/caGrid/projects/sdkQuery44/sdk/local-client/lib/acegi-security-1.0.4.jar:/Users/ervin/Projects/caGrid/caGrid-1_5_release/Software/core/caGrid/projects/sdkQuery44/sdk/local-client/lib/activation-1.0.2.jar:/Users/ervin/Projects/caGrid/caGrid-1_5_release/Software/core/caGrid/projects/sdkQuery44/sdk/local-client/lib/antlr-2.7.6.jar:/Users/ervin/Projects/caGrid/caGrid-1_5_release/Software/core/caGrid/projects/sdkQuery44/sdk/local-client/lib/asm-1.5.3.jar:/Users/ervin/Projects/caGrid/caGrid-1_5_release/Software/core/caGrid/projects/sdkQuery44/sdk/local-client/lib/axis-1.4.jar:/Users/ervin/Projects/caGrid/caGrid-1_5_release/Software/core/caGrid/projects/sdkQuery44/sdk/local-client/lib/c3p0-0.9.0.jar:/Users/ervin/Projects/caGrid/caGrid-1_5_release/Software/core/caGrid/projects/sdkQuery44/sdk/local-client/lib/caGrid-CQL-cql.1.0-1.3.jar:/Users/ervin/Projects/caGrid/caGrid-1_5_release/Software/core/caGrid/projects/sdkQuery44/sdk/local-client/lib/caGrid-CQL-cql.1.0-1.4.jar:/Users/ervin/Projects/caGrid/caGrid-1_5_release/Software/core/caGrid/projects/sdkQuery44/sdk/local-client/lib/caGrid-data-common-1.3.jar:/Users/ervin/Projects/caGrid/caGrid-1_5_release/Software/core/caGrid/projects/sdkQuery44/sdk/local-client/lib/caGrid-data-common-1.4.jar:/Users/ervin/Projects/caGrid/caGrid-1_5_release/Software/core/caGrid/projects/sdkQuery44/sdk/local-client/lib/caGrid-data-stubs-1.3.jar:/Users/ervin/Projects/caGrid/caGrid-1_5_release/Software/core/caGrid/projects/sdkQuery44/sdk/local-client/lib/caGrid-data-stubs-1.4.jar:/Users/ervin/Projects/caGrid/caGrid-1_5_release/Software/core/caGrid/projects/sdkQuery44/sdk/local-client/lib/caGrid-sdkQuery4-beans-1.3.jar:/Users/ervin/Projects/caGrid/caGrid-1_5_release/Software/core/caGrid/projects/sdkQuery44/sdk/local-client/lib/caGrid-sdkQuery4-beans-1.4.jar:/Users/ervin/Projects/caGrid/caGrid-1_5_release/Software/core/caGrid/projects/sdkQuery44/sdk/local-client/lib/caGrid-sdkQuery4-processor-1.3.jar:/Users/ervin/Projects/caGrid/caGrid-1_5_release/Software/core/caGrid/projects/sdkQuery44/sdk/local-client/lib/caGrid-sdkQuery4-processor-1.4.jar:/Users/ervin/Projects/caGrid/caGrid-1_5_release/Software/core/caGrid/projects/sdkQuery44/sdk/local-client/lib/castor-1.0.2.jar:/Users/ervin/Projects/caGrid/caGrid-1_5_release/Software/core/caGrid/projects/sdkQuery44/sdk/local-client/lib/cglib-2.1_3.jar:/Users/ervin/Projects/caGrid/caGrid-1_5_release/Software/core/caGrid/projects/sdkQuery44/sdk/local-client/lib/clm-4.2.beta.jar:/Users/ervin/Projects/caGrid/caGrid-1_5_release/Software/core/caGrid/projects/sdkQuery44/sdk/local-client/lib/cog-axis-noversion.jar:/Users/ervin/Projects/caGrid/caGrid-1_5_release/Software/core/caGrid/projects/sdkQuery44/sdk/local-client/lib/cog-jglobus-1.2.jar:/Users/ervin/Projects/caGrid/caGrid-1_5_release/Software/core/caGrid/projects/sdkQuery44/sdk/local-client/lib/commons-beanutils-1.7.0.jar:/Users/ervin/Projects/caGrid/caGrid-1_5_release/Software/core/caGrid/projects/sdkQuery44/sdk/local-client/lib/commons-codec-1.3.jar:/Users/ervin/Projects/caGrid/caGrid-1_5_release/Software/core/caGrid/projects/sdkQuery44/sdk/local-client/lib/commons-collections-3.2.jar:/Users/ervin/Projects/caGrid/caGrid-1_5_release/Software/core/caGrid/projects/sdkQuery44/sdk/local-client/lib/commons-discovery-0.2.jar:/Users/ervin/Projects/caGrid/caGrid-1_5_release/Software/core/caGrid/projects/sdkQuery44/sdk/local-client/lib/commons-lang-2.4.jar:/Users/ervin/Projects/caGrid/caGrid-1_5_release/Software/core/caGrid/projects/sdkQuery44/sdk/local-client/lib/commons-logging-1.1.jar:/Users/ervin/Projects/caGrid/caGrid-1_5_release/Software/core/caGrid/projects/sdkQuery44/sdk/local-client/lib/csmapi-4.2.jar:/Users/ervin/Projects/caGrid/caGrid-1_5_release/Software/core/caGrid/projects/sdkQuery44/sdk/local-client/lib/dom4j-1.4.jar:/Users/ervin/Projects/caGrid/caGrid-1_5_release/Software/core/caGrid/projects/sdkQuery44/sdk/local-client/lib/ehcache-1.2.4.jar:/Users/ervin/Projects/caGrid/caGrid-1_5_release/Software/core/caGrid/projects/sdkQuery44/sdk/local-client/lib/hibernate-3.2.0.ga-modified.jar:/Users/ervin/Projects/caGrid/caGrid-1_5_release/Software/core/caGrid/projects/sdkQuery44/sdk/local-client/lib/hibernate-annotations-3.2.0.jar:/Users/ervin/Projects/caGrid/caGrid-1_5_release/Software/core/caGrid/projects/sdkQuery44/sdk/local-client/lib/hibernate-validator-3.0.0.GA.jar:/Users/ervin/Projects/caGrid/caGrid-1_5_release/Software/core/caGrid/projects/sdkQuery44/sdk/local-client/lib/iso-datatypes-2.1.1.jar:/Users/ervin/Projects/caGrid/caGrid-1_5_release/Software/core/caGrid/projects/sdkQuery44/sdk/local-client/lib/iso-datatypes-extensions-2.1.1.jar:/Users/ervin/Projects/caGrid/caGrid-1_5_release/Software/core/caGrid/projects/sdkQuery44/sdk/local-client/lib/iso-datatypes-hibernate-2.1.1.jar:/Users/ervin/Projects/caGrid/caGrid-1_5_release/Software/core/caGrid/projects/sdkQuery44/sdk/local-client/lib/isoExample-beans.jar:/Users/ervin/Projects/caGrid/caGrid-1_5_release/Software/core/caGrid/projects/sdkQuery44/sdk/local-client/lib/isoExample-orm.jar:/Users/ervin/Projects/caGrid/caGrid-1_5_release/Software/core/caGrid/projects/sdkQuery44/sdk/local-client/lib/isoExample-schema.jar:/Users/ervin/Projects/caGrid/caGrid-1_5_release/Software/core/caGrid/projects/sdkQuery44/sdk/local-client/lib/jaxb-api-2.1.jar:/Users/ervin/Projects/caGrid/caGrid-1_5_release/Software/core/caGrid/projects/sdkQuery44/sdk/local-client/lib/jaxb-impl-2.1.4.jar:/Users/ervin/Projects/caGrid/caGrid-1_5_release/Software/core/caGrid/projects/sdkQuery44/sdk/local-client/lib/jaxb-xjc-2.1.4.jar:/Users/ervin/Projects/caGrid/caGrid-1_5_release/Software/core/caGrid/projects/sdkQuery44/sdk/local-client/lib/jaxen-1.1.1.jar:/Users/ervin/Projects/caGrid/caGrid-1_5_release/Software/core/caGrid/projects/sdkQuery44/sdk/local-client/lib/jaxrpc-1.1.jar:/Users/ervin/Projects/caGrid/caGrid-1_5_release/Software/core/caGrid/projects/sdkQuery44/sdk/local-client/lib/jdom-1.1.jar:/Users/ervin/Projects/caGrid/caGrid-1_5_release/Software/core/caGrid/projects/sdkQuery44/sdk/local-client/lib/jta-1.0.1B.jar:/Users/ervin/Projects/caGrid/caGrid-1_5_release/Software/core/caGrid/projects/sdkQuery44/sdk/local-client/lib/log4j-1.2.13.jar:/Users/ervin/Projects/caGrid/caGrid-1_5_release/Software/core/caGrid/projects/sdkQuery44/sdk/local-client/lib/mysql-connector-java-5.0.8.jar:/Users/ervin/Projects/caGrid/caGrid-1_5_release/Software/core/caGrid/projects/sdkQuery44/sdk/local-client/lib/sdk-security-4.4.jar:/Users/ervin/Projects/caGrid/caGrid-1_5_release/Software/core/caGrid/projects/sdkQuery44/sdk/local-client/lib/sdk-security-client-4.4.jar:/Users/ervin/Projects/caGrid/caGrid-1_5_release/Software/core/caGrid/projects/sdkQuery44/sdk/local-client/lib/sdk-system-client-4.4.jar:/Users/ervin/Projects/caGrid/caGrid-1_5_release/Software/core/caGrid/projects/sdkQuery44/sdk/local-client/lib/sdk-system-core-4.4.jar:/Users/ervin/Projects/caGrid/caGrid-1_5_release/Software/core/caGrid/projects/sdkQuery44/sdk/local-client/lib/spring-2.0.2.jar:/Users/ervin/Projects/caGrid/caGrid-1_5_release/Software/core/caGrid/projects/sdkQuery44/sdk/local-client/lib/stax-api-1.0-2.jar:/Users/ervin/Projects/caGrid/caGrid-1_5_release/Software/core/caGrid/projects/sdkQuery44/sdk/local-client/lib/xercesImpl-2.7.1.jar:/Users/ervin/Installs/globus/ws-core-4.0.3-sha2/lib/JGlobus-Core-2.0.3.jar:/Users/ervin/Installs/globus/ws-core-4.0.3-sha2/lib/addressing-1.0.jar:/Users/ervin/Installs/globus/ws-core-4.0.3-sha2/lib/axis-url.jar:/Users/ervin/Installs/globus/ws-core-4.0.3-sha2/lib/axis.jar:/Users/ervin/Installs/globus/ws-core-4.0.3-sha2/lib/bcprov-jdk15-145.jar:/Users/ervin/Installs/globus/ws-core-4.0.3-sha2/lib/bootstrap.jar:/Users/ervin/Installs/globus/ws-core-4.0.3-sha2/lib/castor-1.0.2.jar:/Users/ervin/Installs/globus/ws-core-4.0.3-sha2/lib/cog-axis-compat-0.0.1-SNAPSHOT.jar:/Users/ervin/Installs/globus/ws-core-4.0.3-sha2/lib/cog-jglobus-compat-0.0.1-SNAPSHOT.jar:/Users/ervin/Installs/globus/ws-core-4.0.3-sha2/lib/cog-tomcat-compat-0.0.1-SNAPSHOT.jar:/Users/ervin/Installs/globus/ws-core-4.0.3-sha2/lib/commonj.jar:/Users/ervin/Installs/globus/ws-core-4.0.3-sha2/lib/commons-beanutils.jar:/Users/ervin/Installs/globus/ws-core-4.0.3-sha2/lib/commons-cli-2.0.jar:/Users/ervin/Installs/globus/ws-core-4.0.3-sha2/lib/commons-codec-1.3.jar:/Users/ervin/Installs/globus/ws-core-4.0.3-sha2/lib/commons-collections-3.0.jar:/Users/ervin/Installs/globus/ws-core-4.0.3-sha2/lib/commons-digester.jar:/Users/ervin/Installs/globus/ws-core-4.0.3-sha2/lib/commons-discovery.jar:/Users/ervin/Installs/globus/ws-core-4.0.3-sha2/lib/commons-el.jar:/Users/ervin/Installs/globus/ws-core-4.0.3-sha2/lib/commons-io-1.3.2.jar:/Users/ervin/Installs/globus/ws-core-4.0.3-sha2/lib/commons-logging-1.1.jar:/Users/ervin/Installs/globus/ws-core-4.0.3-sha2/lib/concurrent.jar:/Users/ervin/Installs/globus/ws-core-4.0.3-sha2/lib/globus_resolution_service.jar:/Users/ervin/Installs/globus/ws-core-4.0.3-sha2/lib/globus_resolution_stubs_java.jar:/Users/ervin/Installs/globus/ws-core-4.0.3-sha2/lib/globus_resolution_test.jar:/Users/ervin/Installs/globus/ws-core-4.0.3-sha2/lib/globus_transfer_service.jar:/Users/ervin/Installs/globus/ws-core-4.0.3-sha2/lib/globus_transfer_stubs_java.jar:/Users/ervin/Installs/globus/ws-core-4.0.3-sha2/lib/globus_transfer_test.jar:/Users/ervin/Installs/globus/ws-core-4.0.3-sha2/lib/globus_usage_core.jar:/Users/ervin/Installs/globus/ws-core-4.0.3-sha2/lib/globus_usage_packets_common.jar:/Users/ervin/Installs/globus/ws-core-4.0.3-sha2/lib/globus_wsrf_mds_aggregator.jar:/Users/ervin/Installs/globus/ws-core-4.0.3-sha2/lib/globus_wsrf_mds_aggregator_stubs.jar:/Users/ervin/Installs/globus/ws-core-4.0.3-sha2/lib/globus_wsrf_servicegroup.jar:/Users/ervin/Installs/globus/ws-core-4.0.3-sha2/lib/globus_wsrf_servicegroup_stubs.jar:/Users/ervin/Installs/globus/ws-core-4.0.3-sha2/lib/globus_wsrf_tools_test.jar:/Users/ervin/Installs/globus/ws-core-4.0.3-sha2/lib/jasper-compiler-jdt.jar:/Users/ervin/Installs/globus/ws-core-4.0.3-sha2/lib/jasper-compiler.jar:/Users/ervin/Installs/globus/ws-core-4.0.3-sha2/lib/jasper-runtime.jar:/Users/ervin/Installs/globus/ws-core-4.0.3-sha2/lib/jaxrpc.jar:/Users/ervin/Installs/globus/ws-core-4.0.3-sha2/lib/jdom-1.0.jar:/Users/ervin/Installs/globus/ws-core-4.0.3-sha2/lib/jgss.jar:/Users/ervin/Installs/globus/ws-core-4.0.3-sha2/lib/jprov.jar:/Users/ervin/Installs/globus/ws-core-4.0.3-sha2/lib/jsp-api.jar:/Users/ervin/Installs/globus/ws-core-4.0.3-sha2/lib/log4j-1.2.14.jar:/Users/ervin/Installs/globus/ws-core-4.0.3-sha2/lib/mobius_common_client-1.1.jar:/Users/ervin/Installs/globus/ws-core-4.0.3-sha2/lib/mobius_tools-1.1.jar:/Users/ervin/Installs/globus/ws-core-4.0.3-sha2/lib/mysql-connector-java-3.0.16-ga-bin.jar:/Users/ervin/Installs/globus/ws-core-4.0.3-sha2/lib/naming-common.jar:/Users/ervin/Installs/globus/ws-core-4.0.3-sha2/lib/naming-factory-dbcp.jar:/Users/ervin/Installs/globus/ws-core-4.0.3-sha2/lib/naming-factory.jar:/Users/ervin/Installs/globus/ws-core-4.0.3-sha2/lib/naming-java.jar:/Users/ervin/Installs/globus/ws-core-4.0.3-sha2/lib/naming-resources.jar:/Users/ervin/Installs/globus/ws-core-4.0.3-sha2/lib/opensaml.jar:/Users/ervin/Installs/globus/ws-core-4.0.3-sha2/lib/org.springframework.core-3.0.1.RELEASE-A.jar:/Users/ervin/Installs/globus/ws-core-4.0.3-sha2/lib/resolver.jar:/Users/ervin/Installs/globus/ws-core-4.0.3-sha2/lib/saaj.jar:/Users/ervin/Installs/globus/ws-core-4.0.3-sha2/lib/servlet-api.jar:/Users/ervin/Installs/globus/ws-core-4.0.3-sha2/lib/servlet.jar:/Users/ervin/Installs/globus/ws-core-4.0.3-sha2/lib/wsdl4j.jar:/Users/ervin/Installs/globus/ws-core-4.0.3-sha2/lib/wsrf_common.jar:/Users/ervin/Installs/globus/ws-core-4.0.3-sha2/lib/wsrf_core.jar:/Users/ervin/Installs/globus/ws-core-4.0.3-sha2/lib/wsrf_core_registry.jar:/Users/ervin/Installs/globus/ws-core-4.0.3-sha2/lib/wsrf_core_registry_stubs.jar:/Users/ervin/Installs/globus/ws-core-4.0.3-sha2/lib/wsrf_core_samples_authzService.jar:/Users/ervin/Installs/globus/ws-core-4.0.3-sha2/lib/wsrf_core_samples_authzService_stubs.jar:/Users/ervin/Installs/globus/ws-core-4.0.3-sha2/lib/wsrf_core_samples_counter.jar:/Users/ervin/Installs/globus/ws-core-4.0.3-sha2/lib/wsrf_core_samples_counter_stubs.jar:/Users/ervin/Installs/globus/ws-core-4.0.3-sha2/lib/wsrf_core_samples_mgmt.jar:/Users/ervin/Installs/globus/ws-core-4.0.3-sha2/lib/wsrf_core_samples_mgmt_stubs.jar:/Users/ervin/Installs/globus/ws-core-4.0.3-sha2/lib/wsrf_core_stubs.jar:/Users/ervin/Installs/globus/ws-core-4.0.3-sha2/lib/wsrf_provider_jce.jar:/Users/ervin/Installs/globus/ws-core-4.0.3-sha2/lib/wsrf_test.jar:/Users/ervin/Installs/globus/ws-core-4.0.3-sha2/lib/wsrf_test_interop.jar:/Users/ervin/Installs/globus/ws-core-4.0.3-sha2/lib/wsrf_test_interop_stubs.jar:/Users/ervin/Installs/globus/ws-core-4.0.3-sha2/lib/wsrf_test_unit.jar:/Users/ervin/Installs/globus/ws-core-4.0.3-sha2/lib/wsrf_test_unit_stubs.jar:/Users/ervin/Installs/globus/ws-core-4.0.3-sha2/lib/wsrf_tools.jar:/Users/ervin/Installs/globus/ws-core-4.0.3-sha2/lib/wss4j.jar:/Users/ervin/Installs/globus/ws-core-4.0.3-sha2/lib/xalan.jar:/Users/ervin/Installs/globus/ws-core-4.0.3-sha2/lib/xercesImpl.jar:/Users/ervin/Installs/globus/ws-core-4.0.3-sha2/lib/xml-apis.jar:/Users/ervin/Installs/globus/ws-core-4.0.3-sha2/lib/xmlsec.jar:/Users/ervin/Projects/caGrid/caGrid-1_5_release/Software/core/caGrid/projects/sdkQuery44/sdk/local-client/conf:/Users/ervin/Installs/ant/apache-ant-1.7.1/lib/ant-launcher.jar:/Users/ervin/Installs/ant/apache-ant-1.7.1/lib/ant.jar:/Users/ervin/Installs/ant/apache-ant-1.7.1/lib/ant-junit.jar" />
    <property name="DSTAMP" value="20110913" />
    <property name="ant.library.dir" value="/Users/ervin/Installs/ant/apache-ant-1.7.1/lib" />
    <property name="os.arch" value="x86_64" />
    <property name="http.proxyHost" value="localhost" />
    <property name="env.Apple_PubSub_Socket_Render" value="/tmp/launch-8xBMX8/Render" />
    <property name="sun.java.launcher" value="SUN_STANDARD" />
    <property name="ant.core.lib" value="/Users/ervin/Installs/ant/apache-ant-1.7.1/lib/ant.jar" />
    <property name="ftp.proxyHost" value="localhost" />
    <property name="java.vm.specification.vendor" value="Sun Microsystems Inc." />
    <property name="TSTAMP" value="1205" />
    <property name="file.separator" value="/" />
    <property name="java.runtime.version" value="1.6.0_24-b07-334-10M3425" />
    <property name="env.SSH_AUTH_SOCK" value="/tmp/launch-vvE5I3/Listeners" />
    <property name="sun.boot.class.path" value="/System/Library/Java/JavaVirtualMachines/1.6.0.jdk/Contents/Classes/jsfd.jar:/System/Library/Java/JavaVirtualMachines/1.6.0.jdk/Contents/Classes/classes.jar:/System/Library/Frameworks/JavaVM.framework/Frameworks/JavaRuntimeSupport.framework/Resources/Java/JavaRuntimeSupport.jar:/System/Library/Java/JavaVirtualMachines/1.6.0.jdk/Contents/Classes/ui.jar:/System/Library/Java/JavaVirtualMachines/1.6.0.jdk/Contents/Classes/laf.jar:/System/Library/Java/JavaVirtualMachines/1.6.0.jdk/Contents/Classes/sunrsasign.jar:/System/Library/Java/JavaVirtualMachines/1.6.0.jdk/Contents/Classes/jsse.jar:/System/Library/Java/JavaVirtualMachines/1.6.0.jdk/Contents/Classes/jce.jar:/System/Library/Java/JavaVirtualMachines/1.6.0.jdk/Contents/Classes/charsets.jar" />
    <property name="env.ANT_HOME" value="/Users/ervin/Installs/ant/apache-ant-1.7.1" />
    <property name="user.country" value="US" />
    <property name="env.SHELL" value="/bin/tcsh" />
    <property name="tranaslator.jarfile" value="/Users/ervin/Projects/caGrid/caGrid-1_5_release/Software/core/caGrid/projects/sdkQuery44/build/jars/caGrid-sdkQuery44-translator-1.4.jar" />
    <property name="env.REMOTEHOST" value="" />
    <property name="style.jarfile" value="/Users/ervin/Projects/caGrid/caGrid-1_5_release/Software/core/caGrid/projects/sdkQuery44/build/jars/caGrid-sdkQuery44-style-1.4.jar" />
    <property name="style.src.dir" value="/Users/ervin/Projects/caGrid/caGrid-1_5_release/Software/core/caGrid/projects/sdkQuery44/src/java/style" />
    <property name="java.vendor" value="Apple Inc." />
    <property name="build.dirs.list" value="/Users/ervin/Projects/caGrid/caGrid-1_5_release/Software/core/caGrid/projects/sdkQuery44/build/style/classes,/Users/ervin/Projects/caGrid/caGrid-1_5_release/Software/core/caGrid/projects/sdkQuery44/build/processor/classes,/Users/ervin/Projects/caGrid/caGrid-1_5_release/Software/core/caGrid/projects/sdkQuery44/build/translator/classes" />
    <property name="awt.nativeDoubleBuffering" value="true" />
    <property name="java.specification.version" value="1.6" />
    <property name="sun.arch.data.model" value="64" />
  </properties>
  <testcase classname="org.cagrid.data.sdkquery44.test.CycleTestCase" name="testAllPackagesCycle" time="0.269" />
  <system-out><![CDATA[Analyzing source from /Users/ervin/Projects/caGrid/caGrid-1_5_release/Software/core/caGrid/projects/sdkQuery44/build/style/classes
Analyzing source from /Users/ervin/Projects/caGrid/caGrid-1_5_release/Software/core/caGrid/projects/sdkQuery44/build/processor/classes
Analyzing source from /Users/ervin/Projects/caGrid/caGrid-1_5_release/Software/core/caGrid/projects/sdkQuery44/build/translator/classes
Analyzed 96 packages and 96 classes

===== Found 0 cyclic packages. =====


]]></system-out>
  <system-err><![CDATA[]]></system-err>
</testsuite>
