<?xml version="1.0" encoding="UTF-8" ?>
<testsuite errors="0" failures="0" hostname="David-Laptop" name="org.cagrid.iso21090.model.test.ISODomainModelValidationTestCase" tests="31" time="51.837" timestamp="2010-06-17T13:29:15">
  <properties>
    <property name="file.encoding.pkg" value="sun.io" />
    <property name="env.PROMPT" value="$P$G" />
    <property name="java.home" value="c:\Program Files\Java\jdk1.5.0_16\jre" />
    <property name="test.src.dir" value="w:\Projects\cagrid\trunk\cagrid\Software\core\caGrid\projects\iso21090-domain-model-tools\test\src" />
    <property name="test.project.jar" value="w:\Projects\cagrid\trunk\cagrid\Software\core\caGrid\projects\iso21090-domain-model-tools\build\jars\caGrid-iso21090-domain-model-tools-tests-1.4.jar" />
    <property name="env.DISPLAY" value="127.0.0.1:0.0" />
    <property name="cygwin.user.home" value="C:/cygwin/home/David" />
    <property name="java.endorsed.dirs" value="c:\Program Files\Java\jdk1.5.0_16\jre\lib\endorsed" />
    <property name="env.LOGNAME" value="David" />
    <property name="env.USERNAME" value="David" />
    <property name="src.dir" value="w:\Projects\cagrid\trunk\cagrid\Software\core\caGrid\projects\iso21090-domain-model-tools/src" />
    <property name="sun.os.patch.level" value="Service Pack 2" />
    <property name="java.vendor.url" value="http://java.sun.com/" />
    <property name="env.COMPUTERNAME" value="DAVID-LAPTOP" />
    <property name="java.version" value="1.5.0_16" />
    <property name="env.XTERM_VERSION" value="Cygwin 6.8.99.903(242)" />
    <property name="test.logs.dir" value="w:\Projects\cagrid\trunk\cagrid\Software\core\caGrid\projects\iso21090-domain-model-tools\test\logs" />
    <property name="env.HOSTTYPE" value="i386-cygwin" />
    <property name="java.vendor.url.bug" value="http://java.sun.com/cgi-bin/bugreport.cgi" />
    <property name="env.USERPROFILE" value="C:\Users\David" />
    <property name="javadoc.dir" value="w:\Projects\cagrid\trunk\cagrid\Software\core\caGrid\projects\iso21090-domain-model-tools/build/javadoc" />
    <property name="env.CAGRID_LOCATION" value="w:/Projects/caGrid/cagrid-1-0/caGrid" />
    <property name="test.lib.dir" value="w:\Projects\cagrid\trunk\cagrid\Software\core\caGrid\projects\iso21090-domain-model-tools\test\lib" />
    <property name="env.ROXIOCENTRAL" value="C:\Program Files\Common Files\Roxio Shared\10.0\Roxio Central36\" />
    <property name="user.name" value="David" />
    <property name="env.CVS_RSH" value="ssh" />
    <property name="ext.dir" value="w:\Projects\cagrid\trunk\cagrid\Software\core\caGrid\projects\iso21090-domain-model-tools/ext" />
    <property name="sun.io.unicode.encoding" value="UnicodeLittle" />
    <property name="sun.jnu.encoding" value="Cp1252" />
    <property name="java.runtime.name" value="Java(TM) 2 Runtime Environment, Standard Edition" />
    <property name="env.LOCALAPPDATA" value="C:\Users\David\AppData\Local" />
    <property name="project.version" value="1.4" />
    <property name="java.specification.name" value="Java Platform API Specification" />
    <property name="user.timezone" value="" />
    <property name="env.MACHTYPE" value="i386" />
    <property name="path.separator" value=";" />
    <property name="env.PROCESSOR_IDENTIFIER" value="x86 Family 6 Model 23 Stepping 6, GenuineIntel" />
    <property name="env.XTERM_SHELL" value="/cygdrive/c/cygwin/bin/tcsh" />
    <property name="project.name" value="caGrid-iso21090-domain-model-tools" />
    <property name="file.encoding" value="Cp1252" />
    <property name="junit.results.dir" value="w:\Projects\cagrid\trunk\cagrid\Software\core\caGrid\projects\iso21090-domain-model-tools\test\logs" />
    <property name="env.HOME" value="C:\cygwin\home\David" />
    <property name="env.MANPATH" value=":/usr/ssl/man:/usr/ssl/man" />
    <property name="env.NUMBER_OF_PROCESSORS" value="2" />
    <property name="env.APPDATA" value="C:\Users\David\AppData\Roaming" />
    <property name="ant.file" value="w:\Projects\cagrid\trunk\cagrid\Software\core\caGrid\projects\iso21090-domain-model-tools\build.xml" />
    <property name="env.WINDIR" value="C:\Windows" />
    <property name="env.QTJAVA" value="C:\Program Files\Java\jre1.6.0_05\lib\ext\QTJava.zip" />
    <property name="env.CAGRID_BASE" value="w:/Projects/caGrid" />
    <property name="java.io.tmpdir" value="C:\Users\David\" />
    <property name="TODAY" value="June 17 2010" />
    <property name="user.language" value="en" />
    <property name="line.separator" value="
" />
    <property name="env.!EXITCODE" value="00000000" />
    <property name="env.COMMONPROGRAMFILES" value="C:\Program Files\Common Files" />
    <property name="java.vm.info" value="mixed mode, sharing" />
    <property name="sun.desktop" value="windows" />
    <property name="env.CYGWIN_ROOT" value="\cygwin" />
    <property name="java.vm.specification.name" value="Java Virtual Machine Specification" />
    <property name="env.XTERM_LOCALE" value="C" />
    <property name="env.M2_HOME" value="w:/Projects/dev-lib/apache-maven-2.2.1" />
    <property name="env.PATHEXT" value=".COM;.EXE;.BAT;.CMD;.VBS;.VBE;.JS;.JSE;.WSF;.WSH;.MSC" />
    <property name="test.classes.dir" value="w:\Projects\cagrid\trunk\cagrid\Software\core\caGrid\projects\iso21090-domain-model-tools\build\test\classes" />
    <property name="env.EDITOR" value="nano" />
    <property name="env.LOGONSERVER" value="\\DAVID-LAPTOP" />
    <property name="java.awt.printerjob" value="sun.awt.windows.WPrinterJob" />
    <property name="env.PUBLIC" value="C:\Users\Public" />
    <property name="ant.version" value="Apache Ant version 1.7.1 compiled on June 27 2008" />
    <property name="env.USERDOMAIN" value="David-Laptop" />
    <property name="env.WINDOWID" value="12582947" />
    <property name="env.OSTYPE" value="cygwin" />
    <property name="env.PROCESSOR_LEVEL" value="6" />
    <property name="env.CLASSPATH" value=".;c:/Program Files/Java/jre1.6.0_05/lib/ext/QTJava.zip" />
    <property name="os.name" value="Windows Vista" />
    <property name="java.specification.vendor" value="Sun Microsystems Inc." />
    <property name="env.TERM" value="xterm" />
    <property name="java.vm.name" value="Java HotSpot(TM) Client VM" />
    <property name="env.OS" value="Windows_NT" />
    <property name="java.library.path" value="c:\Program Files\Java\jdk1.5.0_16\jre\bin;.;C:\Windows\system32;C:\Windows;c:\cygwin\usr\local\bin;c:\cygwin\bin;c:\cygwin\usr\bin;c:\Program Files\Java\jdk1.5.0_16\bin;w:\Projects\dev-lib\apache-maven-2.2.1\bin;w:\Projects\dev-lib\apache-ant-1.7.1\bin;c:\Users\David\Downloads\Emacs\emacs-22.3\bin;c:\cygwin\usr\local\bin;c:\cygwin\bin;c:\cygwin\usr\bin;c:\Program Files\Java\jdk1.5.0_16\bin;w:\Projects\dev-lib\apache-maven-2.2.1\bin;w:\Projects\dev-lib\apache-ant-1.7.1\bin;c:\Users\David\Downloads\Emacs\emacs-22.3\bin;C:\cygwin\usr\local\bin;C:\cygwin\bin;C:\cygwin\bin;.;C:\cygwin\bin;c:\Windows\system32;c:\Windows;c:\Windows\System32\Wbem;c:\Program Files\Common Files\Roxio Shared\DLLShared\;c:\Program Files\Common Files\Roxio Shared\10.0\DLLShared\;c:\Program Files\QuickTime\QTSystem\;c:\Program Files\MySQL\MySQL Server 5.1\bin;%ANT_HOME%\bin;%JAVA_HOME%\bin;c:\Program Files\Nmap;C:\cygwin\bin;C:\cygwin\bin" />
    <property name="env.PATH" value="c:\cygwin\usr\local\bin;c:\cygwin\bin;c:\cygwin\usr\bin;c:\Program Files\Java\jdk1.5.0_16\bin;w:\Projects\dev-lib\apache-maven-2.2.1\bin;w:\Projects\dev-lib\apache-ant-1.7.1\bin;c:\Users\David\Downloads\Emacs\emacs-22.3\bin;c:\cygwin\usr\local\bin;c:\cygwin\bin;c:\cygwin\usr\bin;c:\Program Files\Java\jdk1.5.0_16\bin;w:\Projects\dev-lib\apache-maven-2.2.1\bin;w:\Projects\dev-lib\apache-ant-1.7.1\bin;c:\Users\David\Downloads\Emacs\emacs-22.3\bin;C:\cygwin\usr\local\bin;C:\cygwin\bin;C:\cygwin\bin;.;C:\cygwin\bin;c:\Windows\system32;c:\Windows;c:\Windows\System32\Wbem;c:\Program Files\Common Files\Roxio Shared\DLLShared\;c:\Program Files\Common Files\Roxio Shared\10.0\DLLShared\;c:\Program Files\QuickTime\QTSystem\;c:\Program Files\MySQL\MySQL Server 5.1\bin;%ANT_HOME%\bin;%JAVA_HOME%\bin;c:\Program Files\Nmap;C:\cygwin\bin;C:\cygwin\bin" />
    <property name="ant.java.version" value="1.5" />
    <property name="basedir" value="w:\Projects\cagrid\trunk\cagrid\Software\core\caGrid\projects\iso21090-domain-model-tools" />
    <property name="java.class.version" value="49.0" />
    <property name="env.SHLVL" value="2" />
    <property name="ext.lib.dir" value="w:\Projects\cagrid\trunk\cagrid\Software\core\caGrid\projects\iso21090-domain-model-tools/ext/dependencies/jars" />
    <property name="ant.home" value="w:/Projects/dev-lib/apache-ant-1.7.1" />
    <property name="globus.dir" value="w:\Projects\dev-lib\ws-core-4.0.3" />
    <property name="ext.test.lib.dir" value="w:\Projects\cagrid\trunk\cagrid\Software\core\caGrid\projects\iso21090-domain-model-tools\ext\dependencies\test\jars" />
    <property name="env.HOMEDRIVE" value="C:" />
    <property name="env.SYSTEMROOT" value="C:\Windows" />
    <property name="env.COMSPEC" value="C:\Windows\system32\cmd.exe" />
    <property name="sun.boot.library.path" value="c:\Program Files\Java\jdk1.5.0_16\jre\bin" />
    <property name="build.dir" value="w:\Projects\cagrid\trunk\cagrid\Software\core\caGrid\projects\iso21090-domain-model-tools/build/classes" />
    <property name="env.EMACS_LOCATION" value="c:/Users/David/Downloads/Emacs/current" />
    <property name="env.SYSTEMDRIVE" value="C:" />
    <property name="env.PROCESSOR_REVISION" value="1706" />
    <property name="sun.management.compiler" value="HotSpot Client Compiler" />
    <property name="java.awt.graphicsenv" value="sun.awt.Win32GraphicsEnvironment" />
    <property name="user.variant" value="" />
    <property name="env.USER" value="David" />
    <property name="env.GROUP" value="None" />
    <property name="env.VENDOR" value="intel" />
    <property name="jar.dir" value="w:\Projects\cagrid\trunk\cagrid\Software\core\caGrid\projects\iso21090-domain-model-tools/build/jars" />
    <property name="ant.project.name" value="caGrid-iso21090-domain-model-tools" />
    <property name="env.PROGRAMFILES" value="C:\Program Files" />
    <property name="java.vm.specification.version" value="1.0" />
    <property name="env.GLOBUS_LOCATION" value="w:/Projects/dev-lib/ws-core-4.0.3" />
    <property name="env.PROGRAMDATA" value="C:\ProgramData" />
    <property name="awt.toolkit" value="sun.awt.windows.WToolkit" />
    <property name="sun.cpu.isalist" value="pentium_pro+mmx pentium_pro pentium+mmx pentium i486 i386 i86" />
    <property name="java.ext.dirs" value="c:\Program Files\Java\jdk1.5.0_16\jre\lib\ext" />
    <property name="os.version" value="6.0" />
    <property name="env.HOST" value="David-Laptop" />
    <property name="user.home" value="C:\Users\David" />
    <property name="java.vm.vendor" value="Sun Microsystems Inc." />
    <property name="env.JAVA_HOME" value="c:/Program Files/Java/jdk1.5.0_16" />
    <property name="java.source" value="1.5" />
    <property name="user.dir" value="w:\Projects\cagrid\trunk\cagrid\Software\core\caGrid\projects\iso21090-domain-model-tools" />
    <property name="env.M2" value="w:/Projects/dev-lib/apache-maven-2.2.1/bin" />
    <property name="env.PWD" value="/cygdrive/w/Projects/cagrid/trunk/cagrid/Software/core/caGrid/projects/iso21090-domain-model-tools" />
    <property name="env.FP_NO_HOST_CHECK" value="NO" />
    <property name="test.dir" value="w:\Projects\cagrid\trunk\cagrid\Software\core\caGrid\projects\iso21090-domain-model-tools\test" />
    <property name="sun.cpu.endian" value="little" />
    <property name="env.ALLUSERSPROFILE" value="C:\ProgramData" />
    <property name="env.PROCESSOR_ARCHITECTURE" value="x86" />
    <property name="env.MAKE_MODE" value="unix" />
    <property name="java.vm.version" value="1.5.0_16-b02" />
    <property name="java.class.path" value="w:\Projects\cagrid\trunk\cagrid\Software\core\caGrid\projects\iso21090-domain-model-tools\build\test\classes;w:\Projects\cagrid\trunk\cagrid\Software\core\caGrid\projects\iso21090-domain-model-tools\build\classes;w:\Projects\cagrid\trunk\cagrid\Software\core\caGrid\projects\iso21090-domain-model-tools\ext\dependencies\jars\caGrid-CQL-cql.1.0-1.4-dev.jar;w:\Projects\cagrid\trunk\cagrid\Software\core\caGrid\projects\iso21090-domain-model-tools\ext\dependencies\jars\caGrid-CQL-cql.2.0-1.4-dev.jar;w:\Projects\cagrid\trunk\cagrid\Software\core\caGrid\projects\iso21090-domain-model-tools\ext\dependencies\jars\caGrid-CQL-mappings-1.4-dev.jar;w:\Projects\cagrid\trunk\cagrid\Software\core\caGrid\projects\iso21090-domain-model-tools\ext\dependencies\jars\caGrid-ServiceSecurityProvider-client-1.4-dev.jar;w:\Projects\cagrid\trunk\cagrid\Software\core\caGrid\projects\iso21090-domain-model-tools\ext\dependencies\jars\caGrid-ServiceSecurityProvider-common-1.4-dev.jar;w:\Projects\cagrid\trunk\cagrid\Software\core\caGrid\projects\iso21090-domain-model-tools\ext\dependencies\jars\caGrid-ServiceSecurityProvider-service-1.4-dev.jar;w:\Projects\cagrid\trunk\cagrid\Software\core\caGrid\projects\iso21090-domain-model-tools\ext\dependencies\jars\caGrid-ServiceSecurityProvider-stubs-1.4-dev.jar;w:\Projects\cagrid\trunk\cagrid\Software\core\caGrid\projects\iso21090-domain-model-tools\ext\dependencies\jars\caGrid-core-1.4-dev.jar;w:\Projects\cagrid\trunk\cagrid\Software\core\caGrid\projects\iso21090-domain-model-tools\ext\dependencies\jars\caGrid-data-common-1.4-dev.jar;w:\Projects\cagrid\trunk\cagrid\Software\core\caGrid\projects\iso21090-domain-model-tools\ext\dependencies\jars\caGrid-data-stubs-1.4-dev.jar;w:\Projects\cagrid\trunk\cagrid\Software\core\caGrid\projects\iso21090-domain-model-tools\ext\dependencies\jars\caGrid-data-utils-1.4-dev.jar;w:\Projects\cagrid\trunk\cagrid\Software\core\caGrid\projects\iso21090-domain-model-tools\ext\dependencies\jars\caGrid-data-validation-1.4-dev.jar;w:\Projects\cagrid\trunk\cagrid\Software\core\caGrid\projects\iso21090-domain-model-tools\ext\dependencies\jars\caGrid-metadata-common-1.4-dev.jar;w:\Projects\cagrid\trunk\cagrid\Software\core\caGrid\projects\iso21090-domain-model-tools\ext\dependencies\jars\caGrid-metadata-data-1.4-dev.jar;w:\Projects\cagrid\trunk\cagrid\Software\core\caGrid\projects\iso21090-domain-model-tools\ext\dependencies\jars\caGrid-metadata-security-1.4-dev.jar;w:\Projects\cagrid\trunk\cagrid\Software\core\caGrid\projects\iso21090-domain-model-tools\ext\dependencies\jars\caGrid-metadatautils-1.4-dev.jar;w:\Projects\cagrid\trunk\cagrid\Software\core\caGrid\projects\iso21090-domain-model-tools\ext\dependencies\jars\caGrid-mms-stubs-1.4-dev.jar;w:\Projects\cagrid\trunk\cagrid\Software\core\caGrid\projects\iso21090-domain-model-tools\ext\dependencies\jars\castor-1.0.2.jar;w:\Projects\cagrid\trunk\cagrid\Software\core\caGrid\projects\iso21090-domain-model-tools\ext\dependencies\jars\jasciidammit-1.1.jar;w:\Projects\cagrid\trunk\cagrid\Software\core\caGrid\projects\iso21090-domain-model-tools\ext\dependencies\jars\jaxen-core-1.0.jar;w:\Projects\cagrid\trunk\cagrid\Software\core\caGrid\projects\iso21090-domain-model-tools\ext\dependencies\jars\jaxen-jdom-1.0.jar;w:\Projects\cagrid\trunk\cagrid\Software\core\caGrid\projects\iso21090-domain-model-tools\ext\dependencies\jars\jdom-1.0.jar;w:\Projects\cagrid\trunk\cagrid\Software\core\caGrid\projects\iso21090-domain-model-tools\ext\dependencies\jars\jdom-1.1.jar;w:\Projects\cagrid\trunk\cagrid\Software\core\caGrid\projects\iso21090-domain-model-tools\ext\dependencies\jars\log4j-1.2.8.jar;w:\Projects\cagrid\trunk\cagrid\Software\core\caGrid\projects\iso21090-domain-model-tools\ext\dependencies\jars\saxpath-1.0.jar;w:\Projects\cagrid\trunk\cagrid\Software\core\caGrid\projects\iso21090-domain-model-tools\ext\dependencies\jars\xmi.in.out-1.0.jar;w:\Projects\dev-lib\ws-core-4.0.3\lib\addressing-1.0.jar;w:\Projects\dev-lib\ws-core-4.0.3\lib\axis-url.jar;w:\Projects\dev-lib\ws-core-4.0.3\lib\axis.jar;w:\Projects\dev-lib\ws-core-4.0.3\lib\bootstrap.jar;w:\Projects\dev-lib\ws-core-4.0.3\lib\cog-axis.jar;w:\Projects\dev-lib\ws-core-4.0.3\lib\cog-jglobus.jar;w:\Projects\dev-lib\ws-core-4.0.3\lib\cog-tomcat.jar;w:\Projects\dev-lib\ws-core-4.0.3\lib\cog-url.jar;w:\Projects\dev-lib\ws-core-4.0.3\lib\commonj.jar;w:\Projects\dev-lib\ws-core-4.0.3\lib\commons-beanutils.jar;w:\Projects\dev-lib\ws-core-4.0.3\lib\commons-cli-2.0.jar;w:\Projects\dev-lib\ws-core-4.0.3\lib\commons-collections-3.0.jar;w:\Projects\dev-lib\ws-core-4.0.3\lib\commons-digester.jar;w:\Projects\dev-lib\ws-core-4.0.3\lib\commons-discovery.jar;w:\Projects\dev-lib\ws-core-4.0.3\lib\commons-logging.jar;w:\Projects\dev-lib\ws-core-4.0.3\lib\concurrent.jar;w:\Projects\dev-lib\ws-core-4.0.3\lib\cryptix-asn1.jar;w:\Projects\dev-lib\ws-core-4.0.3\lib\cryptix.jar;w:\Projects\dev-lib\ws-core-4.0.3\lib\cryptix32.jar;w:\Projects\dev-lib\ws-core-4.0.3\lib\globus_resolution_service.jar;w:\Projects\dev-lib\ws-core-4.0.3\lib\globus_resolution_stubs_java.jar;w:\Projects\dev-lib\ws-core-4.0.3\lib\globus_resolution_test.jar;w:\Projects\dev-lib\ws-core-4.0.3\lib\globus_transfer_service.jar;w:\Projects\dev-lib\ws-core-4.0.3\lib\globus_transfer_stubs_java.jar;w:\Projects\dev-lib\ws-core-4.0.3\lib\globus_transfer_test.jar;w:\Projects\dev-lib\ws-core-4.0.3\lib\globus_usage_core.jar;w:\Projects\dev-lib\ws-core-4.0.3\lib\globus_usage_packets_common.jar;w:\Projects\dev-lib\ws-core-4.0.3\lib\globus_wsrf_tools_test.jar;w:\Projects\dev-lib\ws-core-4.0.3\lib\jaxrpc.jar;w:\Projects\dev-lib\ws-core-4.0.3\lib\jce-jdk13-125.jar;w:\Projects\dev-lib\ws-core-4.0.3\lib\jgss.jar;w:\Projects\dev-lib\ws-core-4.0.3\lib\log4j-1.2.8.jar;w:\Projects\dev-lib\ws-core-4.0.3\lib\naming-common.jar;w:\Projects\dev-lib\ws-core-4.0.3\lib\naming-factory.jar;w:\Projects\dev-lib\ws-core-4.0.3\lib\naming-java.jar;w:\Projects\dev-lib\ws-core-4.0.3\lib\naming-resources.jar;w:\Projects\dev-lib\ws-core-4.0.3\lib\opensaml.jar;w:\Projects\dev-lib\ws-core-4.0.3\lib\puretls.jar;w:\Projects\dev-lib\ws-core-4.0.3\lib\resolver.jar;w:\Projects\dev-lib\ws-core-4.0.3\lib\saaj.jar;w:\Projects\dev-lib\ws-core-4.0.3\lib\servlet.jar;w:\Projects\dev-lib\ws-core-4.0.3\lib\wsdl4j.jar;w:\Projects\dev-lib\ws-core-4.0.3\lib\wsrf_common.jar;w:\Projects\dev-lib\ws-core-4.0.3\lib\wsrf_core.jar;w:\Projects\dev-lib\ws-core-4.0.3\lib\wsrf_core_registry.jar;w:\Projects\dev-lib\ws-core-4.0.3\lib\wsrf_core_registry_stubs.jar;w:\Projects\dev-lib\ws-core-4.0.3\lib\wsrf_core_samples_authzService.jar;w:\Projects\dev-lib\ws-core-4.0.3\lib\wsrf_core_samples_authzService_stubs.jar;w:\Projects\dev-lib\ws-core-4.0.3\lib\wsrf_core_samples_counter.jar;w:\Projects\dev-lib\ws-core-4.0.3\lib\wsrf_core_samples_counter_stubs.jar;w:\Projects\dev-lib\ws-core-4.0.3\lib\wsrf_core_samples_mgmt.jar;w:\Projects\dev-lib\ws-core-4.0.3\lib\wsrf_core_samples_mgmt_stubs.jar;w:\Projects\dev-lib\ws-core-4.0.3\lib\wsrf_core_stubs.jar;w:\Projects\dev-lib\ws-core-4.0.3\lib\wsrf_provider_jce.jar;w:\Projects\dev-lib\ws-core-4.0.3\lib\wsrf_test.jar;w:\Projects\dev-lib\ws-core-4.0.3\lib\wsrf_test_interop.jar;w:\Projects\dev-lib\ws-core-4.0.3\lib\wsrf_test_interop_stubs.jar;w:\Projects\dev-lib\ws-core-4.0.3\lib\wsrf_test_unit.jar;w:\Projects\dev-lib\ws-core-4.0.3\lib\wsrf_test_unit_stubs.jar;w:\Projects\dev-lib\ws-core-4.0.3\lib\wsrf_tools.jar;w:\Projects\dev-lib\ws-core-4.0.3\lib\wss4j.jar;w:\Projects\dev-lib\ws-core-4.0.3\lib\xalan.jar;w:\Projects\dev-lib\ws-core-4.0.3\lib\xercesImpl.jar;w:\Projects\dev-lib\ws-core-4.0.3\lib\xml-apis.jar;w:\Projects\dev-lib\ws-core-4.0.3\lib\xmlsec.jar;w:\Projects\cagrid\trunk\cagrid\Software\core\caGrid\projects\iso21090-domain-model-tools\ext\dependencies\test\jars\caGrid-core-1.4-dev.jar;w:\Projects\cagrid\trunk\cagrid\Software\core\caGrid\projects\iso21090-domain-model-tools\ext\dependencies\test\jars\caGrid-core-tests-1.4-dev.jar;w:\Projects\cagrid\trunk\cagrid\Software\core\caGrid\projects\iso21090-domain-model-tools\ext\dependencies\test\jars\caGrid-metadata-common-1.4-dev.jar;w:\Projects\cagrid\trunk\cagrid\Software\core\caGrid\projects\iso21090-domain-model-tools\ext\dependencies\test\jars\caGrid-metadata-data-1.4-dev.jar;w:\Projects\cagrid\trunk\cagrid\Software\core\caGrid\projects\iso21090-domain-model-tools\ext\dependencies\test\jars\caGrid-metadata-security-1.4-dev.jar;w:\Projects\cagrid\trunk\cagrid\Software\core\caGrid\projects\iso21090-domain-model-tools\ext\dependencies\test\jars\caGrid-metadatautils-1.4-dev.jar;w:\Projects\cagrid\trunk\cagrid\Software\core\caGrid\projects\iso21090-domain-model-tools\ext\dependencies\test\jars\caGrid-metadatautils-tests-1.4-dev.jar;w:\Projects\cagrid\trunk\cagrid\Software\core\caGrid\projects\iso21090-domain-model-tools\ext\dependencies\test\jars\caGrid-testing-core-1.4-dev.jar;w:\Projects\cagrid\trunk\cagrid\Software\core\caGrid\projects\iso21090-domain-model-tools\ext\dependencies\test\jars\caGrid-testing-system-1.4-dev.jar;w:\Projects\cagrid\trunk\cagrid\Software\core\caGrid\projects\iso21090-domain-model-tools\ext\dependencies\test\jars\jasciidammit-1.1.jar;w:\Projects\cagrid\trunk\cagrid\Software\core\caGrid\projects\iso21090-domain-model-tools\ext\dependencies\test\jars\jdepend-2.7.jar;w:\Projects\cagrid\trunk\cagrid\Software\core\caGrid\projects\iso21090-domain-model-tools\ext\dependencies\test\jars\jdom-1.0.jar;w:\Projects\cagrid\trunk\cagrid\Software\core\caGrid\projects\iso21090-domain-model-tools\ext\dependencies\test\jars\junit-4.4.jar;w:\Projects\cagrid\trunk\cagrid\Software\core\caGrid\projects\iso21090-domain-model-tools;c:\Program Files\Java\jre1.6.0_05\lib\ext\QTJava.zip;W:\Projects\dev-lib\apache-ant-1.7.1\lib\ant-launcher.jar;w:\Projects\dev-lib\apache-ant-1.7.1\lib\ant.jar;w:\Projects\dev-lib\apache-ant-1.7.1\lib\ant-junit.jar" />
    <property name="env.HOMEPATH" value="\Users\David" />
    <property name="DSTAMP" value="20100617" />
    <property name="ant.library.dir" value="w:/Projects/dev-lib/apache-ant-1.7.1/lib" />
    <property name="os.arch" value="x86" />
    <property name="env.TERMCAP" value="xterm-r6|xterm|xterm X11R6 version:am:km:mi:ms:xn:co#205:it#8:li#24:AL=\E[%dL:DC=\E[%dP:DL=\E[%dM:DO=\E[%dB:LE=\E[%dD:RI=\E[%dC:UP=\E[%dA:ae=^O:al=\E[L:as=^N:bl=^G:cd=\E[J:ce=\E[K:cl=\E[H\E[2J:cm=\E[%i%d;%dH:cr=^M:cs=\E[%i%d;%dr:ct=\E[3g:dc=\E[P:dl=\E[M:do=^J:ei=\E[4l:ho=\E[H:im=\E[4h:is=\E7\E[r\E[m\E[?7h\E[?1;3;4;6l\E[4l\E8\E&gt;:k1=\EOP:k2=\EOQ:k3=\EOR:k4=\EOS:k5=\E[15~:k6=\E[17~:k7=\E[18~:k8=\E[19~:k9=\E[20~:kD=\E[3~:kI=\E[2~:kN=\E[6~:kP=\E[5~:kd=\EOB:ke=\E[?1l\E&gt;:kh=\E[1~:kl=\EOD:kr=\EOC:ks=\E[?1h\E=:ku=\EOA:le=^H:md=\E[1m:me=\E[m:mr=\E[7m:nd=\E[C:rc=\E8:sc=\E7:se=\E[m:sf=^J:so=\E[7m:sr=\EM:ta=^I:te=\E[2J\E[?47l\E8:ti=\E7\E[?47h:ue=\E[m:up=\E[A:us=\E[4m:kb=\010:" />
    <property name="env.SESSIONNAME" value="Console" />
    <property name="sun.java.launcher" value="SUN_STANDARD" />
    <property name="classes.dir" value="w:\Projects\cagrid\trunk\cagrid\Software\core\caGrid\projects\iso21090-domain-model-tools/build/classes" />
    <property name="ant.core.lib" value="w:\Projects\dev-lib\apache-ant-1.7.1\lib\ant.jar" />
    <property name="java.vm.specification.vendor" value="Sun Microsystems Inc." />
    <property name="TSTAMP" value="0929" />
    <property name="file.separator" value="\" />
    <property name="java.runtime.version" value="1.5.0_16-b02" />
    <property name="project.jarfile" value="w:\Projects\cagrid\trunk\cagrid\Software\core\caGrid\projects\iso21090-domain-model-tools/build/jars/caGrid-iso21090-domain-model-tools-1.4.jar" />
    <property name="sun.boot.class.path" value="c:\Program Files\Java\jdk1.5.0_16\jre\lib\rt.jar;c:\Program Files\Java\jdk1.5.0_16\jre\lib\i18n.jar;c:\Program Files\Java\jdk1.5.0_16\jre\lib\sunrsasign.jar;c:\Program Files\Java\jdk1.5.0_16\jre\lib\jsse.jar;c:\Program Files\Java\jdk1.5.0_16\jre\lib\jce.jar;c:\Program Files\Java\jdk1.5.0_16\jre\lib\charsets.jar;c:\Program Files\Java\jdk1.5.0_16\jre\classes" />
    <property name="env.RUN" value="\cygwin\bin\run -p /usr/bin" />
    <property name="ant.file.caGrid-iso21090-domain-model-tools" value="w:\Projects\cagrid\trunk\cagrid\Software\core\caGrid\projects\iso21090-domain-model-tools\build.xml" />
    <property name="user.country" value="US" />
    <property name="env.ANT_HOME" value="w:/Projects/dev-lib/apache-ant-1.7.1" />
    <property name="env.SHELL" value="/cygdrive/c/cygwin/bin/tcsh" />
    <property name="env.REMOTEHOST" value="127.0.0.1" />
    <property name="java.vendor" value="Sun Microsystems Inc." />
    <property name="env.CATALINA_HOME" value="w:/Projects/dev-lib/apache-tomcat-5.5.27" />
    <property name="java.specification.version" value="1.5" />
    <property name="sun.arch.data.model" value="32" />
  </properties>
  <testcase classname="org.cagrid.iso21090.model.test.ISODomainModelValidationTestCase" name="testValidateAllPaymentsQuery" time="3.726" />
  <testcase classname="org.cagrid.iso21090.model.test.ISODomainModelValidationTestCase" name="testValidateAllSuperclassQuery" time="0.0020" />
  <testcase classname="org.cagrid.iso21090.model.test.ISODomainModelValidationTestCase" name="testAssociationNotNullQuery" time="0.431" />
  <testcase classname="org.cagrid.iso21090.model.test.ISODomainModelValidationTestCase" name="testAssociationWithAttributeEqualQuery" time="0.943" />
  <testcase classname="org.cagrid.iso21090.model.test.ISODomainModelValidationTestCase" name="testAssociationWithGroupQuery" time="1.206" />
  <testcase classname="org.cagrid.iso21090.model.test.ISODomainModelValidationTestCase" name="testCountAssociationNotNullQuery" time="0.442" />
  <testcase classname="org.cagrid.iso21090.model.test.ISODomainModelValidationTestCase" name="testDistinctAttributeFromCashQuery" time="0.0020" />
  <testcase classname="org.cagrid.iso21090.model.test.ISODomainModelValidationTestCase" name="testGroupOfAssociationsUsingAndQuery" time="0.785" />
  <testcase classname="org.cagrid.iso21090.model.test.ISODomainModelValidationTestCase" name="testGroupOfAssociationsUsingOrQuery" time="0.782" />
  <testcase classname="org.cagrid.iso21090.model.test.ISODomainModelValidationTestCase" name="testGroupOfAttributesUsingAndQuery" time="2.341" />
  <testcase classname="org.cagrid.iso21090.model.test.ISODomainModelValidationTestCase" name="testGroupOfAttributesUsingOrQuery" time="2.346" />
  <testcase classname="org.cagrid.iso21090.model.test.ISODomainModelValidationTestCase" name="testNestedAssociationsQuery" time="1.279" />
  <testcase classname="org.cagrid.iso21090.model.test.ISODomainModelValidationTestCase" name="testNestedAssociationsNoRoleNamesQuery" time="1.306" />
  <testcase classname="org.cagrid.iso21090.model.test.ISODomainModelValidationTestCase" name="testSingleAttributeFromCashQuery" time="0.0020" />
  <testcase classname="org.cagrid.iso21090.model.test.ISODomainModelValidationTestCase" name="testUngergraduateStudentWithNameQuery" time="1.355" />
  <testcase classname="org.cagrid.iso21090.model.test.ISODomainModelValidationTestCase" name="testDsetCdCodeAttributeEqualQuery" time="2.801" />
  <testcase classname="org.cagrid.iso21090.model.test.ISODomainModelValidationTestCase" name="testDsetAdPartValueAttributeEqualQuery" time="3.876" />
  <testcase classname="org.cagrid.iso21090.model.test.ISODomainModelValidationTestCase" name="testDsetCdNullFlavorQuery" time="0.527" />
  <testcase classname="org.cagrid.iso21090.model.test.ISODomainModelValidationTestCase" name="testIvlIntAttributeQuery" time="2.839" />
  <testcase classname="org.cagrid.iso21090.model.test.ISODomainModelValidationTestCase" name="testDsetTelAttributeValueQuery" time="2.881" />
  <testcase classname="org.cagrid.iso21090.model.test.ISODomainModelValidationTestCase" name="testBlNonNullQuery" time="0.542" />
  <testcase classname="org.cagrid.iso21090.model.test.ISODomainModelValidationTestCase" name="testCdDatatypeCodeSystemAttributeQuery" time="2.822" />
  <testcase classname="org.cagrid.iso21090.model.test.ISODomainModelValidationTestCase" name="testScDataTypeCdCodeSystemAttributeEqualQuery" time="2.778" />
  <testcase classname="org.cagrid.iso21090.model.test.ISODomainModelValidationTestCase" name="testIiRootValueQuery" time="0.482" />
  <testcase classname="org.cagrid.iso21090.model.test.ISODomainModelValidationTestCase" name="testIvlTsWidthNullFlavorQuery" time="2.846" />
  <testcase classname="org.cagrid.iso21090.model.test.ISODomainModelValidationTestCase" name="testPqUnitQuery" time="0.58" />
  <testcase classname="org.cagrid.iso21090.model.test.ISODomainModelValidationTestCase" name="testRealValueQuery" time="0.525" />
  <testcase classname="org.cagrid.iso21090.model.test.ISODomainModelValidationTestCase" name="testIvlPqWidthQuery" time="2.793" />
  <testcase classname="org.cagrid.iso21090.model.test.ISODomainModelValidationTestCase" name="testCdEdTextQuery" time="3.861" />
  <testcase classname="org.cagrid.iso21090.model.test.ISODomainModelValidationTestCase" name="testCdEdTextValueQuery" time="3.998" />
  <testcase classname="org.cagrid.iso21090.model.test.ISODomainModelValidationTestCase" name="testIvlIntLowClosedQuery" time="0.518" />
  <system-out><![CDATA[]]></system-out>
  <system-err><![CDATA[]]></system-err>
</testsuite>
